Avalanche Shield.MOD	OUTPUTNAME:山崩之盾 （Avalanche Shield）		
Belligerent Shield.MOD	OUTPUTNAME:鏖戰重盾 （Belligerent Shield）		
Breastplate of Vanishing.MOD	OUTPUTNAME:遁身胸甲 （Breastplate of Vanishing）		
Burglar's Buckler.MOD	OUTPUTNAME:夜賊圓盾 （Burglar's Buckler）		
Caster's Shield (Greater).MOD	OUTPUTNAME:高等術者之盾 （Caster's Shield (Greater)）		
Catskin Leather.MOD	OUTPUTNAME:貓皮衣 （Catskin Leather）		
Collapsible Tower.MOD	OUTPUTNAME:延展之盾 （Collapsible Tower）		
Dragonslayer's Shield.MOD	OUTPUTNAME:斬龍者之盾 （Dragonslayer's Shield）		
Enchanted Eelskin.MOD	OUTPUTNAME:附魔鰻皮 （Enchanted Eelskin）		
Equestrian Plate.MOD	OUTPUTNAME:重騎護甲 （Equestrian Plate）		
Force Tower.MOD	OUTPUTNAME:力能之塔 （Force Tower）		
Hamatula Hide.MOD	OUTPUTNAME:哈瑪魔之皮 （Hamatula Hide）		
Invincible Armor.MOD	OUTPUTNAME:不敗戰甲 （Invincible Armor）		
Living Steel Heavy Shield.MOD	OUTPUTNAME:活鋼重盾 （Living Steel Heavy Shield）		
Maelstrom Shield.MOD	OUTPUTNAME:大漩渦之盾 （Maelstrom Shield）		
Mail of Malevolence.MOD	OUTPUTNAME:怨毒鏈甲 （Mail of Malevolence）		
Morlock Hide.MOD	OUTPUTNAME:穴人皮 （Morlock Hide）		
Otyugh Hide.MOD	OUTPUTNAME:食腐獸皮甲 （Otyugh Hide）		
Prismatic Plate.MOD	OUTPUTNAME:虹彩板甲 （Prismatic Plate）		
Quick Block Buckler.MOD	OUTPUTNAME:疾防圓盾 （Quick Block Buckler）		
Scarab Breastplate.MOD	OUTPUTNAME:聖甲蟲護胸 （Scarab Breastplate）		
Spell Ward Tower Shield.MOD	OUTPUTNAME:御魔巨盾 （Spell Ward Tower Shield）		
Tempest Shield.MOD	OUTPUTNAME:暴風之盾 （Tempest Shield）		
Volcanic Shield.MOD	OUTPUTNAME:火山之盾 （Volcanic Shield）		
Warden of the Woods.MOD	OUTPUTNAME:林木戒衛 （Warden of the Woods）		
Wyrmslayer's Shield.MOD	OUTPUTNAME:屠龍者之盾 （Wyrmslayer's Shield）		
Zombie Skin Shield.MOD	OUTPUTNAME:屍皮盾 （Zombie Skin Shield）		
