Apprentice's Cheating Gloves.MOD	OUTPUTNAME:學徒欺詐手套（Apprentice's Cheating Gloves）	
Assisting Gloves.MOD	OUTPUTNAME:援助手套（Assisting Gloves）	
Challenger's Gloves.MOD	OUTPUTNAME:挑戰手套（Challenger's Gloves）	
Claws of the Ice Bear.MOD	OUTPUTNAME:北極熊之爪（Claws of the Ice Bear）	
Deliquescent Gloves.MOD	OUTPUTNAME:溶解手套（Deliquescent Gloves）	
Engineer's Workgloves.MOD	OUTPUTNAME:工程師的工作手套（Engineer's Workgloves）	
Form-Fixing Gauntlets.MOD	OUTPUTNAME:定型護手（Form-Fixing Gauntlets）	
Gauntlet of Rust (Greater).MOD	OUTPUTNAME:高等銹蝕手套（Gauntlet of Rust, Greater）	
Gauntlets of the Skilled Maneuver.MOD	OUTPUTNAME:戰技護手（Gauntlets of the Skilled Maneuver）	
Gauntlets of the Weaponmaster.MOD	OUTPUTNAME:武器大師護手（Gauntlets of the Weaponmaster）	
Ghostvision Gloves.MOD	OUTPUTNAME:鬼視手套（Ghostvision Gloves）	
Giant Fist Gauntlets.MOD	OUTPUTNAME:巨拳護手（Giant Fist Gauntlets）	
Gloves of Arcane Striking.MOD	OUTPUTNAME:奧術打擊手套（Gloves of Arcane Striking）	
Gloves of Larceny.MOD	OUTPUTNAME:竊賊手套（Gloves of Larceny）	
Gloves of Reconnaissance.MOD	OUTPUTNAME:勘探手套（Gloves of Reconnaissance）	
Gloves of Shaping.MOD	OUTPUTNAME:塑物手套（Gloves of Shaping）	
Gloves of the Commanding Conjurer.MOD	OUTPUTNAME:召喚師指揮手套（Gloves of the Commanding Conjurer）	
Gloves of the Shortened Path.MOD	OUTPUTNAME:縮距手套（Gloves of the Shortened Path）	
Glyphbane Gloves.MOD	OUTPUTNAME:解除奧印手套（Glyphbane Gloves）	
Healer's Gloves.MOD	OUTPUTNAME:醫療手套（Healer's Gloves）	
Iron Cobra Gauntlet.MOD	OUTPUTNAME:鐵蛇護臂（Iron Cobra Gauntlet）	
Magnetist's Gloves.MOD	OUTPUTNAME:磁力手套（Magnetist's Gloves）	
Pliant Gloves.MOD	OUTPUTNAME:柔性手套（Pliant Gloves）	
Poisoner's Gloves.MOD	OUTPUTNAME:藏毒手套（Poisoner's Gloves）	
Shadow Falconer's Glove.MOD	OUTPUTNAME:影鷹手套（Shadow Falconer's Glove）	
Spellstrike Gloves.MOD	OUTPUTNAME:法術打擊手套（Spellstrike Gloves）	
Talons of Leng.MOD	OUTPUTNAME:寒魔爪（Talons of Leng）	
Trapspringer's Gloves.MOD	OUTPUTNAME:陷阱剋星手套（Trapspringer's Gloves）	
Vampiric Gloves.MOD	OUTPUTNAME:吸血鬼手套（Vampiric Gloves）	
