Annihilation Spectacles.MOD	OUTPUTNAME:湮滅眼鏡（Annihilation Spectacles）	
Arachnid Goggles.MOD	OUTPUTNAME:蜘蛛護目鏡（Arachnid Goggles）	
Blind Man's Fold.MOD	OUTPUTNAME:盲人遮眼布（Blind Man's Fold）	
Darklands Goggles.MOD	OUTPUTNAME:暗土護目鏡（Darklands Goggles）	
Deathwatch Eyes.MOD	OUTPUTNAME:觀命之眼（Deathwatch Eyes）	
Eyes of Doom.MOD	OUTPUTNAME:毀滅之眼（Eyes of Doom）	
Eyes of Eyebite.MOD	OUTPUTNAME:攝心之眼（Eyes of Eyebite）	
Eyes of Keen Sight.MOD	OUTPUTNAME:銳視之眼（Eyes of Keen Sight）	
Eyes of the Dragon.MOD	OUTPUTNAME:龍之眼（Eyes of the Dragon）	
Eyes of the Owl.MOD	OUTPUTNAME:貓頭鷹之眼（Eyes of the Owl）	
Goggles of Brilliant Light.MOD	OUTPUTNAME:亮光護目鏡（Goggles of Brilliant Light）	
Goggles of Elvenkind.MOD	OUTPUTNAME:精靈護目鏡（Goggles of Elvenkind）	
Inquisitor's Monocle.MOD	OUTPUTNAME:審判者的單片鏡（Inquisitor's Monocle）	
Kinsight Goggles.MOD	OUTPUTNAME:共感護目鏡（Kinsight Goggles）	
Lenses of Detection.MOD	OUTPUTNAME:偵測眼鏡（Lenses of Detection）	
Lenses of Figment Piercing.MOD	OUTPUTNAME:破幻眼鏡（Lenses of Figment Piercing）	
Mindmaster's Eyes.MOD	OUTPUTNAME:控心之眼（Mindmaster's Eyes）	
Monocle of the Investigator.MOD	OUTPUTNAME:調查員的單片鏡（Monocle of the Investigator）	
Pirate's Eye Patch.MOD	OUTPUTNAME:海盜的眼罩（Pirate's Eye Patch）	
Rainbow Lenses.MOD	OUTPUTNAME:彩虹眼鏡（Rainbow Lenses）	
Sea Tyrant's Patch.MOD	OUTPUTNAME:海皇眼罩（Sea Tyrant's Patch）	
Sniper Goggles (Greater).MOD	OUTPUTNAME:高等狙擊護目鏡（Sniper Goggles, Greater）	
Spectacles of Understanding.MOD	OUTPUTNAME:理解眼鏡（Spectacles of Understanding）	
Swordmaster's Blindfold.MOD	OUTPUTNAME:劍聖目遮（Swordmaster's Blindfold）	
Treasure Hunter's Goggles.MOD	OUTPUTNAME:寶藏獵人護目鏡（Treasure Hunter's Goggles）	
Truesight Goggles.MOD	OUTPUTNAME:真視護目鏡（Truesight Goggles）	
