Cape of Effulgent Escape.MOD	OUTPUTNAME:閃耀撤退披肩（Cape of Effulgent Escape ）	
Charlatan's Cape.MOD	OUTPUTNAME:詐騙披肩（Charlatan's Cape）	
Cloak of Fangs.MOD	OUTPUTNAME:尖牙披風（Cloak of Fangs）	
Cloak of Fiery Vanishing.MOD	OUTPUTNAME:火遁披風（Cloak of Fiery Vanishing）	
Cloak of Human Guise.MOD	OUTPUTNAME:人類偽裝披風（Cloak of Human Guise）	
Cloak of the Diplomat.MOD	OUTPUTNAME:外交官披風（Cloak of the Diplomat）	
Cloak of the Duskwalker.MOD	OUTPUTNAME:黃昏行者披風（Cloak of the Duskwalker）	
Cloak of the Hedge Wizard (Abjuration).MOD	OUTPUTNAME:小巫師披風（防護系）（Cloak of the Hedge Wizard (Abjuration)）	
Cloak of the Hedge Wizard (Conjuration).MOD	OUTPUTNAME:小巫師披風（咒法系）（Cloak of the Hedge Wizard (Conjuration)）	
Cloak of the Hedge Wizard (Divination).MOD	OUTPUTNAME:小巫師披風（預言系）（Cloak of the Hedge Wizard (Divination)）	
Cloak of the Hedge Wizard (Enchantment).MOD	OUTPUTNAME:小巫師披風（附魔系）（Cloak of the Hedge Wizard (Enchantment)）	
Cloak of the Hedge Wizard (Evocation).MOD	OUTPUTNAME:小巫師披風（塑能系）（Cloak of the Hedge Wizard (Evocation)）	
Cloak of the Hedge Wizard (Illusion).MOD	OUTPUTNAME:小巫師披風（幻術系）（Cloak of the Hedge Wizard (Illusion)）	
Cloak of the Hedge Wizard (Necromancy).MOD	OUTPUTNAME:小巫師披風（死靈系）（Cloak of the Hedge Wizard (Necromancy)）	
Cloak of the Hedge Wizard (Transmutation).MOD	OUTPUTNAME:小巫師披風（變化系）（Cloak of the Hedge Wizard (Transmutation)）	
Cloak of the Scuttling Rat.MOD	OUTPUTNAME:狂鼠披風（Cloak of the Scuttling Rat）	
Cocoon Cloak.MOD	OUTPUTNAME:繭狀披風（Cocoon Cloak）	
Comfort's Cloak.MOD	OUTPUTNAME:舒適披風（Comfort's Cloak）	
Demonspike Pauldrons.MOD	OUTPUTNAME:魔刺肩鎧（Demonspike Pauldrons）	
Eagle Cape.MOD	OUTPUTNAME:雄鷹披肩（Eagle Cape）	
Gunfighter's Poncho.MOD	OUTPUTNAME:槍客的斗篷（Gunfighter's Poncho）	
Highwayman's Cape.MOD	OUTPUTNAME:劫匪披肩（Highwayman's Cape）	
Hunter's Cloak.MOD	OUTPUTNAME:獵人披風（Hunter's Cloak）	
Jellyfish Cape.MOD	OUTPUTNAME:水母披肩（Jellyfish Cape）	
Juggernaut's Pauldrons.MOD	OUTPUTNAME:主宰肩鎧（Juggernaut's Pauldrons）	
Lion Cloak.MOD	OUTPUTNAME:獅子披風（Lion Cloak）	
Mantle of Spores.MOD	OUTPUTNAME:孢子斗篷（Mantle of Spores）	
Pauldrons of the Bull.MOD	OUTPUTNAME:猛牛肩鎧（Pauldrons of the Bull）	
Pauldrons of the Serpent.MOD	OUTPUTNAME:毒蛇肩鎧（Pauldrons of the Serpent）	
Pauldrons of the Watchful Lion.MOD	OUTPUTNAME:獅子怒目肩鎧（Pauldrons of the Watchful Lion）	
Prestidigitator's Cloak.MOD	OUTPUTNAME:戲法披風（Prestidigitator's Cloak）	
Quickchange Cloak.MOD	OUTPUTNAME:快速變化披風（Quickchange Cloak）	
Seafoam Shawl.MOD	OUTPUTNAME:海沫圍巾（Seafoam Shawl）	
Shawl of Life-Keeping.MOD	OUTPUTNAME:存命圍巾（Shawl of Life-Keeping）	
Shawl of the Crone.MOD	OUTPUTNAME:乾癟太婆圍巾（Shawl of the Crone）	
Shield Cloak.MOD	OUTPUTNAME:護盾披風（Shield Cloak）	
Slashing Cloak.MOD	OUTPUTNAME:利刃披風（Slashing Cloak）	
Stole of Justice.MOD	OUTPUTNAME:正義披肩（Stole of Justice）	
Stone Cloak (Major).MOD	OUTPUTNAME:高等岩石披風（Stone Cloak, Major）	
Stone Cloak (Minor).MOD	OUTPUTNAME:次級岩石披風（Stone Cloak, Minor）	
Stonemist Cloak.MOD	OUTPUTNAME:石煙披風（Stonemist Cloak）	
Tentacle Cloak.MOD	OUTPUTNAME:觸手披風（Tentacle Cloak）	
Treeform Cloak.MOD	OUTPUTNAME:化樹披風（Treeform Cloak）	
Wings of the Gargoyle.MOD	OUTPUTNAME:石像鬼之翼（Wings of the Gargoyle）	
Wyvern Cloak.MOD	OUTPUTNAME:飛龍之翼（Wyvern Cloak）	
