CATEGORY=Archetype|Bard Archetype ~ Flame Dancer.MOD	OUTPUTNAME:蹈火者（Flame Dancer）
CATEGORY=Archetype|Bard Archetype ~ Voice of the Wild.MOD	OUTPUTNAME:野性之聲（Voice of the Wild）
CATEGORY=Archetype|Cleric Archetype ~ Ecclesitheurge.MOD	OUTPUTNAME:虔信聖使（Ecclesitheurge）
CATEGORY=Archetype|Fighter Archetype ~ Martial Master.MOD	OUTPUTNAME:武技宗師（Martial Master）
CATEGORY=Archetype|Fighter Archetype ~ Mutation Warrior.MOD	OUTPUTNAME:突變鬥士（Mutation Warrior）
CATEGORY=Archetype|Monk Archetype ~ Kata Master.MOD	OUTPUTNAME:鬥技僧（Kata Master）
CATEGORY=Archetype|Monk Archetype ~ Wildcat.MOD	OUTPUTNAME:野球拳師 （Wildcat）
CATEGORY=Archetype|Paladin Archetype ~ Holy Guide.MOD	OUTPUTNAME:神聖嚮導（Holy Guide）
CATEGORY=Archetype|Paladin Archetype ~ Temple Champion.MOD	OUTPUTNAME:神殿勇者（Temple Champion）
CATEGORY=Archetype|Ranger Archetype ~ Divine Tracker.MOD	OUTPUTNAME:神聖追獵者（Divine Tracker）
CATEGORY=Archetype|Ranger Archetype ~ Hooded Champion.MOD	OUTPUTNAME:橫行俠（Hooded Champion）
CATEGORY=Archetype|Ranger Archetype ~ Wild Hunter.MOD	OUTPUTNAME:曠野獵手（Wild Hunter）
CATEGORY=Archetype|Rogue Archetype ~ Counterfeit Mage.MOD	OUTPUTNAME:偽魔術師（Counterfeit Mage）
CATEGORY=Archetype|Rogue Archetype ~ Underground Chemist.MOD	OUTPUTNAME:黑市化學家（Underground Chemist）
CATEGORY=Archetype|Sorcerer Archetype ~ Eldritch Scrapper.MOD	OUTPUTNAME:魔能武師（Eldritch Scrapper）
CATEGORY=Archetype|Sorcerer Archetype ~ Mongrel Mage.MOD	OUTPUTNAME:混種術師（Mongrel Mage）
CATEGORY=Archetype|Wizard Archetype ~ Exploiter Wizard.MOD	OUTPUTNAME:研究法師（Exploiter Wizard）
CATEGORY=Archetype|Wizard Archetype ~ Spell Sage.MOD	OUTPUTNAME:魔咒使（Spell Sage）
CATEGORY=Archetype|Wizard Archetype ~ Spirit Whisperer.MOD	OUTPUTNAME:靈語者（Spirit Whisperer）
CATEGORY=Archetype|Alchemist Archetype ~ Inspired Chemist.MOD	OUTPUTNAME:啟蒙化學家（Inspired Chemist）
CATEGORY=Archetype|Cavalier Archetype ~ Daring Champion.MOD	OUTPUTNAME:無畏勇者（Daring Champion）
CATEGORY=Archetype|Gunslinger Archetype ~ Bolt Ace.MOD	OUTPUTNAME:王牌弩手（Bolt Ace）
CATEGORY=Archetype|Inquisitor Archetype ~ Sacred Huntsmaster.MOD	OUTPUTNAME:神衛獵師（Sacred Huntsmaster）
CATEGORY=Archetype|Inquisitor Archetype ~ Sanctified Slayer.MOD	OUTPUTNAME:聖堂代行者（Sanctified Slayer）
CATEGORY=Archetype|Magus Archetype ~ Eldritch Scion.MOD	OUTPUTNAME:奧法後繼者（Eldritch Scion）
CATEGORY=Archetype|Oracle Archetype ~ Psychic Searcher.MOD	OUTPUTNAME:靈智偵探（Psychic Searcher）
CATEGORY=Archetype|Oracle Archetype ~ Spirit Guide.MOD	OUTPUTNAME:靈魂嚮導（Spirit Guide）
CATEGORY=Archetype|Oracle Archetype ~ Warsighted.MOD	OUTPUTNAME:千軍武神（Warsighted）
CATEGORY=Archetype|Witch Archetype ~ Hex Channeler.MOD	OUTPUTNAME:巫術引導者（Hex Channeler）
CATEGORY=Archetype|Witch Archetype ~ Mountain Witch.MOD	OUTPUTNAME:山脈女巫（Mountain Witch）
