# Bard
CATEGORY=Special Ability|Flame Dancer ~ Fire Dance.MOD	OUTPUTNAME:火舞（Fire Dance）	DESC:.CLEAR	DESC:在1級時，蹈火者學會了如何保護自己和其他人不受火焰炙烤的技藝，以及更精巧的，如何引導火焰離開自己而不是燎焦不該燒的東西。在他保持火舞表演的每一輪，蹈火者都需要進行一次表演（舞蹈或歌唱）技能檢定，所有距離蹈火者30尺內的盟友在避免被點燃（Catch on Fire），受到火焰效果影響，以及高溫效果影響的豁免檢定都可以使用蹈火者的表演技能檢定結果來作為豁免結果。除此之外，只要蹈火者保持表演，所有距離蹈火者30尺內的盟友將不會因為高溫而中暑（Heatstroke）並因此而處於疲乏狀態。火舞依賴視覺或聲音成分。本能力取代破咒曲。	
CATEGORY=Special Ability|Flame Dancer ~ Song of the Fiery Gaze.MOD	OUTPUTNAME:觀火吟（Song of the Fiery Gaze）	DESC:.CLEAR	DESC:在3級時，蹈火者可以讓盟友毫無阻礙地看穿火焰。所有距離蹈火者30尺內且可以聽到他表演的盟友將可以看穿火焰，煙霧（Fog），和煙塵（Smoke）而不受任何影響，如同火焰秘示域先知的烈焰視覺（Gaze of Flame）啟示的基本效果。觀火吟依賴聲音成分。本能力取代提振技能。	
CATEGORY=Special Ability|Flame Dancer ~ Fire Break.MOD	OUTPUTNAME:離火（Fire Break）	DESC:.CLEAR	DESC:在6級時，蹈火者可以命令火焰服從他的要求而減弱傷害。所有距離蹈火者30尺內且可以聽到和看到他表演的盟友將在蹈火者持續表演的時間內獲得火焰抗力20。在11級時，他提供的火焰抗力增加到30。離火依賴視覺或聲音成分。本能力取代暗示。	
CATEGORY=Special Ability|Flame Dancer ~ Fan the Flames.MOD	OUTPUTNAME:生紅蓮（Fan the Flames）	DESC:.CLEAR	DESC:在8級時，蹈火者可以將法術燃燒之手，熾焰法球和火球術加入他的吟遊詩人法術列表（分別為1，2，3環法術），本能力取代末日喪歌。	
CATEGORY=Special Ability|Voice of the Wild ~ Wild Knowledge.MOD	OUTPUTNAME:荒野知識（Wild Knowledge）	DESC:.CLEAR	DESC:在1級時，野性之聲曠野將他吟遊詩人等級數的一半加到知識（自然）技能檢定上，並且他可以在未受訓的情況下使用知識（自然）和知識（地理）檢定。本能力取代軼聞知識。	
CATEGORY=Special Ability|Voice of the Wild ~ Nature Magic.MOD	OUTPUTNAME:自然魔法（Nature Magic）	DESC:.CLEAR	DESC:在1級時，野性之聲可以將一個德魯伊或遊俠列表中的1環法術替換掉一個他吟遊詩人列表中的1環吟遊詩人法術。在4,7,10,13和16級時，他還可以將其他德魯伊或遊俠法術（環數與他可以使用的吟遊詩人法術環數相同）替換掉自己吟遊詩人法術列表中的法術。每次他可以替換德魯伊和遊俠法術時，他也可以將一個舊的德魯伊或遊俠法術替換成另一個。本能力取代破咒曲，多才多藝和萬事通。	
CATEGORY=Special Ability|Voice of the Wild ~ Song of the Wild.MOD	OUTPUTNAME:狂野之歌（Song of the Wild）	DESC:.CLEAR	DESC:在3級時，野性之聲的吟遊詩人表演可以施放一個盟友的野性，如同獵人的動物之力職業能力。這個盟友必須能聽到或看到野性之聲的表演，他的吟遊詩人等級在決定動物之力效果時視為獵人等級。在10級時，狂野之歌可以影響兩個盟友；在17級時，可以影響三個盟友。狂野之歌依賴視覺或聲音成分。本能力取代提振技能，末日喪歌和激發豪情。	
# Cleric
CATEGORY=Special Ability|Ecclesitheurge ~ Weapon and Armor Proficiency.MOD	OUTPUTNAME:武器與防具擅長（Weapon and Armor Proficiency）	DESC:.CLEAR	DESC:虔信聖使擅長木棒（club）、匕首（dagger）、重弩（heavy crossbow）、輕弩（light crossbow）以及木棍（quarterstaff），但是他不擅長任何種類的護甲或盾牌。這取代了牧師的武器與防具擅長。	
CATEGORY=Special Ability|Ecclesitheurge ~ Ecclesitheurge's Vow.MOD	OUTPUTNAME:聖使之誓（Ecclesitheurge's Vow）	DESC:.CLEAR	DESC:1級起，虔信聖使向著他所信仰的神祇許下誓言，僅憑自身的信仰進行自我保護，而不是依靠護甲或盾牌。若虔信聖使穿戴護甲或者使用盾牌，則會變得無法使用虔信之祝福（見後文）、牧師領域力量（domain powers）或者施放牧師法術。	
CATEGORY=Special Ability|Ecclesitheurge ~ Blessing of the Faithful.MOD	OUTPUTNAME:虔信之祝福（Blessing of the Faithful）	DESC:.CLEAR	DESC:以一個標準動作，虔信聖使能夠祝福近距範圍（25尺 + 5尺/2級）內的一個盟友。直至虔信聖使的下個回合之前，被祝福的盟友會在攻擊檢定、技能檢定、屬性檢定，或豁免檢定或AC上獲得+2神聖或褻瀆加值（加值類型取決於虔信聖使選擇引導正能量或者負能量）。虔信聖使能夠在使用該能力時花費1次引導能量的使用次數，來讓該能力的持續時間增加，提升到等同於引導能量骰數的輪數。	
CATEGORY=Special Ability|Ecclesitheurge ~ Domain Mastery.MOD	OUTPUTNAME:掌控領域（Domain Mastery）	DESC:.CLEAR	DESC:1級起，當虔信聖使選擇他的牧師領域時，他能夠指定一個作為他的主領域（primary domain），其他的則作為副領域（secondary domain）。虔信聖使能夠使用他的非領域法術位準備主領域法術列表中的法術。每日在準備法術時，虔信聖使能夠選擇從自身神祇具有的不同領域中進行選擇，來獲得該領域的法術列表，以取代他的副領域法術列表。他並不會失去已經具有的副領域神授力量，也不會獲得來自其他領域的神授力量。例如：莎倫萊（Sarenrae）的虔信聖使具有榮耀領域（Glory Domain）作為他的主領域，並且將善良領域（Good Domain）作為副領域，並且選擇獲得醫療領域（Healing Domain）的領域法術；直至他下一次準備法術為止，他都可以使用醫療領域的法術列表作為副領域的法術列表，用以取代善良領域法術列表。但是他會保留善良領域的神授力量，而且也不會獲得醫療領域的神授力量。該能力改變了普通的領域（domain）能力。	
CATEGORY=Special Ability|Ecclesitheurge ~ Bonded Holy Symbol.MOD	OUTPUTNAME:聯結聖徽（Bonded Holy Symbol）	DESC:.CLEAR	DESC:3級起，虔信聖使能夠與自身所信仰的神祇的聖徽產生強烈的聯繫，這相當於法師的聯結物品（bonded object），不過它可以被用於施放牧師或領域法術（以取代法師法術），而且虔信聖使能夠將僅適用於聖徽（holy symbol）或頸部物品位（neck slot item）的魔法能力賦予聯結聖徽。如同法師的聯結物品，虔信聖使能夠將額外的魔法能力添加到他的聯結聖徽上，就如同他具有這麼做所需要的造物專長（item creation feat）一般（通常為製造奇物），不過他首先要滿足造物專長的先決條件。例如，虔信聖使想要為他的聯結聖徽添加護身符奇物的能力（wondrous amulet ability），比如天生防護護符（amulet of natural armor），那麼他必須至少達到3級才能這麼做。聯結聖徽所具有的魔法特性，包括虔信聖使添加到物體上的任何魔法能力，都僅對虔信聖使生效。若聯結聖徽的持有者死亡或者更換物品，那麼這個物品就會失去所有虔信聖使使用該能力為它做出的強化。該能力取代3級時引導能量數值的增加。	
# Druid
CATEGORY=Special Ability|Feral Shifter ~ Animal Focus.MOD	OUTPUTNAME:動物之力（Animal Focus）	DESC:.CLEAR	DESC:1級起，以迅捷動作，野性承載者能夠展現出動物的某個方面，基於她所模擬的動物種類來獲得加值或者特殊能力。這與獵人的動物之力（Animal Focus）職業能力的功能相同。野性承載者每日能夠使用該能力的分鐘數等同於她的德魯伊等級。這些持續時間不必連續，但是必須以1分鐘為單位來使用。同一時間她既能夠模仿一種動物。該能力取代自然紐帶（Nature Bond）。	
CATEGORY=Special Ability|Feral Shifter ~ Second Animal Focus.MOD	OUTPUTNAME:第二動物之力（Second Animal Focus）	DESC:.CLEAR	DESC:9級起，當野性承載者使用她的動物之力能力時，能夠選擇兩種不同的動物面相以取代原本的一種。該能力取代毒素免疫（Venom Immunity）、千面萬相（A Thousand Faces）以及不老身軀（Timeless Body）。	
CATEGORY=Special Ability|Nature Fang ~ Studied Target.MOD	OUTPUTNAME:殺戮目標（Studied Target）	DESC:.CLEAR	DESC:1級起，自然之牙獲得殺手的殺戮目標職業能力。在5級以及之後每5個等級，自然之牙在對抗殺戮目標時的加值增加1點。與殺手不同，自然之牙在同一時間無法對1個以上的目標維持殺戮目標能力。該能力取代自然智識（Nature Sense）、野性認同（Wild Empathy）和穿林步（Woodland Stride）。	
CATEGORY=Special Ability|Nature Fang ~ Slayer Talent.MOD	OUTPUTNAME:殺手天賦（Slayer Talent）	DESC:.CLEAR	DESC:在4級以及之後每2個等級，自然之牙都可以選擇一個殺手天賦。12級起，她能夠選擇高等殺手天賦（Advanced Slayer Talents）。在判斷她能夠選取哪些天賦時，使用自己的德魯伊等級作為殺手等級。該能力取代自然變身（Wild Shape）。	
CATEGORY=Special Ability|Nature Fang ~ Sneak Attack.MOD	OUTPUTNAME:偷襲（Sneak Attack）	DESC:.CLEAR	DESC:4級起，自然之牙獲得偷襲+1d6。該能力如同盜賊的同名能力一般生效。若自然之牙從其他來源獲得了偷襲加值，那麼這些傷害疊加。該能力取代抗自然誘惑（Resist Nature's Lure）。	
CATEGORY=Special Ability|Nature Fang ~ Swift Studied Target.MOD	OUTPUTNAME:迅捷殺戮目標（Swift Studied Target）	DESC:.CLEAR	DESC:9級起，自然之牙能夠以移動或迅捷動作對目標進行研究。該能力取代毒素免疫（Venom Immunity）。	
CATEGORY=Special Ability|Wild Whisperer ~ Inspiration.MOD	OUTPUTNAME:靈感（Inspiration）	DESC:.CLEAR	DESC:2級起，野性低語者獲得靈感池，就如同調查員的同名能力一般。在判斷該能力的效果時，野性低語者使用她的德魯伊等級作為她的調查員等級。野性低語者能夠在馴養動物、醫療、知識（地理）、知識（自然）、騎術、察言觀色以及生存技能檢定上使用靈感能力但是不會消耗任何靈感點數，以取代調查員在知識、語言學和法術辨識技能上使用靈感而不耗費靈感點數的能力，不過前提條件是她在相關技能上已經受訓。她還能夠在野性認同檢定中使用靈感能力而不會消耗靈感點數。野性低語者的靈感池會在每日準備法術時恢復。該能力取代穿林步（Woodland Stride）、無蹤步（Trackless Step）和抗自然誘惑（Resist Nature's Lure）。	
CATEGORY=Special Ability|Wild Whisperer ~ Wild Shape.MOD	OUTPUTNAME:自然變身（Wild Shape）	DESC:.CLEAR	DESC:4級起，野性低語者獲得自然變身的能力，不過她只能變成小型或中型動物形態，如同野獸形態1。該能力改變了自然變身。	
CATEGORY=Special Ability|Wild Whisperer ~ Natural Expertise.MOD	OUTPUTNAME:自然學者（Natural Expertise）	DESC:.CLEAR	DESC:6級起，野性低語者那強大的觀察力能夠使她對抗自然生物時獲得優勢。當她對抗動物或蟲類，並且在攻擊檢定上使用靈感點時，野性低語者只會花費1點靈感點而非原本的2點。該能力取代6級自然變身的次數增加。	
CATEGORY=Special Ability|Wild Whisperer ~ Investigator Talent.MOD	OUTPUTNAME:調查員天賦（Investigator Talent）	DESC:.CLEAR	DESC:8級時，野性低語者可以選擇一個調查員天賦（詳見調查員的相關內容）。該能力取代8級自然變身的次數增加。	
# Fighter
CATEGORY=Special Ability|Martial Master ~ Martial Flexibility.NOD	OUTPUTNAME:靈活武技 (Martial Flexibility)	DESC:.CLEAR	DESC:5級時，武技宗師能以一個移動動作獲得一項自己並不擁有的戰鬥專長的增益。該效果持續1分鐘。武技宗師必須滿足該專長的所有先決條件。他每日能夠使用此能力的次數為 {3+1/2戰士等級}。武技宗師可以在此效果結束前再次使用本能力，並以另一項戰鬥專長來替換前一項。如果一項戰鬥專長擁有每日次數限制 (如「震懾拳」)，每次通過本能力使用該專長都會計入其使用次數。在武技宗師更高等級、能夠通過本能力受益於多項專長後，他能以那些專長作為另一項通過本能力獲得的專長的先決條件。這樣做意味著他不能夠在替換掉專長樹末端的戰鬥專長前，先把作為先決條件的專長給替換掉。選擇每項單獨的專長都會計入本能力的每日使用次數。9級時，武技宗師可以通過本能力同時受益於兩項戰鬥專長。他能以迅捷動作選擇一項，或以移動動作選擇兩項。14級時，武技宗師可以通過本能力同時受益於三項戰鬥專長。他能以自由動作選擇一項、以迅捷動作選擇兩項，或以移動動作選擇三項。17級時，武技宗師能以直覺動作選擇一項戰鬥專長，或以迅捷動作選擇三項。20級時，武技宗師能以迅捷動作通過本能力同時受益於不限數量的戰鬥專長。本能力取代武器訓練和武器宗師。
CATEGORY=Special Ability|Mutation Warrior ~ Mutagen.MOD	OUTPUTNAME:突變藥劑 (Mutagen)	DESC:.CLEAR	DESC:3級時，突變鬥士發現了以自身人格為代價、強化肉體的突變藥劑配方。本能力功能與煉金術師的同名能力相同。本能力取代盔甲訓練1。
CATEGORY=Special Ability|Mutation Warrior ~ Mutagen Discovery.MOD	OUTPUTNAME:突變研發 (Mutagen Discovery)	DESC:.CLEAR	DESC:7級和之後每4級時，突變鬥士能夠從下述煉金術師的科研發現中選擇一項來強化自己的能力。突變鬥士用他的戰士等級作為有效煉金術師等級來決定是否能夠選擇該科研發現。本能力取代盔甲訓練2、3、4和盔甲宗師。
CATEGORY=Special Ability|Mutation Warrior Discovery ~ Feral mutagen.MOD	OUTPUTNAME:野性突變（Feral mutagen）	DESC:.CLEAR	DESC:不論何時，當煉金術師飲用一瓶突變藥劑時，他獲得2爪抓攻擊和嚙咬攻擊。這些武器被視為主要天生武器，並且使用煉金術師完整的基本攻擊加值。爪抓造成1d6點傷害（小體型煉金術師則為1d4點），嚙咬造成1d8點傷害（小體型煉金術師則為1d6點）。同時在突變藥水生效期間，煉金術師在威嚇技能上獲得+2表現加值。	
CATEGORY=Special Ability|Mutation Warrior Discovery ~ Grand mutagen.MOD	OUTPUTNAME:究極突變（Grand mutagen）	DESC:.CLEAR	DESC:煉金術師的突變藥劑現在可以使AC獲得+6天防，任一項身體屬性（力量、體質、敏捷）+8，第二項身體屬性+6，第三項身體屬性+4。在突變藥劑生效期間，煉金術師的智力、感知、魅力都會受到-2減值。選擇這一科研發現需要16級煉金術師等級，且已學會「高級突變」。	
CATEGORY=Special Ability|Mutation Warrior Discovery ~ Greater mutagen.MOD	OUTPUTNAME:高級突變（Greater mutagen）	DESC:.CLEAR	DESC:煉金術師的突變藥劑現在可以使AC獲得+4天防，任一項身體屬性（力量、體質、敏捷）+6，第二項身體屬性+4。在突變藥劑生效期間，煉金術師的兩項相關心智屬性都會受到-2減值。選擇這一科研發現需要12級煉金術師等級。	
CATEGORY=Special Ability|Mutation Warrior Discovery ~ Infuse mutagen.MOD	OUTPUTNAME:灌注突變（Infuse mutagen）	DESC:.CLEAR	DESC:當一個煉金術師製作出一份突變藥劑，他可以向其中灌注一部份自身的魔力。這一行為會造成2點智力傷害同時因素材而消耗1000gp，但是這份突變藥劑可以一直保持藥效，即使煉金術師製作了另一份突變藥劑。這允許煉金術師製作並保持不同種類的突變藥劑，但是並不允許煉金術師同時受兩份突變藥劑的影響，只有最強大的那份藥劑會保持藥效。	
CATEGORY=Special Ability|Mutation Warrior Discovery ~ Nauseating Flesh.MOD	OUTPUTNAME:毒性肌膚（Nauseating Flesh）	DESC:.CLEAR	DESC:經過長久以來的煉金術實驗與接處化學藥品，煉金術師終於讓自己的身體變成帶有毒性、不堪入口，任何嚙咬、吞噬或吞嚥煉金術師的生物必須通過一次強韌豁免，否則將會反胃1d4輪。要選擇此科研發現，煉金術師必須達到12級。選擇此科研發現的煉金術師對自身的「毒性肌膚」免疫。	
CATEGORY=Special Ability|Mutation Warrior Discovery ~ Preserve Organs.MOD	OUTPUTNAME:保存器官（Preserve Organs）	DESC:.CLEAR	DESC:煉金術師知道怎麼保存和保護他自己的臟器，包括避開致命傷口。當受到重擊或偷襲時，煉金術師有25%%的機會把此變成正常攻擊，此能力將不會和其他使重擊和偷襲失效的效果疊加，例如護命盔甲。你可以重複選擇此能力至多三次，每次效果累計，第二次選取此能力時重擊、偷襲失效機會上升到50%%，第三次升至75%%。	
CATEGORY=Special Ability|Mutation Warrior Discovery ~ Rag Doll Mutagen.MOD	OUTPUTNAME:洋娃娃突變藥劑（Rag Doll Mutagen）	DESC:.CLEAR	DESC:當煉金術師飲用一瓶突變藥劑時，他變得身輕體柔易彎折。當突變藥劑生效時，煉金術師在脫逃檢定上獲得相當於其職業等級的加值，可以如同體型小一級的生物般穿過狹小空間，還可以通過DC為「15+1/每10尺墜落高度」的反射豁免減半墜落傷害。10級時，所有墜落傷害都被視為非致命傷害，而煉金術師可以如同體型小兩級的生物般穿過狹小空間。	
CATEGORY=Special Ability|Mutation Warrior Discovery ~ Spontaneous Healing.MOD	OUTPUTNAME:自體再生（Spontaneous Healing）	DESC:.CLEAR	DESC:煉金術師可以使用此能力快速愈合身上的傷口。每輪1次，以一個自由動作，煉金術師可以恢復5點生命值，如同他擁有快速醫療5。他每天每2個煉金術師等級可以恢復5點生命值，如果他陷入昏迷且此能力還有每日使用次數的話，此能力會自動修復他的肉體直到他恢復清醒。	
CATEGORY=Special Ability|Mutation Warrior Discovery ~ Tentacle.MOD	OUTPUTNAME:觸手（Tentacle）	DESC:.CLEAR	DESC:煉金術師身上展出具有抓握性、長度大約一臂長的觸手。這只觸手受他控制，但無法用除了魔法或厚重服裝之外的方式隱藏。此觸手不會給予煉金術師每輪額外的攻擊或動作，但他可以驅使它施展附加「攫抓」能力的觸手攻擊（中體型1d4點傷害，小體型1d3點）。觸手可以如同煉金術師自己的手臂一般操縱或持用對像（譬如用一隻手拿武器，觸手拿藥劑，另一隻手扔炸彈），不過和手臂不一樣，觸手沒有辦法裝備魔法物品。	
CATEGORY=Special Ability|Mutation Warrior Discovery ~ Vestigal Arm.MOD	OUTPUTNAME:畸變之臂（Vestigal Arm）	DESC:.CLEAR	DESC:煉金術師在他的軀幹上長出一隻新的手臂（左手或右手），這隻手臂受他控制但無法用除了魔法或厚重服裝之外的方式隱藏。此手臂不會給予煉金術師每輪額外的攻擊或動作，但可以裝備武器並在煉金術師的整輪攻擊動作中進行攻擊（使用雙武器戰鬥規則）。這隻手臂可以如同煉金術師自己原來的手臂一般操縱或持用對像（譬如用一隻手拿武器，一隻手調藥劑，第三隻手扔炸彈）。這隻手臂可以裝備手部或是戒指欄位的魔法物品（但是煉金術師仍然只能讓兩件手部奇物和兩個戒指同時生效）。煉金術師可以選擇此能力兩次。	
CATEGORY=Special Ability|Mutation Warrior Discovery ~ Wings.MOD	OUTPUTNAME:翅膀（Wings）	DESC:.CLEAR	DESC:煉金術師身上長出類似蝙蝠、鳥類或昆蟲的翅膀。允許他如同「飛行術」一樣飛翔，每日可以飛翔的分鐘數等同於他的施法者等級。此能力的使用時間不須連續，不過每次使用必須消耗1分鐘的使用時間。煉金術師可以多次選擇此能力，每次他選擇此能力的時候，他可以得到相當於其施法者等級的額外飛行分鐘數，此飛行能力是特異能力。煉金術師必須達到6級才能選擇此科研發現。	
# Monk
CATEGORY=Special Ability|Kata Master ~ Menacing Swordplay.MOD	OUTPUTNAME:霸氣外露（Menacing Swordplay）	DESC:.CLEAR	DESC:在3級時，鬥技僧獲得遊蕩劍客的威脅劍舞炫技。本能力取代心如止水。	
CATEGORY=Special Ability|Kata Master ~ Ki Pool.MOD	OUTPUTNAME:氣池（Ki Pool）	DESC:.CLEAR	DESC:在4級時，鬥技僧可以將自己的氣池當作時髦點數池用來使用遊蕩劍客炫技。本能力替換普通武僧的氣池能力。	
CATEGORY=Special Ability|Kata Master ~ Targeted Strike.MOD	OUTPUTNAME:流星指刺（Targeted Strike）	DESC:.CLEAR	DESC:在7級時，鬥技僧獲得遊蕩劍客的精確瞄準炫技。本能力取代混元體。	
CATEGORY=Special Ability|Kata Master ~ Dizzying Defense.MOD	OUTPUTNAME:鐵壁掌（Dizzying Defense）	DESC:.CLEAR	DESC:在15級時，鬥技僧獲得遊蕩劍客的炫目防禦炫技。本能力取代滲透勁。	
CATEGORY=Special Ability|Wildcat ~ Ready for Anything.MOD	OUTPUTNAME:時刻備戰（Ready for Anything）	DESC:.CLEAR	DESC:在3級時，野球拳師在先攻檢定和避免被突襲的察覺檢定上獲得＋2加值。本能力取代心如止水。	
CATEGORY=Special Ability|Wildcat ~ Brawler Maneuver Training.MOD	OUTPUTNAME:拳師招式（Brawler Maneuver Training）	DESC:.CLEAR	DESC:在4級時，野球拳師選擇精進他的陰招戰技。他在陰招戰技攻擊的CMB和對抗陰招戰技攻擊的CMD上獲得＋1加值。在7，10和16級時，野球拳師可以選擇繼續精進另一項戰技，並且在這項戰技上的CMB和CMD上獲得+1加值。除此之外，他在已經受訓過的戰技上還會再獲得+1加值。舉例來說，當一個野球拳師在7級時，她在自己選擇的戰技的CMB和CMD擁有+2加值，陰招則有+2加值。本能力取代輕功和氣池。	
CATEGORY=Special Ability|Wildcat ~ Improvised Weapon Mastery.MOD	OUTPUTNAME:臨時武器大師（Improvised Weapon Mastery）	DESC:.CLEAR	DESC:在4級時，野球拳師使用臨時武器戰鬥時得到傷害提升。在使用臨時武器攻擊時，野球拳師可以應用他的徒手擊打傷害骰而非武器的傷害骰，但視為他的武僧等級-4，至少為1（比如，一個使用碎酒瓶攻擊的6級野球拳師可以用它造成1d6點傷害而非正常的1d4點）。如果這件武器的傷害骰高於野球拳師的徒手擊打傷害，那麼它的傷害骰不變。野球拳師也可以自由選擇以武器本身的傷害骰而非自己的徒手擊打傷害，但他必須在進行攻擊檢定前聲明。本能力取代輕身落。	
CATEGORY=Special Ability|Wildcat ~ Knockout.MOD	OUTPUTNAME:震盪擊（Knockout）	DESC:.CLEAR	DESC:在9級時，每天一次野球拳師可以對一個目標發動一次沉重的打擊，將其一擊毆到仆街。野球拳師必須在攻擊檢定之前聲明自己要使用震盪擊嘗試，如果野球拳師的這次攻擊成功命中並且目標受到了傷害，他就必須通過一個強韌檢定（DC=10+1/2野球拳師等級+野球拳師力量或敏捷調整值，取其高者）否則將在1d6輪內失去意識。被擊暈的生物每輪可以再以一個不受藉機攻擊的整輪動作嘗試恢復意識。免疫重擊和非致命傷害的生物也同時免疫這個能力。在12級時，野球拳師獲得額外一次震盪拳的每日使用次數。本能力取代精通反射閃避和遁術。	
CATEGORY=Special Ability|Wildcat ~ Turn the Tables.MOD	OUTPUTNAME:反戈一擊（Turn the Tables）	DESC:.CLEAR	DESC:在13級時，每當一個敵人對野球拳師發動戰技攻擊失敗時，野球拳師就會對他獲得一次藉機攻擊機會。本能力取代金剛魂。	
CATEGORY=Special Ability|Wildcat ~ Dirty Blow.MOD	OUTPUTNAME:下三濫（Dirty Blow）	DESC:.CLEAR	DESC:在19級時，每當野球拳師成功對對目標發動落一次陰招戰技攻擊，他就可以對同一個目標造成相當於徒手擊打對傷害。本能力取代空靈體。	
# Paladin
CATEGORY=Special Ability|Holy Guide ~ Favored Terrain.MOD	OUTPUTNAME:偏好地形（Favored Terrain）	DESC:.CLEAR	DESC:3級時，神聖嚮導從遊俠的偏好地形列表中選擇一項。本能力與遊俠的同名能力功能相同。本能力取代3級時取得的【恩惠 】能力。每當神聖嚮導能夠選擇另一項恩惠時，他也可以替代性地選擇另一項偏好地形、並獲得原有偏好地形的進一步加值，如同遊俠。	
CATEGORY=Special Ability|Holy Guide ~ Favored Terrain.MOD	OUTPUTNAME:偏好地形（Favored Terrain）	DESC:.CLEAR	DESC:3級時，遊俠可以從偏好地形列表中選擇一種地形。處在該類地形時，遊俠的先攻檢定和知識 (地理)、察覺、隱匿和生存檢定+2。遊俠在其偏好地形上旅行時不會留下任何痕跡並且無法被追蹤 (如果他刻意想要留下痕跡也是可以的)。在8級時和之後每5級，遊俠可以額外選擇一種偏好地形。此外，每次增加偏好地形時，可以指定將針對任意一種偏好地形的檢定加值再+2 (如果願意的話，也可指定剛剛選擇的偏好地形)。如果某種特定地形同時屬於多種偏好地形，遊俠的加值無法疊加，只能使用較高的值作為加值。	
CATEGORY=Special Ability|Holy Guide ~ Teamwork Feat.MOD	OUTPUTNAME:團隊專長（Teamwork Feat）	DESC:.CLEAR	DESC:6級時，神聖嚮導獲得一項團隊專長作為獎勵專長。他必須滿足該專長的先決條件。他能以一個標準動作消耗1次【制裁邪惡 】，來賦予30尺內所有能夠看到和聽到自己的同伴該專長的效果。同伴們獲得對應效果的持續時間為 {3+1/2神聖嚮導等級} 的輪數。同伴們無需滿足該專長的先決條件。邪惡生物無法從中獲益，即便聖騎士把他當作是同伴。本能力取代6級獲得的恩惠。	
CATEGORY=Special Ability|Temple Champion ~ Domain Granted Power.MOD	OUTPUTNAME:領域神綬力量（Domain Granted Power）	DESC:.CLEAR	DESC:4級時，神殿勇者選擇一項自己神祇的領域 (或她的道德準則、追求目標所相符的領域，由GM決定)。神殿勇者獲得該領域1級時獲得的神綬力量，並以她的聖騎士等級作為牧師等級來決定該能力的效果。該神綬力量任何基於感知屬性的方面均由神殿勇者的魅力屬性來取代。神殿勇者並不會獲得領域法術列表。	
CATEGORY=Special Ability|Temple Champion ~ Blessing.MOD	OUTPUTNAME:祝福（Blessing）	DESC:.CLEAR	DESC:5級時，神殿勇者獲得她4級所選領域的次級祝福 (minor blessing)。她以自己的聖騎士等級作為戰鬥祭司等級來決定該祝福的效果。該祝福任何基於感知屬性的方面均由神殿勇者的魅力屬性來取代。11級時，她獲得該領域的高級祝福 (major blessing)。本能力取代神契和審判靈光。	
# Ranger
CATEGORY=Special Ability|Divine Tracker ~ Favored Weapon.MOD	OUTPUTNAME:偏好武器（Favored Weapon）	DESC:.CLEAR	DESC:在1級時，神聖追獵者將擅長他神祇的偏好武器。果神聖追獵者信仰神祇的偏好武器是徒手擊打，那麼神聖追獵者獲得精通徒手擊打作為獎勵專長。本能力取代理解動物。	
CATEGORY=Special Ability|Divine Tracker ~ Blessings.MOD	OUTPUTNAME:祝福（Blessings）	DESC:.CLEAR	DESC:在4級時，神聖追獵者可以獲得自己信仰神祇的戰鬥祝福。從他信仰神祇可以賦予的戰鬥祭司祝福列表中選擇兩個祝福，神聖追獵者可以獲得它們的次級祝福能力。只有信仰特定擁有特定陣營領域神祇（善良，邪惡，混亂，守序），並且本人的陣營與之相符的神聖追獵者才可以選擇陣營祝福。如果一個神聖追獵者不信仰特定的神祇，他也可以隨意選擇兩個代表他信念所向或是崇拜概念的領域，具體由GM裁定，但他仍然受限於選擇陣營領域。在決定祝福的效果時，神聖追獵者可以以他的遊俠等級作為戰鬥祭司等級。在13級時，神聖追獵者可以使用這兩個祝福領域的高等祝福。本能力取代獵手羈絆。在決定祝福的效果時，神聖追獵者可以以他的遊俠等級作為戰鬥祭司等級。在13級時，神聖追獵者可以使用這兩個祝福領域的高等祝福。本能力取代獵手羈絆。	
CATEGORY=Special Ability|Hooded Champion ~ Panache.MOD	OUTPUTNAME:派頭（Panache）	DESC:.CLEAR	DESC:在1級時，橫行俠獲得遊蕩劍客的派頭職業能力，但是他在通過任何類型的弓而非輕型或單手近戰穿刺武器擊殺目標或造成重擊時才會恢復時髦值。如果橫行俠獲得了其他擁有派頭能力的職業等級，這兩個不同的時髦池不能疊加，但他在任意一個時髦池的回復條件滿足時均可以選擇一個時髦池獲得回復。舉例來說，一個擁有16魅力值的橫行俠兼職了遊蕩劍客，那麼他在使用弓或是輕型單手穿刺近戰武器時均可以回復時髦值。本能力取代1級時遊俠獲得的宿敵。	
CATEGORY=Special Ability|Hooded Champion ~ Deeds.MOD	OUTPUTNAME:炫技（Deeds）	DESC:.CLEAR	DESC:在1級時，橫行俠獲得遊蕩劍客的大膽特技炫技以及以下炫技，在決定炫技的效果時，橫行俠將他的遊俠等級視為遊蕩劍客等級。	
CATEGORY=Special Ability|Hooded Champion ~ Dead Aim.MOD	OUTPUTNAME:讓子彈飛（Dead Aim）	DESC:.CLEAR	DESC:在1級時，橫行俠可以消耗1點時髦值，用弓進行一次單次遠程接觸攻擊（而不能是全回合攻擊），他的攻擊目標必須處於武器的第一個射程增量之內。在3級時，橫行俠獲得遊蕩劍客的鯉魚打挺炫技以及以下炫技。	
CATEGORY=Special Ability|Hooded Champion ~ Hooded Champion's Initiative.MOD	OUTPUTNAME:不法者之迅捷（Hooded Champion's Initiative）	DESC:.CLEAR	DESC:3級時，只要橫行俠擁有至少1點時髦值，他在先攻檢定中就可以獲得+2加值。除此以外，如果橫行俠擁有即時備戰專長，他的手空閒也沒有被束縛，並且他的武器並非被藏匿，他就能用取出一張弓作為進行先攻檢定的一部分。	
CATEGORY=Special Ability|Hooded Champion ~ Combat Style.MOD	OUTPUTNAME:戰鬥流派（Combat Style）	DESC:.CLEAR	DESC:2級時，橫行俠必須選擇箭術戰鬥流派。9級時，橫行俠獲得遊蕩劍客之優雅swashbuckler's grace炫技和閃避精通evasive 炫技。16級時，橫行俠獲得遊蕩劍客之驕傲swashbuckler's edge炫技和詐死偽裝cheat death炫技。該能力替換了野性認同，堅忍，反射閃避和精通反射閃避。	
CATEGORY=Special Ability|Wild Hunter ~ Animal Focus.MOD	OUTPUTNAME:動物之力（Animal Focus）	DESC:.CLEAR	DESC:在1級時，曠野獵手可以以一個迅捷動作模擬動物的形態，如同獵人的同名職業能力一般，但這個能力目前僅影響曠野獵手本身而不影響其動物夥伴（見下分享動物之力能力）。他每天曠野使用動物之力的時間為他的遊俠等級數分鐘，這些時間不必連續，但每次使用至少要持續1分鐘。曠野獵手每次只能模仿一個動物的動物之力。本能力取代宿敵。	
CATEGORY=Special Ability|Wild Hunter ~ Shared Focus.MOD	OUTPUTNAME:分享動物之力（Shared Focus）	DESC:.CLEAR	DESC:在7級時，曠野獵手能夠將他的動物之力分享給他的獵手羈絆能力鏈接的夥伴。如果他選擇的是動物夥伴，那麼他的動物夥伴將自動獲得動物之力的效果；如果他選擇了隊友之間的羈絆，那麼曠野獵手可以以一個迅捷動作賦予一個隊友他的動物之力。動物之力的效果持續到獵人到獵手羈絆結束或是他更換一個羈絆對像為止。本能力取代穿林和快速追蹤。	
# Rogue
CATEGORY=Special Ability|Counterfeit Mage ~ Magical Expertise.MOD	OUTPUTNAME:魔法研究（Magical Expertise）	DESC:.CLEAR	DESC:在1級時，偽魔術師可以將自己遊蕩者等級的一半加到破解魔法陷阱的解除裝置檢定，察覺檢定和用來啟動卷軸和魔杖的使用魔法裝置技能檢定結果上，並可以使用解除裝置技能來解除魔法陷阱。本能力取代尋找陷阱。	
CATEGORY=Special Ability|Counterfeit Mage ~ Signature Wand.MOD	OUTPUTNAME:禮裝魔杖（Signature Wand）	DESC:.CLEAR	DESC:在4級時，偽魔術師可以花費一小時時間，仔細研究一支魔杖的構成及觸發方法，並將其綁定為他的魔術禮裝。在使用禮裝魔杖時，偽魔術師可以以一個自由動作拔出魔杖，並且無需通過使用魔法裝置檢定就可以使用它。每天一次，偽魔術師還可以更換自己的禮裝魔杖。本能力取代遊蕩者在4級時獲得的盜賊天賦。	
CATEGORY=Special Ability|Counterfeit Mage ~ Wand Adept.MOD	OUTPUTNAME:魔杖專家（Wand Adept）	DESC:.CLEAR	DESC:在6級時，偽魔術師可以使用自己的敏捷調整值而非魅力調整值作為使用魔法裝置技能的技能加值來使用魔杖。	
CATEGORY=Special Ability|Underground Chemist ~ Chemical Weapons.MOD	OUTPUTNAME:化學武器（Chemical Weapons）	DESC:.CLEAR	DESC:在2級時，黑市化學家可以如同拔出武器般取出煉金物品。他在使用濺射武器時在傷害上加上他的智力調整值（包括濺射武器的濺射傷害）。除此之外，他在手藝（煉金術）技能上獲得他遊蕩者等級一半的加值。本能力取代反射閃避。	
CATEGORY=Special Ability|Underground Chemist ~ Precise Splash Weapons.MOD	OUTPUTNAME:爆炸強襲（Precise Splash Weapons）	DESC:.CLEAR	DESC:在4級時，黑市化學家可以使用濺射武器造成他的偷襲傷害。這次偷襲傷害必須是他本輪的第一次攻擊，並且需要符合偷襲傷害發動的條件（比如目標需要處於措手不及狀態），而且只對一個目標而非一個方格中所有的生物都造成傷害。本能力取代本能力取代遊蕩者在4級時獲得的盜賊天賦。	
CATEGORY=Special Ability|Underground Chemist ~ Discovery.MOD	OUTPUTNAME:煉金術士發現（Discovery）	DESC:.CLEAR	DESC:在10級時，黑市化學家可以選擇以下一個煉金術士發現之一：濃縮毒素（Concentrate Poison），稀釋（Dilution），強效藥水（Enhance potion），增幅藥水（Extend Potion），木乃伊化（Mummification）UM，毒性肌膚（Nauseating Flesh）UC，毒素轉換（Poison Conversion）UC，保存器官（Preserve Organs）UM，自體再生（Spontaneous Healing）或黏稠毒藥（Sticky Posion）。在決定煉金術士發現的效果時，將黑市化學家都遊蕩者等級視為他都煉金術士等級。本能力取代高等天賦。	
# Sorcerer
CATEGORY=Special Ability|Eldritch Scrapper ~ Martial Flexibility.MOD	OUTPUTNAME:千招百式（Martial Flexibility）	DESC:.CLEAR	DESC:1級起，魔能武師獲得拳師的千招百式（Martial Flexibility）職業能力，在判斷該能力的每日使用次數時，使用她的術士等級作為拳師等級。在判斷該能力的作用時，魔能武師將奧術打擊（Arcane Strike）和戰鬥施法（Combat Casting）視為戰鬥專長。9級起，魔能武師能夠使用該能力同時獲得兩個專長。她能夠以移動動作選擇一個專長，或者以標準動作選擇兩個專長。她能夠使用其中一個專長來滿足第二個專長的先決條件；這麼做意味著她無法將作為先決條件的專長進行替換，除非她事先將所有需要這個專長的專長替換掉。魔能武師所選擇的每個專長都會被計入該能力的每日使用次數中。15級起，魔能武師能夠使用該能力同時獲得三個專長。她能夠以迅捷動作選擇一個專長，以移動動作選擇兩個專長或者以標準動作選擇三個專長。她能夠使用其中一個專長來滿足第二個和第三個專長的先決條件，並使用第二個專長來滿足第三個專長的先決條件。魔能武師所選擇的每個專長都會被計入該能力的每日使用次數中。該能力取代術士在1級、9級和15級獲得的血統力量（bloodline powers）。	
CATEGORY=Special Ability|Eldritch Scrapper ~ Bloodline Weapons.MOD	OUTPUTNAME:血統兵器（Bloodline Weapons）	DESC:.CLEAR	DESC:若魔能武師的1級血統力量通常會賦予她天生武器（比如嚙咬或爪抓），那麼她可以在3級時選擇1級的血統力量來取代3級的血統力量。	
CATEGORY=Special Ability|Mongrel Mage ~ Mongrel Reservoir.MOD	OUTPUTNAME:混種血泉（Mongrel Reservoir）	DESC:.CLEAR	DESC:1級起，混種術師獲得了一種稱作混種血泉的天生的魔法能量之池，她能夠從中汲取力量來激發自身那薄弱的血統。混種血泉中存儲的魔法能量點數為3 + 她的術士等級。當混種術師每日恢復法術位時，她的混種血泉也會重新充滿。混種血泉中儲存的點數永遠不能超出每日的總量；超出此上限的點數都會被浪費。每日當混種術師恢復法術位時，她可以選擇一種術士血統（sorcerer bloodline）。她必須以此能力選擇正常血統（ordinary bloodline），而非被狂野血統變體（wildblooded archetype；出自UM）或者其他變體調整過的血統。她會在這一天內獲得該項血統的1級血統力量，就如同時1級術士那樣使用它。若混種術師使用該能力來獲得奧秘血統（Arcane）的奧術聯結（Arcane Bond）能力，那麼她僅能使用聯結物品施放1級已知法術，這是由於她僅被視同為1級術士。混種術師在同一時間只能選擇一種血統。以迅捷動作，她能夠從混種血泉中花費1點來激發血統，使得她能夠以完整的術士等級來使用該項血統中的血統奧秘（bloodline arcana）和1級血統力量（bloodline powers），這也包括奧秘血統的奧術聯結能力。該效果持續的輪數等同於她的魅力調整值（最低1輪）。3級起，當混種術師激發自己選擇的血統時，她能夠從混種血泉中花費2點作為替代，來使她能夠使用以完整的術士等級來使用該項血統中的血統奧秘，外加1級和3級的血統力量，持續輪數等同於她的魅力調整值（最低1輪）。7級起，當混種術師激發自己選擇的血統時，她能夠從混種血泉中花費3點作為替代，來使她能夠使用以完整的術士等級來使用該項血統中的血統奧秘，外加1級、3級和7級的血統力量，持續輪數等同於她的魅力調整值（最低1輪）。20級起，當混種術師激發自己選擇的血統時，她能夠從混種血泉中花費5點作為替代，來使她能夠使用以完整的術士等級來使用該項血統中的血統奧秘和所有血統力量，持續輪數等同於她的魅力調整值（最低1輪）。該能力改變了血統（bloodline）、血統力量（bloodline powers）和血統法術（bloodline spells）職業能力。	
CATEGORY=Special Ability|Mongrel Mage ~ Bloodline Spells.MOD	OUTPUTNAME:血統法術（Bloodline Spells）	DESC:.CLEAR	DESC:7級起，每日當混種術師選擇血統時，她能夠將該項血統的1級、2級和3級血統法術視為當前已知法術列表中的法術。13級起，每日當混種術師選擇血統時，她能夠將該項血統的4級、5級和6級血統法術視為當前已知法術列表中的法術。19級起，每日當混種術師選擇血統時，她能夠將該項血統的7級、8級和9級血統法術視為當前已知法術列表中的法術。該能力取代7級、13級和19級獲取的血統專長（bloodline feats）。	
# Wizard
CATEGORY=Special Ability|Exploiter Wizard ~ Arcane Reservoir.MOD	OUTPUTNAME:奧能源泉（Arcane Reservoir）	DESC:.CLEAR	DESC:在1級時，研究法師獲得奧能師的奧能源泉職業能力，在決定他每等級可以獲得的奧能點數時將他的法師等級視為奧能師等級。本能力取代奧術聯結。	
CATEGORY=Special Ability|Exploiter Wizard ~ Exploiter Exploit.MOD	OUTPUTNAME:奧法發現（Exploiter Exploit）	DESC:.CLEAR	DESC:在1級以及之後每4級時，研究法師都可以獲得一個奧能師奧術發現。在決定他的奧術發現效果和DC時將他的法師等級視為奧能師等級。本能力取代奧術學派。	
CATEGORY=Special Ability|Spell Sage ~ Focused Spells.MOD	OUTPUTNAME:專注法術（Focused Spells）	DESC:.CLEAR	DESC:在1級時，每天一次，魔咒使對某一法術對專心研究讓他可以在施放這個法術時視為自己的施法者等級＋4。在8級時，這個能力可以使用兩次，在16級時增加到3次。本能力取代奧術聯結。	
CATEGORY=Special Ability|Spell Sage ~ Spell Study.MOD	OUTPUTNAME:研習魔法（Spell Study）	DESC:.CLEAR	DESC:在4級時，魔咒使可以研究其他施法者的法術並使用它們——但是因為方法原因，他施放這些破則魔法的效率較低。每天一次，魔咒使可以自發施放一個吟遊詩人，牧師或德魯伊法術，如同這些法術在他的法師法術列表內。施放這個法術需要每個法術環數一輪時間（如果這個法術同時存在於多個職業的法術列表中，則使用環數最低的那個為準），並且需要使用比該法術環數多一倍多法術位。如果這個法術原本多施法時間長於一輪，那麼這些額外多施法時間要加到魔咒使使用破則法術的施法時間上。舉例來說，魔咒使需要兩個一環法術位和2輪時間來施放一環牧師法術治療輕傷。	
CATEGORY=Special Ability|Spirit Whisperer ~ Arcane Bond.MOD	OUTPUTNAME:奧術聯結（Arcane Bond）	DESC:.CLEAR	DESC:靈語者必須選擇魔寵作為自己的法師奧術聯結，並且他的魔寵會成為他聯結魂域的魂獸，如同薩滿職業能力一樣。靈語者不使用法術書記錄法術，而是和女巫一樣和魔寵溝通以獲得每日的法術。本能力替換法師正常的奧術聯結和法術書。	
CATEGORY=Special Ability|Spirit Whisperer ~ Spirit Link.MOD	OUTPUTNAME:聯結魂域（Spirit Link）	DESC:.CLEAR	DESC:在1級時，靈語者獲得一個魂域，如同薩滿的同名職業能力一般。在1級時，他獲得該魂域的精魂之力；在8級時，他獲得高等精魂之力；在20級時，靈語者可以獲得該魂域的顯聖。在決定魂域能力的效果和DC時，靈語者可以以他的法師等級作為薩滿等級。除此之外，他可以在使用魂域賦予的能力時以自己的智力值取代感知值要求。靈語者不會獲得魂域賦予的巫術，魂術和最終精魂之力。本能力取代奧術學派和法師在20級時獲得的獎勵專長。	
CATEGORY=Special Ability|Spirit Whisperer ~ Spirit Hex.MOD	OUTPUTNAME:精魂巫術（Spirit Hex）	DESC:.CLEAR	DESC:在5級時，靈語者可以獲得一個所選魂域賦予的巫術（譯註：大概和上面能力說的不賦予巫術不矛盾）。在決定這個巫術的效果與DC時，靈語者以他的智力調整值取代原本要求的感知調整值。在10級和15級時，靈語者可以獲得一個新的巫術。本能力替換法師在5級，10級和15級獲得的獎勵專長（譯註：原文alter，就是說其他變體仍然可以取代這兩個專長）。	
# Alchemist
CATEGORY=Special Ability|Inspired Chemist ~ Inspiring Cognatogen.MOD	OUTPUTNAME:靈感神藥（Inspiring Cognatogen）	DESC:.CLEAR	DESC:在1級時，啟蒙化學家習得裡靈感神藥的調製方法，如同靈感神藥發現。本能力取代突變藥劑（他仍然可以選擇突變藥劑發現UM來獲得突變藥劑能力）。	
CATEGORY=Special Ability|Discovery ~ Inspiring Cognatogen.MOD	OUTPUTNAME:靈感神藥（Inspiring Cognatogen）	DESC:.CLEAR	DESC:煉金術士習得了調製靈感神藥——一種和突變藥劑類似，但可以啟發他的靈感力（如同調查員職業能力），但有損於他的肉體韌性的化學制劑。在飲下靈感神藥後，煉金術士獲得一個大小為他的煉金術士等級一半+他的智力調整值（最小為1）的靈感池，以及在防禦等級上獲得+2閃避加值，但他在力量與體質值上承受-2減值。以一個自由動作，煉金術士可以使用1點自己的靈感點數，為自己的一項屬性或技能檢定結果增加1d6點（包括在進行檢定時取10或取20的情況下），如同調查員的靈感能力。煉金術士只有在服用靈感神藥後才能使用本能力，且靈感神藥的效果結束後，未使用的靈感點數也會消失。不過，每當這個發現激活，以此方式使用至少1點靈感點數時，煉金術士就必須通過一個DC20的意志檢定，否則眩暈1輪，而且這個豁免檢定無法受到靈感能力的增強。靈感神藥享有所有突變藥劑的限制性——因此，煉金術士同時只能保持一份藥劑的作用：突變藥劑，異變藥劑（Cognatogen）UM或靈感神藥。和突變藥劑演繹，它們只在煉金術士手中生效，並且非煉金術士喝下靈感神藥只會變得噁心。在靈感神藥的效果結束時，煉金術士在力量或敏捷屬性上受到2點傷害。灌注突變藥劑（Infuse Mutagen）發現和持久突變（Persistent Mutagen）職業能力可以同樣應用到靈感神藥上。	
CATEGORY=Special Ability|Discovery ~ Inspired Bomb.MOD	OUTPUTNAME:爆破靈感（Inspired Bomb）	DESC:.CLEAR	DESC:擁有此發現，且擁有靈感池（通過職業特性，發現貨專長）的煉金術士可以消耗2點靈感點數，將自己的炸彈傷害提升1d6點。煉金炸彈的傷害類型不變。和其他影響炸彈的發現不同，這個發現可以疊加到其他已經應用了發現的炸彈上。點數，這個專長不能再同一個炸彈上應用多於1次。	
CATEGORY=Special Ability|Discovery ~ Greater Inspiring Cognatogen.MOD	OUTPUTNAME:高等靈感神藥（Greater Inspiring Cognatogen）	DESC:.CLEAR	DESC:煉金術士的靈感神藥將給予他在防禦等級上+2閃避加值，在反射檢定上+2加值，但在力量和體質上承受-4減值。除此之外，煉金術士獲得以下調查員天賦：奇妙靈感，離奇回憶，發散靈感。煉金術士必須達到12級且擁有靈感神藥發現才能選擇本發現。	
CATEGORY=Special Ability|Discovery ~ Grand Inspiring Cognatogen.MOD	OUTPUTNAME:至高靈感神藥（Grand Inspiring Cognatogen）	DESC:.CLEAR	DESC:煉金術士的靈感神藥將給予他在防禦等級上+4閃避加值，在反射檢定上+4加值，但在力量和體質上承受-6減值，且額外再給予他奇物學識，執著靈感和黑街靈感調查員天賦。煉金術士必須達到16級且擁有高等靈感神藥發現才能選擇本發現。	
# Cavalier
CATEGORY=Special Ability|Daring Champion ~ Champion's Finesse.MOD	OUTPUTNAME:勇者劍技（Champion's Finesse）	DESC:.CLEAR	DESC:在1級時，無畏勇者獲得武器嫻熟作為獎勵專長，但只對單手穿刺武器生效。在選擇專長時，無畏勇者可以以自己的魅力值視為智力值來滿足獲取專長的前提，並且本能力在作為專長先決條件時視為武器嫻熟專長。本能力取代坐騎。	
CATEGORY=Special Ability|Daring Champion ~ Nimble.MOD	OUTPUTNAME:靈巧（Nimble）	DESC:.CLEAR	DESC:在3級時，無畏勇者在不著甲或著輕甲，且沒有過度負重時，在防禦等級上獲得+1閃避加值。任何使無畏勇者無法將敏捷加至AC的效果均會令本能力無效。在3級以及之後每4級，這個加值會額外+1，直到達到19級時的最大+5。本能力取代騎士衝鋒。	
CATEGORY=Special Ability|Daring Champion ~ Panache and Deeds.MOD	OUTPUTNAME:仗劍行俠（Panache and Deeds）	DESC:.CLEAR	DESC:在4級時，無畏勇者獲得遊蕩劍客的派頭能力以及如下遊蕩劍客炫技：閃避派頭，適時格擋反擊，精確刺擊和遊蕩劍客之反應。本能力取代馴獸專家。	
CATEGORY=Special Ability|Daring Champion ~ Advanced Deeds.MOD	OUTPUTNAME:劍俠絕技（Advanced Deeds）	DESC:.CLEAR	DESC:在11級時，無畏勇者獲得以下遊蕩劍客炫技：迅捷佯攻，精確瞄準，炫目防禦。本能力取代強力衝鋒。	
CATEGORY=Special Ability|Daring Champion ~ Champion's Weapon Mastery.MOD	OUTPUTNAME:勇者武器大師（Champion's Weapon Mastery）	DESC:.CLEAR	DESC:20級時，當無畏勇者在使用單手或輕型穿刺近戰武器造成重擊威脅時，重擊確認自動成功。除此之外，無畏勇者重擊時的傷害倍數將會額外加1（如x2會變為x3）。本能力取代至高衝鋒。	
CATEGORY=Special Ability|Order of the Beast ~ Wild Empathy.MOD	OUTPUTNAME:理解動物（Wild Empathy）	DESC:.CLEAR	DESC:在2級時，騎士改變野生動物的態度，他本能力與德魯伊的同名職業能力相同，將騎士的等級視為他的有效德魯伊等級。	
CATEGORY=Special Ability|Order of the Beast ~ Wild Mount Shape.MOD	OUTPUTNAME:變形坐騎（Wild Mount Shape）	DESC:.CLEAR	DESC:在8級時，每天一次，騎士可以將自己的坐騎變為任何中型或大型的動物然後變回來。他可以選擇所有擁有動物種類的生物變形，如同二級獸型術。騎士的坐騎可變形相當於他的每一個騎士等級一小時的時間或直到他要求坐騎變回原本的形態，這需要騎士使用一個不會引發藉機攻擊的標準動作。騎士必須熟悉然後騎乘自己坐騎變形後的形態，他的坐騎不會因為變形而改變體型，但可以獲得獸型術通過的變化體型而獲得的加值（不受到減值）。在10級及之後每4級時，騎士每天可以多使用本能力一次（最多達到18級的4次）。在15級時，騎士的坐騎將可以變身成中型或大型的龍類，如同法術一級巨龍形態的效果。	
CATEGORY=Special Ability|Order of the Beast ~ Ferocious Charge.MOD	OUTPUTNAME:狂野衝鋒（Ferocious Charge）	DESC:.CLEAR	DESC:在15級時，騎士的懲罰將挾裹著大自然的暴怒氣息。如每當他衝鋒一個生物時，他都可以以自由動作發動一次威嚇檢定來挫敗目標的士氣，如果威嚇成功，目標會陷入恐慌而非戰慄狀態	
# Inquisitor
CATEGORY=Special Ability|Sacred Huntsmaster ~ Animal Companion.MOD	OUTPUTNAME:動物夥伴（Animal Companion）	DESC:.CLEAR	DESC:在1級時，神衛獵師獲得一個動物夥伴，如同獵人的同名職業能力一般，他的審判者等級作為有效獵人等級。本能力取代審判1次/天。	
CATEGORY=Special Ability|Sacred Huntsmaster ~ Hunter Tactics.MOD	OUTPUTNAME:追獵戰術（Hunter Tactics）	DESC:.CLEAR	DESC:在3級時，神衛獵師擁有的團隊專長可以自動和他的動物夥伴共享，他的動物夥伴無需滿足獲得這些團隊專長的前提。該能力取代獨行戰術。	
CATEGORY=Special Ability|Sacred Huntsmaster ~ Animal Focus.MOD	OUTPUTNAME:動物之力（Animal Focus）	DESC:.CLEAR	DESC:在4級時，神衛獵師可以以一個迅捷動作模擬動物的形態，如同獵人的同名職業能力一般，他的審判者等級作為有效獵人等級。本能力取代後續獲得的審判次數。	
CATEGORY=Special Ability|Sacred Huntsmaster ~ Improved Empathic Link.MOD	OUTPUTNAME:精通情感鏈接（Improved Empathic Link）	DESC:.CLEAR	DESC:在8級時，神衛獵師可以和自己的動物夥伴在感官上協調一致。本能力類似於魔寵的情感鏈接能力，但神衛獵師可以以一個迅捷動作通過動物夥伴但眼睛觀察，並且沒有時間限制（只要他但動物夥伴距離他不超過1英里），可以以一個自由動作結束鏈接。在通過動物夥伴觀察時神衛獵師本人處於目盲狀態。本能力取代第二審判。	
CATEGORY=Special Ability|Sacred Huntsmaster ~ Raise Animal Companion.MOD	OUTPUTNAME:復活夥伴（Raise Animal Companion）	DESC:.CLEAR	DESC:在16級時，神衛獵師獲得法術復活動物夥伴（Raise Animal Companion）UM作為類法術能力，每當使用此能力後，神衛獵師就會承受一個無法以任何手段（包括法術復原術）移除的負向等級，但這個負向等級會在24小時後自動消去。在16級時（譯註：第三大麻），這個類法術能力將變為法術復生術，在其他方面則完全相同。本能力取代第三審判。	
CATEGORY=Special Ability|Sacred Huntsmaster ~ Second Animal Focus.MOD	OUTPUTNAME:第二動物之力（Second Animal Focus）	DESC:.CLEAR	DESC:在17級時，每當神衛獵師使用他的動物之力能力時，他可以為自己和動物夥伴同時添加兩種而非一種動物之力。這個額外的動物之力不計入他的每日動物之力使用時間。如果神衛獵師的動物夥伴死亡，那麼他只能將一個動物夥伴的動物之力轉移至自己身上，以取代對他的動物夥伴產生效果。本能力取代屠戮者。	
CATEGORY=Special Ability|Sacred Huntsmaster ~ Greater Empathic Link.MOD	OUTPUTNAME:高等情感鏈接（Greater Empathic Link）	DESC:.CLEAR	DESC:在20級時，神衛獵師和動物夥伴之間等情感鏈接延伸至10英里，並且如果他等動物夥伴距離神衛獵師1英里或更近，那麼他們可以進行心靈感應交流。本能力取代最終審判。	
CATEGORY=Special Ability|Sanctified Slayer ~ Studied Target.MOD	OUTPUTNAME:殺戮目標（Studied Target）	DESC:.CLEAR	DESC:在1級時，聖堂代行者獲得研究自己所殺戮目標的能力，如同殺手的同名職業能力一般，他的審判者等級作為有效殺手等級。本能力取代審判1次/天。	
CATEGORY=Special Ability|Sanctified Slayer ~ Sneak Attack.MOD	OUTPUTNAME:偷襲（Sneak Attack）	DESC:.CLEAR	DESC:在4級時，如果聖堂代行者可以在對手無法有效防禦自己時做出攻擊，他可以攻擊對手的要害以造成額外傷害。在目標無法應用敏捷加值在AC上 (無論目標是否有敏捷加值)、或是目標被夾擊時，聖堂代行者的攻擊造成額外傷害。在4級時這個額外傷害為＋1d6，並且在之後的每3級都再增加1d6。如果聖堂代行者在偷襲時造成了重擊，額外傷害不會翻倍。遠程攻擊只有在30尺內時才可以算作偷襲。使用造成非致命傷害的武器時 (像是悶棍、長鞭或徒手攻擊)，聖堂代行者可以在偷襲時造成非致命傷害而不是致命傷害。他不能在使用造成致命傷的武器偷襲時造成非致命傷害，即使承受了-4的懲罰也不行。聖堂代行者必須能夠充分地看到目標以找到一個要害，並必須能夠觸到該要害。聖堂代行者在攻擊有隱蔽的生物時不能造成偷襲傷害。本能力取代後續獲得的審判次數。	
CATEGORY=Special Ability|Sanctified Slayer ~ Talented Slayer.MOD	OUTPUTNAME:殺人技巧（Talented Slayer）	DESC:.CLEAR	DESC:在8，16，17和20級時，聖堂代行者可以獲得一個殺手的殺手天賦，也包括了殺手可以選擇的盜賊天賦，但不可選擇高等殺手天賦。本能力取代第二，第三和最終審判。	
# Oracle
CATEGORY=Special Ability|Psychic Searcher ~ Inspiration.MOD	OUTPUTNAME:靈感（Inspiration）	DESC:.CLEAR	DESC:在2級時，靈智偵探獲得一個靈感池，如同調查員的同名職業能力。在決定靈感池的大小時，靈智偵探以他的先知等級作為調查員等級。在進行交涉，知識（奧術，歷史，本地，貴族，位面，宗教）和察言觀色檢定時，靈智偵探可以使用靈感能力優化這些檢定的結果而無需消耗靈感點數。每天在靈智偵探獲得法術時他的靈感池也會同時得到恢復，並且他的靈感池大小基於他的魅力調整值而非智力調整值。本能力取代先知秘示域在2級的獎勵法術。	
CATEGORY=Special Ability|Psychic Searcher ~ Psychic Talent.MOD	OUTPUTNAME:心靈天賦（Psychic Talent）	DESC:.CLEAR	DESC:在3級時，靈智偵探的調查技巧和超感力獲得力階段性的提升，他可以選擇以下調查員天賦之一：奇妙靈感，離奇回憶，代入思考，警覺靈感，奇物學識，偵搜（他可以用察言觀色檢定取代察覺檢定進行追蹤），盜賊天賦（只能選擇老油條APG盜賊天賦）和執著靈感。每當靈智偵探可以選擇一個新的秘示域啟示時，他都可以獲得一個調查員天賦或者盜賊天賦（以上列表中的）作為替代。本能力取代先知秘示域在3級獲得的啟示。	
CATEGORY=Special Ability|Spirit Guide ~ Bonded Spirit.MOD	OUTPUTNAME:精魂契約（Bonded Spirit）	DESC:.CLEAR	DESC:在3級時，靈魂嚮導與一個魂域建立了暫時的鏈接，如同薩滿的飄渺魂域職業能力一般。每天在他更新自己的法術時，他也需要選擇自己所鏈接的魂域。靈魂嚮導必須選擇與自己的秘示域，陣營與世界觀接近的魂域（由GM裁定）。除此之外，靈魂嚮導獲得一個他所選擇的魂域所賦予的巫術。在決定巫術的效果時，將靈魂嚮導的先知等級視為薩滿等級，並以魅力值取代感知值，以感知取代魅力值。在4級時，靈魂嚮導可以將他鏈接魂域的所有魂術加入他的已知法術，但不能超過他可以施放的法術最高環數。在7級時，靈魂嚮導可以獲得自己當前鏈接魂域的精魂之力；在15級時，靈魂嚮導可以獲得自己當前鏈接魂域的高等精魂之力。本能力取代先知秘示域在3，7和15級獲得的啟示。	
CATEGORY=Special Ability|Warsighted ~ Martial Flexibility.MOD	OUTPUTNAME:千招百式（Martial Flexibility）	DESC:.CLEAR	DESC:在1級時，武神可以通過一個移動動作，在1分鐘時間內獲得一個她不具有的戰鬥專長。武神必須滿足獲得這些專長的前提條件。她每天可以使用此能力的次數等同於她3+先知等級數。如果在前一項招數的持續時間內武神希望激活另一個招式，他可以重新使用本能力，獲得另一個專長的效果。如果武神激活的戰鬥專長有每日使用次數限制（如震懾拳[Stunning Fist]專長），武神每次激活千招百式時使用的次數會統一計入本專長的每日使用次數限制中。在7級時，武神可以通過激活千招百式能力而最多同時獲得兩個戰鬥專長。她也可以只用一個迅捷動作激活一個專長，或是用一個移動動作同時激活兩個專長.在11級時，武神可以通過激活千招百式能力而最多同時獲得三個戰鬥專長。她也可以只用一個自由動作激活一個專長，或是用一個迅捷動作同時激活兩個專長，又或者是用一個移動動作激活全部三個專長。在15級時，武神可以以一個即時動作激活一個專長，或是使用一個迅捷動作同時激活3個專長。本能力取代先知秘示域在1，7，11和15級獲得的啟示。	
# Witch
CATEGORY=Special Ability|Hex Channeler ~ Channel Energy.MOD	OUTPUTNAME:引導能量（Channel Energy）	DESC:.CLEAR	DESC:在二級巫術引導者可以召喚她的庇護住來通過她或她的魔寵來釋放一道能量波。善良的女巫引導正能量（如同善良牧師），邪惡的女巫引導負能量（如同邪惡牧師）。非善良或邪惡牧師必須選擇她引導正能量或負能量；一旦做出選擇則不能調轉。引導能量是以女巫為中心半徑30尺的爆發範圍，影響同一類的所有生物（活物或是不死生物）。女巫每天引導能量的次數是 3+她的魅力調整值（最少是1）。這個能力在其他方面如同牧師引導能量，除了女巫不需要聖徽來使用這個能力。對於引導能量的其他效果（除造成傷害、治療或進行分配），巫術引導者用她的女巫等級來代替牧師等級。巫術引導者可以選擇該能力是否影響她和她的魔寵。引導能量造成1d6 治療或傷害。每當她可以學習新的巫術時（包括強力和高等巫術，但不包括額外巫術專長獲得的巫術），可以選擇提升引導能力1d6來替代。這個能力取代2級獲得的巫術。	
CATEGORY=Special Ability|Mountain Witch ~ Mountain Beast Empathy.MOD	OUTPUTNAME:山脈野獸共鳴（Mountain Beast Empathy）	DESC:.CLEAR	DESC:在2級，山脈女巫可以影響山區動物的態度，就如同德魯伊理解動物的職業特徵一樣，但只能影響原本是生活與山脈地區的動物。山脈女巫用她的女巫等級代替德魯伊的等級來使用這個能力。這個能力代替在2級獲得的巫術。	
# Gunslinger
CATEGORY=Special Ability|Bolt Ace ~ Grit.MOD	OUTPUTNAME:勇毅（Grit）	DESC:.CLEAR	DESC:一名王牌弩手會在他使用任何種類的弩確認重擊或一弩致命（deals a killing blow，見銃士一槍致命）時回復勇毅值，這取代標準的勇毅職業能力。	
CATEGORY=Special Ability|Bolt Ace ~ Sharp Shoot.MOD	OUTPUTNAME:精準射擊（Sharp Shoot）	DESC:.CLEAR	DESC:在1級時，一名王牌弩手可以在射擊一個位於武器第一個射程增量內的目標時對抗敵人的接觸AC而非普通AC。啟動該勇毅動作消耗1點勇毅值。該勇毅動作取代狙擊之眼。該能力的消耗無法被任何減少消耗的能力（比如招牌動作專長）或效果減少。	
CATEGORY=Special Ability|Bolt Ace ~ Vigilant Loading.MOD	OUTPUTNAME:警覺裝填（Vigilant Loading）	DESC:.CLEAR	DESC:在1級時，一名王牌弩手只要還有至少1點勇毅值，他在裝填弩時就不會造成敵人的機會攻擊。該勇毅動作取代快速清膛。	
CATEGORY=Special Ability|Bolt Ace ~ Shooter's Resolve.MOD	OUTPUTNAME:射手決意（Shooter's Resolve）	DESC:.CLEAR	DESC:在3級時，一名王牌弩手可以花費1點勇毅值用一個標準動作使用弩進行一次攻擊，並在這次攻擊中忽略所有的隱蔽（除了全隱蔽）和掩蔽（除了全掩蔽）效果。該勇毅動作取代萬用射擊。	
CATEGORY=Special Ability|Bolt Ace ~ Distracting Shot.MOD	OUTPUTNAME:擾亂射擊（Distracting Shot）	DESC:.CLEAR	DESC:在7級時，一名王牌弩手可以花費1點勇毅值並選擇故意射失一次本來正常會用弩命中敵人的遠程攻擊。當他這麼做後，目標會在1輪內失去AC上的敏捷加值。該勇毅動作取代驚異射擊。	
CATEGORY=Special Ability|Bolt Ace ~ Vigilant Shooter.MOD	OUTPUTNAME:警覺射手（Vigilant Shooter）	DESC:.CLEAR	DESC:在11級時，一名王牌弩手只要至少還有1點勇毅值，他在使用弩射擊時就不會造成機會攻擊。該勇毅取代裝填專家。	
CATEGORY=Special Ability|Bolt Ace ~ Inexplicable Reload.MOD	OUTPUTNAME:奇妙裝填（Inexplicable Reload）	DESC:.CLEAR	DESC:在11級時，對一名王牌弩手來說，裝填弩矢會成為一種不假思索的本能。只要一名王牌弩手還有至少1點勇毅值，他在戰鬥的每一輪開始時（包括突襲輪），弩始終會處於已裝填狀態。另外，對於一名王牌弩手來說，裝填弩箭的動作會降低一個等級：標準動作降低為移動動作，移動動作降低為迅捷動作，迅捷動作降低為自由動作，而如果他之前可以以自由動作裝填，那麼他裝填弩矢不需要動作。該勇毅動作取代閃電裝填。	
CATEGORY=Special Ability|Bolt Ace ~ Pinning Shot.MOD	OUTPUTNAME:釘刺射擊（Pinning Shot）	DESC:.CLEAR	DESC:在15級時，一名王牌弩手可以在用弩射擊時花費1點勇毅值嘗試定住他所射擊的目標。如果這次攻擊成功命中，它能夠將目標釘在一個臨近物體上，一堵牆上，或是直接釘在地上，使目標受到糾纏和恍惚效果。在被擊倒後，一名目標不能移動出所在的格子，除非它花費一個標準動作將自己從這只釘刺弩矢上解放出來，或是使用傳送的方法離開所在位置。該勇毅動作取代威嚇射擊。	
CATEGORY=Special Ability|Bolt Ace ~ Crossbow Training.MOD	OUTPUTNAME:十字弓訓練（Crossbow Training）	DESC:.CLEAR	DESC:從5級起，一名王牌弩手可以選擇一種特定種類的弩，如手弩或是重弩。他在使用他說選擇的這種類型的弩時的傷害上獲得等於她敏捷修正的加值。另外，在使用這種類型的弩時，他可以使武器的重擊倍率上升1（一個*2武器上升至*3）。在5級之後每4級，他可以選擇一種其他種類的弩，在使用那種弩時獲得傷害加值和重擊倍率加值。該能力取代槍械訓練。	
CATEGORY=Special Ability|Dare ~ Desperate Evasion.MOD	OUTPUTNAME:絕望反射（Desperate Evasion）	DESC:.CLEAR	DESC:當該勇氣挑戰生效時，你獲得反射閃避職業能力。如果你已經有了反射閃避職業能力，在該勇氣挑戰生效時，你可以在做一個反射豁免時雙骰取高。在該勇氣挑戰生效時你每在反射豁免中成功2次，你就能回復1點勇毅或是時髦值。	
CATEGORY=Special Ability|Dare ~ Frantically Nimble.MOD	OUTPUTNAME:瘋狂機敏（Frantically Nimble）	DESC:.CLEAR	DESC:當該勇氣挑戰生效時，你在AC上獲得+2閃避加值。如果任何敵人連續3次對你做近戰或遠程攻擊失手，你就能回復1點勇毅或時髦值。這些攻擊並不需要來自於同一個敵人。	
CATEGORY=Special Ability|Dare ~ Out for Blood.MOD	OUTPUTNAME:必不罷休（Out for Blood）	DESC:.CLEAR	DESC:當該勇氣挑戰生效時，你的火器（對於銃士）或是輕型或單手穿刺近戰武器（對於遊蕩劍客）的重擊範圍增加1（20/*4變為19-20/*4，19-20/*2變為18-20/*2，以此類推）。該效果不與會改變武器重擊範圍的相似效果疊加。	
CATEGORY=Special Ability|Dare ~ Run Like Hell.MOD	OUTPUTNAME:及時轉進（Run Like Hell）	DESC:.CLEAR	DESC:當該勇氣挑戰生效時，你的移動速度增加10尺，並且你在奔跑時不會失去AC上的敏捷加值。你會在你第一次和最近的敵人相距100尺以上時回復1點勇毅或時髦值。	
# Magus
CATEGORY=Special Ability|Eldritch Scion ~ Spells.MOD	OUTPUTNAME:法術（Spells）	DESC:.CLEAR	DESC:一名奧法後繼者使用魔戰士法術列表中的法術。他可以釋放任何他所知道的法術而不需要預先準備。要學習或施放一個法術，奧法後繼者的魅力值必須至少為10 + 法術等級。奧法後繼者法術的豁免難度等於10 + 法術等級 + 奧法後繼者的魅力調整值。一名奧法後繼者每天只能施放固定數量的法術。他的基本每日法術數量等同於一個和他等級相同的吟遊詩人。此外，他也可以因為高魅力值而獲得額外的每日法術。一名奧法後繼者所知的法術數量有限。他擁有一個和他相同等級的詩人相同數量的已知法術，並且可以選擇學習一個新法術以替代一個原本的法術。在第5級以及之後每3個等級，就好像一個詩人能做的那樣，（見核心規則書P35，詩人職業能力部分）。該能力替換魔戰士原本的施法職業能力。	
CATEGORY=Special Ability|Eldritch Scion ~ Spell Combat.MOD	OUTPUTNAME:法術戰鬥（Spell Combat）	DESC:.CLEAR	DESC:一名奧法後繼者只有在進入神秘專注狀態時（見上文奧法之池能力）才能還是用法術戰鬥。在8級時，奧法後繼者可以在任意情況下使用法術戰鬥。該能力替換標準的法術戰鬥能力。	
CATEGORY=Special Ability|Eldritch Scion ~ Bonus Spells.MOD	OUTPUTNAME:額外法術（Bonus Spells）	DESC:.CLEAR	DESC:在7級時，一名奧法後繼者可以將他的血脈狂怒者血脈10級時所獲得的獎勵法術作為額外法術加入他的法術列表。他會在9、11和13級獲得他血脈能力的另外3個獎勵法術。該能力取代標準魔戰士的知識力池能力。	
CATEGORY=Special Ability|Magus Arcana ~ Arcane Deed.MOD	OUTPUTNAME:奧能炫技（Arcane Deed）	DESC:.CLEAR	DESC:當魔戰士選擇這個奧能時，他可以從遊蕩劍客職業能力中選擇任何一個等級等同於他魔戰士等級的遊蕩劍客可用的炫技。他使用該炫技時可用他【奧能力池】中的奧能作為時髦值來滿足炫技的消耗需求。即使他用別的方法獲得了時髦池，對於以奧能炫技能力獲得的炫技，他也不會被視為至少有一點時髦點存在。在決定該炫技效果時，魔戰士的有效遊蕩劍客等級為0。特殊：一個魔戰士可以多次選擇這個奧能，在每次都習得一個新的炫技。	
CATEGORY=Special Ability|Magus Arcana ~ Flamboyant Arcana.MOD	OUTPUTNAME:華麗奧能（Flamboyant Arcana）	DESC:.CLEAR	DESC:魔戰士獲得遊蕩劍客炫技列表中的『大膽特技』和『適時格擋反擊』炫技。魔戰士只能使用他的【奧能力池】（不能使用時髦值）來滿足他從這個奧能中所獲得的炫技或「奧能炫技」獲得的炫技的消耗，他不能用奧能力點來通過使用別的職業或專長獲得的炫技，也不能使用遊蕩劍客恢復時髦點的方法恢復奧能力池中的奧能點。增加勇毅和時髦值的數量，或減少勇毅和時髦值的消耗，或其他影響勇毅和時髦值的效果不會因為魔戰士選擇該奧能而影響魔戰士的【奧能力池】。	


