# Barbarian
CATEGORY=Special Ability|Breaker ~ Destructive.MOD	OUTPUTNAME:毀滅狂怒（Destructive）	DESC:.CLEAR	DESC:當破壞者近戰攻擊一個無主物品、或是發動破武戰技時，將他職業等級的一半（最少1點）加到傷害裡。該能力取代快速移動。	
CATEGORY=Special Ability|Breaker ~ Battle Scavenger.MOD	OUTPUTNAME:破刃之劍（Battle Scavenger）	DESC:.CLEAR	DESC:在3級時，即使破壞者使用臨時武器或破損狀態的武器，他也不受任何減值。有更甚者，使用此類武器時，他造成的傷害+1，此加值在3級之後的每3級再+1。該能力取代陷阱感知。	
CATEGORY=Special Ability|Brutal Pugilist ~ Savage Grapple.MOD	OUTPUTNAME:野蠻擒抱（Savage Grapple）	DESC:.CLEAR	DESC:2級時奪命鐵拳在擒抱時敏捷、攻擊檢定、戰技檢定只受到一半的減值。【編註：即敏捷-2，攻擊和戰技檢定-1。】他可以對擒抱他的敵人展開藉機攻擊，即使對方有「精通擒抱」專長或者「攫抓」能力。如果這次藉機攻擊命中，他對抗擒抱的CMD獲得+2環境加值。他不能在被擒抱以後才進行藉機攻擊。該能力取代直覺閃避。	
CATEGORY=Special Ability|Brutal Pugilist ~ Pit Fighter.MOD	OUTPUTNAME:角鬥士（Pit Fighter）	DESC:.CLEAR	DESC:在第3級，奪命鐵拳已經在械鬥和角鬥台中學會戰鬥的技巧。選擇一個戰技，奪命鐵拳在該戰技的CMB或CMD上獲得+1洞察加值。如果野蠻人沒有穿鎧甲（可以拿盾）這個加值增加到2。在3級之後每3級，他可以選擇另一項戰技，並使該戰技的CMB或CMD獲得上述加值。每個戰技可應用該加值不超過兩次：分別在CMB和CMD上。該能力取代陷阱感知。	
CATEGORY=Special Ability|Brutal Pugilist ~ Improved Savage Grapple.MOD	OUTPUTNAME:精通野蠻擒抱（Improved Savage Grapple）	DESC:.CLEAR	DESC:在5級時奪命鐵拳在擒抱時敏捷、攻擊檢定、戰技檢定不受減值。此外，當被擒抱或吞嚥需決定體型時，他的體型可以被視為提高一級。該能力取代精通直覺閃避。	
CATEGORY=Special Ability|Drunken Brute ~ Raging Drunk.MOD	OUTPUTNAME:醉狂暴（Raging Drunk）	DESC:.CLEAR	DESC:狂暴時，醉蠻可以用一個移動動作喝藥水、一大杯啤酒或類似數量的酒精，不引發藉機攻擊。藥水有其正常的作用，而酒精飲料可以使他這一輪的狂暴不算在今天的狂暴輪內（取代酒精的正常效果）。狂暴結束時，他每在狂暴中消費的一個酒精飲料讓他反胃1輪，同時仍受到正常的疲乏狀態。【不倦狂暴】並不能忽略反胃效果，但是【內在強韌】這一狂暴之力則可以。該能力取代快速移動。	
CATEGORY=Special Ability|Elemental Kin ~ Elemental Fury.MOD	OUTPUTNAME:元素之怒（Elemental Fury）	DESC:.CLEAR	DESC:3級時，當元素鬥士狂暴時一次性受到一種數值不小於他野蠻人等級的元素傷害時，他當日狂暴總輪數增加1輪。在6級，及之後每3級時，每次受元素傷害增加輪數的數值再加1，最高為18級時+6輪每次受傷。該能力取代陷阱感知。	
CATEGORY=Special Ability|Hurler ~ Skilled Thrower.MOD	OUTPUTNAME:投擲技巧（Skilled Thrower）	DESC:.CLEAR	DESC:投石蠻人擅長在戰鬥中投擲物品，增加所有投擲武器或物品的距離10尺。該能力取代快速移動。	
CATEGORY=Special Ability|Invulnerable Rager ~ Invulnerability.MOD	OUTPUTNAME:刀槍不入（Invulnerability）	DESC:.CLEAR	DESC:2級時，堅毅狂暴者獲得等於他的野蠻人等級一半的「DR/-」，這個傷害減免在對非致命傷害時加倍。該能力取代直覺閃避、精通直覺閃避、傷害減免。	
CATEGORY=Special Ability|Invulnerable Rager ~ Extreme Endurance.MOD	OUTPUTNAME:極限耐力（Extreme Endurance）	DESC:.CLEAR	DESC:3級起，堅毅狂暴者習慣了過熱或過冷的氣候效應（選擇其中一種），如同處於『忍受環境（Endure Elements）』法術效果。此外，野蠻人獲得寒冷或火焰抗力1點，此抗力在3級之後的每3級+1。該能力取代陷阱感知。	
CATEGORY=Special Ability|Mounted Fury ~ Fast Rider.MOD	OUTPUTNAME:快速騎手（Fast Rider）	DESC:.CLEAR	DESC:任何野蠻人的騎乘的坐騎速度增加10尺。該能力取代快速移動。	
CATEGORY=Special Ability|Mounted Fury ~ Bestial Mount.MOD	OUTPUTNAME:野性坐騎（Bestial Mount）	DESC:.CLEAR	DESC:5級時，怒濤騎手獲得一匹野性坐騎。這一坐騎與德魯伊的動物夥伴類似，使用「野蠻人等級-4」作為他的有效德魯伊等級。他選擇的生物必須是自己能夠騎乘並且適合騎乘的，比如中體型野蠻人可選駱駝或馬，小體型野蠻人可選矮種馬或狼，也可選野豬或騎乘犬（取決於其體型和等級，比如直到8級之前，野豬和騎乘犬都是不適合騎乘的）。如果野蠻人在他的野性坐騎上狂暴，坐騎力量獲得+2士氣加值。該能力取代直覺閃避、精通直覺閃避。	
CATEGORY=Special Ability|Savage Barbarian ~ Naked Courage.MOD	OUTPUTNAME:赤裸勇氣（Naked Courage）	DESC:.CLEAR	DESC:3級時，在沒穿盔甲的時候（可以拿盾）原始蠻人獲得+1AC閃避加值和對恐懼效果豁免+1士氣加值。這個加值在3級之後的每6級+1。該能力取代陷阱感知。	
CATEGORY=Special Ability|Savage Barbarian ~ Natural Toughness.MOD	OUTPUTNAME:天然韌性（Natural Toughness）	DESC:.CLEAR	DESC:7級時，在沒穿盔甲的時候（可以拿盾）原始蠻人獲得+1AC天生防禦加值。這個加值在7級之後的每3級+1。該能力取代傷害減免。	
CATEGORY=Special Ability|Superstitious ~ Sixth Sense.MOD	OUTPUTNAME:第六感（Sixth Sense）	DESC:.CLEAR	DESC:3級時盲信者的先攻檢定+1，在突襲輪獲得+1AC洞察加值。這個加值在3級之後的每3級+1。該能力取代陷阱感知。	
CATEGORY=Special Ability|Superstitious ~ Keen Senses.MOD	OUTPUTNAME:敏銳感官（Keen Senses）	DESC:.CLEAR	DESC:7級時盲信者獲得昏暗視覺（如果已經有昏暗視覺，則距離增加為一般視覺的3倍）。10級時他獲得（或增加）黑暗視覺60呎。在13級他獲得靈敏嗅覺；16級時，他獲得盲感30英尺；在19級，他獲得盲視30英尺。該能力取代傷害減免。	
CATEGORY=Special Ability|Rage Power ~ Beast Totem (Lesser).MOD	OUTPUTNAME:次級野獸圖騰（Beast Totem, Lesser）	DESC:.CLEAR	DESC:狂暴時野蠻人獲得2爪抓攻擊。這些攻擊是主要攻擊，並使用野蠻人的完整的BAB。爪抓造成1d6點揮砍傷害（小型生物為1d4）再加上野蠻人的力量修正。	
CATEGORY=Special Ability|Rage Power ~ Beast Totem.MOD	OUTPUTNAME:中級野獸圖騰（Beast Totem）	DESC:.CLEAR	DESC:狂暴時野蠻人AC獲得+1天生護甲加值。這個加值每4個野蠻人等級+1。野蠻人必須習得【次級野獸圖騰】且至少6級才能選擇這個狂暴之力。	
CATEGORY=Special Ability|Rage Power ~ Beast Totem (Greater).MOD	OUTPUTNAME:高級野獸圖騰（Beast Totem, Greater）	DESC:.CLEAR	DESC:狂暴時野蠻人獲得「猛撲」特殊能力，讓他在衝鋒之後能發動全力攻擊。此外，他的爪抓傷害增加到1d8（小型生物為1d6），重擊倍率增為×3。野蠻人必須習得【中級野獸圖騰】且至少10級才能選擇這個狂暴之力。	
CATEGORY=Special Ability|Rage Power ~ Boasting Taunt.MOD	OUTPUTNAME:挑釁（Boasting Taunt）	DESC:.CLEAR	DESC:狂暴時野蠻人可以用挫敗士氣的威嚇技能檢定煽動生物攻擊他。如果檢定成功，目標只要看到那個狂暴中的野蠻人就一直處於戰慄狀態，直到他近戰攻擊該野蠻人。野蠻人狂暴時每攝入一份酒精，威嚇檢定就獲得+2環境加值。這是一個依賴於語言的【影響心靈】作用，它依靠發聲器官。野蠻人必須至少6級才能選擇這個狂暴之力。	
CATEGORY=Special Ability|Rage Power ~ Brawler.MOD	OUTPUTNAME:鬥毆（Brawler）	DESC:.CLEAR	DESC:狂暴時野蠻人被視為如同有「精通徒手擊打」專長。如果他已經擁有專長，他徒手打擊造成1d6點傷害（小型1d4）。	
CATEGORY=Special Ability|Rage Power ~ Brawler (Greater).MOD	OUTPUTNAME:高等鬥毆（Brawler, Greater）	DESC:.CLEAR	DESC:狂暴時野蠻人的徒手攻擊被視為如同有「雙武器格鬥」專長。野蠻人必須習得【鬥毆】的野蠻人才能選擇此狂暴之力。	
CATEGORY=Special Ability|Rage Power ~ Chaos Totem (Lesser).MOD	OUTPUTNAME:次級混沌圖騰（Chaos Totem, Lesser）	DESC:.CLEAR	DESC:狂暴時野蠻人對秩序生物的攻擊獲得+1AC偏斜加值，並在對抗『困惑術』、『精神錯亂』、『變形術』與有秩序描述的法術時，豁免檢定獲得+1抗力加值。每當野蠻人選擇一個新的混沌圖騰狂暴之力時，該加值再+1。	
CATEGORY=Special Ability|Rage Power ~ Chaos Totem.MOD	OUTPUTNAME:中級混沌圖騰（Chaos Totem）	DESC:.CLEAR	DESC:狂暴時野蠻人的身影充滿了混沌力量。他的脫逃技能檢定+4，並有25%%的幾率免除重擊和偷襲的額外傷害。野蠻人必須習得【次級混沌圖騰】且至少6級才能選擇這個狂暴之力。	
CATEGORY=Special Ability|Rage Power ~ Chaos Totem (Greater).MOD	OUTPUTNAME:高級混沌圖騰（Chaos Totem, Greater）	DESC:.CLEAR	DESC:狂暴時野蠻人獲得DR「1/2野蠻人等級/秩序」。他的武器和天生武器在克服DR時視為混亂陣營。野蠻人必須習得【中級混沌圖騰】且至少10級才能選擇這個狂暴之力。	
CATEGORY=Special Ability|Rage Power ~ Come and Get Me.MOD	OUTPUTNAME:反擊態勢（Come and Get Me）	DESC:.CLEAR	DESC:狂暴時，野蠻人可以用一個自由動作準備展開毀滅性的反擊。直到野蠻人的下一回合之前，敵人對他的攻擊檢定和傷害檢定+4，但是敵人對他的每次攻擊都會引起野蠻人的藉機攻擊，藉機攻擊會在敵人的攻擊之前完成。野蠻人必須至少12級才能選擇這個狂暴之力。	
CATEGORY=Special Ability|Rage Power ~ Disruptive.MOD	OUTPUTNAME:擾法者（Disruptive）	DESC:.CLEAR	DESC:狂暴時野蠻人獲得「擾法者」作為獎勵專長。野蠻人必須習得【迷信】才能選擇此狂暴之力。野蠻人必須至少8級才能選擇這個狂暴之力。	
CATEGORY=Special Ability|Rage Power ~ Elemental Rage (Lesser).MOD	OUTPUTNAME:次級元素之怒（Elemental Rage, Lesser）	DESC:.CLEAR	DESC:作為一個迅捷動作，野蠻人這輪的所有近戰攻擊額外造成1d6點能量傷害（強酸、寒冷、電擊或火焰）。野蠻人必須至少4級才能選擇這個狂暴之力。這項能力每次狂暴只能使用1次。	
CATEGORY=Special Ability|Rage Power ~ Elemental Rage.MOD	OUTPUTNAME:中級元素之怒（Elemental Rage）	DESC:.CLEAR	DESC:狂暴時野蠻人近戰攻擊額外造成1d6點能量傷害（強酸、寒冷、電擊或火焰），能量類型在野蠻人進入狂暴時決定。野蠻人必須習得「次級元素之怒」且至少8級才能選擇這個狂暴之力。請注意，野蠻人仍然可以使用他的【次級元素之怒】，但他必須選擇不同的能量類型。	
CATEGORY=Special Ability|Rage Power ~ Elemental Rage (Greater).MOD	OUTPUTNAME:高等元素之怒（Elemental Rage, Greater）	DESC:.CLEAR	DESC:狂暴時野蠻人的所有近戰武器重擊額外造成1d10點能量傷害（如果武器重擊倍率×3則增為2d10，×4則增為3d10）。這種傷害的類型與「中級元素之怒」選擇的類型相同。野蠻人必須習得【中級元素之怒】且至少12級才能選擇這個狂暴之力。	
CATEGORY=Special Ability|Rage Power ~ Energy Absorption.MOD	OUTPUTNAME:能量吸收（Energy Absorption）	DESC:.CLEAR	DESC:野蠻人能吸收一次攻擊的能量傷害。他不進行豁免，但不造成傷害，而原本造成的每3點傷害讓野蠻人獲得1點臨時HP。這些臨時HP持續到野蠻人的狂暴結束。野蠻人必須習得【高等能量抵抗】且至少12級才能選擇這個狂暴之力。這項能力每次狂暴只能使用1次。	
CATEGORY=Special Ability|Rage Power ~ Energy Eruption.MOD	OUTPUTNAME:能量爆發（Energy Eruption）	DESC:.CLEAR	DESC:野蠻人能吸收一次攻擊的能量傷害，並還給他的敵人。他不進行豁免，但不造成傷害。在他那次狂暴的任何時候，釋放存儲的能量進行60尺直線或30尺錐形的噴吐攻擊。噴吐攻擊的傷害等於野蠻人吸收的傷害，區域內生物可以通過DC為「10+1/2野蠻人等級+體質修正」的反射豁免使傷害減半，即使原來的效果不能豁免。野蠻人必須習得【能量吸收】且至少12級才能選擇這個狂暴之力。這項能力每次狂暴只能使用1次。	
CATEGORY=Special Ability|Rage Power ~ Energy Resistance.MOD	OUTPUTNAME:能量抵抗（Energy Resistance）	DESC:.CLEAR	DESC:選擇一種能量類型（強酸、寒冷、電擊、火焰或聲波），狂暴時獲得所選能量的抗力，點數等於野蠻人等級的一半（最小為1）。能量類型是選擇這個狂暴之力時選定的且不能改變。這個狂暴之力可以選擇多於1次，其效果不會疊加，每次適用於不同的能量類型。	
CATEGORY=Special Ability|Rage Power ~ Energy Resistance (Greater).MOD	OUTPUTNAME:高等能量抵抗（Energy Resistance, Greater）	DESC:.CLEAR	DESC:野蠻人可以減少一半他所抵抗的能量傷害（減少一半的傷害，然後再應用能量抵抗）。野蠻人必須習得【能量抵抗】且至少8級才能選擇這個狂暴之力。這項能力每次狂暴只能使用1次。	
CATEGORY=Special Ability|Rage Power ~ Ferocious Mount.MOD	OUTPUTNAME:狂暴坐騎（Ferocious Mount）	DESC:.CLEAR	DESC:野蠻人騎乘且狂暴的時候，只要野蠻人還在騎乘或鄰接坐騎，他的坐騎也獲得狂暴效果（包括大狂暴與強力狂暴）。此時野蠻人每輪須額外消耗1輪狂暴輪數。他也可以選擇不消耗，那樣坐騎將不會狂暴。	
CATEGORY=Special Ability|Rage Power ~ Ferocious Mount (Greater).MOD	OUTPUTNAME:高等狂暴坐騎（Ferocious Mount, Greater）	DESC:.CLEAR	DESC:野蠻人騎乘且狂暴的時候，他的坐騎也獲得他的狂暴之力的效果，但坐騎不會得到需要動作才能使用的能力，即使是自由動作。野蠻人必須習得【狂暴坐騎】且至少8級才能選擇這個狂暴之力。	
CATEGORY=Special Ability|Rage Power ~ Ferocious Trample.MOD	OUTPUTNAME:兇猛踐踏（Ferocious Trample）	DESC:.CLEAR	DESC:野蠻人騎乘且狂暴的時候，他的坐騎獲得「踐踏」特殊攻擊。中型、大型和超大型坐騎的踐踏傷害分別為1d8、2d6和2d8，加上1.5倍坐騎力量修正。成功的反射豁免能夠令傷害減半，DC為「10+1/2野蠻人等級+坐騎力量修正」。受到踐踏攻擊的生物可以對野蠻人或坐騎之一進行藉機攻擊。野蠻人必須習得【狂暴坐騎】且至少8級才能選擇這個狂暴之力。	
CATEGORY=Special Ability|Rage Power ~ Ferocious Trample (Greater).MOD	OUTPUTNAME:高等兇猛踐踏（Ferocious Trample, Greater）	DESC:.CLEAR	DESC:野蠻人坐騎的踐踏造成比原本【兇猛踐踏】大一級的傷害。並且當目標反射豁免失敗（或是選擇不反射，而是藉機攻擊）時，它可以用自由動作嘗試進行闖越戰技。野蠻人必須習得【兇猛踐踏】且至少12級才能選擇這個狂暴之力。	
CATEGORY=Special Ability|Rage Power ~ Fiend Totem (Lesser).MOD	OUTPUTNAME:次級惡魔圖騰（Fiend Totem, Lesser）	DESC:.CLEAR	DESC:狂暴時，野蠻人頭上長出一對大牛角並獲得抵撞攻擊。此攻擊為主要天生武器（除非野蠻人同時用武器攻擊，那麼抵撞作為次要天生武器），採用野蠻人的最高BAB（若是次要天生武器則-5）。抵撞攻擊造成1d8點穿刺傷害（小體型1d6），再加上野蠻人的力量修正（若是次要天生武器則減半）。	
CATEGORY=Special Ability|Rage Power ~ Fiend Totem.MOD	OUTPUTNAME:中級惡魔圖騰（Fiend Totem）	DESC:.CLEAR	DESC:狂暴時，數十根邪惡的倒鉤從野蠻人的身體竄出。任何對野蠻人使用近戰武器、天生武器或徒手攻擊的生物會受到1d6點穿刺傷害。野蠻人必須習得【次級惡魔圖騰】且至少6級才能選擇這個狂暴之力。	
CATEGORY=Special Ability|Rage Power ~ Fiend Totem (Greater).MOD	OUTPUTNAME:高級惡魔圖騰（Fiend Totem, Greater）	DESC:.CLEAR	DESC:狂暴時，野蠻人四周圍繞著威脅光環。鄰接野蠻人的善良生物進入戰慄狀態，並在野蠻人的回合開始時受到2d6點揮砍傷害，如同被數十把利刃割裂血肉。鄰接野蠻人的中立生物會戰慄，但不會受傷。邪惡生物不會受到影響。野蠻人必須習得【中級惡魔圖騰】且至少10級才能選擇這個狂暴之力。	
CATEGORY=Special Ability|Rage Power ~ Flesh Wound.MOD	OUTPUTNAME:不屈武勇（Flesh Wound）	DESC:.CLEAR	DESC:野蠻人可以盡量避免造成嚴重損害的攻擊。野蠻人必須通過DC等於此次攻擊傷害值的強韌檢定——該豁免檢定受防具減值影響，如果豁免成功，這次攻擊對野蠻人造成一半致命傷害和一半非致命傷害。野蠻人必須在攻擊命中後、傷害檢定前決定是否使用此能力。野蠻人必須至少10級選擇才能這個狂暴之力。這項能力每次狂暴只能使用1次。	
CATEGORY=Special Ability|Rage Power ~ Good for What Ails You.MOD	OUTPUTNAME:苦礎良藥（Good for What Ails You）	DESC:.CLEAR	DESC:狂暴時，喝一杯酒可以讓野蠻人重新嘗試豁免以擺脫下列影響他的效果：目盲，困惑，目眩，耳聾，力竭，疲乏，驚懼，反胃，恐慌，震懾，噁心。如果豁免成功，效果在他狂暴期間受到抑制。他還可以對中毒效果進行1次新的豁免，如果成功則痊癒，失敗也不會有額外負面效果。	
CATEGORY=Special Ability|Rage Power ~ Ground Breaker.MOD	OUTPUTNAME:大地之擊（Ground Breaker）	DESC:.CLEAR	DESC:野蠻人可以用手中武器對地面發動一次攻擊，這次攻擊自動命中並正常造成傷害。如果造成的傷害大於地面硬度，則野蠻人佔據與鄰接的空間變為困難地形。除野蠻人以外，所有在該區域的生物需進行DC為15的反射檢定，失敗則摔倒。野蠻人必須至少6級才能選擇這個狂暴之力。這項能力每次狂暴只能使用1次。	
CATEGORY=Special Ability|Rage Power ~ Guarded Life.MOD	OUTPUTNAME:生命守護（Guarded Life）	DESC:.CLEAR	DESC:狂暴時，如果一次攻擊使野蠻人HP低於0，野蠻人可以將致命傷害轉換為非致命傷害，每野蠻人等級1點。如果野蠻人因致命傷害而令生命值為負，他的傷勢自動穩定。	
CATEGORY=Special Ability|Rage Power ~ Hurling (Lesser).MOD	OUTPUTNAME:次級投擲（Hurling, Lesser）	DESC:.CLEAR	DESC:狂暴時，野蠻人能以整輪動作舉起並投出一個物體，將其作為射程增量為10尺的臨時武器。用雙手、單手分別能投出比自己體型小一級、兩級的物體，造成傷害等同於物體墜落並加上野蠻人的力量修正。若物體並非石頭、金屬或類似的堅硬材料則傷害減半。這是一次遠程接觸攻擊，目標可以嘗試DC為「10+1/2野蠻人等級+力量修正」的反射豁免使傷害減半。野蠻人可以在此次攻擊中使用「猛力攻擊」專長，按雙手或單手投擲分別計算額外傷害。	
CATEGORY=Special Ability|Rage Power ~ Hurling.MOD	OUTPUTNAME:中級投擲（Hurling）	DESC:.CLEAR	DESC:同【次級投擲】，但野蠻人可以使射程增量提高至20尺，或增加一級投擲物體的大小。野蠻人必須習得【次級投擲】且至少8級才能選擇這個狂暴之力。	
CATEGORY=Special Ability|Rage Power ~ Hurling (Greater).MOD	OUTPUTNAME:高級投擲（Hurling, Greater）	DESC:.CLEAR	DESC:同【中級投擲】，但野蠻人可以使射程增量提高至30尺，或增加兩級投擲物體的大小。野蠻人必須習得【中級投擲】且至少12級才能選擇這個狂暴之力。	
CATEGORY=Special Ability|Rage Power ~ Hurling Charge.MOD	OUTPUTNAME:衝鋒投擲（Hurling Charge）	DESC:.CLEAR	DESC:狂暴時，野蠻人可以裝備一件武器並在衝鋒期間投擲出去。野蠻人在衝鋒中的投擲與衝鋒最後的近戰攻擊檢定都+2。野蠻人必須至少移動10尺才能投擲，然後再移動至少10尺才能做出近戰攻擊。野蠻人必須在衝鋒前裝備一件投擲武器或是空著一隻手。野蠻人必須習得【次級投擲】且至少6級才能選擇這個狂暴之力。	
CATEGORY=Special Ability|Rage Power ~ Inspire Ferocity.MOD	OUTPUTNAME:狂怒激發（Inspire Ferocity）	DESC:.CLEAR	DESC:狂暴時，野蠻人可以用一個移動動作，把【血性狂怒】的效果分享給30尺內的所有自願盟友，持續時間等於他的魅力修正（最小為1）。野蠻人必須習得【血性狂怒】才能選擇這個狂暴之力。	
CATEGORY=Special Ability|Rage Power ~ Knockdown.MOD	OUTPUTNAME:沉重打擊（Knockdown）	DESC:.CLEAR	DESC:取代一次近戰攻擊，野蠻人可以絆摔一個目標。如果成功，目標受到等於野蠻人力量修正的傷害，並被擊倒。這不會引發藉機攻擊。這項能力每次狂暴只能使用1次。	
CATEGORY=Special Ability|Rage Power ~ Liquid Courage.MOD	OUTPUTNAME:勇氣之水（Liquid Courage）	DESC:.CLEAR	DESC:狂暴時，每份酒精為野蠻人帶來對〔影響心靈〕效果的豁免+1士氣加值，最大值為每4野蠻人等級1點。	
CATEGORY=Special Ability|Rage Power ~ Overbearing Advance.MOD	OUTPUTNAME:霸道推進（Overbearing Advance）	DESC:.CLEAR	DESC:狂暴時，野蠻人的闖越戰技若成功，則造成等同他力量修正的額外傷害。	
CATEGORY=Special Ability|Rage Power ~ Overbearing Onslaught.MOD	OUTPUTNAME:霸道猛進（Overbearing Onslaught）	DESC:.CLEAR	DESC:狂暴時，野蠻人可以1輪闖越多個目標，越過第一個以後對每個CMB-2。野蠻人必須習得【霸道推進】且至少6級才能選擇這個狂暴之力。	
CATEGORY=Special Ability|Rage Power ~ Reckless Abandon.MOD	OUTPUTNAME:血性狂怒（Reckless Abandon）	DESC:.CLEAR	DESC:狂暴時，野蠻人AC額外-1而攻擊檢定+1。在4級與之後每4級，AC再-1，而攻擊再+1。	
CATEGORY=Special Ability|Rage Power ~ Roaring Drunk.MOD	OUTPUTNAME:醉轟鳴（Roaring Drunk）	DESC:.CLEAR	DESC:狂暴時，每份酒精為野蠻人帶來威嚇檢定的+1士氣加值，最大值為每4野蠻人等級1點。	
CATEGORY=Special Ability|Rage Power ~ Smasher.MOD	OUTPUTNAME:破壞者（Smasher）	DESC:.CLEAR	DESC:當野蠻人攻擊無主物品時，他可以忽略對象的硬度。這個能力要在攻擊檢定確認之前使用。這項能力每次狂暴只能使用1次。	
CATEGORY=Special Ability|Rage Power ~ Spellbreaker.MOD	OUTPUTNAME:破法者（Spellbreaker）	DESC:.CLEAR	DESC:狂暴時，野蠻人獲得「破法者」作為獎勵專長。野蠻人必須習得【擾法者】且至少12級才能選擇這個狂暴之力。	
CATEGORY=Special Ability|Rage Power ~ Spirit Steed.MOD	OUTPUTNAME:駿馬精神（Spirit Steed）	DESC:.CLEAR	DESC:野蠻人騎乘且狂暴的時候，野蠻人的坐騎獲得「1/2野蠻人等級/魔法」的DR。野蠻人必須習得【狂暴坐騎】且至少6級才能選擇這個狂暴之力。	
CATEGORY=Special Ability|Rage Power ~ Spirit Totem (Lesser).MOD	OUTPUTNAME:次級靈魂圖騰（Spirit Totem, Lesser）	DESC:.CLEAR	DESC:狂暴時，野蠻人用圍繞著他的靈魂騷擾敵人。這些靈絲每輪對所有鄰接野蠻人的敵人揮擊一次，攻擊加值為野蠻人的最高BAB加上魅力修正。每次揮擊造成「1d4+野蠻人魅力修正」點負能量傷害。	
CATEGORY=Special Ability|Rage Power ~ Spirit Totem.MOD	OUTPUTNAME:中級靈魂圖騰（Spirit Totem）	DESC:.CLEAR	DESC:狂暴時，野蠻人周圍的靈魂使敵人難以見到他。非鄰接野蠻人的敵人在使用遠程或近戰（通常是長觸及武器）攻擊時有20%%失手率。野蠻人必須習得【次級靈魂圖騰】且至少6級才能選擇這個狂暴之力。	
CATEGORY=Special Ability|Rage Power ~ Spirit Totem (Greater).MOD	OUTPUTNAME:高級靈魂圖騰（Spirit Totem, Greater）	DESC:.CLEAR	DESC:狂暴時，野蠻人周圍的靈魂對鄰接的敵人變的更加危險。鄰接野蠻人的活體敵人在野蠻人的回合開始時受到1d8點負能量傷害。此外，野蠻人的靈絲可以攻擊到15尺遠的敵人，並且傷害增為1d6。野蠻人必須習得【中級靈魂圖騰】且至少10級才能選擇這個狂暴之力。	
CATEGORY=Special Ability|Rage Power ~ Staggering Drunk.MOD	OUTPUTNAME:醉步（Staggering Drunk）	DESC:.CLEAR	DESC:狂暴時，每份酒精為野蠻人帶來AC+1閃避加值，最大值為每4野蠻人等級1點。	
CATEGORY=Special Ability|Rage Power ~ Witch Hunter.MOD	OUTPUTNAME:獵巫人（Witch Hunter）	DESC:.CLEAR	DESC:狂暴時，野蠻人對擁有類法術能力或施法能力的敵人傷害+1，每4野蠻人等級再+1。野蠻人必須習得【迷信】才能選擇此狂暴之力。	
# Bard
CATEGORY=Special Ability|Arcane Duelist ~ Arcane Strike.MOD	OUTPUTNAME:奧術打擊（Arcane Strike）	DESC:.CLEAR	DESC:奧術決鬥者在1級時獲得「奧術打擊」作為獎勵專長。這個獎勵取代逸聞知識。	
CATEGORY=Special Ability|Arcane Duelist ~ Rallying Cry.MOD	OUTPUTNAME:戰鬥號角（Rallying Cry）	DESC:.CLEAR	DESC:1級時，奧術決鬥者能夠通過表演讓盟友重拾戰意。每一輪他可以進行一次威嚇檢定。在對抗恐懼和絕望效果時，任何在詩人30尺以內的盟友（包括詩人自己）都可以使用此檢定結果替代原本的豁免加值進行豁免。戰鬥號角對無法進行豁免的效果無效。這是一個影響心靈的效果，並依賴聲音成分運作。此表演能力取代破咒曲。	
CATEGORY=Special Ability|Arcane Duelist ~ Bladethirst.MOD	OUTPUTNAME:嗜血之刃（Bladethirst）	DESC:.CLEAR	DESC:6級或以上的奧術決鬥者能夠通過表演賦予30英尺內的一把武器，一件天生武器，一件雙頭武器的一端，或者50枚同樣的彈藥+1的增強加值。此加值在6級後的每3個等級增加1（在18級時達到最高+5）。這些加值可以和武器已有的加值疊加，最高達到+5的增強加值，或者為武器增添以下的特殊效果：護身，及遠，幽冥，銳鋒，狂斬，回力，電擊，電爆，尋蹤，追擊，血光。若被詩人加持的武器原本並非魔法武器，在為其增加特殊效果前，必須先給予其至少+1的增強加值。此表演能力取代暗示。	
CATEGORY=Special Ability|Arcane Duelist ~ Mass Bladethirst.MOD	OUTPUTNAME:群體嗜血之刃（Mass Bladethirst）	DESC:.CLEAR	DESC:18級或以上的奧術決鬥者能夠使用他的「嗜血之刃」表演影響距離他30尺內的多位盟友的武器，具體影響的數量按照詩人的意願決定。若同時賦予兩名盟友，此能力提供的加值變為+4，三名則變為+3，四名為+2，五名以上為+1。通過此能力賦予每件武器的能力必須相同。此能力取代群體暗示。	
CATEGORY=Special Ability|Arcane Duelist ~ Arcane Bond.MOD	OUTPUTNAME:奧術聯結（Arcane Bond）	DESC:.CLEAR	DESC:5級時，奧術決鬥者獲得「奧術連結」能力，如同法師的同名能力。在連結一把武器之後，奧術決鬥者每天可以額外施放一個他所知的任意法術。奧術決鬥者不能選擇連結魔寵或者其他類型的物品。在施放含有動作成分的法術時，他仍可以用手持握該武器以避免專注檢定。此能力替代博學。	
CATEGORY=Special Ability|Arcane Duelist ~ Arcane Armor.MOD	OUTPUTNAME:奧術護甲（Arcane Armor）	DESC:.CLEAR	DESC:10級時，奧術決鬥者獲得中甲熟練，並可以在穿戴中甲時忽略施法失敗率。在16級時，奧術決鬥者可以穿戴重甲施法並忽略失敗率。此能力取代萬事通。	
CATEGORY=Special Ability|Archivist ~ Naturalist.MOD	OUTPUTNAME:廣聞博識（Naturalist）	DESC:.CLEAR	DESC:當書卷學者用適當的知識檢定辨認出了一名生物後，他可以在戰鬥中通過表演，與他的盟友分享擊敗對方的策略。任何在書卷學者30英尺內的盟友的AC和攻擊檢定獲得+1洞察加值，對特異能力，超自然能力和類法術能力的豁免檢定也獲得+1洞察加值。這些加值都只在對抗此種怪物時有效（例如：僅在對抗冰巨人時生效，而非對所有巨人或所有人型生物）。此加值在第5級和之後每6級時額外加1。這個基於語言的能力同時依賴視覺和聲音成分運作。此能力替代激發勇氣。	
CATEGORY=Special Ability|Archivist ~ Lamentable Belaborment.MOD	OUTPUTNAME:長篇論述（Lamentable Belaborment）	DESC:.CLEAR	DESC:6級時，書卷學者能夠讓已經被他的表演迷魂的生物進一步變得困惑。使用此能力並不會打斷迷魂的效果，但啟動能力需要一個標準動作（在用以保持迷魂效果的自由動作之外）。目標必須進行一個DC為「10+1/2詩人等級+魅力修正」的意志豁免。成功的豁免檢定會令目標對此能力免疫24小時，但若豁免檢定失敗，目標就會在表演仍持續時一直陷入暈眩或困惑狀態（由書卷學者選定）。若目標承受任何傷害，此效果立即終止。這是一個依賴聲音成分生效的影響心靈能力。此能力替代暗示。	
CATEGORY=Special Ability|Archivist ~ Pedantic Lecture.MOD	OUTPUTNAME:學術講座（Pedantic Lecture）	DESC:.CLEAR	DESC:18級時，書卷學者可以使用「長篇論述」影響被他的表演迷魂的任意數量的生物。此外，在暈眩和困惑之外，他還可以選擇令目標陷入昏睡。此能力取代群體暗示。	
CATEGORY=Special Ability|Archivist ~ Lore Master.MOD	OUTPUTNAME:博學（Lore Master）	DESC:.CLEAR	DESC:第2級時，每天一次，書卷學者可以在任何知識檢定中取20。在2級之後的每6級，他都獲得一次額外的每日使用次數。此能力取代多才多藝。	
CATEGORY=Special Ability|Archivist ~ Magic Lore.MOD	OUTPUTNAME:魔法學識（Magic Lore）	DESC:.CLEAR	DESC:第二級時，書卷學者在用來鑒定魔法物品或解讀卷軸的法術辨識檢定中獲得等同於他詩人等級一半的加值，並且可以在這些檢定中取10。書卷學者可以使用解除裝置來解除魔法陷阱，如同擁有盜賊的尋找陷阱能力，並且在對抗魔法陷阱，依賴語言的魔法效果，徽記，符文，以及任何魔法文字的豁免上獲得+4加值。此能力替代通曉音律。	
CATEGORY=Special Ability|Archivist ~ Jack of All Trades.MOD	OUTPUTNAME:萬事通（Jack of All Trades）	DESC:.CLEAR	DESC:5級或以上的書卷學者能夠使用任何技能，包括正常需要訓練但他未曾受訓的技能在內。11級或以上的書卷學者將所有技能看作職業技能。17級或以上的詩人可以在任何情況下為技能檢定取10，哪怕正常來說這樣做是不被允許的。此能力取代博學。	
CATEGORY=Special Ability|Archivist ~ Probable Path.MOD	OUTPUTNAME:概率應用（Probable Path）	DESC:.CLEAR	DESC:10級時，書卷學者能夠計算出可以用最小代價換取勝利的行動方式。每日1次，他可以在任何D20投骰中取10。在10級之後的每3級，他都獲得1次額外的每日使用次數。此能力取代萬事通。	
CATEGORY=Special Ability|Court Bard ~ Satire.MOD	OUTPUTNAME:譏諷（Satire）	DESC:.CLEAR	DESC:宮廷詩人能夠通過表演削弱敵人的自信。聽到表演的敵人會在攻擊檢定和傷害投骰上承受-1罰值（最低為1），在對抗恐懼和魅惑的豁免檢定上也受到-1罰值。此效果在詩人表演期間一直有效。5級後的每6級，這些罰值都會再加1。「譏諷」是基於語言，並依賴聲音成分生效的影響心靈的效果。此能力取代激發勇氣。	
CATEGORY=Special Ability|Court Bard ~ Mockery.MOD	OUTPUTNAME:愚弄（Mockery）	DESC:.CLEAR	DESC:3級以上的宮廷詩人能夠巧妙的貶低和挖苦他人。詩人需要選定一名正在聆聽他的表演的人，該目標在魅力檢定和基於魅力修正的技能檢定上受到-2罰值。此效果在詩人表演期間一直生效。3級後的每4級，此罰值都會再加1。「愚弄」是基於語言，並依賴聲音成分生效的影響心靈的效果。此能力取代提振技能。	
CATEGORY=Special Ability|Court Bard ~ Glorious Epic.MOD	OUTPUTNAME:壯麗史詩（Glorious Epic）	DESC:.CLEAR	DESC:8級以上的宮廷詩人可以用動人的傳說吸引聽眾的全部注意力。在他30英尺內的敵人必須通過一個DC為「10+1/2詩人等級+魅力修正」的意志豁免，否則會陷入措手不及狀態。成功的豁免可以讓目標在24小時內免疫此能力。「壯麗史詩」基於語言並依賴聲音成分生效。此能力取代末日喪歌。	
CATEGORY=Special Ability|Court Bard ~ Scandal.MOD	OUTPUTNAME:渲染醜聞（Scandal）	DESC:.CLEAR	DESC:14級以上的宮廷詩人可以用惡毒的傳言和刻意歪曲的事實在敵人中引發騷動。每個在30英尺內並且能夠聽到表演的敵人都如同受到「紛爭之歌」法術的影響，且只要他們還能聽到表演，此效果就一直持續。一次成功的DC為「10+1/2詩人等級+魅力修正」的意志豁免可以抵抗此效果，並讓目標在24小時內免疫此能力。「渲染醜聞」是基於語言，並依賴聲音成分生效的影響心靈效果。此能力取代恐懼魔音。	
CATEGORY=Special Ability|Court Bard ~ Heraldic Expertise.MOD	OUTPUTNAME:徽記專精（Heraldic Expertise）	DESC:.CLEAR	DESC:宮廷詩人在交涉，知識（歷史），知識（本地）和知識（貴族）檢定上獲得等同於他詩人等級一半的加值（最少+1）。每天1次，宮廷詩人可以重投以上提到的任意一種技能檢定，但他必須接受重投後的結果，就算比之前的一次更糟。5級之後的每5級，詩人都獲得1次額外的重投機會。此能力替代逸聞知識。	
CATEGORY=Special Ability|Court Bard ~ Wide Audience.MOD	OUTPUTNAME:聲名遠播（Wide Audience）	DESC:.CLEAR	DESC:5級時，宮廷詩人可以選擇用他的吟遊表演影響60英尺錐形範圍內的聽眾，而非30英尺半徑。此外，在5級之後的每5級，詩人表演的影響範圍都會增加10英尺（半徑）或者20英尺（錐形）。若表演原本影響選定的多個目標而非範圍內的全部目標，則詩人在5級之後的每5級都可以額外影響一個目標。只影響一個目標的能力不會因此有所改變。此能力取代博學和萬事通。	
CATEGORY=Special Ability|Detective ~ Careful Teamwork.MOD	OUTPUTNAME:秘密潛入（Careful Teamwork）	DESC:.CLEAR	DESC:偵探的表演能讓盟友保持警戒，協調一致，足以隨時應對突發事件。任何在偵探30英尺內的盟友在先攻，察覺和解除裝置技能上獲得+1洞察加值，持續1小時。在效果持續期間，當他們處於措手不及狀態時，反射豁免和AC也會獲得+1洞察加值。5級後的每6級，這些加值都會再加1。使用此能力需要3整輪的持續表演，並且目標必須能夠看見和聽到詩人。此能力基於語言，並依賴聲音和視覺成分生效。此能力取代激發勇氣。	
CATEGORY=Special Ability|Detective ~ True Confession.MOD	OUTPUTNAME:坦白從寬（True Confession）	DESC:.CLEAR	DESC:9級以上的偵探能夠用表演引誘一個生物說出自己的秘密。使用此能力需要一個成功的察言觀色檢定，以看穿對方的唬騙或精神脅迫狀態。在3整輪的表演之後，目標必須進行一次DC為「10+1/2詩人等級+魅力修正」的意志豁免。成功的豁免讓目標在24小時內免疫此能力。若豁免失敗，說謊者會在無意間揭露他所說的謊言，以及隱藏於其後的真實。處於魅惑或脅迫下的生物會揭開其被控制的事實，並透露控制者的身份（若目標知道控制者是誰），並且獲得一次通過豁免檢定打破控制的機會。此能力基於語言，並依賴聲音成分生效。在15級時，使用此能力只需要2整輪的表演，而20級時只需要1整輪。此能力取代提振戰力。	
CATEGORY=Special Ability|Detective ~ Show Yourselves.MOD	OUTPUTNAME:威迫現身（Show Yourselves）	DESC:.CLEAR	DESC:15級以上的偵探可以通過表演強制令躲藏中的生物現身。所有在詩人30英尺內的敵人都必須進行一個DC為「10+1/2詩人等級+魅力修正」的意志豁免。若豁免失敗，他們必須停止使用隱秘技能，將阻擋在他們和偵探之間的門解鎖並開啟，且如果必要，解消、壓制或解除任何令他們隱身或能夠在偵探面前藏身的魔法效果。只要目標還能聽到表演，他們就不能逃跑或攻擊，直到他們將所有上述的效果都取消。然而，若他們受到攻擊，此脅迫效果立刻終止。只要詩人的表演持續，停留在區域內的生物每輪都必須進行意志豁免。此能力基於語言，並依賴聲音成分生效。此能力取代激發豪情。	
CATEGORY=Special Ability|Detective ~ Eye for Detail.MOD	OUTPUTNAME:明察秋毫（Eye for Detail）	DESC:.CLEAR	DESC:偵探在知識（本地），察覺，察言觀色，以及用於收集信息的交涉技能上獲得等同於他詩人等級一半的加值（最少+1）。此能力取代逸聞知識。	
CATEGORY=Special Ability|Detective ~ Arcane Insight.MOD	OUTPUTNAME:奧術洞悉（Arcane Insight）	DESC:.CLEAR	DESC:2級時，偵探能夠尋找並解除魔法陷阱，如同擁有盜賊的尋找陷阱能力。此外，他在對抗幻術的豁免檢定上獲得+4加值，並在破除誤導和防護探知法術（如魔法靈光，「誤導術」，「迴避偵測」）的施法者等級和豁免檢定上獲得+4加值。此能力取代通曉音律。	
CATEGORY=Special Ability|Detective ~ Arcane Investigation.MOD	OUTPUTNAME:奧術研習（Arcane Investigation）	DESC:.CLEAR	DESC:偵探的職業法術列表在原有的基礎上增加以下法術：1級－偵測陣營；2級－誠實之域；3級－秘法眼、死者交談、植物交談；4級－辨知謊言；5級－窺視魔眼、石言術；6級－感知位置、尋找捷徑、高等窺視魔眼、片刻預知。在2級以及之後每4級，偵探可以將以上法術中的一個或任意一個詩人法術列表中的預言法術加入他的已知法術。此能力取代多才多藝。	
CATEGORY=Special Ability|Magician ~ Dweomercraft.MOD	OUTPUTNAME:咒術祭儀（Dweomercraft）	DESC:.CLEAR	DESC:魔術師能夠通過表演操縱魔法的能量。所有魔術師的盟友在施法者等級檢定，專注檢定，以及法術和類法術能力的命中檢定上獲得+1加值。5級後的每6級，這些加值都會再加1。此能力依賴聲音和視覺成分生效。此能力取代激發勇氣。	
CATEGORY=Special Ability|Magician ~ Spell Suppression.MOD	OUTPUTNAME:破法之音（Spell Suppression）	DESC:.CLEAR	DESC:8級以上的魔術師能夠用表演反制敵人的法術。當詩人開始表演後，他需要記錄本次表演所持續的輪數。在表演中，他可以用一個直覺動作嘗試反制任何他以辨識法術成功識別的法術，只要此法術的等級小於或等於他持續表演「破法之音」的輪數。這次反制視同使用解除魔法，並使用詩人的等級作為施法者等級。若反製成功，詩人的表演立刻結束。此能力依賴聲音成分生效，並取代末日喪歌。	
CATEGORY=Special Ability|Magician ~ Metamagic Mastery.MOD	OUTPUTNAME:超魔精通（Metamagic Mastery）	DESC:.CLEAR	DESC:14級以上的魔術師可以用表演為他所要施展的法術附加一個超魔專長，但不會增加施法所需時間。詩人仍需消費更高等級的法術位以使用該超魔法術。施展此超魔法術會立刻中止表演。此能力依賴聲音成分生效，並取代恐懼魔音。	
CATEGORY=Special Ability|Magician ~ Magical Talent.MOD	OUTPUTNAME:天賦異稟（Magical Talent）	DESC:.CLEAR	DESC:魔術師在知識（奧秘），辨識法術和使用魔法裝置技能上獲得等同於他詩人等級一半的加值。此能力取代逸聞知識。	
CATEGORY=Special Ability|Magician ~ Extended Performance.MOD	OUTPUTNAME:餘音繞樑（Extended Performance）	DESC:.CLEAR	DESC:2級以上的魔術師能夠用一個迅捷動作耗費一個法術位，讓吟遊表演的效果在他停止專注後依舊生效。吟遊表演的效果會延長等同於犧牲法術位等級的輪數。每個表演只能耗費一個法術位來延長，並且在特定輪數之後才會生效的表演無法被延長。此能力取代通曉音律。	
CATEGORY=Special Ability|Magician ~ Expanded Repertoire.MOD	OUTPUTNAME:博覽群書（Expanded Repertoire）	DESC:.CLEAR	DESC:在2級以及之後每4級，魔術師可以從任何奧術施法者職業的法術列表中選取一個法術並加入他的已知法術。詩人的等級必須足以施展此法術才能選取。此能力取代多才多藝。	
CATEGORY=Special Ability|Magician ~ Arcane Bond.MOD	OUTPUTNAME:奧術聯結（Arcane Bond）	DESC:.CLEAR	DESC:5級時，魔術師獲得「奧術連結」能力，如同法師的同名能力，但他不能選擇連結魔寵或者武器。此能力替代博學。	
CATEGORY=Special Ability|Magician ~ Wand Mastery.MOD	OUTPUTNAME:魔杖精通（Wand Mastery）	DESC:.CLEAR	DESC:10級以上的魔術師在使用魔杖時可以用他的魅力修正決定魔杖的豁免DC。在此基礎上，16級以上的魔術師還可以用自身的施法者等級替換魔杖原本的施法者等級。此能力取代萬事通。	
CATEGORY=Special Ability|Sandman ~ Stealspell.MOD	OUTPUTNAME:偷天換日（Stealspell）	DESC:.CLEAR	DESC:睡魔能夠通過表演偷取敵人的法術，並將它們加入自己的已知法術列表。當開始表演之後，睡魔可以用標準動作進行一次接觸攻擊，以偷取另一名生物的一個準備好的或已知的法術。目標可以進行一次DC為「10+1/2詩人等級+魅力修正」的意志豁免以抵抗此效果。睡魔可以選擇偷取特定的法術，但若目標並未擁有該法術，表演立刻中止。若非如此，此能力將隨機偷取一個法術，但永遠會偷取在詩人能夠釋放的法術級別內，對方等級最高的法術。作為結果，目標會失去已準備好的或者已知的法術，而睡魔在表演仍持續期間將此法術加入他的已知法術列表，並可以使用自己的法術位來釋放此法術。施放並不會消耗被偷取的法術，並且當表演中止時，法術會被交還給原本的擁有者。若詩人在已經偷取一個法術的時候偷取了另一個法術，則前一個法術會立刻被返還給它的原本擁有者。此能力依賴視覺成分生效，並取代激發勇氣。	
CATEGORY=Special Ability|Sandman ~ Slumber Song.MOD	OUTPUTNAME:夢魘之歌（Slumber Song）	DESC:.CLEAR	DESC:6級以上的睡魔能夠用表演讓已經被他迷魂的生物陷入沉眠（如同「深度睡眠」法術，但沒有HD上限）。除去效果是睡眠以外，此能力的作用方式如同暗示。此表演取代暗示。	
CATEGORY=Special Ability|Sandman ~ Dramatic Subtext.MOD	OUTPUTNAME:弦外之音（Dramatic Subtext）	DESC:.CLEAR	DESC:9級以上的睡魔能夠運用表演，在施展法術時隱藏容易引人注意的視覺或聲音成分。觀察者必須成功的用察覺技能對抗睡魔的手上工夫技能，才能發覺睡魔正在施展法術（儘管本次施法依舊會引發藉機攻擊）。在施展一個法術前，詩人必須持續此表演2輪或以上，否則他的施法會被輕易察覺且表演中止。此能力取代提振戰力。	
CATEGORY=Special Ability|Sandman ~ Greater Stealspell.MOD	OUTPUTNAME:高等偷天換日（Greater Stealspell）	DESC:.CLEAR	DESC:在15級時，睡魔偷取敵人法術的能力會更進一步。當目標豁免失敗後，睡魔能夠獲知對方的法術抗力（若有），以及對方所有準備或已知的法術。在那之後，睡魔可以選擇偷取其中一個法術；他也可以放棄偷取法術，代之以降低目標等同自身詩人等級一半的法術抗力，並且在表演持續期間獲得等同於此數值的法術抗力。若他再一次偷取法術抗力，此抗力與之前的法術抗力疊加。若他偷取一個法術或停止表演，被偷取的法術抗力會立刻返還給原本的擁有者。此能力取代激發豪情。	
CATEGORY=Special Ability|Sandman ~ Mass Slumber Song.MOD	OUTPUTNAME:群體夢魘之歌（Mass Slumber Song）	DESC:.CLEAR	DESC:18級以上的睡魔能夠用安眠曲影響距離他30英尺內，並已經被他迷魂的任意數量的生物。此能力的作用方式如同「群體暗示」，並且取代群體暗示能力。	
CATEGORY=Special Ability|Sandman ~ Spell Catching.MOD	OUTPUTNAME:魔力攫取（Spell Catching）	DESC:.CLEAR	DESC:20級時，成功豁免了一個僅以自己為目標（即不包括範圍法術）的法術或類法術能力的睡魔，可以用一個直覺動作進行此表演。他必須進行一個DC為「10+所承受法術的施法者等級」的施法者等級檢定。若檢定成功，睡魔能夠不受傷害的吸收該法術，並立即施放此法術（使用原本施放者的施法者等級和豁免DC）或者任何他所知的等於或低於該法術等級的法術。使用此能力所消耗的每日表演輪數等同於被捕捉法術的等級，且就算檢定失敗也會消耗輪數。此能力取代奪命表演。	
CATEGORY=Special Ability|Sandman ~ Master of Deception.MOD	OUTPUTNAME:詭騙大師（Master of Deception）	DESC:.CLEAR	DESC:睡魔在唬騙，手上工夫和隱秘技能上獲得等同於他詩人等級一半的加值。他還可以使用解除裝置來解除魔法陷阱，如同擁有盜賊的尋找陷阱能力。此能力取代逸聞知識。	
CATEGORY=Special Ability|Sandman ~ Sneakspell.MOD	OUTPUTNAME:法術偷襲（Sneakspell）	DESC:.CLEAR	DESC:2級時，睡魔在對失去敏捷加值的目標施放法術或使用吟遊表演的時候，DC+1。此加值在10級時提升到+2，並在18級時提升到+3。此外，在6級時，睡魔在擊破此類目標（失去敏捷加值者）的法術抗力時，施法者等級檢定獲得+2加值；此加值在14級時提升到+4。此能力取代多才多藝。	
CATEGORY=Special Ability|Sandman ~ Trap Sense.MOD	OUTPUTNAME:陷阱感知（Trap Sense）	DESC:.CLEAR	DESC:3級時，睡魔在對抗陷阱的反射豁免上獲得+1加值，在對抗陷阱的AC上獲得+1閃避加值。這些加值在3級之後的每3級都會額外增加1。此能力取代提振技能。	
CATEGORY=Special Ability|Sandman ~ Sneak Attack.MOD	OUTPUTNAME:偷襲（Sneak Attack）	DESC:.CLEAR	DESC:5級時，睡魔在攻擊30英尺內被他夾擊或者失去了AC上的敏捷加值的目標時，可以造成1d6點額外傷害。此加值5級之後的每5級都會額外增加1d6。此能力取代博學。	
CATEGORY=Special Ability|Savage Skald ~ Inspiring Blow.MOD	OUTPUTNAME:戰吼（Inspiring Blow）	DESC:.CLEAR	DESC:蠻荒歌者會在給予敵人沉重打擊時發出勝利的戰吼。每當他確認了一次重擊後，他可以用一個直覺動作開始此表演（並且會中止任何其他的表演）。他獲得等同於他魅力修正（若為正）點數的臨時生命值，且在他的下一輪開始前，所有在他30英尺內的盟友的下一次攻擊檢定都會獲得+1士氣加值。詩人獲得的臨時生命值會一直保留，直到他結束此表演。此表演取代迷魂。	
CATEGORY=Special Ability|Savage Skald ~ Incite Rage.MOD	OUTPUTNAME:激發狂暴（Incite Rage）	DESC:.CLEAR	DESC:6級以上的蠻荒歌者能夠將誘使在他30英尺內的一名生物進入狂暴的狀態。此效果的運作方式如同「狂暴術」，並且只要目標還能聽到詩人的表演就一直持續。然而，非自願的生物只有在DC為「10+1/2詩人等級+魅力修正」的意志豁免失敗後才會受到影響。成功的豁免可以讓目標在24小時內免疫此能力。詩人不能對自己使用此能力。若此能力目標擁有狂暴職業能力，則它可以立即進入狂暴且在詩人持續表演期間一直狂暴，並且不消耗每日的狂暴輪數。這是一個依賴聲音成分運作的影響心靈的能力。此表演取代暗示。	
CATEGORY=Special Ability|Savage Skald ~ Song of the Fallen.MOD	OUTPUTNAME:英靈樂章（Song of the Fallen）	DESC:.CLEAR	DESC:10級起，蠻荒歌者能夠複製出「瓦爾哈拉之號角」的效果。此能力需要10輪連續的表演，而呼喚出的野蠻人戰士在10級時等同於銀號角，13級起如同黃銅號角，16級起如同青銅號角，在19級以上時如同鐵號角。此能力依賴聲音成分生效，並取代萬事通。	
CATEGORY=Special Ability|Savage Skald ~ Berserkergang.MOD	OUTPUTNAME:狂戰士之心（Berserkergang）	DESC:.CLEAR	DESC:12級起，蠻荒歌者能夠將一種強烈的戰意賦予友方，讓他們因此忽略一切疼痛，震懾和恐懼效果。此能力在12級時可以影響一個目標，並在12級之後每過3級就可以多影響一個目標。被影響的目標同時獲得5/-的傷害減免（對於非致命傷害是10/-）；此獎勵可以與野蠻人職業提供的傷害減免所疊加。這是一個依賴聲音成分運作的影響心靈的能力，並取代安神。	
CATEGORY=Special Ability|Savage Skald ~ Battle Song.MOD	OUTPUTNAME:戰鬥號角（Battle Song）	DESC:.CLEAR	DESC:18級起，當蠻荒歌者使用「激發狂暴」時，他可以同時影響30英尺內的所有盟友。此表演取代群體暗示。	
CATEGORY=Special Ability|Sea Singer ~ Sea Shanty.MOD	OUTPUTNAME:水手號子（Sea Shanty）	DESC:.CLEAR	DESC:海之詠者能夠驅除長途航行帶來的疲勞和疾患。在他表演水手號子的每一輪，他都需要進行一次表演技能檢定。在他30英尺內的盟友（包括海之詠者自己）可以選擇使用表演技能檢定的結果代替對抗力竭，疲乏，反胃或噁心的豁免檢定。若某人已經處於這些狀態下，則他可以獲得一次新的豁免機會，並使用詩人的表演檢定作為豁免結果。水手號子無法對持續時間為立即的效果，或者不允許豁免的效果起作用。此能力依賴聲音成分生效，並取代破咒曲。	
CATEGORY=Special Ability|Sea Singer ~ Still Water.MOD	OUTPUTNAME:寧靜祈禱（Still Water）	DESC:.CLEAR	DESC:3級起，海之詠者能夠通過表演，讓自己周圍30英尺內的波浪平息。只要詩人持續此表演，就可以降低專業（水手），游泳，以及在船上的特技和攀爬檢定的DC，降低的數值等同於詩人的等級，但最終的DC不會小於10。若他連續進行10輪表演，他可以將這個效果延長到1小時。此能力依賴聲音成分生效，並取代提振技能。	
CATEGORY=Special Ability|Sea Singer ~ Whistle the Wind.MOD	OUTPUTNAME:風之低語（Whistle the Wind）	DESC:.CLEAR	DESC:6級以上的海之詠者能夠用表演創造一陣強風，如同「造風術」。只要詩人繼續表演，風就會一直持續。若詩人連續表演5輪，他可以讓風的持續時間增加到1分鐘。此表演取代暗示。	
CATEGORY=Special Ability|Sea Singer ~ Call the Storm.MOD	OUTPUTNAME:風暴呼喚（Call the Storm）	DESC:.CLEAR	DESC:18級以上的海之詠者能夠用表演複製「操縱水位」，「操控天氣」，「操縱風向」或者「復仇風暴」的效果，並使用他的詩人等級作為施法者等級。使用此能力需要持續表演等同於所要施展的法術等級的輪數（法術等級依據德魯伊的法術列表判定）。這些效果在詩人表演期間一直持續（控制天氣的效果會立即生效），但不會長於法術原本的持續時間。此表演取代群體暗示。	
CATEGORY=Special Ability|Sea Singer ~ World Traveler.MOD	OUTPUTNAME:四海遍行（World Traveler）	DESC:.CLEAR	DESC:海之詠者在知識（地理），知識（本地），知識（自然）和語言學技能上獲得等同於他詩人等級一半的加值。每日一次，他還可以重投以上檢定，但必須接受重投之後的結果，就算比第一次更糟也一樣。在5級以及5級之後的每5級，詩人都會獲得1次額外的每日重投機會。此能力取代逸聞知識。	
CATEGORY=Special Ability|Sea Singer ~ Familiar.MOD	OUTPUTNAME:魔寵（Familiar）	DESC:.CLEAR	DESC:2級時，海之詠者獲得一隻奇異的寵物——猴子或者鸚鵡（看作渡鴉）。此寵物擁有法師的魔寵的獎勵能力，並將海之詠者的詩人等級看作法師等級來計算。此能力取代多才多藝。	
CATEGORY=Special Ability|Sea Singer ~ Sea Legs.MOD	OUTPUTNAME:以海為家（Sea Legs）	DESC:.CLEAR	DESC:2級起，海之詠者在對抗空氣和水的效果（譯者註：大概是指包含「氣」和「水」描述符的法術和特殊能力），以及會造成海之詠者滑倒，被摔絆，或因為其他原因倒地的豁免上獲得+4加值。同時，他在對抗擒抱，闖越和摔絆的CMD檢定上也獲得+2加值。此能力取代通曉音律。	
CATEGORY=Special Ability|Street Performer ~ Disappearing Act.MOD	OUTPUTNAME:轉移目光（Disappearing Act）	DESC:.CLEAR	DESC:街頭藝人能夠用表演讓他人轉移對同伴的注意力。所有在詩人30英尺內並在DC為「10+1/2詩人等級+魅力修正」的意志豁免中失敗的生物，會將詩人所選定的一個生物看作隱形。此表演在5級以及之後的每6級時都可以多讓一個生物被看作隱形。若被選定的生物進行了任何會讓他們顯形的動作，則他們會在所有人眼裡顯形。詩人不能對選定自己作為能力的目標。這是一個依賴視覺成分生效的影響心靈的能力。此表演取代激發勇氣。	
CATEGORY=Special Ability|Street Performer ~ Harmless Performer.MOD	OUTPUTNAME:毫不起眼（Harmless Performer）	DESC:.CLEAR	DESC:3級起，街頭藝人能夠用表演讓自己顯得軟弱而不值得被攻擊。在進行此表演時，每當一名敵人嘗試將街頭藝人作為目標，此敵人必須通過一個DC為「10+1/2詩人等級+魅力修正」的意志豁免，否則在本輪就無法對詩人進行攻擊，如同「聖域術」的效果。敵人會失去他選定詩人作為目標的那一次攻擊，但仍舊可以用餘下的攻擊次數去攻擊其他目標。若敵人將街頭藝人作為法術的目標，則他必須通過一個等同於意志豁免DC的專注檢定，否則就會失去該法術。若檢定成功，他可以選擇用此法術瞄準另一個目標。這是一個依賴視覺和聲音成分生效的影響心靈的能力。此表演取代提振技能。	
CATEGORY=Special Ability|Street Performer ~ Madcap Prank.MOD	OUTPUTNAME:惡作劇（Madcap Prank）	DESC:.CLEAR	DESC:9級起，街頭藝人能夠用表演令30尺內的一個目標出醜。他可以令目標的衣服變皺，讓頭飾掉下來擋住眼睛，甚至滑倒或摔倒——諸如此類。在目標能夠聽到或看到詩人表演的每一輪，他都必須通過一個DC為「10+1/2詩人等級+魅力修正」的反射豁免，否則就必須每輪受到以下效果的隨機一種：目盲，目眩，耳聾，糾纏，倒地，反胃。每種效果都持續1輪時間。此表演取代提振戰力。	
CATEGORY=Special Ability|Street Performer ~ Slip through the Crowd.MOD	OUTPUTNAME:腳底抹油（Slip through the Crowd）	DESC:.CLEAR	DESC:15級起，街頭藝人的表演允許被選定的目標不受阻礙的穿過擁擠的方格以及被敵人佔據的方格。被影響的生物視同擁有「高等隱形」的效果，但每次敵人受到目標的攻擊，都可以獲得一次新的豁免檢定機會以發現對方。此表演取代激發豪情。	
CATEGORY=Special Ability|Street Performer ~ Gladhanding.MOD	OUTPUTNAME:誘導人心（Gladhanding）	DESC:.CLEAR	DESC:街頭藝人在使用表演檢定工作時所獲得的收入加倍。此外，以一個標準動作，他可以使用唬騙技能代替交涉技能，在1分鐘內改善目標的態度——雖然效果結束後，目標的態度會變為比原本的更壞一個等級。此能力取代破咒曲。	
CATEGORY=Special Ability|Street Performer ~ Streetwise.MOD	OUTPUTNAME:市井之智（Streetwise）	DESC:.CLEAR	DESC:街頭藝人在唬騙，易容，知識（本地），手上工夫，用於影響群眾的交涉或威嚇檢定，以及用於收集信息的交涉技能檢定上獲得等同於他詩人等級一半的加值（最少+1）。此能力取代逸聞知識。	
CATEGORY=Special Ability|Street Performer ~ Quick Change.MOD	OUTPUTNAME:千面（Quick Change）	DESC:.CLEAR	DESC:5級起，街頭藝人可以在檢定上承受-5罰值，用一個標準動作進行易容。他可以在唬騙和易容檢定中取10，並可以用一個迅捷動作，通過唬騙轉移目標的注意力以進行躲藏。每日1次，他還可以在唬騙和易容檢定中取20，且在5級之後的每6級，他都會獲得1次額外的每日次數。此能力取代博學。	
