# Barbarian
CATEGORY=Special Ability|Feral Gnasher ~ Savage Bite.MOD	OUTPUTNAME:野性撕咬（Savage Bite）	DESC:.CLEAR	DESC:1級時，咬人精獲得嚙咬攻擊。這是一個主要天生武器，造成1d4點傷害。若哥布林已經獲得了【頭大牙尖】種族特性，這一傷害提升為1d6。在10級時，咬人精的嚙咬傷害提升至1d6（若有【頭大牙尖】種族特性則為1d8）並會在重擊時造成3倍傷害。這一能力取代快速移動。	
CATEGORY=Special Ability|Feral Gnasher ~ Impromptu Armament.MOD	OUTPUTNAME:抓起便打（Impromptu Armament）	DESC:.CLEAR	DESC:2級時，咬人精獲得「隨手投擲」作為獎勵專長，並且能以一個自由動作拾取一件可以單手揮舞的無主物品。此外，咬人精可以選取「隨手武器」專長來代替一個狂暴之力。這一能力取代2級時獲得的狂暴之力。	
CATEGORY=Special Ability|Feral Gnasher ~ Lockjaw.MOD	OUTPUTNAME:咬住不放（Lockjaw）	DESC:.CLEAR	DESC:3級時，咬人精在使用她的嚙咬攻擊時獲得「攫抓」能力。咬人精可以對體型最多比她大一級的生物使用該能力。這一能力取代陷阱感知+1。	
CATEGORY=Special Ability|Feral Gnasher ~ Improvised Weapon Mastery.MOD	OUTPUTNAME:臨時武器熟稔（Improvised Weapon Mastery）	DESC:.CLEAR	DESC:5級時，咬人精獲得「臨時武器熟稔」作為獎勵專長。這一能力取代精通直覺閃避。	
CATEGORY=Special Ability|Feral Gnasher ~ Improved Lockjaw.MOD	OUTPUTNAME:精通咬住不放（Improved Lockjaw）	DESC:.CLEAR	DESC:6級時，只要咬人精在【咬住不放】的擒抱中佔據主動，她便不會處於擒抱狀態，但是仍然無法移動或使用嘴做擒抱外的其他任何事。這一能力取代陷阱感知+2。	
CATEGORY=Special Ability|Feral Gnasher ~ Greater Lockjaw.MOD	OUTPUTNAME:高等咬住不放（Greater Lockjaw）	DESC:.CLEAR	DESC:9級和15級時，咬人精能使用【咬住不放】的生物最大體型會依次增大一級。這一能力取代陷阱感知+3和陷阱感知+5。	
CATEGORY=Special Ability|Feral Gnasher ~ Wicked Improvisation.MOD	OUTPUTNAME:亂咬一氣（Wicked Improvisation）	DESC:.CLEAR	DESC:12級時，咬人精能更好地使用臨時武器和天生武器。咬人精在使用天生武器或臨時武器時，傷害獲得+1表現加值。在14級和之後的每2級，傷害加值還會再加+1。此傷害加值不是精準傷害，可以因重擊而翻倍。這一能力取代陷阱感知+4。	
CATEGORY=Special Ability|Hateful Rager ~ Reduced Rage.MOD	OUTPUTNAME:削減狂暴（Reduced Rage）	DESC:.CLEAR	DESC:在2級和之後的每級，恨意狂暴者只獲得每日1輪的狂暴輪數，而不是每日2輪。	
CATEGORY=Special Ability|Hateful Rager ~ Favored Enemy.MOD	OUTPUTNAME:宿敵（Favored Enemy）	DESC:.CLEAR	DESC:2級時，恨意狂暴者選擇一個宿敵。這一能力如同遊俠的同名能力般運作。在8級，14級和20級，恨意狂暴者再選擇一個宿敵，並對其已有宿敵之一獲得額外的加值，如同遊俠能力描述。	
CATEGORY=Special Ability|Hateful Rager ~ Feed the Rage.MOD	OUTPUTNAME:延續狂暴（Feed the Rage）	DESC:.CLEAR	DESC:5級時，恨意狂暴者每擊倒或殺死一名宿敵便會獲得1輪額外的狂暴輪數。這些輪數只能加在她當前的狂暴上，並且隨著她的此次狂暴結束而消失。這一能力取代精通直覺閃避。	
CATEGORY=Special Ability|Hateful Rager ~ Amplified by Hate.MOD	OUTPUTNAME:恨意激增（Amplified by Hate）	DESC:.CLEAR	DESC:9級時，當對一名宿敵使用【狂暴之力】時，恨意狂暴者將他的宿敵加值的一半增加到該狂暴之力的豁免DC上。這一能力取代陷阱感知+3。	
# Bard
CATEGORY=Special Ability|Shadow Puppeteer ~ Shadow Servant.MOD	OUTPUTNAME:影之僕役（Shadow Servant）	DESC:.CLEAR	DESC:1級起，陰影操偶師能夠創造影之僕役來執行簡單的工作。影之僕役與『隱形僕役（Unseen Servant）』類似（施法者等級等同於陰影操偶師的吟遊詩人等級），不過它呈現為一團不定型的陰影。影之僕役具有視覺成分。	
CATEGORY=Special Ability|Shadow Puppeteer ~ Shadow Puppets.MOD	OUTPUTNAME:皮影戲（Shadow Puppets）	DESC:.CLEAR	DESC:1級起，陰影操偶師能夠通過吟遊表演創造近乎真實的陰影生物，它類似於『召喚怪物I』法術列表中的怪物。這些陰影生物在其他方面運作如同『幽影咒法術（Shadow Conjuration）』一般，與這些生物有互動的目標需要進行一次DC為「10+1/2吟遊詩人等級+魅力修正」的意志豁免，它們對成功豁免的人來說只有20%%的真實度。4級以及之後的每3個等級，該能力如同更高1環的『召喚怪物』法術一般運作（4級時作為『召喚怪物II』，以此類推）。	
CATEGORY=Special Ability|Prankster ~ Mock.MOD	OUTPUTNAME:嘲弄（Mock）	DESC:.CLEAR	DESC:1級時，搗蛋鬼可以使用他的表演讓一個或更多的敵人對他感到憤怒。被嘲弄的每個生物必須彼此相距不超過90尺，且可以看見，聽見並理解搗蛋鬼，並且能夠將注意力放在搗蛋鬼身上。搗蛋鬼也必須能看到受影響的生物。在1級之後的每4級，搗蛋鬼都可以用此能力影響一個額外的目標。每個範圍內的生物都必須進行一個DC為「10+1/2搗蛋鬼等級+魅力修正」的意志豁免以忽略該效果。若一個生物成功豁免，搗蛋鬼在24小時內將不能對該生物進行成功的嘲弄。若豁免失敗，該生物將因表演感到惱怒，並且想方設法傷害搗蛋鬼。只要搗蛋鬼維持【嘲弄】，目標便會在所有的攻擊擲骰和技能檢定上承受-2罰值，直到它以一次進站或遠程攻擊成功命中搗蛋鬼，或用法術對搗蛋鬼造成傷害。嘲弄是一個影響心靈的惑控系（脅迫）能力。【嘲弄】需依靠聽覺和視覺成分才能發揮作用。這一能力取代迷魂。	
CATEGORY=Special Ability|Prankster ~ Punchline.MOD	OUTPUTNAME:妙語連珠（Punchline）	DESC:.CLEAR	DESC:6級時，搗蛋鬼可以運用他的表演能力來講述一串妙語，娛樂一名已被他嘲弄的生物（見上文），使他受到如同『狂笑術』的效果。使用這一能力不會打斷「嘲弄」的效果，但是需要花費一個標準動作啟動（這是在維持【嘲弄】效果的自由動作之外的動作）。一名搗蛋鬼可以在一次單獨的表演中對單獨生物使用不止一次該能力。講述一串妙語並不會花費搗蛋鬼的每日吟遊表演次數。一個成功的DC為「10+1/2搗蛋鬼等級+魅力修正」的意志豁免可以抵消【妙語連珠】的效果。這一能力僅能對一名單獨生物生效。【妙語連珠】是一個基於聽覺成分和語言的、影響心靈的惑控系（脅迫）能力。這一能力取代暗示。	
CATEGORY=Special Ability|Prankster ~ Mass Punchline.MOD	OUTPUTNAME:群體妙語連珠（Mass Punchline）	DESC:.CLEAR	DESC:這一能力如同【妙語連珠】般作用，但是允許18級或更高等級的搗蛋鬼同時對任意數量的他所嘲弄的生物使用『狂笑術』。這一能力取代群體暗示。	
CATEGORY=Special Ability|Prankster ~ Swap.MOD	OUTPUTNAME:偷梁換柱（Swap）	DESC:.CLEAR	DESC:搗蛋鬼可以從一名生物那裡偷竊一件物品，並用手中的一件大小相仿或更小的物品來替換之。這一能力如同盜取戰技般運作，但是搗蛋鬼並不會引起藉機攻擊，並且可以用巧手檢定代替戰技檢定。弱搗蛋鬼的檢定高出目標的CMD至少10點，目標會對換物毫不知情，直到他嘗試使用被置換的物品，或是他的下輪結束（以先發生者為準）。這一能力取代博學。	
CATEGORY=Special Ability|Watersinger ~ Watersong.MOD	OUTPUTNAME:水之歌（Watersong）	DESC:.CLEAR	DESC:1級起，水之歌者能夠使用吟遊表演操控30尺範圍內水的形狀。成功的表演檢定能夠使他控制邊長5尺的立方的水。水之歌者可以以各種形式操控水，使其彎曲、上升、下降或維持在某種形狀下，還能用水托起物品，彷彿它是固體冰塊一般。例如，水之歌者能夠創造一根水柱（提供遮蔽）、梯子、通道、橋樑、樓梯、滑梯等等。被操縱的水就好像冰塊一樣滑。該能力無法創造比正常的冰雕更脆弱或複雜的形態。在水之歌者的操控下，這些水每英吋厚擁有0點硬度以及3點HP。3級起以及之後的每3個吟遊詩人等級，水的硬度增加1點。在5級，10級，15級以及20級時，能夠操縱的水的體積增加邊長5尺的立方（這些體積必須彼此相鄰）。這些被操縱的水在水之歌者停止專注於吟遊表演後能夠在1輪內維持其形狀。該能力取代迷魂，暗示以及群體暗示。	
CATEGORY=Special Ability|Watersinger ~ Lifewater.MOD	OUTPUTNAME:生命之水（Lifewater）	DESC:.CLEAR	DESC:5級起，水之歌者能夠以一個標準動作，並花費1輪吟遊表演操作其他生物身體中的水分，血液或者其他液體，使其噁心1d4輪。此外，他也使用該能力嘗試移位戰技，使用他的基本攻擊加值以及魅力修正作為CMB。該能力的範圍為30尺，只能作用於體內有液體的生物，並且對免疫重擊的生物無效。該表演取代5級的博學（雖然水之歌者能夠在11級獲得每天使用1次【博學】的機會，在17級每天使用2次）。	
CATEGORY=Special Ability|Watersinger ~ Watersinger Spells.MOD	OUTPUTNAME:水之歌者法術（Watersinger Spells）	DESC:.CLEAR	DESC:水之歌者獲得一些以水為主題的法術加入到他的法術列表中。當他的吟遊詩人等級達到能夠施放以下法術的等級時，他會立刻將這些法術加入其法術列表。	
CATEGORY=Special Ability|Animal Speaker ~ Animal Friend.MOD	OUTPUTNAME:動物之友（Animal Friend）	DESC:.CLEAR	DESC:獸之奏者可以選擇一個種類的動物像是猿、獾、熊、豬、貓、蛇或諸如此類的生物，他對他所選取的動物在馴養動物檢定上有+4的加值。此類生物對他的起始態度最低為冷漠，而且永遠不會攻擊獸語者，除非獸之奏者先襲擊他。受到魔法影響的此類生物可以在指使下攻擊獸之奏者，但是其主人必須通過一次和獸之奏者的魅力對抗檢定並且勝出。其主人每輪可以嘗試一次魅力檢定直到他勝出為止，控制者勝出之後其所控制的生物就不會受到「動物之友」的影響。一些有超自然模板的動物（例如煉獄模板）也可以透過在魅力對抗中勝出以攻擊獸之奏者，並在此檢定中有+4的加值。此能力對非動物類的生物無效。此能力取代迷魂。	
CATEGORY=Special Ability|Animal Speaker ~ Nature's Speaker.MOD	OUTPUTNAME:自然低語者（Nature's Speaker）	DESC:.CLEAR	DESC:5級、11級和17級，獸之奏者可以多選擇一種類型的動物到他的「動物之友」類別之中，並且可以如同「動物交談」的效果般和這些種類的動物交談。此能力取代通曉音律。	
CATEGORY=Special Ability|Animal Speaker ~ Soothing Performance.MOD	OUTPUTNAME:平撫野性（Soothing Performance）	DESC:.CLEAR	DESC:3級時，獸之奏者可以透過吟遊詩人表演影響動物。此能力等同於德魯伊的野性認同，不過他得消耗1輪的吟遊詩人表演並骰交涉檢定。如果獸之奏者在其他職業獲得野性認同的話，在影響動物時，他可以將這些職業等級加到表演檢定的結果上。此能力取代提振技能。	
CATEGORY=Special Ability|Animal Speaker ~ Attract Rats.MOD	OUTPUTNAME:吸引鼠群（Attract Rats）	DESC:.CLEAR	DESC:5級時，獸之奏者可以透過吟遊詩人表演召喚1d3的老鼠群集，只要他持續表演，群集就會持續存在。11級時，他可以呼喚2d3個鼠群，並賦予這些老鼠群集進化模板。17級時，鼠群的數量增加到3d3。此能力取代博學。	
CATEGORY=Special Ability|Animal Speaker ~ Summon Nature's Ally.MOD	OUTPUTNAME:召喚自然盟友（Summon Nature's Ally）	DESC:.CLEAR	DESC:1級時，獸之奏者將「召喚自然盟友I」加到他的法術列表和已知法術中，4級時（當他可以使用2級法術時）加入「召喚自然盟友II」，之後的每3級則多添加符合該級數的召喚自然盟友，直到16級時習得「召喚自然盟友VI」至他的6級法術列表和已知法術。	
