# Barbarian
CATEGORY=Special Ability|Barbarian ~ Fast Movement.MOD	OUTPUTNAME:快速移動（Fast Movement）	DESC:.CLEAR	DESC:野蠻人的陸上速度比他的同種族正常速度快10尺。只有在野蠻人未穿甲或者穿輕或中甲，並且沒有重載時他才能獲得該加值。在計算因負載或穿甲產生的速度修正時要先應用此加值。此加值可以與其他任何增加野蠻人陸上速度的效果疊加。	
CATEGORY=Special Ability|Barbarian ~ Rage.MOD	OUTPUTNAME:狂暴（Rage）	DESC:.CLEAR	DESC:野蠻人可以喚起身體深處所潛藏的力量與凶性，以獲取更加強大的戰鬥能力。1級時，野蠻人每天可以狂暴的回合數為「4+體質修正」輪。之後的每級，野蠻人的狂暴都可以再多持續2輪。體質的暫時增加，例如得自狂暴或『熊之堅韌』法術的加值，都不會讓野蠻人每天的狂暴輪數有所增加。野蠻人可以用一個自由動作進入狂暴，他每天的狂暴輪數會再休息8小時之後自動回滿，然而這8小時並不需要連貫。狂暴時，野蠻人在力量與體質上獲得+4士氣加值，意志豁免上獲得+2士氣加值，但AC-2。體質的增加讓野蠻人的生命值獲得了每級2點的增加，但是這些生命值會因狂暴結束時體質恢復原值而一起失去（這些額外生命值不會像暫時生命值那樣先失去）。在狂暴期間，野蠻人不能使用任何基於魅力、敏捷，或者智力的技能（除了特技、飛行、威嚇和騎術），不能使用專注，也不能使用任何需要耐心或需要集中精神的能力。野蠻人可以用一個自由動作結束狂暴，並陷入疲乏狀態，持續的輪數等於他狂暴輪數的2倍。野蠻人不能在他仍處於疲乏狀態時啟動另一次狂暴，但他可以在一次遭遇或戰鬥中多次進入狂暴。如果野蠻人在戰鬥中陷入昏迷，狂暴將立即中止，令他置身於致命的危險之中。	
CATEGORY=Special Ability|Barbarian ~ Rage Powers.MOD	OUTPUTNAME:狂暴之力（Rage Powers）	DESC:.CLEAR	DESC:當野蠻人變的更加老練時，他瞭解到駕馭自身狂暴之力的新方法。2級時，野蠻人會獲得1個狂暴之力。之後的每偶數級，他都可以再習得1個額外的狂暴之力。野蠻人只能在他狂暴時使用狂暴之力。野蠻人不可以選擇同一個狂暴之力多於1次。除非特殊寫出，否則啟動這些能力都是一個迅捷動作，且只能在野蠻人的回合時啟動。	
CATEGORY=Special Ability|Barbarian ~ Uncanny Dodge.MOD	OUTPUTNAME:直覺閃避（Uncanny Dodge）	DESC:.CLEAR	DESC:2級起，野蠻人獲得下意識規避危險的能力。他不會陷入措手不及，被不可見的攻擊者攻擊時依然保留AC上的敏捷加值。不過如果他不能動，他還是會丟掉AC上的敏捷加值。如果野蠻人已經由其他職業獲得了【直覺閃避】能力，那麼他自動獲得【精通直覺閃避】（見後）。如果對手成功以虛招唬騙擁有此能力的野蠻人，則他還是會失去AC的敏捷加值。	
CATEGORY=Special Ability|Barbarian ~ Trap Sense.MOD	OUTPUTNAME:陷阱感知（Trap Sense）	DESC:.CLEAR	DESC:3級起，野蠻人躲避陷阱的反射豁免+1，對抗陷阱攻擊的AC+1。該加值在之後每3個野蠻人等級都會再+1（6，9，12，15，18級）。從不同職業獲得的【陷阱感知】加值可以累加。	
CATEGORY=Special Ability|Barbarian ~ Improved Uncanny Dodge.MOD	OUTPUTNAME:精通直覺閃避（Improved Uncanny Dodge）	DESC:.CLEAR	DESC:5級起，野蠻人不再受到夾擊。因此盜賊無法以夾擊方式偷襲野蠻人，除非攻擊者的盜賊等級比目標野蠻人等級高至少4級。如果角色已經因為其他職業獲得【直覺閃避】能力，該角色在得到直覺閃避時自動獲得【精通直覺閃避】，並且將所有獲得直覺閃避職業的等級累加起來以決定夾擊此角色所需的最低盜賊等級。	
CATEGORY=Special Ability|Barbarian ~ Damage Reduction.MOD	OUTPUTNAME:傷害減免（Damage Reduction）	DESC:.CLEAR	DESC:7級起，野蠻人獲得DR。在受到武器或天生武器攻擊時，野蠻人受到的傷害要減少1點。10級起每3級（13，16，19級）該DR都會增加1點。DR可以讓傷害降低到0，但是不能低於0。	
CATEGORY=Special Ability|Barbarian ~ Greater Rage.MOD	OUTPUTNAME:大狂暴（Greater Rage）	DESC:.CLEAR	DESC:11級起，野蠻人在狂暴時，力量和體質都會得到+6士氣加值，意志豁免上的士氣加值增加到+3。	
CATEGORY=Special Ability|Barbarian ~ Indomitable Will.MOD	OUTPUTNAME:不屈意志（Indomitable Will）	DESC:.CLEAR	DESC:14級或之後的野蠻人在狂暴中對抗惑控系法術時意志豁免+4。該加值可以和其他所有加值累加，包括在狂暴期間已經獲得的意志豁免士氣加值。	
CATEGORY=Special Ability|Barbarian ~ Tireless Rage.MOD	OUTPUTNAME:不倦狂暴（Tireless Rage）	DESC:.CLEAR	DESC:17級起，野蠻人在狂暴結束後不再疲乏。	
CATEGORY=Special Ability|Barbarian ~ Mighty Rage.MOD	OUTPUTNAME:強力狂暴（Mighty Rage）	DESC:.CLEAR	DESC:20級時，野蠻人在狂暴時，力量和體質都會得到+8士氣加值，意志豁免上的士氣加值增加到+4。	
CATEGORY=Special Ability|Rage Power ~ Animal Fury.MOD	OUTPUTNAME:野性之怒（Animal Fury）	DESC:.CLEAR	DESC:當狂暴時，野蠻人可以做出一次嚙咬攻擊。如果作為全力攻擊的一部分來使用，則嚙咬攻擊在計算時使用野蠻人的最高BAB-5。如果這次攻擊成功了，它造成1d4點（這是野蠻人是中型時的情況；如果是小型，則造成1d3點傷害）加上力量修正一半的傷害。野蠻人可以將嚙咬攻擊作為維持或掙脫擒抱動作的一部分，這項攻擊在擒抱之前結算。如果他這樣做並且成功了，則該回合他對該目標做出的所有擒抱檢定都有+2加值。	
CATEGORY=Special Ability|Rage Power ~ Clear Mind.MOD	OUTPUTNAME:心如堅鋼（Clear Mind）	DESC:.CLEAR	DESC:野蠻人可以重骰一次失敗的意志豁免。使用此狂暴之力是一個直覺動作，而且必須在GM宣佈結果前啟用。他必須接受重骰結果，即使更糟。野蠻人必須至少8級才能選取此狂暴之力。他每次狂暴只能使用1次此能力。	
CATEGORY=Special Ability|Rage Power ~ Fearless Rage.MOD	OUTPUTNAME:無懼狂暴（Fearless Rage）	DESC:.CLEAR	DESC:當狂暴時，野蠻人免疫戰慄與驚懼效果。野蠻人必須至少12級才能選取此狂暴之力。	
CATEGORY=Special Ability|Rage Power ~ Guarded Stance.MOD	OUTPUTNAME:守衛姿態（Guarded Stance）	DESC:.CLEAR	DESC:野蠻人對抗近戰攻擊的AC獲得+1閃避加值，此加值持續等同於他體質修正的輪數（最少1輪）。此加值每6個野蠻人等級會再+1。使用此狂暴之力是一個不會觸發藉機攻擊的移動動作。	
CATEGORY=Special Ability|Rage Power ~ Increased Damage Reduction.MOD	OUTPUTNAME:增強傷害減免（Increased Damage Reduction）	DESC:.CLEAR	DESC:野蠻人的傷害減免增加「1/-」。當野蠻人狂暴時，此加值即生效。野蠻人可以選重複選取這個狂暴之力，最多3次，其效果疊加。野蠻人必須至少8級才能選取此狂暴之力。	
CATEGORY=Special Ability|Rage Power ~ Internal Fortitude.MOD	OUTPUTNAME:內在強韌（Internal Fortitude）	DESC:.CLEAR	DESC:當身處狂暴時，野蠻人免疫噁心與反胃效果。野蠻人必須至少8級才能選取此狂暴之力。	
CATEGORY=Special Ability|Rage Power ~ Intimidating Glare.MOD	OUTPUTNAME:威嚇凝視（Intimidating Glare）	DESC:.CLEAR	DESC:野蠻人能以移動動作對一名鄰接敵人進行一次威嚇技能檢定。如果他成功挫敗對方士氣，則敵人將戰慄「1d4+1/野蠻人的檢定結果每超過威嚇DC5點」輪。	
CATEGORY=Special Ability|Rage Power ~ Knockback.MOD	OUTPUTNAME:擊飛（Knockback）	DESC:.CLEAR	DESC:每輪1次，野蠻人可以進行一次衝撞檢定來取代一次近戰攻擊。如果成功，目標承受等同於野蠻人力量修正的傷害，且如常地向後移動。如果成功，野蠻人無須跟著目標移動。此動作不會引發藉機攻擊。	
CATEGORY=Special Ability|Rage Power ~ Low-Light Vision.MOD	OUTPUTNAME:昏暗視覺（Low-Light Vision）	DESC:.CLEAR	DESC:野蠻人的感官瞬間變的更加靈敏。當狂暴時，他獲得昏暗視覺。	
CATEGORY=Special Ability|Rage Power ~ Mighty Swing.MOD	OUTPUTNAME:猛力揮擊（Mighty Swing）	DESC:.CLEAR	DESC:野蠻人可以自動通過重擊確認。使用此狂暴之力是一個直覺動作，且必須在攻擊檢定進入重擊範圍時才能啟用。野蠻人必須至少12級才能選取此狂暴之力。他每次狂暴只能使用1次此能力。	
CATEGORY=Special Ability|Rage Power ~ Moment of Clarity.MOD	OUTPUTNAME:心境澄明（Moment of Clarity）	DESC:.CLEAR	DESC:野蠻人可以忽視狂暴所帶來的負面效果，為時1輪。使用此狂暴之力是一個迅捷動作。這包括了AC減值和可行動作的限制。此輪依舊算在野蠻人每日狂暴輪數中。他每次狂暴只能使用1次此能力。	
CATEGORY=Special Ability|Rage Power ~ Night Vision.MOD	OUTPUTNAME:夜之視覺（Night Vision）	DESC:.CLEAR	DESC:野蠻人的感官在瞬息之間變的無比銳利。當狂暴時，他獲得60尺的黑暗視覺。野蠻人必須有作為狂暴之力或是種族特性的昏暗視覺，才能選取此狂暴之力。	
CATEGORY=Special Ability|Rage Power ~ No Escape.MOD	OUTPUTNAME:無處可逃（No Escape）	DESC:.CLEAR	DESC:野蠻人能以一個直覺動作移動等同於他雙倍正常速度的距離，但他只能在一名鄰接敵人進行撤退動作時使用此能力。他必須在鄰近該敵人的方格內結束他的移動。野蠻人在此移動中如常引發藉機攻擊。他每次狂暴只能使用1次此能力。	
CATEGORY=Special Ability|Rage Power ~ Powerful Blow.MOD	OUTPUTNAME:猛力一擊（Powerful Blow）	DESC:.CLEAR	DESC:野蠻人單次傷害檢定+1。此加值每4個野蠻人等級會再+1。使用此狂暴之力是一個迅捷動作，且必須在攻擊檢定之前啟用。他每次狂暴只能使用1次此能力。	
CATEGORY=Special Ability|Rage Power ~ Quick Reflexes.MOD	OUTPUTNAME:超速反射（Quick Reflexes）	DESC:.CLEAR	DESC:當狂暴時，野蠻人可以每輪做出一次額外的藉機攻擊。	
CATEGORY=Special Ability|Rage Power ~ Raging Climber.MOD	OUTPUTNAME:狂暴攀手（Raging Climber）	DESC:.CLEAR	DESC:當狂暴時，野蠻人可以將他的等級作為增強加值，加到攀爬技能檢定上。	
CATEGORY=Special Ability|Rage Power ~ Raging Leaper.MOD	OUTPUTNAME:狂暴跳躍（Raging Leaper）	DESC:.CLEAR	DESC:當狂暴時，野蠻人可以將他的等級作為增強加值，加到進行跳躍的特技技能檢定上。當用此方式進行跳躍時，野蠻人總是視為已經進行助跑。	
CATEGORY=Special Ability|Rage Power ~ Raging Swimmer.MOD	OUTPUTNAME:狂暴游者（Raging Swimmer）	DESC:.CLEAR	DESC:當狂暴時，野蠻人可以將他的等級作為增強加值，加到游泳技能檢定上。	
CATEGORY=Special Ability|Rage Power ~ Renewed Vigor.MOD	OUTPUTNAME:重生之力（Renewed Vigor）	DESC:.CLEAR	DESC:以一個標準動作，野蠻人可以醫療自己「1d8+體質修正值」點傷害。他每增加4個野蠻人等級，傷害的治療量就會+1d8，直到20級最高的5d8。野蠻人必須至少4級才能選取此狂暴之力。他每次狂暴只能使用1次此能力。	
CATEGORY=Special Ability|Rage Power ~ Rolling Dodge.MOD	OUTPUTNAME:輪擺位移（Rolling Dodge）	DESC:.CLEAR	DESC:野蠻人對抗遠程攻擊的AC獲得+1閃避加值，此加值持續等同於他體質修正的輪數（最少1輪）。此加值每6個野蠻人等級會再+1。使用此狂暴之力是一個不會引發藉機攻擊的移動動作。	
CATEGORY=Special Ability|Rage Power ~ Roused Anger.MOD	OUTPUTNAME:無邊怒火（Roused Anger）	DESC:.CLEAR	DESC:野蠻人即使在疲乏狀態下也可以進入狂暴。當野蠻人使用此能力後進入狂暴，他免疫疲乏狀態。然而狂暴結束後，每狂暴1輪，野蠻人就會力竭10分鐘。	
CATEGORY=Special Ability|Rage Power ~ Scent.MOD	OUTPUTNAME:靈敏嗅覺（Scent）	DESC:.CLEAR	DESC:野蠻人在狂暴中獲得靈敏嗅覺能力，並可用於定位不可視的敵人（參見特殊能力中「靈敏嗅覺」的相關描述）。	
CATEGORY=Special Ability|Rage Power ~ Strength Surge.MOD	OUTPUTNAME:蠻勇之力（Strength Surge）	DESC:.CLEAR	DESC:野蠻人將他的野蠻人職業等級加到單此力量檢定、戰技檢定或是CMD上（當敵人對他發動戰技時）。使用此狂暴之力是一個直覺動作。他每次狂暴只能使用1次此能力。	
CATEGORY=Special Ability|Rage Power ~ Superstition.MOD	OUTPUTNAME:迷信（Superstition）	DESC:.CLEAR	DESC:野蠻人對抗法術、超自然能力與類法術能力的豁免檢定獲得+2士氣加值。此加值每4個野蠻人等級會再+1。當狂暴時，野蠻人無法自願成為任何法術的目標，且必須進行豁免檢定來對抗任何法術，就算它是由友方所施展的。	
CATEGORY=Special Ability|Rage Power ~ Surprise Accuracy.MOD	OUTPUTNAME:無比精準（Surprise Accuracy）	DESC:.CLEAR	DESC:野蠻人單次攻擊檢定獲得+1士氣加值。此加值每4個野蠻人等級會再+1。使用此狂暴之力是一個迅捷動作，且必須在攻擊檢定之前啟用。他每次狂暴只能使用1次此能力。	
CATEGORY=Special Ability|Rage Power ~ Swift Foot.MOD	OUTPUTNAME:迅足（Swift Foot）	DESC:.CLEAR	DESC:野蠻人的速度獲得5尺增強加值。此加值在野蠻人狂暴時總是生效。野蠻人可以重複選取這個狂暴之力，最多3次，其效果疊加。	
CATEGORY=Special Ability|Rage Power ~ Terrifying Howl.MOD	OUTPUTNAME:怖懼狂嚎（Terrifying Howl）	DESC:.CLEAR	DESC:以一個標準動作，野蠻人能自口中爆出一聲震人心魄的狂嚎聲。30尺內的所有已戰慄的敵人必須進行一次DC為「10+1/2野蠻人等級+力量修正」的意志豁免，失敗者將恐慌「1d4+1」輪。當敵人對你的【怖懼狂嚎】進行過檢定（無論成功通過與否），則它在接下來的24小時內都將免疫此效果。野蠻人必須先擁有【威嚇凝視】且至少8級才能選取此狂暴之力。	
CATEGORY=Special Ability|Rage Power ~ Unexpected Strike.MOD	OUTPUTNAME:詭擊（Unexpected Strike）	DESC:.CLEAR	DESC:野蠻人可以對移動進他威脅範圍內的敵人進行藉機攻擊，無論該移動是否會正常的引發藉機攻擊。他每次狂暴只能使用1次此能力。野蠻人必須至少8級才能選取此狂暴之力。	
# Bard
CATEGORY=Special Ability|Bard ~ Bardic Knowledge.MOD	OUTPUTNAME:逸聞知識（Bardic Knowledge）	DESC:.CLEAR	DESC:詩人在進行知識類技能檢定時將他一半的職業等級（至少為1）加到檢定結果中，並且可以使用未受訓的知識技能進行檢定。	
CATEGORY=Special Ability|Bard ~ Bardic Performance.MOD	OUTPUTNAME:吟遊表演（Bardic Performance）	DESC:.CLEAR	DESC:吟遊詩人可以用他的表演在身邊的人身上（通常包括自己，如果願意）製造出各種魔法效果。1級時，他每天可以使用此能力的總輪數為「4+魅力修正」。之後的每一級，詩人都會獲得2輪額外的每日使用輪數。在每一輪，詩人都可以通過表演來使用他當前等級擁有的任意一項吟遊表演能力。啟動吟遊表演能力是一個標準動作，但在之後保持同一種表演是自由動作。更換吟遊表演的效果需要詩人停止當前的表演，並用一個標準動作開始新的表演。吟遊表演無法被打斷，但若詩人被殺死、麻痺、震懾或敲昏，或者由於其他因素而無法保持每輪一個自由動作時，表演立刻結束。詩人無法令一個以上的吟遊表演效果同時生效。7級或更高的吟遊詩人可以用移動動作替代原本的標準動作，開始一項吟遊表演；13級或更高的詩人開始表演只需要一個迅捷動作。每一項吟遊表演都需要依賴聲音或/和視覺成分運作。若一項吟遊表演依賴聲音成份運作，目標必須能夠聽見詩人的表演才會被影響，而這些能力多數和語言相關（如說明中所描述）。一名耳聾的詩人在進行此類表演時有20%%的失敗率，若他在這項檢定中失敗，他的嘗試依舊計入每日使用輪數。耳聾的生物對依賴聲音成分運作的吟遊表演免疫。若一項吟遊表演依賴視覺成份運作，目標必須存在和詩人之間的視覺線才會受到影響。一名目盲的詩人在進行此類表演時有50%%的失敗率，若他在這項檢定中失敗，他的嘗試依舊計入每日使用輪數。目盲的生物對依賴視覺成分運作的吟遊表演免疫。	
CATEGORY=Special Ability|Bard ~ Cantrips.MOD	OUTPUTNAME:戲法（Cantrips）	DESC:.CLEAR	DESC:吟遊詩人能夠學到一定數量的戲法，或者叫做0環法術。具體的數量參見上表。這些法術的施放方式與其他法術相同，但不消耗法術位並可以被重複使用（簡單的說，就是不限次數）。	
CATEGORY=Special Ability|Bard ~ Versatile Performance.MOD	OUTPUTNAME:多才多藝（Versatile Performance）	DESC:.CLEAR	DESC:2級時，吟遊詩人選定一種表演技能。他可以使用所選定的表演技能替代與其相關的技能檢定。此時詩人使用他在那項表演上的全部技能加值，包括本職技能加值，以替代相關的技能加值——無論被替代的技能是否屬於他的本職技能，以及他是否曾經受過那項技能的訓練。在6級和之後的每4個等級，詩人都可以選定一項新的表演技能進行替換。表演技能與其相關的技能為：表演（演劇）－唬騙，易容；表演（滑稽）－唬騙，威嚇；表演（舞蹈）－特技，飛行；表演（鍵盤樂）－交涉，威嚇；表演（演講）－交涉，察言觀色；表演（打擊樂）－馴養動物，威嚇；表演（歌唱）－唬騙，察言觀色；表演（絃樂）－唬騙，交涉；表演（管樂）－交涉，馴養動物。	
CATEGORY=Special Ability|Bard ~ Well-Versed.MOD	OUTPUTNAME:通曉音律（Well-Versed）	DESC:.CLEAR	DESC:2級以上的吟遊詩人對於其他詩人的【吟遊表演】，以及其他的音波效果都獲得了一定的抵抗力。詩人在對抗其他詩人的吟遊表演、音波效果、以及語言相關的效果的豁免檢定中獲得+4加值。	
CATEGORY=Special Ability|Bard ~ Lore Master.MOD	OUTPUTNAME:博學（Lore Master）	DESC:.CLEAR	DESC:第5級起，吟遊詩人在學識上的成就允許他為任何知識檢定取10。他也可以決定不使用取10的能力並正常投骰決定檢定結果。此外，每天1次，詩人能夠以一個標準動作為任意知識檢定取20。在5級之後的每6級，詩人都獲得1次額外的每日使用次數，在17級時達到最大每日3次。	
CATEGORY=Special Ability|Bard ~ Jack of All Trades.MOD	OUTPUTNAME:萬事通（Jack of All Trades）	DESC:.CLEAR	DESC:10級或以上的吟遊詩人能夠使用任何技能，包括正常需要訓練但他未曾受訓的技能在內。16級或以上的詩人將所有技能看作本職技能。19級或以上的詩人可以在任何情況下為技能檢定取10，哪怕正常來說這樣做是不被允許的	
CATEGORY=Special Ability|Bardic Performance ~ Countersong.MOD	OUTPUTNAME:破咒曲（Countersong）	DESC:.CLEAR	DESC:1級起，吟遊詩人可以用他的音樂和詩歌來反制依賴於聲音的法術（並非簡單的指那些有言語成分的法術）。在表演破咒曲的每輪內，他都必須做一次表演（鍵盤樂、打擊樂、管樂、絃樂，或演唱）檢定。任何在吟遊詩人30尺之內的生物（包括吟遊詩人自己）在受到音波或者基於語言的魔法攻擊時，都可以用吟遊詩人的表演檢定來代替自身的豁免檢定（如果吟遊詩人的表演檢定結果好於自身的豁免檢定結果）。如果在「破咒曲」範圍內的生物已經受到持續性音波魔法或者基於語言的魔法攻擊，在聽到破咒曲的每個回合內，他都有進行新的豁免檢定對抗魔法影響的機會，但是必須使用吟遊詩人的表演檢定結果值來進行此對抗。對於無法進行豁免檢定的魔法效果，【破咒曲】無效。【破咒曲】依賴聲音成份運作。	
CATEGORY=Special Ability|Bardic Performance ~ Distraction.MOD	OUTPUTNAME:清心（Distraction）	DESC:.CLEAR	DESC:1級起，吟遊詩人可以用他的表演來反制依賴於視覺的法術。在清心持續的每輪中，他都必須做一次表演（模仿、滑稽、舞蹈、或演講）檢定。任何在吟遊詩人30尺之內的生物（包括吟遊詩人自己）在受到〔心靈幻覺〕或〔虛假幻覺〕子學派的魔法攻擊時，都可以用吟遊詩人的表演檢定來代替自身的豁免檢定（若表演檢定結果好於自身的豁免檢定結果）。如果在清心範圍內的生物已經受到持續性的〔心靈幻覺〕或〔虛假幻覺〕法術影響，在能夠看到【清心】的每個回合內，他都有進行新的豁免檢定以對抗魔法影響的機會，但是必須使用吟遊詩人的表演檢定結果值來進行此對抗。對於無法進行豁免檢定的魔法效果，【清心】無效。【清心】依賴視覺成份運作。	
CATEGORY=Special Ability|Bardic Performance ~ Fascinate.MOD	OUTPUTNAME:迷魂（Fascinate）	DESC:.CLEAR	DESC:1級起，吟遊詩人可以用他的表演來讓一個或多個生物對他著迷。只有在吟遊詩人周圍90尺距離內，能夠看見和聽見吟遊詩人，還必須注意到他的生物才可能被迷住。吟遊詩人同樣必須能夠看到這些生物。附近的戰鬥或者其他能導致分心的危險都會打斷這項能力的使用。1級之後的每3個吟遊詩人等級，他都可以在每次使用此能力時多影響一個目標。每個在迷魂的作用範圍內的生物都需要進行一次DC為「10+1/2詩人等級+魅力修正」的意志豁免以抵抗此效果。如果生物的豁免檢定成功，則此吟遊詩人在24小時內無法再對之迷魂。如果豁免檢定失敗，該生物會安靜的坐下來欣賞表演，在吟遊詩人繼續專心表演的期間內不會做其他動作。被迷魂的生物在對周圍反應方面的技能（例如察覺）的檢定上都有-4減值。任何潛在威脅都會給予目標生物一次新的豁免檢定機會。任何現實威脅，例如有人拔武器，施法，或者用遠程武器瞄準目標時都會自動打破此能力。【迷魂】是一項惑控系（脅迫）影響心靈能力。【迷魂】依賴聲音和視覺成份運作。	
CATEGORY=Special Ability|Bardic Performance ~ Inspire Courage.MOD	OUTPUTNAME:激發勇氣（Inspire Courage）	DESC:.CLEAR	DESC:1級起，吟遊詩人可以通過表演來激發盟友（包括自己）的勇氣，鼓舞他們對抗恐懼和提高戰鬥能力。只有能看到或聽到吟遊詩人表演的盟友才可以接受此效果。受影響的盟友在對抗魅惑和恐懼時豁免檢定有+1士氣加值，在攻擊和武器傷害檢定上也有+1表現加值。5級及之後每6個吟遊詩人等級，該加值都會增加1（5級+2，11級+3，17級達到最大+4）。激發勇氣是影響心靈的能力。【激發勇氣】依賴聲音或者視覺成份運作，詩人必須在開始表演之前決定具體使用的成份。	
CATEGORY=Special Ability|Bardic Performance ~ Inspire Competence.MOD	OUTPUTNAME:提振技能（Inspire Competence）	DESC:.CLEAR	DESC:3級或以上的吟遊詩人可以通過表演來幫助盟友成功完成工作。該盟友必須距離吟遊詩人30尺內，並且能看到和聽見吟遊詩人。只要此盟友還能聽見吟遊詩人的表演，他就可以在特定技能檢定上獲得+2表現加值。3級以後的每4個等級，此加值都會提升1（7級+3，11級+4，15級+5，以及19級+6）。某些用法，例如利用【提振技能】輔助隱匿技能，可能顯得不符合常理並因此被GM禁止。吟遊詩人不能對自己使用此能力。此能力依賴聲音成份運作。	
CATEGORY=Special Ability|Bardic Performance ~ Suggestion.MOD	OUTPUTNAME:暗示（Suggestion）	DESC:.CLEAR	DESC:6級或以上的吟遊詩人可以通過表演對一個已經被迷魂（見前）的生物使用『暗示術』。使用此能力不會打斷迷魂的效果，但需要在用以保持迷魂的自由動作之上額外花費一個標準動作。詩人可以在同一場演出中對一名生物多次使用此能力。一次成功的DC為「10+1/2詩人等級+魅力修正」的意志豁免可以抵抗此效果。該能力只能影響一個生物（但參見下面的【群體暗示】）。【暗示】屬於惑控系（脅迫）影響心靈且與語言相關的能力。此能力依賴聲音成份運作。	
CATEGORY=Special Ability|Bardic Performance ~ Dirge of Doom.MOD	OUTPUTNAME:末日喪歌（Dirge of Doom）	DESC:.CLEAR	DESC:8級或以上的吟遊詩人可以通過表演引發敵人心中的恐懼，讓他們在戰鬥中戰慄。只有距離詩人30英尺內，且能夠看見和聽到詩人表演的敵人才可能被影響。此效果只要敵人保持在距離詩人30英尺內，且詩人持續表演就會一直生效。【末日喪歌】無法令目標變得驚懼或恐慌，哪怕他們已經因為其它的效果而陷入戰慄也一樣。【末日喪歌】是一個影響心靈的恐懼效果，且依賴聲音和視覺成分運作。	
CATEGORY=Special Ability|Bardic Performance ~ Inspire Greatness.MOD	OUTPUTNAME:提振戰力（Inspire Greatness）	DESC:.CLEAR	DESC:9級或以上的吟遊詩人可以通過表演來激勵自己或者30尺內的一個自願的盟友，讓他獲得額外的戰鬥力。9級後每3級，詩人可以在每次使用此能力時多影響1個同伴（12級2個，15級3個，18級達到最大4個）。要使用【提振戰力】，所有同伴必須能夠聽到和看到吟遊詩人。受影響的生物獲得兩個額外生命骰（d10），對應的暫時生命值（每個獎勵生命骰都要加上體質修正），攻擊檢定獲得+2表現加值，且強韌檢定得到+1表現加值。在決定依賴於生命骰的法術效果時，這些獎勵生命骰視為正常生命骰。【提振戰力】是影響心靈的能力，並且依賴聲音和視覺成分運作。	
CATEGORY=Special Ability|Bardic Performance ~ Soothing Performance.MOD	OUTPUTNAME:安神（Soothing Performance）	DESC:.CLEAR	DESC:12級或以上的詩人能夠通過表演造成等同於『群體治療重傷』的效果，並使用詩人的等級作為施法者等級。此能力會同時移除受影響的目標身上的疲乏、噁心和戰慄效果。使用此能力需要4次連續的表演，且目標必須能夠聽到和看見整個表演過程。【安神】依賴聲音和視覺成分運作。	
CATEGORY=Special Ability|Bardic Performance ~ Frightening Tune.MOD	OUTPUTNAME:恐懼魔音（Frightening Tune）	DESC:.CLEAR	DESC:14級或以上的詩人能夠通過表演帶給敵人恐懼。只有距離詩人30英尺內，且能夠聽到詩人表演的敵人才可能被影響。每個在範圍內敵人都需要進行一次DC為「10+1/2詩人等級+魅力修正」的意志豁免以抵抗此效果。若豁免成功，同一詩人無法在24小時之內的再次嘗試令其恐懼。若豁免失敗，只要還能聽到【恐懼魔音】，此敵人就會驚懼並不斷逃竄。【恐懼魔音】依賴聲音成分運作。	
CATEGORY=Special Ability|Bardic Performance ~ Inspire Heroics.MOD	OUTPUTNAME:激發豪情（Inspire Heroics）	DESC:.CLEAR	DESC:15級或以上的吟遊詩人可以通過表演賦予他自己或30尺距離內的一名盟友極大的勇氣。15級後每3個吟遊詩人等級，他可以在每次使用此能力時多影響1個同伴。要被【激發豪情】所影響，所有目標必須能夠聽到和看到吟遊詩人。受到激勵的生物豁免獲得+4士氣加值，AC獲得+4閃避加值。該效果在目標能夠看到表演的期間內一直有效。【激發豪情】是影響心靈的能力，並且依賴聲音和視覺成分運作。	
CATEGORY=Special Ability|Bardic Performance ~ Mass Suggestion.MOD	OUTPUTNAME:群體暗示（Mass Suggestion）	DESC:.CLEAR	DESC:這項能力和之前提到的【暗示】能力類似，但允許18級或以上的吟遊詩人同時對任意數量的、已經被其迷魂（見前）的生物進行暗示。【群體暗示】屬於惑控系（脅迫），影響心靈且與語言相關的能力。此能力依賴聲音成份運作。	
CATEGORY=Special Ability|Bardic Performance ~ Deadly Performance.MOD	OUTPUTNAME:奪命表演（Deadly Performance）	DESC:.CLEAR	DESC:20級或以上的詩人能夠通過表演，令一名敵人因為極度的快樂或悲傷而死去。只有距離詩人30英尺內，且能夠看見和聽見詩人的表演長達整整一輪的目標才會受到影響。目標需要進行一次DC為「10+1/2詩人等級+魅力修正」的意志豁免以抵抗此效果。若豁免成功，目標會在1d4輪內陷入恍惚，並且同一詩人在24小時內無法再次對其使用奪命表演。若豁免失敗，目標死亡。【奪命表演】是一個影響心靈的即死效果，且依賴聲音和視覺成分運作。	

