# Barbarian
CATEGORY=Special Ability|Armored Hulk ~ Indomitable Stance.MOD	OUTPUTNAME:不屈架勢（Indomitable Stance）	DESC:.CLEAR	DESC:重甲士的衝撞戰技檢定+1，同樣的加值也應用在對抗衝撞的CMD、以及對抗「踐踏」能力的反射豁免上。他對抗衝鋒攻擊的AC+1，而且在攻擊衝鋒的對手時攻擊檢定與傷害檢定均+1。此能力取代快速移動。	
CATEGORY=Special Ability|Armored Hulk ~ Armored Swiftness.MOD	OUTPUTNAME:迅捷甲士（Armored Swiftness）	DESC:.CLEAR	DESC:2級起，重甲士可以在穿戴中甲或重甲時移動得更快。當穿戴中甲或重甲時，重甲士的移動速度增加5尺，但不超過基本移動速度。此能力取代直覺閃避。	
CATEGORY=Special Ability|Armored Hulk ~ Resilience of Steel.MOD	OUTPUTNAME:鐵甲卸勁（Resilience of Steel）	DESC:.CLEAR	DESC:3級起，重甲士學會運用裝甲避免致命攻擊。在穿戴重甲時，他對抗重擊確認檢定時AC+1，3級後每3級此加值再+1（18級最高+6）。此能力取代陷阱感知。	
CATEGORY=Special Ability|Armored Hulk ~ Improved Armored Swiftness.MOD	OUTPUTNAME:進階迅捷甲士（Improved Armored Swiftness）	DESC:.CLEAR	DESC:5級起，重甲士的陸地速度比他的同族正常速度快10尺。他在穿戴任何盔甲時可以獲得此加值，包括重甲。但當他重載時依然會失去此加值。在計算因負載或穿甲產生的速度修正時要先應用此加值。此加值可以與其他任何增加野蠻人陸上速度的效果疊加。此能力取代精通直覺閃避。	
CATEGORY=Special Ability|Scarred Rager ~ Terrifying Visage.MOD	OUTPUTNAME:恐怖容貌（Terrifying Visage）	DESC:.CLEAR	DESC:傷痕狂暴者對非野蠻人部族的成員進行威嚇技能檢定時，可以將野蠻人等級的一半加到檢定結果上，這種加值也可以作用在與野蠻人部落的交涉檢定上。由傷痕狂暴者造成的任何恐懼效果的豁免DC都+1。此能力取代快速移動。	
CATEGORY=Special Ability|Scarred Rager ~ Tolerance.MOD	OUTPUTNAME:忍耐（Tolerance）	DESC:.CLEAR	DESC:2級起，當傷痕狂暴者因豁免檢定失敗而陷入力竭、反胃、疲乏、噁心狀態時，可以在他下一輪開始時再進行一次額外的豁免來免除這些效果。額外豁免只有一次。如果該效果不允許豁免，你可以讓該效果的持續時間減半。此能力取代直覺閃避。	
CATEGORY=Special Ability|Scarred Rager ~ Scarification.MOD	OUTPUTNAME:傷口癒合（Scarification）	DESC:.CLEAR	DESC:3級起，傷痕狂暴者每輪可以忽略1點出血傷害。3級之後每3級，每輪可以多忽略1點傷害。15級起，傷痕狂暴者可以每輪無視一次出血效果。此能力取代陷阱感知。	
CATEGORY=Special Ability|Scarred Rager ~ Improved Tolerance.MOD	OUTPUTNAME:忍耐強化（Improved Tolerance）	DESC:.CLEAR	DESC:5級起，傷痕狂暴者的忍耐能力對造成暈眩、恐懼、戰慄、震懾的效果也適用。此能力取代精通直覺閃避。	
CATEGORY=Special Ability|Sea Reaver ~ Marine Terror.MOD	OUTPUTNAME:海之恐怖（Marine Terror）	DESC:.CLEAR	DESC:掠海者可以屏息的輪數等於體質值的4倍。而且掠海者可以正常通過1尺深的水或沼澤，不用因為穿越這種地形而花費額外的移動距離。最後，掠海者在攻擊浸在水裡的目標時，該目標不會因為掩蔽獲得AC加值（正常狀態下攻擊水裡的目標視為有掩蔽）。此能力取代快速移動。	
CATEGORY=Special Ability|Sea Reaver ~ Eyes of the Storm.MOD	OUTPUTNAME:風暴之眼（Eyes of the Storm）	DESC:.CLEAR	DESC:2級時，掠海者可以無視霧、雨雪和風等天氣因素造成的非全隱蔽效果。而且他在進行察覺檢定時，因天氣造成的檢定罰值減半。此能力取代直覺閃避。	
CATEGORY=Special Ability|Sea Reaver ~ Savage Sailor.MOD	OUTPUTNAME:野蠻水手（Savage Sailor）	DESC:.CLEAR	DESC:3級時，掠海者在船上或海岸線上等水上地形時，他的特技、攀爬、專業（水手）、游泳和生存技能檢定+1。3級後的每3級，此加值再+1。此能力取代陷阱感知。	
CATEGORY=Special Ability|Sea Reaver ~ Sure-Footed.MOD	OUTPUTNAME:腳踏實地（Sure-Footed）	DESC:.CLEAR	DESC:5級時，掠海者在滑膩的表面上移動時不會受到罰值，無論這種滑膩是自然還是魔法造成的（例如『油膩術』，『冰風暴』等）。掠海者不會在這種地形上滑倒，不會因此失去敏捷加值，也不會將此視作困難地形。此能力取代精通直覺閃避。	
CATEGORY=Special Ability|Titan Mauler ~ Big Game Hunter.MOD	OUTPUTNAME:巨獸獵人（Big Game Hunter）	DESC:.CLEAR	DESC:巨人殺手與比自己體型大的生物進行近戰時，攻擊檢定+1，AC獲得+1閃避加值。此能力取代快速移動。	
CATEGORY=Special Ability|Titan Mauler ~ Jotungrip.MOD	OUTPUTNAME:約頓之握（Jotungrip）	DESC:.CLEAR	DESC:2級起，巨人殺手可以將雙手近戰武器當作單手武器使用，攻擊檢定受到-2減值。該武器必須適合巨人殺手的體型。在決定猛力攻擊傷害加值、傷害的力量修正等情況時，將該武器視為單手武器。此能力取代直覺閃避。【譯註：約頓巨人是北歐神話中巨人族的一員。】	
CATEGORY=Special Ability|Titan Mauler ~ Massive Weapons.MOD	OUTPUTNAME:擅長巨兵（Massive Weapons）	DESC:.CLEAR	DESC:3級起，巨人殺手獲得使用大型武器的技巧。她可以使用大一個級別生物的雙手武器，但這樣做的懲罰會增加到4。然而，當使用比自己體型大的武器時，攻擊檢定罰值減少1點，3級以後每3級罰值再減1點（最低到0）。此能力替換陷阱感知。【編註：中體型使用大型雙手武器時，武器減值除了該技能的-4懲罰外，還要加上越型原本的-2懲罰。】	
CATEGORY=Special Ability|Titan Mauler ~ Evade Reach.MOD	OUTPUTNAME:迴避觸及（Evade Reach）	DESC:.CLEAR	DESC:5級起，以一個迅捷動作，巨人殺手可以選擇視線內的一個目標，在巨人殺手的回合結束前，被選定目標針對他的觸及範圍視為減少5尺。5級之後每5級，觸及減值再增加5尺。此能力取代精通直覺閃避。	
CATEGORY=Special Ability|Titan Mauler ~ Titanic Rage.MOD	OUTPUTNAME:泰坦之怒（Titanic Rage）	DESC:.CLEAR	DESC:14級時，巨人殺手在狂暴時可以獲得『人類變巨術』的好處。在使用泰坦之怒時，巨人殺手每輪消耗2輪狂暴輪數。在這種狂暴結束後，你陷入力竭狀態。此能力取代不屈意志。	
CATEGORY=Special Ability|True Primitive ~ Illiteracy.MOD	OUTPUTNAME:文盲（Illiteracy）	DESC:.CLEAR	DESC:原住民無法讀寫。而他們的迷信文化也根本排斥對讀寫的學習，原住民即使兼職其他職業也依然無法讀寫。	
CATEGORY=Special Ability|True Primitive ~ Favored Terrain.MOD	OUTPUTNAME:偏好地形（Favored Terrain）	DESC:.CLEAR	DESC:原住民獲得故鄉所在地形作為其偏好地形，效果同遊俠的【偏好地形】職業能力。5級起與之後每5級，原住民的偏好地形加值再+2，但無法獲得額外的偏好地形。此能力取代快速移動。	
CATEGORY=Special Ability|True Primitive ~ Trophy Fetish.MOD	OUTPUTNAME:戰利品祝福（Trophy Fetish）	DESC:.CLEAR	DESC:原住民為了顯示自身的力量和強大，會收集打敗的敵人身上的牙齒、骨頭、毛髮作為自己的戰利品。3級起，原住民可以給上述傳統的真正原始的武器附上一件祝福戰利品。在使用此武器時，原住民傷害檢定獲得+1士氣加值。如果該武器有易碎特性，每日1次，原住民可以無視因攻擊投骰出1而損壞該武器的效果。原住民也可以在皮革防具上附上戰利品，如果這樣做，原住民在豁免檢定上有+1士氣加值。如果該防具有易碎特性，每日1次，原住民在遭受重擊時可以選擇讓該防具不被擊破。3級之後每5級，原住民可以多附加一件戰利品。原住民可以給同一件防具或武器添加多件祝福戰利品，效果疊加。戰利品可以被擊破（硬度5，1HP），但範圍攻擊或不是瞄準特定目標的攻擊不會對戰利品造成傷害。給其他種類的武器或防具附上戰利品沒有效果。此能力取代陷阱感知。	
CATEGORY=Special Ability|Urban Barbarian ~ Crowd Control.MOD	OUTPUTNAME:人海制御（Crowd Control）	DESC:.CLEAR	DESC:1級起，都市野人與兩名或以上敵人鄰接時，攻擊檢定+1，AC獲得+1閃避加值。同時都市野人的移動不會受到人群的阻礙，並在影響人群的威嚇技能檢定上獲得等於都市野人職業等級一半的加值。此能力取代快速移動。	
CATEGORY=Special Ability|Urban Barbarian ~ Controlled Rage.MOD	OUTPUTNAME:壓制狂暴（Controlled Rage）	DESC:.CLEAR	DESC:都市野人在狂暴時，可以選擇力量、敏捷、體質的一項屬性獲得+4士氣加值代替原來的狂暴效果。此加值在都市野人獲得【大狂暴】時變成+6，獲得【強力狂暴】時變成+8。都市野人可以選擇在一項體能屬性上獲得完全加值，也能以+2為單位將加值分別加到不同體能屬性上。使用壓制狂暴時，都市獵人不會獲得意志檢定的士氣加值，但也不會受到AC的罰值，而且在狂暴中仍然可以使用基於智力、敏捷、魅力的技能。其他效果與狂暴規則一樣。	
CATEGORY=Special Ability|Wild Rager ~ Uncontrolled Rage.MOD	OUTPUTNAME:失控狂暴（Uncontrolled Rage）	DESC:.CLEAR	DESC:凶暴蠻者的狂暴效果如常，但如果他在狂暴中將一個生物的生命值降到0以下，他必須通過一個DC為「10+野蠻人等級+魅力修正」的意志檢定，失敗則陷入困惑狀態。在他當前輪的剩餘時間裡，他會攻擊除自己外離自己最近的生物。下一輪開始，他如同被『困惑術』支配一樣進行行動（效果見下注）。從這一輪起以及之後每一輪，在凶暴蠻者的回合結束時可以嘗試一次新的意志豁免來擺脫困惑效果。他在困惑中的輪數不計入他的每日狂暴輪數里，但他無法自主結束狂暴，也無法在困惑狀態中使用狂暴之力。	
CATEGORY=Special Ability|Wild Rager ~ Wild Fighting.MOD	OUTPUTNAME:狂野戰法（Wild Fighting）	DESC:.CLEAR	DESC:2級起，即使不是處於狂暴狀態，凶暴蠻者的戰鬥風格經常也是魯莽、狂野的。凶暴蠻者在進行全力攻擊時，可以獲得一次使用他最高BAB的額外攻擊。在他下一輪開始前，他的攻擊檢定-2，AC-4。此能力替代直覺閃避。	
CATEGORY=Special Ability|Wild Rager ~ Rage Conversion.MOD	OUTPUTNAME:狂暴轉換（Rage Conversion）	DESC:.CLEAR	DESC:5級起，凶暴蠻者在對抗任何〔影響心靈〕效果的豁免失敗時，他可以在下一輪開始時進行一次新的豁免檢定。如果這次檢定成功，該〔影響心靈〕效果被移除，同時凶暴蠻者開始狂暴並自動進入上述的困惑狀態。此能力替代精通直覺閃避。	
CATEGORY=Special Ability|Rage Power ~ Auspicious Mark.MOD	OUTPUTNAME:吉祥烙記（Auspicious Mark）	DESC:.CLEAR	DESC:該野蠻人身上擁有祖靈的印記，此印記通常是一個讓人印象深刻的刺青、疤痕或是胎記，每次狂暴時，擁有吉祥烙記的野蠻人擁有一次機會，可以以迅捷動作花費2輪的狂暴，喚起祖靈的庇佑，在單次1d20的投骰中加上1d6的加值。他可以在得知投骰結果之後才喚起【吉祥烙記】。	
CATEGORY=Special Ability|Rage Power ~ Bestial Climber.MOD	OUTPUTNAME:獸性攀爬（Bestial Climber）	DESC:.CLEAR	DESC:在狂暴時，野蠻人得到相當於他陸地移動速度的攀爬速度。要選擇此狂暴之力，野蠻人必須達到6級，且必須先學習過【狂暴攀手】。	
CATEGORY=Special Ability|Rage Power ~ Bestial Leaper.MOD	OUTPUTNAME:獸性飛躍者（Bestial Leaper）	DESC:.CLEAR	DESC:狂暴時，當野蠻人移動時，他可以在該次移動的任何一點進行他的標準動作，並且繼續移動。要選擇此狂暴之力，野蠻人必須達到6級。	
CATEGORY=Special Ability|Rage Power ~ Bestial Swimmer.MOD	OUTPUTNAME:獸性泳者（Bestial Swimmer）	DESC:.CLEAR	DESC:狂暴時野蠻人得到相當於他陸地移動速度的游泳速度。要選擇此狂暴之力，野蠻人必須先達到6級，且必須先學習過【狂暴泳者】。	
CATEGORY=Special Ability|Rage Power ~ Bleeding Blow.MOD	OUTPUTNAME:流血猛擊（Bleeding Blow）	DESC:.CLEAR	DESC:當野蠻人使用【猛力一擊】狂暴之力時，他同時造成相當於額外傷害的出血傷害，此出血傷害可以無視DR。野蠻人必須達到8級且擁有【猛力一擊】。	
CATEGORY=Special Ability|Rage Power ~ Body Bludgeon.MOD	OUTPUTNAME:人體棍棒（Body Bludgeon）	DESC:.CLEAR	DESC:當狂暴時，只要野蠻人可以在擒抱中壓制體型比他小的敵人，那麼他就可以把對方當作造成1d8點鈍擊傷害的臨時雙手武器來使用（此處列出的是小體型敵人的傷害，如果野蠻人抓了更小或是更大的目標，那麼就以此基數做調整，超小型造成1d6傷害，中型造成1d10傷害，以此類推）。在保持擒抱和定身時，野蠻人可以用人體棍棒以他最高的BAB進行一次攻擊。當野蠻人使用人體棍棒擊中目標時，被壓制的「棍棒」和被打到的敵人會同時受到傷害。如果被壓制的對手因為任何理由沒有辦法掙脫擒抱，那麼野蠻人可以直截了當地把它當作臨時武器使用，直到該生物的HP降到0以下。HP被降到0以下的生物無法再當作臨時武器使用。野蠻人必須達到10級，才有辦法選擇此狂暴之力。	
CATEGORY=Special Ability|Rage Power ~ Crippling Blow.MOD	OUTPUTNAME:致殘猛擊（Crippling Blow）	DESC:.CLEAR	DESC:當使用【猛力一擊】狂暴之力時，野蠻人可以選擇不造成額外的傷害加值（這同時也會取消【流血猛擊】的出血傷害），而是對目標造成每4級1點的力量或敏捷傷害，此傷害的強韌豁免DC為「10+1/2野蠻人等級+力量修正」。野蠻人必須先選擇【猛力一擊】且達到8級，才能選擇「致殘猛擊」。	
CATEGORY=Special Ability|Rage Power ~ Deadly Accuracy.MOD	OUTPUTNAME:致命精確（Deadly Accuracy）	DESC:.CLEAR	DESC:當野蠻人使用【無比精準】狂暴之力造成重擊時，他可以在進行重擊確認時將無比精準的效果加倍。野蠻人必須要達到4級且擁有【無比精準】才能選擇「致命精確」。	
CATEGORY=Special Ability|Rage Power ~ Dragon Totem.MOD	OUTPUTNAME:龍圖騰（Dragon Totem）	DESC:.CLEAR	DESC:選擇一種龍類作為野蠻人的圖騰，在狂暴時，他的察覺檢定+1，且對麻痺、睡眠和恐懼的豁免+1，此加值每多一個龍圖騰的狂暴之力就上升1點。野蠻人必須擁有【野性狂怒】和【威嚇凝視】才能選擇「龍圖騰」。	
CATEGORY=Special Ability|Rage Power ~ Dragon Totem Resilience.MOD	OUTPUTNAME:龍抗性（Dragon Totem Resilience）	DESC:.CLEAR	DESC:狂暴時，野蠻人得到和他所選龍類圖騰相同的能量抗力，此抗力點數等於野蠻人本身的傷害減免。此外，每多一個龍類圖騰相關的狂暴之力，此抗力還會額外上升2點。野蠻人必須達到8級且擁有【龍圖騰】才能選擇「龍抗性」。	
CATEGORY=Special Ability|Rage Power ~ Dragon Totem Wings.MOD	OUTPUTNAME:龍翼（Dragon Totem Wings）	DESC:.CLEAR	DESC:當野蠻人得到此狂暴之力時，他可以將飛行納入本職技能。當他狂暴且裝備輕於中甲時，他可以花費一個標準動作長出一對翅膀，得到相當於陸地移動速度的飛行速度；他可以花費1輪的狂暴輪數以直覺動作張開翅膀，即便不在他的回合之中。他也可以隨時結束飛行。當擁有翅膀時，野蠻人每輪必須要花費2輪狂暴輪數來維持狂暴。當他脫離狂暴時，飛行能力也同時解除。他必須要達到10級，擁有【龍圖騰】和【龍抗性】才能選擇龍翼。	
CATEGORY=Special Ability|Rage Power ~ Eater of Magic.MOD	OUTPUTNAME:吞噬魔法（Eater of Magic）	DESC:.CLEAR	DESC:每次狂暴時1次，當野蠻人對抗法術、類法術能力或超自然能力的豁免檢定失敗時，他可以重骰一次豁免。要是他豁免成功，將不受到該能力的影響，且得到相當於該能力施用者的CL或怪物CR的臨時HP。此臨時HP會持續1分鐘。野蠻人必須擁有【迷信】且達到10級才能學習「吞噬魔法」。	
CATEGORY=Special Ability|Rage Power ~ Ghost Rager.MOD	OUTPUTNAME:鬼靈狂暴（Ghost Rager）	DESC:.CLEAR	DESC:狂暴時，野蠻人可以對虛體生物造成正常傷害，就算他拿的是非魔法武器也一樣，且他的接觸AC提升相當於【迷信】狂暴之力所提供加值的數值。他必須先學會【迷信】且達到6級才能學習「鬼靈狂暴」。	
CATEGORY=Special Ability|Rage Power ~ Ground Breaker (Greater).MOD	OUTPUTNAME:高等大地之擊（Ground Breaker, Greater）	DESC:.CLEAR	DESC:當野蠻人使用【大地之擊】狂暴之力時，此狂暴之力可以讓範圍增加5尺。野蠻人可以重複選擇此狂暴之力3次，效果疊加。要選擇此狂暴之力，他必須先學會【大地之擊】，且達到8級。	
CATEGORY=Special Ability|Rage Power ~ Guarded Life (Greater).MOD	OUTPUTNAME:高等生命守護（Guarded Life, Greater）	DESC:.CLEAR	DESC:當【生命守護】發動時，每等級轉換為非致命傷害的傷害上升1點（總計2點）。野蠻人必須要學會【生命守護】且達到6級才能選擇「高等生命守護」。	
CATEGORY=Special Ability|Rage Power ~ Hive Totem.MOD	OUTPUTNAME:蜂群圖騰（Hive Totem）	DESC:.CLEAR	DESC:狂暴時，野蠻人因集群攻擊所受的傷害減半，這裡的集群包括由法術所造成的集群和類似效果。此外，他的力量檢定+1，並對衝撞、拖拽或絆摔的CMD上得到同樣的加值，此加值每4級再+1，直到20級的+5。野蠻人必須要學會【野性之怒】且達到4級才能學習「蜂群圖騰」。	
CATEGORY=Special Ability|Rage Power ~ Hive Totem Resilience.MOD	OUTPUTNAME:蜂群圖騰守護（Hive Totem Resilience）	DESC:.CLEAR	DESC:狂暴時，野蠻人將不受集群傷害。這同時也讓他免疫集群攻擊所造成的流血和中毒效果。此外，他在擒抱時CMB與CMD皆+1，此加值每4級再+1，直到20級的+5。野蠻人必須先學習【蜂群圖騰】且達到6級，才能選擇「蜂群圖騰守護」。	
CATEGORY=Special Ability|Rage Power ~ Hive Totem Toxicity.MOD	OUTPUTNAME:蜂群圖騰毒素（Hive Totem Toxicity）	DESC:.CLEAR	DESC:狂暴時，野蠻人由【野性之怒】狂暴之力所提供的嚙咬傷害提升一級，且嚙咬攻擊的減值降為-2。每狂暴時一次，野蠻人可以替自己的嚙咬注入毒性，此毒素會在接下來4輪中每輪發作1次，造成1d3點體質傷害。通過1次DC為「10+1/2野蠻人等級+體質修正值」的強韌豁免可以治癒。野蠻人必須達到8級且學會【蜂群圖騰守護】，才有辦法學習「蜂群圖騰毒素」。	
CATEGORY=Special Ability|Rage Power ~ Lethal Accuracy.MOD	OUTPUTNAME:致死精確（Lethal Accuracy）	DESC:.CLEAR	DESC:當野蠻人使用【無比精準】狂暴之力時，他手中武器的重擊倍率上升1（×2變成×3，×3變成×4），野蠻人必須先學會【無比精準】和【致命精確】且達到16級才有辦法選擇此狂暴之力。	
CATEGORY=Special Ability|Rage Power ~ Perfect Clarity.MOD	OUTPUTNAME:完美明晰（Perfect Clarity）	DESC:.CLEAR	DESC:當使用【心境澄明】狂暴之力時，野蠻人可以在幻術的識破機會和意志豁免上雙骰取高。你必須先學會【心境澄明】才能選擇「完美明晰」。	
CATEGORY=Special Ability|Rage Power ~ Primal Scent.MOD	OUTPUTNAME:原始嗅覺（Primal Scent）	DESC:.CLEAR	DESC:當使用【靈敏嗅覺】狂暴之力時，野蠻人在追跡的生存檢定和定位他看不到的生物之察覺檢定上，得到相當其等級一半的加值。如果他定位了一個全掩蔽的生物，那麼他可以將之視為普通掩蔽。野蠻人必須要先學會【靈敏嗅覺】且達到8級，才能學習「原始嗅覺」。	
CATEGORY=Special Ability|Rage Power ~ Reflexive Dodge.MOD	OUTPUTNAME:自發閃避（Reflexive Dodge）	DESC:.CLEAR	DESC:當野蠻人啟動【輪擺位移】狂暴之力時，他可以將他的閃避AC加值加到反射檢定上。野蠻人必須擁有【輪擺位移】且達到6級才能選擇「自發閃避」。	
CATEGORY=Special Ability|Rage Power ~ Regenerative Vigor.MOD	OUTPUTNAME:活力重生（Regenerative Vigor）	DESC:.CLEAR	DESC:當使用「重生之力」狂暴之力後，直到狂暴結束前，野蠻人將會得到每6野蠻人等級1點的快速治療，最多3點。此快速治療的生命值會在每次野蠻人行動輪開始時恢復。野蠻人必須選擇「重生之力」才能學習「活力重生」。	
CATEGORY=Special Ability|Rage Power ~ Renewed Life.MOD	OUTPUTNAME:生生不息（Renewed Life）	DESC:.CLEAR	DESC:在狂暴時，野蠻人可以忽略相當於他等級四分之一的臨時負向等級。此外，每日一次，當野蠻人帶著負向等級結束狂暴時，他可以嘗試透過一個強韌檢定來消除相當於他可以忽略等級數的負向等級。野蠻人必須先學會「生機盎然」且達到6級才能學習「生生不息」。	
CATEGORY=Special Ability|Rage Power ~ Renewed Vitality.MOD	OUTPUTNAME:生機盎然（Renewed Vitality）	DESC:.CLEAR	DESC:狂暴時，每兩野蠻人等級，野蠻人可以忽略一點屬性傷害或減值，最高10點。每日一次，當野蠻人帶著屬性傷害或減值結束狂暴時，他可以重擲豁免檢定，如果成功則克服相當於他可以忽略點數的屬性傷害。他必須先學會「重生之力」且達到4級才能學習「生機盎然」。	
CATEGORY=Special Ability|Rage Power ~ Sharpened Accuracy.MOD	OUTPUTNAME:敏銳精確（Sharpened Accuracy）	DESC:.CLEAR	DESC:使用「無比精準」狂暴之力時，野蠻人可以忽略掩蔽、將全掩蔽視為掩蔽。他可以忽略除了全掩蔽之外的掩蔽加值。野蠻人必須先學會「無比精準」且達到8級，才有辦法學習「敏銳精確」。	
CATEGORY=Special Ability|Rage Power ~ Spell Sunder.MOD	OUTPUTNAME:破甲祛法（Spell Sunder）	DESC:.CLEAR	DESC:每次狂暴時1次，野蠻人可以透過一次成功的擊破武器戰技檢定來移除法術。對並非施加在生物身上的法術來說，野蠻人必須對抗的CMD為「15+施法者等級」；而對那些施放在生物身上的法術來說，野蠻人則需要進行一次比那個生物CMD高5點的擊破武器戰技檢定，此檢定忽略任何法術或類法術能力帶來的失手機率。如果此檢定成功，野蠻人可以壓制該法術一輪。若檢定結果比目標高5則壓制兩輪；若檢定結果比目標高10以上，那麼他就成功的解除該法術。要學習「破甲祛法」，野蠻人必須要達到6級且學習過「獵巫人」。	
CATEGORY=Special Ability|Rage Power ~ Sprint.MOD	OUTPUTNAME:奮力衝刺（Sprint）	DESC:.CLEAR	DESC:每次狂暴時1次，野蠻人可以花費一個整輪動作以正常的6倍速度移動，或是以3倍速衝鋒。野蠻人必須擁有「迅足」，且達到4級才能選擇此狂暴之力。	
CATEGORY=Special Ability|Rage Power ~ Sunder Enchantment.MOD	OUTPUTNAME:破除強化（Sunder Enchantment）	DESC:.CLEAR	DESC:當狂暴的野蠻人對一件魔法物品成功使用擊破武器戰技時，該物品的魔法效果將被抑制一輪。野蠻人的檢定結果每比目標CMD高5再增加1輪。他必須先學會「破甲祛法」並達到8級才能學習此狂暴之力。	
CATEGORY=Special Ability|Rage Power ~ World Serpent Totem.MOD	OUTPUTNAME:世界之蛇圖騰（World Serpent Totem）	DESC:.CLEAR	DESC:當狂暴時，野蠻人對異界生物和異怪的AC得到+1洞察加值，他每得到一個世界之蛇圖騰系列的狂暴之力，此加值會再上升1，包括此狂暴之力。	
CATEGORY=Special Ability|Rage Power ~ World Serpent Spirit.MOD	OUTPUTNAME:世界之蛇聖靈（World Serpent Spirit）	DESC:.CLEAR	DESC:只要處在狂暴狀態，野蠻人就可以在克服傷害減免時將他的武器視為善良、秩序、混亂、邪惡武器。且他對於來自異界生物、異怪或含有陣營成分的法術得到+1的豁免加值，每獲得一個世界之蛇圖騰系列的狂暴之力此加值會再上升1，包含此狂暴之力。要學習世界之蛇聖靈，野蠻人必須要擁有「世界之蛇圖騰」且達到6級。	
CATEGORY=Special Ability|Rage Power ~ World Serpent Totem Unity.MOD	OUTPUTNAME:與世界之蛇合一（World Serpent Totem Unity）	DESC:.CLEAR	DESC:狂暴時，野蠻人的快速移動加值翻倍加到陸地移動速度上，且無法被擊倒。同時，他在面對來自異界生物或異怪的重擊時，世界之蛇圖騰的AC洞察加值將會翻倍。野蠻人必須要先學會「世界之蛇聖靈」和「世界之蛇圖騰」且達到10級才能選擇此狂暴之力。	
CATEGORY=Special Ability|Rage Power ~ Battle Roar.MOD	OUTPUTNAME:震耳戰呼（Battle Roar）	DESC:.CLEAR	DESC:每當角色成功的使用威嚇凝視（Intimidating Glare）狂暴之力挫敗了一個對手的士氣，他就會同時對目標造成1d6點音波傷害。角色必須達到6級，並擁有威嚇凝視狂暴之力才能選擇本狂暴之力。	
CATEGORY=Special Ability|Rage Power ~ Fierce Fortitude.MOD	OUTPUTNAME:凶暴堅韌（Fierce Fortitude）	DESC:.CLEAR	DESC:角色在對抗疾病和毒素的豁免檢定上獲得+4加值。角色必須在威嚇檢定上受訓才能選擇本狂暴之力。	
CATEGORY=Special Ability|Rage Power ~ Linnorm Death Curse (Cairn).MOD	OUTPUTNAME:惡龍咒‧塚（Linnorm Death Curse, Cairn）	DESC:.CLEAR	DESC:角色呼喚石塚蛇龍的力量附著己身，他的近戰攻擊可以造成額外1點負能量傷害。如果角色失去意識或被一次攻擊或法術殺死，他的對手立刻遭受惡龍詛咒的攻擊（意志通過則無效）角色必須達到8級才能選擇本狂暴之力。腐朽詛咒：豁免檢定：意志豁免DC=10+1/2角色等級+角色的魅力調整值；效果：目標每天受到1點體質傷害，每天衰老相當於1年的壽命（受到所有年齡增長的懲罰，但不獲得任何好處）。	
CATEGORY=Special Ability|Rage Power ~ Linnorm Death Curse (Crag).MOD	OUTPUTNAME:惡龍咒‧崖（Linnorm Death Curse, Crag）	DESC:.CLEAR	DESC:角色呼喚峭壁蛇龍的力量附著己身，他的近戰攻擊可以造成額外1點火焰傷害。如果角色失去意識或被一次攻擊或法術殺死，他的對手立刻遭受惡龍詛咒的攻擊（意志通過則無效）角色必須達到4級才能選擇本狂暴之力。烈火詛咒：豁免檢定：意志豁免DC=10+1/2角色等級+角色的魅力調整值；效果：目標獲得火焰易傷。	
CATEGORY=Special Ability|Rage Power ~ Linnorm Death Curse (Fjord).MOD	OUTPUTNAME:惡龍咒‧峽（Linnorm Death Curse, Fjord）	DESC:.CLEAR	DESC:角色呼喚峽灣蛇龍的力量附著己身，他的近戰攻擊可以造成額外1點寒冷傷害。如果角色失去意識或被一次攻擊或法術殺死，他的對手立刻遭受惡龍詛咒的攻擊（意志通過則無效）角色必須達到4級才能選擇本狂暴之力。溺亡詛咒：豁免檢定：意志豁免DC=10+1/2角色等級+角色的魅力調整值；效果：目標無法在水中呼吸（通過魔法也不行），它可以保持屏息的時間減半，並且一旦屏息就會進入噁心狀態。	
CATEGORY=Special Ability|Rage Power ~ Linnorm Death Curse (Ice).MOD	OUTPUTNAME:惡龍咒‧寒（Linnorm Death Curse, Ice）	DESC:.CLEAR	DESC:角色呼喚冰雪蛇龍的力量附著己身，他的近戰攻擊可以造成額外1點寒冷傷害。如果角色失去意識或被一次攻擊或法術殺死，他的對手立刻遭受惡龍詛咒的攻擊（意志通過則無效）角色必須達到4級才能選擇本狂暴之力。冰霜詛咒：豁免檢定：意志豁免DC=10+1/2角色等級+角色的魅力調整值；效果：目標獲得寒冷易傷。	
CATEGORY=Special Ability|Rage Power ~ Linnorm Death Curse (Taiga).MOD	OUTPUTNAME:惡龍咒‧林（Linnorm Death Curse, Taiga）	DESC:.CLEAR	DESC:角色呼喚寒林蛇龍的力量附著己身，他的近戰攻擊可以造成額外1點電擊傷害。如果角色失去意識或被一次攻擊或法術殺死，他的對手立刻遭受惡龍詛咒的攻擊（意志通過則無效）角色必須達到4級才能選擇本狂暴之力。閃電詛咒：豁免檢定：意志豁免DC=10+1/2角色等級+角色的魅力調整值；效果：目標獲得電擊易傷。	
CATEGORY=Special Ability|Rage Power ~ Linnorm Death Curse (Tarn).MOD	OUTPUTNAME:惡龍咒‧池（Linnorm Death Curse, Tarn）	DESC:.CLEAR	DESC:角色呼喚天池蛇龍的力量附著己身，他的近戰攻擊可以造成額外1點強酸傷害。如果角色失去意識或被一次攻擊或法術殺死，他的對手立刻遭受惡龍詛咒的攻擊（意志通過則無效）角色必須達到8級才能選擇本狂暴之力。死亡詛咒：豁免檢定：意志豁免DC=10+1/2角色等級+角色的魅力調整值；效果：目標無法被醫療魔法影響，也不能獲得自然恢復。	
CATEGORY=Special Ability|Rage Power ~ Linnorm Death Curse (Tor).MOD	OUTPUTNAME:惡龍咒‧巖（Linnorm Death Curse, Tor）	DESC:.CLEAR	DESC:角色呼喚巖山蛇龍的力量附著己身，他的近戰攻擊可以造成額外1點火焰傷害。如果角色失去意識或被一次攻擊或法術殺死，他的對手立刻遭受惡龍詛咒的攻擊（意志通過則無效）角色必須達到8級才能選擇本狂暴之力。血沸詛咒：豁免檢定：意志豁免DC=10+1/2角色等級+角色的魅力調整值；效果：目標獲得火焰易傷，而且會因為血管沸騰的痛苦而永久性陷入恍惚狀態。	
CATEGORY=Special Ability|Rage Power ~ Raging Flier.MOD	OUTPUTNAME:狂暴飛翔（Raging Flier）	DESC:.CLEAR	DESC:每次狂暴一次，角色可以以一個移動動作以自己基礎移動速度的速度飛行。角色必須達到6級且擁有狂暴躍者（Raging Leaper）狂暴之力才能選擇本狂暴之力。	
CATEGORY=Special Ability|Rage Power ~ Ultimate Clarity.MOD	OUTPUTNAME:通徹澄明（Ultimate Clarity）	DESC:.CLEAR	DESC:每次狂暴一次，角色可以徹底清空自己的雜念，以澄澈的雙眼看穿一切自然與魔法形成的黑暗與虛妄（包括諸如位移術和模糊術等效果），隱形，以及幻象。她甚至可以直接看穿對方躲在掩蔽後面的位確切置，這個效果持續1輪。角色必須達到6級，且擁有心境澄明（Moment of Clarity）和完美明晰（Perfect Clarity）UC狂暴之力才能選擇本狂暴之力，但使用本狂暴之力並不需要處於心境澄明狀態下。	
CATEGORY=Special Ability|Rage Power ~ Abyssal Blood.MOD	OUTPUTNAME:深淵之血（Abyssal Blood）	DESC:.CLEAR	DESC:每天一次，當野蠻人進入狂暴狀態時，他的體型可以從基本程度上增長一個等級（如同法術人類變巨術，不過野蠻人的生物種類並無變化）。	
CATEGORY=Special Ability|Rage Power ~ Abyssal Blood (Greater).MOD	OUTPUTNAME:高等深淵之血（Abyssal Blood, Greater）	DESC:.CLEAR	DESC:每當野蠻人進入狂暴狀態，他獲得5點強酸，寒冷和火焰抗力。	
CATEGORY=Special Ability|Rage Power ~ Abyssal Blood (Lesser).MOD	OUTPUTNAME:次級深淵之血（Abyssal Blood, Lesser）	DESC:.CLEAR	DESC:每當野蠻人進入狂暴狀態，他將獲得兩次爪抓攻擊。這些攻擊視為主要天生武器攻擊且使用完整的基本攻擊加值。中體型野蠻人的爪抓可以造成1d6點揮砍傷害（小體型野蠻人1d4點）加上完整的力量調整值。	
CATEGORY=Special Ability|Rage Power ~ Celestial Blood.MOD	OUTPUTNAME:天界之血（Celestial Blood）	DESC:.CLEAR	DESC:每當野蠻人進入狂暴狀態，他獲得5點強酸和寒冷抗力。	
CATEGORY=Special Ability|Rage Power ~ Celestial Blood (Greater).MOD	OUTPUTNAME:高等天界之血（Celestial Blood, Greater）	DESC:.CLEAR	DESC:每次狂暴一次，野蠻人可以重投一次他剛剛作出的屬性檢定，技能檢定或豁免檢定。他必須選擇第二個檢定結果，即使它比原結果更低。他必須在檢定已經投出但未宣佈結果以前聲明使用這一能力。	
CATEGORY=Special Ability|Rage Power ~ Celestial Blood (Lesser).MOD	OUTPUTNAME:次級天界之血（Celestial Blood, Lesser）	DESC:.CLEAR	DESC:每當野蠻人進入狂暴狀態，他的武器將在克服傷害減免時視為善良陣營。除此之外，在野蠻人的武器命中一個邪惡異界生物時，他的可以造成額外1d6點傷害。	
CATEGORY=Special Ability|Rage Power ~ Draconic Blood.MOD	OUTPUTNAME:巨龍之血（Draconic Blood）	DESC:.CLEAR	DESC:從以下能量類型中選擇一個：強酸，寒冷，火焰或電擊。每當野蠻人進入狂暴狀態，他就會獲得+1天生護甲加值，並在他選擇的此種能量類型上獲得5點抗力。	
CATEGORY=Special Ability|Rage Power ~ Draconic Blood (Greater).MOD	OUTPUTNAME:高等巨龍之血（Draconic Blood, Greater）	DESC:.CLEAR	DESC:每當野蠻人進入狂暴狀態，他每天可以使用一次噴吐武器攻擊。這個噴吐武器可以造成每兩個野蠻人1d6點他在巨龍之血狂暴之力中選定的能量傷害。噴吐武器的範圍可以是30尺錐形（火焰或寒冷）或60尺線型（強酸或電擊）。處於噴吐武器影響範圍內的生物可以進行一個DC=10+野蠻人等級一半+他的體質調整值的反射檢定減半傷害。	
CATEGORY=Special Ability|Rage Power ~ Draconic Blood (Lesser).MOD	OUTPUTNAME:次級巨龍之血（Draconic Blood, Lesser）	DESC:.CLEAR	DESC:每當野蠻人進入狂暴狀態，他將獲得兩次爪抓攻擊。這些攻擊視為主要天生武器攻擊且使用完整的基本攻擊加值。中體型野蠻人的爪抓可以造成1d6點揮砍傷害（小體型野蠻人1d4點）加上完整的力量調整值。	
CATEGORY=Special Ability|Rage Power ~ Elemental Blood.MOD	OUTPUTNAME:元素之血（Elemental Blood）	DESC:.CLEAR	DESC:每當野蠻人進入狂暴狀態，他就對自己在次級元素之血狂暴之力上選擇的能量類型獲得10點抗力。	
CATEGORY=Special Ability|Rage Power ~ Elemental Blood (Greater).MOD	OUTPUTNAME:高等元素之血（Elemental Blood, Greater）	DESC:.CLEAR	DESC:每當野蠻人進入狂暴狀態，他就會通過自己選定的元素類型而獲得移動速度上的加成。強酸（土）：掘穴速度30尺；寒冷（水）；游泳速度60尺；火焰（火）：基礎陸地移動速度增加30尺；電擊（氣）：飛行速度60尺（機動性良好）。	
CATEGORY=Special Ability|Rage Power ~ Elemental Blood (Lesser).MOD	OUTPUTNAME:次級元素之血（Elemental Blood, Lesser）	DESC:.CLEAR	DESC:從以下能力類型中選擇其一：酸，冷，火或電。每當野蠻人進入狂暴狀態，每天3次以一個迅捷動作，他可以將自己的近戰攻擊融入此能量的威力，在一輪內造成1d6點該類型的額外能量傷害。	
CATEGORY=Special Ability|Rage Power ~ Fey Blood.MOD	OUTPUTNAME:妖精之血（Fey Blood）	DESC:.CLEAR	DESC:每當野蠻人進入狂暴狀態，他的衝鋒可以無視困難地形的影響（包括魔法造成的困難地形，但不包括其他生物佔據的地形）。	
CATEGORY=Special Ability|Rage Power ~ Fey Blood (Greater).MOD	OUTPUTNAME:高等妖精之血（Fey Blood, Greater）	DESC:.CLEAR	DESC:每當野蠻人進入狂暴狀態，只要他移動了十尺距離，他就會在1輪中獲得法術模糊術（Blur）的效果。	
CATEGORY=Special Ability|Rage Power ~ Fey Blood (Lesser).MOD	OUTPUTNAME:次級妖精之血（Fey Blood, Lesser）	DESC:.CLEAR	DESC:每當野蠻人進入狂暴狀態，他每對一個目標確認了一次重擊，目標就必須通過DC=10+他的野蠻人等級的一半+他的體質調整值的意志檢定，否則將困惑1輪。這是一個影響心靈的脅迫效果。	
CATEGORY=Special Ability|Rage Power ~ Infernal Blood.MOD	OUTPUTNAME:九獄之血（Infernal Blood）	DESC:.CLEAR	DESC:每當野蠻人進入狂暴狀態，他就會獲得火焰抗力5，並且在對抗毒素的豁免檢定上獲得+2加值。	
CATEGORY=Special Ability|Rage Power ~ Infernal Blood (Greater).MOD	OUTPUTNAME:高等九獄之血（Infernal Blood, Greater）	DESC:.CLEAR	DESC:每當野蠻人進入狂暴狀態，他就會在對抗附魔和恐懼效果的豁免檢定上獲得+4加值。	
CATEGORY=Special Ability|Rage Power ~ Infernal Blood (Lesser).MOD	OUTPUTNAME:次級九獄之血（Infernal Blood, Lesser）	DESC:.CLEAR	DESC:每當野蠻人進入狂暴狀態，每天3次以一個迅捷動作，野蠻人可以讓自己的武器捲進地獄之火中1輪，在此狀態下，野蠻人所有的近戰武器都視為擁有熾焰武器附魔效果。	
CATEGORY=Special Ability|Rage Power ~ Undead Blood.MOD	OUTPUTNAME:亡靈之血（Undead Blood）	DESC:.CLEAR	DESC:每當野蠻人進入狂暴狀態，他的近戰攻擊就視為他的武器擁有幽冥武器附魔效果。	
CATEGORY=Special Ability|Rage Power ~ Undead Blood (Greater).MOD	OUTPUTNAME:高等亡靈之血（Undead Blood, Greater）	DESC:.CLEAR	DESC:每當野蠻人進入狂暴狀態，他將獲得寒冷抗力10，以及在對抗非致命傷害時獲得DR10/-。	
CATEGORY=Special Ability|Rage Power ~ Undead Blood (Lesser).MOD	OUTPUTNAME:次級亡靈之血（Undead Blood, Lesser）	DESC:.CLEAR	DESC:每當野蠻人進入狂暴狀態，他每在衝鋒攻擊時命中了一個生物，該生物就會在相當於他的野蠻人等級數一半的輪數內陷入戰慄狀態。這個效果無法和其他恐懼效果疊加以形成更強的不良狀態。	
# Bard
CATEGORY=Special Ability|Archaeologist ~ Archaeologist's Luck.MOD	OUTPUTNAME:考古學者的好運（Archaeologist's Luck）	DESC:.CLEAR	DESC:命運偏愛考古學家。以一個迅捷動作，考古學家可以讓自己得到幸運的青睞，使他在攻擊檢定、豁免檢定、技能檢定和武器傷害上得到+1的運氣加值。此加值在5級上升到+2，11級提升到+3，17級達到+4。他每日能使用此能力的輪數等同於「4+魅力修正」，維持此能力是一個自由動作，但這些加值會在他被死亡、麻痺、震懾、失去意識，或是其他無法花費一個自由動作維持此能力時立即結束。在決定專長、能力、效果或其他類似效果時，考古學者的好運視同吟遊詩人表演。如同其他吟遊詩人表演，他無法在使用吟遊詩人表演時同時維持此能力。	
CATEGORY=Special Ability|Archaeologist ~ Clever Explorer.MOD	OUTPUTNAME:精明探險家（Clever Explorer）	DESC:.CLEAR	DESC:2級時，考古學家在解除裝置和察覺檢定上得到相當於他等級一半的加值，他只需花費正常人一半的時間就可以解除裝置（至少一輪）並以標準動作開鎖。6級時，即便在壓力下或是危險中，考古學家也可以在解除裝置檢定中取10，同時他也得到解除魔法陷阱的能力。此能力取代多才多藝。	
CATEGORY=Special Ability|Archaeologist ~ Uncanny Dodge.MOD	OUTPUTNAME:直覺閃避（Uncanny Dodge）	DESC:.CLEAR	DESC:2級時，考古學家學會直覺閃避，如同盜賊同名能力。此能力取代通曉音律。	
CATEGORY=Special Ability|Archaeologist ~ Trap Sense.MOD	OUTPUTNAME:陷阱感知（Trap Sense）	DESC:.CLEAR	DESC:3級時，考古學家得到陷阱感知+1，如同盜賊同名能力。此加值在之後的每3級上升1，直到18級達到最高的+6。	
CATEGORY=Special Ability|Archaeologist ~ Evasion.MOD	OUTPUTNAME:反射閃避（Evasion）	DESC:.CLEAR	DESC:6級時，考古學家得到反射閃避，如同盜賊同名能力。	
CATEGORY=Special Ability|Daredevil ~ Agile.MOD	OUTPUTNAME:靈巧（Agile）	DESC:.CLEAR	DESC:冒險家將他等級的一半（最小為1）加到他的特技、唬騙、攀爬和脫逃檢定上。此能力取代逸聞知識。	
CATEGORY=Special Ability|Daredevil ~ Derring-do.MOD	OUTPUTNAME:大膽而為（Derring-do）	DESC:.CLEAR	DESC:透過表演，冒險家可以讓最笨拙的盟友變的靈巧異常，使看的到他的盟友在反射檢定上得到+1士氣加值，且所有基於敏捷的技能檢定得到+2能力加值；在一輪內至少移動10尺的盟友AC還可以得到+1閃避加值，此閃避加值持續到他們下一輪開始為止。5級和之後的每6級，反射檢定加值和閃避加值上升1，直到17級的+4；技能加值則每6級上升2，直到17級+8。這是一個基於心志的效果且需要視線接觸。此能力取代激發勇氣。	
CATEGORY=Special Ability|Daredevil ~ Canny Foe.MOD	OUTPUTNAME:審慎迎敵（Canny Foe）	DESC:.CLEAR	DESC:2級時，冒險家可以選擇一個類型的戰技，他在他選擇的戰技CMB和CMD上得到+2的加值。在6級和之後的每4級，他可以選擇一個不同類型的戰技。他不能選擇同一個戰技兩次。此能力取代多才多藝。	
CATEGORY=Special Ability|Daredevil ~ Dauntless.MOD	OUTPUTNAME:英勇（Dauntless）	DESC:.CLEAR	DESC:2級時，冒險家對抗心智影響效果，包括恐懼效果時，得到+1士氣的加值。此能力在2級之後每4級再加1，直到18級的+5。此能力取代通曉音律。	
CATEGORY=Special Ability|Daredevil ~ Scoundrel's Fortune.MOD	OUTPUTNAME:無賴的好運（Scoundrel's Fortune）	DESC:.CLEAR	DESC:5級時，每日1次，冒險家可以在進行技能檢定時兩次投骰取其高者。在5級之後每3級可以多獲得1次使用次數，在20級時達到最高的8次。此能力取代博學。	
CATEGORY=Special Ability|Dervish Dancer ~ Battle Dance.MOD	OUTPUTNAME:戰舞（Battle Dance）	DESC:.CLEAR	DESC:狂舞者能以表演——特別是舞蹈，來對自己施加魔法影響。這和吟遊詩人表演類似，但只對狂舞者自己生效，且不需要能夠看或聽見他自己的表演。在決定專長、能力、效果或其他類似效果時，戰舞者的戰舞視同吟遊詩人表演，除去戰舞不能從「餘音繞樑」或任何其他在結束後仍獲得加值的專長中受益。戰舞只在吟遊詩人穿輕甲或無甲時生效。和吟遊詩人表演一樣，它不能和其他表演能力同時維持。啟動戰舞是一個移動動作，但每輪維持只需要自由動作。更變戰舞的效果需要狂舞者停止之前的表演，並以一個移動動作開始新的戰舞。和吟遊詩人一樣，狂舞者的表演在他死亡、麻痺、震懾、失去意識或陷入其他不能做自由動作的情況時立即結束。狂舞者不能同時表演多個戰舞。10級開始，狂舞者可以以一個迅捷動作啟動戰舞而不用移動動作。狂舞者以戰舞的形式獲得激發勇氣、提振戰力、激發豪情這些吟遊詩人表演，但這些只對狂舞者自己生效。	
CATEGORY=Special Ability|Dervish Dancer ~ Rain of Blows.MOD	OUTPUTNAME:驟雨擊（Rain of Blows）	DESC:.CLEAR	DESC:6級開始，狂舞者能用戰舞加速他的攻擊。當全力攻擊時，他能用任何所持的武器做一次額外攻擊，如同受到「加速術」的影響。他同時攻擊獲得+1加值，AC和反射豁免獲得+1閃避加值。9級以及之後的每3級，此加值上升1，在18級時達到最大+5。此加值不和「加速術」疊加。此能力取代暗示和群體暗示。	
CATEGORY=Special Ability|Dervish Dancer ~ Razor's Kiss.MOD	OUTPUTNAME:刀鋒之吻（Razor's Kiss）	DESC:.CLEAR	DESC:8級起，狂舞者能以戰舞增加他武器的重擊範圍。所有他以打造武器做出的攻擊都視作有「精通重擊」專長，天生武器和法術不受影響。此能力取代末日喪歌。	
CATEGORY=Special Ability|Dervish Dancer ~ Leaf on the Wind.MOD	OUTPUTNAME:木葉風舞（Leaf on the Wind）	DESC:.CLEAR	DESC:14級起，狂舞者能用戰舞以超凡的優雅閃避攻擊，並擺脫傷勢的影響。和其他戰舞不同，木葉風舞需要標準動作啟動或維持表演。維持狀態的每一輪（包括首輪在內），狂舞者在AC和反射豁免上獲得+6閃避加值；若有受傷則治療每詩人等級1點。此能力取代恐懼魔音。	
CATEGORY=Special Ability|Dervish Dancer ~ Fleet.MOD	OUTPUTNAME:飛掠（Fleet）	DESC:.CLEAR	DESC:當表演戰舞時，狂舞者在地面速度上獲得+10增強加值。此加值在1級後每4級增加5尺，在19級時達到最大+30尺。此能力取代逸聞知識和博學。	
CATEGORY=Special Ability|Dervish Dancer ~ Versatile Dance.MOD	OUTPUTNAME:萬用舞蹈（Versatile Dance）	DESC:.CLEAR	DESC:2級起，狂舞者在表演（舞蹈）上獲得他等級一半的加值。他能用表演（舞蹈）的加值取代特技技能的加值。此能力取代多才多藝。	
CATEGORY=Special Ability|Dervish Dancer ~ Dance of Fury.MOD	OUTPUTNAME:狂舞（Dance of Fury）	DESC:.CLEAR	DESC:12級起，狂舞者能在戰舞時一邊移動一邊多次攻擊。他能在整輪攻擊中加入一個單移動，並在移動中的任何一點發動攻擊。但每次攻擊之間必須移動至少5尺。此移動會如常引發藉機攻擊。此能力取代安神。	
CATEGORY=Special Ability|Dervish Dancer ~ Battle Fury.MOD	OUTPUTNAME:戰狂（Battle Fury）	DESC:.CLEAR	DESC:20級起，狂舞者能在戰舞中激起一陣攻擊的旋風。以一個整輪動作，他可以做一個單移動，並對移動路徑上任何一點的觸及內的每個目標發起一次攻擊，使用最高攻擊加值，最大數量不超過狂舞者角色等級。此移動會如常引發藉機攻擊。此能力取代奪命表演。	
