# Bard
CATEGORY=Special Ability|Celebrity ~ Famous.MOD	OUTPUTNAME:出名（Famous）	DESC:.CLEAR	DESC:1級時，明星可以選擇一個他出名的地區，在此區域中，其他人對他的反應會更為積極，他在此區域中的交涉與威嚇檢定將會獲得加值，同時也讓他更容易影響人群。1級時，此地區可以包含總共1000人或更少的小區，同時交涉和威嚇加值為+1。隨著明星越來越出名，聽到他名聲的地區也越來越多（他居住或曾經旅行過的地區，還有那些與他居住地相鄰且知道他的區域）。5級時，這些受影響區域的總和人口為5000或更少，加值也由+1提升到+2。9級時，他的歌迷們增加到25000人，加值上升到+3。13級，他可以影響的人數增加到10萬，加值變成+4。17級，他的影響力無遠弗屆，幾乎所有人都知道他的存在（GM決定），加值則上升到+5。此能力取代激發勇氣。	
CATEGORY=Special Ability|Celebrity ~ Gather Crowd.MOD	OUTPUTNAME:聚集群眾（Gather Crowd）	DESC:.CLEAR	DESC:5級時，明星已經熟於利用他的表演聚集觀眾。在他出名的區域，他可以透過叫喊、表演、歌唱或其他方式讓人群注意到他的存在，並且聚集到他的身旁。能聚集的群眾數量受限於社群的大小，不過通常為「1/2明星等級×表演檢定結果」。群眾將會在之後的1d10輪之內聚集完成，如果他在影響群眾的互動中失敗，那麼人群會在之後的1d10輪內消散。此能力取代博學。	
CATEGORY=Special Ability|Celebrity ~ Shining Star.MOD	OUTPUTNAME:閃耀巨星（Shining Star）	DESC:.CLEAR	DESC:8級時，明星對於群眾的展控甚至可以讓他們在潛在危險存在時專注於他。當他使用迷魂能力的時候，一個生物因受威脅而獲得重新豁免機會時，該豁免檢定必須承受-4的減值；即便是明確的威脅也只會讓群眾得到1次豁免的機會，而不會立即中斷表演。被迷魂影響的生物們將免疫戰慄效果。此能力取代末日喪歌。	
CATEGORY=Special Ability|Demagogue ~ Famous.MOD	OUTPUTNAME:出名（Famous）	DESC:.CLEAR	DESC:一級時，煽動者得到類似明星的職業特性，但此能力提供唬騙和威嚇加值，取代交涉和威嚇加值。此能力取代激發勇氣。	
CATEGORY=Special Ability|Demagogue ~ Gather Crowd.MOD	OUTPUTNAME:聚集群眾（Gather Crowd）	DESC:.CLEAR	DESC:5級時，煽動者可以迅速的聚集人群，此能力同明星的同名能力並取代博學。	
CATEGORY=Special Ability|Demagogue ~ Incite Violence.MOD	OUTPUTNAME:煽起怒火（Incite Violence）	DESC:.CLEAR	DESC:6級時，煽動者可以利用他的表演讓受到他迷魂影響的群眾陷入狂暴。使用此能力並不會打亂迷魂的效果，但需要通過一個標準動作來啟動此效果。吟遊詩人可以選擇相當於他等級的人數受到狂怒的影響，這些人必須通過DC為「10+1/2詩人等級+魅力修正」的意志豁免，否則在之後相當於煽動者等級的輪數中將會受到「狂暴術」的影響。吟遊詩人只須表明誰才是預定的暴動目標，然後憤怒的人群就會盡其所能的襲擊該目標，這個目標可以是一個人（「殺了國王！」）也可以是個對象（「拆了監獄！」「推倒那座雕像！」）。人群中的其他人可能會加入行動，儘管他們並沒有受到「狂暴術」的影響。這是聲音影響效果並且會受到「破咒曲」影響，如果有兩個吟遊詩人打算引導群眾攻擊不同的目標，他們必須進行魅力對抗，勝出者將領導群眾。此能力取代暗示。	
CATEGORY=Special Ability|Demagogue ~ Righteous Cause.MOD	OUTPUTNAME:大義在我（Righteous Cause）	DESC:.CLEAR	DESC:18級時，煽動者可以煽起眾人的情緒並且讓他們朝著一個目標前進。首先，他必須使群眾陷入迷魂之中，並發起「煽起怒火」，不過並不指定目標，此時他就可以發動「大義在我」。他用給予群眾目的取代煽起憤怒，受迷魂影響的生物可以通過DC為「10+1/2詩人等級+魅力修正」的意志豁免以否定此效果，豁免失敗的群眾將受到「群體暗示術」的影響，並在整整一天之內認為此理想與他們同在。使用這個能力的典形狀況像是推翻國王，發起革命，引發叛亂，或是發起一些對大眾有利的事項，例如建設孤兒院或是捐獻。此能力取代群體暗示。	
CATEGORY=Special Ability|Dirge Bard ~ Dance of the Dead.MOD	OUTPUTNAME:屍骸之舞（Dance of the Dead）	DESC:.CLEAR	DESC:10級時，哀歌詠者可以用表演喚起已死的白骨或屍體，賦予他們行走能力並為他而戰。此能力類似「操縱死屍」，但喚起的骷髏或殭屍只在表演期間存在，一但表演結束，這些不死生物就會化為腐肉，屍骸無法被此能力操縱一次以上。和「操縱死屍」不同的是，此能力不需要任何法術材料，同時也不是一個邪惡的行為。此能力取代萬事通。	
CATEGORY=Special Ability|Dirge Bard ~ Haunted Eyes.MOD	OUTPUTNAME:鬼魂面容（Haunted Eyes）	DESC:.CLEAR	DESC:2級時，哀歌詠者在對抗恐懼、能量吸取、死亡效應和死靈法術效果時豁免檢定得到+4的加值。此能力取代通曉音律。	
CATEGORY=Special Ability|Dirge Bard ~ Secrets of the Grave.MOD	OUTPUTNAME:墳場奧秘（Secrets of the Grave）	DESC:.CLEAR	DESC:2級時，哀歌詠者在他鑒定不死生物類型和異能的知識檢定上得到吟遊詩人等級一半的加值，同時他能對不死生物施展心志影響的法術，即便對方沒有心靈。但是他沒辦法對不死生物施放只對人型生物有效的法術，哪怕對方生前曾是人類。此外，在2級還有之後的每4級，他可以添加一個死靈法術到他的已知法術列表，這個法術必須是符合他法術等級而且可以施展的。此能力取代多才多藝。	
CATEGORY=Special Ability|Dirge Bard ~ Haunting Refrain.MOD	OUTPUTNAME:陰魂繚繞（Haunting Refrain）	DESC:.CLEAR	DESC:5級時，哀歌詠者有辦法在聽眾的心中激起死亡的恐懼，他可以在使人動搖的威嚇檢定中用鍵盤類或打擊樂器類表演取代威嚇，並得到相當於他等級一半的加值。此外，對抗哀歌詠者造成恐懼效果的豁免骰必須承受-2的減值，在之後每五級此減值再加1。此能力取代博學。	
CATEGORY=Special Ability|Geisha ~ Tea Ceremony.MOD	OUTPUTNAME:茶道（Tea Ceremony）	DESC:.CLEAR	DESC:透過花費10分鐘準備一場技術精湛的茶會，藝妓可以使他的盟友得到激發勇氣、激發技能、提振戰力或激發豪情的效果之一，此效果持續10分鐘的時間。藝妓必須為每一個參予茶會的人花費4輪的吟遊詩人表演輪數。	
CATEGORY=Special Ability|Geisha ~ Geisha Knowledge.MOD	OUTPUTNAME:藝妓知識（Geisha Knowledge）	DESC:.CLEAR	DESC:藝妓在他的工藝（書法）、交涉、知識（貴族）和一種表演檢定（舞劇、舞蹈、演講、打擊樂、絃樂或歌唱）上得到相當於其等級一半的加值（最少為1），他可以在未受訓的情況下使用這些技能。此能力取代逸聞知識。	
CATEGORY=Special Ability|Songhealer ~ Enhance Healing.MOD	OUTPUTNAME:強效治療（Enhance Healing）	DESC:.CLEAR	DESC:每天相當於其魅力修正的次數，愈療歌者可以在使用「法術完成型」或「法術觸發型」魔法物品造成治療效果的時候（比較常見的是卷軸和魔杖），將該物品的施法者等級提高到等同於他的施法者等級。此能力取代多才多藝。	
CATEGORY=Special Ability|Songhealer ~ Healing Performance.MOD	OUTPUTNAME:愈療之歌（Healing Performance）	DESC:.CLEAR	DESC:14級時，愈療歌者可以用他的表演達到「醫療術」的效果以治療活物或傷害不死生物，以吟遊詩人等級作為施法者等級。使用「愈療之歌」必需消耗5輪的吟遊詩人表演輪數，而且目標必須要能夠聽到和看到吟遊詩人的表演。愈療之歌是依賴聽覺和視覺的效果。此能力取代恐懼魔音。	
CATEGORY=Special Ability|Songhealer ~ Funereal Ballad.MOD	OUTPUTNAME:葬禮蘇生（Funereal Ballad）	DESC:.CLEAR	DESC:20級時，愈療歌者的表演可以對一個死掉的生物造成「復生術」的效果，其施法者等級等於他的吟遊詩人等級。使用此效果將消耗20輪的吟遊詩人表演輪數。在表演時，目標必須在他10尺之內。這是依賴視覺和聽覺的效果。此能力取代奪命表演。	
CATEGORY=Special Ability|Sound Striker ~ Wordstrike.MOD	OUTPUTNAME:咒字襲（Wordstrike）	DESC:.CLEAR	DESC:3級時，音爆強襲者可以以一個標準動作，花費1輪的吟遊詩人表演發出一句毀滅性的詞彙，對物品或是生物造成嚴重傷害。此效果會對物品造成「1d4+詩人等級」的音波傷害，對活物的傷害減半。此能力取代提振技能。	
CATEGORY=Special Ability|Sound Striker ~ Weird Words.MOD	OUTPUTNAME:怪異之音（Weird Words）	DESC:.CLEAR	DESC:6級時，音爆強襲者可以開始一個演奏。他每4個吟遊詩人等級可以說出一個含有聲波能量的詞語，這總是一個標準動作。每個詞語作為一次遠程接觸攻擊，對30碼以內的一個目標造成4d6音波傷害。吟遊詩人把他的魅力修正值加在每一個詞語的攻擊上。多個攻擊同一目標的詞彙疊加為一次攻擊，對傷害骰只計算一次能量抗性和類似減免。吟遊詩人可以選擇多個詞語攻擊同一個或者多個目標，但是他的所有詞語同時發出。每個詞語消耗一輪吟遊表演。此能力取代暗示。	
CATEGORY=Special Ability|Masterpiece ~ At the Heart of It All.MOD	OUTPUTNAME:萬物之心（At the Heart of It All）	DESC:.CLEAR	DESC:盤繞跳躍的旋律挑起了理解的面紗，並深深切入如同岩石一般的真理。吟遊詩人完成此表演時，目標必須通過一個意志檢定，若對方失敗，代表你可以理解對方內心中構成意志最根本的基石，你在影響該生物的魅力相關檢定上得到+4加值。同時，你影響該生物的法術和能力DC也將上升2（包括魅惑和脅迫類法術），這些加值將持續一整天的時間。你必須首先瞭解自己試圖影響的生物，這需要在100尺內對其進行研究或觀察。	
CATEGORY=Special Ability|Masterpiece ~ Cat-Step.MOD	OUTPUTNAME:貓步舞（Cat-Step）	DESC:.CLEAR	DESC:這種快舞開始於一連串的小步，最終則在華麗的快步飛躍中達到高潮。當你完成此表演，你在之後10分鐘之內墜落時，可以忽略「5×1/2吟遊詩人等級」的墜落距離。你也可以花費此效果第一分鐘的時間，以每兩吟遊詩人等級1人的數量指導你的夥伴跳「貓步舞」。如果他們能通過一個DC15的表演（舞蹈）檢定，他們可以在接下來的時間中和你享受相同的效果。	
CATEGORY=Special Ability|Masterpiece ~ Dance of 23 Steps.MOD	OUTPUTNAME:廿三步舞（Dance of 23 Steps）	DESC:.CLEAR	DESC:突然改變的步法、旋轉，以及不合拍的飛躍讓你幾乎沒有辦法被擊中，但也使你在做其他動作的時候變的更困難。當使用這個舞蹈的時候，你的攻擊檢定和CMB承受-2減值，且施法時必須通過一個DC為「15+法術等級」的專注檢定否則失去該法術。舞蹈使你的AC得到+2閃避加值，當你的舞蹈達到8級和之後的每4級，攻擊減值和AC加值再上升1。你可以和防禦式戰鬥以及「寓守於攻」專長一起使用這個舞蹈，但是沒有辦法和全回合防禦疊用。當你使用此舞蹈，效果會持續到你下個回合開始。對其他吟遊詩人表演生效的能力，例如「餘音繞樑」會對此傳世名作產生影響。這樣使用可以使你得到多輪的效果，且只要花費1輪吟遊詩人表演。	
CATEGORY=Special Ability|Masterpiece ~ Depths of the Mountain.MOD	OUTPUTNAME:深山鳴澗（Depths of the Mountain）	DESC:.CLEAR	DESC:就像一個以完美顫音震碎酒杯的歌手，你的音樂分裂岩石，讓堅固巨岩顫抖，直到其被卡入裂隙之中。當你完成這項表演，你可以造成如同「地震術」一般的駭人震動。只要你持續消耗吟遊詩人表演輪數，你就可以造成持續整整一輪的餘震效果，其效果如下：石窟、洞穴或坑道：小規模的崩塌造成4d6點傷害（反射豁免DC5減半），並活埋任何在崩塌區內的生物。懸崖：更多的崖壁崩落，產生一個如同崩落高度一半的滑坡，路徑上的任何生物受到4d6的鈍擊傷害（反射豁免DC5減半），並被埋在廢墟下。開闊地：站在地表上的生物必須通過DC5的反射檢定以避免摔倒。地上會出現小型的裂縫，每輪站在地表上的生物有25%%的機率墜入其中（反射豁免DC10）。這些裂縫有20呎深，並且在餘震結束之後依然存在。活埋：被餘震活埋的生物每分鐘受到1d3點非致命傷害。如果依個被活埋的生物陷入昏迷，他必須通過DC5的強韌檢定，否則在之後每分鐘受到1d3致命傷害直到被救出或死亡。河川、湖泊或沼澤：這些地區在餘震的持續時間之內會幹枯。施法：在此地區中施法者必須通過DC為「15+法術等級」的專注檢定，否則失去該法術。建築物：在地表上的建築物將會受到50點傷害。如果建築物因此坍塌，那麼在其內的生物會受到4d6點鈍擊傷害（反射豁免DC5減半）。在建築物崩塌時呆在裡面的生物會被活埋。	
CATEGORY=Special Ability|Masterpiece ~ Dumbshow of Gorroc.MOD	OUTPUTNAME:格洛克滑稽劇（Dumbshow of Gorroc）	DESC:.CLEAR	DESC:這個故事講述著一個名叫格洛克的懶農夫，這傢伙的慵懶和愚蠢導致他的田地生滿雜草，無奈之下，格洛克與惡魔交涉，結果後者轟出了一團夾帶著鹽分的熾烈火焰，使整片肥沃的土地整整荒蕪了一個世紀。當你完成這項表演，你可以選擇30呎錐狀或60呎線形範圍，該區域充滿酷熱的空氣與灼燒的熔融鹽。在此範圍中的植物和泥怪生物會受到每吟遊詩人等級1d6（最高10d6）的傷害，其中一半是火焰傷害，一半則是物理性的穿刺傷害，反射豁免減半。上述兩類以外的生物只受到一半傷害，且通過反射豁免後不會受到任何損傷。	
