CATEGORY=FEAT|Acrobatic.MOD	OUTPUTNAME:特技專家（Acrobatic）	DESC:.CLEAR	DESC:你對於衝刺，跳躍和飛行頗有心得。	BENEFIT:.CLEAR	BENEFIT:對於所有的特技和飛行檢定獲得+2獎勵。如果某技能受訓等級10以上，對於該技能檢定的獎勵為+4。	
CATEGORY=FEAT|Acrobatic Steps.MOD	OUTPUTNAME:神行步（Acrobatic Steps）	DESC:.CLEAR	DESC:你能輕鬆的越過障礙。	BENEFIT:.CLEAR	BENEFIT:不論怎樣移動，你每回合可以將至多15尺的複雜地形當作一般地形來移動。本專長可以與「靈狐步」效果疊加（即允許你每回合正常移動20尺的複雜地形）。	
CATEGORY=FEAT|Agile Maneuvers.MOD	OUTPUTNAME:靈巧武藝（Agile Maneuvers）〔戰鬥〕	DESC:.CLEAR	DESC:你學會了在戰鬥中使用你靈活的招式。	BENEFIT:.CLEAR	BENEFIT:用你的敏捷修正代替力量修正來決定CMB加值。	
CATEGORY=FEAT|Alertness.MOD	OUTPUTNAME:警覺（Alertness）	DESC:.CLEAR	DESC:你通常能注意到一些別人忽視的事情。【譯者吐槽：即神經質。】	BENEFIT:.CLEAR	BENEFIT:在察覺和察言觀色技能檢定上獲得+2獎勵。如果某技能受訓等級10以上，對於該技能檢定的獎勵為+4。	
CATEGORY=FEAT|Alignment Channel.MOD	OUTPUTNAME:陣營導能（Alignment Channel）	DESC:.CLEAR	DESC:選擇混亂，邪惡，善良或是秩序陣營。你能引導神力來影響對應陣營的異界生物。	BENEFIT:.CLEAR	BENEFIT:取代通常效果，你能選擇引導能量來治療或傷害一個特定陣營的亞種或異界生物。你必須在每次引導能量時作出決定。若你選擇治療或傷害選定陣營的亞種或異界生物，你的引導能量將不會對其他生物產生影響。治療和傷害量、以及豁免DC不做改變。	
CATEGORY=FEAT|Animal Affinity.MOD	OUTPUTNAME:動物親和（Animal Affinity）	DESC:.CLEAR	DESC:你對於與動物以及坐騎的工作頗有心得。	BENEFIT:.CLEAR	BENEFIT:在馴養動物和騎乘技能檢定上獲得+2獎勵。如果某技能受訓等級10以上，對於該技能檢定的獎勵為+4。	
CATEGORY=FEAT|Arcane Armor Mastery.MOD	OUTPUTNAME:披甲奧術熟稔（Arcane Armor Mastery）〔戰鬥〕	DESC:.CLEAR	DESC:你掌握在身著盔甲的時候施法的能力。	BENEFIT:.CLEAR	BENEFIT:通過一個迅捷動作，對於本輪所有法術，減少由穿戴盔甲帶來的施法失敗機率20%%%%。本效果取代「披甲奧術訓練」專長的效果而非疊加。	
CATEGORY=FEAT|Arcane Armor Training.MOD	OUTPUTNAME:披甲奧術訓練（Arcane Armor Training）〔戰鬥〕	DESC:.CLEAR	DESC:你學會了怎麼在身著盔甲的時候施法。	BENEFIT:.CLEAR	BENEFIT:通過一個迅捷動作，對於本輪所有法術，減少由穿戴盔甲帶來的施法失敗機率10%%%%。	
CATEGORY=FEAT|Arcane Strike.MOD	OUTPUTNAME:奧術打擊（Arcane Strike）〔戰鬥〕	DESC:.CLEAR	DESC:你用你的法力增強武器的魔法力量。	BENEFIT:.CLEAR	BENEFIT:通過一個迅捷動作，你能將你的部分魔法能量加持到你的武器上。你的武器傷害+1，且在面對傷害減免的時候被視為魔法武器。每擁有5個CL傷害加值+1，最高可以在20級的時候達到+5。	
CATEGORY=FEAT|Armor Proficiency (Heavy).MOD	OUTPUTNAME:擅長重型盔甲（Armor Proficiency, Heavy）	DESC:.CLEAR	DESC:你對於穿戴重型盔甲頗有心得。	BENEFIT:.CLEAR	BENEFIT:見擅長輕型盔甲。	
CATEGORY=FEAT|Armor Proficiency (Light).MOD	OUTPUTNAME:擅長輕型盔甲（Armor Proficiency, Light）	DESC:.CLEAR	DESC:你對於穿戴輕型盔甲頗有心得。	BENEFIT:.CLEAR	BENEFIT:當你穿戴所擅長的盔甲時，只有基於敏捷或力量的技能才會受到防具檢定減值。	
CATEGORY=FEAT|Armor Proficiency (Medium).MOD	OUTPUTNAME:擅長中型盔甲（Armor Proficiency, Medium）	DESC:.CLEAR	DESC:你對於穿戴中型盔甲頗有心得。	BENEFIT:.CLEAR	BENEFIT:見擅長輕型盔甲。	
CATEGORY=FEAT|Athletic.MOD	OUTPUTNAME:運動健將（Athletic）	DESC:.CLEAR	DESC:你擁有與生俱來的身體素質。	BENEFIT:.CLEAR	BENEFIT:對於攀爬和游泳檢定獲得+2獎勵。如果某技能受訓等級10以上，對於該技能檢定的獎勵為+4。	
CATEGORY=FEAT|Augment Summoning.MOD	OUTPUTNAME:增強召喚（Augment Summoning）	DESC:.CLEAR	DESC:你的召喚生物將更加強健有力。	BENEFIT:.CLEAR	BENEFIT:你用召喚法術召喚的任何生物獲得力量和體質的+4增強加值。	
CATEGORY=FEAT|Bleeding Critical.MOD	OUTPUTNAME:流血重擊（Bleeding Critical）〔戰鬥，重擊〕	DESC:.CLEAR	DESC:你的重擊能造成敵人流血不止。	BENEFIT:.CLEAR	BENEFIT:當你用揮砍或穿刺類武器造成重擊時，你的敵人在受到重擊傷害同時每輪承受2d6出血傷害。出血傷害可以通過DC15的醫療技能檢定或者任何魔法治療來制止。本專長效果可以疊加。	
CATEGORY=FEAT|Blind-Fight.MOD	OUTPUTNAME:盲斗（Blind-Fight）〔戰鬥〕	DESC:.CLEAR	DESC:你能夠在不能清晰感知你的敵人的情況下，熟練地進行攻擊。	BENEFIT:.CLEAR	BENEFIT:在近戰時，每次因為隱蔽效果而造成的攻擊失手，你都能重骰失手率以確定你是否擊中。不可見的攻擊者在近戰攻擊你時不會獲得特殊優勢。這就是說你不會失去AC的敏捷加值，對方也無法獲得通常隱形下的攻擊+2加值。但是不可見攻擊者的遠程攻擊依然會有上述優勢。此外，你在目盲狀態下全速移動時無需進行特技技能檢定。	
CATEGORY=FEAT|Blinding Critical.MOD	OUTPUTNAME:致盲重擊（Blinding Critical）〔戰鬥，重擊〕	DESC:.CLEAR	DESC:你的重擊能讓敵人目盲。	BENEFIT:.CLEAR	BENEFIT:你的重擊會讓你的敵人永久目盲。成功的強韌豁免會將目盲效果減弱為目眩，持續1d4輪。強韌豁免的DC為「10+你的BAB」。本專長對視覺不依賴眼睛或多於兩隻眼睛的生物無效（雖然多次重擊可能會使所有的眼睛目盲，由GM決定）。目盲可由『醫療術』、『再生術』、『移除目盲』法術或類似能力治癒。	
CATEGORY=FEAT|Brew Potion.MOD	OUTPUTNAME:調製藥劑（Brew Potion）〔造物〕	DESC:.CLEAR	DESC:你能製造魔法藥水。	BENEFIT:.CLEAR	BENEFIT:你能基於任意3環以下、目標為一個或多個生物或物體的法術製造魔法藥水。【譯註：這就是說目標為〔自己〕的法術不能製藥，譬如『克敵機先』。】製造價值250gp以下的藥水需要花費2個小時，否則每1000gp需花費1天。當你調製藥劑的時候，由你設定其CL，該等級需滿足施放該法術的條件並且不高於你當前的等級。你需要同等同於一半藥水價值的原料來調製藥劑。更多信息請參見魔法物品規則。	
CATEGORY=FEAT|Catch Off-Guard.MOD	OUTPUTNAME:隨手武器（Catch Off-Guard）〔戰鬥〕	DESC:.CLEAR	DESC:你的敵人驚訝於你能熟練使用各種非常規武器和臨時武器。	BENEFIT:.CLEAR	BENEFIT:在你使用臨時武器進行近戰攻擊時不會受到任何懲罰。未武裝的敵人對於你的臨時近戰武器攻擊視為措手不及。	
CATEGORY=FEAT|Channel Smite.MOD	OUTPUTNAME:導能打擊（Channel Smite）〔戰鬥〕	DESC:.CLEAR	DESC:你能將神的力量引導到你的近戰武器中。	BENEFIT:.CLEAR	BENEFIT:在你進行近戰攻擊檢定之前，你能以迅捷動作選擇使用你的一種引導能量。如果你引導的是正能量並擊中一個不死生物，該生物將受到等同於你引導正能量的額外傷害。反之，對於引導負能量擊中活著的生物，造成同樣的傷害。生物可以通過意志豁免來降低一半傷害。如果你未擊中，引導的能量會消散。	
CATEGORY=FEAT|Cleave.MOD	OUTPUTNAME:順勢斬（Cleave）〔戰鬥〕	DESC:.CLEAR	DESC:你揮動一次武器，命中兩個相鄰的敵人。	BENEFIT:.CLEAR	BENEFIT:每輪1次，以一個標準動作，你可以對攻擊範圍內的一個敵人以最高BAB進行一次攻擊。若命中，在正常傷害的同時，你還能對攻擊範圍內、與其相鄰的另一敵人再進行一次最高BAB攻擊。若你這麼做，在你下輪動作之前，會遭受AC-2的懲罰。	
CATEGORY=FEAT|Combat Casting.MOD	OUTPUTNAME:戰鬥施法（Combat Casting）	DESC:.CLEAR	DESC:你適應在受到威脅或分心的情況下施法。	BENEFIT:.CLEAR	BENEFIT:防禦式施法或被擒抱時，施展法術或類法術能力的專注檢定獲得+4加值。	
CATEGORY=FEAT|Combat Expertise.MOD	OUTPUTNAME:寓守於攻（Combat Expertise）〔戰鬥〕	DESC:.CLEAR	DESC:以精準度的代價獲得防禦的提升。	BENEFIT:.CLEAR	BENEFIT:你可以選擇用近戰攻擊和戰技檢定的-1減值來換取AC的+1閃避加值。每當BAB+4，攻擊減值會再-1，AC加值也會再+1。你只能在以近戰武器進行攻擊或全力攻擊時，才能選擇使用這個專長；專長效果持續到你下輪開始。	
CATEGORY=FEAT|Combat Reflexes.MOD	OUTPUTNAME:戰鬥反射（Combat Reflexes）〔戰鬥〕	DESC:.CLEAR	DESC:你能進行額外的藉機攻擊。	BENEFIT:.CLEAR	BENEFIT:每輪你能獲得等同於敏捷修正次數的額外藉機攻擊。同樣，你在措手不及的情況下，也能進行藉機攻擊。	
CATEGORY=FEAT|Command Undead.MOD	OUTPUTNAME:命令死靈（Command Undead）	DESC:.CLEAR	DESC:使用靈魂之力，驅役不死生物為你服務。	BENEFIT:.CLEAR	BENEFIT:以一個標準動作，你可以使用一次引導負能量來命令30尺內的不死生物。不死生物能以意志豁免來抵抗此效果，DC為「10+1/2你的牧師等級+魅力修正」，成功則不受影響。豁免失敗的不死生物為你所控制，如同『命令死靈』法術的效果一樣。有智力的不死生物可以每天做一次豁免來抵抗你的命令。你可以控制任意數量的不死生物，只要它們總的HD不超過你的牧師等級。若你以此種方式使用引導能量，它將不會再造成其它效果（即不會治療或傷害周邊的生物）。若不死生物已經為其它生物所支配，當你們的命令相衝突時，你必須以魅力檢定進行對抗。	
CATEGORY=FEAT|Craft Magic Arms and Armor.MOD	OUTPUTNAME:製造魔法武器和防具（Craft Magic Arms and Armor）〔造物〕	DESC:.CLEAR	DESC:你能製造魔法盔甲，盾牌和武器。	BENEFIT:.CLEAR	BENEFIT:你能製造魔法盔甲，盾牌和武器。為一件武器、一套盔甲或盾牌附魔需要的時間為：附加的魔法特性的價格每增加1000gp，工期增加1天。加工所需耗材的價格為成品價格的一半。更多信息請參見魔法物品規則。將被附魔的武器、盔甲或盾牌必須為精製品，其成本不在上述之列。你還可以修理損壞的武器、盔甲或盾牌，只要你能製造它。修理耗費一半製造該物品所需的原料和時間。	
CATEGORY=FEAT|Craft Rod.MOD	OUTPUTNAME:製造權杖（Craft Rod）〔造物〕	DESC:.CLEAR	DESC:你能製造魔法權杖。	BENEFIT:.CLEAR	BENEFIT:你能製造魔法權杖。權杖的每1000gp基本價格將使製造時間延長1天。加工所需耗材的價值為成品價格的一半。更多信息請參見魔法物品規則。	
CATEGORY=FEAT|Craft Staff.MOD	OUTPUTNAME:製造法杖（Craft Staff）〔造物〕	DESC:.CLEAR	DESC:你能製造法杖。	BENEFIT:.CLEAR	BENEFIT:你能製造法杖。法杖的每1000gp基本價格將使製造時間延長1天。加工所需耗材的價值為成品價格的一半。新製造的法杖擁有10發充能。更多信息請參見魔法物品規則。	
CATEGORY=FEAT|Craft Wand.MOD	OUTPUTNAME:製造魔杖（Craft Wand）〔造物〕	DESC:.CLEAR	DESC:你能製造魔杖。	BENEFIT:.CLEAR	BENEFIT:你能製造任何你知道的4環或以下法術的魔杖。法杖的每1000gp基本價格將使製造時間延長1天。加工所需耗材的價值為成品價格的一半。新的魔杖擁有50發充能。更多信息請參見魔法物品規則。	
CATEGORY=FEAT|Craft Wondrous Item.MOD	OUTPUTNAME:製造奇物（Craft Wondrous Item）〔造物〕	DESC:.CLEAR	DESC:你能製造奇物，一種魔法物品。	BENEFIT:.CLEAR	BENEFIT:你能製造多種魔法奇物。奇物的每1000gp基本價格將使製造時間延長1天。加工所需耗材的價值為成品價格的一半。更多信息請參見魔法物品規則。你還能修理那些損壞的奇物。修理耗費一半製造該物品所需的原料和時間。	
CATEGORY=FEAT|Critical Focus.MOD	OUTPUTNAME:重擊專攻（Critical Focus）〔戰鬥〕	DESC:.CLEAR	DESC:你熟練於製造疼痛的藝術。	BENEFIT:.CLEAR	BENEFIT:在確定重擊的攻擊檢定中，獲得+4的環境加值。	
CATEGORY=FEAT|Critical Mastery.MOD	OUTPUTNAME:重擊熟稔（Critical Mastery）〔戰鬥〕	DESC:.CLEAR	DESC:你的重擊能引發兩種重擊效果。	BENEFIT:.CLEAR	BENEFIT:當你重擊時，你在造成傷害的同時可以引發兩項重擊專長的效果。	
CATEGORY=FEAT|Dazzling Display.MOD	OUTPUTNAME:炫目技巧（Dazzling Display）	DESC:.CLEAR	DESC:你對於最熱衷的武器的掌握能使你的敵人眼花繚亂。	BENEFIT:.CLEAR	BENEFIT:當裝備了你所擁有「武器專攻」專長的武器時，你能以整輪動作來展示你華麗的技巧。你將對30尺內所有能看見你的敵人做出挫敗士氣的威嚇檢定。	
CATEGORY=FEAT|Deadly Aim.MOD	OUTPUTNAME:致命瞄準（Deadly Aim）〔戰鬥〕	DESC:.CLEAR	DESC:通過減少命中率，你能對準敵人的弱點做出極具威脅的遠程攻擊。	BENEFIT:.CLEAR	BENEFIT:你可以選擇使所有的遠程攻擊檢定受到-1的減值以換取傷害+2。你的BAB每+4，減值再-1，傷害再+2。你必須在攻擊檢定前選擇使用本專長，效果持續到你的下一輪。本專長對於接觸攻擊或不造成HP傷害的攻擊無效。	
CATEGORY=FEAT|Deadly Stroke.MOD	OUTPUTNAME:致命絕殺（Deadly Stroke）〔戰鬥〕	DESC:.CLEAR	DESC:你能用一次精確的擊打，快速而致命的終結你的敵人。	BENEFIT:.CLEAR	BENEFIT:作為一個標準動作，以你所擁有「高等武器專攻」專長的武器，對一個處於震懾或措手不及狀態的敵人做出攻擊。如果擊中，將造成雙倍普通傷害以及1點體質出血。額外傷害和出血不會因重擊而加倍。	
CATEGORY=FEAT|Deafening Critical.MOD	OUTPUTNAME:致聾重擊（Deafening Critical）〔戰鬥，重擊〕	DESC:.CLEAR	DESC:你的重擊令命中的敵人失去聽力。	BENEFIT:.CLEAR	BENEFIT:每當你對一個敵人成功造成重擊時，會令該生物永久失聰。成功通過強韌豁免可使耳聾效果減至1輪。強韌豁免的DC為「10+你的BAB」。此專長對已聾及無聽覺的生物無效。耳聾可由『醫療術』、『再生術』、『移除耳聾』法術或類似能力治癒。	
CATEGORY=FEAT|Deceitful.MOD	OUTPUTNAME:詐欺師（Deceitful）	DESC:.CLEAR	DESC:你善於欺騙他人，無論謊言還是喬裝易容。	BENEFIT:.CLEAR	BENEFIT:你在所有唬騙和易容技能檢定上獲得+2加值。如果某技能受訓等級10以上，則對應加值改為+4。	
CATEGORY=FEAT|Defensive Combat Training.MOD	OUTPUTNAME:防禦式戰鬥訓練（Defensive Combat Training）〔戰鬥〕	DESC:.CLEAR	DESC:你善於在面對各種戰技時保護自己。	BENEFIT:.CLEAR	BENEFIT:你在計算戰技防禦時可以用你的總生命骰數代替BAB。	
CATEGORY=FEAT|Deflect Arrows.MOD	OUTPUTNAME:撥擋飛箭（Deflect Arrows）〔戰鬥〕	DESC:.CLEAR	DESC:你可以擋開飛來的箭和其他飛行物，防止它們命中你。	BENEFIT:.CLEAR	BENEFIT:你必須至少空出一隻手（沒有拿任何東西）才能使用本專長。當你被遠程武器擊中時，每輪有一次機會擋掉而不受傷害。你必須察覺到該攻擊，且不能處於措手不及狀態。撥擋遠程武器不算是一個動作。通常大型遠程武器（例如巨石或弩炮巨矢）和源自天生攻擊或法術效果的遠程攻擊無法被擋開。	
CATEGORY=FEAT|Deft Hands.MOD	OUTPUTNAME:妙手（Deft Hands）	DESC:.CLEAR	DESC:你擁有非常靈敏的雙手。	BENEFIT:.CLEAR	BENEFIT:你的解除裝置與巧手技能檢定獲得+2加值。如果某技能受訓等級10以上，則對應加值改為+4。	
CATEGORY=FEAT|Diehard.MOD	OUTPUTNAME:頑強（Diehard）	DESC:.CLEAR	DESC:你尤其難以被殺掉。你不但在受到極其嚴重的傷害時傷勢會自動穩定下來，還能夠保持清醒並繼續行動，即便已經摸到了死亡的門坎。	BENEFIT:.CLEAR	BENEFIT:當HP降至0以下，但還沒有死亡時，你可以自動穩定傷勢，不須每回合作體質檢定避免HP流失。你可以選擇如同癱瘓狀態一般行動，而非瀕死。你必須在HP降至負數時立刻決定是否採取癱瘓狀態的動作，若否，你將立刻陷入昏迷。使用本專長時，你視同恍惚狀態。你每輪可以進行一次移動動作且不受任何額外傷害，但標準動作（或任何其他費力的行動，包括某些迅捷動作，例如施展瞬發法術）將使你在動作完成受到1點傷害。當你的HP負值降至等於或超過你的體質值，你將立刻死亡。	
CATEGORY=FEAT|Disruptive.MOD	OUTPUTNAME:擾法者（Disruptive）〔戰鬥〕	DESC:.CLEAR	DESC:你受過專門的訓練，令靠近你的敵人的施法者難以安全施展法術。	BENEFIT:.CLEAR	BENEFIT:所有你威脅範圍內的敵人進行防禦式施法的專注DC+4。此針對防禦式施法的加值僅當你能夠確認敵人的位置、並能夠做出藉機攻擊時才生效。若你每輪僅能夠進行1次藉機攻擊並且已經藉機攻擊過，則加值不生效。	
CATEGORY=FEAT|Dodge.MOD	OUTPUTNAME:閃避（Dodge）〔戰鬥〕	DESC:.CLEAR	DESC:你的訓練和反應令你能夠迅速閃避攻擊。	BENEFIT:.CLEAR	BENEFIT:你可以在AC上獲得+1閃避加值。若你失去AC的敏捷加值時，也會同時失去此專長的加值。	
CATEGORY=FEAT|Double Slice.MOD	OUTPUTNAME:雙重切割（Double Slice）〔戰鬥〕	DESC:.CLEAR	DESC:你的副手武器在雙持武器攻擊時更加強力。	BENEFIT:.CLEAR	BENEFIT:你的副手武器在傷害投骰中獲得你的力量修正。	
CATEGORY=FEAT|Elemental Channel.MOD	OUTPUTNAME:元素導能（Elemental Channel）	DESC:.CLEAR	DESC:選擇一種元素類型，例如氣、土、火或者水。你能夠引導你的神聖能量傷害或治療你所選擇的元素類型的異界生物。	BENEFIT:.CLEAR	BENEFIT:作為普通效果的替代，你可以選擇在引導能量時治療或傷害你所決定的元素類型的異界生物。你必須在每次引導能量時做出選擇。若你選擇治療或傷害特定元素類型的生物，則你的引導能量對其他生物不產生任何效果。除此之外，治療或造成的傷害點數及令傷害減半的豁免DC均保持不變。	
CATEGORY=FEAT|Empower Spell.MOD	OUTPUTNAME:法術強效（Empower Spell）〔超魔〕	DESC:.CLEAR	DESC:你可以增強法術的力量，使其造成更大的傷害。	BENEFIT:.CLEAR	BENEFIT:搭配此專長時，法術效果中的所有可變量值皆增加一半。但本專長不影響豁免檢定與對抗檢定，對沒有變量的法術也無影響。強效的法術須佔用高於原本2個環位的法術位。	
CATEGORY=FEAT|Endurance.MOD	OUTPUTNAME:堅忍（Endurance）	DESC:.CLEAR	DESC:嚴酷的環境或者長時間的竭盡全力不會輕易令你陷入疲勞。	BENEFIT:.CLEAR	BENEFIT:本專長可使以下檢定獲得+4加值：游泳時疲勞造成非致命傷害的技能檢定、持續跑步時的體質檢定、強行軍造成非致命傷害的體質檢定、憋氣時的體質檢定、飢餓或口渴造成非致命傷害的體質檢定、冷熱環境造成非致命傷害的強韌檢定、窒息造成非致命傷害的強韌檢定。此外，擁有本項專長者穿著輕型或中型盔甲睡覺也不會陷入疲乏狀態。	
CATEGORY=FEAT|Enlarge Spell.MOD	OUTPUTNAME:法術增遠（Enlarge Spell）〔超魔〕	DESC:.CLEAR	DESC:你可將法術施展得更遠。	BENEFIT:.CLEAR	BENEFIT:本專長可將近距、中距與遠距法術的距離加倍。搭配本專長的近距法術距離為「50尺+5尺/每等級」、中距法術距離為「200尺+20尺/每等級」，而遠距法術距離為「800尺+80尺/每等級」。增遠的法術須佔用高於原本1個環位的法術位。本專長對於與距離無關，或不屬於近距、中距、遠距的法術沒有效果。	
CATEGORY=FEAT|Eschew Materials.MOD	OUTPUTNAME:施法免材（Eschew Materials）	DESC:.CLEAR	DESC:你施展法術不需低級的法術材料成分。	BENEFIT:.CLEAR	BENEFIT:若欲施展的法術其材料價格低於1gp，你不需耗用材料亦可施法。但施法依舊會引發藉機攻擊。若欲施展的法術其材料價格高於1金幣，則你需要按照一般規則持有材料成分才能施法。	
CATEGORY=FEAT|Exhausting Critical.MOD	OUTPUTNAME:力竭重擊（Exhausting Critical）〔戰鬥，重擊〕	DESC:.CLEAR	DESC:你的重擊令命中的敵人陷入力竭。	BENEFIT:.CLEAR	BENEFIT:每當你對一個敵人成功造成重擊時，該生物立即陷入力竭狀態。本專長對已經力竭的生物無效。	
CATEGORY=FEAT|Exotic Weapon Proficiency.MOD	OUTPUTNAME:擅長異種武器（Exotic Weapon Proficiency）〔戰鬥〕	DESC:.CLEAR	DESC:選擇一種異種武器，例如刺鏈或長鞭。你瞭解如何使用該種異種武器進行戰鬥，並能夠利用該異種武器可能提供的特性和技巧。	BENEFIT:.CLEAR	BENEFIT:使用該異種武器的攻擊檢定正常。	
CATEGORY=FEAT|Extend Spell.MOD	OUTPUTNAME:法術延時（Extend Spell）〔超魔〕	DESC:.CLEAR	DESC:此專長可使法術效果的持續時間加長。	BENEFIT:.CLEAR	BENEFIT:搭配此專長的法術持續時間加倍。持續時間為專注、立即或永久的法術不受本專長影響。延時的法術須佔用高於原本1個環位的法術位。	
CATEGORY=FEAT|Extra Channel.MOD	OUTPUTNAME:額外引導（Extra Channel）	DESC:.CLEAR	DESC:你能更頻繁地引導能量。	BENEFIT:.CLEAR	BENEFIT:你每日能夠多引導能量2次。	
CATEGORY=FEAT|Extra Ki.MOD	OUTPUTNAME:額外鬥氣（Extra Ki）	DESC:.CLEAR	DESC:你每日可以更頻繁地使用氣池。	BENEFIT:.CLEAR	BENEFIT:你的氣池增加2點。	
CATEGORY=FEAT|Extra Lay On Hands.MOD	OUTPUTNAME:額外聖療（Extra Lay On Hands）	DESC:.CLEAR	DESC:你可以更頻繁的使用聖療能力。	BENEFIT:.CLEAR	BENEFIT:你每日可以多使用聖療2次。	
CATEGORY=FEAT|Extra Mercy.MOD	OUTPUTNAME:額外恩惠（Extra Mercy）	DESC:.CLEAR	DESC:你的聖療能力額外獲得一種恩惠。	BENEFIT:.CLEAR	BENEFIT:選擇一種你能夠使用的額外恩惠。當你使用聖療為一個目標治療傷害時，目標額外獲得該恩惠的效果。	
CATEGORY=FEAT|Extra Performance.MOD	OUTPUTNAME:額外表演（Extra Performance）	DESC:.CLEAR	DESC:你可以更頻繁的使用吟遊表演能力。	BENEFIT:.CLEAR	BENEFIT:你每日能夠多使用吟遊表演6輪。	
CATEGORY=FEAT|Extra Rage.MOD	OUTPUTNAME:額外狂暴（Extra Rage）	DESC:.CLEAR	DESC:你可以更久地狂暴。	BENEFIT:.CLEAR	BENEFIT:你可以每日多狂暴6輪。	
CATEGORY=FEAT|Far Shot.MOD	OUTPUTNAME:遠程射擊（Far Shot）〔戰鬥〕	DESC:.CLEAR	DESC:你長距離射擊時比常人更準。	BENEFIT:.CLEAR	BENEFIT:當你使用遠程武器時，距離每增加一個射程增量你僅受到-1減值。	
CATEGORY=FEAT|Fleet.MOD	OUTPUTNAME:快速移動（Fleet）	DESC:.CLEAR	DESC:你比常人要快。	BENEFIT:.CLEAR	BENEFIT:當穿著輕型或不穿盔甲時，你的基本移動速度增加5尺。當你處於中度或重度負荷時失去本專長效果。	
CATEGORY=FEAT|Forge Ring.MOD	OUTPUTNAME:鍛造戒指（Forge Ring）〔造物〕	DESC:.CLEAR	DESC:你可以製造帶有各式魔法效果的戒指。	BENEFIT:.CLEAR	BENEFIT:你可以製造魔法戒指。鍛造一枚戒指需花費每1000gp基本價格1天的時間。要鍛造一枚戒指，你需要花費其基本價格一半的天然材料。更多信息請參見魔法物品規則。只要你有能力製造同樣的東西，便可以修復損壞的魔法戒指。你必須支付相當於製造時一半的耗材和時間。	
CATEGORY=FEAT|Gorgon's Fist.MOD	OUTPUTNAME:蛇形拳（Gorgon's Fist）〔戰鬥〕	DESC:.CLEAR	DESC:你可以通過擊中特定部位令對手動搖。	BENEFIT:.CLEAR	BENEFIT:以一個標準動作對被減速的敵人（例如被「蠍形拳」專長減速）進行一次徒手近戰攻擊。若該次攻擊命中，則正常造成傷害的同時令目標陷入恍惚狀態，直到你的下輪結束，除非對方成功通過DC為「10+1/2你的角色等級+感知修正」的強韌豁免。本專長對已陷入恍惚的目標無效。	
CATEGORY=FEAT|Great Cleave.MOD	OUTPUTNAME:大順勢斬（Great Cleave）〔戰鬥〕	DESC:.CLEAR	DESC:你可以在一擊中攻擊數個鄰近的敵人。	BENEFIT:.CLEAR	BENEFIT:你可以用一個標準動作，使用最高BAB對一個近戰攻擊範圍內的敵人進行一次攻擊。若命中，則你可以繼續對臨近前一個敵人的敵人進行攻擊，該敵人也同樣需在你的觸及範圍內；如此進行下去。你以此能力對每個敵人僅能攻擊1次。當你使用此專長時，你在下輪前AC受-2減值。	
CATEGORY=FEAT|Greater Bull Rush.MOD	OUTPUTNAME:高等衝撞（Greater Bull Rush）〔戰鬥〕	DESC:.CLEAR	DESC:你的衝撞令敵人失去平衡。	BENEFIT:.CLEAR	BENEFIT:你在衝撞檢定中獲得+2加值。此加值與「精通衝撞」專長帶來的加值累計。當你衝撞敵人時，他的移動會引發所有你的同伴的藉機攻擊（但不包括你）。	
CATEGORY=FEAT|Greater Disarm.MOD	OUTPUTNAME:高等卸武（Greater Disarm）〔戰鬥〕	DESC:.CLEAR	DESC:你可以將敵人手中的武器擊飛。	BENEFIT:.CLEAR	BENEFIT:你在卸武檢定中獲得+2加值，此加值與「精通卸武」專長帶來的加值累計。每當你成功卸除敵人武器時，該武器由其持有者位置向隨機方向飛出15尺。	
CATEGORY=FEAT|Greater Feint.MOD	OUTPUTNAME:高等虛招（Greater Feint）〔戰鬥〕	DESC:.CLEAR	DESC:你擅長令敵人對你的攻擊反應過度。	BENEFIT:.CLEAR	BENEFIT:當你對敵人使用虛招令其失去AC的敏捷加值時，他直到下輪你的行動開始時都失去該加值，而不是原本的僅持續到你的下一次攻擊。	
CATEGORY=FEAT|Great Fortitude.MOD	OUTPUTNAME:強韌加強（Great Fortitude）	DESC:.CLEAR	DESC:你對毒素、疾病和其他不適有抗性。	BENEFIT:.CLEAR	BENEFIT:所有強韌豁免檢定獲得+2加值。	
CATEGORY=FEAT|Greater Grapple.MOD	OUTPUTNAME:高等擒抱（Greater Grapple）〔戰鬥〕	DESC:.CLEAR	DESC:維持擒抱是你的第二天性。	BENEFIT:.CLEAR	BENEFIT:你在擒抱檢定中獲得+2加值，此加值與「精通擒抱」專長帶來的加值累計。每當你成功擒抱一個生物，維持擒抱是一個移動動作。本專長允許你每輪進行兩次擒抱檢定（移動、傷害或壓制你的對手），但你僅需要檢定成功其中一次便可以維持擒抱。	
CATEGORY=FEAT|Greater Overrun.MOD	OUTPUTNAME:高等闖越（Greater Overrun）〔戰鬥〕	DESC:.CLEAR	DESC:敵人必須匆忙閃開以躲避你的危險移動。	BENEFIT:.CLEAR	BENEFIT:你在闖越敵人檢定上獲得+2加值，本加值與「精通闖越」專長帶來的加值累計。當你闖越敵人時，他們若被你撞倒則會引發藉機攻擊。	
CATEGORY=FEAT|Greater Penetrating Strike.MOD	OUTPUTNAME:高等穿透打擊（Greater Penetrating Strike）〔戰鬥〕	DESC:.CLEAR	DESC:你的攻擊能夠穿透大多數敵人的防禦。選擇一個已在穿透打擊專長中選擇過的武器類型。	BENEFIT:.CLEAR	BENEFIT:你用選擇類型的武器攻擊時忽略最高10點傷害減免。但對不針對特定類型的傷害減免時，效果減少到5點（例如「10/-」）。	
CATEGORY=FEAT|Greater Shield Focus.MOD	OUTPUTNAME:高等盾牌專攻（Greater Shield Focus）〔戰鬥〕	DESC:.CLEAR	DESC:你擅長用盾牌擋開攻擊。	BENEFIT:.CLEAR	BENEFIT:任何盾牌帶來的AC加值增加1。此加值與「盾牌專攻」帶來的加值累計。	
CATEGORY=FEAT|Greater Spell Focus.MOD	OUTPUTNAME:高等法術專攻（Greater Spell Focus）	DESC:.CLEAR	DESC:從已有「法術專攻」的法術學派中選擇一個，你施展的該學派的法術很難被抵抗。	BENEFIT:.CLEAR	BENEFIT:所選學派的法術豁免檢定DC+1。此加值可與「法術專攻」累加。	
CATEGORY=FEAT|Greater Spell Penetration.MOD	OUTPUTNAME:高等法術穿透（Greater Spell Penetration）	DESC:.CLEAR	DESC:你的法術威力強大，較易穿透法術抗力。	BENEFIT:.CLEAR	BENEFIT:施法時若受術者有法術抗力，你的施法者等級檢定（1d20+CL）可獲得+2加值。此加值可與「法術穿透」累加。	
CATEGORY=FEAT|Greater Sunder.MOD	OUTPUTNAME:高等破武（Greater Sunder）〔戰鬥〕	DESC:.CLEAR	DESC:你毀滅性的攻擊能夠順勢一氣攻擊到武器、盔甲及它們的持有者，這一擊同時對這些物品和其持有者造成傷害。	BENEFIT:.CLEAR	BENEFIT:你的破武檢定獲得+2加值，此加值與「精通破武」專長帶來的加值累計。每當你令一把武器、盾牌或盔甲徹底損毀時，其持用者將承受多餘的傷害部分。若你決定令物品剩餘1點HP則不會有任何傷害被傳遞。	
CATEGORY=FEAT|Greater Trip.MOD	OUTPUTNAME:高等絆摔（Greater Trip）〔戰鬥〕	DESC:.CLEAR	DESC:你可以自由攻擊被你擊倒的對手。	BENEFIT:.CLEAR	BENEFIT:你的絆摔檢定獲得+2加值，此加值與「精通絆摔」專長帶來的加值累計。每當你成功絆摔一個敵人時，該敵人會引發藉機攻擊。	
CATEGORY=FEAT|Greater Two-Weapon Fighting.MOD	OUTPUTNAME:高等雙武器格鬥（Greater Two-Weapon Fighting）〔戰鬥〕	DESC:.CLEAR	DESC:你是雙武器戰鬥的高手。	BENEFIT:.CLEAR	BENEFIT:你可使用副手武器作第三次攻擊，但受到-10減值。	
CATEGORY=FEAT|Greater Vital Strike.MOD	OUTPUTNAME:高等要害打擊（Greater Vital Strike）〔戰鬥〕	DESC:.CLEAR	DESC:你在一擊中造成不可思議的巨大傷害。	BENEFIT:.CLEAR	BENEFIT:你可以用一個標準動作以你的最高BAB做出一次攻擊，並造成額外的傷害。丟傷害骰四次並將結果合計，但力量、武器屬性（例如〔熾焰〕附魔）及基於精準的攻擊（例如偷襲）帶來的傷害則不翻倍。本專長帶來的額外傷害在重擊時不翻倍（儘管其他傷害加值正常翻倍計算）。	
CATEGORY=FEAT|Greater Weapon Focus.MOD	OUTPUTNAME:高等武器專攻（Greater Weapon Focus）〔戰鬥〕	DESC:.CLEAR	DESC:從已有「武器專攻」的武器類型中選擇一個，也可以選徒手擊打或擒抱，對此種武器你是箇中高手。	BENEFIT:.CLEAR	BENEFIT:使用特定武器時攻擊檢定+1。此加值可與其他攻擊加值累加，包括「武器專攻」的加值。	
CATEGORY=FEAT|Greater Weapon Specialization.MOD	OUTPUTNAME:高等武器專精（Greater Weapon Specialization）〔戰鬥〕	DESC:.CLEAR	DESC:從已有「武器專精」的武器中選擇一個，也可以選徒手擊打或擒抱，使用此種武器將可造成更多傷害。	BENEFIT:.CLEAR	BENEFIT:使用特定武器時傷害+2，且可與其他傷害加值累加，包括「武器專精」的加值。	
CATEGORY=FEAT|Heighten Spell.MOD	OUTPUTNAME:法術升階（Heighten Spell）〔超魔〕	DESC:.CLEAR	DESC:你可以使法術表現得比原本等級高。	BENEFIT:.CLEAR	BENEFIT:本專長可以使法術表現得比原本等級高（最高不可超過9環）。與其他超魔專長不同的是，法術升階可以確實提升法術的有效等級。法術效果中所有與法術等級有關的變量（如法術豁免檢定DC或穿透『次級法術無效結界』法術的能力）都以升階後的法術等級計算。升階法術準備和釋放的難度都以提升後的法術等級計算。	
CATEGORY=FEAT|Improved Bull Rush.MOD	OUTPUTNAME:精通衝撞（Improved Bull Rush）〔戰鬥〕	DESC:.CLEAR	DESC:你熟知撞退對手的技巧。	BENEFIT:.CLEAR	BENEFIT:當你進行衝撞時，防禦者無法對你發動藉機攻擊。此外在衝撞檢定中你獲得+2加值。你在對抗衝撞的戰技防禦（CMD）上同樣獲得+2加值。	
CATEGORY=FEAT|Improved Channel.MOD	OUTPUTNAME:精通導能（Improved Channel）〔戰鬥〕	DESC:.CLEAR	DESC:你引導的能量難以被抵抗。	BENEFIT:.CLEAR	BENEFIT:你引導能量的豁免DC+2。	
CATEGORY=FEAT|Improved Counterspell.MOD	OUTPUTNAME:精通法術反制（Improved Counterspell）	DESC:.CLEAR	DESC:你擅長用類似法術反制他人的法術。	BENEFIT:.CLEAR	BENEFIT:你可以使用比目標法術高1環的相同學派法術進行反制。	
CATEGORY=FEAT|Improved Critical.MOD	OUTPUTNAME:精通重擊（Improved Critical）〔戰鬥〕	DESC:.CLEAR	DESC:你使用特定的武器攻擊起來更易擊中敵人要害。	BENEFIT:.CLEAR	BENEFIT:使用特定武器的重擊威脅範圍加倍。	
CATEGORY=FEAT|Improved Disarm.MOD	OUTPUTNAME:精通卸武（Improved Disarm）〔戰鬥〕	DESC:.CLEAR	DESC:你擅長在戰鬥中卸除對手的武器。	BENEFIT:.CLEAR	BENEFIT:當你試圖卸除對手的武器時，不會引發對方的藉機攻擊。此外，在你卸武檢定上獲得+2加值。你在對抗卸武的戰技防禦上同樣獲得+2加值。	
CATEGORY=FEAT|Improved Familiar.MOD	OUTPUTNAME:進階魔寵（Improved Familiar）	DESC:.CLEAR	DESC:本專長使得施法者能夠從非標準列表中獲得一個強力魔寵，但僅當他們可以正常獲得一個新魔寵時才可使用本專長。	BENEFIT:.CLEAR	BENEFIT:選擇魔寵時，施法者也可選擇下表中生物。施法者可選擇的魔寵在每個陣營軸線（即秩序到混亂、善良到邪惡）上分別至多只能和本人相差一階。進階魔寵其他的規則都與普通魔寵相同，但有兩個例外：如果生物的類型不是動物，則其類型不改變；且強化的魔寵並不獲得與他們同類交談的能力（儘管他們中許多已具有交流的能力）。	
CATEGORY=FEAT|Improved Feint.MOD	OUTPUTNAME:精通虛招（Improved Feint）〔戰鬥〕	DESC:.CLEAR	DESC:你擅長於戰鬥中愚弄對手。	BENEFIT:.CLEAR	BENEFIT:你在戰鬥中能夠以移動動作進行虛招的唬騙檢定。	
CATEGORY=FEAT|Improved Grapple.MOD	OUTPUTNAME:精通擒抱（Improved Grapple）〔戰鬥〕	DESC:.CLEAR	DESC:你擅長於擒抱住對手。	BENEFIT:.CLEAR	BENEFIT:你使用擒抱戰技時不會引發藉機攻擊。此外你在擒抱檢定上獲得+2加值，同時在對抗擒抱的戰技防禦上獲得+2加值。	
CATEGORY=FEAT|Improved Great Fortitude.MOD	OUTPUTNAME:精通強韌加強（Improved Great Fortitude）	DESC:.CLEAR	DESC:你能夠利用內在之物抵禦疾病、毒素、和其他強烈的傷害。	BENEFIT:.CLEAR	BENEFIT:每日1次，你可以重擲一次強韌檢定。你必須在宣佈結果前選擇使用本能力。你必須接受重擲的結果，即使比原來的結果還要差。	
CATEGORY=FEAT|Improved Initiative.MOD	OUTPUTNAME:精通先攻（Improved Initiative）〔戰鬥〕	DESC:.CLEAR	DESC:你對戰鬥的反應很快，使你能夠迅速對危險做出反應。	BENEFIT:.CLEAR	BENEFIT:先攻檢定獲得+4加值。	
CATEGORY=FEAT|Improved Iron Will.MOD	OUTPUTNAME:精通鋼鐵意志（Improved Iron Will）	DESC:.CLEAR	DESC:你的清晰思維使你能夠抵抗心靈的攻擊。	BENEFIT:.CLEAR	BENEFIT:每日1次，你可以你可以重擲一次意志檢定。你必須在宣佈結果前選擇使用本能力。你必須接受重擲的結果，即使比原來的結果還要差。	
CATEGORY=FEAT|Improved Lightning Reflexes.MOD	OUTPUTNAME:精通閃電反射（Improved Lightning Reflexes）	DESC:.CLEAR	DESC:你有避開所有週遭危險的本事。	BENEFIT:.CLEAR	BENEFIT:每日1次，你可以你可以重擲一次反射檢定。你必須在宣佈結果前選擇使用本能力。你必須接受重擲的結果，即使比原來的結果還要差。	
CATEGORY=FEAT|Improved Overrun.MOD	OUTPUTNAME:精通闖越（Improved Overrun）〔戰鬥〕	DESC:.CLEAR	DESC:你善於擊倒對手。	BENEFIT:.CLEAR	BENEFIT:當你試圖使用闖越戰技時，不會引發藉機攻擊。此外你在闖越檢定獲得+2加值，同時在對抗闖越的戰技防禦上獲得+2加值。你試圖闖越的目標無法躲避你。	
CATEGORY=FEAT|Improved Precise Shot.MOD	OUTPUTNAME:精通精準射擊（Improved Precise Shot）〔戰鬥〕	DESC:.CLEAR	DESC:你的遠程攻擊可無視掩蔽與隱蔽的影響。除了完全掩蔽和隱蔽。	BENEFIT:.CLEAR	BENEFIT:你的遠程攻擊可忽略大多數掩蔽與隱蔽所提供的AC加值與失手機率，除了全掩蔽與全隱蔽，它們將照常對遠程攻擊造成影響。	
CATEGORY=FEAT|Improved Shield Bash.MOD	OUTPUTNAME:精通盾擊（Improved Shield Bash）〔戰鬥〕	DESC:.CLEAR	DESC:即便你使用盾牌猛擊，你還是可以正常使用它保護自身。	BENEFIT:.CLEAR	BENEFIT:當你使用盾牌猛擊時，其對AC的盾牌加值依舊適用。	
CATEGORY=FEAT|Improved Sunder.MOD	OUTPUTNAME:精通破武（Improved Sunder）〔戰鬥〕	DESC:.CLEAR	DESC:你善於攻擊對手的武器和盔甲。	BENEFIT:.CLEAR	BENEFIT:當你使用破武戰技時不會引發對手的藉機攻擊。此外，你在破武檢定上獲得+2加值，在對抗破武的戰技防禦上也獲得+2加值。	
CATEGORY=FEAT|Improved Trip.MOD	OUTPUTNAME:精通絆摔（Improved Trip）〔戰鬥〕	DESC:.CLEAR	DESC:你擅長將對手送到地上。	BENEFIT:.CLEAR	BENEFIT:你使用絆摔戰技不會引發藉機攻擊。此外在絆摔檢定上你獲得+2加值，在對抗絆摔的戰技防禦上也獲得+2加值。	
CATEGORY=FEAT|Improved Two-Weapon Fighting.MOD	OUTPUTNAME:精通雙武器格鬥（Improved Two-Weapon Fighting）〔戰鬥〕	DESC:.CLEAR	DESC:你是使用雙武器戰鬥的專家。	BENEFIT:.CLEAR	BENEFIT:除了原本額外的一次副手攻擊外，你還可用副手再多攻擊一次，但受-5減值。	
CATEGORY=FEAT|Improved Unarmed Strike.MOD	OUTPUTNAME:精通徒手打擊（Improved Unarmed Strike）〔戰鬥〕	DESC:.CLEAR	DESC:你精通徒手作戰的技巧。	BENEFIT:.CLEAR	BENEFIT:即使徒手也視同持有武器，也就是說當你徒手攻擊時，不會引發藉機攻擊。此外，你可以選擇讓你的徒手擊打造成致命或非致命傷害。	
CATEGORY=FEAT|Improved Vital Strike.MOD	OUTPUTNAME:精通要害打擊（Improved Vital Strike）〔戰鬥〕	DESC:.CLEAR	DESC:你可以在一擊中造成大量的傷害。	BENEFIT:.CLEAR	BENEFIT:你可以用一個標準動作以你的最高BAB做出一次攻擊，並造成額外的傷害。丟傷害骰三次並將結果合計，但力量、武器屬性（例如〈熾焰〉效果）及基於精準攻擊（例如偷襲）帶來的傷害增加值不翻倍。本專長帶來的額外傷害在重擊時不翻倍（儘管其他傷害增加值正常翻倍計算）。	
CATEGORY=FEAT|Improvised Weapon Mastery.MOD	OUTPUTNAME:臨時武器熟稔（Improvised Weapon Mastery）〔戰鬥〕	DESC:.CLEAR	DESC:你可以把手邊的任何東西轉變為致命的武器，從尖利的椅子腿到裝滿麵粉的袋子。	BENEFIT:.CLEAR	BENEFIT:你在使用臨時武器時不受任何減值。臨時武器的傷害骰上升一個級別（例如1d4變為1d6）但最高僅到d8（雙手臨時武器則最高為2d6）。臨時武器重擊範圍為19-20，重擊倍率×2。	
CATEGORY=FEAT|Intimidating Prowess.MOD	OUTPUTNAME:威逼（Intimidating Prowess）〔戰鬥〕	DESC:.CLEAR	DESC:你的力量令他人恐懼。	BENEFIT:.CLEAR	BENEFIT:你的威嚇技能檢定在魅力調整之外再計入力量修正。	
CATEGORY=FEAT|Iron Will.MOD	OUTPUTNAME:鋼鐵意志（Iron Will）	DESC:.CLEAR	DESC:你有超乎常人的堅強意志。	BENEFIT:.CLEAR	BENEFIT:所有意志豁免獲得+2加值。	
CATEGORY=FEAT|Leadership.MOD	OUTPUTNAME:領導力（Leadership）	DESC:.CLEAR	DESC:你是他人追隨的對象，對於招募部屬也有相當的研究。	BENEFIT:.CLEAR	BENEFIT:你能吸引一個忠心的部屬及許多追隨者來協助你。部屬通常是一名擁有職業等級的NPC，而追隨者則為更低等級的NPC。查看下表確認你能夠吸引到的部屬等級和追隨者數量。	
CATEGORY=FEAT|Lightning Reflexes.MOD	OUTPUTNAME:閃電反射（Lightning Reflexes）〔戰鬥〕	DESC:.CLEAR	DESC:你的反應力比一般人快。	BENEFIT:.CLEAR	BENEFIT:所有反射豁免獲得+2加值。	
CATEGORY=FEAT|Lightning Stance.MOD	OUTPUTNAME:閃電步（Lightning Stance）〔戰鬥〕	DESC:.CLEAR	DESC:你移動起來的非凡速度令敵人難以攻擊。	BENEFIT:.CLEAR	BENEFIT:若你在一輪中花費2個動作進行移動或一個撤退動作，則你在一輪中獲得50%%%%隱蔽。	
CATEGORY=FEAT|Lunge.MOD	OUTPUTNAME:突刺（Lunge）〔戰鬥〕	DESC:.CLEAR	DESC:你可以攻擊正常觸及之外的敵人。	BENEFIT:.CLEAR	BENEFIT:你可以令近戰攻擊距離增加5尺直到你的回合結束，但直到你的下輪行動時AC受-2減值。你必須在做出任何攻擊前宣佈使用此能力。	
CATEGORY=FEAT|Magical Aptitude.MOD	OUTPUTNAME:魔法天賦（Magical Aptitude）	DESC:.CLEAR	DESC:你在釋放魔法和使用魔法物品方面有資質。	BENEFIT:.CLEAR	BENEFIT:你的法術辨識與使用魔法裝置檢定獲得+2加值。如果某技能受訓等級10以上，則對應的加值改為+4。	
CATEGORY=FEAT|Manyshot.MOD	OUTPUTNAME:多重射擊（Manyshot）〔戰鬥〕	DESC:.CLEAR	DESC:你可對一個目標同時發射數箭。	BENEFIT:.CLEAR	BENEFIT:當以弓箭做出全力攻擊動作時，你的第一擊射出兩支箭。若攻擊檢定成功，則兩支箭均命中。基於精準攻擊的傷害（例如偷襲）和重擊傷害在該次攻擊中僅計算一次。使用復合長弓時的力量修正，以及其他傷害加值例如遊俠的【宿敵】加值，均在每隻箭上正常生效。對抗每箭的傷害減免與其他抗力都要分別計算。	
CATEGORY=FEAT|Martial Weapon Proficiency.MOD	OUTPUTNAME:擅長軍用武器（Martial Weapon Proficiency）	DESC:.CLEAR	DESC:選擇一種軍用武器，你熟知如何在戰鬥中使用此軍用武器。	BENEFIT:.CLEAR	BENEFIT:使用該軍用武器攻擊檢定不受減值。	
CATEGORY=FEAT|Master Craftsman.MOD	OUTPUTNAME:造物專家（Master Craftsman）	DESC:.CLEAR	DESC:你的非凡手藝令你能夠製造簡單的魔法物品。	BENEFIT:.CLEAR	BENEFIT:選擇一項你擁有至少5級的工藝或專業技能，獲得+2加值。你所選技能的等級可作為你的CL，以滿足「製造魔法武器和防具」以及「製造奇物」專長的先決條件。你可以使用這些專長製造魔法物品，以你所選技能的等級作為你的總CL。你必須使用所選的技能進行製造該物品的檢定。某些必要的法術需求仍舊會令製造該物品的DC增加（更多信息請參見魔法物品規則）。你無法使用本專長製造任何法術觸發型或法術完成型物品。【編註：魔杖屬於法術觸發型物品，而卷軸則屬於法術完成型物品。】	
CATEGORY=FEAT|Maximize Spell.MOD	OUTPUTNAME:法術極效（Maximize Spell）〔超魔〕	DESC:.CLEAR	DESC:你可以將法術的效果發揮到最大。	BENEFIT:.CLEAR	BENEFIT:搭配本專長時，法術效果中所有變量皆以最大值計算。豁免檢定和對抗檢定不受影響。法術若無變動數值則無影響。極效的法術須佔用高於原本3個環位的法術位。配合「法術強效」和「法術極效」的法術，可分別獲得兩個專長的效果，也就是將檢定結果的最大值加上正常檢定結果的一半。	
CATEGORY=FEAT|Medusa's Wrath.MOD	OUTPUTNAME:萬蛇出洞（Medusa's Wrath）〔戰鬥〕	DESC:.CLEAR	DESC:你的連續攻擊令對手眼花繚亂。	BENEFIT:.CLEAR	BENEFIT:每當你進行全力攻擊並做出至少一次徒手擊打攻擊時，你可以額外以最高BAB做出兩次徒手擊打攻擊。這些額外攻擊必須針對暈眩、措手不及、麻痺、恍惚、震懾或昏迷狀態的敵人。	
CATEGORY=FEAT|Mobility.MOD	OUTPUTNAME:靈活移動（Mobility）〔戰鬥〕	DESC:.CLEAR	DESC:你善於閃過敵人並躲開攻擊。	BENEFIT:.CLEAR	BENEFIT:當你離開敵人的威脅區域或在該範圍內移動，引發對方藉機攻擊時，你的AC可獲得+4閃避加值。若你失去AC的敏捷加值（如果有），也會同時失去閃避加值。各項閃避加值可以累加，這與其他大部分類型加值不同。	
CATEGORY=FEAT|Mounted Archery.MOD	OUTPUTNAME:騎乘射擊（Mounted Archery）〔戰鬥〕	DESC:.CLEAR	DESC:你善於在騎乘時使用遠程武器。	BENEFIT:.CLEAR	BENEFIT:在騎乘時使用遠程武器的減值減為一半。例如，當坐騎以倍速移動時，減值為-2而非-4。坐騎奔跑時，減值為-4而非-8。	
CATEGORY=FEAT|Mounted Combat.MOD	OUTPUTNAME:騎乘戰鬥（Mounted Combat）〔戰鬥〕	DESC:.CLEAR	DESC:你善於騎乘戰鬥。	BENEFIT:.CLEAR	BENEFIT:坐騎被擊中時，你可以做一次騎術檢定（視為直覺動作），若檢定結果大於對手的攻擊檢定，則該攻擊無效。此專長每輪只能使用1次。	
CATEGORY=FEAT|Natural Spell.MOD	OUTPUTNAME:自然施法（Natural Spell）	DESC:.CLEAR	DESC:你可在自然變身狀態下施法，即使該形態正常無法施法。	BENEFIT:.CLEAR	BENEFIT:你可在自然變身狀態下完成法術的言語與姿勢。你使用各種聲音和動作代替原本法術正常的言語與姿勢。你仍舊能夠使用任何你擁有的施法材料或器材，即使這些東西已經融進了你現在的形態中。若此型態原本就無法使用某種魔法物品，這項專長並不賦予使用物品的能力，此外本專長也不能讓你在自然變身型態時說話。	
CATEGORY=FEAT|Nimble Moves.MOD	OUTPUTNAME:靈狐步（Nimble Moves）	DESC:.CLEAR	DESC:你能夠輕鬆越過單獨的障礙。	BENEFIT:.CLEAR	BENEFIT:當你移動時，你每輪可以像正常地形般穿越5尺的困難地形。本專長允許你使用五尺快步進入困難地形。	
CATEGORY=FEAT|Penetrating Strike.MOD	OUTPUTNAME:穿透打擊（Penetrating Strike）〔戰鬥〕	DESC:.CLEAR	DESC:你的攻擊能夠穿透某些生物的防禦。選擇一種你已獲得了武器專攻[Weapon Focus]的武器。	BENEFIT:.CLEAR	BENEFIT:你使用選定武器進行的攻擊無視至多5點傷害減免。此專長對無類別的傷害減免無效（比如「10/-」）。	
CATEGORY=FEAT|Persuasive.MOD	OUTPUTNAME:談判專家（Persuasive）	DESC:.CLEAR	DESC:你善於動搖態度和脅迫他人按你的想法行事。	BENEFIT:.CLEAR	BENEFIT:你在交涉和威嚇技能檢定上獲得+2加值。如果某技能受訓等級10以上，該技能獲得的加值提升為+4。	
CATEGORY=FEAT|Pinpoint Targeting.MOD	OUTPUTNAME:精確瞄準（Pinpoint Targeting）〔戰鬥〕	DESC:.CLEAR	DESC:你能夠瞄準對手盔甲上的弱點。	BENEFIT:.CLEAR	BENEFIT:以一個標準動作，做一次單獨的遠程攻擊。目標無法獲得任何盔甲、天生護甲或盾牌加值到他的AC上。如果你本輪進行了移動，你無法受益於此專長。	
CATEGORY=FEAT|Point-Blank Shot.MOD	OUTPUTNAME:近距射擊（Point-Blank Shot）〔戰鬥〕	DESC:.CLEAR	DESC:你對遠程攻擊近程目標頗有心得。	BENEFIT:.CLEAR	BENEFIT:你使用遠程武器攻擊30尺內的目標時在攻擊和傷害檢定上獲得+1加值。	
CATEGORY=FEAT|Power Attack.MOD	OUTPUTNAME:猛力攻擊（Power Attack）〔戰鬥〕	DESC:.CLEAR	DESC:通過犧牲準度來換取力道，你能夠做出異常致命的近戰攻擊。	BENEFIT:.CLEAR	BENEFIT:你可以選擇在所有近戰攻擊和戰技檢定上承受-1減值，以在所有近戰傷害檢定上獲得+2加值。如果你進行攻擊時使用的是雙手武器、雙手持用的單手武器或可在傷害檢定上加上1.5倍力量修正的主要天生武器，此傷害加值提升一半（+50%%%%）。如果你進行攻擊時使用的是副手武器或次要天生武器，此傷害加值減半（-50%%%%）。當你的BAB達到+4，和以後的每4點提升，攻擊減值再-1，傷害加值再+2。你必須在進行攻擊檢定前選擇使用此專長，其效果持續到你的下回合之前。接觸攻擊和不造成生命點數傷害的效果無法獲得傷害加值。	
CATEGORY=FEAT|Precise Shot.MOD	OUTPUTNAME:精準射擊（Precise Shot）〔戰鬥〕	DESC:.CLEAR	DESC:你擅長向近戰中進行遠程攻擊。	BENEFIT:.CLEAR	BENEFIT:你對近戰中的對手射擊或投擲遠程武器時不需在攻擊檢定上承受標準的-4減值。	
CATEGORY=FEAT|Quick Draw.MOD	OUTPUTNAME:即時備戰（Quick Draw）〔戰鬥〕	DESC:.CLEAR	DESC:你能夠比大多數人更快的拔出武器。	BENEFIT:.CLEAR	BENEFIT:你能夠以自由動作而不是移動動作拔出一把武器。你能夠以移動動作拔出一把隱藏的武器（見巧手技能）。選擇此專長的人物能以他的正常攻擊頻率投擲武器（如同使用弓的人物一樣）。煉金物品、藥水、卷軸和魔杖不能用此專長快速拿取。	
CATEGORY=FEAT|Quicken Spell.MOD	OUTPUTNAME:法術瞬發（Quicken Spell）〔超魔〕	DESC:.CLEAR	DESC:你能夠在一瞬間施展法術。	BENEFIT:.CLEAR	BENEFIT:施展瞬發法術是迅捷動作。在施展瞬發法術的同一輪裡，你可以做另一個動作，甚至施展另一個法術。施法時間超過1個整輪動作的法術無法被瞬發。瞬發法術佔用比該法術實際等級高4環的法術位。施展瞬發法術不會觸發藉機攻擊。	
CATEGORY=FEAT|Rapid Reload.MOD	OUTPUTNAME:快速裝填（Rapid Reload）〔戰鬥〕	DESC:.CLEAR	DESC:選擇一種弩（手弩、輕弩或重弩）。你能夠快速裝填該武器。	BENEFIT:.CLEAR	BENEFIT:你裝填選定類型的弩所需的時間降為自由動作（對手弩或輕弩而言）或移動動作（對重弩而言）。裝填弩仍然會觸發藉機攻擊。如果你為手弩或輕弩選擇了此專長，全力攻擊時你能像使用弓一樣進行多次射擊。	
CATEGORY=FEAT|Rapid Shot.MOD	OUTPUTNAME:快速射擊（Rapid Shot）〔戰鬥〕	DESC:.CLEAR	DESC:你能夠進行一次額外的遠程攻擊。	BENEFIT:.CLEAR	BENEFIT:使用遠程武器進行全力攻擊時，你在該輪能夠以你最高的加值多射擊一次。使用速射時，你的所有攻擊檢定承受-2減值。	
CATEGORY=FEAT|Ride-By Attack.MOD	OUTPUTNAME:騎乘掠擊（Ride-By Attack）〔戰鬥〕	DESC:.CLEAR	DESC:騎乘衝鋒時，你能夠移動，攻擊，然後繼續移動。	BENEFIT:.CLEAR	BENEFIT:騎乘衝鋒時，你可以如同標準衝鋒一樣移動並攻擊，然後再次移動（沿著衝鋒的直線路徑）。你該輪總的移動距離不能超過騎乘速度的兩倍。你和你的坐騎不會觸發你所攻擊目標的藉機攻擊。	
CATEGORY=FEAT|Run.MOD	OUTPUTNAME:飛跑（Run）	DESC:.CLEAR	DESC:你是個飛毛腿。	BENEFIT:.CLEAR	BENEFIT:奔跑時，你移動正常速度的五倍（如果穿著中甲、輕甲或無甲並且沒有超過中載）或四倍（如果穿著重甲或重載）。如果你助跑後再跳躍（見特技技能說明），你在雜技檢定上獲得+4加值。奔跑時，你保留敏捷加值到你的AC上。	
CATEGORY=FEAT|Scorpion Style.MOD	OUTPUTNAME:蠍形拳（Scorpion Style）〔戰鬥〕	DESC:.CLEAR	DESC:你的徒手擊打能夠嚴重妨礙目標的移動。	BENEFIT:.CLEAR	BENEFIT:要使用此專長，你必須用標準動作做一次單一的徒手攻擊。如果此徒手攻擊命中，你正常造成傷害，且目標的基本陸地速度降為5尺，持續輪數等同於你的感知修正，除非其通過DC為「10+1/2你的角色等級+感知修正」的強韌豁免檢定。	
CATEGORY=FEAT|Scribe Scroll.MOD	OUTPUTNAME:抄寫卷軸（Scribe Scroll）〔造物〕	DESC:.CLEAR	DESC:你能夠製造魔法卷軸。	BENEFIT:.CLEAR	BENEFIT:你能夠製造你所知任意法術的卷軸。如果卷軸的基礎價格為250 gp或以下，抄錄需要2小時，否則每1000gp的基礎價格需要1天。要想抄寫卷軸，你必須花費價值為其基礎價格一半的原材料。更多信息請參見魔法物品規則。	
CATEGORY=FEAT|Selective Channeling.MOD	OUTPUTNAME:選擇導能（Selective Channeling）	DESC:.CLEAR	DESC:你引導能量時能夠選擇要影響誰。	BENEFIT:.CLEAR	BENEFIT:當你引導能量時，你可以選擇區域中數量至多等同於你魅力修正的目標。這些目標不受你引導能量的影響。	
CATEGORY=FEAT|Self-Sufficient.MOD	OUTPUTNAME:自給自足（Self-Sufficient）	DESC:.CLEAR	DESC:你知道如何在野外生存和如何有效的治療傷口。	BENEFIT:.CLEAR	BENEFIT:你在醫療和生存技能檢定上獲得+2加值。如果某技能受訓等級10以上，該技能獲得的加值提升為+4。	
CATEGORY=FEAT|Shatter Defenses.MOD	OUTPUTNAME:粉碎防禦（Shatter Defenses）〔戰鬥〕	DESC:.CLEAR	DESC:你使用選定武器的技巧能夠讓露出破綻的對手門戶大開。	BENEFIT:.CLEAR	BENEFIT:任何本輪被你擊中的處於戰慄、驚懼或恐慌狀態的對手，直到你的下個回合結束，對於你做出的攻擊處於措手不及狀態。這包括你本輪進行的任何額外的攻擊。	
CATEGORY=FEAT|Shield Focus.MOD	OUTPUTNAME:盾牌專攻（Shield Focus）〔戰鬥〕	DESC:.CLEAR	DESC:你善於用盾牌偏轉攻擊。	BENEFIT:.CLEAR	BENEFIT:你由盾牌獲得的AC加值+1。	
CATEGORY=FEAT|Shield Master.MOD	OUTPUTNAME:盾牌大師（Shield Master）〔戰鬥〕	DESC:.CLEAR	DESC:你對盾牌的掌握使得你可以不受妨礙的用盾戰鬥。	BENEFIT:.CLEAR	BENEFIT:當持用另一把武器時，你使用盾牌的攻擊檢定不會承受任何減值。將盾牌的AC增強加值加到用盾牌做出的攻擊和傷害檢定上，如同它是武器增強加值一樣。	
CATEGORY=FEAT|Shield Proficiency.MOD	OUTPUTNAME:擅長盾牌（Shield Proficiency）	DESC:.CLEAR	DESC:你受過如何正確使用盾牌的訓練。	BENEFIT:.CLEAR	BENEFIT:當你使用盾牌（塔盾除外）時，盾牌的防具檢定減值只用於基於力量和敏捷的技能。	
CATEGORY=FEAT|Shield Slam.MOD	OUTPUTNAME:盾牌猛衝（Shield Slam）〔戰鬥〕	DESC:.CLEAR	DESC:只要地形合適，你能用盾牌讓對手飛起來。	BENEFIT:.CLEAR	BENEFIT:任何被你盾擊命中的對手也受到一次自由動作的衝撞攻擊，用這次攻擊檢定的結果來替代戰技檢定。這次衝撞不會觸發藉機攻擊。因牆或其他表面不能後退的對手在移動最大的可行距離後被擊倒在地。如果你本輪能夠做一次五尺快步或花費一個動作來移動，你可以選擇跟隨你的目標移動。	
CATEGORY=FEAT|Shot on the Run.MOD	OUTPUTNAME:移動射擊（Shot on the Run）〔戰鬥〕	DESC:.CLEAR	DESC:你能夠移動，射擊一件遠程武器，然後在你的敵人能夠反應之前再次移動。	BENEFIT:.CLEAR	BENEFIT:以一個整輪動作，你能夠移動至多等同於你速度的距離，並在移動的任意時點做一次單獨的遠程攻擊。	
CATEGORY=FEAT|Sickening Critical.MOD	OUTPUTNAME:噁心重擊（Sickening Critical）〔戰鬥，重擊〕	DESC:.CLEAR	DESC:你的重擊能讓對手噁心。	BENEFIT:.CLEAR	BENEFIT:每當你造成重擊時，你的對手噁心1分鐘。此專長的效果不會疊加。額外的命中改為延長效果的持續時間。	
CATEGORY=FEAT|Silent Spell.MOD	OUTPUTNAME:法術默發（Silent Spell）〔超魔〕	DESC:.CLEAR	DESC:你能夠不發生聲音施展法術。	BENEFIT:.CLEAR	BENEFIT:法術施展時不需言語成分。沒有言語成分的法術不受影響。默發法術佔用比該法術實際等級高1環的法術位。	
CATEGORY=FEAT|Simple Weapon Proficiency.MOD	OUTPUTNAME:擅長簡易武器（Simple Weapon Proficiency）	DESC:.CLEAR	DESC:你受過使用基礎武器的訓練。	BENEFIT:.CLEAR	BENEFIT:你使用簡易武器的攻擊檢定不承受減值。	
CATEGORY=FEAT|Skill Focus.MOD	OUTPUTNAME:技能專攻（Skill Focus）	DESC:.CLEAR	DESC:選擇一項技能。你特別擅長該技能。	BENEFIT:.CLEAR	BENEFIT:你在所有涉及該技能的檢定上獲得+3加值。如果你該技能的等級為10或更高，此加值提升為+6。	
CATEGORY=FEAT|Snatch Arrows.MOD	OUTPUTNAME:抓取飛箭（Snatch Arrows）〔戰鬥〕	DESC:.CLEAR	DESC:你能夠接住半空中的箭支或遠程武器，而不是把它震到一旁。	BENEFIT:.CLEAR	BENEFIT:當使用「撥擋飛箭」專長時你可以選擇抓住那武器而不僅僅只是偏轉它。投擲武器可以立刻被扔回去，視為對原攻擊者的一次攻擊（即使不是你的行動輪）或留下來在以後使用。你必須至少空出一隻手（不拿任何東西）來使用此專長。	
CATEGORY=FEAT|Spell Focus.MOD	OUTPUTNAME:法術專攻（Spell Focus）	DESC:.CLEAR	DESC:選擇一種魔法學派。你施展的該學派法術更難抵抗。	BENEFIT:.CLEAR	BENEFIT:所有對抗你選定魔法學派的法術的豁免檢定DC+1。	
CATEGORY=FEAT|Spell Mastery.MOD	OUTPUTNAME:法術熟稔（Spell Mastery）	DESC:.CLEAR	DESC:你對一小部分法術很熟悉，能夠完全不靠法術書準備這些法術。	BENEFIT:.CLEAR	BENEFIT:每次你獲得此專長時，選擇數量等同於你的智力修正的已知法術。從那時起，你準備這些法術不需要法術書。	
CATEGORY=FEAT|Spell Penetration.MOD	OUTPUTNAME:法術穿透（Spell Penetration）	DESC:.CLEAR	DESC:你的法術比大多數的法術更容易穿透法術抗力。	BENEFIT:.CLEAR	BENEFIT:你在克服生物法術抗力的施法者等級檢定（1d20+CL）上獲得+2加值。	
CATEGORY=FEAT|Spellbreaker.MOD	OUTPUTNAME:破法者（Spellbreaker）〔戰鬥〕	DESC:.CLEAR	DESC:當你威脅到敵人的施法者時，如果他們防禦施法失敗，你能夠對他們進行攻擊。	BENEFIT:.CLEAR	BENEFIT:在你威脅範圍內防禦施法檢定失敗的敵人會觸發你的藉機攻擊。	
CATEGORY=FEAT|Spirited Charge.MOD	OUTPUTNAME:奮力衝鋒（Spirited Charge）〔戰鬥〕	DESC:.CLEAR	DESC:你的騎乘衝鋒攻擊能造成大量的傷害。	BENEFIT:.CLEAR	BENEFIT:當在騎乘時使用衝鋒動作，你使用近戰武器造成雙倍傷害（持用長槍則是三倍）。	
CATEGORY=FEAT|Spring Attack.MOD	OUTPUTNAME:跳躍攻擊（Spring Attack）〔戰鬥〕	DESC:.CLEAR	DESC:你能夠巧妙的接近一個敵人，攻擊，然後在他反應之前撤退。	BENEFIT:.CLEAR	BENEFIT:以一個全回合動作，你能夠移動至多等同於你速度的距離並做一次單次的近戰攻擊，這不會觸發你所攻擊目標的藉機攻擊。你在攻擊之前和之後都可以移動，但你在攻擊前必須至少移動10尺，並且你移動的總距離不可以超過你的速度。你不可以使用此能力攻擊在你回合開始時就和你相鄰的敵人。	
CATEGORY=FEAT|Staggering Critical.MOD	OUTPUTNAME:恍惚重擊（Staggering Critical）〔戰鬥，重擊〕	DESC:.CLEAR	DESC:你的重擊能讓對手慢下來。	BENEFIT:.CLEAR	BENEFIT:每當你造成重擊時，你的對手陷入恍惚「1d4+1」輪。一次成功的強韌豁免將持續時間減為1輪。強韌豁免的DC等於「10+你的BAB」。此專長的效果不會疊加，額外的命中改為延長持續時間。	
CATEGORY=FEAT|Stand Still.MOD	OUTPUTNAME:通行禁止（Stand Still）〔戰鬥〕	DESC:.CLEAR	DESC:你能夠攔下試圖從你旁邊經過的敵人。	BENEFIT:.CLEAR	BENEFIT:當一個敵人因經過你的鄰近區域而觸發藉機攻擊時，你可以做一次戰技檢定來做為藉機攻擊。如果成功，敵人在他回合的剩餘部分內不能移動。敵人仍然可以做他動作的剩餘部分，但就是不能移動。此專長也可應用於任何試圖從你相鄰區域移開的生物，如果該移動會觸發藉機攻擊。	
CATEGORY=FEAT|Stealthy.MOD	OUTPUTNAME:隱秘（Stealthy）	DESC:.CLEAR	DESC:你對避開不必要的注意和逃脫束縛很拿手。	BENEFIT:.CLEAR	BENEFIT:你在所有脫逃和隱匿技能檢定上獲得+2加值。如果某技能受訓等級10以上，該技能獲得的加值提升為+4。	
CATEGORY=FEAT|Step Up.MOD	OUTPUTNAME:快步跟進（Step Up）〔戰鬥〕	DESC:.CLEAR	DESC:當敵人想移開時你能夠跟上去。	BENEFIT:.CLEAR	BENEFIT:每當一個鄰近的敵人試圖做一個五尺快步遠離你時，你能以直覺動作也做一個五尺快步，只要你結束移動時和觸發此能力的敵人相鄰。如果你做了此種移動，你下一回合不能做五尺快步。如果你下一回合進行了移動，從你的總移動距離裡面減去5尺。	
CATEGORY=FEAT|Still Spell.MOD	OUTPUTNAME:法術定發（Still Spell）〔超魔〕	DESC:.CLEAR	DESC:你能夠不做動作施展法術。	BENEFIT:.CLEAR	BENEFIT:法術施展時不需姿勢成分。沒有姿勢成分的法術不受影響。定發法術佔用比該法術實際等級高1環的法術位。	
CATEGORY=FEAT|Strike Back.MOD	OUTPUTNAME:回擊（Strike Back）〔戰鬥〕	DESC:.CLEAR	DESC:當他們攻向你時，通過瞄準他們的肢體或武器，你能夠擊打使用長觸及攻擊你的敵人。	BENEFIT:.CLEAR	BENEFIT:你可以做一個準備動作來對以近戰攻擊你的任何敵人做一次近戰攻擊，即使該敵人在你的觸及外。	
CATEGORY=FEAT|Stunning Critical.MOD	OUTPUTNAME:震懾重擊（Stunning Critical）〔戰鬥，重擊〕	DESC:.CLEAR	DESC:你的重擊能震懾對手。	BENEFIT:.CLEAR	BENEFIT:每當你造成重擊時，你的對手被震懾1d4輪。一次成功的強韌豁免將此效果降為恍惚1d4輪。強韌豁免的DC等於「10+你的BAB」。此專長的效果不會疊加。額外的命中改為延長持續時間。	
CATEGORY=FEAT|Stunning Fist.MOD	OUTPUTNAME:震懾拳（Stunning Fist）〔戰鬥〕	DESC:.CLEAR	DESC:你知道攻擊哪裡可以暫時癱瘓一個人的行動。	BENEFIT:.CLEAR	BENEFIT:你必須在投擲攻擊骰之前宣告使用此專長（因此，未命中會導致嘗試失敗）。震懾拳在正常造成傷害的同時，還會強制受到你徒手擊打傷害的敵人進行一次DC為「10+1/2你的角色等級+感知修正」的強韌豁免檢定。豁免檢定失敗的防禦者將被震懾1輪（直到你的下一輪開始前）。被震懾的人物不能行動，失去AC上的任何敏捷加值，並且AC承受-2減值。每4級你每天可以多嘗試一次震懾攻擊（見特殊），每輪不能超過1次。構裝、泥怪、植物、不死、虛體生物和免疫重擊的生物不會被震懾。	
CATEGORY=FEAT|Throw Anything.MOD	OUTPUTNAME:隨手投擲（Throw Anything）〔戰鬥〕	DESC:.CLEAR	DESC:你擅長投擲手中的物品。	BENEFIT:.CLEAR	BENEFIT:你使用臨時遠程武器時無減值。你在濺射武器的攻擊檢定上獲得+1環境加值。	
CATEGORY=FEAT|Tiring Critical.MOD	OUTPUTNAME:疲乏重擊（Tiring Critical）〔戰鬥，重擊〕	DESC:.CLEAR	DESC:你的重擊令對手疲乏。	BENEFIT:.CLEAR	BENEFIT:每當你對一個敵人成功造成重擊時，會令該生物陷入疲乏狀態。此專長對已陷入疲乏或力竭的生物無效。	
CATEGORY=FEAT|Toughness.MOD	OUTPUTNAME:健壯（Toughness）	DESC:.CLEAR	DESC:你比一般人更健壯。	BENEFIT:.CLEAR	BENEFIT:你的HP增加3點，且你的生命骰每比3HD高1級便額外獲得1點HP。由生命骰高於3開始，每次你獲得一個新的生命骰（例如當你獲得一個新的等級）時你都額外獲得1點HP。	
CATEGORY=FEAT|Tower Shield Proficiency.MOD	OUTPUTNAME:擅長塔盾（Tower Shield Proficiency）〔戰鬥〕	DESC:.CLEAR	DESC:你善於使用塔盾。	BENEFIT:.CLEAR	BENEFIT:使用塔盾時防具檢定減值僅作用於基於力量和敏捷的技能。【編註：攻擊依然-2。】	
CATEGORY=FEAT|Trample.MOD	OUTPUTNAME:踐踏（Trample）〔戰鬥〕	DESC:.CLEAR	DESC:你善於使用坐騎壓過對手。	BENEFIT:.CLEAR	BENEFIT:若你騎乘坐騎時闖越對手，他將無法躲避。如果對手因而倒地，你的坐騎可以對他做一次蹄踢攻擊。一般而言攻擊倒地的目標，攻擊檢定有+4加值。	
CATEGORY=FEAT|Turn Undead.MOD	OUTPUTNAME:驅散死靈（Turn Undead）	DESC:.CLEAR	DESC:你釋放出神聖能量，令不死生物逃竄。	BENEFIT:.CLEAR	BENEFIT:你可以用一個標準動作，消耗你引導正能量的1次可用次數，令30尺內的所有不死生物逃離你，視同陷入恐慌狀態。不死生物需要通過意志檢定來避免此效果，DC等於「10+1/2牧師等級+魅力修正」。豁免失敗的不死生物會逃竄1分鐘。有智力的不死生物可以每輪進行新的檢定以結束此效果。若你以此方式使用引導能量，則其不會產生其他的效果（不會治療或傷害附近的生物）。	
CATEGORY=FEAT|Two-Weapon Defense.MOD	OUTPUTNAME:雙武器防禦（Two-Weapon Defense）〔戰鬥〕	DESC:.CLEAR	DESC:你的雙武器戰鬥風格可攻可守。	BENEFIT:.CLEAR	BENEFIT:使用雙頭武器或雙武器時（不包含天生武器或徒手擊打），AC獲得+1盾牌加值。當你使用防禦式戰鬥或全防禦時，此盾牌加值增為+2。	
CATEGORY=FEAT|Two-Weapon Fighting.MOD	OUTPUTNAME:雙武器格鬥（Two-Weapon Fighting）〔戰鬥〕	DESC:.CLEAR	DESC:你可以用雙武器進行戰鬥，每輪可用副手武器進行一次額外攻擊。	BENEFIT:.CLEAR	BENEFIT:當你使用雙武器攻擊，主手的攻擊檢定減值減少2，副手則減少6。參見雙武器戰鬥規則。	
CATEGORY=FEAT|Two-Weapon Rend.MOD	OUTPUTNAME:雙武器撕裂（Two-Weapon Rend）〔戰鬥〕	DESC:.CLEAR	DESC:同時以兩把武器攻擊命中時，你可以造成嚴重的傷口。	BENEFIT:.CLEAR	BENEFIT:若你主手武器和副手武器的攻擊都命中對手，則你額外造成「1d10+1.5倍力量修正」的傷害。每輪你僅可造成此額外傷害1次。	
CATEGORY=FEAT|Unseat.MOD	OUTPUTNAME:落馬擊（Unseat）〔戰鬥〕	DESC:.CLEAR	DESC:你擅長將騎乘對手擊落馬下。	BENEFIT:.CLEAR	BENEFIT:當騎乘並使用長槍對敵人進行衝鋒時，照常計算攻擊檢定。但若攻擊命中，你在正常的傷害之外，可以立即進行一次衝撞嘗試。若檢定成功，則目標被從馬上擊落倒地在臨近他的坐騎且直線遠離你的位置。	
CATEGORY=FEAT|Vital Strike.MOD	OUTPUTNAME:要害打擊（Vital Strike）〔戰鬥〕	DESC:.CLEAR	DESC:你在一擊中造成明顯超乎尋常的傷害。	BENEFIT:.CLEAR	BENEFIT:你能以一個攻擊動作，利用你的最高基本攻擊加值做出一次可造成額外傷害的攻擊。該次攻擊扔武器傷害骰兩次並相加，之後再加算力量、武器能力（例如〔熾焰〕附魔），基於精準的傷害和其它傷害加值。本專長帶來的額外武器傷害在重擊時不翻倍，而只加在總值上。	
CATEGORY=FEAT|Weapon Finesse.MOD	OUTPUTNAME:武器嫻熟（Weapon Finesse）〔戰鬥〕	DESC:.CLEAR	DESC:你善於在近身戰鬥中使用敏捷代替蠻力。	BENEFIT:.CLEAR	BENEFIT:使用適於你體型的輕型武器、細劍、長鞭、刺鏈時，你可以在攻擊檢定中改為使用敏捷修正，而非力量修正。若你持用盾牌，攻擊檢定會受到盾牌的防具檢定減值。	
CATEGORY=FEAT|Weapon Focus.MOD	OUTPUTNAME:武器專攻（Weapon Focus）〔戰鬥〕	DESC:.CLEAR	DESC:選擇一種武器。你同樣可以選擇徒手擊打或擒抱（若你能施法，也可選擇「射線」）作為本專長選擇的武器類型。	BENEFIT:.CLEAR	BENEFIT:使用專攻的武器時攻擊檢定+1。	
CATEGORY=FEAT|Weapon Specialization.MOD	OUTPUTNAME:武器專精（Weapon Specialization）〔戰鬥〕	DESC:.CLEAR	DESC:你善於使用特定類型的武器造成傷害。從已有「武器專攻」的武器中選擇一個（包括徒手擊打和擒抱），使用此種武器將可造成更多傷害。	BENEFIT:.CLEAR	BENEFIT:使用專精的武器時傷害檢定+2。	
CATEGORY=FEAT|Whirlwind Attack.MOD	OUTPUTNAME:旋風攻擊（Whirlwind Attack）〔戰鬥〕	DESC:.CLEAR	DESC:你可以在一擊中攻擊所有可及的敵人。	BENEFIT:.CLEAR	BENEFIT:當你進行全力攻擊時，你可以放棄所有正常攻擊，改以最高BAB對攻擊範圍內所有敵人做一次近戰攻擊。你必須對每個敵人單獨進行一次攻擊檢定。當使用本專長時，你同時放棄其他專長、法術或能力所賦予你的任何額外攻擊。	
CATEGORY=FEAT|Widen Spell.MOD	OUTPUTNAME:法術擴展（Widen Spell）〔超魔〕	DESC:.CLEAR	DESC:你可增加自己法術的影響範圍。	BENEFIT:.CLEAR	BENEFIT:你可增加爆發、瀰漫、直線或擴散型的法術影響區域。法術的所有範圍類數值加倍。擴展的法術須佔用高於原本3個環位的法術位。沒有上列四類影響範圍的法術不受本專長影響。	
CATEGORY=FEAT|Wind Stance.MOD	OUTPUTNAME:疾風步（Wind Stance）〔戰鬥〕	DESC:.CLEAR	DESC:你移動時步伐飄忽不定，令敵人難以瞄準你的位置。	BENEFIT:.CLEAR	BENEFIT:若你在一輪中移動超過5尺，則該輪中你針對遠程攻擊獲得20％隱蔽。	
