CATEGORY=FEAT|Abundant Revelations.MOD	OUTPUTNAME:豐足啟示（Abundant Revelations）	DESC:.CLEAR	DESC:你能探尋秘示的根源，從而使用更多的啟示。	BENEFIT:.CLEAR	BENEFIT:選擇一個擁有每日使用次數的啟示。這個啟示的每日使用次數+1。	
CATEGORY=FEAT|Accursed Critical.MOD	OUTPUTNAME:詛咒重擊（Accursed Critical）〔重擊〕	DESC:.CLEAR	DESC:你將詛咒嵌入了你的法術，並且在攻擊時引發。	BENEFIT:.CLEAR	BENEFIT:當你使用法術或者類法術能力並且確認重擊後，你可以以一個直覺動作對目標施展『降咒』或者『高等降咒』。遠程法術也可造成這個效果。你必須準備了『降咒』或者『高等降咒』或者其他的能力使你足以施展法術，使用這個能力會消耗相應的法術位。	
CATEGORY=FEAT|Accursed Hex.MOD	OUTPUTNAME:詛咒巫術（Accursed Hex）	DESC:.CLEAR	DESC:在巫術失敗的時候，你可以再試一次。	BENEFIT:.CLEAR	BENEFIT:當你對目標使用了一個至少一日才能生效一次的巫術，並且目標在對抗巫術的豁免中成功時，你可以在下一輪中對目標再使用一次相同的巫術。如果第二次巫術也失敗了，你在一日之內不能再對目標使用相同的巫術。	
CATEGORY=FEAT|Advanced Ranger Trap.MOD	OUTPUTNAME:進階遊俠陷阱（Advanced Ranger Trap）	DESC:.CLEAR	DESC:你的遊俠陷阱特別難被發現和避開。	BENEFIT:.CLEAR	BENEFIT:發現或者解除你的遊俠陷阱的察覺或解除裝置的DC+1。對抗你的遊俠陷阱的豁免DC+1。	
CATEGORY=FEAT|Antagonize.MOD	OUTPUTNAME:嘲諷（Antagonize）	DESC:.CLEAR	DESC:使用污辱或是傷人的詞彙，你可以輕易的讓對方對你發火。	BENEFIT:.CLEAR	BENEFIT:你可以使用交涉或是威嚇檢定，讓生物對你產生敵意。無論你選擇哪種檢定，使用此專長都必須消耗一個不引發藉機攻擊的標準動作，並通過DC為「10+目標HD+感知修正」的技能檢定。你不能使用此專長影響無法理解你或是智力小於3的生物。在使用此專長前，你可以用迅捷動作做一個DC為20的察言觀色檢定，以在交涉或威嚇上額外得到相當於你魅力修正的洞察加值，此加值將會持續到你下一輪開始為止。此專長的效果取決於你使用哪一種技能。此為〔影響心靈〕效果。交涉：你讓你的目標慌亂。在之後的1分鐘之內，該生物攻擊你之外的生物都必須在攻擊檢定上承受-2的懲罰，且任何沒有以你為目標或包括你的法術必須承受10%%%%的法術失敗機率。威嚇：你讓目標徹底的抓狂。他的下一輪目標必須對你發動近戰攻擊，對你發動遠程攻擊，以你為法術目標，或者施放一個包含你的範圍法術。如果該生物無法攻擊你或是如此做會讓他受到傷害（例如你的週遭被火牆環繞）則此效果終止。如果他沒有辦法在他的行動回合中攻擊到你，你可以用一個直覺動作再進行一次檢定，讓此效果額外維持一輪（但是延長之後就沒辦法繼續延長了），此效果會在該生物對你進行攻擊之後立刻結束。只要你針對一個目標使用過此專長，那麼你在1天之內無法再對他使用此專長第二次。	
CATEGORY=FEAT|Blighted Critical.MOD	OUTPUTNAME:荒蕪重擊（Blighted Critical）〔重擊〕	DESC:.CLEAR	DESC:當你使用法術或者類法術能力重擊時，你使目標遭受一種次級法術荒疫。	BENEFIT:.CLEAR	BENEFIT:當你使用接觸法術、遠程接觸法術或者之類的類法術能力確認重擊以後，受害者遭受隨機一種次級法術荒疫。	
CATEGORY=FEAT|Blighted Critical Mastery.MOD	OUTPUTNAME:荒蕪重擊熟稔（Blighted Critical Mastery）	DESC:.CLEAR	DESC:你能在造成重擊時選擇目標所遭受的法術荒疫的種類。	BENEFIT:.CLEAR	BENEFIT:當你使用「荒蕪重擊」或者「高等荒蕪重擊」專長時，你可以選擇指定的法術荒疫而非隨機效果。	
CATEGORY=FEAT|Burning Spell.MOD	OUTPUTNAME:燃燒法術（Burning Spell）〔超魔〕	DESC:.CLEAR	DESC:當你使用帶有〔酸〕或〔火〕描述符的法術時能對目標造成額外的傷害。	BENEFIT:.CLEAR	BENEFIT:法術所影響的生物被附上了酸或火，並且在下一輪中造成更多的傷害。當一個生物受到此超魔法術所造成的酸性或火焰傷害時，這個生物在下一輪的開始受到等同於法術原本環級2倍的強酸或火焰傷害。傷害的種類取決於法術的描述描述符。如果一個法術同時擁有〔酸〕和〔火〕描述符，則由施法者在準備超魔時選擇造成哪種傷害。燃燒法術須佔用高於原本2個環級的法術位。	
CATEGORY=FEAT|Channeled Shield Wall.MOD	OUTPUTNAME:導能盾牆（Channeled Shield Wall）	DESC:.CLEAR	DESC:你將引導能量用於盾牌之上，以此保護你和與你相鄰的隊友。	BENEFIT:.CLEAR	BENEFIT:你可以用一個迅捷動作消耗一次引導能量，使你在使用盾牌時獲得+2偏斜加值。這個效果持續每牧師等級或有效牧師等級1分鐘。當你獲得這個效果時，與你相鄰格使用盾牌的隊友也能獲得+2偏斜加值。	
CATEGORY=FEAT|Concussive Spell.MOD	OUTPUTNAME:震盪法術（Concussive Spell）〔超魔〕	DESC:.CLEAR	DESC:當你用帶有〔音波〕描述符的法術影響到其他生物時，你使他們暈頭轉向。	BENEFIT:.CLEAR	BENEFIT:法術中伴隨著音波傷害的衝擊波使目標震顫不止。一個帶有〔音波〕描述符的震盪法術在對目標造成音波傷害時會使其在攻擊、豁免、技能檢定和屬性檢定上遭受-2減值，持續時間等於法術原本環級。震盪法術只能影響帶有〔音波〕描述符的法術。震盪法術須佔用高於原本2個環級的法術位。	
CATEGORY=FEAT|Create Reliquary Arms and Shields.MOD	OUTPUTNAME:製造聖遺物（Create Reliquary Arms and Shields）	DESC:.CLEAR	DESC:你在製造的魔法物品被灌入了神聖的力量。	BENEFIT:.CLEAR	BENEFIT:你將『祝聖術』或者『褻瀆術』作為製造一件魔法武器、魔法護甲、魔法盾牌的一部份。這會增加製品的價格250gp。製品會成為一件聖遺物，可以作為你所信奉的神祇的聖徽（或邪徽）法器。如果你施放『祝聖術』或者『褻瀆術』，法術區域內你的聖遺物將被視為你所信奉的神祇的永久性固定物品。	
CATEGORY=FEAT|Create Sanguine Elixir.MOD	OUTPUTNAME:製造血統藥劑（Create Sanguine Elixir）	DESC:.CLEAR	DESC:你將你血統力量的一部份凝聚到一瓶威力強大的藥劑中。	BENEFIT:.CLEAR	BENEFIT:每日一次，在你清空思緒獲得法術位的時候，你可以製造一瓶血統藥劑。當你這樣做的時候，選擇你的一種血統力量轉移到一小瓶藥劑中，而喝下這藥劑的生物會暫時獲得你的血統力量所帶來的好處。製造一瓶血統藥劑需要花費1小時和價值100gp的特殊材料。當你製造血統藥劑時，你失去你的血統力量、直到下一次清空思緒獲得法術位的時候。當一個生物喝下了血統藥劑，他能在他下一輪結束前的任何時候激活血統力量就如同他原本擁有血統力量一般。如果生物的角色等級沒有達到或者超過血統力量所要求的最低等級，則這個生物無法從藥劑中獲得相應的好處。以飲用者和藥劑的製造者中等級較低者的等級決定一切與等級相關的效果。喝下一瓶血統藥劑就和喝下一瓶普通的藥劑一樣。一瓶血統藥劑視作等同你CL的魔法物品。血統藥劑是極不穩定的。它們會在被製造出來的1天後失效。	
CATEGORY=FEAT|Defending Eidolon.MOD	OUTPUTNAME:幻靈守護（Defending Eidolon）	DESC:.CLEAR	DESC:你訓練你的幻靈保護你。	BENEFIT:.CLEAR	BENEFIT:當你臨近你的幻靈時，你可以選擇幻靈在近戰攻擊和戰技上獲得-1的罰值，使你在AC上獲得+1閃避加值。當你的幻靈的BAB達到+5並且之後每+5時，罰值再-1，並且閃避加值再+1。你必須在你的幻靈使用近戰武器或天生武器，發動近戰攻擊或者全力攻擊時選擇使用這個專長，其效果持續到你幻靈的下個回合或者你和幻靈不再相鄰，以先發生的為準。	
CATEGORY=FEAT|Deny Death.MOD	OUTPUTNAME:抗拒死亡（Deny Death）	DESC:.CLEAR	DESC:你的氣是如此的強大以至於能夠抗拒死亡。	BENEFIT:.CLEAR	BENEFIT:只要你在氣池中存在至少1點氣，當你在穩定傷勢的體質檢定中失敗時，你不會失去1點HP。如果你在檢定中成功，你可以花費1點氣治療1d6點傷害。如果你在檢定中骰出20，你可以花費1點氣治療2d6點傷害。	
CATEGORY=FEAT|Detect Expertise.MOD	OUTPUTNAME:偵測專精（Detect Expertise）	DESC:.CLEAR	DESC:你能夠偵測到目標的施法特性。	BENEFIT:.CLEAR	BENEFIT:當你使用此專長先決條件中列出的法術偵測一個生物的陣營或者法術時，你能夠有機會偵測出他專精於哪種法術。在你用偵測類法術觀察一個生物3輪後，他必須做一個DC為「10+1/2你的CL+智力修正」的意志豁免。如果他在豁免中失敗，則你知道這個生物所擁有的血統、領域、法師學派、秘示域等（如果有）。如果這個生物通過了豁免，那麼他在接下來的24小時中對這個專長免疫。	
CATEGORY=FEAT|Die for Your Master.MOD	OUTPUTNAME:丟卒保帥（Die for Your Master）	DESC:.CLEAR	DESC:你的囊腫魔寵替你去擋刀。	BENEFIT:.CLEAR	BENEFIT:如果你的囊腫魔寵連接在身上，而你的HP將被戰鬥傷害（源自武器或者其他類似的攻擊，不包括法術和特殊能力）降低到0或者更低，魔寵會以一個直覺動作插入到攻擊中。如果它通過了DC為造成的傷害的反射豁免，它會承受這次攻擊所造成的所有傷害；如果豁免失敗，則它只受到一半的傷害，而你受到另一半的傷害。這個能力每天只能使用1次，魔寵必須要意識到這次攻擊並且能夠做出反應才能使用這個能力——如果它在AC上失去敏捷加值就無法使用此能力。因為這個效果不是通常意義上的通過反射豁免則減半傷害，所以【精通反射閃避】能力不使用於這一豁免。	
CATEGORY=FEAT|Divine Interference.MOD	OUTPUTNAME:神聖干涉（Divine Interference）	DESC:.CLEAR	DESC:你可以轉換你的法術用以干涉敵人的攻擊。	BENEFIT:.CLEAR	BENEFIT:以一個直覺動作，當一個30尺內的敵人攻擊並傷害了你的一個盟友時，你可以犧牲一個準備好的神術或者一個未使用的法術位（如果你是自發施法者）使敵人重投攻擊骰。重投的攻擊骰受到等同於所犧牲法術環級的罰值。你必須犧牲一個1級或者更高環級的法術來使用此能力。無論重骰的攻擊是否成功，你都無法在1天內對同一個目標再次使用這個能力。	
CATEGORY=FEAT|Dragonbane Aura.MOD	OUTPUTNAME:屠龍靈光（Dragonbane Aura）	DESC:.CLEAR	DESC:在屠龍靈光範圍內的同伴獲得與你相同的保護。	BENEFIT:.CLEAR	BENEFIT:當和龍戰鬥時，你的勇氣靈光範圍變成20尺半徑瀰漫，靈光範圍內的同伴在對抗龍息的豁免骰上獲得士氣加值，數值等同於你勇氣靈光在對抗恐懼時的加值。	
CATEGORY=FEAT|Echoing Spell.MOD	OUTPUTNAME:回音法術（Echoing Spell）〔超魔〕	DESC:.CLEAR	DESC:你已經學會了如何在施展法術時保留餘力。	BENEFIT:.CLEAR	BENEFIT:當你施展回音法術時，法術並沒有從你的腦海中完全消失，你依舊可以在這天之內再釋放一次這個法術。回音法術不能被重新準備或者【喚回法術】的效果影響。如果你需要準備法術，則第二次的法術不會消耗你所準備的其他法術位。如果你是自發施法者，第二次的法術不會消耗你其他的可用法術位。回音法術須佔用高於原本3個環級的法術位。	
CATEGORY=FEAT|Eldritch Heritage.MOD	OUTPUTNAME:悠遠血脈（Eldritch Heritage）	DESC:.CLEAR	DESC:你是歷史悠久的術士家族的後裔，一些血統力量流淌在你的血液之中。	BENEFIT:.CLEAR	BENEFIT:選擇一個術士血統。你必須擁有選擇血統1級時賦予術士額外本職技能所對應的「技能專攻」（例如天界血統為醫療技能）。所選的血統不能是你已經擁有的血統。你獲得所選血統的1級血統力量。在使用所選擇的能力時，將你的「角色等級-2」作為術士等級，即使你已經擁有術士等級也是如此。你無法再獲得其他血統能力。	
CATEGORY=FEAT|Ensemble.MOD	OUTPUTNAME:樂團（Ensemble）〔團隊〕	DESC:.CLEAR	DESC:你可以將那些業餘的或是專業的傢伙組織成一支樂團。	BENEFIT:.CLEAR	BENEFIT:當你表演時，20尺內擁有同一專長的隊友可以用直覺動作如同協助他人一般協助你的表演檢定（包括【吟遊表演】的一部份）提供加值。隊友的協助他人檢定先於你的檢定。最多有4個隊友可以為你提供幫助。隊友表演技能的子類無需和你相同。	
CATEGORY=FEAT|Evolved Familiar.MOD	OUTPUTNAME:進化魔寵（Evolved Familiar）	DESC:.CLEAR	DESC:你的魔寵與他人大不相同。	BENEFIT:.CLEAR	BENEFIT:從召喚師幻靈的進化列表中選擇一個花費1點進化點的進化。你的魔寵獲得這一進化。魔寵必須符合這一進化的先決條件。例如，沒有魔寵可以獲得【坐騎】進化；只有長翅膀的魔寵才可以獲得【翼擊】進化。如果你獲得了一隻新魔寵，你原來的魔寵失去所有進化，而你可以為你的新魔寵重新選擇一個花費1點進化點的進化。	
CATEGORY=FEAT|Exploit Lore.MOD	OUTPUTNAME:善用學識（Exploit Lore）	DESC:.CLEAR	DESC:你利用對目標弱點的關知識將其猛揍一番。	BENEFIT:.CLEAR	BENEFIT:每日1次，當你成功的用對應的知識辨別出了一個生物的所有能力和弱點之後，你對那個生物的攻擊骰和傷害骰獲得+2加值，持續1分鐘。如果你識別出了超過一個生物的能力和弱點時，你必須選擇其中一個生物作為此效果的目標。	
CATEGORY=FEAT|Extra Arcana.MOD	OUTPUTNAME:額外奧能（Extra Arcana）	DESC:.CLEAR	DESC:你發掘了一個新魔戰士奧能的秘密。	BENEFIT:.CLEAR	BENEFIT:你獲得一個額外的魔戰士奧能。你必須符合這一魔戰士奧能所有的先決條件。	
CATEGORY=FEAT|Extra Arcane Pool.MOD	OUTPUTNAME:額外奧能力池（Extra Arcane Pool）	DESC:.CLEAR	DESC:你學會了如何從奧能力池中獲得更多的力量。	BENEFIT:.CLEAR	BENEFIT:你的奧能力池增加2點。	
CATEGORY=FEAT|Extended Bane.MOD	OUTPUTNAME:額外破敵（Extended Bane）	DESC:.CLEAR	DESC:你的狂熱沒有界限，你的憤怒永不停息。	BENEFIT:.CLEAR	BENEFIT:你的破敵能力獲得等於感知修正的額外使用次數。	
CATEGORY=FEAT|Extra Cantrips or Orisons.MOD	OUTPUTNAME:額外戲法或禱念（Extra Cantrips or Orisons）	DESC:.CLEAR	DESC:你是使用小戲法的大師。	BENEFIT:.CLEAR	BENEFIT:你所知道的戲法或禱念數量增加2.	
CATEGORY=FEAT|Extra Evolution.MOD	OUTPUTNAME:額外進化（Extra Evolution）	DESC:.CLEAR	DESC:你的幻靈擁有更多的進化。	BENEFIT:.CLEAR	BENEFIT:你幻靈的進化池增加1點。	
CATEGORY=FEAT|Extra Ranger Trap.MOD	OUTPUTNAME:額外遊俠陷阱（Extra Ranger Trap）	DESC:.CLEAR	DESC:你能夠更頻繁地使用遊俠陷阱。	BENEFIT:.CLEAR	BENEFIT:你每日設置遊俠陷阱的次數增加2次。	
CATEGORY=FEAT|Extra Summons.MOD	OUTPUTNAME:額外召喚（Extra Summons）	DESC:.CLEAR	DESC:你能夠更頻繁地召喚怪物。	BENEFIT:.CLEAR	BENEFIT:你每天『召喚怪物』類法術能力使用次數增加1次。	
CATEGORY=FEAT|Eyes of Judgment.MOD	OUTPUTNAME:審判之眼（Eyes of Judgment）	DESC:.CLEAR	DESC:任何生物的本性都難逃你的法眼。	BENEFIT:.CLEAR	BENEFIT:當你使用【偵測陣營】職業特性時，你可以花費3輪研究一個60尺內的生物。期間你不能夠分心。在這之後，你可以得知這個生物的陣營。	
CATEGORY=FEAT|Fast Empathy.MOD	OUTPUTNAME:快速認同（Fast Empathy）	DESC:.CLEAR	DESC:你野獸般的靈魂使得你可以快速理解野獸的思想。	BENEFIT:.CLEAR	BENEFIT:野性認同只需要花費你一個標準動作。	
CATEGORY=FEAT|Favored Judgment.MOD	OUTPUTNAME:審判宿敵（Favored Judgment）	DESC:.CLEAR	DESC:你對於某一類生物的審判尤其嚴酷。	BENEFIT:.CLEAR	BENEFIT:從遊俠的宿敵列表中選擇一類種族。在你攻擊宿敵或者被宿敵攻擊時，從審判獲得的神聖或者褻瀆加值提升1點。	
CATEGORY=FEAT|Fearless Aura.MOD	OUTPUTNAME:無畏靈光（Fearless Aura）	DESC:.CLEAR	DESC:你的勇氣靈光變得更加強大，而你堅定的信你也體現在隊友身上。	BENEFIT:.CLEAR	BENEFIT:你的勇氣靈光擴展到20尺瀰漫。靈光範圍中的隊友免疫恐懼效果。	
CATEGORY=FEAT|Fire Music.MOD	OUTPUTNAME:燃火之音（Fire Music）	DESC:.CLEAR	DESC:你將控制火焰的能力和詩人的音樂相互混合，從而創造了一種奇怪的魔法。	BENEFIT:.CLEAR	BENEFIT:當你施展一個詩人法術造成傷害時，你可以用火焰傷害替換法術的正常傷害，或者造成一半火焰傷害一半正常傷害。如果你用詩人法術施展『召喚怪物』，你可以選擇給予召喚生物燃燒的外觀，從而使之獲得5點火抗力並且在天生武器攻擊時造成額外1點火焰傷害。這一生物在5尺範圍內提供昏暗照明。如果召喚的生物已經擁有火系類別，則此專長無效。當你使用這一專長時，使用的法術獲得〔火〕描述符。	
CATEGORY=FEAT|Flaring Spell.MOD	OUTPUTNAME:閃耀法術（Flaring Spell）〔超魔〕	DESC:.CLEAR	DESC:你在使用帶有〔火〕、〔光亮〕或〔電〕描述符的法術時使得被影響的生物目眩。	BENEFIT:.CLEAR	BENEFIT:當使用閃耀法術對生物造成傷害時，其中的電、火或者光的效果創造了一次閃光使得其目眩。受到閃耀法術影響的生物在受到火焰或者電傷害時會目眩等同於法術原本環級的輪數。閃耀法術只能影響帶有〔火〕、〔光亮〕或〔電〕描述符的法術。閃耀法術須佔用高於原本1個環級的法術位。	
CATEGORY=FEAT|Focused Eidolon.MOD	OUTPUTNAME:幻靈專注（Focused Eidolon）	DESC:.CLEAR	DESC:你和你幻靈的聯繫幫助你保持專注。	BENEFIT:.CLEAR	BENEFIT:當你臨近你的幻靈時，你的專注檢定獲得+4加值。	
CATEGORY=FEAT|Gliding Steps.MOD	OUTPUTNAME:凌波微步（Gliding Steps）	DESC:.CLEAR	DESC:體迅飛鳧，飄忽若神，凌波微步，羅襪生塵。	BENEFIT:.CLEAR	BENEFIT:如果你在氣池中至少還留有1點氣，你在移動的時候所離開的第一個方格不會引發藉機攻擊。你可以花費1點氣使得整個移動都不引發藉機攻擊。	
CATEGORY=FEAT|Grant Initiative.MOD	OUTPUTNAME:授予先機（Grant Initiative）	DESC:.CLEAR	DESC:你不僅是巧奪先機的好手，也能指導他人如此。	BENEFIT:.CLEAR	BENEFIT:在每個遭遇的開始，你可以將感知修正加在你的先攻檢定上，也可以將此加值授予一個你能看見的隊友。【譯註：你將失去此加值。】你必須在你和你的隊友投擲先攻骰之前做出選擇。	
CATEGORY=FEAT|Greater Blighted Critical.MOD	OUTPUTNAME:高等荒蕪重擊（Greater Blighted Critical）〔重擊〕	DESC:.CLEAR	DESC:當你使用法術或者類法術能力重擊時，你使目標遭受一種強傚法術荒疫。	BENEFIT:.CLEAR	BENEFIT:當你使用接觸法術、遠程接觸法術或者之類的類法術能力確認重擊以後，受害者遭受隨機一種強傚法術荒疫。	
CATEGORY=FEAT|Greater Eldritch Heritage.MOD	OUTPUTNAME:高等悠遠血脈（Greater Eldritch Heritage）	DESC:.CLEAR	DESC:你對血統力量的發掘達到了極致。	BENEFIT:.CLEAR	BENEFIT:你從「悠遠血脈」專長中選擇的術士血統中獲得一個額外血統力量。你獲得一個你還沒有的15級（或更低）的血統力量。當你使用從「悠遠血脈」、「進階悠遠血脈」、「高等悠遠血脈」專長中獲得的血統力量時，將你的角色等級視為術士等級。	
CATEGORY=FEAT|Greater Mercy.MOD	OUTPUTNAME:高等恩惠（Greater Mercy）	DESC:.CLEAR	DESC:你的恩惠中伴隨著不可思議的恢復能力。	BENEFIT:.CLEAR	BENEFIT:當你使用聖療時，如果目標身上沒有任何一個你可以使用恩惠移除的狀態，那麼你可以用治療1d6點生命代替恩惠的原本效果。	
CATEGORY=FEAT|Greater Wild Empathy.MOD	OUTPUTNAME:高等野性認同（Greater Wild Empathy）	DESC:.CLEAR	DESC:你與自然天人合一。	BENEFIT:.CLEAR	BENEFIT:你在野性認同的檢定上獲得+2洞察加值，並且你可以使用野性認同時用恐嚇檢定代替交涉檢定。另外，選擇下列一種生物類型：元素、精類、獸化人、植物或者蟲類。如果所選類型的生物智力為1或2或者沒有智力，則你可以用野性認同影響它們。一旦你選擇好了生物類型就不能再改變。	
CATEGORY=FEAT|Implant Bomb.MOD	OUTPUTNAME:植入式炸彈（Implant Bomb）	DESC:.CLEAR	DESC:你可以將一枚炸彈植入生物體內，並且在其死亡時或者24小時候引爆。	BENEFIT:.CLEAR	BENEFIT:你可以在一個自願或是無助的生物（一個被你控制的無心智生物被視為自願的，例如一隻殭屍）體內植入一枚炸彈。這耗時1小時並且消耗1次你每日【煉金炸彈】能力的使用次數。當被植入炸彈的生物死亡或是被破壞時，炸彈在生物的所在格被引爆，就好像你用設置了【定時炸彈】一般（儘管你可以將炸彈的威力設置的比通常更低）。你可以如常將任何影響炸彈效果的科研發現加在植入式炸彈中（例如【酸性炸彈】、【霜凍炸彈】、【煙霧炸彈】等）。炸彈會在被植入生物24小時候自動引爆。如果你花費價值150gp的煉金藥物在每個炸彈傷害骰上（例如5d6的炸彈花費750gp），炸彈不會在24小時候自動引爆，而只會在生物死亡或被破壞時爆炸（24小時後，「植入式炸彈」不再佔用你炸彈的每日使用次數）。植入一枚炸彈就好像使用醫療技能治療致命傷害一般，除非生物被魔法治癒或者擁有諸如再生、快速醫療之類的能力，否則會在生物身上留下傷疤。一些生物（例如泥形生物、元素、和無實體的生物）無法被植入炸彈。移除一枚植入式炸彈需要先通過一個治療致命傷害的醫療檢定，然後再使用『解除魔法』或者解除裝置技能檢定拆除炸彈（DC為「11+煉金術師CL」）。	
CATEGORY=FEAT|Improved Eldritch Heritage.MOD	OUTPUTNAME:進階悠遠血脈（Improved Eldritch Heritage）	DESC:.CLEAR	DESC:你從血統中所發現的力量在不斷增長。	BENEFIT:.CLEAR	BENEFIT:你從「悠遠血脈」專長的血統中選擇一個3級或者9級的血統力量。在使用這些能力時，將你的「角色等級-2」作為術士等級。你不能獲得其他任何的血統能力。	
CATEGORY=FEAT|Improved Monster Lore.MOD	OUTPUTNAME:進階怪物學識（Improved Monster Lore）	DESC:.CLEAR	DESC:你癡迷與研究怪物的能力和它們的弱點。	BENEFIT:.CLEAR	BENEFIT:你在所有擁有識別怪物能力和其弱點的技能檢定上，獲得等同於對應職業等級一半的神聖加值。	
CATEGORY=FEAT|Insightful Gaze.MOD	OUTPUTNAME:洞察人心（Insightful Gaze）	DESC:.CLEAR	DESC:你能注意到他人所沒注意到的東西。沒有什麼能夠逃過你的眼睛。	BENEFIT:.CLEAR	BENEFIT:當你使用察言觀色檢定對抗他人的唬騙檢定時，你可以雙骰取高。	
CATEGORY=FEAT|Intimidating Gaze.MOD	OUTPUTNAME:駭人目光（Intimidating Gaze）	DESC:.CLEAR	DESC:你眼中的某些東西讓人肝膽欲裂。	BENEFIT:.CLEAR	BENEFIT:每日1次，在你做威嚇檢定時，可以用一個自由動作雙骰取高。	
CATEGORY=FEAT|Judgment Surge.MOD	OUTPUTNAME:狂熱審判（Judgment Surge）	DESC:.CLEAR	DESC:每日一次，你的信仰之力澎湃而出，從而增強了你的審判。	BENEFIT:.CLEAR	BENEFIT:每日1次，你使用【審判】職業特性時將你的職業等級視為比通常情況下高3級。如果你同時激活了複數個審判，那麼它們都能獲得這個增益。	
CATEGORY=FEAT|Ki Stand.MOD	OUTPUTNAME:受身（Ki Stand）	DESC:.CLEAR	DESC:在對手將你擊倒時，你能迅速起身。	BENEFIT:.CLEAR	BENEFIT:只要你在氣池中存在至少1點氣，你可以用一個引發藉機的迅捷動作站起來。你可以花費1點氣讓你在使用迅捷動作起身的時候不引發藉機攻擊。	
CATEGORY=FEAT|Learn Ranger Trap.MOD	OUTPUTNAME:學習遊俠陷阱（Learn Ranger Trap）	DESC:.CLEAR	DESC:你學會了如何製作一種遊俠陷阱。	BENEFIT:.CLEAR	BENEFIT:選擇一種遊俠陷阱。你可以使用這種陷阱，其每日使用次數等同與你的感知修正（最少為1）。你的陷阱DC為「10+1/2角色等級+感知修正」，並且持續每兩個角色等級1天。如果你不是一個遊俠，那麼你只能使用這個專長來製作臨時陷阱。和所有臨時遊俠陷阱一樣，陷阱DC擁有-2減值。	
CATEGORY=FEAT|Life Lure.MOD	OUTPUTNAME:生命誘惑（Life Lure）	DESC:.CLEAR	DESC:你所引導的正能量對於那些亡靈而言一種無可抗拒的甜美。	BENEFIT:.CLEAR	BENEFIT:作為一個標準動作，你可以引導正能量迷魂30尺範圍內所有的不死生物，持續等同於你魅力修正的輪數（至少1輪）。不死生物可以通過一次DC為「10+1/2牧師等級+魅力修正」的意志豁免來避免此影響。通過這種方式引導能量不會治療或者傷害生物。	
CATEGORY=FEAT|Moonlight Summons.MOD	OUTPUTNAME:月光召喚（Moonlight Summons）	DESC:.CLEAR	DESC:你所召喚的僕從被注入了月亮的力量。	BENEFIT:.CLEAR	BENEFIT:你所召喚的生物如同被施展了『光亮術』一般散發著光芒。它們免疫困惑和睡眠效果，並且其天生武器在克服傷害減免時被視為銀。	
CATEGORY=FEAT|Mystic Stride.MOD	OUTPUTNAME:高等穿林（Mystic Stride）	DESC:.CLEAR	DESC:魔化的植物無法阻止你的腳步。	BENEFIT:.CLEAR	BENEFIT:你能以正常速度通過任何魔化或魔力形成的荊棘叢、石南叢、茂密的灌木叢，即使在其中會受到糾纏效果也是如此。	
CATEGORY=FEAT|Oracular Intuition.MOD	OUTPUTNAME:玄秘直覺（Oracular Intuition）	DESC:.CLEAR	DESC:你對於魔法和他人的行為的變化異常敏感。	BENEFIT:.CLEAR	BENEFIT:你在察言觀色和法術辨識檢定上獲得+2加值。如果你在這些技能上擁有10或更高的受訓等級，則這些加值提高到+4。	
CATEGORY=FEAT|Painful Anchor.MOD	OUTPUTNAME:痛苦之錨（Painful Anchor）	DESC:.CLEAR	DESC:邪惡的異界生物在試圖連接其他位面的時候將受到傷害。	BENEFIT:.CLEAR	BENEFIT:當一個邪惡異界生物在你的錨定靈光範圍內使用呼喚、召喚、傳送效果或者其他任何從物理上將生物於他位面間轉移的（如『閃現術』、『幻化靈體』）能力時，它受到「4d8+你的魅力修正」的傷害。這是一種源自神聖力量的傷害，傷害抗力、免疫能量傷害、能量抗力對此不起作用。	
CATEGORY=FEAT|Piercing Spell.MOD	OUTPUTNAME:法術穿刺（Piercing Spell）〔超魔〕	DESC:.CLEAR	DESC:你從研究之中得到了克服法術抗力的方法。	BENEFIT:.CLEAR	BENEFIT:當你釋放一個穿刺超魔的法術用於克服目標的法術抗力時，將目標的法術抗力視為比正常情況下低5點。法術穿刺須佔用高於原本1個環級的法術位。	
CATEGORY=FEAT|Planar Preservationist.MOD	OUTPUTNAME:異界博物學者（Planar Preservationist）	DESC:.CLEAR	DESC:你知道如何像是保存並且復原動物一般對付那些跨位面生物。	BENEFIT:.CLEAR	BENEFIT:你每知道一個『召喚自然盟友』配方，你學會同級的『召喚怪物』配方。如果你以後學會了其他的『召喚自然盟友』配方，你自動學會同級的『召喚怪物』配方。	
CATEGORY=FEAT|Powerful Shape.MOD	OUTPUTNAME:壯碩形體（Powerful Shape）	DESC:.CLEAR	DESC:你的自然變身是如此的威武霸氣！	BENEFIT:.CLEAR	BENEFIT:自然變身狀態中，在計算CMB、CMD、承載能力、或者任何與體型相關的特殊攻擊（如攫抓、吞嚥、踐踏）時，將你的體型視為大一級。	
CATEGORY=FEAT|Prodigy.MOD	OUTPUTNAME:奇才（Prodigy）	DESC:.CLEAR	DESC:你天生就擅長於藝術和手藝。	BENEFIT:.CLEAR	BENEFIT:從工藝、表演或者專業技能中任選兩種（例如兩種工藝，或者一種工藝一種表演）。你在這些技能的檢定上獲得+2加值。如果你在這些技能上擁有10個或者更高的受訓等級，加值將會提升到+4。	
CATEGORY=FEAT|Prophetic Visionary.MOD	OUTPUTNAME:未來福音（Prophetic Visionary）	DESC:.CLEAR	DESC:你的先知能力使你得以一瞥未來。	BENEFIT:.CLEAR	BENEFIT:每天1次，你能夠進入一種入神狀態並且一觀未來的景象。入神持續10分鐘，在這段時間裡你不能進行任何其他的行動。如果你被打斷了，你必須重新開始。當你入神結束後，你可以得知接下來的某個特定行為帶來的結果是好是壞，這如同一個『占卜術』般有70%%%%的成功率。	
CATEGORY=FEAT|Pure Faith.MOD	OUTPUTNAME:純粹信仰（Pure Faith）	DESC:.CLEAR	DESC:你不僅如同其他聖騎士般能夠免疫疾病，還對毒藥擁有驚人的抗性。	BENEFIT:.CLEAR	BENEFIT:你在對抗毒藥的豁免上獲得+4神聖加值。	
CATEGORY=FEAT|Quarterstaff Master.MOD	OUTPUTNAME:木棍大師（Quarterstaff Master）〔戰鬥〕	DESC:.CLEAR	DESC:你能將木棍當作單手或雙手武器使用。	BENEFIT:.CLEAR	BENEFIT:靠著採取一些不同的姿勢和戰技，你可以將木棍作為單手武器。在你行動輪開始的時候，你可以決定要將木棍當作單手還是雙手武器使用，當你把它作為單手武器，你的另外一隻手就可以自由活動，不過如此一來就不能用木褌以雙頭武器的方式發起攻擊。此外，擁有此專長之後，就算你不是戰士，你仍可以選擇木棍的「武器專精」。	
CATEGORY=FEAT|Quick Channel.MOD	OUTPUTNAME:快速導能（Quick Channel）	DESC:.CLEAR	DESC:你的神聖能量以令人目眩的速度閃耀著。	BENEFIT:.CLEAR	BENEFIT:你可以花費2次每日使用次數，以移動動作使用引導能量。	
CATEGORY=FEAT|Quick Wild Shape.MOD	OUTPUTNAME:快速變身（Quick Wild Shape）	DESC:.CLEAR	DESC:你在變身時犧牲威力換取速度。	BENEFIT:.CLEAR	BENEFIT:你能夠以移動動作或者迅捷動作施展自然變身。然而，你在用移動動作變身時你的有效德魯伊等級降低2級，或者在使用迅捷動作變身時你的有效德魯伊等級降低4級。	
CATEGORY=FEAT|Radiant Charge.MOD	OUTPUTNAME:光輝衝鋒（Radiant Charge）	DESC:.CLEAR	DESC:信仰之力與你同在。	BENEFIT:.CLEAR	BENEFIT:當你在衝鋒中命中時，你可以花費你所有剩下的聖療次數造成等於「每聖療次數1d6+魅力修正」的額外傷害。這是一種源自神聖力量的傷害，傷害抗力、免疫能量傷害、能量抗力對此不起作用。	
CATEGORY=FEAT|Remote Bomb.MOD	OUTPUTNAME:遙控炸彈（Remote Bomb）	DESC:.CLEAR	DESC:你可以在遠處引爆你的定時炸彈。	BENEFIT:.CLEAR	BENEFIT:你的定時炸彈最大延時時間增加等同於你等級的分鐘數。如果你和你的定時炸彈間存在效果線，你可以通過一次DC20的智力檢定來提前引爆它；你和炸彈間的距離每增加10尺，DC增加1。	
CATEGORY=FEAT|Resilient Eidolon.MOD	OUTPUTNAME:堅韌幻靈（Resilient Eidolon）	DESC:.CLEAR	DESC:你和幻靈直接的聯繫是如此的緊密以至於在你失去意識或者被殺以後你的幻靈依舊會在你身邊停留一小段時間。	BENEFIT:.CLEAR	BENEFIT:如果你失去意識、睡著了、或者被殺，你的幻靈會在被放逐前停留等同於你召喚師等級的輪數。如果你在這段時間裡恢復意識，則幻靈不會被放逐。如果在持續時間結束之前你無法恢復意識，則幻靈如常被放逐。	
CATEGORY=FEAT|Reward of Grace.MOD	OUTPUTNAME:恩澤之賜（Reward of Grace）	DESC:.CLEAR	DESC:當你使用聖療時，神聖的力量環繞於你，以此讚許你的善行。	BENEFIT:.CLEAR	BENEFIT:每次你使用【聖療】能力時，你在所有攻擊骰上獲得+1聖神加值，持續1輪。	
CATEGORY=FEAT|Reward of Life.MOD	OUTPUTNAME:生命之賜（Reward of Life）	DESC:.CLEAR	DESC:當你使用聖療時，你也一同被治癒。	BENEFIT:.CLEAR	BENEFIT:每次你使用【聖療】能力治療你以外的生物時，你恢復等同於你魅力加值的HP。這個能力在你使用聖療傷害不死生物時不起效。	
CATEGORY=FEAT|Ricochet Splash Weapon.MOD	OUTPUTNAME:跳彈濺射（Ricochet Splash Weapon）	DESC:.CLEAR	DESC:在你手裡，即使是扔偏了的濺射武器以及異常危險。	BENEFIT:.CLEAR	BENEFIT:當你使用濺射武器失手，並且在濺射武器的落點處有一個生物時，你可以做一次攻擊骰（有-5的罰值）就好像你對那個生物投擲濺射武器。如果攻擊成功，則濺射武器對這個生物造成全額傷害。與這個生物相鄰的格子裡依舊受到正常的濺射傷害。	
CATEGORY=FEAT|Rime Spell.MOD	OUTPUTNAME:霜凍法術（Rime Spell）〔超魔〕	DESC:.CLEAR	DESC:被你使用〔寒冷〕描述符的法術所傷害的生物陷入糾纏狀態。	BENEFIT:.CLEAR	BENEFIT:你的寒冷法術中的霜霧緊附在目標上，在短時間內阻礙他的行動。霜凍法術影響的生物在受到寒冷傷害時被糾纏等同於法術原本環級的輪數。這個專長僅對帶有〔寒冷〕描述符的法術有效。霜凍法術須佔用高於原本1個環級的法術位。	
CATEGORY=FEAT|Sacred Summons.MOD	OUTPUTNAME:神聖召喚（Sacred Summons）	DESC:.CLEAR	DESC:你的神祇隨時響應你的呼喚。	BENEFIT:.CLEAR	BENEFIT:在使用『召喚怪物』時，如果所召喚的怪物的陣營子類或亞種完全符合你的靈光，則你可以使用一個標準動作施展法術而非一個整輪動作。	
CATEGORY=FEAT|Sense Link.MOD	OUTPUTNAME:感官紐帶（Sense Link）	DESC:.CLEAR	DESC:當你和幻靈共享感官時，這種聯繫給予你超人的觀察力。	BENEFIT:.CLEAR	BENEFIT:當你幻靈共享感官時，你在【連覺】能力持續時間中於察覺檢定上獲得+4表現加值。	
CATEGORY=FEAT|Shaping Focus.MOD	OUTPUTNAME:變形專精（Shaping Focus）	DESC:.CLEAR	DESC:你對變形的專業超越了你對德魯伊教的信仰。	BENEFIT:.CLEAR	BENEFIT:如果你是兼職德魯伊，你的【自然變身】等級被視為比正常高4，此加值最高不超過你的職業等級總和。	
CATEGORY=FEAT|Sin Seer.MOD	OUTPUTNAME:罪孽先知（Sin Seer）	DESC:.CLEAR	DESC:和其他為了對抗亡靈而接受詛咒的人不同（間第60頁），對亡靈的全神貫注並不會影響你的善惡觀。	BENEFIT:.CLEAR	BENEFIT:你獲得【偵測邪惡】職業特性。你可以使用【偵測邪惡】或者【偵測亡靈】，但不能同時使用兩者。	
CATEGORY=FEAT|Skeleton Summoner.MOD	OUTPUTNAME:骷髏召喚者（Skeleton Summoner）	DESC:.CLEAR	DESC:行屍走肉隨你號令。	BENEFIT:.CLEAR	BENEFIT:將「人類骷髏」加入你的『召喚怪物I』的可召喚生物列表，將「人類骷髏勇士」加入你的『召喚怪物III』可召喚生物列表。每日1次，當你施放『召喚怪物』時，你可以召喚一個對應法術可召喚生物列表的骷髏生物（即在召喚生物時附加骷髏模板）。	
CATEGORY=FEAT|Sorcerous Bloodstrike.MOD	OUTPUTNAME:術士血池（Sorcerous Bloodstrike）	DESC:.CLEAR	DESC:當你殺死一個生物時，你可以重新獲得力量。	BENEFIT:.CLEAR	BENEFIT:每日1次，當你使用術士法術將一個生物的HP減少到0或者更少時，你可以用直覺動作恢復一個有著使用次數限制的血統能力的每日使用次數1次。被殺害的生物的HD必須達到你術士等級的一半。如果你的某個血統能力在當日還未被使用，則你不能使用這個能力為其獲得1次額外的使用次數。	
CATEGORY=FEAT|Spell Bluff.MOD	OUTPUTNAME:法術欺詐（Spell Bluff）	DESC:.CLEAR	DESC:你熟知法術決鬥的奧秘，而且早已學會如何隱藏法術的本質直到最後一刻。	BENEFIT:.CLEAR	BENEFIT:如果一個其他的施法者試圖反制你的法術，那麼她在辨識你法術的法術辨識檢定DC+4。因為你已經學會了如何掩蓋你的法術的辨識元素，你在辨識或者反制他人法術的法術辨識上獲得+2加值，前提是那些法術都是你所知道的（針對自發施法者）或者在你的法術書上的。	
CATEGORY=FEAT|Spell Hex.MOD	OUTPUTNAME:魔法巫術（Spell Hex）	DESC:.CLEAR	DESC:你能夠將一個1環法術變成一個巫術。	BENEFIT:.CLEAR	BENEFIT:在你獲得【強力巫術】職業特性的時候，選擇一個法術列表中的1環法術。你將這個法術作為【巫術】並且可以每日施放3次。這是一個類法術能力。你以獲得【強力巫術】職業的等級作為你使用「魔法巫術」的CL。魔法巫術使用你巫術的DC代替法術原本的DC。	
CATEGORY=FEAT|Spellsong.MOD	OUTPUTNAME:咒歌（Spellsong）	DESC:.CLEAR	DESC:你將你的表演天賦和施法能力合二為一。	BENEFIT:.CLEAR	BENEFIT:你可以通過兩種方式結合你的吟遊表演和施法能力。首先，你可以通過表演隱瞞正在施展的詩人法術。你可以結合法術的施法時間進行一次表演檢定。觀察者必須通過一次對抗你表演檢定的察覺或者察言觀色檢定，來得知你同時在施展一個法術。這花費1輪吟遊表演的使用輪數，並且和法術的施法時間無關。其次，以一個移動動作，你可以花費1輪吟遊表演使用輪數，來維持一個持續時間為專注的詩人法術。你可以在使用詩人音樂維持專注的同一輪裡施展另一個法術；如果你這樣做了，你在結束吟遊表演的同時結束維持專注。	
CATEGORY=FEAT|Split Hex.MOD	OUTPUTNAME:分裂巫術（Split Hex）	DESC:.CLEAR	DESC:你可以分裂一個目標形巫術的效果，使其影響另一個你能看見的生物。	BENEFIT:.CLEAR	BENEFIT:當你使用目標是一個生物的【巫術】時（並非【強力巫術】或者【高等巫術】），你可以選擇第一目標30尺範圍內的另一個生物同時作為那個巫術的目標。	
CATEGORY=FEAT|Split Major Hex.MOD	OUTPUTNAME:分裂強力巫術（Split Major Hex）	DESC:.CLEAR	DESC:你可以分裂一個目標形巫術的效果，使其影響另一個你能看見的生物。	BENEFIT:.CLEAR	BENEFIT:當你使用目標是一個生物的【強力巫術】時（並非【高等巫術】），你可以選擇第一目標30尺範圍內的另一個生物同時作為那個強力巫術的目標。	
CATEGORY=FEAT|Spontaneous Metafocus.MOD	OUTPUTNAME:自發集中（Spontaneous Metafocus）	DESC:.CLEAR	DESC:你將你的精力集中於如何把你所知的法術和超魔專長結合起來。	BENEFIT:.CLEAR	BENEFIT:選擇一個你能夠自發施法的法術。當你在那個法術上附加超魔專長時，你可以用正常的施法時間施展那個法術而非使用較慢的施法時間。	
CATEGORY=FEAT|Starlight Summons.MOD	OUTPUTNAME:星光召喚（Starlight Summons）	DESC:.CLEAR	DESC:你所召喚的生物潛伏於星光的陰影之下。	BENEFIT:.CLEAR	BENEFIT:你召喚的生物獲得『盲斗』專長，在昏暗或者黑暗情況下的察覺檢定和隱匿檢定獲得+5加值，並且他們的天生武器在克服傷害減免時視為寒鐵武器。	
CATEGORY=FEAT|Sunlight Summons.MOD	OUTPUTNAME:日光召喚（Sunlight Summons）	DESC:.CLEAR	DESC:你所召喚的生物閃耀著太陽的光輝。	BENEFIT:.CLEAR	BENEFIT:你所召喚的生物如同被施展了『光亮術』一般散發著光芒。他們免疫目盲和目眩效果，並且他們的天生武器在克服傷害減免時視為魔法武器。	
CATEGORY=FEAT|Superior Summoning.MOD	OUTPUTNAME:高等召喚（Superior Summoning）	DESC:.CLEAR	DESC:你可以召喚更多的生物。	BENEFIT:.CLEAR	BENEFIT:每當你施法一個召喚法術並且召喚出超過一個生物時，所召喚生物的總數增加一個。	
CATEGORY=FEAT|Thanatopic Spell.MOD	OUTPUTNAME:死聖法術（Thanatopic Spell）〔超魔〕	DESC:.CLEAR	DESC:你的法術可以穿透防禦負能量的結界，甚至是影響不死生物。	BENEFIT:.CLEAR	BENEFIT:一個死聖法術能夠穿透抵禦或者免疫即死效果、負向等級、能量吸取的防護，就如同那些防護沒有生效一般對目標造成影響。例如，你可以對一個受到『防死結界』保護的目標施展一個『死聖吸血鬼之觸』或者『死聖弱能術』，並且目標將如常受到法術效果的影響。豁免及法術抗力（如果有）依舊起效。亡靈極易受到被此專長超魔的法術的影響，這使得他們會被負能量所傷害。一個死聖法術可以殺害活物（諸如給予等同於其生命骰數的負向等級）、摧毀亡靈（不過有些不死生物，像幽魂、巫妖和吸血鬼還是會如常復活）。被死聖法術影響而獲得負向等級的亡靈，會在24小時後自動通過豁免並且移除負向等級。死聖法術須佔用高於原本2個環級的法術位。	
CATEGORY=FEAT|Theurgy.MOD	OUTPUTNAME:神通（Theurgy）	DESC:.CLEAR	DESC:你將神力和奧術融為一體。	BENEFIT:.CLEAR	BENEFIT:你能用奧術能量增強你的神術，也能用神力增強你的奧術。當你施展一個神術時，可以用迅捷動作犧牲一個同環級或者更高的奧術可用法術位或已準備的奧術，此神術的CL+1。當你施展一個奧術時，可以用迅捷動作犧牲一個同環級或者更高的神術可用法術位或已準備的神術，此時這個奧術所造成的傷害中有一半變成神聖（如果你引導正能量）或褻瀆（如果你引導負能量）傷害。	
CATEGORY=FEAT|Thoughtful Discernment.MOD	OUTPUTNAME:深思熟慮（Thoughtful Discernment）	DESC:.CLEAR	DESC:回想一下，你會發現那句曾經信以為真的話其實是個謊言。	BENEFIT:.CLEAR	BENEFIT:每天以一個自由動作，你可以回想一句你在當天聽過的話並且識別其是否謊言。這個行動就如同一個『辨識謊言』法術，但是用一句句子代替了一個生物。例如，如果國王告訴你：「我的女兒正在地下城裡。」在你前往地下城之前，並且國王是在過去的1天之內對你說了這句話的，那麼你就可以用這一專長來辨明國王在做此發言時是說的是真話還是假話。	
CATEGORY=FEAT|Threnodic Spell.MOD	OUTPUTNAME:通靈法術（Threnodic Spell）〔超魔〕	DESC:.CLEAR	DESC:你將影響心靈的法術轉化為死靈法術，並以此控制亡靈。	BENEFIT:.CLEAR	BENEFIT:這個專長僅對〔影響心靈〕的法術生效。一個通靈法術對亡靈生效（甚至是無意識的亡靈）就如同他們不能免疫影響心靈的效果一般。但是這個法術對活物無效。通靈法術須佔用高於原本2個環級的法術位。	
CATEGORY=FEAT|Toppling Spell.MOD	OUTPUTNAME:法術擊倒（Toppling Spell）〔超魔〕	DESC:.CLEAR	DESC:帶有〔力場〕描述符的法術將受其影響的目標擊倒。	BENEFIT:.CLEAR	BENEFIT:你的力場法術是如此的強大以至於可以將目標擊倒。如果目標因為你的力場法術受到了傷害、在豁免中失敗、或是發生了位移，則對抗目標做一次絆摔檢定，其加值使用你的「CL+關鍵施法屬性修正（牧師是感知，法師是智力，等等）」。這不會引發藉機攻擊。如果檢定失敗，目標不能夠對你反摔或者用其他力場效果響應。法術擊倒僅對帶有〔力場〕描述符的法術生效。法術擊倒須佔用高於原本1個環級的法術位。	
CATEGORY=FEAT|Tripping Staff.MOD	OUTPUTNAME:木棍絆摔（Tripping Staff）〔戰鬥〕	DESC:.CLEAR	DESC:你能用你的木棍發起絆摔攻擊。	BENEFIT:.CLEAR	BENEFIT:你能將木棍當作有絆摔特性的武器使用。	
CATEGORY=FEAT|Tripping Twirl.MOD	OUTPUTNAME:絆摔旋風（Tripping Twirl）〔戰鬥〕	DESC:.CLEAR	DESC:你可以用木棍絆摔所有鄰接你的敵人。	BENEFIT:.CLEAR	BENEFIT:當你以雙手武器的方式使用木棍時，以一個整輪動作，你可以用木棍絆摔所有鄰接你的敵人，你必須對每一個敵人分別進行絆摔檢定。	
CATEGORY=FEAT|Ultimate Mercy.MOD	OUTPUTNAME:至高恩賜（Ultimate Mercy）	DESC:.CLEAR	DESC:通過使用聖療，你可以使死者蘇生。	BENEFIT:.CLEAR	BENEFIT:通過消耗10次【聖療】使用次數，你可以將一個接觸的死亡生活復活，如同你施展了一個CL等同於你聖騎士等級的『死者復活』。你必須選擇支付『死者復活』法術所需要的材料成分，或者獲得一個暫時的負向等級。這個負向等級會在24小時後失去，並且絕不會變為永久性的負向等級，但也不會被任何方式克服除非直到持續時間結束。	
CATEGORY=FEAT|Ultimate Resolve.MOD	OUTPUTNAME:至高虔誠（Ultimate Resolve）	DESC:.CLEAR	DESC:你的虔誠靈光不會隨著你一同倒下。	BENEFIT:.CLEAR	BENEFIT:你的【虔誠靈光】為20尺散發，並且不會隨著你的倒下而無效。	
CATEGORY=FEAT|Uncanny Alertness.MOD	OUTPUTNAME:離奇警覺（Uncanny Alertness）	DESC:.CLEAR	DESC:對奧術與自然的研究使得你的感官更為敏銳。	BENEFIT:.CLEAR	BENEFIT:這個專長給予你在感知和察言觀色上額外的+1加值，並且在對抗睡眠和魅惑法術的豁免上獲得+2加值。	
CATEGORY=FEAT|Uncanny Concentration.MOD	OUTPUTNAME:離奇專注（Uncanny Concentration）	DESC:.CLEAR	DESC:你學會了如何在施法時進入明鏡止水的狀態，讓你擺脫煩躁、傷害、惡劣的天氣甚至是其他法術的影響。	BENEFIT:.CLEAR	BENEFIT:你不必在惡劣天氣所造成的有力振動、劇烈振動或是惡劣天氣的影響下做專注檢定。你在其他所有的專注檢定上獲得+2加值。	
CATEGORY=FEAT|Undead Master.MOD	OUTPUTNAME:亡靈之主（Undead Master）	DESC:.CLEAR	DESC:你可以統帥亡靈大軍為你所用。	BENEFIT:.CLEAR	BENEFIT:當你使用本專長施展『操縱死屍』或者『命令死靈』時，你可以在決定HD數量時將有效等級提高4級。當你施展『命令死靈』時，你的持續時間翻倍。	
CATEGORY=FEAT|Unsanctioned Detection.MOD	OUTPUTNAME:不虔偵測（Unsanctioned Detection）	DESC:.CLEAR	DESC:你將你偵測邪惡的能力用在一些世俗的場合。	BENEFIT:.CLEAR	BENEFIT:以一個迅捷動作，你將賞賜於你的【偵測邪惡】的能力用於提高你其他的察覺能力。你在1輪內於察覺和察言觀色檢定上獲得+10神聖加值。這將花費掉你接下來24小時內【偵測邪惡】職業特性。	
CATEGORY=FEAT|Unsanctioned Knowledge.MOD	OUTPUTNAME:禁忌學識（Unsanctioned Knowledge）	DESC:.CLEAR	DESC:你研讀那些禁書，習得那些強大而又禁忌的魔法。	BENEFIT:.CLEAR	BENEFIT:從吟遊詩人、牧師、審判者或者先知的法術列表中選擇一個1環法術、一個2環法術、一個3環法術和一個4環法術，將他們添加進你的聖騎士法術列表中對應的環級。這些法術一旦被選定就無法更改。	
CATEGORY=FEAT|Versatile Channeler.MOD	OUTPUTNAME:萬用導能（Versatile Channeler）	DESC:.CLEAR	DESC:你能夠選擇引導正能量還是負能量。	BENEFIT:.CLEAR	BENEFIT:你在引導能量的時候可以選擇是引導正能量還是引導負能量。如果你在一般情況下引導正能量，則你可以讓你的有效牧師等級降低2級來引導負能量。如果你在一般情況下引導負能量，則你可以讓你的有效牧師等級降低2級來引導正能量。擁有這個專長意味著在考慮那些先決條件是【引導正能量】或者【引導負能量】的專長、能力時，你同時擁有【引導正能量】和【引導負能量】。例如，你同時符合「命令死靈」和「驅散死靈」這兩個專長的前提條件。註釋：這個專長僅對死靈法師和中立無信或是信仰中立神祇的牧師——那些需要在1級時獲得【引導能量】能力，並且必須從正負能量中做出選擇的牧師生效。那些根據陣營或是信仰的神祇決定引導能量種類的牧師不能選擇本專長。	
CATEGORY=FEAT|Vigilant Eidolon.MOD	OUTPUTNAME:幻靈警衛（Vigilant Eidolon）	DESC:.CLEAR	DESC:你的幻靈異常警覺，而與其精神相連的你也是如此。	BENEFIT:.CLEAR	BENEFIT:當你的幻靈與在你的接觸範圍內時，你在察覺上獲得+4加值，如果你在察覺上擁有10或更高的等級，則加值增加為+8。這個專長在你的幻靈無助或是失去意識時無效。	
CATEGORY=FEAT|Voice of the Sybil.MOD	OUTPUTNAME:賢者之音（Voice of the Sybil）	DESC:.CLEAR	DESC:你的聲音是如此的奇妙而又得引人入勝。	BENEFIT:.CLEAR	BENEFIT:你在所有的唬騙、交涉、表演（演講）檢定上獲得+1加值。如果你在這些技能上擁有10或更高的等級，則加值增加為+3。如果你在使用這些技能時並未出聲，則加值不生效（例如戰鬥中使用唬騙進行虛招）。	
CATEGORY=FEAT|Warrior Priest.MOD	OUTPUTNAME:戰鬥祭司（Warrior Priest）	DESC:.CLEAR	DESC:你的信仰，就是你的劍與盾。	BENEFIT:.CLEAR	BENEFIT:你在先攻檢定上獲得+1加值，在防禦式施法和擒抱中施法的專注檢定上獲得+2加值。	
CATEGORY=FEAT|Wild Speech.MOD	OUTPUTNAME:野性發聲（Wild Speech）	DESC:.CLEAR	DESC:你能用人類或野獸的方式說話。	BENEFIT:.CLEAR	BENEFIT:如果你透過【自然變身】變成沒辦法說話的型態，你可以正常的使用你所知的語言交談，這允許你施放只依賴聲音成分法術，使用法術完成形與法術觸發形魔法物品，並講出一些啟動魔法物品用的關鍵詞。但是「野性發聲」並沒有辦法讓你施放需要肢體成分或材料被融進你形態內的法術，要完成有肢體或材料成分的法術，你必須學習「自然施法」專長。此外，當你處在動物型態的時候，你可以像使用了『動物交談』一樣和與你型態相符的動物進行交流。此類法術能力的CL等同於你的德魯伊等級，持續時間為每天每德魯伊等級1分鐘，這些時間不須連續，但是一次使用至少得消耗1分鐘。	
CATEGORY=FEAT|Witch Knife.MOD	OUTPUTNAME:女巫之刃（Witch Knife）	DESC:.CLEAR	DESC:你在施法時可以通過一把經過特殊儀式的小刀增強法術效果。	BENEFIT:.CLEAR	BENEFIT:每日1次，你在準備法術時可以將一把精緻品或者魔法匕首轉化為一把女巫之刃，並將其作為你的女巫法術中額外的法器成份。你的所有庇護主法術的豁免DC+1。	
CATEGORY=FEAT|Word of Healing.MOD	OUTPUTNAME:治癒之言（Word of Healing）	DESC:.CLEAR	DESC:你可以使用你聖療術的力量治癒遠處的人。	BENEFIT:.CLEAR	BENEFIT:你可以用【聖療】治療30尺內的生物，這個動作不會引發藉機攻擊。你必須可以說話並且有一隻空著的手來使用這個能力。目標受到的治療量等同於你接觸到他們時的一半，但是受到全部的【恩惠】效果。	
