CATEGORY=Special Ability|Inquisitor ~ Judgment.MOD	OUTPUTNAME:審判（Judgment）	DESC:.CLEAR	DESC:從1級開始，審判者可以用一個迅捷動作對她的敵人進行審判。當審判開始時，審判者根據使用的審判類型獲得加值或者特殊能力。1級時審判者每天可以使用這個能力1次。在4級及之後每3級，審判者每天可以獲得額外1次使用次數。一旦啟動，這個能力持續到戰鬥結束，然後所有優勢馬上消失。審判者必須參與戰鬥才能獲得這些優勢。如果她陷入驚懼、恐慌、麻痺、震懾、昏迷，或者其他不能參與戰鬥的狀態，該能力不會結束，但她失去審判帶來的優勢、直到回歸到戰鬥中。當審判者使用該能力時，她必須選擇一種審判效果。以一個迅捷動作，她可以改變審判種類。如果審判者是邪惡陣營，她得到的是褻瀆加值而非神聖加值。中立陣營的審判者必須選擇獲得神聖加值或褻瀆加值，一旦選定將無法改變。	
CATEGORY=Special Ability|Inquisitor ~ Monster Lore.MOD	OUTPUTNAME:怪物學識（Monster Lore）	DESC:.CLEAR	DESC:當判定生物的能力及弱點時，審判者在智力修正之外，額外將她的感知修正加在知識技能檢定上。	
CATEGORY=Special Ability|Inquisitor ~ Orisons.MOD	OUTPUTNAME:禱念（Orisons）	DESC:.CLEAR	DESC:審判者獲得一定量的禱念，即0環法術，根據上表所示。這些法術如同其他法術一般施展，但施展時它們不會被消耗，可以再次使用。使用其他法術位準備的禱念，比如經過超魔的，將會如常消耗。	
CATEGORY=Special Ability|Inquisitor ~ Stern Gaze.MOD	OUTPUTNAME:嚴苛凝視（Stern Gaze）	DESC:.CLEAR	DESC:審判者擅長於察覺她們敵人的詭計並威嚇他們。審判者在所有威嚇及察言觀色上得到審判者等級一半（最少+1）的士氣加值。	
CATEGORY=Special Ability|Inquisitor ~ Cunning Initiative.MOD	OUTPUTNAME:巧奪先攻（Cunning Initiative）	DESC:.CLEAR	DESC:在2級時，審判者在敏捷修正之外，額外將她的感知修正加在先攻檢定上。	
CATEGORY=Special Ability|Inquisitor ~ Detect Alignment.MOD	OUTPUTNAME:偵測陣營（Detect Alignment）	DESC:.CLEAR	DESC:審判者可以隨意使用『偵測混亂』、『偵測邪惡』、『偵測善良』或『偵測秩序』。在同一時間內她只能使用其中一個。	
CATEGORY=Special Ability|Inquisitor ~ Track.MOD	OUTPUTNAME:追蹤（Track）	DESC:.CLEAR	DESC:在2級，當審判者進行追蹤或發現痕跡的生存檢定時，可將她一半職業等級加入檢定。	
CATEGORY=Special Ability|Inquisitor ~ Solo Tactics.MOD	OUTPUTNAME:獨行戰術（Solo Tactics）	DESC:.CLEAR	DESC:到了3級，審判者所有的盟友都可以如同具有相同團隊專長一般，為審判者提供團隊專長的好處。她的盟友不會獲得團隊專長的效果，除非他們本身確實具有這個專長。盟友的站位或行動依然必須符合團隊專長的先決條件，審判者才能獲得對應的獎勵。	
CATEGORY=Special Ability|Inquisitor ~ Teamwork Feat.MOD	OUTPUTNAME:團隊專長（Teamwork Feat）	DESC:.CLEAR	DESC:在3級以及之後每3級，審判者額外獲得1個團隊專長。這些獎勵專長必須從團隊專長列表中選擇。審判者選擇專長必須滿足專長的先決條件。以一個標準動作，審判者可以選擇學習一個新的團隊專長來代替最新獲得的一個團隊專長。實際上，審判者失去一個獎勵專長，替換成一個新的。她只能替換最近獲得的團隊專長。當她獲得一個新的團隊專長，之前所學的團隊專長將固定並且不能用於替換。審判者每天可以替換最近的團隊專長次數等於她的感知修正。	
CATEGORY=Special Ability|Inquisitor ~ Bane.MOD	OUTPUTNAME:破敵（Bane）	DESC:.CLEAR	DESC:到了5級，審判者可以用迅捷動作將她的一件武器強化獲得〈破敵〉附魔。她在使用該能力時必須選擇一個生物類型（如果是類人生物或異界生物，還必須選擇一個子類）。選定後，這個類型可以隨時以迅捷動作更換。這個能力只在審判者使用該武器時有效。如果武器掉落或者被拿走，武器將失去該能力、直到被歸還到審判者手上或者持續時間結束。這個能力每天可使用輪數等於審判者等級，這些輪數不必連續。	
CATEGORY=Special Ability|Inquisitor ~ Discern Lies.MOD	OUTPUTNAME:辨識謊言（Discern Lies）	DESC:.CLEAR	DESC:到了5級，審判者可以如同同名法術一般使用『辨識謊言』，持續輪數等於她的審判者等級。這些輪數不必連續。激活這個能力是一個直覺動作。	
CATEGORY=Special Ability|Inquisitor ~ Second Judgment.MOD	OUTPUTNAME:雙重審判（Second Judgment）	DESC:.CLEAR	DESC:在8級時，當審判者使用她的【審判】能力，她可以選擇兩種不同的審判而不是一種。這個能力只會消耗1次每日使用次數。以一個迅捷動作，她可以改變其中一個審判。	
CATEGORY=Special Ability|Inquisitor ~ Stalwart.MOD	OUTPUTNAME:堅定（Stalwart）	DESC:.CLEAR	DESC:在11級，審判者結合精神與肉體去化解特定的攻擊。當她成功通過強韌或意志豁免避免一次原本成功豁免也會有次要效果的攻擊，她將完全避免這個效果。這個能力僅能在審判者身著輕甲、中甲或未著甲時使用。一個無助的審判者不會得到這個能力。	
CATEGORY=Special Ability|Inquisitor ~ Greater Bane.MOD	OUTPUTNAME:高等破敵（Greater Bane）	DESC:.CLEAR	DESC:到了12級，當審判者使用【破敵】能力時，武器對抗特定生物所獲得的額外傷害增加為4d6。	
CATEGORY=Special Ability|Inquisitor ~ Exploit Weakness.MOD	OUTPUTNAME:洞悉弱點（Exploit Weakness）	DESC:.CLEAR	DESC:在14級，審判者學會利用所有出現的機會。當審判者造成一次重擊，她忽略目標所有傷害減免。另外，如果目標擁有【再生】特性，它會在受到重擊的下一輪內失去再生特性，而且可以被正常殺死。擁有總是生效的再生特性的生物免疫這個能力。最後，如果審判者對具有某種能量脆弱的生物造成對應種類的能量傷害，她將造成每骰額外+1的傷害。	
CATEGORY=Special Ability|Inquisitor ~ Third Judgment.MOD	OUTPUTNAME:三重審判（Third Judgment）	DESC:.CLEAR	DESC:在16級時，當審判者使用她的【審判】能力，她可以選擇三種不同的審判而不是兩種。這個能力只會消耗1次每日使用次數。以一個迅捷動作，她可以改變其中一個審判。	
CATEGORY=Special Ability|Inquisitor ~ Slayer.MOD	OUTPUTNAME:屠戮者（Slayer）	DESC:.CLEAR	DESC:在17級時，審判者更進一步專注於他的審判。當審判者使用【審判】能力時，她選擇一種審判。這個審判的優勢視作她比正常高5級的審判者。不同於其他的審判能力，在一次審判中這個強化能力不能被更換到其他審判上。	
CATEGORY=Special Ability|Inquisitor ~ True Judgment.MOD	OUTPUTNAME:最終審判（True Judgment）	DESC:.CLEAR	DESC:在20級時，當審判者使用【審判】能力，可以用迅捷動作對一個敵人造成最終審判。當她宣告進行最終審判時，審判者對目標進行一次單獨的近戰攻擊（或遠程攻擊，只要敵人在30尺內）。如果攻擊命中，造成正常傷害，並且目標必須通過一成功的強韌豁免，否則死亡。豁免DC等於「10+1/2審判者等級+感知修正」。無論是否通過豁免，目標生物都將對審判者的最終審判免疫24小時。一旦使用這個能力，在1d4輪內審判者不能再次使用。	
CATEGORY=Special Ability|Judgment ~ Healing.MOD	OUTPUTNAME:治療（Healing）	DESC:.CLEAR	DESC:審判者被治療之光包圍，獲得1點快速醫療。只要審判者依然存活並且審判未結束，她就可以每輪獲得1點治療。每輪治療量每3級審判者等級額外+1。	
CATEGORY=Special Ability|Judgment ~ Resiliency.MOD	OUTPUTNAME:堅韌（Resiliency）	DESC:.CLEAR	DESC:審判者更能對抗傷害，獲得傷害減免「1/魔法」。這個傷害減免每5級審判者等級額外+1。10級時，傷害減免從魔法變為審判者的對立陣營（混亂、邪惡、善良、秩序）。如果她是中立陣營，審判者不會得到該提升。	
CATEGORY=Special Ability|Judgment ~ Resistance.MOD	OUTPUTNAME:抗力（Resistance）	DESC:.CLEAR	DESC:審判者受到一層閃爍的光環防護，獲得2點能量抗力，對應的能量類型在審判開始時選擇決定（強酸、寒冷、電擊、火焰、音波）。這個防護每3級審判者等級額外+2。	
CATEGORY=Special Ability|Judgment ~ Smiting.MOD	OUTPUTNAME:制裁（Smiting）	DESC:.CLEAR	DESC:審判為審判者的武器浸染神聖的光芒。審判者的武器在穿透傷害減免時視為魔法武器。6級時，審判者的武器在穿透傷害減免時同時被視為一個陣營武器（混亂、邪惡、善良、秩序）。陣營種類取決於審判者的陣營。如果審判者是中立陣營，她不會得到這個好處。10級時，審判者的武器在穿透傷害減免時視為精金武器（但不會額外減少硬度）。	
CATEGORY=Special Ability|Sacred Judgment ~ Destruction.MOD	OUTPUTNAME:懲戒（Destruction）	DESC:.CLEAR	DESC:審判者充滿了神聖的怒火，在所有武器傷害上獲得+1神聖加值。這個加值每3級審判者等級額外+1。	
CATEGORY=Special Ability|Sacred Judgment ~ Justice.MOD	OUTPUTNAME:正義（Justice）	DESC:.CLEAR	DESC:這個審判促使審判者尋求正義，在所有攻擊上獲得+1神聖加值。這個加值每5級審判者等級額外+1。10級時，當確認重擊威脅時該加值加倍。	
CATEGORY=Special Ability|Sacred Judgment ~ Piercing.MOD	OUTPUTNAME:銳刺（Piercing）	DESC:.CLEAR	DESC:這個審判讓審判者強大的集中力並且讓他的法術更加強大。這個審判給予專注檢定及穿透法術抗力的施法者等級檢定+1神聖加值。這個加值每3級審判者等級額外+1。	
CATEGORY=Special Ability|Sacred Judgment ~ Protection.MOD	OUTPUTNAME:保護（Protection）	DESC:.CLEAR	DESC:審判者身旁環繞著保護的光環，給予防禦等級+1神聖加值。這個加值每5級審判者等級額外+1。10級時，當確認對你造成的重擊威脅時該加值加倍。	
CATEGORY=Special Ability|Sacred Judgment ~ Purity.MOD	OUTPUTNAME:純淨（Purity）	DESC:.CLEAR	DESC:審判者對敵人的卑劣侵害獲得保護，在所有豁免檢定上獲得+1神聖加值。這個加值每5級審判者等級額外+1。10級時，這個加值對抗詛咒、疾病和毒素時加倍。	
CATEGORY=Special Ability|Exarch ~ Inflexible Will.MOD	OUTPUTNAME:心智靈活（Inflexible Will）	DESC:.CLEAR	DESC:1級時，督教在對抗〔困惑〕和〔瘋狂〕效果，以及含有〔混亂〕描述符的效果時豁免+2。這一能力取代怪物學識。	
CATEGORY=Special Ability|Exarch ~ Detect Chaos.MOD	OUTPUTNAME:偵測混亂（Detect Chaos）	DESC:.CLEAR	DESC:督教可以隨意施展『偵測混亂』。這一能力取代偵測陣營。	
CATEGORY=Special Ability|Exarch ~ Fearsome Jurist.MOD	OUTPUTNAME:可怖裁決（Fearsome Jurist）	DESC:.CLEAR	DESC:5級時，一名督教能以迅捷動作給她的一件武器附加〈法理〉或〈威脅〉附魔，也能以迅捷動作在這些能力間進行切換。當使用其中任何一種能力時，她的武器在對抗混亂生物時重擊威脅範圍翻倍。這一效果不與〈銳鋒〉附魔、「精通重擊」專長或類似效果疊加。這一能力在其他方面如同破敵能力般運作，並取代破敵能力。	
CATEGORY=Special Ability|Exarch ~ Aura of Repetition.MOD	OUTPUTNAME:重複靈光（Aura of Repetition）	DESC:.CLEAR	DESC:8級時，每日一次，當使用審判時，督教可以放射出一道【重複靈光】，如同疲累子域能力。若督教選擇手藝（苦役）作為其裁決域，靈光的豁免DC+2，但是持續時間不會增加。這一能力取代雙重審判。	
CATEGORY=Special Ability|Exarch ~ Double Jeopardy.MOD	OUTPUTNAME:雙重裁決（Double Jeopardy）	DESC:.CLEAR	DESC:12級時，當一名督教使用【可怖裁決】能力時，她可以選擇影響兩件武器，其中一件獲得〈法理〉附魔，另一件獲得〈威脅〉附魔。兩種附魔也可以同時作用於一件單獨的武器，此時其重擊威脅範圍翻倍。這一效果不與〈銳鋒〉附魔、「精通重擊」專長或類似效果疊加。這一能力取代高等破敵。	
CATEGORY=Special Ability|Exarch ~ Aura of Reversion.MOD	OUTPUTNAME:逆變靈光（Aura of Reversion）	DESC:.CLEAR	DESC:16級時，當使用【審判】時，督教可以放射出一道30尺的靈光，每日輪數等同於其督教等級。任何在其行動輪開始時處於靈光範圍內的生物（除了督教本人），若使用變化系法術或效果，將會陷入噁心；若其使用變化系（變形子學派）效果，則會噁心且反胃；成功的強韌豁免可以免除該效果，DC為「10+1/2督教等級+感知修正」。來源於永久性魔法物品的持續性效果不會引發上述效果。當處於靈光內時，對抗變化系法術的解除魔法檢定+4。這一能力不能與【重複靈光】同時使用。這一能力取代三重審判。	
CATEGORY=Special Ability|Immolator ~ Servant of the Flame.MOD	OUTPUTNAME:炎之僕（Servant of the Flame）	DESC:.CLEAR	DESC:獻祭者必須信仰包含有火領域的神祇。選擇火領域（或其相關子域，如果可用）的獻祭者使用領域力量時施法者等級+1（與【火焰親和】種族特性疊加）。	
CATEGORY=Special Ability|Immolator ~ Immolation.MOD	OUTPUTNAME:獻祭（Immolation）	DESC:.CLEAR	DESC:獻祭者引導純淨的火焰毀滅她的敵人。當她對敵人造成火焰傷害時，目標的火焰抗力視為比正常低5點（最低為0）。6級起，目標的火焰抗力視為比正常低10點，11級時視為比正常低15點，在16級時視為比正常低20點。	
CATEGORY=Special Ability|Immolator ~ Judgment by Fire.MOD	OUTPUTNAME:炎之裁決（Judgment by Fire）	DESC:.CLEAR	DESC:20級時，獻祭者可以在戰鬥中對敵人宣告炎之裁決。每當獻祭者使用她的【審判】能力，他能以一個迅捷動作祈求將審判之火降至一名敵人身上。一旦宣告，審判者可以對目標使用一次近戰攻擊（或遠程攻擊，若目標敵人距你30尺之內）。如果攻擊命中，該次攻擊以火焰傷害代替武器傷害，並且目標必須進行一次成功的強韌豁免檢定，否則死亡（免疫火焰的生物無需進行豁免）。豁免DC等同於「10+1/2獻祭者等級+感知修正」。無論目標是否豁免成功，目標生物在24小時內免疫獻祭者的【炎之裁決】。死於該方式的生物會迸發出火焰爆炸，目標5尺範圍內的所有生物受到10d6火焰傷害（通過DC為「10+1/2獻祭者等級+感知修正」的反射豁免則減半）。一旦使用該能力，在接下來的1d4輪中無法再次使用。該能力取代最終審判。	
CATEGORY=Special Ability|Kinslayer ~ Slayer's Brand.MOD	OUTPUTNAME:滅絕烙印（Slayer's Brand）	DESC:.CLEAR	DESC:當使用該審判時，弒親者獲得使用正能量對不死生物打上烙印的能力。若她這麼做，需要先以一次近戰接觸攻擊成功命中不死生物。該能力造成「1d6+弒親者魅力修正」的正能量傷害，並在不死生物的血肉、骸骨、甚至無形之體上烙下她的個人印記。從這一時點起，弒親者可以感覺到被她打上烙印的生物，如同對其使用『生物定位術』一般（施法者等級等於弒親者審判者等級的一半）。滅絕烙印持續至不死生物被毀滅，或者弒親者給對其他生物使用該能力為止。該能力取代懲戒審判。	
CATEGORY=Special Ability|Kinslayer ~ Greater Brand.MOD	OUTPUTNAME:高等烙印（Greater Brand）	DESC:.CLEAR	DESC:1級起，隨著等級的提升，弒親者學會了如何改變她的【滅絕烙印】審判。每當她獲得獎勵團隊專長時，她可以選擇學習下列其中一種改進方式改變她的【滅絕烙印】審判以替換團隊專長。每當弒親者選擇【高等烙印】時，它會取代該級別的獎勵團隊專長。	
CATEGORY=Special Ability|Kinslayer ~ Undead Sense.MOD	OUTPUTNAME:察覺亡靈（Undead Sense）	DESC:.CLEAR	DESC:2級起，弒親者獲得如同使用類法術能力一般使用『偵測亡靈』的能力（施法者等級等同於弒親者的審判者等級）。如果她偵測到不死生物的存在，她可以使用【怪物學識】能力嘗試判斷被偵測出的亡靈的種類，以及其可能擁有的能力以及弱點。如果她偵測到吸血鬼，她在識別它們時獲得等同於她審判者等級的加值。該能力取代偵測陣營。	
CATEGORY=Special Ability|Greater Brand Modification ~ Branding Ray.MOD	OUTPUTNAME:烙印射線（Branding Ray）	DESC:.CLEAR	DESC:【滅絕烙印】審判用射程20尺的遠程接觸攻擊觸發。弒親者可以選擇該高等烙印多次，每次選擇使射程增加20尺。	
CATEGORY=Special Ability|Greater Brand Modification ~ Debilitating Brand.MOD	OUTPUTNAME:虛弱烙印（Debilitating Brand）	DESC:.CLEAR	DESC:當前受到【滅絕烙印】審判的生物對打下烙印的弒親者的攻擊檢定-2。	
CATEGORY=Special Ability|Greater Brand Modification ~ Devastating Brand.MOD	OUTPUTNAME:毀滅烙印（Devastating Brand）	DESC:.CLEAR	DESC:當弒親者攻擊一名受到她的【滅絕烙印】審判影響的生物時，她擲出19-20就可造成重擊威脅。若弒親者的陣營為善良，她對被烙印的生物造成的重擊確認檢定獲得+2神聖加值。	
CATEGORY=Special Ability|Greater Brand Modification ~ Dual Brand.MOD	OUTPUTNAME:雙重烙印（Dual Brand）	DESC:.CLEAR	DESC:弒親者同時可以給兩個生物打上烙印。	
CATEGORY=Special Ability|Greater Brand Modification ~ Holy Brand.MOD	OUTPUTNAME:神聖烙印（Holy Brand）	DESC:.CLEAR	DESC:弒親者可以對邪惡子類的生物以及不死生物打上烙印。	
CATEGORY=Special Ability|Greater Brand Modification ~ Searing Brand.MOD	OUTPUTNAME:灼熱烙印（Searing Brand）	DESC:.CLEAR	DESC:弒親者每獲得5個審判者等級，其【滅絕烙印】額外增加1d6傷害。若受到滅絕烙印傷害的生物對光脆弱，滅絕烙印對其的傷害骰增強為d8骰。弒親者至少需要6級才能選擇此高等烙印。	
CATEGORY=Special Ability|Greater Brand Modification ~ Silver Brand.MOD	OUTPUTNAME:聖銀烙印（Silver Brand）	DESC:.CLEAR	DESC:弒親者可以如同對不死生物一般對獸化人以及對銀脆弱的生物使用烙印。	
CATEGORY=Special Ability|Exorcist ~ Verdict of Exorcism.MOD	OUTPUTNAME:驅魔裁斷（Verdict of Exorcism）	DESC:.CLEAR	DESC:8級起，袪魔師可以透過審判來釋放「驅魔裁斷」。當他使用此能力，審判將會終結，而該生物則會暈眩1輪的時間（意志豁免通過則無效）。若該生物是被附身的，那麼附在他身上的東西必須通過一次DC為「10+1/2審判者等級+感知修正」的意志豁免，否則將會被驅逐，且永遠無法再佔據那個身軀。此能力取代雙重審判。	
CATEGORY=Special Ability|Exorcist ~ Verdict of Exile.MOD	OUTPUTNAME:放逐裁斷（Verdict of Exile）	DESC:.CLEAR	DESC:16級時，袪魔師的審判可以發起「放逐裁斷」。當他使用此能力，審判將會終結，而該生物則會暈眩1輪的時間（意志豁免通過則無效）。若該生物是被附身的或是異界生物，那麼該異界生物或附在他身上的東西必須通過一次DC為「10+1/2審判者等級+感知修正」的意志豁免，否則受到「驅逐術」影響。此能力取代三重審判。	
CATEGORY=Special Ability|Exorcist ~ Closed Mind.MOD	OUTPUTNAME:閉鎖心靈（Closed Mind）	DESC:.CLEAR	DESC:一個經驗老到的袪魔師必須封閉他的心靈以免被他的敵人在他心中建立立足之地。17級時，袪魔師免疫脅迫和附身效果（包括魔魂壺）。此能力取代屠戮者。	
CATEGORY=Special Ability|Exorcist ~ Verdict of Anathema.MOD	OUTPUTNAME:馳罰裁斷（Verdict of Anathema）	DESC:.CLEAR	DESC:20級時，審判者可以藉由審判釋放「馳罰裁斷」。當他使用此能力，他的審判立即終止，所有10尺內的生物將會受到他的「驅魔裁斷」影響。此能力取代最終審判。	
CATEGORY=Special Ability|Heretic ~ Lore of Escape.MOD	OUTPUTNAME:逃生學識（Lore of Escape）	DESC:.CLEAR	DESC:1級時，異教徒學會透過他所知的一切知識來逃離那些追捕他的人。他可以將感知加值作為額外加值，加在唬騙與隱匿檢定的既有加值之上。此能力取代怪物學識。	
CATEGORY=Special Ability|Heretic ~ Hide Tracks.MOD	OUTPUTNAME:隱藏足跡（Hide Tracks）	DESC:.CLEAR	DESC:1級時，異教徒學會如何隱藏他的蹤跡。任何追蹤他的生物在進行針對他的追跡檢定時，必須承受-5的減值。	
CATEGORY=Special Ability|Judgment ~ Escape.MOD	OUTPUTNAME:脫逃（Escape）	DESC:.CLEAR	DESC:每當異教徒以此審判用近戰或遠程攻擊擊中目標，他可以用一個移動等效動作轉移陣地並躲藏（參見隱匿技能）。	
CATEGORY=Special Ability|Infiltrator ~ Misdirection.MOD	OUTPUTNAME:誤導（Misdirection）	DESC:.CLEAR	DESC:1級時，每日滲透者準備法術的時候，他可以選擇一個陣營，他被偵測陣營法術掃瞄時，他會像使用了「誤導術」一樣被認為是該陣營的生物。此能力不影響其他基於陣營的效果。誤導取代嚴苛凝視。	
CATEGORY=Special Ability|Infiltrator ~ Guileful Lore.MOD	OUTPUTNAME:詭計學識（Guileful Lore）	DESC:.CLEAR	DESC:1級的滲透者學會了使用欺騙和各種借口。他可以將感知加值作為額外加值，加在唬騙與交涉檢定的既有加值之上。此能力取代怪物學識。	
CATEGORY=Special Ability|Infiltrator ~ Forbidden Lore.MOD	OUTPUTNAME:禁忌學識（Forbidden Lore）	DESC:.CLEAR	DESC:當其他審判者學習怎麼追蹤敵人的時候，滲透者則學習怎麼施展他敵人的法術。滲透者可以施展陣營和他或他的神祇相左的法術，無視陣營的限制。此能能力取代追蹤。	
CATEGORY=Special Ability|Infiltrator ~ Necessary Lies.MOD	OUTPUTNAME:必要謊言（Necessary Lies）	DESC:.CLEAR	DESC:滲透者可以將他的等級加在對抗偵測、揭示或是顯露他所說謊言相關法術的豁免檢定上，像是「偵測謊言」或「誠實之域」。此能力取代偵測謊言。	
CATEGORY=Special Ability|Preacher ~ Determination.MOD	OUTPUTNAME:堅決真言（Determination）	DESC:.CLEAR	DESC:3級時，雖然布道者在作戰時幾乎不說話，不過他的言語卻具有強大的威力和權威性。每日1次，布道者可以通過此能力造成以下的效果之一。使用堅決真言是一個自由動作。每當布道者可以獲得獎勵戰術專長時（3，6，9，12，15，18級），他可以選擇不獲得戰術專長以得到1次額外的使用次數。此能力取代獨行戰術。侵略（Aggression）：此真言可以讓布道者重骰他剛剛擲出的攻擊擲骰，他必須在擲骰結果宣佈前使用此能力。他必須接受擲骰的成果，即便此結果比之前更糟。防禦（Defense）：當布道者被近戰或遠程攻擊命中時，他可以用直覺動作發動此真言，讓他的AC得到4點洞察加值。如果這使他的AC高過攻擊者的攻擊擲骰，那麼該攻擊將會失手。警告（Warning）：在一個與布道者有效果線的盟友即將被進戰或遠程攻擊擊中時，布道者可以通過此真言來警告盟友，攻擊者會被強迫重骰攻擊擲骰，並接受第二次擲骰的結果。要使此能力發揮效果，他的盟友必須要能聽到布道者的聲音而且不能處於無助狀態。	
CATEGORY=Special Ability|Sin Eater ~ Eat Sin.MOD	OUTPUTNAME:食罪（Eat Sin）	DESC:.CLEAR	DESC:1級時，以一個自由動作，食罪者可以開始吞噬一個被他殺死敵人的罪業。他必須要呆在該目標身邊1分鐘的時間，這個儀式會引起機會攻擊；但食罪者可以選擇快速的完成儀式，這樣的話他只需進行一個會引起機會攻擊的整輪動作，不過食罪帶來的好處減半。吞噬敵人的罪會治療食罪者，恢復「1D8+食罪者等級（最多+5）」的生命值。這個敵人必須是在1小時之內為食罪者所殺，且生命骰數最少為食罪者的一半。他可以對每一個他所殺死的敵人使用一次此能力，這個能力對沒有心智或智力為2及以下的生物沒有效果。5級時，此效果提升到「2D8+食罪者等級（最多+10）」，9級時上升到「3D8+食罪者等級（最多+15）」，13級時則達到「4D8+食罪者等級（最多+20）」的治療效果。【編註：此處的上限類似治療傷害法術，僅對等級加值而言。】在一些信仰中，此「吞噬」是一種象徵性的行為。在其他文化中，食罪者則需食用一小塊的食物和水作為象徵物。在極少數激進的教團裡，食罪者則需要真的吞食敵人的肉體以潔淨其罪業。8級時，若食罪者吞噬的是那些會被以不死生物方式喚起生物（像是被幽影、食屍鬼或吸血鬼所殺的生物）之罪行，那麼他可以選擇承受一個負向等級以吸收此效果，防止該生物被以不死生物的方式甦醒。這個負向等級可以被魔法移除，不過也會在24小時之後消失，而且不會變成永久負向等級。GM可以斟酌此能力，讓他可以防止幽靈使用其「返魂（rejuvenation）」能力。此能力取代領域。	
CATEGORY=Special Ability|Sin Eater ~ Speak with Dead.MOD	OUTPUTNAME:死者交談（Speak with Dead）	DESC:.CLEAR	DESC:6級時，當食罪者吞食敵人罪業時，他可以花費10分鐘進行儀式，然後他就可以像使用「死者交談」般和死去敵人的靈魂交談，其施法者等級等同於食罪者等級。使用此能力時他不需要呆在敵人的屍體旁邊（他可以食罪，走遠，然後再使用死者交談）。不過敵人的靈魂像屍體一樣可以對此能力進行豁免。此能力取代6級獲得的戰術專長。	
CATEGORY=Special Ability|Sin Eater ~ Burden of Sin.MOD	OUTPUTNAME:承擔罪孽（Burden of Sin）	DESC:.CLEAR	DESC:14級時，食罪者可以用一個整輪動作將一個有害的痛苦、效果或法術效應從一個目標轉移到他自己身上，他可以選擇要轉移的效果，此效果在他身上正常如同他是該效果一開始選擇的目標，其持續時間將延續，而原本的受術者則免受任何的後續影響。只要有需要，食罪者就可以使用此能力，甚至重複承擔一個生物的罪孽。此能力取代洞悉弱點。	
CATEGORY=Special Ability|Iconoclast ~ Shake Effects.MOD	OUTPUTNAME:撼動效果（Shake Effects）	DESC:.CLEAR	DESC:除滅者在1級時，對於所有來自魔法物品的效果得到+2的豁免加值。此能力取代怪物學識。	
CATEGORY=Special Ability|Iconoclast ~ Detect Magic.MOD	OUTPUTNAME:偵測魔法（Detect Magic）	DESC:.CLEAR	DESC:2級時，除滅者可以隨意施展「偵測魔法」。此能力取代偵測陣營。	
CATEGORY=Special Ability|Iconoclast ~ Dispelling Attack.MOD	OUTPUTNAME:破法擊（Dispelling Attack）	DESC:.CLEAR	DESC:5級起，每日1次，除滅者可以用一個標準動作施展一次遠程接觸攻擊襲擊一個對手。若他命中，則此能力如同對目標以除滅者的施法者等級施放的單體「解除魔法」；要是沒有擊中破法擊就會被浪費掉，不發生任何效果。此能力取代偵測謊言。	
CATEGORY=Special Ability|Iconoclast ~ Negating Critical.MOD	OUTPUTNAME:否定之擊（Negating Critical）	DESC:.CLEAR	DESC:14級，當除滅者對一個生物造成重擊時，該目標身上穿著或攜帶的非神器魔法物品必須通過一次DC為「10+1/2除滅者等級+感知修正」的強韌豁免，豁免失敗的次級魔法物品將會在之後的1d4輪內失效，無法使用也不提供任何加值。否定之擊可與重擊專長混合使用。此能力取代洞悉弱點。	
CATEGORY=Special Ability|Iconoclast ~ Destroy Artifact.MOD	OUTPUTNAME:毀滅神器（Destroy Artifact）	DESC:.CLEAR	DESC:20級時，除滅者可以毀滅次等神器。要毀滅一個次等神器，他必須擁有該神器1周以上，以沉思理解該次等神器的本質；在該周結束的時候，他必須通過一個DC為30的施法者等級檢定，以移除神器的效果。如果他成功了，則該次等神器就會永遠毀滅；若他失敗了，則無法再以此能力影響該神器，但其他審判者仍可以摧毀它。此能力取代最終審判。	
CATEGORY=Special Ability|Spellbreaker ~ Strong-Willed.MOD	OUTPUTNAME:堅強意志（Strong-Willed）	DESC:.CLEAR	DESC:1級時，屠法者的意志已經強大到足以對抗那些嘗試控制、脅迫或說服他的魔法效果。當屠法者對造成心智影響效果進行意志豁免檢定時，他可以骰兩次並起取其高者。此能力取代怪物學識。	
CATEGORY=Special Ability|Spellbreaker ~ Defense against Magic.MOD	OUTPUTNAME:抗魔保衛（Defense against Magic）	DESC:.CLEAR	DESC:3級時，屠法者可以選擇一個法師學派，當他對抗這個學派的奧術時他所有的豁免檢定得到+1的加值。之後每4級，他可以多選擇一個法師學派，最高達到19級的5個。每選擇一個學派，他對之前已選擇的學派豁免抗性再+1。此能力取代所有的團隊專長獎勵。	
CATEGORY=Special Ability|Spellbreaker ~ Foil Casting.MOD	OUTPUTNAME:挫敗施法（Foil Casting）	DESC:.CLEAR	DESC:3級時，當敵人嘗試在屠法者的威脅範圍內施法時，他的防禦式施法檢定DC將上升2，此減值和「擾法者」專長提供的減值疊加。此外，屠法者還知道如何在遠距離挫敗施法，每當他用遠程攻擊擊中一個施展奧術或類法術能力的目標，該目標專注檢定的DC將上升2，持續1輪的時間。此能力取代獨行戰術。	
CATEGORY=Special Ability|Spellbreaker ~ Impervious.MOD	OUTPUTNAME:不為所動（Impervious）	DESC:.CLEAR	DESC:20級時，屠法者免疫一個法師學派的所有奧術，此學派為他抗魔保衛選擇的第一個奧術學派。無論是有利、或是有害的該學派奧術都沒辦法在屠法者身上起作用。如果該法術為範圍攻擊，那麼法術如常生效，不過屠法者會毫髮無傷，不受影響。每日1次，屠法者可以使此能力在60尺爆發範圍內的所有盟友身上起作用，持續1分鐘的時間。此能力取代最終審判。	
CATEGORY=Special Ability|Witch Hunter ~ Spell Sage.MOD	OUTPUTNAME:咒法賢哲（Spell Sage）	DESC:.CLEAR	DESC:1級時，獵巫人在辨識法術、以「偵測魔法」鑒定魔法物品或解讀卷軸的法術辨識檢定上，可以將他的感知修正額外加到智力修正上。此能力取代怪物學識。	
CATEGORY=Special Ability|Witch Hunter ~ Knowledgeable Defense.MOD	OUTPUTNAME:學識防衛（Knowledgeable Defense）	DESC:.CLEAR	DESC:2級時，當獵巫人以法術辨識成功鑒識一個法術的時候，他可以在對抗法術的豁免檢定得到+1的加值，或是對該法術的AC得到+1加值。此加值每4級上升1，最高達到18級的+5。在20級時，每日1次，他可以用一個迅捷動作和60尺爆發範圍內的所有盟友分享此能力1分鐘的時間。這些盟友將在獵巫人成功鑒識法術時得到加值，在此能力影響下，如果這些盟友擁有1級以上的法術辨識，他們可以用一個迅捷動作援助獵巫人的下一個法術辨識檢定。學識防衛取代偵測陣營、偵測謊言和最終審判。	
CATEGORY=Special Ability|Witch Hunter ~ Spell Scent.MOD	OUTPUTNAME:嗅探法術（Spell Scent）	DESC:.CLEAR	DESC:6級時，獵巫人學會怎麼追蹤不尋常的法術痕跡，而且可以跟著法術或法術效果尋找他的施法源頭。每日1次，當獵巫人注意到一個法術效果或暴露在法術與魔法物品的效果下時，他可以用整輪動作解析魔法，並得到類似「生物定位術」的效果。他甚至可以對持續時間為瞬間的法術使用此能力，但必須在經歷該法術一輪之內使用此能力。當他使用生物定位的時候，他並不是定位一個已知的生物，而是鎖定一個施法者或是他所研究的魔法物品。使用此能力無法讓獵巫人得到除了施法者位置之外的其他信息。此能力取代追蹤。	
CATEGORY=Special Ability|Witch Hunter ~ Witch's Bane Judgment.MOD	OUTPUTNAME:戮巫審判（Witch's Bane Judgment）	DESC:.CLEAR	DESC:14級時，獵巫人學會了戮巫審判。此能力取代洞悉弱點。戮巫審判：只要這個審判還在持續，任何站在獵巫人30尺之內的奧術施法者對抗獵巫人的AC將承受-2的減值。此外，該奧術施法者對抗獵巫人施展法術的豁免檢定也承受-2不利。	
CATEGORY=Special Ability|Sacred Huntsmaster ~ Animal Companion.MOD	OUTPUTNAME:動物夥伴（Animal Companion）	DESC:.CLEAR	DESC:在1級時，神衛獵師獲得一個動物夥伴，如同獵人的同名職業能力一般，他的審判者等級作為有效獵人等級。本能力取代審判1次/天。	
CATEGORY=Special Ability|Sacred Huntsmaster ~ Hunter Tactics.MOD	OUTPUTNAME:追獵戰術（Hunter Tactics）	DESC:.CLEAR	DESC:在3級時，神衛獵師擁有的團隊專長可以自動和他的動物夥伴共享，他的動物夥伴無需滿足獲得這些團隊專長的前提。該能力取代獨行戰術。	
CATEGORY=Special Ability|Sacred Huntsmaster ~ Animal Focus.MOD	OUTPUTNAME:動物之力（Animal Focus）	DESC:.CLEAR	DESC:在4級時，神衛獵師可以以一個迅捷動作模擬動物的形態，如同獵人的同名職業能力一般，他的審判者等級作為有效獵人等級。本能力取代後續獲得的審判次數。	
CATEGORY=Special Ability|Sacred Huntsmaster ~ Improved Empathic Link.MOD	OUTPUTNAME:精通情感鏈接（Improved Empathic Link）	DESC:.CLEAR	DESC:在8級時，神衛獵師可以和自己的動物夥伴在感官上協調一致。本能力類似於魔寵的情感鏈接能力，但神衛獵師可以以一個迅捷動作通過動物夥伴但眼睛觀察，並且沒有時間限制（只要他但動物夥伴距離他不超過1英里），可以以一個自由動作結束鏈接。在通過動物夥伴觀察時神衛獵師本人處於目盲狀態。本能力取代第二審判。	
CATEGORY=Special Ability|Sacred Huntsmaster ~ Raise Animal Companion.MOD	OUTPUTNAME:復活夥伴（Raise Animal Companion）	DESC:.CLEAR	DESC:在16級時，神衛獵師獲得法術復活動物夥伴（Raise Animal Companion）UM作為類法術能力，每當使用此能力後，神衛獵師就會承受一個無法以任何手段（包括法術復原術）移除的負向等級，但這個負向等級會在24小時後自動消去。在16級時（譯註：第三大麻），這個類法術能力將變為法術復生術，在其他方面則完全相同。本能力取代第三審判。	
CATEGORY=Special Ability|Sacred Huntsmaster ~ Second Animal Focus.MOD	OUTPUTNAME:第二動物之力（Second Animal Focus）	DESC:.CLEAR	DESC:在17級時，每當神衛獵師使用他的動物之力能力時，他可以為自己和動物夥伴同時添加兩種而非一種動物之力。這個額外的動物之力不計入他的每日動物之力使用時間。如果神衛獵師的動物夥伴死亡，那麼他只能將一個動物夥伴的動物之力轉移至自己身上，以取代對他的動物夥伴產生效果。本能力取代屠戮者。	
CATEGORY=Special Ability|Sacred Huntsmaster ~ Greater Empathic Link.MOD	OUTPUTNAME:高等情感鏈接（Greater Empathic Link）	DESC:.CLEAR	DESC:在20級時，神衛獵師和動物夥伴之間等情感鏈接延伸至10英里，並且如果他等動物夥伴距離神衛獵師1英里或更近，那麼他們可以進行心靈感應交流。本能力取代最終審判。	
CATEGORY=Special Ability|Sanctified Slayer ~ Studied Target.MOD	OUTPUTNAME:殺戮目標（Studied Target）	DESC:.CLEAR	DESC:在1級時，聖堂代行者獲得研究自己所殺戮目標的能力，如同殺手的同名職業能力一般，他的審判者等級作為有效殺手等級。本能力取代審判1次/天。	
CATEGORY=Special Ability|Sanctified Slayer ~ Sneak Attack.MOD	OUTPUTNAME:偷襲（Sneak Attack）	DESC:.CLEAR	DESC:在4級時，如果聖堂代行者可以在對手無法有效防禦自己時做出攻擊，他可以攻擊對手的要害以造成額外傷害。在目標無法應用敏捷加值在AC上 (無論目標是否有敏捷加值)、或是目標被夾擊時，聖堂代行者的攻擊造成額外傷害。在4級時這個額外傷害為＋1d6，並且在之後的每3級都再增加1d6。如果聖堂代行者在偷襲時造成了重擊，額外傷害不會翻倍。遠程攻擊只有在30尺內時才可以算作偷襲。使用造成非致命傷害的武器時 (像是悶棍、長鞭或徒手攻擊)，聖堂代行者可以在偷襲時造成非致命傷害而不是致命傷害。他不能在使用造成致命傷的武器偷襲時造成非致命傷害，即使承受了-4的懲罰也不行。聖堂代行者必須能夠充分地看到目標以找到一個要害，並必須能夠觸到該要害。聖堂代行者在攻擊有隱蔽的生物時不能造成偷襲傷害。本能力取代後續獲得的審判次數。	
CATEGORY=Special Ability|Sanctified Slayer ~ Talented Slayer.MOD	OUTPUTNAME:殺人技巧（Talented Slayer）	DESC:.CLEAR	DESC:在8，16，17和20級時，聖堂代行者可以獲得一個殺手的殺手天賦，也包括了殺手可以選擇的盜賊天賦，但不可選擇高等殺手天賦。本能力取代第二，第三和最終審判。	
CATEGORY=Special Ability|Anger Domain ~ Hateful Retort.MOD	OUTPUTNAME:憎惡反擊（Hateful Retort）	DESC:.CLEAR	DESC:每日1次，以一個直覺動作，當你被近戰攻擊擊中時，你可以發動一次近戰攻擊反擊那個擊中你的生物。此攻擊總是使用你的最高攻擊加值，哪怕你在該輪之內已經攻擊過了。	
CATEGORY=Special Ability|Anger Domain ~ Divine Anger.MOD	OUTPUTNAME:神力憤怒（Divine Anger）	DESC:.CLEAR	DESC:6級時，你可以像野蠻人一般狂暴，你的有效野蠻人等級相當於「審判者等級-3」。如果你有野蠻人等級，你可以把該等級加上以計算狂暴效果。你無法從此能力中獲得任何的狂暴之力，不過你仍然可以啟動從野蠻人等級獲得的狂暴之力。你每日可以使用狂暴的輪數相當於「審判者等級+感知修正-4」。	
CATEGORY=Special Ability|Conversion Domain ~ Charm of Wisdom.MOD	OUTPUTNAME:睿智吸引（Charm of Wisdom）	DESC:.CLEAR	DESC:在進行唬騙、交涉與威嚇時，你用你的感知修正取代你的魅力修正。	
CATEGORY=Special Ability|Conversion Domain ~ Swaying Word.MOD	OUTPUTNAME:動搖之語（Swaying Word）	DESC:.CLEAR	DESC:8級時，每日1次，你通過充滿睿智的言詞讓一個生物將你視為友伴。該目標必須和你有效果線且聽的到你說的話，如果他的意志檢定失敗，他將會受到「魅惑人類」影響，不過此效果只持續1分鐘。	
CATEGORY=Special Ability|Fate Domain ~ Augury.MOD	OUTPUTNAME:占卜（Augury）	DESC:.CLEAR	DESC:每日1次，你可以用類法術能力施展「占卜」。	
CATEGORY=Special Ability|Fate Domain ~ Agent of Fate.MOD	OUTPUTNAME:命運代行者（Agent of Fate）	DESC:.CLEAR	DESC:8級時，當你以類法術能力施展「占卜」時，你在下一場戰鬥結束之前得到以下加值：「吉」——所有治療你的治療效果額外恢復1d10生命力；「凶」——你的近戰攻擊得到額外1d6點傷害；「吉且凶」或「平」——你的AC得到+2洞察加值。	
CATEGORY=Special Ability|Fervor Domain ~ Fire of Belief.MOD	OUTPUTNAME:信念之火（Fire of Belief）	DESC:.CLEAR	DESC:你喚起一團神聖或不潔的烈火，以遠程碰觸攻擊襲擊30尺內的一個目標，對該目標造成「1d6+1/2審判者等級」的傷害。如果你屬於善良陣營，你的信念之火只會傷害非善良的生物；如果你屬於邪惡，你的信念之火則傷害非邪惡的目標。如果你是中立陣營，你必須選擇信念之火該傷害非善良還是非邪惡，一但選定就不能更改。當你陣營轉變時，你的信念之火會跟著轉變。你每日可以使用此能力的次數為「3+感知修正」。	
CATEGORY=Special Ability|Fervor Domain ~ Fervent Action.MOD	OUTPUTNAME:行動熱誠（Fervent Action）	DESC:.CLEAR	DESC:8級時，每日1次，你可以用一個迅捷動作讓你以最高攻擊加值進行一次近戰攻擊；以你的陸地移動速度移動一次；或是如同「法術瞬發般」釋放一個等級比最高可用法術等級低1級以上的審判者法術。	
CATEGORY=Special Ability|Heresy Domain ~ Righteous Infiltration.MOD	OUTPUTNAME:正義滲透（Righteous Infiltration）	DESC:.CLEAR	DESC:你用你的感知加值取代魅力加到唬騙和威嚇之上。	
CATEGORY=Special Ability|Heresy Domain ~ Blessed Infiltration.MOD	OUTPUTNAME:賜福入侵（Blessed Infiltration）	DESC:.CLEAR	DESC:4級時，當你使用唬騙、交涉或隱匿技能時，你可以骰兩次並取較好的結果。你每日能使用此能力的次數等同於你的感知修正。	
CATEGORY=Special Ability|Heresy Domain ~ Word of Anathema.MOD	OUTPUTNAME:詛咒之語（Word of Anathema）	DESC:.CLEAR	DESC:8級時，每日1次，你可以用詛咒之語襲擊60尺內一個目標（意志豁免通過則無效）。此目標在之後一分鐘內將受到「降咒」的影響，在攻擊檢定、豁免檢定、屬性檢定和技能檢定上受到-4的懲罰。	
CATEGORY=Special Ability|Imprisonment Domain ~ Caging Strike.MOD	OUTPUTNAME:囚禁打擊（Caging Strike）	DESC:.CLEAR	DESC:當對方受到猛烈的打擊，一團鎖鏈會將之捆綁一小段時間。當你用近戰或遠程攻擊造成重擊時，你可以讓此攻擊糾纏對方1d4輪的時間（強韌豁免通過則無效）。你每日可以使用此能力的次數等同「3+感知修正」。	
CATEGORY=Special Ability|Imprisonment Domain ~ Divine Prison.MOD	OUTPUTNAME:神力監牢（Divine Prison）	DESC:.CLEAR	DESC:8級時，每日1次，當你的近戰攻擊命中之後，你可以讓你的目標受到「怪物定身術」的影響（意志豁免通過則無效）。	
CATEGORY=Special Ability|Illumination Domain ~ Illuminating Touch.MOD	OUTPUTNAME:光耀之觸（Illuminating Touch）	DESC:.CLEAR	DESC:你可以讓你的雙手發出帶有神性的微光。當你碰觸一個生物時，你可以用一個標準動作賜與其單次的意志檢定、知識、察覺或察言觀色檢定得到相當於你審判者等級一半的加值。此加值持續1個小時或直到該生物將加值用在擲骰上。你每日能使用此能力的次數相當於「3+感知修正」。	
CATEGORY=Special Ability|Illumination Domain ~ Aura of Enlightenment.MOD	OUTPUTNAME:啟示靈光（Aura of Enlightenment）	DESC:.CLEAR	DESC:4級時，你可以讓30尺區域的光照上升到正常光照。同時，在此區域中的技能檢定得到+2的加值。此能力相當於2級的光亮法術，可以壓制同等級或更低的黑暗效果。你每日可以使用此能力的輪數相當於你的審判者等級。這些輪數不須連續。	
CATEGORY=Special Ability|Justice Domain ~ Judicious Force.MOD	OUTPUTNAME:正義之力（Judicious Force）	DESC:.CLEAR	DESC:當你或你10尺內的盟友以近戰或遠程攻擊做出重擊時，以一個直覺動作，你可以讓該重擊確定擲骰得到+4的加值，此加值不會和重擊專攻疊加。你每日能使用此能力的次數等同於「3+感知修正」。	
CATEGORY=Special Ability|Justice Domain ~ Chains of Justice.MOD	OUTPUTNAME:公正鎖鏈（Chains of Justice）	DESC:.CLEAR	DESC:6級時，每日1次，你可以用獨特的鎖鏈將60尺內的一個生物與你相縛（意志豁免通過無效）。如果你受到敵人的傷害，則該目標也將受到同樣傷害。不過如果該目標被你或你的盟友造成傷害，那麼你也將承擔等量的傷害。你和目標並不是被實質的鎖鏈相連，此能力會因為距離超過或失去效果線而中斷。你也可以用一個標準動作結束此鎖鏈。	
CATEGORY=Special Ability|Oblivion Domain ~ Life Anchor.MOD	OUTPUTNAME:生命之錨（Life Anchor）	DESC:.CLEAR	DESC:你可以散發出10尺範圍的靈光幫助瀕死的生物穩定生命。在靈光範圍內包括你自己在內的所有瀕死生物在進行穩定擲骰的時候，可以將你的感知修正加到其上。	
CATEGORY=Special Ability|Oblivion Domain ~ Stare of Oblivion.MOD	OUTPUTNAME:遺忘凝視（Stare of Oblivion）	DESC:.CLEAR	DESC:8級時，你可以將「弱智術」當作凝視攻擊襲擊一個目標（意志豁免通過無效），持續1d4輪的時間。你8級時可以使用此能力1次，之後每4級再1次。	
CATEGORY=Special Ability|Order Domain ~ Mantle against Chaos.MOD	OUTPUTNAME:抗亂障壁（Mantle against Chaos）	DESC:.CLEAR	DESC:你可以在自己身上或其他生物身上已類法術能力施展「防護混亂」。你每日可以使用此能力的分鐘數等同於你的審判者等級。此能力不須連續，但每次使用至少需花費1分鐘。	
CATEGORY=Special Ability|Order Domain ~ Commanding Order.MOD	OUTPUTNAME:秩序命令（Commanding Order）	DESC:.CLEAR	DESC:8級時，你可以施放「高等命令術」，不過只能針對單一目標。你每日可以使用此能力的次數等於「3+感知修正」。	
CATEGORY=Special Ability|Persistence Domain ~ Relentless Footing.MOD	OUTPUTNAME:捨命追逐（Relentless Footing）	DESC:.CLEAR	DESC:每日「3+感知修正」次，你以一個迅捷動作使你的陸地移動速度得到10尺增強加值。和其他提升移動速度的效果一樣，此加值允許你跳的更遠。	
CATEGORY=Special Ability|Persistence Domain ~ Inner Strength.MOD	OUTPUTNAME:內在堅毅（Inner Strength）	DESC:.CLEAR	DESC:6級時，每日1次，你可以用一個迅捷動作治療自己每兩審判者等級1d6點傷害。當你使用此能力時，你同時移除以下一個效果：目盲、困惑、目炫、耳聾、恐懼、噁心、戰慄、反胃或恍惚。	
CATEGORY=Special Ability|Tactics Domain ~ Inquisitor's Direction.MOD	OUTPUTNAME:行動指引（Inquisitor's Direction）	DESC:.CLEAR	DESC:在你的回合開始的時候，你可以選擇進入一種澄淨透徹的狀態。犧牲你整輪所有的行動，讓你30尺內的一個盟友在該輪得到「加速術」的效果。你每日可以使用此能力的次數等於「3+感知修正」。	
CATEGORY=Special Ability|Tactics Domain ~ Grant the Initiative.MOD	OUTPUTNAME:先攻主宰（Grant the Initiative）	DESC:.CLEAR	DESC:8級時，你30尺內的盟友可以把你的感知修正加到先攻權上。	
CATEGORY=Special Ability|Torture Domain ~ Torturer's Presence.MOD	OUTPUTNAME:行刑者凝望（Torturer's Presence）	DESC:.CLEAR	DESC:你在威嚇上得到+2加值，此加值和「嚴苛凝視」疊加。	
CATEGORY=Special Ability|Torture Domain ~ Torturer's Touch.MOD	OUTPUTNAME:酷刑之觸（Torturer's Touch）	DESC:.CLEAR	DESC:你的碰觸帶來極度的痛苦，其折磨程度讓人疲乏。你能以類法術能力施展「疲乏之觸」，對於疼痛免疫的生物對此效果免疫。你每日可使用此能力的次數為「3+感知修正」。	
CATEGORY=Special Ability|Torture Domain ~ Critical Precision.MOD	OUTPUTNAME:精確重擊（Critical Precision）	DESC:.CLEAR	DESC:8級時，你可以透過用直覺動作消耗一次「酷刑之觸」，來使你在重擊確定值骰上得到+4加值。此能力無法和「重擊專攻」專長疊加。	
CATEGORY=Special Ability|Truth Domain ~ Justice's True Path.MOD	OUTPUTNAME:真理洞悉（Justice's True Path）	DESC:.CLEAR	DESC:以一個標準動作，你可以碰觸一個盟友，讓他在你下一輪開始之前的攻擊檢定、豁免檢定、技能檢定或屬性檢定上得到相當於你等級一半（至少為1）的加值。此加值必須在1輪內被使用，你每日可使用此能力的次數等於「3+感知修正」。	
CATEGORY=Special Ability|Truth Domain ~ Grasp of Honesty.MOD	OUTPUTNAME:誠實之擁（Grasp of Honesty）	DESC:.CLEAR	DESC:8級起，任何被你擒抱或壓制住的生物將受到「誠實之域」的影響（意志檢定通過無效）。在非戰鬥中，你可以透過觸摸生物的雙手來達到此效果。你每日可以使用此能力的輪數等同於你的審判者等級，這些輪數不需連續。此效果在你停止擒抱，穿刺或是觸摸該生物時結束。	
CATEGORY=Special Ability|Valor Domain ~ Touch of Resolve.MOD	OUTPUTNAME:堅毅之觸（Touch of Resolve）	DESC:.CLEAR	DESC:每日「3+感知修正」次，你可以對一個生物使用「移除恐懼」。	
CATEGORY=Special Ability|Valor Domain ~ Fearless.MOD	OUTPUTNAME:無畏（Fearless）	DESC:.CLEAR	DESC:8級時，你免疫恐懼。	
CATEGORY=Special Ability|Vengeance Domain ~ Divine Retribution.MOD	OUTPUTNAME:神力報應（Divine Retribution）	DESC:.CLEAR	DESC:以一個標準動作，你可以指定一個30尺內的生物受到神力報應的影響。不測或悲慘的意外將會發生在其身上，像是被樹枝砸到、被落石壓扁或是其他非魔法的傷害。無論原因，該生物會受到「1d6+1/2審判者等級」的傷害（反射豁免減半）。GM有權選擇這是什麼類型的傷害。你每日可使用此能力的次數相當於「3+感知修正」。	
CATEGORY=Special Ability|Vengeance Domain ~ Final Vengeance.MOD	OUTPUTNAME:臨終報復（Final Vengeance）	DESC:.CLEAR	DESC:8級時，每日1次，你可以對在接觸範圍內，會讓你降至負生命的攻擊發動反擊，當你攻擊結束之後，你如常受到觸發此能力的傷害。那些不會讓你負生命就能殺死你的效果不會觸發此攻擊。	
CATEGORY=Special Ability|Zeal Domain ~ Zealous Surge.MOD	OUTPUTNAME:狂熱復甦（Zealous Surge）	DESC:.CLEAR	DESC:每日1次，當你生命值被降到0時，你立刻恢復相當於「審判者等級+感知修正」的生命值。	
CATEGORY=Special Ability|Zeal Domain ~ Scourge of the Enemy.MOD	OUTPUTNAME:敵手末日（Scourge of the Enemy）	DESC:.CLEAR	DESC:8級時，選擇一個宗教作為你的敵人，你對付此宗教的成員時，有如遊俠對付宿敵（你對該宗教組織成員視為得到遊俠的宿敵能力），在攻擊、傷害和相應技能檢定中得到+2加值。13級時此加值提升到+4，18級時提升到+8。此能力不會和其他的宿敵加值疊加。	
