CATEGORY=Special Ability|Antipaladin ~ Unholy Resilience.MOD	OUTPUTNAME:褻瀆抗力（Unholy Resilience）	DESC:.CLEAR	DESC:2級起，反聖騎士所有豁免檢定上都可以獲得一項加值，該加值等同於他的魅力修正（若為加值）。	
CATEGORY=Special Ability|Antipaladin ~ Touch of Corruption.MOD	OUTPUTNAME:墮落之觸（Touch of Corruption）	DESC:.CLEAR	DESC:2級起，反聖騎士可以自掌中放出魔鬼之炎重創碰觸的對手。此能力每日可以使用的次數等於「1/2反聖騎士等級+魅力修正」。作為接觸攻擊，墮落之觸可以對目標造成每2個反聖騎士等級1d6點的傷害。此能力是一個不會誘發藉機攻擊的標準動作。反聖騎士也可以使用墮落之觸治療一個不死生物同等的生命值。這個能力會受到與聖武士【聖療】能力相關的所有專長、法術、效果的影響與修正，比如，「額外聖療」專長可以增加反聖騎士每日2次【墮落之觸】使用次數，如同增加聖武士每日2次【聖療】使用次數一般。	
CATEGORY=Special Ability|Antipaladin ~ Aura of Cowardice.MOD	OUTPUTNAME:戰慄靈光（Aura of Cowardice）	DESC:.CLEAR	DESC:3級起，反聖騎士渾身放出顯而易見的威懾氣勢。在他周圍10尺內的敵人進行對抗恐懼效果的豁免檢定時受到-4減值。免疫恐懼的單位身處反聖騎士周圍10尺內時，失去其免疫恐懼能力。此能力在反聖騎士神志清醒時發揮作用，但當他失去知覺或者死亡時將失去作用。	
CATEGORY=Special Ability|Antipaladin ~ Plague Bringer.MOD	OUTPUTNAME:疫病神（Plague Bringer）	DESC:.CLEAR	DESC:3級起，反聖騎士成為所有墮落穢邪疾病的帶原者。反聖騎士不會受到任何疾病的負面影響如傷害或減值，但他仍可身懷此疾病將其傳染給他人。	
CATEGORY=Special Ability|Antipaladin ~ Cruelty.MOD	OUTPUTNAME:暴行（Cruelty）	DESC:.CLEAR	DESC:在第3級和之後每3個等級，反聖騎士都可以選擇一項暴行。每個暴行都會為【墮落之觸】帶來追加的效果。當反聖騎士使用墮落之觸傷害一個目標時，目標受到此反聖騎士所擁有暴行其中之一的負面效果。此負面效果需在成功碰觸目標時選定。目標可進行一個DC等於「10+1/2反聖騎士職業等級+魅力修正」的強韌豁免檢定，若檢定通過則免遭暴行負面效果影響，但仍會受到墮落之觸的正常傷害	
CATEGORY=Special Ability|Antipaladin ~ Channel Negative Energy.MOD	OUTPUTNAME:負能量引導（Channel Negative Energy）	DESC:.CLEAR	DESC:4級起，反聖騎士獲得負能量引導的超自然能力，如同牧師所擁有的同名能力。使用此能力會消耗2發墮落之觸次數。在引導負能量時，反聖騎士使用他的等級作為有效牧師等級。本能力基於魅力。	
CATEGORY=Special Ability|Antipaladin ~ Fiendish Boon.MOD	OUTPUTNAME:魔契（Fiendish Boon）	DESC:.CLEAR	DESC:在第5級，反聖騎士將與他的黑暗盟友訂立契約，換取其支援。這種契約可以是以下兩種形式之一。契約的形式在選定之後無法更改。第一種契約給予反聖騎士呼喚一位穢邪惡靈，並用以強化他的武器的能力。呼喚惡靈是一個標準動作，效果持續每反聖騎士等級1分鐘。響應契約的惡靈附著在武器上，讓武器如同火把一般發光。在第5級，惡靈給予武器+1加值。5級之後的每3個等級，獲得的加值都會再+1，20級時達到最高+6。這些加值可以與武器原本的增強加值疊加，但最高不能超過+5；它們也可以被用來給武器增添以下附魔：混沌，邪惡，銳鋒，熾焰，焰爆，反噬，血光，斬首，以及追擊。增添附魔花費的加值與附魔本身的加值相同。增添的附魔與武器的原本特性同時有效，但重複的並不疊加。在為非魔法武器增添任何特性前，必須先給予其至少+1的增強加值。獎勵的增強加值和附魔在每次呼喚惡靈時決定，且在下次呼喚之前無法更改。非反聖騎士本人持有此武器不會獲得任何契約帶來的好處，但惡靈依舊存在於武器裡，且強化會在武器回到歸屬者手中後重新生效。雙頭武器只有一端會被強化。5級的反聖騎士每天可以使用1次此能力。5級之後的每4級，反聖騎士都會多獲得1次使用次數，17級時達到最多每日4次。一旦附著著惡靈的武器被破壞，在之後30天內、或者直到在反聖騎士職業上提升了等級，他將無法使用此能力。在此30天期間內，反聖騎士在攻擊和傷害檢定上都要受到-1減值。第二種契約給予反聖騎士一個魔物僕從供他差遣。這個契約的效果類似法術『召喚怪物III』般作用，但持續時間為永久，並且反聖騎士僅能召喚單一生物作為他的下僕。此生物必須具有混沌邪惡亞種，或者是一個煉獄模板動物。此僕從在選擇後便固定，只有當反聖騎士提升職業等級時可以改變。在5級之後的每2個等級，『召喚怪物』法術的環級都會提升1環，17級時達到最高『召喚怪物IX』。反聖騎士能以一個整輪動作通過魔法呼喚僕從前來。該能力相當於一個法術環級為1/3反聖騎士等級的法術。僕從會立刻出現在反聖騎士身邊。5級的反聖騎士每天可以使用1次此能力。在5級之後的每4級，反聖騎士都會多獲得1次使用次數，17級時達到最多每日4次。在第11級，僕從獲得進化模板（advanced template）。在第15級，反聖騎士的僕從獲得「反聖騎士等級+11」點的法術抗力。一旦反聖騎士的僕從死亡或被遣返，在之後30天內、或者直到他在反聖騎士職業上提升了等級，反聖騎士將無法召喚另外一個。在此30天期間內，反聖騎士在攻擊和傷害檢定上都要受到-1減值。	
CATEGORY=Special Ability|Antipaladin ~ Aura of Despair.MOD	OUTPUTNAME:絕望靈光（Aura of Despair）	DESC:.CLEAR	DESC:8級起，反聖騎士周圍10尺內的敵人豁免檢定-2，此減值與【戰慄靈光】能力的減值不疊加。此能力在反聖騎士神志清醒時發揮作用，當他失去知覺或者死亡時將失去作用。	
CATEGORY=Special Ability|Antipaladin ~ Aura of Vengeance.MOD	OUTPUTNAME:復仇靈光（Aura of Vengeance）	DESC:.CLEAR	DESC:11級起，反聖騎士可以花費2次【制裁善良】的使用次數，給予10尺以內的所有盟友1次制裁善良的能力，但使用他自身的魅力和職業等級決定獎勵加值。盟友必須在下回合行動開始前使用此能力，效果持續1分鐘。使用此能力是一個自由動作。善良盟友並不會受到此能力的好處。	
CATEGORY=Special Ability|Antipaladin ~ Aura of Sin.MOD	OUTPUTNAME:罪孽靈光（Aura of Sin）	DESC:.CLEAR	DESC:14級起，在克服怪物的傷害減免時，反聖騎士的所持有的武器，以及任何在他身邊10尺內對反聖騎士的敵人做出的所有攻擊，都被視為具有邪惡陣營。此能力在反聖騎士神志清醒時發揮作用，當他失去知覺或者死亡時將失去作用。	
CATEGORY=Special Ability|Antipaladin ~ Aura of Depravity.MOD	OUTPUTNAME:墮落靈光（Aura of Depravity）	DESC:.CLEAR	DESC:17級起，反聖騎士獲得傷害減免「5/善良」，在他周圍10尺內的敵人於進行對抗〔脅迫〕效果的豁免檢定時，受到-4減值。此能力在反聖騎士神志清醒時發揮作用，當他失去知覺或者死亡時將失去作用。	
CATEGORY=Special Ability|Antipaladin ~ Unholy Champion.MOD	OUTPUTNAME:穢邪代行者（Unholy Champion）	DESC:.CLEAR	DESC:20級時，反聖騎士成為了邪惡力量的意志代言人。他的傷害減免提升到「10/善良」。當他將一個善良異界生物指定為【制裁善良】對象並擊中之時，該生物同時受到『放逐術』的效果，施法者等級等於他的反聖騎士等級（他的武器和邪徽自動被看作目標所畏懼的對象）。在放逐效果和攻擊傷害計算完畢後，當次制裁善良立刻結束。此外，當他引導負能量或使用【墮落之觸】的時候，傷害的點數取最大值。	
CATEGORY=Special Ability|Detect Good.MOD	OUTPUTNAME:偵測善良（Detect Good）	DESC:.CLEAR	DESC:反聖騎士可以根據意願使用『偵測善良』，效果和同名法術一樣。反聖騎士也可以使用一個移動動作專注於60英尺內的單一物體或生物，以得知對方是否善良、以及對方的靈光強度，如同使用法術研究了三輪時間。當專注於單一物體或生物時，反聖騎士不會察覺法術範圍內其它的善良事物。	
CATEGORY=Special Ability|Smite Good.MOD	OUTPUTNAME:制裁善良（Smite Good）	DESC:.CLEAR	DESC:每日1次，反聖騎士可以呼喚邪惡的力量助他粉碎世間一切良善。以一個迅捷動作，反聖騎士選定在他視覺中的一個目標成為制裁的對象。若制裁的目標為善良陣營，反聖騎士對此目標進行的攻擊檢定加上他的魅力修正（若為加值），並且對目標的所有傷害檢定增加等同於他反聖騎士職業等級的數值。若目標為擁有善良子類別的異界生物，善良陣營的龍、牧師或聖騎士，第一次成功命中的傷害加值會增加為「反聖騎士等級×2」。無論受制裁目標為何，反聖騎士對其的攻擊均自動克服所有傷害減免。此外，只要【制裁善良】依舊生效，反聖騎士在遭受被制裁生物的攻擊時，防禦等級獲得等同於他魅力修正（若為加值）的偏斜加值。若反聖騎士選定一個並非善良的對象作為目標，則制裁無效，但仍然消耗使用次數。制裁善良的效果會持續到目標死亡，或者反聖騎士下一次休息並恢復此能力的使用次數時。在第4級，以及之後的每3個等級，反聖騎士每天可以多使用1次【制裁善良】，在19級時達到最多每天7次。	
CATEGORY=Special Ability|Cruelty ~ Fatigued.MOD	OUTPUTNAME:造成疲乏（Fatigued）	DESC:.CLEAR	DESC:目標疲乏。	
CATEGORY=Special Ability|Cruelty ~ Shaken.MOD	OUTPUTNAME:造成戰慄（Shaken）	DESC:.CLEAR	DESC:目標戰慄每反聖騎士職業等級1輪。	
CATEGORY=Special Ability|Cruelty ~ Sickened.MOD	OUTPUTNAME:造成噁心（Sickened）	DESC:.CLEAR	DESC:目標噁心每反聖騎士職業等級1輪。	
CATEGORY=Special Ability|Cruelty ~ Dazed.MOD	OUTPUTNAME:造成暈眩（Dazed）	DESC:.CLEAR	DESC:目標暈眩1輪。	
CATEGORY=Special Ability|Cruelty ~ Diseased.MOD	OUTPUTNAME:傳染疫病（Diseased）	DESC:.CLEAR	DESC:目標如受反聖騎士施放法術『疫病術』般得病，施法者等級等於反聖騎士的職業等級。	
CATEGORY=Special Ability|Cruelty ~ Staggered.MOD	OUTPUTNAME:造成恍惚（Staggered）	DESC:.CLEAR	DESC:目標恍惚每2反聖騎士職業等級1輪。	
CATEGORY=Special Ability|Cruelty ~ Cursed.MOD	OUTPUTNAME:傳遞詛咒（Cursed）	DESC:.CLEAR	DESC:目標如受反聖騎士施放法術『降咒』般受詛，施法者等級等於反聖騎士的職業等級。	
CATEGORY=Special Ability|Cruelty ~ Exhausted.MOD	OUTPUTNAME:造成力竭（Exhausted）	DESC:.CLEAR	DESC:目標力竭。在選擇這項能力前，反聖騎士必須擁有【造成疲乏】的暴行。	
CATEGORY=Special Ability|Cruelty ~ Frightened.MOD	OUTPUTNAME:造成驚懼（Frightened）	DESC:.CLEAR	DESC:目標驚懼每2反聖騎士職業等級1輪。在選擇這項能力前，反聖騎士必須擁有【造成戰慄】的暴行。	
CATEGORY=Special Ability|Cruelty ~ Nauseated.MOD	OUTPUTNAME:造成反胃（Nauseated）	DESC:.CLEAR	DESC:目標反胃每3反聖騎士職業等級1輪。在選擇這項能力前，反聖騎士必須擁有【造成噁心】的暴行。	
CATEGORY=Special Ability|Cruelty ~ Poisoned.MOD	OUTPUTNAME:滲透毒素（Poisoned）	DESC:.CLEAR	DESC:目標如受反聖騎士施放法術『毒擊』般中毒，施法者等級等於反聖騎士的職業等級。	
CATEGORY=Special Ability|Cruelty ~ Blinded.MOD	OUTPUTNAME:造成目盲（Blinded）	DESC:.CLEAR	DESC:目標目盲每反聖騎士職業等級1輪。	
CATEGORY=Special Ability|Cruelty ~ Deafened.MOD	OUTPUTNAME:造成耳聾（Deafened）	DESC:.CLEAR	DESC:目標耳聾每反聖騎士職業等級1輪。	
CATEGORY=Special Ability|Cruelty ~ Paralyzed.MOD	OUTPUTNAME:造成麻痺（Paralyzed）	DESC:.CLEAR	DESC:目標麻痺1輪。	
CATEGORY=Special Ability|Cruelty ~ Stunned.MOD	OUTPUTNAME:造成震懾（Stunned）	DESC:.CLEAR	DESC:目標震懾每4反聖騎士職業等級1輪。	
CATEGORY=Special Ability|Knight of the Sepulcher ~ Touch of the Crypt.MOD	OUTPUTNAME:墓窖之觸（Touch of the Crypt）	DESC:.CLEAR	DESC:5級時，死骸騎士對影響心智、即死效果和毒素的豁免+2。他會被正能量傷害，但被負能量治療，就如同他是不死生物；不過，不造成生命傷害（如能量吸取）的效果仍然會對他造成影響。死骸騎士有25%%的機率忽略重擊和偷襲的傷害加值，如同他穿著〈次級護命〉盔甲。此能力取代魔契。	
CATEGORY=Special Ability|Knight of the Sepulcher ~ Fortitude of the Crypt.MOD	OUTPUTNAME:墓穴強韌（Fortitude of the Crypt）	DESC:.CLEAR	DESC:8級時，死骸騎士免疫毒素。同時，如果他沒有黑暗視覺，則得到60尺黑暗視覺。此能力取代絕望靈光。	
CATEGORY=Special Ability|Knight of the Sepulcher ~ Cloak of the Crypt.MOD	OUTPUTNAME:墳土之袍（Cloak of the Crypt）	DESC:.CLEAR	DESC:10級，死骸騎士對屬性吸取和有害的負能量效果免疫，同時有50%%的機率忽略重擊和偷襲的傷害加值，如同他穿著〈中級護命〉盔甲。此能力取代10級的制裁善良額外使用次數。	
CATEGORY=Special Ability|Knight of the Sepulcher ~ Will of the Crypt.MOD	OUTPUTNAME:墳污強韌（Will of the Crypt）	DESC:.CLEAR	DESC:11級，死骸騎士對抗影響心智和即死效果的加值上升到+4。此能力取代復仇靈光。	
CATEGORY=Special Ability|Knight of the Sepulcher ~ Weapons of Sin.MOD	OUTPUTNAME:原罪武器（Weapons of Sin）	DESC:.CLEAR	DESC:14級時，在克服傷害減免時，死骸騎士的武器被視為邪惡陣營。此能力取代罪孽靈光。	
CATEGORY=Special Ability|Knight of the Sepulcher ~ Crypt Lord.MOD	OUTPUTNAME:墳墓之主（Crypt Lord）	DESC:.CLEAR	DESC:15級，死骸騎士免疫即死、麻痺、睡眠和震懾效果，且有75%%的機率機率忽略重擊和偷襲的傷害加值，如同他穿著〈高級護命〉盔甲。同時也不再需要睡眠、免疫疲乏效果，任何會讓他力竭的效果現在只能讓他疲乏。此能力取代暴行。	
CATEGORY=Special Ability|Knight of the Sepulcher ~ Soul of the Crypt.MOD	OUTPUTNAME:墳場之魂（Soul of the Crypt）	DESC:.CLEAR	DESC:17級時，死骸騎士得到傷害減免「5/善良且鈍擊」。此能力取代墮落靈光。	
CATEGORY=Special Ability|Knight of the Sepulcher ~ Undying Champion.MOD	OUTPUTNAME:不死代行者（Undying Champion）	DESC:.CLEAR	DESC:20級，死骸騎士成為了不死生物的一員，他的傷害減免上升到「10/善良且鈍擊」，他的生物種類變成不死生物，而且得到所有不死生物特性。雖然他免疫疾病，不過他仍然可以透過【疫病神】能力將疾病傳染給他人。成為不死代行者之後，他不再擁有體質屬性，並在決定生命值、強韌檢定、基於體質的特殊能力時用魅力屬性取而代之。此能力取代穢邪代行者。	
