CATEGORY=Special Ability|Master Chymist ~ Bomb-Thrower.MOD	OUTPUTNAME:擲彈手（Bomb-Thrower）	DESC:.CLEAR	DESC:炸彈的毀滅性力量鼓動著煉金大師的暴力衝動。將人物的煉金術師等級與煉金大師等級合計以決定其炸彈所造成的傷害。	
CATEGORY=Special Ability|Master Chymist ~ Mutagenic Form.MOD	OUTPUTNAME:突變形態（Mutagenic Form）	DESC:.CLEAR	DESC:煉金大師的突變形態是一種擁有與她正常形態不同的人格的自我變形，一種她在職業生涯中使用「突變藥劑」積累所誘發的精神改變的副產物。突變形態共享人物正常人格的記憶和基本目標，但會以不同的方式去實現這些目標。突變形態通常非常醜陋而畸形，甚至可能表現為與正常形態不同的種族或性別；差別大到他們看上去可能是完全無關的兩個人。事實上，突變形態通常有他或她自己的名字，並可能試圖維持獨立的人際關係和根據地（儘管這種自我變形的存在時間有限，使得這些目標難以達成）。突變形態甚至有他或她自己的陣營（由玩家選擇，但必須與人物的正常陣營不同）。這一陣營改變只在人物處於突變形態時起效。	
CATEGORY=Special Ability|Master Chymist ~ Mutate.MOD	OUTPUTNAME:突變（Mutate）	DESC:.CLEAR	DESC:1級時，作為反覆使用「突變藥劑」的後果，人物現在可以每天兩次化身為突變形態且無需使用突變藥劑。在此形態下，她獲得所有「突變藥劑」的加值及懲罰，並將其煉金術師和本職業的等級合計作為有效煉金術師等級來決定本形態的持續時間。使用「突變藥劑」也會使人物化為此形態。在突變形態下再次使用突變藥劑或突變能力，其效果正常計算（以新的突變藥劑代替舊的，以較長持續時間生效）。人物保持其突變形態直到持續時間結束，她的魔法也終止（例如帶有反魔法力場），除非她花費另一次突變能力使用次數。人物也可能在壓力或傷害迫使下不隨其意願便進入突變形態。每當人物處於其正常形態並擁有可用的每日突變能力次數時，她在遭受重擊或強韌豁免失敗後可能會被強制變身。在這些情況下人物必須進行DC25的意志豁免；若失敗，在她下回合中她花費一個標準動作變身為突變形態（以使用突變能力一般計算）。5級時，人物可以每日變成突變形態3次，8級時增至4次，10級時為5次。	
CATEGORY=Special Ability|Master Chymist ~ Advanced Mutagen.MOD	OUTPUTNAME:進化突變（Advanced Mutagen）	DESC:.CLEAR	DESC:在2級時，人物的「突變形態」隨著她能力的增強而進一步進化。人物可以選擇一項「進化突變」，這是一種改變她突變形態作用方式或僅能在她「突變形態」下使用的能力。在4級、6級、8級和10級時，她獲得額外的「進化突變」。人物無法多次選擇相同的「進化突變」。	
CATEGORY=Special Ability|Master Chymist ~ Brutality.MOD	OUTPUTNAME:獸性（Brutality）	DESC:.CLEAR	DESC:3級時，人物的暴力愛好使她能夠在殘忍心靈指引下用武器輕易做出更強力的攻擊。人物在突變形態下使用簡易和天生武器攻擊時傷害獲得+2加值，該加值在7級時增至+4，9級時增至+6。	
CATEGORY=Special Ability|Advanced Mutagen ~ Burly.MOD	OUTPUTNAME:強壯（Burly）	DESC:.CLEAR	DESC:在突變形態下，人物的龐大體格令她在力量檢定、體質檢定、基於力量的技能檢定、以及CMB和CMD上獲得煉金加值。此加值等於本職業等級的一半。	
CATEGORY=Special Ability|Advanced Mutagen ~ Disguise.MOD	OUTPUTNAME:易容（Disguise）	DESC:.CLEAR	DESC:當處於突變形態下時，人物可以暫時改變為正常形態的外表，並仍舊保持大部分突變形態的能力。以一個標準動作，她可以進行一次意志豁免檢定（DC20）來將外表變化為正常形態1分鐘。第一次之後的每分鐘增加都需要一個新的豁免檢定，且DC+1。失敗則意味著人物變回其正常形態（若結束使用突變形態）或完全恢復其突變形態。每當使用此能力時，人物可以用一個標準動作恢復其正常形態，或放鬆其精神以一個自由動作恢復突變形態。當本能力結束後，人物在10分鐘之內無法再次使用。突變形態下明顯的肉體變化，例如「龍形突變」，「野性突變」以及「成長突變」在人物易容為正常形態下不生效。易容花費的時間也計入人物的突變形態時間。	
CATEGORY=Special Ability|Advanced Mutagen ~ Draconic Mutagen.MOD	OUTPUTNAME:龍形突變（Draconic Mutagen）	DESC:.CLEAR	DESC:當人物處於突變形態時，她獲得類似龍的特徵——有鱗的皮膚、爬蟲類的眼睛、等等，就像是半龍一樣。人物在選擇本進化突變時選擇一種龍類型；這決定了人物類龍的抗性和噴吐武器類型，一旦選擇便不可更改。人物獲得該種類龍的能量類型的20點抗性。人物的噴吐武器造成8d8點能量傷害（通過反射豁免減半，DC為「10+煉金大師職業等級+智力修正」）；她每次變形為突變形態可以使用其噴吐武器1次。人物必須擁有至少16的有效煉金術師等級（煉金術師等級加上本職業等級），「巨龍形態I」化合煉成，且擁有「野性突變」科研發現或進化突變方可選擇本能力。	
CATEGORY=Special Ability|Advanced Mutagen ~ Dual Mind.MOD	OUTPUTNAME:雙重思想（Dual Mind）	DESC:.CLEAR	DESC:人物的自我變形使她獲得意志豁免+2加值，無論處於正常形態還是突變形態。若她被惑控系法術或效果影響並豁免失敗，她可以在一輪後使用相同DC再次嘗試；若她成功，則從效果中解放（如同正常豁免成功）並立即轉變為突變形態或變回正常形態。若她當日沒有剩餘的突變能力可用次數，則也無法使用雙重思想能力。人物必須擁有至少10的有效煉金術師等級（煉金術師等級加上本職業等級）方可選擇本能力。	
CATEGORY=Special Ability|Advanced Mutagen ~ Evasion.MOD	OUTPUTNAME:反射閃避（Evasion）	DESC:.CLEAR	DESC:本能力與盜賊的同名能力相同，但只對人物的突變形態生效。	
CATEGORY=Special Ability|Advanced Mutagen ~ Extended Mutagen.MOD	OUTPUTNAME:突變延時（Extended Mutagen）	DESC:.CLEAR	DESC:人物的突變時間翻倍。	
CATEGORY=Special Ability|Advanced Mutagen ~ Feral Mutagen.MOD	OUTPUTNAME:野性突變（Feral Mutagen）	DESC:.CLEAR	DESC:本能力與煉金術師的同名科研發現效果相同，在滿足其他科研發現或進化突變時也通用。	
CATEGORY=Special Ability|Advanced Mutagen ~ Furious Mutagen.MOD	OUTPUTNAME:狂怒突變（Furious Mutagen）	DESC:.CLEAR	DESC:野性突變的嚙咬和爪抓攻擊傷害骰增加一級。人物必須擁有至少11的有效煉金術師等級（煉金術師等級加上本職業等級）和野性突變的科研發現或進化突變方可選擇本能力。	
CATEGORY=Special Ability|Advanced Mutagen ~ Grand Mutagen.MOD	OUTPUTNAME:究極突變（Grand Mutagen）	DESC:.CLEAR	DESC:本能力與煉金術師的同名科研發現效果相同，在滿足其他科研發現或進化突變時也通用。人物必須擁有至少16的有效煉金術師等級（煉金術師等級加上本職業等級）和「野性突變」科研發現或進化突變方可選擇本能力。	
CATEGORY=Special Ability|Advanced Mutagen ~ Greater Mutagen.MOD	OUTPUTNAME:高級突變（Greater Mutagen）	DESC:.CLEAR	DESC:本能力與煉金術師的同名科研發現效果相同，在滿足其他科研發現或進化突變時也通用。人物必須擁有至少12的有效煉金術師等級（煉金術師等級加上本職業等級）和「野性突變」科研發現或進化突變方可選擇本能力。	
CATEGORY=Special Ability|Advanced Mutagen ~ Growth Mutagen.MOD	OUTPUTNAME:成長突變（Growth Mutagen）	DESC:.CLEAR	DESC:當使用突變形態時，她增加一個體型等級，如同受到「人類變巨術」法術效果。人物必須擁有至少16的有效煉金術師等級（煉金術師等級加上本職業等級）並懂得「人類變巨術」、「巨人形態I」、「變形術」的化合煉成之一方可選擇本能力。	
CATEGORY=Special Ability|Advanced Mutagen ~ Night Vision.MOD	OUTPUTNAME:夜視（Night Vision）	DESC:.CLEAR	DESC:人物在突變形態下獲得60尺黑暗視覺以及昏暗視覺。	
CATEGORY=Special Ability|Advanced Mutagen ~ Nimble.MOD	OUTPUTNAME:靈活（Nimble）	DESC:.CLEAR	DESC:人物的柔軟身體形態使她在所有敏捷檢定、基於敏捷的技能檢定、CMD上獲得煉金加值，並在AC上獲得天生護甲加值。此加值等於本職業等級的一半。	
CATEGORY=Special Ability|Advanced Mutagen ~ Restoring Change.MOD	OUTPUTNAME:變形恢復（Restoring Change）	DESC:.CLEAR	DESC:當人物變形為突變形態或從突變形態中回復正常形態時，她恢復「1d8+角色等級」的生命值。	
CATEGORY=Special Ability|Advanced Mutagen ~ Scent.MOD	OUTPUTNAME:嗅覺靈敏（Scent）	DESC:.CLEAR	DESC:人物在突變形態下獲得「靈敏嗅覺」能力。	
