CATEGORY=Special Ability|Alchemist ~ Alchemy.MOD	OUTPUTNAME:煉金術（Alchemy）	DESC:.CLEAR	DESC:煉金術師不僅對創作簡易的煉金製品（像是熾火膠或是煙霧棒）得心應手，他們也擅於製作精製的魔法化合物藥水以用來儲存法術效果。實際上，一名煉金術師靠混合多種煉金產物來儲存他的法術，然後喝下藥水來「施展」他的法術。當一名煉金術師製作一份煉金製品、一份煉金煉成物或是一份煉金炸彈，他向這份混合物中注入一小部分他自身的魔法力量——這能確保這份作品的強大效果，但從某些角度而言這也是限制了這份製品的效果。當使用工藝（煉金）技能來創造一份煉金物品的時候，一個煉金術師獲得等同於他職業等級的表現加值在工藝（煉金）的檢定上。此外，當煉金術師使用工藝（煉金）來鑒定藥水時，等同於使用『偵測魔法』。他必須把藥水握於手中1輪來進行這一鑒定。一個煉金術師可以製作三項特殊的魔法製品——化合煉成、煉金炸彈、以及突變藥劑。【煉金炸彈】是一種爆炸性濺射武器，而【突變藥劑】是一種改變藥水，煉金術師可以飲用它來提升自己的物理能力——而這些都是在他們自身慎重決定之後使用的。化合煉成是這三樣中最為多變的產物。在許多方面，它們表現有如魔法，只是以藥水的形式顯現出來，因而他們可以被『解除魔法』來解除效果，使用煉金術師的職業等級作為施法等級。不同於藥水，化合煉成有著更強大的作用和魔法效果，而這些都是普通藥水做不到的。一個煉金術師每日能進行一定數量的化合煉成，他的基礎化合煉成數量見上表。此外，如果他有額外的智力加值，他能進行額外的化合煉成，就如同法師獲得額外法術一樣。當一個煉金術師調成一份化合煉成時，他向化合物和試劑中注入自身的魔法力量。當一份化合煉成離開了煉金術師的掌握後，它會迅速失效，當它回到煉金術師的手中時，它又立即再度生效——通常一個煉金術師是不能把他的化合煉成交給他的隊友使用的（見【灌注煉成（Infusion）】科研發現）。一份化合煉成一旦被創造出來，在它失效前可以儲存一天，所以煉金術師必須每天重新準備他的化合煉成。製作一份化合煉成需要1分鐘時間——大部分煉金術師都是在每天開始之時準備好化合煉成，或是在出發去冒險之前，不過即使煉金術師整天閒置他的一些（或全部）煉成位也並非什麼大不了的事，這樣做的目的是為了讓他可以隨時隨地準備化合煉成以備不時之需。儘管煉金術師不能真正的施展法術，他們有一份公式列表，來決定他們可以製作哪些化合煉成。煉金術師可以使用法術型觸發物品——如果那個法術在他的公式列表上；但他不能使用法術完成型物品（除非他通過使用魔法裝置技能來使用該物品）。一個化合煉成靠飲用來生效，就像是喝藥水一樣，化合煉成的效果取決於你使用的公式、只對飲用者生效。煉金術師使用他的煉金術師職業等級作為施法者等級，來決定他的化合煉成效果。施展化合煉成需要一些原材料，但這些材料的價格大都是可以忽略不計的——相對於那些昂貴的施法材料而言。如果一個法術需要施法材料，那麼那份材料視作在準備化合煉成的過程中已經使用了。煉金術師可以準備他已知曉公式的化合煉成。欲準備某環級的化合煉成，煉金術師的智力必須達到「10+公式環級」。若要對抗煉金術師的化合煉成，其豁免檢定的DC為「10+公式環級+智力修正」。煉金術師可以知曉任意數量的公式，他將公式記載在一本叫做公式簿（formula book）的特殊筆記裡，他必須研習他的筆記來準備化合煉成。一個1級煉金術師開始時只有「2+智力修正」數量的1環公式（他可以任意選擇），每獲得一個新的煉金術師等級，他可以增加一個能施展的任意環級公式。煉金術師也可以像是法師增添法術一樣增添他的公式，使用同樣的金錢和時間消耗。一個煉金術師可以研究法師的法術書來增加他的公式數量，但是法師不能從煉金術師那裡學習新的法術。	
CATEGORY=Special Ability|Alchemist ~ Bomb.MOD	OUTPUTNAME:煉金炸彈（Bomb）	DESC:.CLEAR	DESC:除了如同法術一般的化合煉成，煉金術師也十分諳熟於混合各種不穩定化合物，並向其中灌注自身魔力來製作巨大威力的煉金炸彈來消滅他們的敵人。一個煉金術師每日可以使用等同於「煉金術師等級+智力修正」次數的煉金炸彈。煉金炸彈極不穩定，所以如果不能在創造出的那一輪中使用，它們就會失效，煉金炸彈的製作方法及原料注定了它們無法用來製作大型炸彈而且無法儲藏。為了製作煉金炸彈，煉金術師必須使用包括1盎司催化劑的一小瓶原料——煉金術師能在煉金實驗室中輕而易舉的製造出這種催化劑，這些原料可以輕鬆地放置在他的材料口袋中。大部分煉金術師在一日之初就製造好了這些催化劑，而且這些催化劑在製作之後可以儲存數年不變質失效。製作並投擲煉金炸彈是一個標準動作並且會導致藉機攻擊，投擲煉金炸彈有著20尺的距離，而且使用投擲濺射武器的特殊攻擊規則。煉金炸彈被視為一件武器，並可以選擇用專長來使用它，比如「近距射擊」和「武器專攻」。如果命中，煉金炸彈造成「1d6+智力修正」點火焰傷害。煉金術師的等級每上升2級，煉金炸彈的傷害增加1d6（這一傷害不會通過重擊或「要害打擊」專長等方式來加倍）。煉金炸彈造成的濺射傷害等同於炸彈的最小傷害（所以如果一個煉金炸彈造成「2d6+4」傷害，那它的濺射傷害就是6點火焰傷害），濺射傷害可以通過一個反射檢定來減半，DC為「10+1/2煉金術師等級+智力修正」。煉金術師可以在【科研發現】中製作新型煉金炸彈，而且如同化合煉成一樣，煉金炸彈在他人手上會立即失效。	
CATEGORY=Special Ability|Alchemist ~ Brew Potion.MOD	OUTPUTNAME:製造藥水（Brew Potion）	DESC:.CLEAR	DESC:1級時，煉金術師獲得「製造藥水」作為額外專長。煉金術師可以製造任意他已知公式的藥水（最高3環公式），使用他的煉金術師等級作為施法者等級。	
CATEGORY=Special Ability|Alchemist ~ Mutagen.MOD	OUTPUTNAME:突變藥劑（Mutagen）	DESC:.CLEAR	DESC:一級時，煉金術士發現如何調製突變藥水。飲用突變藥水可以增強他的肉體力量，但有害他的精神健康。製作一份突變藥水需要1小時，不過製作完畢後，直到使用前它都不會失效。煉金術士一次只能持有一瓶突變藥劑。一旦他調製出第二瓶，任何已存在的突變藥劑就會失去活性。就像化合煉成與煉金炸彈，突變藥劑只要不在煉金術士身上就會失去效用，直到煉金術士再次擁有它。當一位煉金術士喝下突變藥劑後，他可以從力量，體質，敏捷中選擇一項。飲用突變藥劑是一個標準動作。一但煉金術士喝下突變藥劑，他將變得粗壯而充滿獸性，這使他在AC上獲得+2天生防禦加值並在選定的屬性上獲得+4煉金加值。此效果持續每個煉金術士等級10分鐘。此外，當突變藥劑正在起效時，煉金術士的必須在一項精神屬性上承受-2減值。如果突變藥劑增強了他的力量，則他的智力承受-2減值。如果增強的是敏捷，則感知承受-2減值。如果增強的是體質，則魅力承受-2減值。一個不是煉金術士的人如果喝下突變藥劑，則必須進行一次強韌檢定（DC為10+1／2 煉金術士的職業等級+煉金術士的智力加值），否則他將反胃（nauseated）一個小時——不是煉金術士的人無法從突變藥劑中受益，但是一位煉金術士可以飲用另一個煉金術士的突變藥劑並獲得其效果（即便如果該名煉金術士製造了別的突變藥劑，這份「被偷走的」突變藥劑的效果會立刻消失）。突變藥劑的效果不會疊加。當煉金術士喝下一份突變藥劑時，先前存在的任何突變藥劑效果將立刻結束。	
CATEGORY=Special Ability|Alchemist ~ Throw Anything.MOD	OUTPUTNAME:隨手投擲（Throw Anything）	DESC:.CLEAR	DESC:所有煉金術師1級時獲得「隨手投擲」作為額外專長。煉金術師可以把他的智力修正加到濺射武器的傷害計算中，包括濺射傷害（如果有的話）。這個傷害已經包含在煉金炸彈職業能力中。	
CATEGORY=Special Ability|Alchemist ~ Discovery.MOD	OUTPUTNAME:科研發現（Discovery）	DESC:.CLEAR	DESC:從第2級開始，並且自2級後每一個偶數等級一直到18級，煉金術師會在煉金術上獲得一項不可思議的成就。除非特別註明，煉金術師不能重複選擇同一科研發現，一些科研發現有前提需求。有星號標記的、用於特殊煉金炸彈的科研發現效果不能疊加。一個煉金炸彈最多只有一項特殊效果。科研發現效果如果需要豁免，則豁免DC為「10+1/2煉金術師等級+智力修正」。	
CATEGORY=Special Ability|Alchemist ~ Poison Resistance.MOD	OUTPUTNAME:毒性抗力（Poison Resistance）	DESC:.CLEAR	DESC:從第2級開始，煉金術師在所有的毒性對抗檢定上獲得+2加值。這一抗力在5級時升為+4，在8級時升為+6。10級時，煉金術師對毒藥完全免疫。	
CATEGORY=Special Ability|Alchemist ~ Poison Use.MOD	OUTPUTNAME:用毒（Poison Use）	DESC:.CLEAR	DESC:煉金術師學習過如何安全的使用毒藥，從2級開始，煉金術師在給武器上毒時不會因意外而中毒。	
CATEGORY=Special Ability|Alchemist ~ Swift Alchemy.MOD	OUTPUTNAME:迅捷煉金（Swift Alchemy）	DESC:.CLEAR	DESC:從3級開始 ，煉金術師可以用令人震驚的速度來製作煉金物品。煉金術師製作一樣煉金物品只需要正常時間的一半，而且他可以一個移動動作給武器上毒。	
CATEGORY=Special Ability|Alchemist ~ Swift Poisoning.MOD	OUTPUTNAME:迅捷上毒（Swift Poisoning）	DESC:.CLEAR	DESC:從6級開始，煉金術師能以一個迅捷動作給武器上毒。	
CATEGORY=Special Ability|Alchemist ~ Persistent Mutagen.MOD	OUTPUTNAME:長效突變藥劑（Persistent Mutagen）	DESC:.CLEAR	DESC:從14級開始，【突變藥劑】的效果可以持續每等級1小時。	
CATEGORY=Special Ability|Alchemist ~ Instant Alchemy.MOD	OUTPUTNAME:瞬間煉金（Instant Alchemy）	DESC:.CLEAR	DESC:從18級開始，煉金術師可以一種超常的速度製作煉金物品。只要他能通過工藝（煉金）技能檢定、且手頭有足夠的煉金材料，他能以一個整輪動作製造一項煉金物品。他能以一個直覺動作給武器上毒。	
CATEGORY=Special Ability|Alchemist ~ Grand Discovery.MOD	OUTPUTNAME:賢者之證（Grand Discovery）	DESC:.CLEAR	DESC:在20級時，煉金術師在煉金術上獲得了及其巨大的成就，他可以迅速獲得2項【科研發現】，並自下方列表中獲得1項賢者之證——代表著煉金術師在煉金術的某一方面取得了空前的突破性進展。對多數煉金術師而言，取得這些賢者之證之一正是常年勤奮實驗的最終目標。	
CATEGORY=Special Ability|Discovery ~ Awakened Intellect.MOD	OUTPUTNAME:啟迪智慧（Awakened Intellect）	DESC:.CLEAR	DESC:煉金術師對稀奇化學藥品的長期研究拓展了他的心智。他的智力永久增加2點。	
CATEGORY=Special Ability|Discovery ~ Eternal Youth.MOD	OUTPUTNAME:返老還童（Eternal Youth）	DESC:.CLEAR	DESC:煉金術師重獲青春。如果他之前因老化而損失了肉體屬性，那他現在將恢復這些屬性；而且他將不用再擔心因年齡增長而損失肉體屬性。	
CATEGORY=Special Ability|Discovery ~ Fast Healing.MOD	OUTPUTNAME:不朽肉體（Fast Healing）	DESC:.CLEAR	DESC:煉金術師血肉之軀的傷害能以肉眼可見的速度回復。他獲得5點快速醫療。	
CATEGORY=Special Ability|Discovery ~ Philosopher's Stone.MOD	OUTPUTNAME:賢者之石（Philosopher's Stone）	DESC:.CLEAR	DESC:煉金術師學會了如何製造＜賢者之石＞。每月1次，他可以花費1天時間製作一顆賢者之石。	
CATEGORY=Special Ability|Discovery ~ Poison Touch.MOD	OUTPUTNAME:毒性之觸（Poison Touch）	DESC:.CLEAR	DESC:煉金術師獲得了毒性之觸，有如處於『毒擊術』之下，他能以一個自由動作啟動或關閉這一能力。至於這種毒性被創造和傳遞時的外觀如何，則因煉金術師而異。	
CATEGORY=Special Ability|Discovery ~ True Mutagen.MOD	OUTPUTNAME:真突變藥劑（True Mutagen）	DESC:.CLEAR	DESC:煉金術師的【突變藥劑】現在可以帶來AC天生護甲加值+8，力量、敏捷和體質煉金加值+8。煉金術師的智力、感知和魅力在藥劑持續期間受到-2減值。煉金術師必須在習得【究極突變（Grand mutagen）】之後才能選取此賢者之證。	
CATEGORY=Special Ability|Bogborn Alchemist ~ Amphibious Mutagen.MOD	OUTPUTNAME:兩棲突變藥劑（Amphibious Mutagen）	DESC:.CLEAR	DESC:1級起，當沼地煉金師使用【突變藥劑】時，他可以選擇利用他的突變形態增加兩棲行動模式。這使他雙腳變長，手指間形成厚膜並且將腳趾伸展開，給予他＜兩棲＞特性以及15尺游泳速度。該能力取代隨手投擲。	
CATEGORY=Special Ability|Discovery ~ Chameleon.MOD	OUTPUTNAME:變色龍（Chameleon）	DESC:.CLEAR	DESC:選擇該科研發現的煉金術師能夠改變自身皮膚與裝備的顏色，使其與周圍的環境融為一體。他的隱匿檢定獲得+4增強加值。10級起，隱匿檢定的增強加值提升至+8。	
CATEGORY=Special Ability|Discovery ~ Deadly Excretions.MOD	OUTPUTNAME:致命分泌物（Deadly Excretions）	DESC:.CLEAR	DESC:當煉金術師使用【毒性皮膚】時，他能選擇分泌出體質毒藥來替代敏捷毒藥。這種毒素與普通樹蛙人毒性皮膚分泌的毒素作用方式相同，不過豁免失敗的人將會受到的是1點體質傷害。煉金術師必須達到8級，並且在選擇該科研發現之前必須擁有【毒性皮膚】種族特性。	
CATEGORY=Special Ability|Discovery ~ Underwater Demolition.MOD	OUTPUTNAME:水下爆破（Underwater Demolition）	DESC:.CLEAR	DESC:煉金術師獲得在水下投擲煉金炸彈的能力（正常情況下無法在水下使用投擲武器），該能力也包括將炸彈從水上投入水中。如果煉金炸彈的行動軌跡需要通過水中，那麼其射程增量降低至5尺。	
CATEGORY=Special Ability|Bramble Brewer ~ Briar Bombs.MOD	OUTPUTNAME:石南炸彈（Briar Bombs）	DESC:.CLEAR	DESC:2級時，種植專家獲得【絆足炸彈（tanglefoot bomb, UM）】科研發現，但是糾纏會持續相當於種植專家智力修正的輪數（至少1輪）。此外，當種植專家投擲一枚絆足炸彈，它會將濺射範圍內的所有方格都變為困難地形，持續時間如同炸彈的糾纏效果。儘管這些炸彈不會造成傷害，但是種植專家的標準炸彈每能造成1d6傷害，石南炸彈的濺射半徑就增加5尺。這一能力取代2級獲得的科研發現。	
CATEGORY=Special Ability|Bramble Brewer ~ Dendrite Mutagen.MOD	OUTPUTNAME:樹化藥劑（Dendrite Mutagen）	DESC:.CLEAR	DESC:1級時，種植專家的突變藥劑仍然可以造成形態變化的能力，但是造成的是樹木般的茁壯，而不是標準突變藥劑般的野性力量。飲用後，樹化藥劑提供AC+4天生護甲加值，任意一項物理屬性+2煉金加值，對應精神屬性-2罰值（如同標準【突變藥劑】職業能力）。此外，煉金術師只要處於有明亮光線的區域（比如日光或『晝明術』法術範圍內）就會獲得快速治療1。該能力在其他方面如同標準突變藥劑能力般運作並取代之。一名選擇【高級突變（Greater mutagen, APG）】科研發現的種植專家創造出的【樹化藥劑】仍然提供AC+4天生護甲加值，同時在一項物理屬性上提供+4加值，在另一項物理屬性上提供+2加值。在藥劑的持續時間內，種植專家在對應的兩項精神屬性上均承受-2罰值，但是若他處於明亮光線中，快速治療提升至3。這一科研發現在其他方面如同高級突變般運作，並取代之。一名選擇【究極突變（Grand mutagen, APG）】科研發現的種植專家創造出的【樹化藥劑】現在提供AC+6天生護甲加值，同時在一項物理屬性上提供+6加值，第二項物理屬性上提供+4加值，第三項物理屬性上提供+2加值。在藥劑的持續時間內，種植專家在智力，感知和魅力屬性上均承受-2罰值，但是若他處於明亮光線中，快速治療提升至5。這一科研發現在其他方面如同究極突變般運作，並取代之。	
CATEGORY=Special Ability|Bramble Brewer ~ Grand Discovery.MOD	OUTPUTNAME:賢者之證（Grand Discovery）	DESC:.CLEAR	DESC:20級時，選擇【無敵突變（True Mutagen）】作為賢者之證的種植專家創造出的【樹化藥劑】現在提供AC+8天生護甲加值，在力量，敏捷和體質上提供+6煉金加值。在藥劑的持續時間內，種植專家在智力，感知和魅力屬性上均承受-2罰值，他若處於明亮光線中，便可獲得快速治療10。一名種植專家必須擁有【究極突變】科研發現才能選擇該賢者之證。	
CATEGORY=Special Ability|Discovery ~ Defoliant Bomb.MOD	OUTPUTNAME:除葉炸彈*（Defoliant Bomb）	DESC:.CLEAR	DESC:這些有毒炸彈能夠清除樹葉，對植物類生物造成額外傷害。當煉金術師製造煉金炸彈時，可以選擇製作夠出對植物類生物造成額外傷害，但是對其他生物降低傷害的炸彈。在用其對抗植物類生物時，除葉炸彈造成1d8點傷害，並在之後的每個奇數煉金術師等級提高1d8點以取代原本的1d6傷害。在對抗其他類型生物時，除葉炸彈只能造成1d4點傷害，並在之後的每個奇數煉金術師等級提高1d4點而非原本的1d6傷害。這是毒素效果。除葉炸彈會殺死目標所在方格以及濺射範圍內的所有普通植物；任何在該效果範圍內的基於植物的困難地形會變為正常地形。	
CATEGORY=Special Ability|Deep Bomber ~ Silent Bomb.MOD	OUTPUTNAME:靜靄炸彈（Silent Bomb）	DESC:.CLEAR	DESC:2級起，當深土爆破者製造煉金炸彈時，它能夠選擇消除其爆發時的聲響，儘管炸彈爆炸造成的傷害依舊可能引起傷者的呼嚎。該能力取代用毒。	
CATEGORY=Special Ability|Deep Bomber ~ Targeting Bomb.MOD	OUTPUTNAME:標記炸彈*（Targeting Bomb）	DESC:.CLEAR	DESC:3級起，當深土爆破者製造煉金炸彈時，它能夠選擇在其爆發時造成『妖火（Faerie Fire）』的效果，影響所有在濺射範圍內的生物（包括直擊目標，如果有）。該能力取代迅捷煉金（深土爆破者會在18級時獲得迅捷煉金，但是不會獲得瞬間煉金）。	
CATEGORY=Special Ability|Deep Bomber ~ Stonekin.MOD	OUTPUTNAME:岩石族裔（Stonekin）	DESC:.CLEAR	DESC:6級起，深土爆破者自動習得『樹化術（Tree Shape）』作為2環化合煉成，不過他並非化為樹的形態，而是變為與自身當前體型相同的石筍的形態。7級起，他自動習得『融身入石（Meld into Stone）』作為3環化合煉成。該能力取代迅捷上毒。	
CATEGORY=Special Ability|Discovery ~ Darkness Bomb.MOD	OUTPUTNAME:黑暗炸彈*（Darkness Bomb）	DESC:.CLEAR	DESC:當煉金術師製造炸彈時，他能夠選擇使其壓制目標身上的光源。這會熄滅目標攜帶的非魔法光源，並且會如同『深幽黑暗術』一般解除魔法光源，持續每等級1輪。	
CATEGORY=Special Ability|Discovery ~ Glassfoot Bomb.MOD	OUTPUTNAME:碎晶炸彈*（Glassfoot Bomb）	DESC:.CLEAR	DESC:當煉金術師製造炸彈時，他能夠在造成正常效果的同時選擇用揮發性鋸齒晶體覆蓋地面。這些晶體如同鐵蒺藜一般運作，它們會在2d6輪內揮發成難聞但是無害的氣體。	
CATEGORY=Special Ability|Fire Bomber ~ Fire Bombardier.MOD	OUTPUTNAME:火焰轟炸（Fire Bombardier）	DESC:.CLEAR	DESC:1級時，當炸彈人投擲造成火焰傷害的炸彈時，所有在濺射範圍內的生物都會受到每骰1點額外的火焰傷害。炸彈人只能將他們的智力加值加在造成火焰傷害的炸彈或化學物質上。這一能力在其他方面同煉金術師的「煉金炸彈」及「隨手投擲」能力般運作。這一能力取代煉金炸彈和隨手投擲。	
CATEGORY=Special Ability|Fire Bomber ~ Fiery Cocktail.MOD	OUTPUTNAME:哥布林托夫雞尾酒（Fiery Cocktail）	DESC:.CLEAR	DESC:4級時，當炸彈人使用一項造成非火焰傷害的科研發現時，他可以讓炸彈多造成1d6傷害，然後平攤炸彈的的傷害類型，造成一半初始類型的傷害和一半火焰傷害；若最後存在奇數個傷害骰，多出來的一個傷害骰造成原本類型的傷害。【譯註：原文較為混亂，此處依據舉例整理了格式。】舉例來說，一名8級的炸彈人可以擲出一枚【震盪炸彈】並造成2d6火焰傷害加上3d6音波傷害。炸彈的額外效果依舊生效，但是此類混合炸彈的豁免DC減少2點。這一能力取代煉金術師4級時的科研發現。	
CATEGORY=Special Ability|Fire Bomber ~ Fire Body.MOD	OUTPUTNAME:地精自燃術（Fire Body）	DESC:.CLEAR	DESC:8級時，炸彈人將『元素身軀I』作為3級公式加入他的公式表中。通過【地精自燃術】準備的『元素身軀』公式僅能用於變形成為火元素。這一能力取代抵抗毒素+6。	
CATEGORY=Special Ability|Fire Bomber ~ Improved Fire Body.MOD	OUTPUTNAME:精通地精自燃術（Improved Fire Body）	DESC:.CLEAR	DESC:10級時，炸彈人將『元素身軀II』作為4級公式加入他的公式表中。通過【精通地精自燃術】準備的『元素身軀』公式僅能用於變形成為火元素。這一能力取代毒素免疫。	
CATEGORY=Special Ability|Fire Bomber ~ Greater Fire Body.MOD	OUTPUTNAME:高等地精自燃術（Greater Fire Body）	DESC:.CLEAR	DESC:14級時，炸彈人將『元素身軀IV』作為5級公式加入他的公式表中。通過【高等地精自燃術】準備的『元素身軀』公式僅能用於變形成為火元素。這一能力取代長效突變藥劑。	
CATEGORY=Special Ability|Discovery ~ Fire Brand.MOD	OUTPUTNAME:火焰烙印（Fire Brand）	DESC:.CLEAR	DESC:擁有此科研發現的煉金術師能以一個迅捷動作，花費1次每日炸彈使用次數從而使炸彈試劑作用於他的武器上。受此影響的武器可以造成火焰傷害，如同具有〈熾焰〉武器附魔。10級時，武器如同具有〈焰爆〉武器附魔。該炸彈試劑持續燃燒1分鐘或直到在武器浸入水中時熄滅。一名煉金術師可以將此能力應用於天生武器上，但是每件受此影響的天生武器每輪都會使他受到1d6點火焰傷害。	
CATEGORY=Special Ability|Discovery ~ Rag Doll Mutagen.MOD	OUTPUTNAME:洋娃娃突變藥劑（Rag Doll Mutagen）	DESC:.CLEAR	DESC:當煉金術師飲用一瓶突變藥劑時，他變得身輕體柔易彎折。當突變藥劑生效時，煉金術師在脫逃檢定上獲得相當於其職業等級的加值，可以如同體型小一級的生物般穿過狹小空間，還可以通過DC為「15+1/每10尺墜落高度」的反射豁免減半墜落傷害。10級時，所有墜落傷害都被視為非致命傷害，而煉金術師可以如同體型小兩級的生物般穿過狹小空間。	
CATEGORY=Special Ability|Discovery ~ Rocket Bomb.MOD	OUTPUTNAME:火箭炸彈（Rocket Bomb）	DESC:.CLEAR	DESC:擁有此科研發現的煉金術師可以準備特殊的火箭來釋放它的炸彈。火箭炸彈比普通的炸彈飛的更遠，炸的更寬，但是無法瞄準單獨生物。火箭炸彈的爆炸半徑為20尺，在此區域內的所有生物會受到煉金術師的正常濺射傷害。火箭炸彈的射程增量為50尺。【精確炸彈】或【急速炸彈】科研發現無法被應用於火箭炸彈上。一名煉金術師必須達到至少6級才能選擇該科研發現。	
CATEGORY=Special Ability|Discovery ~ Scrap Bomb.MOD	OUTPUTNAME:破片炸彈（Scrap Bomb）	DESC:.CLEAR	DESC:當煉金術師製造一顆炸彈時，他可以選擇讓它在爆炸時變成碎片，造成穿刺傷害。受到破片炸彈直接攻擊的生物會受到每炸彈傷害骰1點出血傷害，除非他成功通過了反射豁免。	
CATEGORY=Special Ability|Plague Bringer ~ Plague Vial.MOD	OUTPUTNAME:瘟疫之瓶（Plague Vial）	DESC:.CLEAR	DESC:1級起，瘟疫之源可以製作出瘟疫之瓶——以煉金術栽培並濃縮的疾病樣本。製作瘟疫之瓶需要1小時，一旦調配好，效果就可以持續至使用為止。瘟疫之源每次只能維持一瓶瘟疫之瓶的效果，一旦他製作第二瓶，前一瓶的瘟疫就會失去活性。瘟疫之瓶若被瘟疫之源以外的人持有則失去活性，直到它重回主人的手中。飲用瘟疫之瓶是一個標準動作。一旦喝下去，瘟疫之瓶將會改變瘟疫之源的血液、汗液、眼淚以及其他體液，持續每職業等級10分鐘。任何以近戰武器（長觸及武器除外）傷害他的生物必須成功進行一次DC為「10+1/2瘟疫之源等級+智力修正」的強韌豁免，否則將會噁心每瘟疫之源等級1輪。瘟疫之源免疫自己製造的瘟疫之瓶的效果，但是依舊會受到其他人製作的瘟疫之瓶影響。瘟疫之瓶的效果不會疊加。以一個標準動作，瘟疫之源可以使他的武器獲得讓人噁心的效果（通常是通過舔、以他的血或者膿水擦拭）。武器上沾染的病原體視為塗毒武器一般，除了造成的效果是疾病而非毒素（矮人的對抗毒素豁免對此無效）。瘟疫之源以外的人（包括其他煉金術師）喝下瘟疫之瓶必須進行一次等同於瘟疫之瓶DC的豁免，未通過則會反胃1個小時。除非他習得【突變藥劑（Mutagen, UM）】科研發現，否則他無法獲得突變藥劑的好處，就如同他並非煉金術師一般。【編註：這裡的意思是，由於【瘟疫之瓶】取代了【突變藥劑】職業能力，你若想用後者必須去選擇UM的同名科研發現。】在任何時候，瘟疫使者只能受到瘟疫之瓶或突變藥劑的影響之一；喝下任何一瓶都會立刻結束之前兩種藥劑帶來的任何效果。任何對突變藥劑的限制同樣適用於瘟疫之瓶，就好像他們是同一物質一樣。【灌注突變（Infuse mutagen, APG）】科研發現以及【長效突變藥劑】職業能力均適用於瘟疫之瓶。【粘性毒藥（Sticky poison, APG）】科研發現適用於用武器感染瘟疫之瓶效果。【瘟疫之瓶】是一種疾病效果。該能力取代突變藥劑。	
CATEGORY=Special Ability|Plague Bringer ~ Disease Resistance.MOD	OUTPUTNAME:疾病抗力（Disease Resistance）	DESC:.CLEAR	DESC:2級起，瘟疫之源對抗疾病的豁免檢定+2。這個加值在5級提升至+4，在8級提升至+6。10級起，瘟疫之源對疾病完全免疫（包括魔法疾病）。該能力取代所有毒性抗力以及毒性免疫。	
CATEGORY=Special Ability|Discovery ~ Greater Plague Bomb.MOD	OUTPUTNAME:高級瘟疫炸彈（Greater Plague Bomb）	DESC:.CLEAR	DESC:這種煉金炸彈散發出具有『高等疫病術（greater contagion, UM）』效果的煙雲取代『雲霧術』，它會充滿兩倍於煉金炸彈濺射範圍的區域，並且持續每煉金術師等級1輪。煉金術師至少需要達到16級並且擁有【瘟疫炸彈*（Plague Bomb*, UM）】以及【煙霧炸彈*（Smoke bomb*, APG）】才能選擇此科研發現。	
CATEGORY=Special Ability|Discovery ~ Lingering Plague.MOD	OUTPUTNAME:頑疾（Lingering Plague）	DESC:.CLEAR	DESC:當任何生物由於煉金術師的提取物或其他能力染上疾病並且豁免失敗後，他們必須在接下來的1輪再進行一次豁免，若失敗則將疾病的持續時間延長一倍。若疾病沒有持續時間，則將疾病的潛伏期以及發病頻率減半。煉金術師至少需要達到8級才能選擇此科研發現。	
CATEGORY=Special Ability|Saboteur ~ Chameleon Mutagen.MOD	OUTPUTNAME:變色龍藥劑（Chameleon Mutagen）	DESC:.CLEAR	DESC:1級時，破壞狂發現了如何製造一種獨特的藥劑，讓他可以喝下後以力量為代價增強他的潛行能力和機動性。飲用後，該藥劑使破壞狂的皮膚變換顯色以與背景吻合，同時讓他的手上和腳上分泌出一種黏黏的物質。這給他的隱匿檢定提供了相當於煉金術師等級一半的環境加值（最小+1），同時使他獲得等同於基本速度一半的攀爬速度，持續時間為每破壞狂等級10分鐘。此外，當【變色龍藥劑】生效時，破壞狂在力量上承受-2罰值。這一能力取代突變藥劑。喝下普通煉金術師突變藥劑的破壞狂被視作非煉金術師。一切對【突變藥劑】的限制都作用於【變色龍藥劑】，如同它們效果相同。【灌注突變】科研發現和【長效突變藥劑】職業能力對變色龍藥劑生效。	
CATEGORY=Special Ability|Saboteur ~ Saboteur Discoveries.MOD	OUTPUTNAME:破壞狂發現（Saboteur Discoveries）	DESC:.CLEAR	DESC:以下新的科研發現選項可以被破壞狂選取。	
CATEGORY=Special Ability|Saboteur ~ Grand Discoveries.MOD	OUTPUTNAME:賢者之證（Grand Discoveries）	DESC:.CLEAR	DESC:破壞狂可以選擇以下賢者之證。	
CATEGORY=Special Ability|Saboteur ~ True Chameleon Mutagen.MOD	OUTPUTNAME:無敵變色龍藥劑（True Chameleon Mutagen）	DESC:.CLEAR	DESC:破壞狂的變色龍藥劑現在使他如同處在『高級隱形術』和『蛛行術』的效果下，使用其煉金術師等級作為施法者等級決定藥劑持續時間。破壞狂必須擁有高等變色龍藥劑科研發現才能選擇該科研發現。	
CATEGORY=Special Ability|Discovery ~ Bore Bomb.MOD	OUTPUTNAME:鑽孔炸彈*（Bore Bomb）	DESC:.CLEAR	DESC:當破壞狂製造一枚煉金炸彈時，他可以選擇將其製成一枚鑽孔炸彈。若鑽孔炸彈擊中一面牆壁、大門、攻城兵器或類似的大型、堅固的無生命建築物，它可以忽略目標一半的硬度，並造成每破壞狂等級1點傷害。若鑽孔炸彈將一件無生命目標的生命值降低至一半或更低，它可以在目標上炸出一個5尺寬5尺深的大洞。	
CATEGORY=Special Ability|Discovery ~ Complex Bomb.MOD	OUTPUTNAME:復合炸彈（Complex Bomb）	DESC:.CLEAR	DESC:當破壞狂製造一枚煉金炸彈時，他可以選擇讓兩項不同的調整炸彈傷害的科研發現（標注星號的科研發現）作用於它。每個科研發現都作用於炸彈傷害的半數傷害骰，向下取整。舉例來說，一枚由9級破壞狂製造的震盪/寒霜炸彈造成「2d4音波+2d6寒冷」傷害。製造一枚復合炸彈花費2次【煉金炸彈】能力的每日次數。	
CATEGORY=Special Ability|Discovery ~ Grand Chameleon Mutagen.MOD	OUTPUTNAME:究極變色龍藥劑（Grand Chameleon Mutagen）	DESC:.CLEAR	DESC:破壞狂的【變色龍藥劑】現在於隱匿檢定上賦予他相當於煉金術師等級的環境加值，同時也提供了相當於其基本速度的攀爬速度。破壞狂必須擁有【高級變色龍藥劑】科研發現且達到至少16級才能選擇該科研發現。	
CATEGORY=Special Ability|Discovery ~ Greater Chameleon Mutagen.MOD	OUTPUTNAME:高級變色龍藥劑（Greater Chameleon Mutagen）	DESC:.CLEAR	DESC:破壞狂的【變色龍藥劑】現在讓他能夠【視線躲藏】如同遊俠同名能力，但是在任何地形中都生效。破壞狂需要達到至少12級才能選擇該科研發現。	
CATEGORY=Special Ability|Chirurgeon ~ Infused Curative.MOD	OUTPUTNAME:灌注治療（Infused Curative）	DESC:.CLEAR	DESC:2級時，外科醫師的治療系化合煉成將自動得到「灌注煉成」的效果，讓其他人也可以使用。和一般在飲用前持續佔據煉成位的「灌注煉成」不同，外科醫師可以在準備化合煉成時，將一個或全部「灌注治療」的煉成替換為其他煉成。此能力取代用毒。	
CATEGORY=Special Ability|Chirurgeon ~ Anaesthetic.MOD	OUTPUTNAME:麻醉（Anaesthetic）	DESC:.CLEAR	DESC:5級時，外科醫師學會怎麼在治療的時候使用止痛劑。他獲得「技能專攻（醫療）」專長。同時，他所行使的任何可能讓患者受到傷害的治療（例如拔出倒刺）只會造成最小傷害。此能力取代毒性抗力+4。	
CATEGORY=Special Ability|Chirurgeon ~ Power Over Death.MOD	OUTPUTNAME:超越死亡（Power Over Death）	DESC:.CLEAR	DESC:10級時，外科醫師將「生命之息（breath of life）」加入他的四級煉金配方公式本上。他的「灌注治療」能力對此配方有效。此能力取代毒性免疫。	
CATEGORY=Special Ability|Clone Master ~ Lesser Simulacrum.MOD	OUTPUTNAME:次級擬像（Lesser Simulacrum）	DESC:.CLEAR	DESC:7級時，複製專家將次級擬像加到他的三級煉金配方公式本上。	
CATEGORY=Special Ability|Clone Master ~ Rebirth.MOD	OUTPUTNAME:重生（Rebirth）	DESC:.CLEAR	DESC:8級時，複製專家可以製造他的複製人，並在他被殺害時甦醒。製造複製人需要5000gp和1周時間，複製人會在之後3周的時間內成長成熟。當他死亡時，複製人會像「克隆術（Clone）」效果一樣甦醒。他一次只能擁有一個複製人，複製專家製造但未使用的複製人不會腐爛。此能力取代毒性抗力+6和毒性免疫。	
CATEGORY=Special Ability|Clone Master ~ Simulacrum.MOD	OUTPUTNAME:擬像（Simulacrum）	DESC:.CLEAR	DESC:13級時，複製專家將「擬像術」加入他的五級煉金配方公式本上。	
CATEGORY=Special Ability|Clone Master ~ Clone.MOD	OUTPUTNAME:複製後備（Clone）	DESC:.CLEAR	DESC:16級時，複製專家將「克隆術（Clone）」加入他的六級煉金配方公式本上。	
CATEGORY=Special Ability|Internal Alchemist ~ Breath Mastery.MOD	OUTPUTNAME:呼吸奧秘（Breath Mastery）	DESC:.CLEAR	DESC:1級時，內修藥師可以控制他的呼吸並順從體內的真氣循環。在沒有準備的情況之下，他可以控制呼吸的分鐘數等同於他的體質（在這之後他就必須做強韌檢定否則得冒窒息的風險）；如果他花了一整輪的時間準備，他可以持續閉氣每點體質1小時的時間。內修藥師在因飢渴遭受減值之前可以生存正常人兩倍的時間。他也可以花費一個移動等效動作讓自己陷入假死，這是無意識的狀態，且看起來和真的死亡相同。他可以在預設好的時間醒來，或是在滿足他進入此狀況時的預設條件後醒來。此能力取代隨手投擲。	
CATEGORY=Special Ability|Internal Alchemist ~ Disease Resistance.MOD	OUTPUTNAME:抵抗疾病（Disease Resistance）	DESC:.CLEAR	DESC:3級時，你對抵抗疾病的豁免擲骰得到相當於在對抗毒素時候的加值，且在得到毒性免疫時也得到疾病免疫。此能力取代迅捷煉金。	
CATEGORY=Special Ability|Internal Alchemist ~ Uncanny Dodge.MOD	OUTPUTNAME:直覺閃避（Uncanny Dodge）	DESC:.CLEAR	DESC:6級時，內修藥師得到「直覺閃避」能力，這使你在措手不及或被不可見的攻擊者攻擊時依然保留AC上的敏捷加值。不過如果你不能動或是被虛招影響時，你還是會失去AC上的敏捷加值。若你在其他職業上獲得了「直覺閃避能力」，那麼你自動獲得「精通直覺閃避」。此能力取代迅捷上毒。	
CATEGORY=Special Ability|Mindchemist ~ Cognatogen.MOD	OUTPUTNAME:異變藥劑（Cognatogen）	DESC:.CLEAR	DESC:1級時，心智藥師知道如何調製「異變藥劑」，如同該科研發現。此能力取代突變藥劑，不過你仍然可以透過科研發現來學習「突變藥劑」。	
CATEGORY=Special Ability|Mindchemist ~ Perfect Recall.MOD	OUTPUTNAME:完美記憶（Perfect Recall）	DESC:.CLEAR	DESC:2級時，心智藥師學會如何保存長久的記憶。當進行知識檢定時，他可以得到兩倍的智力加值。此加值同樣作用在回想某些事物的智力檢定上。此能力取代用毒。	
CATEGORY=Special Ability|Preservationist ~ Bottled Ally I.MOD	OUTPUTNAME:瓶裝盟友I（Bottled Ally I）	DESC:.CLEAR	DESC:2級時，博物學者將馴養動物添加到他的本職技能。他將「召喚自然盟友I」加到他一級煉金配方公式本上。當準備這個公式的時候，他實際上準備了一個裝在瓶子裡的小標本（像施放法術一樣，博物學者其實不需要先指定召喚生物的種類），當他打開瓶子，標本會復活並且成長到正常的大小，如同「召喚自然盟友」般替博物學者服務。在考慮其他效應時，此生物視為召喚生物，小標本在法術結束後化為塵土。如果博物學者擁有「灌注煉成」科研發現，其他人也可以使用被灌注過的標本瓶。「增強召喚」專長可以對此能力生效。此能力取代用毒。	
CATEGORY=Special Ability|Preservationist ~ Bottled Ally II.MOD	OUTPUTNAME:瓶裝盟友II（Bottled Ally II）	DESC:.CLEAR	DESC:5級時，博物學者將「召喚自然盟友II」添加到他的二級煉金配方公式本上。此能力取代毒性抗力+4。	
CATEGORY=Special Ability|Preservationist ~ Bottled Ally III.MOD	OUTPUTNAME:瓶裝盟友III（Bottled Ally III）	DESC:.CLEAR	DESC:8級時，博物學者將「召喚自然盟友IV」添加到他的三級煉金配方公式本上。此能力取代毒性抗力+6。	
CATEGORY=Special Ability|Preservationist ~ Bottled Ally IV.MOD	OUTPUTNAME:瓶裝盟友IV（Bottled Ally IV）	DESC:.CLEAR	DESC:10級時，博物學者將「召喚自然盟友V」添加到他的四級煉金配方公式本上。此能力取代毒性免疫。	
CATEGORY=Special Ability|Preservationist ~ Bottled Ally V.MOD	OUTPUTNAME:瓶裝盟友V（Bottled Ally V）	DESC:.CLEAR	DESC:14級時，博物學者將「召喚自然盟友VII」添加到他的五級煉金配方公式本上。此能力取代長效突變藥劑。	
CATEGORY=Special Ability|Preservationist ~ Bottled Ally VI.MOD	OUTPUTNAME:瓶裝盟友VI（Bottled Ally VI）	DESC:.CLEAR	DESC:18級時，博物學者將「召喚自然盟友IX」添加到他的六級煉金配方公式本上。此能力取代18級的科研發現。	
CATEGORY=Special Ability|Psychonaut ~ Precognition.MOD	OUTPUTNAME:預讀（Precognition）	DESC:.CLEAR	DESC:5級時，心靈學家將「占卜術（augury）」加入他的二級煉金配方公式本上，此能力不需要貴重材料。此能力取代毒性抗力+4。	
CATEGORY=Special Ability|Psychonaut ~ Psychic Senses.MOD	OUTPUTNAME:心靈感知（Psychic Senses）	DESC:.CLEAR	DESC:8級時，心靈學家將「銳耳術/鷹眼術」、「偵測探知」、「探知」和「死者交談」加入他的三級煉金配方公式本上，探知不需要貴重的神術或奧術材料。當他使用「死者交談」的時候，他是聽到屍體裡殘存的神智，而不是讓屍體活化以進行交談，除了途徑不同之外，此效果運作如同同名法術。此能力取代毒性抗力+6。	
CATEGORY=Special Ability|Psychonaut ~ Remote Consciousness.MOD	OUTPUTNAME:意識投射（Remote Consciousness）	DESC:.CLEAR	DESC:10級時，心靈學家將「托夢術」、「次級星界投射（lesser astral projection, UM）」、「夢魘」、「異界傳送」、「短訊術」和「心靈連線」加到他的四級煉金配方公式本上，以此方法使用的「異界傳送」不需要貴重材料。此能力取代毒性免疫。	
CATEGORY=Special Ability|Psychonaut ~ Greater Precognition.MOD	OUTPUTNAME:進階預讀（Greater Precognition）	DESC:.CLEAR	DESC:15級時，心靈學家將「片刻預知」加入他的五級煉金配方公式本上。此能力取代該級的炸彈傷害增加。	
CATEGORY=Special Ability|Psychonaut ~ Master Precognition.MOD	OUTPUTNAME:高等預讀（Master Precognition）	DESC:.CLEAR	DESC:17級時，心靈學家將「預警術」加入他的六級煉金配方公式本上。此能力取代該級的炸彈傷害增加。	
CATEGORY=Special Ability|Reanimator ~ Simple Reanimation.MOD	OUTPUTNAME:簡易復活（Simple Reanimation）	DESC:.CLEAR	DESC:7級時，生屍者可將「次級操縱屍體（lesser animate dead, UM）」加入到他的三級煉金配方公式本上。使用此煉金配方的時候，他並不會喝下藥劑，而是把藥劑注入到他打算活化的屍體中，這將在1個小時之後喚起一個受到他控制的不死生物。此法術只能創造殭屍（包括變種殭屍）。此能力取代該級的炸彈傷害增加。	
CATEGORY=Special Ability|Reanimator ~ Create Undead.MOD	OUTPUTNAME:喚起死靈（Create Undead）	DESC:.CLEAR	DESC:13級時，生屍者可以將「喚起死靈」加入到他的四級煉金配方公式本上。使用此煉金配方的時候，他並不會喝下藥劑，而是把藥劑注入到他打算活化的屍體中，這將在1個小時之後喚起一個不受控制的不死生物。這只能創造有實體的不死生物。此能力取代該級的炸彈傷害增加。	
CATEGORY=Special Ability|Reanimator ~ Create Greater Undead.MOD	OUTPUTNAME:喚起高等死靈（Create Greater Undead）	DESC:.CLEAR	DESC:15級時，生屍者可以將「喚起高等死靈」加入他的五級煉金配方公式本上，此配方在其他方面和「喚起死靈」相同。此能力取代該級的炸彈傷害增加。	
CATEGORY=Special Ability|Vivisectionist ~ Sneak Attack.MOD	OUTPUTNAME:偷襲（Sneak Attack）	DESC:.CLEAR	DESC:1級時，活體解剖師得到偷襲能力，他的偷襲傷害等同於同級的盜賊。如果他在其他職業獲得偷襲能力，那麼他將活體解剖師的等級和該職業等級相加以決定偷襲能力。此能力取代煉金炸彈。	
CATEGORY=Special Ability|Vivisectionist ~ Torturer's Eye.MOD	OUTPUTNAME:拷問者之眼（Torturer's Eye）	DESC:.CLEAR	DESC:2級時，活體解剖師將「觀命術」加到他的一級煉金配方公式本上。	
CATEGORY=Special Ability|Vivisectionist ~ Cruel Anatomist.MOD	OUTPUTNAME:殘忍解剖師（Cruel Anatomist）	DESC:.CLEAR	DESC:3級時，活體解剖師可以用他的知識（自然）加值取代他的醫療加值進行技能檢定。	
CATEGORY=Special Ability|Vivisectionist ~ Torturous Transformation.MOD	OUTPUTNAME:痛苦變形（Torturous Transformation）	DESC:.CLEAR	DESC:7級時，活體解剖師將「動物人化（Anthropomorphic Animal, UM）」加入他的二級煉金配方公式本上。要使用這個能力，他必須花2個小時的時間對該動物進行手術並將藥劑注入該動物的體內。他可以在手術時注入1劑以上的動物人化術藥劑，來延長持續時間。9級時，他將「啟蒙術」和「惡意變形術」加入他的三級煉金配方公式本上，當他使用這些效果，他必須花費一整天的時間對目標進行手術，並將藥劑注入該目標的體內，該目標不能是植物類生物；此外，他可以花費7000枚金幣將「動物人化」恆定在一個動物身上。13級時，活體解剖師將「再生術」加入他的五級煉金配方公式本上。	
CATEGORY=Special Ability|Discovery ~ Bleeding Attack.MOD	OUTPUTNAME:流血攻擊（Bleeding Attack）	DESC:.CLEAR	DESC:活體解剖師可以用「流血攻擊」盜賊天賦替換一項科研發現。	
CATEGORY=Special Ability|Discovery ~ Crippling Strike.MOD	OUTPUTNAME:致殘攻擊（Crippling Strike）	DESC:.CLEAR	DESC:10級或之後，活體解剖師可以用「致殘攻擊」盜賊高等天賦替換一項科研發現。	
CATEGORY=Special Ability|Beastmorph ~ Beastform Mutagen.MOD	OUTPUTNAME:獸性突變（Beastform Mutagen）	DESC:.CLEAR	DESC:3級時，化形者的突變藥劑將帶給他動物般的外觀，這股外型可以來自動物、魔法獸、動物般的類人生物或人形異怪。舉例來說，當他使用「突變藥劑」時，他可能會長出狼犬般毛茸茸的口鼻和如同狼人的尖耳朵、類似底棲魔魚或蜥蜴人的鱗狀皮膚、或是如同巨蟲般的複眼。同時，他可以從「變身術（Alter Self）」法術中選擇一個特殊能力，只要突變藥劑仍在作用，此特殊能力就持續存在。在每次製造突變藥劑時，他可以選擇不同的效果。此能力取代迅捷煉金。	
CATEGORY=Special Ability|Beastmorph ~ Improved Beastform Mutagen.MOD	OUTPUTNAME:進階獸性突變（Improved Beastform Mutagen）	DESC:.CLEAR	DESC:6級時，化形者的突變藥劑將給予他更強大的能力和更多的選擇。當他製造突變藥劑時，他可以從「野獸型態I」法術中選取兩個特殊能力。每次製造突變藥劑，他可以選擇不同的能力。此能力取代迅捷上毒。	
CATEGORY=Special Ability|Beastmorph ~ Greater Beastform Mutagen.MOD	OUTPUTNAME:高級獸性突變（Greater Beastform Mutagen）	DESC:.CLEAR	DESC:10級時，突變藥劑變得更加強大。可以帶給化形者三個來自「野獸型態II」的特殊能力。每次製造突變藥劑，他可以選擇不同的能力。此能力取代毒性抗力+2、+4、+6和毒性免疫。	
CATEGORY=Special Ability|Beastmorph ~ Grand Beastform Mutagen.MOD	OUTPUTNAME:究極獸性突變（Grand Beastform Mutagen）	DESC:.CLEAR	DESC:14級時，突變藥劑可以替化形者帶來四個來自「野獸型態III」的特殊能力。每次製造突變藥劑，他可以選擇不同的能力。此能力取代長效突變藥劑。	
CATEGORY=Special Ability|Ragechemist ~ Rage Mutagen.MOD	OUTPUTNAME:狂怒突變藥劑（Rage Mutagen）	DESC:.CLEAR	DESC:2級時，當狂暴藥師使用突變藥劑強化力量時，他的力量將得到+6的煉金加值，AC獲得+2天生護甲，並在智力承受-2的減值。此外，在此藥劑的影響下，當狂暴藥師受到傷害時，狂怒會往有害的方向發展成長，在他受到傷害的那輪結束時，他必須通過一次DC為15的意志豁免（如果他受到重擊則DC升為20），若檢定失敗則他的意志豁免和智力將會承受額外-2的減值。這些減值將交互疊加，並在突變效果結束後1個小時消失；如果減值將狂暴藥師的智力降到0，則他將在突變藥劑藥效過後昏迷1個小時。此能力取代用毒。	
CATEGORY=Special Ability|Ragechemist ~ Sturdy Rage.MOD	OUTPUTNAME:堅固狂暴（Sturdy Rage）	DESC:.CLEAR	DESC:6級時，當狂暴藥師使用「狂怒突變藥劑」時，他的天生護甲加值上升到+4，不過豁免失敗的意志豁免與智力減值上升到-4。此能力取代迅捷上毒。	
CATEGORY=Special Ability|Ragechemist ~ Lumbering Rage.MOD	OUTPUTNAME:粗壯狂暴（Lumbering Rage）	DESC:.CLEAR	DESC:10級時，「狂怒突變藥劑」帶來體質屬性的+2士氣加值；但當豁免失敗時，除了意志和智力減值外還會對敏捷造成-1減值。此能力取代毒性免疫。	
CATEGORY=Special Ability|Inspired Chemist ~ Inspiring Cognatogen.MOD	OUTPUTNAME:靈感神藥（Inspiring Cognatogen）	DESC:.CLEAR	DESC:在1級時，啟蒙化學家習得裡靈感神藥的調製方法，如同靈感神藥發現。本能力取代突變藥劑（他仍然可以選擇突變藥劑發現UM來獲得突變藥劑能力）。	
CATEGORY=Special Ability|Discovery ~ Acid bomb.MOD	OUTPUTNAME:強酸炸彈*（Acid bomb）	DESC:.CLEAR	DESC:當煉金術師製作煉金炸彈時，他可以選擇讓它造成強酸傷害替代火焰傷害。受到強酸炸彈直接命中的生物會在1輪後受到1d6點額外強酸傷害。	
CATEGORY=Special Ability|Discovery ~ Combine extracts.MOD	OUTPUTNAME:混合煉成（Combine extracts）	DESC:.CLEAR	DESC:當煉金術師煉成一份化合煉成時，他可以選擇讓兩項公式一同生效，使用這一煉成方式需要佔用一個高於等級較高公式2級的煉成位。選擇這一科研發現需要至少8級煉金術師等級。	
CATEGORY=Special Ability|Discovery ~ Concentrate poison.MOD	OUTPUTNAME:濃縮毒藥（Concentrate poison）	DESC:.CLEAR	DESC:煉金術師可以濃縮兩份相同毒藥來增強其毒性。這需要消耗兩份毒藥與1分鐘時間。完成後得到的一份毒藥發作持續時長增加50%%，豁免DC+2。該毒藥必須在製成後1小時內使用，否則將失效。	
CATEGORY=Special Ability|Discovery ~ Concussive bomb.MOD	OUTPUTNAME:震盪炸彈*（Concussive bomb）	DESC:.CLEAR	DESC:當煉金術師製作煉金炸彈時，他可以選擇讓它造成音波傷害替代火焰傷害，震盪炸彈造成1d4點音波傷害，之後每奇數等級增加1d4點。除非通過成功的強韌檢定，否則被震盪炸彈直接命中的對象耳聾1分鐘。選擇這一科研發現需要至少6級煉金術師等級。	
CATEGORY=Special Ability|Discovery ~ Delayed bomb.MOD	OUTPUTNAME:定時炸彈*（Delayed bomb）	DESC:.CLEAR	DESC:煉金術師可以放置一個煉金炸彈並選擇讓它在數輪後爆炸。這一延遲可以延遲任意輪數，但不能超過煉金術師的職業等級，煉金術師可以回收定時炸彈並阻止它的爆炸。任何人觸碰或嘗試移動延時中的定時炸彈都會引發爆炸。定時炸彈造成正常的傷害和濺射傷害。煉金術師一次只能製造1個定時炸彈，如果他製造2個定時炸彈，那之前的定時炸彈立即失效。「解除魔法」法術可以解除定時炸彈（施法者等級檢定DC為「10+1/2煉金術師等級+智力修正」）。選擇這一科研發現至少需要8級煉金術師等級。	
CATEGORY=Special Ability|Discovery ~ Dilution.MOD	OUTPUTNAME:稀釋藥劑（Dilution）	DESC:.CLEAR	DESC:每天一次，煉金術師可以選擇稀釋一份藥水或是靈藥，創造出兩份一樣的藥水。稀釋一份藥水需要消耗相當於其售價1/4的gp。一份被稀釋的藥水不能再次稀釋。化合煉成、突變藥劑不能被稀釋。選擇這一科學發現需要至少12級煉金術師等級。	
CATEGORY=Special Ability|Discovery ~ Dispelling Bomb.MOD	OUTPUTNAME:解法炸彈（Dispelling Bomb）	DESC:.CLEAR	DESC:當煉金術師製作煉金炸彈時，他可以選擇讓它造成解除魔法效果而非造成傷害。被此炸彈直接命中的對象視為受到單體型「解除魔法」法術影響，使用煉金術師的等級取代施法者等級。該效果無法指定某一法術效果為目標。選擇這一科研發現至少需要6級煉金術師等級。	
CATEGORY=Special Ability|Discovery ~ Elixir of life.MOD	OUTPUTNAME:生命靈藥（Elixir of life）	DESC:.CLEAR	DESC:每天一次，煉金術師可以煉成一份生命靈藥，這份特殊藥劑需要25000gp，花費1個小時製作。這份藥水可以復活已死的生物，如同「完全復生術」一般。此外，煉金術師本人也可以飲用這份藥劑，那將使他在被殺死之後被「復生術」復活——如此施為則藥劑只持續等同於煉金智力修正的天數。如果在這段時間他未曾死去，那萬靈藥即會失效。選擇這一科研發現需要16級煉金術師等級。	
CATEGORY=Special Ability|Discovery ~ Enhance potion.MOD	OUTPUTNAME:強效藥水（Enhance potion）	DESC:.CLEAR	DESC:每日等同於他的智力修正的次數，煉金術師可以將一定數量的他飲用的藥水的施法者等級替換為自己的職業等級。	
CATEGORY=Special Ability|Discovery ~ Eternal potion.MOD	OUTPUTNAME:永恆藥水（Eternal potion）	DESC:.CLEAR	DESC:如果一個煉金術師飲用了一份他延時處理過的藥水，這份藥水的效果可以永久保持，除非他選擇另一份永恆藥水來替換效果。選擇這一科研發現需要16級煉金術師等級，且已學會「延時藥水」。	
CATEGORY=Special Ability|Discovery ~ Explosive bomb.MOD	OUTPUTNAME:高爆炸彈*（Explosive bomb）	DESC:.CLEAR	DESC:煉金術師的煉金炸彈現在的濺射範圍從5尺增加到10尺。受到煉金炸彈傷害的生物將會燃燒，每輪受到1d6點火焰傷害直到火焰熄滅為止。熄滅火焰是一個整輪動作而且需要通過反射檢定，在地上打滾會使反射豁免+2，或者你可以用至少2加侖的水來直接熄滅火焰。	
CATEGORY=Special Ability|Discovery ~ Extend potion.MOD	OUTPUTNAME:延時藥水（Extend potion）	DESC:.CLEAR	DESC:每日等同於他的智力修正的次數，煉金術師可以增幅任一他飲用的非立即/瞬時效果的藥水，使它產生兩倍於原來的效用時間。這項科研發現不能應用在煉金化合藥劑上。	
CATEGORY=Special Ability|Discovery ~ Fast bombs.MOD	OUTPUTNAME:急速炸彈（Fast bombs）	DESC:.CLEAR	DESC:一個有此科研發現的煉金術師可以更快地製造煉金炸彈，這使他可以在一輪中多次投擲煉金炸彈。煉金術師能以整輪動作來製作投擲煉金炸彈，只要他有足夠的基本攻擊加值便能獲得額外攻擊次數。這類似於使用遠程武器進行全力攻擊。選擇這一科研發現需要至少8級煉金術師等級。	
CATEGORY=Special Ability|Discovery ~ Feral mutagen.MOD	OUTPUTNAME:野性突變（Feral mutagen）	DESC:.CLEAR	DESC:不論何時，當煉金術師飲用一瓶突變藥劑時，他獲得2爪抓攻擊和嚙咬攻擊。這些武器被視為主要天生武器，並且使用煉金術師完整的基本攻擊加值。爪抓造成1d6點傷害（小體型煉金術師則為1d4點），嚙咬造成1d8點傷害（小體型煉金術師則為1d6點）。同時在突變藥水生效期間，煉金術師在威嚇技能上獲得+2表現加值。	
CATEGORY=Special Ability|Discovery ~ Force bomb.MOD	OUTPUTNAME:力場炸彈*（Force bomb）	DESC:.CLEAR	DESC:當煉金術師製作煉金炸彈時，他可以選擇以力場傷害替換火焰傷害。力場傷害造成1d4點力場傷害，之後每奇數等級增加1d4點。被力場炸彈直接命中的生物必須通過反射檢定，否則會被擊倒在地。選擇這一科研發現需要8級煉金術師等級。	
CATEGORY=Special Ability|Discovery ~ Frost bomb.MOD	OUTPUTNAME:寒霜炸彈*（Frost bomb）	DESC:.CLEAR	DESC:當煉金術師製作煉金炸彈時，他可以選擇以寒冷傷害來替代火焰傷害，被寒霜炸彈直接命中的生物必須通過強韌檢定，否則會在下輪處於恍惚狀態。	
CATEGORY=Special Ability|Discovery ~ Grand mutagen.MOD	OUTPUTNAME:究極突變（Grand mutagen）	DESC:.CLEAR	DESC:煉金術師的突變藥劑現在可以使AC獲得+6天防，任一項身體屬性（力量、體質、敏捷）+8，第二項身體屬性+6，第三項身體屬性+4。在突變藥劑生效期間，煉金術師的智力、感知、魅力都會受到-2減值。選擇這一科研發現需要16級煉金術師等級，且已學會「高級突變」。	
CATEGORY=Special Ability|Discovery ~ Greater mutagen.MOD	OUTPUTNAME:高級突變（Greater mutagen）	DESC:.CLEAR	DESC:煉金術師的突變藥劑現在可以使AC獲得+4天防，任一項身體屬性（力量、體質、敏捷）+6，第二項身體屬性+4。在突變藥劑生效期間，煉金術師的兩項相關心智屬性都會受到-2減值。選擇這一科研發現需要12級煉金術師等級。	
CATEGORY=Special Ability|Discovery ~ Infuse mutagen.MOD	OUTPUTNAME:灌注突變（Infuse mutagen）	DESC:.CLEAR	DESC:當一個煉金術師製作出一份突變藥劑，他可以向其中灌注一部份自身的魔力。這一行為會造成2點智力傷害同時因素材而消耗1000gp，但是這份突變藥劑可以一直保持藥效，即使煉金術師製作了另一份突變藥劑。這允許煉金術師製作並保持不同種類的突變藥劑，但是並不允許煉金術師同時受兩份突變藥劑的影響，只有最強大的那份藥劑會保持藥效。	
CATEGORY=Special Ability|Discovery ~ Inferno bomb.MOD	OUTPUTNAME:獄火炸彈*（Inferno bomb）	DESC:.CLEAR	DESC:煉金術師的煉金炸彈現在會生成一片持續燃燒的雲霧，以「焚雲術」取代「雲霧術」效果（每輪6d6火焰傷害），覆蓋範圍是炸彈濺射範圍的兩倍，持續時間為每煉金術師等級1輪。選擇這一科研發現需要16級煉金術師等級，且已學會「煙霧炸彈」。	
CATEGORY=Special Ability|Discovery ~ Infusion.MOD	OUTPUTNAME:灌注煉成（Infusion）	DESC:.CLEAR	DESC:當煉金術師使用化合煉成時，他可以向其中注入一部分自身魔力，這能使這份化合煉成在離開煉金術師手中之後依然保持效用。這麼做會消耗同樣的化合煉成位，而且這份化合煉成可以給予沒有煉金術師等級的人使用。	
CATEGORY=Special Ability|Discovery ~ Madness bomb.MOD	OUTPUTNAME:癲狂炸彈（Madness bomb）	DESC:.CLEAR	DESC:煉金術師的煉金炸彈不僅僅能烤焦生物的肉體，還會灼傷他們的意志。被癲狂炸彈擊中的生物會受到1d4感知傷害，但癲狂炸彈的威力比普通煉金炸彈低2d6（所以如果一個煉金術師的煉金炸彈正常能造成6d6+4點傷害，那他的癲狂炸彈僅僅能造成4d6+4點傷害）。如果對方在24小時內受過癲狂炸彈的傷害，那麼癲狂炸彈造成的感知傷害會每次減去1點，最低1點。選擇這一科研發現需要12級煉金術師等級。	
CATEGORY=Special Ability|Discovery ~ Poison bomb.MOD	OUTPUTNAME:毒氣炸彈*（Poison bomb）	DESC:.CLEAR	DESC:煉金術師的煉金炸彈現在會引發一片死雲，以「死雲術」取代「雲霧術」效果，覆蓋範圍是炸彈濺射範圍的兩倍，持續時間為每煉金術師等級1輪。選擇這一科研發現需要12級煉金術師等級，且已學會「煙霧炸彈」。	
CATEGORY=Special Ability|Discovery ~ Precise bombs.MOD	OUTPUTNAME:精確炸彈（Precise bombs）	DESC:.CLEAR	DESC:當一名煉金術師投擲煉金炸彈時，他可以選擇一定區域不受煉金炸彈的濺射影響，可選擇的最大方格數等同於他的智力修正。如果攻擊失手，則此科研發現無效。	
CATEGORY=Special Ability|Discovery ~ Shock bomb.MOD	OUTPUTNAME:電漿炸彈*（Shock bomb）	DESC:.CLEAR	DESC:當一名煉金術師製作煉金炸彈時，他可以選擇以電擊傷害來替代火焰傷害，被電漿炸彈直接命中的生物會目眩1d4輪。	
CATEGORY=Special Ability|Discovery ~ Smoke bomb.MOD	OUTPUTNAME:煙霧炸彈*（Smoke bomb）	DESC:.CLEAR	DESC:當煉金術師製作煉金炸彈時，他可以選擇使其在爆炸時產生濃密的煙霧。煙霧效果相當於「雲霧術」法術，覆蓋範圍是炸彈濺射範圍的兩倍，持續時間為每煉金術師等級1輪。	
CATEGORY=Special Ability|Discovery ~ Sticky bomb.MOD	OUTPUTNAME:粘性炸彈（Sticky bomb）	DESC:.CLEAR	DESC:煉金術師的煉金炸彈現在可以在爆炸後黏著在生物身體上，並造成持續傷害。受到粘性炸彈直接命中的生物會在一輪後受到一次濺射傷害。含有特殊效果的炸彈，如果它的生效時間是1輪後，那麼現在會在2輪後生效。選擇這一科研發現需要10級的煉金術師等級。	
CATEGORY=Special Ability|Discovery ~ Sticky poison.MOD	OUTPUTNAME:粘性毒藥（Sticky poison）	DESC:.CLEAR	DESC:任何煉金術師製造的毒藥都是有粘性的。當煉金術師向一件武器淬毒時，這件武器可以在等同於煉金術師的智力修正的攻擊命中次數中依然保持毒性。這件武器可以一直保持毒性。選擇這一科研發現需要6級煉金術師等級。	
CATEGORY=Special Ability|Discovery ~ Stink bomb.MOD	OUTPUTNAME:惡臭炸彈*（Stink bomb）	DESC:.CLEAR	DESC:煉金術師製作的炸彈現在可以產生一陣可怕的惡臭雲霧，雲霧覆蓋範圍是濺射範圍的兩倍，臭雲持續1輪時間。煉金術師必須已學會「煙霧炸彈」才能選擇此科研發現。	
CATEGORY=Special Ability|Discovery ~ Alchemical Simulacrum.MOD	OUTPUTNAME:煉金擬像（Alchemical Simulacrum）	DESC:.CLEAR	DESC:煉金術師製造出比較次級的擬像，效果如同「次級擬像術（lesser simulacrum, UM）」，不過其每HD花費煉金術師100金幣的原材料，且需要花24小時的時間成長，並在被殺死時化為雪水。他必須達到8級才能選擇此發現。被製造出來的擬像是個生物，不是超自然效果。	
CATEGORY=Special Ability|Discovery ~ Alchemical Zombie.MOD	OUTPUTNAME:煉金殭屍（Alchemical Zombie）	DESC:.CLEAR	DESC:煉金術師可以使較完整的屍體獲得行動能力，變成以煉金術驅動的殭屍。使用此能力需要1個小時並為每HD支付100金幣的價格，完成之後死者將會變成殭屍。以此能力創造的殭屍在考慮各種狀況的時候被視為以「操縱死屍」創造的殭屍，包括決定煉金術師可以控制多少的不死生物。他必須達到8級才能選擇此發現。被創造出來的殭屍被視為生物，而不是超自然效果。	
CATEGORY=Special Ability|Discovery ~ Blinding Bomb.MOD	OUTPUTNAME:致盲炸彈*（Blinding Bomb）	DESC:.CLEAR	DESC:煉金術師可以讓炸彈在起爆時發出非常刺眼的強光，被炸彈直接擊中的生物必須通過強韌檢定否則目盲1分鐘。被潑及到的生物若豁免失敗則會目眩1分鐘的時間。此是基於強光的效果。他必須達到8級才能選擇此發現。	
CATEGORY=Special Ability|Discovery ~ Bottled Ooze.MOD	OUTPUTNAME:瓶裝泥怪（Bottled Ooze）	DESC:.CLEAR	DESC:煉金術師學會了如何在用來調製混合物的瓶子裡面培植簡單的軟泥怪。當煉金術師活化此效果，他可以將這個瓶子扔出30尺的距離，產生一隻軟泥怪，並且攻擊最靠近的生物。軟泥怪不受煉金術師控制，不過在考慮其他效果時被視為召喚生物。軟泥怪可以存活的時間為每施法者等級1輪，並在法術結束時化為塵土。若煉金術師擁有「灌注煉成」科研發現，那麼其他角色也可以使用他創造的瓶裝泥怪。創造軟泥怪視為化合煉成，其所佔用的化合煉成等級等於軟泥怪的挑戰等級（譬如CR4的灰泥怪（Gray Ooze）將佔用4級煉成位）。煉金術師必須達到6級才能選擇此發現。	
CATEGORY=Special Ability|Discovery ~ Cognatogen.MOD	OUTPUTNAME:異變藥劑（Cognatogen）	DESC:.CLEAR	DESC:透過這種藥劑煉金術師可以通過削弱一個肉體屬性來強化一個心智屬性。如果他強化智力，那麼此藥水將削弱他的力量；若他強化感知，受損的則是敏捷；要是他強化魅力，那麼其體質將會下降。除此之外此能力和「突變藥劑」職業特性相同。每當煉金術師調製突變藥劑時，他可以選擇調製異變藥劑。所有對突變藥劑的限制都會在異變藥劑上升效，像是他一次只能飲用一瓶突變或異變藥劑，一旦他喝下第二瓶，之前的藥劑就會失去效果；不是煉金術師的人沒有辦法使用異變藥劑，喝下去強韌沒過會反胃等等。異變藥劑的效果解除之後，煉金術師承受減值的那個屬性會受到2點屬性傷害。「灌注突變」科研發現和「長效突變藥劑」職業特性同樣作用在異變藥劑上。	
CATEGORY=Special Ability|Discovery ~ Confusion Bomb.MOD	OUTPUTNAME:困惑炸彈*（Confusion Bomb）	DESC:.CLEAR	DESC:此炸彈扭曲被擊中者對敵我的認知，被這個炸彈直接擊中且強韌檢定失敗的生物將會受到「困惑術」影響，持續時間等於鏈金術士的施法者等級。被附加此效果的炸彈其傷害降低2d6（所以如果一個煉金術師的煉金炸彈正常能造成6d6+4點傷害，那他的癲狂炸彈僅僅能造成4d6+4點傷害）。他必須達到8級才能選擇此發現。	
CATEGORY=Special Ability|Discovery ~ Doppelganger Simulacrum.MOD	OUTPUTNAME:分身擬像（Doppelganger Simulacrum）	DESC:.CLEAR	DESC:煉金術師學會製造他自己沒有靈魂的複製品，他可以把他的意識移入此複製品中。以一個整輪動作，他可以將意識在自己的身體和他的分身擬像間移動，在擬像狀態之下被殺死的話他會自動回到自己的肉體，但是若他的本體被殺害，那麼他就死了。未使用的擬像在各方面上都像一具屍體，不過不會腐爛。煉金術師必須花費1000gp製造擬像，該擬像需要花1周的時間成長。煉金術師必須達到10級且選擇過「煉金擬像」才有辦法選擇此發現。此擬像被視為一個生物，而不是超自然效果。	
CATEGORY=Special Ability|Discovery ~ Grand Cognatogen.MOD	OUTPUTNAME:究極異變（Grand Cognatogen）	DESC:.CLEAR	DESC:異變藥劑現在可以提供+6天然護甲加值，以及+8煉金加值到任意心智屬性上（智力、感知、魅力），第二項心智屬性+6，第三項心智屬性+4。在異變藥劑生效期間煉金術師在力量、體質、敏捷上一直會受到-2的減值，並且在藥效結束之後受到2點屬性傷害。選擇這一科研發現需要16級煉金術師等級，且必須先學會「高級異變」。	
CATEGORY=Special Ability|Discovery ~ Greater Alchemical Simulacrum.MOD	OUTPUTNAME:高等煉金擬像（Greater Alchemical Simulacrum）	DESC:.CLEAR	DESC:煉金術師製造出擬像，效果如同「擬像術（Simulacrum）」，不過其每HD花費煉金術師100金幣的原材料，且需要花24小時的時間成長，並在被殺死時化為雪水。他必須達到14級，且必須先學會「煉金擬像」才能選擇此發現。被製造出來的擬像是個生物，不是超自然效果。	
CATEGORY=Special Ability|Discovery ~ Greater Cognatogen.MOD	OUTPUTNAME:高級異變（Greater Cognatogen）	DESC:.CLEAR	DESC:異變藥劑現在可以提供+4天然護甲加值，以及+6煉金加值到任意心智屬性上（智力、感知、魅力），第二項心智屬性+4。在異變藥劑生效期間煉金術師的相關的肉體屬性會受到-2減值，並且在藥效結束之後受到2點屬性傷害。選擇這一科研發現需要12級煉金術師等級，且必須先學會「異變藥劑」。	
CATEGORY=Special Ability|Discovery ~ Healing Touch.MOD	OUTPUTNAME:治癒之觸（Healing Touch）	DESC:.CLEAR	DESC:擁有此能力的煉金術師可以治療他人。以一個標準動作，他可以將「自體再生」的能力分享給他碰觸到的目標，該目標得到「自體再生」效果1輪的時間，這樣會消耗煉金術師每日「自體再生」的使用輪數。煉金術師每日可以使用「自體再生」的上限升至「5×煉金術師等級」。此能力只能作用在物種和他相同的生物上（類人生物、不死生物之類）。煉金術師必須達到6級且擁有「自體再生」才能選擇此科研發現。	
CATEGORY=Special Ability|Discovery ~ Lingering Spirit.MOD	OUTPUTNAME:陰魂不散（Lingering Spirit）	DESC:.CLEAR	DESC:煉金術師熟悉他的身體與靈魂之間的連結，使他比起正常人可以在死亡之門面前徘徊更久。在決定是否會受傷致死時，他的體質被視為比原有的體質高10點（例如一個有10點體質的煉金術師要在生命值達到-20才會死亡）。能將他體質降到零或是同類的效果（屬性傷害、屬性吸取、體質減值等），將會使他陷入昏迷而不是當場殺死他，要讓他死亡必須要再使他受到5點的體質傷害、吸取或是減值（事實上，煉金術師的體質被降至-5才會被這類攻擊殺害）。一個煉金術師必須達到4級才能選擇此科研發現。	
CATEGORY=Special Ability|Discovery ~ Mummification.MOD	OUTPUTNAME:木乃伊化（Mummification）	DESC:.CLEAR	DESC:透徹的研究了保持肉體的奧秘之後，煉金術師將此作用在自己身上，讓他變成一個如同不死生物的生命體。學會此科研發現之後，煉金術師需要花費30天的時間準備，透過特殊的飲食、嚴格的鍛煉並飲用有輕度毒性的煉金茶。當此療程結束，他將陷入無助24小時的時間，並且以活木乃伊的狀態甦醒，這不會改變他的生物類別，但是會讓他對寒冷、麻痺、非致命傷害以及睡眠免疫。他必須達到10級並學過「保存器官」之後才能選擇此發現。【譯註：這是早年日本和尚在快死的時候會進行的靈修步驟，希望能讓自己肉身成佛。煉金茶在現實中是含有松脂、微量的砷且用溫泉水調製的茶水，松脂會讓飲用者脫水，砷會降低血液循環的速度並防止屍體腐敗。】	
CATEGORY=Special Ability|Discovery ~ Mutagen.MOD	OUTPUTNAME:突變藥劑（Mutagen）	DESC:.CLEAR	DESC:選擇此能力的煉金術師得到「突變藥劑」職業特性。此能力詳見煉金術師基礎職業。【譯註：這是給某些職業變體補回「突變藥劑」特性用的。】	
CATEGORY=Special Ability|Discovery ~ Parasitic Twin.MOD	OUTPUTNAME:寄生畸胎（Parasitic Twin）	DESC:.CLEAR	DESC:煉金術師的「畸變之臂」是他體內寄生畸胎的一部份，此畸胎包括一顆頭、軀幹和雙手（來自「畸變之臂」科研發現）。通常此畸胎都陷在煉金術師的體內、只露出雙手（如同「畸變之臂」），不過煉金術師可以用一個標準動作突顯或是收納畸胎。此畸胎是無助的，完全受到煉金術師的掌握，而且沒辦法被當作目標或傷害。每天一次，當煉金術師面對會讓他昏迷、無助或會使他無法控制自己行動的心智效果時，他可以重骰豁免，成功表示畸胎吸收了此效果，而煉金術師則不受影響；不過在這段時間裡，他沒有辦法使用畸胎的手臂，但裝在上面的魔法裝備仍然持續生效。在選擇此科研發現前，煉金術師必須先選取兩次「畸變之臂」。	
CATEGORY=Special Ability|Discovery ~ Plague Bomb.MOD	OUTPUTNAME:瘟疫炸彈*（Plague Bomb）	DESC:.CLEAR	DESC:這種炸彈散發出具有「疫病術」效果的煙霧取代「雲霧術」，充滿兩倍炸彈的波及範圍，持續每煉金術師等級1輪的時間。煉金術師必須達到8級且選擇過「煙霧炸彈」才能選擇此科研發現。	
CATEGORY=Special Ability|Discovery ~ Preserve Organs.MOD	OUTPUTNAME:保存器官（Preserve Organs）	DESC:.CLEAR	DESC:煉金術師知道怎麼保存和保護他自己的臟器，包括避開致命傷口。當受到重擊或偷襲時，煉金術師有25%%的機會把此變成正常攻擊，此能力將不會和其他使重擊和偷襲失效的效果疊加，例如護命盔甲。你可以重複選擇此能力至多三次，每次效果累計，第二次選取此能力時重擊、偷襲失效機會上升到50%%，第三次升至75%%。	
CATEGORY=Special Ability|Discovery ~ Spontaneous Healing.MOD	OUTPUTNAME:自體再生（Spontaneous Healing）	DESC:.CLEAR	DESC:煉金術師可以使用此能力快速愈合身上的傷口。每輪1次，以一個自由動作，煉金術師可以恢復5點生命值，如同他擁有快速醫療5。他每天每2個煉金術師等級可以恢復5點生命值，如果他陷入昏迷且此能力還有每日使用次數的話，此能力會自動修復他的肉體直到他恢復清醒。	
CATEGORY=Special Ability|Discovery ~ Strafe Bomb.MOD	OUTPUTNAME:炸彈轟炸（Strafe Bomb）	DESC:.CLEAR	DESC:煉金術師用炸彈轟炸40尺直線上的目標而不是產生影響半徑。這條線從煉金術師的腳邊開始並朝著他指定的方向延伸，煉金術師選擇路徑上的一個生物對其投擲攻擊骰，並使他受到全額傷害，路徑上的其他生物則受到濺射傷害。如果煉金術師有學習過「高爆炸彈」的科研發現，可以使用「高爆炸彈」轟炸80尺距離中的生物取代40尺。	
CATEGORY=Special Ability|Discovery ~ Sunlight Bomb.MOD	OUTPUTNAME:日光炸彈*（Sunlight Bomb）	DESC:.CLEAR	DESC:煉金術師可以投擲出一顆發出如同日光般強烈光芒和輻射的炸彈，其效果等同於「致盲炸彈」，但是不死生物、菌類、黴菌、軟泥怪、泥形怪還有其他會被日光傷害的生物將會受到每傷害骰數額外+2的傷害；易受日光傷害的不死生物若在豁免中失敗，還會額外恍惚1輪。要選擇此科研發現，煉金術師必須達到10級並且學習過「致盲炸彈」科研發現。	
CATEGORY=Special Ability|Discovery ~ Tanglefoot Bomb.MOD	OUTPUTNAME:絆足炸彈*（Tanglefoot Bomb）	DESC:.CLEAR	DESC:被此炸彈直接擊中的生物必須通過此炸彈的反射豁免，否則會被糾纏並綁在地上，如同受到絆足包的影響。波及範圍內檢定失敗的生物會被糾纏但不會被綁到地上，通過豁免檢定則不受糾纏效果影響。	
CATEGORY=Special Ability|Discovery ~ Tentacle.MOD	OUTPUTNAME:觸手（Tentacle）	DESC:.CLEAR	DESC:煉金術師身上展出具有抓握性、長度大約一臂長的觸手。這只觸手受他控制，但無法用除了魔法或厚重服裝之外的方式隱藏。此觸手不會給予煉金術師每輪額外的攻擊或動作，但他可以驅使它施展附加「攫抓」能力的觸手攻擊（中體型1d4點傷害，小體型1d3點）。觸手可以如同煉金術師自己的手臂一般操縱或持用對像（譬如用一隻手拿武器，觸手拿藥劑，另一隻手扔炸彈），不過和手臂不一樣，觸手沒有辦法裝備魔法物品。	
CATEGORY=Special Ability|Discovery ~ Tumor Familiar.MOD	OUTPUTNAME:囊腫魔寵（Tumor Familiar）	DESC:.CLEAR	DESC:煉金術師可以在自己身上製造出微型或小型的囊腫，通常在背上或腹部。以一個標準動作，煉金術師可以讓囊腫從他身上分離出去，變成一種類似魔寵列表上動物的生物（貓、蝙蝠、老鼠之類的），並且像獨立的個體一般行動。囊腫可以用一個標準動作讓自己和煉金術師重新連結。囊腫魔寵具有該型體動物該有的能力（例如蝙蝠形狀的囊腫魔寵會飛），並且在計算魔寵能力時以煉金術師的施法者等級做為基礎（儘管某些魔寵能力對煉金術師並沒有什麼幫助），無論處在分離或結合狀態囊腫魔寵都提供魔寵該有的效果（技能加值和「警覺」專長等）。在連結時，囊腫魔寵得到快速醫療5的特性，煉金術師的化合煉成和異變藥水等效果會如「法術共享」和「傳遞接觸法術」般在魔寵身上運作。如果囊腫魔寵失蹤或是死亡，煉金術師可以在1周之後，以等級200枚金幣的價格重新製造一隻，製造囊腫魔寵需要花費8個小時的時間。	
CATEGORY=Special Ability|Discovery ~ Vestigal Arm.MOD	OUTPUTNAME:畸變之臂（Vestigal Arm）	DESC:.CLEAR	DESC:煉金術師在他的軀幹上長出一隻新的手臂（左手或右手），這隻手臂受他控制但無法用除了魔法或厚重服裝之外的方式隱藏。此手臂不會給予煉金術師每輪額外的攻擊或動作，但可以裝備武器並在煉金術師的整輪攻擊動作中進行攻擊（使用雙武器戰鬥規則）。這隻手臂可以如同煉金術師自己原來的手臂一般操縱或持用對像（譬如用一隻手拿武器，一隻手調藥劑，第三隻手扔炸彈）。這隻手臂可以裝備手部或是戒指欄位的魔法物品（但是煉金術師仍然只能讓兩件手部奇物和兩個戒指同時生效）。煉金術師可以選擇此能力兩次。	
CATEGORY=Special Ability|Discovery ~ Wings.MOD	OUTPUTNAME:翅膀（Wings）	DESC:.CLEAR	DESC:煉金術師身上長出類似蝙蝠、鳥類或昆蟲的翅膀。允許他如同「飛行術」一樣飛翔，每日可以飛翔的分鐘數等同於他的施法者等級。此能力的使用時間不須連續，不過每次使用必須消耗1分鐘的使用時間。煉金術師可以多次選擇此能力，每次他選擇此能力的時候，他可以得到相當於其施法者等級的額外飛行分鐘數，此飛行能力是特異能力。煉金術師必須達到6級才能選擇此科研發現。	
CATEGORY=Special Ability|Discovery ~ Breath Weapon Bomb.MOD	OUTPUTNAME:炸裂噴吐*（Breath Weapon Bomb）	DESC:.CLEAR	DESC:煉金術師喝下帶有爆裂性的化合物，在體內混合，然後以一個標準動作，用類似噴吐攻擊的方式將他們噴向敵人。此噴吐攻擊的範圍為15尺錐狀，豁免DC則和炸彈相同。範圍內的生物將會受到如同炸彈直擊一樣的傷害，不過他們可以通過DC為「10+1/2煉金術師等級+智力修正」的反射豁免來使傷害減半。和投擲炸彈不同的是，使用這種噴吐攻擊不會招致藉機攻擊。煉金術師必須達到6級才能選擇此科研發現。	
CATEGORY=Special Ability|Discovery ~ Explosive Missile.MOD	OUTPUTNAME:爆裂飛彈（Explosive Missile）	DESC:.CLEAR	DESC:以一個標準動作，煉金術師可以將炸彈的威力灌注到箭、弩矢、單手火器的子彈中，裝填那個彈藥並且做一次遠程攻擊。他必須熟練該武器才有辦法使用此能力。當彈藥擊中他的目標，彈藥將造成正常傷害，並且附帶炸彈傷害。如果爆裂飛彈沒有擊中目標，那麼炸彈將不會引爆。煉金術師必須達到4級才能選擇此科研發現。	
CATEGORY=Special Ability|Discovery ~ Immolation Bomb.MOD	OUTPUTNAME:焚化炸彈*（Immolation Bomb）	DESC:.CLEAR	DESC:這種獨特的黏性炸彈將會不停的灼燒中彈者的肌膚，造成持續性的傷害而不是在一瞬間全數爆發。這個炸彈的持續時間相當於炸彈的傷害骰數，例如一個造成5d6傷害的炸彈會持續5輪的時間。當焚化炸彈擊中目標時，對方將會受到「1d6+智力修正」點傷害，範圍內的目標則受到「1+智力修正」點傷害。對於被直擊者而言，這個傷害將會在每輪煉金術師回合開始時重複，此時任何還站在濺射範圍內的生物將會受到濺射傷害。被此炸彈直擊的目標可以通過一個整輪動作，進行一次DC為「10+1/2煉金術師等級+智力修正」的反射豁免來熄滅身上的火焰。因為此炸彈使用了獨特的煉金術化合物，所以在地上打滾無法提供反射豁免加值；就算泡到水中，也不會停止焚化炸彈的惡毒焚燒。也因此這種炸彈可以在水下使用。煉金術師必須達到3級才能選擇此科研發現。	
CATEGORY=Special Ability|Discovery ~ Nauseating Flesh.MOD	OUTPUTNAME:毒性肌膚（Nauseating Flesh）	DESC:.CLEAR	DESC:經過長久以來的煉金術實驗與接處化學藥品，煉金術師終於讓自己的身體變成帶有毒性、不堪入口，任何嚙咬、吞噬或吞嚥煉金術師的生物必須通過一次強韌豁免，否則將會反胃1d4輪。要選擇此科研發現，煉金術師必須達到12級。選擇此科研發現的煉金術師對自身的「毒性肌膚」免疫。	
CATEGORY=Special Ability|Discovery ~ Poison Conversion.MOD	OUTPUTNAME:毒素轉換（Poison Conversion）	DESC:.CLEAR	DESC:花費1分鐘，煉金術師可以轉換一劑量毒劑的生效方式（接觸、食入、吸入或傷口）為另外一種。舉例來說，一個煉金術師可以將小蜈蚣毒（Small centipede poison）由傷口感染轉換為吸入感染。你必須在煉金術實驗室中才能使用此能力。要選擇此科研發現，煉金術師必須達到6級。	
CATEGORY=Special Ability|Discovery ~ Siege Bomb.MOD	OUTPUTNAME:攻城炸彈*（Siege Bomb）	DESC:.CLEAR	DESC:一以個標準動作，煉金術師可以將他的炸彈傷害灌注到一個攻城武器彈藥上。此彈藥必須在煉金術師下輪行動前發射，攻城武器造成正常傷害，並且附帶煉金術炸彈的傷害，但濺射範圍上升到20尺，受到炸彈傷害（無論直擊或濺射）將會被點燃，每輪受到1d6火焰（或其他類型傷害，視炸彈傷害種類而定）直到火焰熄滅為止。要熄滅火焰，必須花費一個整輪動作並且通過反射豁免，在地上打滾可以讓目標的豁免得到+2的環境加值，在該生物身上潑下2加侖或更多的水則可直接熄滅火焰。欲選擇此科研發現，煉金術師須達到12級，且先選擇過「高爆炸彈」科研發現。	
CATEGORY=Special Ability|Discovery ~ Inspiring Cognatogen.MOD	OUTPUTNAME:靈感神藥（Inspiring Cognatogen）	DESC:.CLEAR	DESC:煉金術士習得了調製靈感神藥——一種和突變藥劑類似，但可以啟發他的靈感力（如同調查員職業能力），但有損於他的肉體韌性的化學制劑。在飲下靈感神藥後，煉金術士獲得一個大小為他的煉金術士等級一半+他的智力調整值（最小為1）的靈感池，以及在防禦等級上獲得+2閃避加值，但他在力量與體質值上承受-2減值。以一個自由動作，煉金術士可以使用1點自己的靈感點數，為自己的一項屬性或技能檢定結果增加1d6點（包括在進行檢定時取10或取20的情況下），如同調查員的靈感能力。煉金術士只有在服用靈感神藥後才能使用本能力，且靈感神藥的效果結束後，未使用的靈感點數也會消失。不過，每當這個發現激活，以此方式使用至少1點靈感點數時，煉金術士就必須通過一個DC20的意志檢定，否則眩暈1輪，而且這個豁免檢定無法受到靈感能力的增強。靈感神藥享有所有突變藥劑的限制性——因此，煉金術士同時只能保持一份藥劑的作用：突變藥劑，異變藥劑（Cognatogen）UM或靈感神藥。和突變藥劑演繹，它們只在煉金術士手中生效，並且非煉金術士喝下靈感神藥只會變得噁心。在靈感神藥的效果結束時，煉金術士在力量或敏捷屬性上受到2點傷害。灌注突變藥劑（Infuse Mutagen）發現和持久突變（Persistent Mutagen）職業能力可以同樣應用到靈感神藥上。	
CATEGORY=Special Ability|Discovery ~ Inspired Bomb.MOD	OUTPUTNAME:爆破靈感（Inspired Bomb）	DESC:.CLEAR	DESC:擁有此發現，且擁有靈感池（通過職業特性，發現貨專長）的煉金術士可以消耗2點靈感點數，將自己的炸彈傷害提升1d6點。煉金炸彈的傷害類型不變。和其他影響炸彈的發現不同，這個發現可以疊加到其他已經應用了發現的炸彈上。點數，這個專長不能再同一個炸彈上應用多於1次。	
CATEGORY=Special Ability|Discovery ~ Greater Inspiring Cognatogen.MOD	OUTPUTNAME:高等靈感神藥（Greater Inspiring Cognatogen）	DESC:.CLEAR	DESC:煉金術士的靈感神藥將給予他在防禦等級上+2閃避加值，在反射檢定上+2加值，但在力量和體質上承受-4減值。除此之外，煉金術士獲得以下調查員天賦：奇妙靈感，離奇回憶，發散靈感。煉金術士必須達到12級且擁有靈感神藥發現才能選擇本發現。	
CATEGORY=Special Ability|Discovery ~ Grand Inspiring Cognatogen.MOD	OUTPUTNAME:至高靈感神藥（Grand Inspiring Cognatogen）	DESC:.CLEAR	DESC:煉金術士的靈感神藥將給予他在防禦等級上+4閃避加值，在反射檢定上+4加值，但在力量和體質上承受-6減值，且額外再給予他奇物學識，執著靈感和黑街靈感調查員天賦。煉金術士必須達到16級且擁有高等靈感神藥發現才能選擇本發現。	
