CATEGORY=Special Ability|Cavalier ~ Challenge.MOD	OUTPUTNAME:挑戰（Challenge）	DESC:.CLEAR	DESC:每天1次，騎將可以向一個對手發出挑戰。以一個迅捷動作，騎將選擇視線中的一個目標進行挑戰。攻擊挑戰目標的時候，騎將可以造成額外傷害。此額外傷害等同於騎將等級。1級時，騎將每天可以使用此能力1次；之後的每3個等級都會再增加1次每日使用次數，到19級時達到最大的7次。挑戰一個對手需要騎將將注意力集中。在對抗受到來自於挑戰目標之外的敵人的近戰攻擊時，騎將的AC承受-2減值。挑戰效果持續到目標死亡，昏迷，或戰鬥結束。每個騎將的挑戰還擁有另一個效果，這由他們所屬的【騎士道】決定。	
CATEGORY=Special Ability|Cavalier ~ Mount.MOD	OUTPUTNAME:坐騎（Mount）	DESC:.CLEAR	DESC:騎將擁有一匹忠誠而可靠的坐騎。這一坐騎與德魯伊的動物夥伴類似，使用騎將的等級作為他的有效德魯伊等級。他選擇的生物必須是自己能夠騎乘並且適合騎乘的，比如野豬、馬、矮種馬或狼（取決於其體型和等級，比如直到4級之前，野豬和狗都是不適合騎乘的）。在騎乘其坐騎時在騎術檢定上不受防具減值。坐騎總被視為受過戰鬥訓練，並在開始時獲得「擅長輕甲」作為獎勵專長。騎將的坐騎不會獲得【法術共享】能力。騎將與其坐騎之間的聯結是緊密的，能夠互相理解和預測對方的情緒和行動。如果騎將的坐騎死亡，騎將可以在一周的哀悼之後找到一個新的坐騎。新的坐騎不會獲得【鏈接】、【反射閃避】、【忠誠】或【精通反射閃避】能力，直到騎將升級。	
CATEGORY=Special Ability|Cavalier ~ Order.MOD	OUTPUTNAME:騎士道（Order）	DESC:.CLEAR	DESC:1級時，騎將必須對一項特定的騎士道宣誓。騎士道會帶給騎士一些加值、本職技能以及特殊能力。此外，每項騎士道都有一些騎將必須遵守的法令。如果騎將違反了其中任何一條，他會失去所有騎士道帶來的收益，持續24小時。對於法令的違反GM有最終解釋權。若要改變所信奉的騎士道，騎將必須通過一個冗長的程序。如果決定這樣做了，騎將會立刻失去舊騎士道帶來的所有收益。他必須在不獲得任何新騎士道的收益的前提下遵守該騎士道的法規整整1級的時間。一旦完成，他會獲得新騎士道的所有收益。注意，根據戰役設定，這些騎士道的名字可能改變。	
CATEGORY=Special Ability|Cavalier ~ Tactician.MOD	OUTPUTNAME:戰術（Tactician）	DESC:.CLEAR	DESC:1級時，騎將會獲得1個團隊專長作為他的額外專長。他必須滿足該專長的先決條件。以一個標準動作，騎將可將此專長分予30尺內所有能看見他的盟友。盟友可以使用此專長達3輪，騎將每2個職業等級再加1輪。同伴無須滿足此額外專長的先決條件。騎將1級時，每天可使用此能力1次，5級和之後的每5級會獲得1次額外使用次數。	
CATEGORY=Special Ability|Cavalier ~ Cavalier's Charge.MOD	OUTPUTNAME:騎將衝鋒（Cavalier's Charge）	DESC:.CLEAR	DESC:3級時，騎將能夠在騎乘中做出更精確的衝鋒。騎將在騎乘衝鋒時獲得+4攻擊加值（替代一般的+2）。此外，騎將在騎乘衝鋒後不受任何AC懲罰。	
CATEGORY=Special Ability|Cavalier ~ Expert Trainer.MOD	OUTPUTNAME:馴獸專家（Expert Trainer）	DESC:.CLEAR	DESC:4級時，騎將學會以卓越的技術和速度訓練坐騎。當騎將對作為坐騎的動物使用馴養動物技能時，他獲得等同於騎將等級一半的加值。此外，他可以將教會一匹坐騎新把戲、或訓練一匹坐騎的時間縮短，每週可縮短一天，但是會令DC+5。他也可以同時訓練多個坐騎，第1個之外的每個坐騎的DC會累加2。	
CATEGORY=Special Ability|Cavalier ~ Banner.MOD	OUTPUTNAME:旗幟（Banner）	DESC:.CLEAR	DESC:5級時，騎將的旗幟會成為盟軍和夥伴的振奮之源。只要騎將的旗幟能夠被清晰的看見，60尺內的所有友軍在對抗恐懼效果的豁免檢定中獲得+2士氣加值，衝鋒的攻擊檢定獲得+1士氣加值。10級時，以及之後每5級，這些加值再+1。	
CATEGORY=Special Ability|Cavalier ~ Greater Tactician.MOD	OUTPUTNAME:高等戰術（Greater Tactician）	DESC:.CLEAR	DESC:9級時，騎將獲得一個額外的團隊專長作為額外專長。他必須滿足先決條件才能選取此專長。騎將使用【戰術】能力時，可以將此專長分享給他的盟友。使用戰術能力是一個迅捷動作。	
CATEGORY=Special Ability|Cavalier ~ Mighty Charge.MOD	OUTPUTNAME:強力衝鋒（Mighty Charge）	DESC:.CLEAR	DESC:11級時，騎將學會在衝鋒時進行威力巨大的攻擊。騎乘衝鋒時，所持武器的重擊威脅範圍翻倍。這一效果不與其他增加重擊威脅範圍的效果疊加。此外，如果衝鋒命中，騎將可以進行一個額外的戰技，這包括衝撞、卸武、破武或絆摔。額外的戰技不會引發藉機攻擊。	
CATEGORY=Special Ability|Cavalier ~ Demanding Challenge.MOD	OUTPUTNAME:威迫挑戰（Demanding Challenge）	DESC:.CLEAR	DESC:12級後，當騎將進行挑戰時，他的目標不得不提防來自騎將的威脅。只要目標還在騎將的威脅範圍內，面對來自騎將之外的攻擊時AC就會受到-2懲罰。	
CATEGORY=Special Ability|Cavalier ~ Greater Banner.MOD	OUTPUTNAME:旗幟高揚（Greater Banner）	DESC:.CLEAR	DESC:14級時，騎將的旗幟將成為對盟友的號召。所有60尺的盟友在對抗〔魅惑〕和〔脅迫〕法術或者效果時，豁免檢定獲得+2士氣加值。此外，當騎將的旗幟顯現在外時，他可以用一個標準動作揮舞旗幟使其飄揚，使所有60尺內的盟友獲得一次額外的豁免機會，以對抗以他們為目標的〔魅惑〕和〔脅迫〕法術或效果。該豁免的DC與原先的DC相同。此能力對不允許豁免的法術或能力無效。任何一個盟友都無法在一天內受益於此能力兩次。	
CATEGORY=Special Ability|Cavalier ~ Master Tactician.MOD	OUTPUTNAME:戰術大師（Master Tactician）	DESC:.CLEAR	DESC:17級時，騎將獲得一個額外的團隊專長作為額外專長。他必須滿足先決條件才能選取此專長。騎將使用【戰術】能力時，可以將此專長分享給他的盟友。當騎將使用他的【戰術】能力時，他給予盟友兩個他所知專長的效果。他可以從任何他所有的團隊專長中選取，並不限定於他的額外專長。	
CATEGORY=Special Ability|Cavalier ~ Supreme Charge.MOD	OUTPUTNAME:至高衝鋒（Supreme Charge）	DESC:.CLEAR	DESC:20級後，當騎將進行騎乘衝鋒時，他造成雙倍傷害（如果使用長槍則是三倍）。此外，如果騎將在騎乘衝鋒時造成了重擊，目標會震懾1d4輪。成功的意志豁免能將效果降低為恍惚1d4輪，DC等於「10+騎將基本攻擊加值」。	
CATEGORY=Special Ability|Fell Rider ~ Brute Steed.MOD	OUTPUTNAME:凶殘坐騎（Brute Steed）	DESC:.CLEAR	DESC:殘暴馭手的坐騎往往高大而兇猛。它的力量+2，但是敏捷-2。這一能力在其他方面如騎兵的坐騎能力般運作，並取代坐騎。	
CATEGORY=Special Ability|Fell Rider ~ Rampage.MOD	OUTPUTNAME:橫衝直撞（Rampage）	DESC:.CLEAR	DESC:3級時，殘暴馭手獲得「踐踏」作為獎勵專長。殘暴馭手騎乘中的闖越檢定+2。此外，它的坐騎在使用蹄擊或使用「踐踏」能力時傷害+2，即使並非在進行闖越。這一能力取代騎將衝鋒。	
CATEGORY=Special Ability|Fell Rider ~ Dread Rider.MOD	OUTPUTNAME:恐懼馭手（Dread Rider）	DESC:.CLEAR	DESC:4級時，一名騎乘中的殘暴馭手在威嚇檢定上獲得相當於1/2其職業等級的加值。每輪1次，以一個自由動作，他可以進行一個威嚇檢定來挫敗他在騎乘中踐踏或衝鋒過的目標。這一能力取代馴獸專家。	
CATEGORY=Special Ability|Fell Rider ~ Fell Presence.MOD	OUTPUTNAME:殘暴面容（Fell Presence）	DESC:.CLEAR	DESC:5級時，殘暴馭手在騎乘時便能散播恐懼。只要殘暴馭手處在騎乘狀態下，60尺內的所有敵人就會在對抗恐懼的檢定中承受-2罰值。在10級和之後的每5級，這一罰值都會再次-1。這一能力取代旗幟。	
CATEGORY=Special Ability|Fell Rider ~ Deadly Rampage.MOD	OUTPUTNAME:致命橫行（Deadly Rampage）	DESC:.CLEAR	DESC:11級時，騎乘中的殘暴馭手不再因試圖闖越而引發藉機攻擊。如果他成功闖越一個生物，他能以一個自由動作對其進行一次單獨的近戰攻擊。這一能力取代強力衝鋒。	
CATEGORY=Special Ability|Fell Rider ~ Terror.MOD	OUTPUTNAME:恐怖（Terror）	DESC:.CLEAR	DESC:14級時，殘暴馭手能以一個標準動作策動其坐騎後腳直立，向他的敵人宣告恐怖的到來。60尺內能看到殘暴馭手的生物必須進行一個DC為「10+1/2殘暴馭手等級+魅力修正」的意志豁免，失敗則將陷入戰慄，持續輪數相當於殘暴馭手等級。HD不高於殘暴馭手一半的生物則會立刻陷入驚懼。成功通過豁免的生物將在24小時內免疫該殘暴馭手的恐怖能力。這一能力是〔影響心靈〕的恐懼效果，取代高等旗幟。	
CATEGORY=Special Ability|Fell Rider ~ Unstoppable Rampage.MOD	OUTPUTNAME:勢不可當（Unstoppable Rampage）	DESC:.CLEAR	DESC:20級時，騎乘中的殘暴馭手可以通過一次闖越戰技來闖越至多四名敵人。在闖越第一個敵人之後的每次闖越嘗試，都會額外承受-5罰值（舉例來說，第四次闖越嘗試將承受-15罰值）。如果任何闖越嘗試失敗，殘暴馭手便不能在這一輪中繼續進行闖越。殘暴馭手或其坐騎的作為闖越一部分的攻擊，如來自「踐踏」專長或【致命橫行】的攻擊，命中+4且任何來自此類攻擊的重擊威脅自動確認。這一能力取代至高衝鋒。	
CATEGORY=Special Ability|Beast Rider ~ Exotic Mount.MOD	OUTPUTNAME:奇異坐騎（Exotic Mount）	DESC:.CLEAR	DESC:1級時，獸騎士得到一個強壯而忠誠的坐騎做為他的夥伴，此坐騎如同德魯伊的動物夥伴，但以獸騎士的等級作為有效德魯伊等級。做為夥伴的生物體型必須要大到可以提供獸騎士騎乘。獸騎士在騎乘他的坐騎時的騎乘檢定不需要承受任何的防具減值，坐騎被視為受過戰鬥訓練，而且得到「堅忍」做為獎勵專長。獸騎士的坐騎不會得到「法術共享」能力。每次獸騎士升級時，他可以選擇一個新的、更為強健的坐騎以突顯他的能力增加。小體型和中等體型的獸騎士分別可以如下表選擇坐騎；7級時，中等體型的獸騎士可以選擇在自然環境中通常是大型或巨型的生物，就算這些生物在德魯伊的動物夥伴列表是中型也一樣會變大（例如熊）。變大的坐騎得到以下調整：體型 大型；屬性 力量+2、敏捷-2、體質+2；每個天生武器傷害上升一個骰數。獸騎士無法選擇不能承載他體重的生物，也不能選擇少於四隻腳或可以飛的生物。如果他的坐騎擁有可以使用蹄踢的能力或專長，那只坐騎可以選擇爪抓或踐踏取而代之。此能力取代一般的坐騎和馴獸專家。	
CATEGORY=Special Ability|Emissary ~ In or Out of the Saddle.MOD	OUTPUTNAME:徒步與鞍（In or Out of the Saddle）	DESC:.CLEAR	DESC:1級時，信使得到「騎乘戰鬥」做為獎勵專長，同時在穿著中甲時可以用正常速度移動。此能力取代戰術。	
CATEGORY=Special Ability|Emissary ~ Battlefield Agility.MOD	OUTPUTNAME:戰地敏捷（Battlefield Agility）	DESC:.CLEAR	DESC:5級時，他可以更機警的察覺週遭的威脅，並且將此警覺與他忠誠的坐騎分享。信使和他的坐騎得到「靈活移動」做為獎勵專長。此能力取代旗幟。	
CATEGORY=Special Ability|Emissary ~ Mounted Acrobatics.MOD	OUTPUTNAME:騎乘雜技（Mounted Acrobatics）	DESC:.CLEAR	DESC:9級，信使可以更熟練的上下鞍座，甚至可以在坐騎飛奔時翻到側邊。他得到「騎乘技巧」做為獎勵專長，即便他沒有達到先決條件。信使可以在穿著中甲的情況下使用此專長。騎乘雜技取代高等戰術。	
CATEGORY=Special Ability|Emissary ~ Mounted Dervish.MOD	OUTPUTNAME:騎乘亂舞（Mounted Dervish）	DESC:.CLEAR	DESC:14級，信使成為戰場上可怖的機動武力，他得到「騎乘散兵」做為獎勵專長，即便他沒有滿足先決條件。此外，當他的坐騎發起衝鋒時，他可以讓坐騎的速度增加10尺。此能力取代旗幟高揚。	
CATEGORY=Special Ability|Emissary ~ Erratic Charge.MOD	OUTPUTNAME:古怪衝鋒（Erratic Charge）	DESC:.CLEAR	DESC:17級，信使可以穿越戰場迷霧，突擊，然後以令人炫目的速度脫離。當他坐騎發起衝鋒時，他可以先移動10尺並且發起一次近戰攻擊。此次攻擊並不是衝鋒攻擊，然後坐騎開始朝同一條在線的目標發起衝鋒，古怪衝鋒會讓他在衝鋒時的最終命中擲骰承受-5的減值。此能力取代至高衝鋒。	
CATEGORY=Special Ability|Gendarme ~ Transfixing Charge.MOD	OUTPUTNAME:穿刺衝鋒（Transfixing Charge）	DESC:.CLEAR	DESC:20級，禁衛騎士展握了騎乘戰鬥的精髓。當他騎乘發起衝鋒攻擊的時候，他將造成3倍傷害（長槍4倍），此傷害加值已計入奮力衝鋒的傷害翻倍。此外，如果他的衝鋒造成重擊，那麼他的武器將自動造成最大傷害。額外的傷害像是武器附魔、魔法效果、基於精確攻擊的傷害或其他加值等仍然需要正常擲骰。此能力取代至高衝鋒。	
CATEGORY=Special Ability|Honor Guard ~ Sworn Defense.MOD	OUTPUTNAME:忠實防禦（Sworn Defense）	DESC:.CLEAR	DESC:1級時，每當榮耀守衛發起挑戰，他可以選擇一個盟友在挑戰中作為他要保護的目標，只要榮耀守衛和他要保護的目標相鄰，他的AC會承受-1的減值，而要保護的目標AC則得到+1閃避加值。此能力取代標準挑戰。	
CATEGORY=Special Ability|Honor Guard ~ Intercept.MOD	OUTPUTNAME:攔截（Intercept）	DESC:.CLEAR	DESC:3級時，榮耀守衛知道如何更有效的干擾敵人的攻擊。他得到「保鏢」做為獎勵專長，就算他不符合先決條件。此外，當榮耀守衛用協助他人來提供夥伴的AC時，AC上升的點數+1。此能力取代騎將衝鋒。	
CATEGORY=Special Ability|Honor Guard ~ Warding Charge.MOD	OUTPUTNAME:屏障衝鋒（Warding Charge）	DESC:.CLEAR	DESC:11級，榮耀守衛可以衝鋒穿越戰場，以保護他守衛的盟友對抗被挑戰的敵人。當被他挑戰的目標攻擊他守衛的人時，榮耀守衛可以用一個直覺動作以基本速度移動並且發起一次攻擊，如果距離夠的話他甚至可以發起衝鋒。此能力取代強力衝鋒。	
CATEGORY=Special Ability|Luring Cavalier ~ Far Challenge.MOD	OUTPUTNAME:遠程挑戰（Far Challenge）	DESC:.CLEAR	DESC:每日1次，餌騎兵可以用迅捷動作發起遠程挑戰。當他這麼做時，他必須選擇一個視線內的目標作為挑戰的對象，遠程攻擊的額外傷害等同於餌騎兵的等級。餌騎兵每天可以使用此能力1次，高於1級之後每3級再1次，直到19級的7次。此外，每日1次，餌騎兵還可以消耗1次挑戰數量來使他的單次遠程攻擊造成的額外傷害翻倍，他必須在攻擊擲骰之前決定是否要使用此能力。如果該次攻擊失手，則該次挑戰次數就被浪費掉了。引誘對手需要微妙的欺騙技術和戰術，餌騎兵則透過讓自己看起來容易受傷來達成此目標，他所挑戰的目標對他發動攻擊時將得到+4的加值，挑戰持續到該目標死亡、失去意識、以近戰攻擊命中餌騎兵或戰鬥結束。如果遠程挑戰是因為該目標以近戰攻擊擊中餌騎兵終結的話，該次挑戰會變成正常挑戰效果，並得到餌騎兵所屬騎士團的挑戰加值。遠程挑戰取代標準挑戰。	
CATEGORY=Special Ability|Luring Cavalier ~ Careful Aim.MOD	OUTPUTNAME:仔細瞄準（Careful Aim）	DESC:.CLEAR	DESC:3級時，當餌騎兵以他最高基本攻擊加值發起遠程攻擊時，他可以忽略三倍射程減值。如果他使用的是火槍，他可以在兩倍射程外攻擊目標的接觸AC，此能力和其他允許騎將忽略遠程攻擊減值或在更遠距離以火器進行遠程接觸攻擊的能力疊加。此能力取代騎將衝鋒。	
CATEGORY=Special Ability|Luring Cavalier ~ Infuriating Aim.MOD	OUTPUTNAME:激怒射擊（Infuriating Aim）	DESC:.CLEAR	DESC:11級，當餌騎兵以最高攻擊加值進行的遠程攻擊對他挑戰的目標造成重擊時，他將會激怒他的目標1輪，被激怒的目標必須花費自己的行動以靠近餌騎兵，不論是移動、奔跑、或衝鋒（目標可以自己選擇要衝鋒的對象）。此能力是心智影響的效果。激怒射擊取代強力衝鋒。	
CATEGORY=Special Ability|Luring Cavalier ~ Versatile Challenge.MOD	OUTPUTNAME:多樣挑戰（Versatile Challenge）	DESC:.CLEAR	DESC:12級，發起挑戰時餌騎兵可以自由選擇正常挑戰或遠程挑戰，他甚至可以在挑戰途中以迅捷動作切換挑戰，不過他仍必須要和目標有效果線連接。	
CATEGORY=Special Ability|Luring Cavalier ~ Supreme Aim.MOD	OUTPUTNAME:至高瞄準（Supreme Aim）	DESC:.CLEAR	DESC:20級時，所有餌騎兵的遠程攻擊都得到「仔細瞄準」和「激怒射擊」的效果。此能力取代至高衝鋒。	
CATEGORY=Special Ability|Musketeer ~ Gifted Firearm.MOD	OUTPUTNAME:火器天賦（Gifted Firearm）	DESC:.CLEAR	DESC:1級時，作為騎士團的贈與，火槍手會得到一把滑膛槍或是手槍。這把武器同時代表著他的職責和天賦，火槍手無法賣掉這把火槍。除此之外，他得到「槍匠」做為獎勵專長。8級起，火槍手可以透過調整他受贈的火槍來達到專注，此專注需要一個標準動作，且持續相當於他等級的分鐘數。火槍手每天可以專注2次，之後每4級增加1次，最多達到20級的5次。專注可以讓他得到以下好處：8級時如同擁有「精通重擊（火器）」專長；11級時槍的啞火值-1，最少為1，效果如同武器附魔「可靠（reliable）」；17級時射程加倍，效果如同武器附魔「及遠」。這些能力不會和他們等效的附魔疊加。20級時，專注會使他進入一種槍械亂舞的狀態，他能透過消耗一次挑戰來用火器進行全力攻擊，忽略正常所需的填裝時間。如果火槍手受贈的武器被毀壞了，那麼他在之後的30天之內失去此能力，直到為他定作的替換武器鍛造完成。在這30天中，火槍手的傷害骰會承受-1的減值。此能力取代坐騎。	
CATEGORY=Special Ability|Musketeer ~ Swift Powder.MOD	OUTPUTNAME:迅速裝藥（Swift Powder）	DESC:.CLEAR	DESC:4級時，火槍手得到「快速裝填（步槍）」或「快速裝填（手槍）」做為獎勵專長。14級，當火槍手發起挑戰時，他能用一個自由動作裝填火槍。此能力取代馴獸專家。	
CATEGORY=Special Ability|Standard Bearer ~ Banner.MOD	OUTPUTNAME:旗幟（Banner）	DESC:.CLEAR	DESC:在1級時旗手得到「旗幟」能力，此能力和正常騎將的旗幟相同，不過對抗恐懼的豁免和衝鋒時的攻擊加值將在5級時增加，並在之後的每5級如常成長。此能力取代坐騎。	
CATEGORY=Special Ability|Standard Bearer ~ Mount.MOD	OUTPUTNAME:坐騎（Mount）	DESC:.CLEAR	DESC:在5級時，旗手得到「坐騎」能力，此能力和一般的坐騎完全相同。	
CATEGORY=Special Ability|Standard Bearer ~ Banner of Solace.MOD	OUTPUTNAME:飄揚之旗（Banner of Solace）	DESC:.CLEAR	DESC:11級，旗手成為更強大的象徵，守護著他周圍的人。每日1次，當騎手的旗幟展現時，他可以用一個整輪動作揮舞旗幟，讓60尺內所有盟友得到相當於他等級一半的臨時生命值，並使他們下一次的傷害擲骰得到+2士氣加值。15級和19級，此加值再+1。額外生命值會在10分鐘之後發散。此能力取代強力衝鋒。	
CATEGORY=Special Ability|Standard Bearer ~ Awesome Pennon.MOD	OUTPUTNAME:完美之旗（Awesome Pennon）	DESC:.CLEAR	DESC:20級，旗手的旗幟變成他盟友的力量和敵人的災厄。當旗幟展現時，所有60尺內盟友的攻擊檢定得到+1士氣加值，且免疫恐懼效果，並對所有心智影響效果的豁免得到+3士氣加值。此能力取代至高衝鋒。	
CATEGORY=Special Ability|Strategist ~ Tactician.MOD	OUTPUTNAME:戰術（Tactician）	DESC:.CLEAR	DESC:戰術指揮在1級時得到「戰術」能力，此能力如同標準的戰術能力，只是他在第5級得到第2次使用次數，之後每4級再增加1次，最多達到17級的5次。	
CATEGORY=Special Ability|Strategist ~ Drill Instructor.MOD	OUTPUTNAME:教官（Drill Instructor）	DESC:.CLEAR	DESC:4級時，戰術指揮知道怎麼訓練自己的隊友進行細緻的小隊作戰。花費10分鐘和1次挑戰能力，戰術指揮可以讓至多4個盟友得到團隊專長的效果，如同他的戰術能力。盟友不需要滿足專長的先決條件，但此專長只保留「10+1/2戰術指揮等級」分鐘的時間。如果戰術指揮失去意識，或是隊友看不到他也聽不到他的聲音，那麼他的盟友將暫時失去此專長，直到條件重新被滿足。此能力取代馴獸專家。	
CATEGORY=Special Ability|Strategist ~ Tactical Advantage.MOD	OUTPUTNAME:戰術優勢（Tactical Advantage）	DESC:.CLEAR	DESC:14級，每當戰術指揮使用戰術能力時，他可以用一個自由動作移動相當於他移動速度的距離，此移動仍然會引發藉機攻擊。這個能力取代高等旗幟。	
CATEGORY=Special Ability|Strategist ~ Strategic Supremacy.MOD	OUTPUTNAME:戰略優勢（Strategic Supremacy）	DESC:.CLEAR	DESC:18級，戰術指揮不僅能強化自己的盟友，甚至還可以瓦解敵方的優勢。當他使用戰術能力時，他可以選擇清除30尺之內一個敵方的戰術專長所帶來的優勢，而不是賦予隊有戰術專長。此能力取代18級的獎勵專長。	
CATEGORY=Special Ability|Daring Champion ~ Champion's Finesse.MOD	OUTPUTNAME:勇者劍技（Champion's Finesse）	DESC:.CLEAR	DESC:在1級時，無畏勇者獲得武器嫻熟作為獎勵專長，但只對單手穿刺武器生效。在選擇專長時，無畏勇者可以以自己的魅力值視為智力值來滿足獲取專長的前提，並且本能力在作為專長先決條件時視為武器嫻熟專長。本能力取代坐騎。	
CATEGORY=Special Ability|Daring Champion ~ Nimble.MOD	OUTPUTNAME:靈巧（Nimble）	DESC:.CLEAR	DESC:在3級時，無畏勇者在不著甲或著輕甲，且沒有過度負重時，在防禦等級上獲得+1閃避加值。任何使無畏勇者無法將敏捷加至AC的效果均會令本能力無效。在3級以及之後每4級，這個加值會額外+1，直到達到19級時的最大+5。本能力取代騎士衝鋒。	
CATEGORY=Special Ability|Daring Champion ~ Panache and Deeds.MOD	OUTPUTNAME:仗劍行俠（Panache and Deeds）	DESC:.CLEAR	DESC:在4級時，無畏勇者獲得遊蕩劍客的派頭能力以及如下遊蕩劍客炫技：閃避派頭，適時格擋反擊，精確刺擊和遊蕩劍客之反應。本能力取代馴獸專家。	
CATEGORY=Special Ability|Daring Champion ~ Advanced Deeds.MOD	OUTPUTNAME:劍俠絕技（Advanced Deeds）	DESC:.CLEAR	DESC:在11級時，無畏勇者獲得以下遊蕩劍客炫技：迅捷佯攻，精確瞄準，炫目防禦。本能力取代強力衝鋒。	
CATEGORY=Special Ability|Daring Champion ~ Champion's Weapon Mastery.MOD	OUTPUTNAME:勇者武器大師（Champion's Weapon Mastery）	DESC:.CLEAR	DESC:20級時，當無畏勇者在使用單手或輕型穿刺近戰武器造成重擊威脅時，重擊確認自動成功。除此之外，無畏勇者重擊時的傷害倍數將會額外加1（如x2會變為x3）。本能力取代至高衝鋒。	
CATEGORY=Special Ability|Order of the Cockatrice ~ Braggart.MOD	OUTPUTNAME:吹噓武勇（Braggart）	DESC:.CLEAR	DESC:在2級時，騎將可以以一個標準動作誇高自己的身家和戰力，他獲得炫目技巧（Dazzling Display）獎勵專長，而且不需要使用武器來發動該專長。如果目標被挫敗士氣，那麼騎將在對他的近戰攻擊檢定上獲得+2士氣加值。	
CATEGORY=Special Ability|Order of the Cockatrice ~ Steal Glory.MOD	OUTPUTNAME:竊取榮耀（Steal Glory）	DESC:.CLEAR	DESC:8級時，騎將可以從其他生物的成功攻擊中竊取榮耀。當騎將之外的其他生物對騎將威脅範圍內的目標造成重擊時，騎將可以對該目標進行1次藉機攻擊。	
CATEGORY=Special Ability|Order of the Cockatrice ~ Moment of Triumph.MOD	OUTPUTNAME:勝利時刻（Moment of Triumph）	DESC:.CLEAR	DESC:15級時，騎將可以以一個自由動作聲明勝利時刻。1輪之中，騎將在所有屬性檢定，攻擊檢定，傷害檢定和技能檢定上獲得等同於自己魅力修正的表現加值。此外，所有他造成的重擊威脅都自動確認。騎將可以每天使用此能力1次。	
CATEGORY=Special Ability|Order of the Dragon ~ Aid Allies.MOD	OUTPUTNAME:協助盟友（Aid Allies）	DESC:.CLEAR	DESC:2級時，當巨龍騎士團的騎將使用協助他人來幫助自己的盟友時，盟友的防禦等級，攻擊檢定，豁免檢定或技能檢定獲得+3加值。8級時，以及之後每6級，此加值增加1。	
CATEGORY=Special Ability|Order of the Dragon ~ Strategy.MOD	OUTPUTNAME:戰場策略（Strategy）	DESC:.CLEAR	DESC:8級時，騎將可以耗費一個標準動作給30尺內的盟友（包括他自己）帶來數種收益中的一個。盟友必須能看到或聽到騎將才能獲得收益。騎將可以帶來持續一輪AC的+2閃避加值、持續1輪攻擊檢定的+2士氣加值、或是立刻進行一個僅能用於移動的移動動作。騎將可以給範圍內的盟友帶來不同的收益，但他的盟友每場戰鬥只能獲益1次。	
CATEGORY=Special Ability|Order of the Dragon ~ Act as One.MOD	OUTPUTNAME:一心同體（Act as One）	DESC:.CLEAR	DESC:15級時，騎將可以以一個標準動作來以其標準速度移動並做出一次近戰攻擊。30尺內的所有同伴也可以以直覺動作進行一次移動和攻擊。如果地形符合，移動和攻擊可以以衝鋒的形式做出。所有這樣的攻擊都有+2加值（與衝鋒帶來的加值疊加），並且所有參與者的AC獲得+2閃避加值，持續一輪。騎將每次戰鬥可使用此能力1次。	
CATEGORY=Special Ability|Order of the Lion ~ Lion's Call.MOD	OUTPUTNAME:獅之呼喚（Lion's Call）	DESC:.CLEAR	DESC:2級時，雄獅騎士團的騎將獲得鼓舞其盟友的能力。以一個標準動作，他可以進行一次鼓舞士氣的演講，給60尺內所有盟友帶來對抗恐懼效果的豁免檢定表現加值，等同於其魅力修正，以及攻擊檢定的+1表現加值，持續等同於其騎將等級的輪數。如果任何範圍內的盟友正在受到造成驚懼或恐慌的法術或能力的影響，他可以立刻做一次豁免檢定來抵抗該效果（如果該效果允許的話）。	
CATEGORY=Special Ability|Order of the Lion ~ For the King.MOD	OUTPUTNAME:為了吾王（For the King）	DESC:.CLEAR	DESC:8級時，雄獅騎士團的騎將可以對他的盟友大聲呼喚，極大地激勵他們。以一個迅捷動作，騎將可以給30尺內的隊友帶來等同於其魅力修正的攻擊和傷害表現加值。此加值持續1輪，每場戰鬥可使用1次。	
CATEGORY=Special Ability|Order of the Lion ~ Shield of the Liege.MOD	OUTPUTNAME:忠臣之盾（Shield of the Liege）	DESC:.CLEAR	DESC:15級時，雄獅騎士團的騎將可以保護他周圍的盟友。與騎將鄰接的盟友的AC獲得+2盾牌加值。此外，以一個直覺動作，騎將可以將對自己鄰接生物做出的攻擊引導到自己身上，只要攻擊者處於騎將的觸及範圍內。此能力必須在攻擊檢定進行之前聲明。該次攻擊對抗騎將的AC和防禦，即使做出攻擊的生物在正常情況下無法夠到或攻擊到騎將。騎將在面對被引導的攻擊時失去所有的掩蔽和隱蔽加值。	
CATEGORY=Special Ability|Order of the Shield ~ Resolute.MOD	OUTPUTNAME:堅定決心（Resolute）	DESC:.CLEAR	DESC:2級時，騎將在穿戴重型盔甲的前提下受到近戰或遠程攻擊時，他可以將1點致命攻擊轉化成1點非致命傷害。每次受到攻擊，騎將可以使用1次此能力。此能力不能將屬性傷害、屬性吸取或能量傷害轉化成非致命傷害。6級時，以及之後每4級，騎將每次可轉化的傷害量增加1。	
CATEGORY=Special Ability|Order of the Shield ~ Stem the Tide.MOD	OUTPUTNAME:逆流而上（Stem the Tide）	DESC:.CLEAR	DESC:8級時，騎將獲得「禁止通行」專長，即使不滿足先決條件也一樣。在阻止其他生物移動時，擁有此能力的騎將可以進行一次普通的近戰攻擊。如果攻擊命中並造成了傷害，該目標必須停止移動，就如同騎將進行了一次成功的戰技檢定一樣。	
CATEGORY=Special Ability|Order of the Shield ~ Protect the Meek.MOD	OUTPUTNAME:保護弱者（Protect the Meek）	DESC:.CLEAR	DESC:15級時，騎將可以對敵人進行攔截。以一個直覺動作，他可以以標準速度移動（或其坐騎的標準動作，如果在騎乘的話）並且做出一次近戰攻擊。此次移動會正常引發藉機攻擊。騎將必須在鄰接敵人的位置完成移動。下一輪騎將會恍惚並無法在1輪之內再次使用此能力。	
CATEGORY=Special Ability|Order of the Star ~ Calling.MOD	OUTPUTNAME:信念呼喚（Calling）	DESC:.CLEAR	DESC:2級時，騎將可以以一個標準動作進行簡短的祈禱，為自己灌注信心。在下1分鐘的任何時刻中，他可以在一次屬性檢定、攻擊檢定、豁免檢定或技能檢定中獲得等同於魅力修正的表現加值。他必須在進行檢定之前聲明使用此加值。他每天可以使用4次此能力，每種類型的檢定1次。此外，他可以在使用引導能量或聖療時將騎將等級的一半加到他的聖騎將或牧師等級上。	
CATEGORY=Special Ability|Order of the Star ~ For the Faith.MOD	OUTPUTNAME:為了信仰（For the Faith）	DESC:.CLEAR	DESC:8級時，騎將可以呼喚自己的信仰來支持自己的戰鬥。以一個自由動作，騎將可以呼喊他的神祇的名字，在1輪內獲得等同於魅力修正的攻擊加值。此外，30尺內的所有共同信仰的盟友也會獲得他的加值的一半（最少+1）。騎將每天可使用此能力1次，12級以及之後每4級再增加1次。	
CATEGORY=Special Ability|Order of the Star ~ Retribution.MOD	OUTPUTNAME:復仇懲戒（Retribution）	DESC:.CLEAR	DESC:15級時，騎將可以對敢於攻擊其信仰的使者的目標進行懲戒。當一個敵人近戰攻擊擊中了騎將或與騎將鄰接的有共同信仰的盟友，騎將可以對該敵人進行一次藉機攻擊。騎將在該次攻擊檢定中獲得+2士氣加值。如果該敵人做出的攻擊造成了重擊，騎將可以在當次藉機攻擊中將其視為自己的挑戰目標。騎將每輪可以使用此能力1次。	
CATEGORY=Special Ability|Order of the Sword ~ By My Honor.MOD	OUTPUTNAME:榮耀之名（By My Honor）	DESC:.CLEAR	DESC:2級時，騎將可以額外選取一個陣營。只要他還維持在此陣營中，他在自選的一個豁免上便獲得+2 士氣加值。	
CATEGORY=Special Ability|Order of the Sword ~ Mounted Mastery.MOD	OUTPUTNAME:騎乘精通（Mounted Mastery）	DESC:.CLEAR	DESC:8級時，騎將在進行騎術檢定時只應用一半的防具減值。在騎乘衝鋒時，他在對抗針對自己的衝鋒做出的攻擊時AC獲得+4閃避加值。在進行騎乘衝鋒時，他可以將坐騎的力量修正加入傷害檢定中，與自己的力量修正累加。同時他還可以獲得一個獎勵專長，從如下專長中選擇：騎乘戰鬥，走馬掠擊，技能專攻（騎術），奮力衝刺，踐踏，落馬擊。他必須滿足所選專長的先決條件。	
CATEGORY=Special Ability|Order of the Sword ~ Knight's Challenge.MOD	OUTPUTNAME:騎將挑戰（Knight's Challenge）	DESC:.CLEAR	DESC:15級時，騎將每天可以進行一次騎將挑戰。這與一般的挑戰類似，但是騎將可以將自己的魅力修正加到針對挑戰對象的所有攻擊與傷害檢定上。此外，在對抗被他的騎將挑戰指定的目標時，他在用以確認重擊檢定的攻擊骰上獲得+4環境加值。	
CATEGORY=Special Ability|Order of the Blue Rose ~ Flat of the Blade.MOD	OUTPUTNAME:刀背打擊（Flat of the Blade）	DESC:.CLEAR	DESC:2級時，藍玫瑰騎將知道如何對他的敵人造成較溫和的傷害取代致命傷。當他選擇造成非致命傷害時，他不需要承受-4的減值；且造成非致命傷害時，他的傷害骰上還有+2的加值。當他使用此能力之後，他必須嘗試制服而非殺死被刀背打擊攻擊的目標。在使用此能力之後又造成致命傷害，或是允許隊友殺死該目標的藍玫瑰騎將被視為違反誓言。	
CATEGORY=Special Ability|Order of the Blue Rose ~ Inner Peace.MOD	OUTPUTNAME:內在平靜（Inner Peace）	DESC:.CLEAR	DESC:8級時，藍玫瑰騎將知道並非世界上所有的事物都會隨著他的願望而行，他必須保持冷靜和中立。每日一次，以一個迅捷動作，藍玫瑰騎將可以忽略一次攻擊（攻擊、法術或效果皆可）中相當於他的騎將等級加上魅力修正的傷害，此能力只對造成生命傷害的效果有效。在12級和之後的每4級他會得到一次額外的使用機會，最多達到20級的4次。	
CATEGORY=Special Ability|Order of the Blue Rose ~ Shield of Blades.MOD	OUTPUTNAME:劍刃之盾（Shield of Blades）	DESC:.CLEAR	DESC:15級時，藍玫瑰騎將可以感知到他周圍即將發生的暴力行為。當他採取全防禦動作時，藍玫瑰騎將能將他的保護延伸到那些環繞著他的盟友上，他身邊所有的夥伴在AC上將得到+2環境加值。此外，在進行全防禦時，以一個直覺動作，他能夠通過一個攻擊檢定對抗來偏轉一次攻擊，如果他成功了，該次攻擊將會被防禦住且不造成任何傷害。	
CATEGORY=Special Ability|Order of the Seal ~ Keeper.MOD	OUTPUTNAME:傳承管理（Keeper）	DESC:.CLEAR	DESC:2級時，封印騎將必須選擇一個他要保衛的地點或是秘密。如果他選擇保衛地點，在為了保護該地點而戰時，他的攻擊檢定會有+2的士氣加值。如果他選擇秘密，那麼針對任何打算探出他秘密的行為時，他的豁免和技能對抗檢定得到+2的士氣加值。這些加值持續到他選擇了另外一個守護地點或是秘密為止。	
CATEGORY=Special Ability|Order of the Seal ~ I Shall Not Be Moved.MOD	OUTPUTNAME:堅定不移（I Shall Not Be Moved）	DESC:.CLEAR	DESC:8級時，封印騎將可以藉由他的奉獻精神克服身體的弱點。只要在該輪中他沒有移動5尺以上，他可以在對抗衝撞、闖越、拖拽、推擠和絆摔的戰技防禦上得到+2加值。此加值持續到他下一輪開始。	
CATEGORY=Special Ability|Order of the Seal ~ Staggering Assault.MOD	OUTPUTNAME:驚人打擊（Staggering Assault）	DESC:.CLEAR	DESC:15級時，封印騎將可以把對手徹底的打飛。他可以用一個整輪動作，以最高攻擊加值進行一次攻擊，如果該次攻擊命中，攻擊會如常造成傷害，並且帶來衝撞的效果。該次衝撞中，封印騎將的戰技檢定上得到相當於該次攻擊傷害一半的加值。	
CATEGORY=Special Ability|Order of the Tome ~ Specialized Knowledge.MOD	OUTPUTNAME:知識專家（Specialized Knowledge）	DESC:.CLEAR	DESC:2級時，從宗教或奧秘知識中選擇一個，他可以在未受訓的情況之下使用該技能，如果他在所選的知識上有受訓點數，他可以在與該知識相關的書本、經典、卷軸或其他書寫信息的知識檢定上得到+2的加值，此能力一但選定就無法更改。	
CATEGORY=Special Ability|Order of the Tome ~ Powerful Knowledge.MOD	OUTPUTNAME:知識之力（Powerful Knowledge）	DESC:.CLEAR	DESC:8級時，聖典騎將可以閱讀奧術或神術卷軸並施展上面的法術。當他這麼做時，他的施法者職業等級如同「騎將等級-4」，他可以用語言學而不是法術辨識來解讀卷軸，且不需要施展「閱讀魔法」。他能使用的卷軸和他一開始選擇的知識有關，宗教知識可以使用神術，秘法知識則是奧術。此外，在決定他能從卷軸上施展法術的施法關鍵屬性時，他的關鍵屬性+1，此加值在10級再+1，然後之後的每5級+1，直到20級的+4。此加值取決於他2級時選的知識，宗教增加感知，奧秘增加智力。	
CATEGORY=Special Ability|Order of the Tome ~ Defensive Knowledge.MOD	OUTPUTNAME:防禦知識（Defensive Knowledge）	DESC:.CLEAR	DESC:15級，聖典騎將可以讓他週遭的盟友得到他挑戰的部分收益。與他相鄰的盟友對於挑戰目標的法術和類法術能力豁免+2。此外，每日等同於他的智力（2級時選奧秘）或感知（2級時選宗教）加值次數（至少1次），他可以讓鄰接他的盟友重骰一次對抗他的挑戰目標的法術和類法術能力失敗的豁免檢定。要讓此能力生效，他的盟友必須要能聽到和看到聖典騎將。	
CATEGORY=Special Ability|Order of the Warrior ~ Honor in All Things.MOD	OUTPUTNAME:萬物榮耀（Honor in All Things）	DESC:.CLEAR	DESC:2級時，勇武道的武士從他的榮譽感中提取力量。每當武士進行一次技能或豁免檢定時，他可以用一個自由動作喚起榮耀的力量，來令自己的檢定獲得+4士氣加值。他在2級時可以每日使用本能力1次，之後每提升4級再加1次每日可用次數，並在18級時達到每日5次的上限。	
CATEGORY=Special Ability|Order of the Warrior ~ Way of the Samurai.MOD	OUTPUTNAME:武士道（Way of the Samurai）	DESC:.CLEAR	DESC:8級時，勇武道的武士的榮譽和忠誠感指引他完成看上去不可能的任務。武士能夠用一個標準動作，集中思想和意志。在接下來的1分鐘裡，他可以選擇一次攻擊投骰、技能檢定、或豁免檢定，投骰三次並選擇最好一次的結果。他必須在投骰前決定使用此能力。使用本能力花費1次【決意】每日可用次數。	
CATEGORY=Special Ability|Order of the Warrior ~ Strike True.MOD	OUTPUTNAME:真擊斬（Strike True）	DESC:.CLEAR	DESC:15級時，勇武道的武士可以利用他年復一年的訓練和集中注意力來做出完美的打擊。當他使用此能力時，武士正常進行一次攻擊。若該攻擊命中，則直接造成重擊威脅。武士必須正常進行重擊確認投骰。該攻擊造成最大傷害值，但武器附魔、偷襲、以及重擊的額外傷害檢定必須如常進行。這一攻擊的傷害忽視任何目標可能擁有的傷害減免，並令其陷入目盲、耳聾、噁心或恍惚狀態1d4輪（由武士決定）。進行這一攻擊為一個標準動作。武士每日可以使用此能力1次。	
CATEGORY=Special Ability|Ronin ~ Self Reliant.MOD	OUTPUTNAME:仰仗自身（Self Reliant）	DESC:.CLEAR	DESC:2級時，浪人學會即便是處在最困難的時期也僅僅依靠自己。每當浪人針對持續時間高於1輪的效果進行意志豁免檢定失敗時，他可以在該效果的第二輪結束時再次嘗試豁免檢定。若他進行這一豁免檢定，則擁有與正常標準豁免相同的效果（防止部分或全部效果）。此外，每當浪人生命值降至0以下時，在他的下一回合他可以進行兩次來穩定傷勢檢定，使用較好的一次結果。	
CATEGORY=Special Ability|Ronin ~ Without Master.MOD	OUTPUTNAME:無主之人（Without Master）	DESC:.CLEAR	DESC:8級時，浪人的極端獨立性使他能夠耐受令人吃驚的打擊。浪人可以用一個直覺動作使用此能力。他可以用三種方式使用它：在受到一次令他的生命值降至0以下但不會殺死他的攻擊時，使用此能力改為降至1點生命值且神智清醒；在進行重擊確認的攻擊檢定後使用此能力，重骰該重擊確認檢定；以及在戰鬥中的技能檢定直接取10，即使情況或技能通常情況下不允許他取10。浪人可以在每場戰鬥中使用此能力1次。	
CATEGORY=Special Ability|Ronin ~ Chosen Destiny.MOD	OUTPUTNAME:天命抉擇（Chosen Destiny）	DESC:.CLEAR	DESC:15級時，浪人成為他自己命運的主人。每當浪人對抗〔魅惑〕或〔脅迫〕效果進行豁免檢定時，他可以投骰兩次並選擇較好的結果。此外，每日1次，浪人可以在一次d20投骰中視同直接骰出20。他必須在進行檢定前宣告使用此能力。	
CATEGORY=Special Ability|Order of the Beast ~ Wild Empathy.MOD	OUTPUTNAME:理解動物（Wild Empathy）	DESC:.CLEAR	DESC:在2級時，騎士改變野生動物的態度，他本能力與德魯伊的同名職業能力相同，將騎士的等級視為他的有效德魯伊等級。	
CATEGORY=Special Ability|Order of the Beast ~ Wild Mount Shape.MOD	OUTPUTNAME:變形坐騎（Wild Mount Shape）	DESC:.CLEAR	DESC:在8級時，每天一次，騎士可以將自己的坐騎變為任何中型或大型的動物然後變回來。他可以選擇所有擁有動物種類的生物變形，如同二級獸型術。騎士的坐騎可變形相當於他的每一個騎士等級一小時的時間或直到他要求坐騎變回原本的形態，這需要騎士使用一個不會引發藉機攻擊的標準動作。騎士必須熟悉然後騎乘自己坐騎變形後的形態，他的坐騎不會因為變形而改變體型，但可以獲得獸型術通過的變化體型而獲得的加值（不受到減值）。在10級及之後每4級時，騎士每天可以多使用本能力一次（最多達到18級的4次）。在15級時，騎士的坐騎將可以變身成中型或大型的龍類，如同法術一級巨龍形態的效果。	
CATEGORY=Special Ability|Order of the Beast ~ Ferocious Charge.MOD	OUTPUTNAME:狂野衝鋒（Ferocious Charge）	DESC:.CLEAR	DESC:在15級時，騎士的懲罰將挾裹著大自然的暴怒氣息。如每當他衝鋒一個生物時，他都可以以自由動作發動一次威嚇檢定來挫敗目標的士氣，如果威嚇成功，目標會陷入恐慌而非戰慄狀態	
CATEGORY=Special Ability|Order of the Paw ~ Danger Ward.MOD	OUTPUTNAME:預警（Danger Ward）	DESC:.CLEAR	DESC:2級時，騎將可以使他的盟友們準備好應對正在逼近的危險。以一個標準動作，他可以向30尺內的盟友警告即將遭遇的危險，讓他們的單項豁免（強韌，反射或意志）獲得加值，由騎將選定。在接下來1分鐘內的任何時刻，當這些盟友在一次該類型的豁免失敗時，他們可以選擇以一個直覺動作重投豁免，並獲得+4表現加值，但是必須接受重投的結果，即使更糟。他每日最多可以使用3次該能力，每種類型的豁免1次。	
CATEGORY=Special Ability|Order of the Paw ~ Canine Ferocity.MOD	OUTPUTNAME:悍犬（Canine Ferocity）	DESC:.CLEAR	DESC:8級時，當騎士使用他的狼或狗坐騎進行一次衝撞或闖越戰技時，坐騎在計算CMB時及考慮坐騎戰技能影響的目標時被視為大一體型。他還會獲得一項獎勵專長，從以下列表中選擇：騎乘戰鬥，快速騎乘攻擊，技能專攻(騎術)，奮力衝鋒，踐踏（該坐騎可進行一次嚙咬攻擊代替一次踢擊攻擊）或落馬擊。他必須滿足專長的先決條件。	
CATEGORY=Special Ability|Order of the Paw ~ Giant Slayer.MOD	OUTPUTNAME:巨人殺手（Giant Slayer）	DESC:.CLEAR	DESC:15級時，當騎將以近戰攻擊命中他的挑戰目標、且挑戰目標體型比他大至少兩級，他在傷害擲骰上獲得相當於騎將等級一半的加值。該傷害可以因重擊而翻倍。	
