CATEGORY=Special Ability|Horizon Walker ~ Favored Terrain.MOD	OUTPUTNAME:偏好地形（Favored Terrain）	DESC:.CLEAR	DESC:1級時，大地旅者可以從遊俠的偏好地形中選擇一種。本能力與遊俠的同名能力完全相同。大地旅者可以在2級，4級，5級，7級，8級和10級時分別再選擇一種偏好地形，並可以如同遊俠一樣對先前已選擇的地形獲得累積加值。如果大地旅者通過其他職業得到某種適用於特定地形的能力（如遊俠的「偽裝」和「視線躲藏」等），這些能力可以在大地旅者選擇的偏好地形下生效。	
CATEGORY=Special Ability|Horizon Walker ~ Terrain Mastery.MOD	OUTPUTNAME:地形熟稔（Terrain Mastery）	DESC:.CLEAR	DESC:2級時，大地旅者可以選擇並專精於一種偏好地形。大地旅者可以在該地形中通過一個移動動作，使得30尺內能夠聽到並看到自己的同伴獲得攀爬、隱匿、察覺和生存等技能檢定的+2加值。角色在4級，6級和8級額外獲得一種地形的熟稔。	
CATEGORY=Special Ability|Horizon Walker ~ Terrain Dominance.MOD	OUTPUTNAME:地形支配（Terrain Dominance）	DESC:.CLEAR	DESC:3級時，大地旅者對他所熟稔的一種地形獲得了完全的掌控。當面對該地形的原住民生物時，大地旅者可將他的偏好地形加值作為宿敵加值使用（參見遊俠職業特性）。該加值與宿敵加值等效（並不疊加）。當大地旅者可以選擇一項新的「地形支配」時，若他願意，也可代之以選擇一項新的「地形熟稔」。	
CATEGORY=Special Ability|Horizon Walker ~ Master of All Lands.MOD	OUTPUTNAME:大地皇者（Master of All Lands）	DESC:.CLEAR	DESC:10級時，大地旅者對全部地形瞭如指掌。他的所有偏好地形加值+2，並將其他地形均視為偏好地形（獲得+2加值）。如果自然的溫度或天候狀況需要角色進行豁免，大地旅者自動成功。60尺內所有同伴在此檢定中獲得+2加值；若位於大地旅者的熟稔地形，該加值為+4。	
CATEGORY=Special Ability|Terrain Mastery ~ Plane (Astral).MOD	OUTPUTNAME:星界（Plane (Astral)）	DESC:.CLEAR	DESC:大地旅者在無重力或低重力的位面下，飛行速度增加30尺。	
CATEGORY=Special Ability|Terrain Mastery ~ Cold.MOD	OUTPUTNAME:寒冷（Cold）	DESC:.CLEAR	DESC:大地旅者獲得10點寒冷抗性。	
CATEGORY=Special Ability|Terrain Mastery ~ Desert.MOD	OUTPUTNAME:沙漠（Desert）	DESC:.CLEAR	DESC:大地旅者免疫力竭狀態。任何會使他陷入力竭的效果，將以疲乏效果代之。	
CATEGORY=Special Ability|Terrain Mastery ~ Plane (Ethereal).MOD	OUTPUTNAME:靈界（Plane (Ethereal)）	DESC:.CLEAR	DESC:對於武器造成的隱蔽效果，大地旅者忽略隱蔽失手效果，並將全隱蔽視為普通隱蔽。	
CATEGORY=Special Ability|Terrain Mastery ~ Forest.MOD	OUTPUTNAME:森林（Forest）	DESC:.CLEAR	DESC:大地旅者獲得隱匿技能的+4表現加值。	
CATEGORY=Special Ability|Terrain Mastery ~ Jungle.MOD	OUTPUTNAME:叢林（Jungle）	DESC:.CLEAR	DESC:大地旅者獲得脫逃技能的+4表現加值，對抗擒抱的CMD同樣+4。	
CATEGORY=Special Ability|Terrain Mastery ~ Mountain.MOD	OUTPUTNAME:山嶽（Mountain）	DESC:.CLEAR	DESC:大地旅者獲得攀爬技能的+4表現加值，並在攀爬時不會失去敏捷帶來的AC加值。	
CATEGORY=Special Ability|Terrain Mastery ~ Plains.MOD	OUTPUTNAME:平原（Plains）	DESC:.CLEAR	DESC:大地旅者在穿中甲或中載時速度不會降低。	
CATEGORY=Special Ability|Terrain Mastery ~ Plane (Air).MOD	OUTPUTNAME:氣位面（Plane (Air)）	DESC:.CLEAR	DESC:大地旅者獲得飛行技能的+4表現加值，且對飛行生物的攻擊和傷害+1。若他沒有在空氣中呼吸的能力則取得該能力。	
CATEGORY=Special Ability|Terrain Mastery ~ Plane (Earth).MOD	OUTPUTNAME:土位面（Plane (Earth)）	DESC:.CLEAR	DESC:大地旅者獲得傷害減免「1/精金」。	
CATEGORY=Special Ability|Terrain Mastery ~ Plane (Fire).MOD	OUTPUTNAME:火位面（Plane (Fire)）	DESC:.CLEAR	DESC:大地旅者獲得10點火焰抗性。	
CATEGORY=Special Ability|Terrain Mastery ~ Plane (Water).MOD	OUTPUTNAME:水位面（Plane (Water)）	DESC:.CLEAR	DESC:大地旅者獲得游泳技能的+4表現加值，且對水生生物的攻擊和傷害+1。若他沒有在水下中呼吸的能力則取得該能力。	
CATEGORY=Special Ability|Terrain Mastery ~ Plane (Aligned).MOD	OUTPUTNAME:陣營位面（Plane (Aligned)）	DESC:.CLEAR	DESC:若大地旅者選擇帶有陣營特性的位面，可通過直覺動作在受到偵測時選擇成為該陣營（騙過所有形式的魔法偵測）。該效果持續到大地旅者解除之（一個自由動作）。	
CATEGORY=Special Ability|Terrain Mastery ~ Swamp.MOD	OUTPUTNAME:沼澤（Swamp）	DESC:.CLEAR	DESC:大地旅者獲得察覺技能的+4表現加值。	
CATEGORY=Special Ability|Terrain Mastery ~ Underground.MOD	OUTPUTNAME:地下（Underground）	DESC:.CLEAR	DESC:大地旅者獲得「盲斗」作為獎勵專長。	
CATEGORY=Special Ability|Terrain Mastery ~ Urban.MOD	OUTPUTNAME:城市（Urban）	DESC:.CLEAR	DESC:大地旅者獲得交涉技能的+4表現加值。	
CATEGORY=Special Ability|Terrain Mastery ~ Water.MOD	OUTPUTNAME:水域（Water）	DESC:.CLEAR	DESC:大地旅者獲得游泳技能的+4表現加值，且對水生生物的攻擊和傷害+1。若他沒有「水中呼吸」的能力則取得該能力。	
CATEGORY=Special Ability|Terrain Dominance ~ Plane (Astral).MOD	OUTPUTNAME:星界（Plane (Astral)）	DESC:.CLEAR	DESC:大地旅者對異界生物的攻擊和傷害+1，並且可以將「任意門」作為類法術能力使用，每天使用次數為「3+感知修正」，施法者等級視為大地旅者人物等級。	
CATEGORY=Special Ability|Terrain Dominance ~ Cold.MOD	OUTPUTNAME:寒冷（Cold）	DESC:.CLEAR	DESC:大地旅者獲得20點寒冷抗性（取代寒冷地形熟稔帶來的獎勵），且對寒冷亞種生物的攻擊和傷害+1。	
CATEGORY=Special Ability|Terrain Dominance ~ Desert.MOD	OUTPUTNAME:沙漠（Desert）	DESC:.CLEAR	DESC:大地旅者獲得10點火焰抗性，並免疫疲乏效果。	
CATEGORY=Special Ability|Terrain Dominance ~ Plane (Ethereal).MOD	OUTPUTNAME:靈界（Plane (Ethereal)）	DESC:.CLEAR	DESC:大地旅者獲得「幻化靈體」作為類法術能力，每天1次，施法者等級視為大地旅者人物等級。大地旅者必須達到7級才能選取此地形能力。	
CATEGORY=Special Ability|Terrain Dominance ~ Forest.MOD	OUTPUTNAME:森林（Forest）	DESC:.CLEAR	DESC:大地旅者獲得「幻景」作為類法術能力，每天使用次數為「3+感知修正」，施法者等級視為大地旅者人物等級。大地旅者只能用此能力創造森林幻境。	
CATEGORY=Special Ability|Terrain Dominance ~ Jungle.MOD	OUTPUTNAME:叢林（Jungle）	DESC:.CLEAR	DESC:大地旅者獲得「魅惑怪物」作為類法術能力，每天使用次數為「3+感知修正」，施法者等級視為大地旅者人物等級。該能力只能魅惑動物、魔法獸等叢林中原生的生物。	
CATEGORY=Special Ability|Terrain Dominance ~ Mountain.MOD	OUTPUTNAME:山嶽（Mountain）	DESC:.CLEAR	DESC:大地旅者獲得傷害減免「2/精金」。	
CATEGORY=Special Ability|Terrain Dominance ~ Plains.MOD	OUTPUTNAME:平原（Plains）	DESC:.CLEAR	DESC:大地旅者的陸地速度增加10尺。	
CATEGORY=Special Ability|Terrain Dominance ~ Plane (Air).MOD	OUTPUTNAME:氣位面（Plane (Air)）	DESC:.CLEAR	DESC:大地旅者獲得「飛行術」作為類法術能力，每天使用次數為「3+感知修正」，施法者等級視為大地旅者人物等級。	
CATEGORY=Special Ability|Terrain Dominance ~ Plane (Earth).MOD	OUTPUTNAME:土位面（Plane (Earth)）	DESC:.CLEAR	DESC:大地旅者獲得30尺顫動感知。大地旅者必須達到5級才能選取此地形能力。	
CATEGORY=Special Ability|Terrain Dominance ~ Plane (Fire).MOD	OUTPUTNAME:火位面（Plane (Fire)）	DESC:.CLEAR	DESC:大地旅者獲得20點火焰抗性（取代火位面的地形熟稔帶來的獎勵），且對火焰亞種生物的攻擊和傷害+1。	
CATEGORY=Special Ability|Terrain Dominance ~ Plane (Water).MOD	OUTPUTNAME:水位面（Plane (Water)）	DESC:.CLEAR	DESC:大地旅者的速度和行動不會因水下環境而受到阻滯。這允許他在水下正常說話，攻擊和施法（如同在「行動自如」效果下）。	
CATEGORY=Special Ability|Terrain Dominance ~ Plane (Aligned).MOD	OUTPUTNAME:陣營位面（Plane (Aligned)）	DESC:.CLEAR	DESC:大地旅者持用的人工武器或天生武器，在穿透傷害減免時視為他所選熟稔陣營位面的相反陣營。若他選擇的位面有一個以上陣營屬性，在使用此能力時必須選擇其一。譬如，他選擇了地獄（秩序邪惡位面）作為熟稔地形，那麼他可以選擇「秩序」或者「邪惡」，在攻擊時武器被視為混亂或善良。此外，若大地旅者所選位面的本地生物對某種材質易傷（如寒鐵或銀），他可以在穿透傷害減免時視為用該種材質的武器做出攻擊。若大地旅者在「地形支配」能力中選擇同一陣營位面一次以上，他的攻擊可以視為額外附帶一種陣營或武器材質（如「善良和銀」或「混亂和善良」）。	
CATEGORY=Special Ability|Terrain Dominance ~ Swamp.MOD	OUTPUTNAME:沼澤（Swamp）	DESC:.CLEAR	DESC:大地旅者獲得30尺顫動感知。大地旅者必須達到5級才能選取此地形能力。	
CATEGORY=Special Ability|Terrain Dominance ~ Underground.MOD	OUTPUTNAME:地下（Underground）	DESC:.CLEAR	DESC:大地旅者獲得60尺黑暗視覺。若他已擁有60尺黑暗視覺，則視距再拓展60尺。	
CATEGORY=Special Ability|Terrain Dominance ~ Urban.MOD	OUTPUTNAME:城市（Urban）	DESC:.CLEAR	DESC:大地旅者獲得「魅惑人類」作為類法術能力，每天使用次數為「3+感知修正」，施法者等級視為大地旅者人物等級。	
CATEGORY=Special Ability|Terrain Dominance ~ Water.MOD	OUTPUTNAME:水域（Water）	DESC:.CLEAR	DESC:大地旅者獲得20尺游泳速度。若他已擁有天生游泳速度，則該速度再增加20尺。	
