CATEGORY=Special Ability|Oracle's Mystery.MOD	OUTPUTNAME:秘示域（Oracle's Mystery）	DESC:.CLEAR	DESC:每一個先知都擁有屬於自己的神力奧秘以為力量和法術之源，這些秘示域也同樣會給予他們以額外的本職技能和其他特殊能力。秘示域代表了一個先知所追隨的信念以及對於支持類型概念神祇的讚美，或是這些大能賦予一個代行者發自內心的召喚。舉例來說，一個擁有波濤秘示域的先知可能是因為她在在風口浪尖之間出生長大、並受到了江河湖海之神的啟迪，作為水之平靜與狂暴雙面的化身在人間行走。這些來源不明的能力將隨著先知等級的提升而漸變演化為更多更強的力量，在她的第一個等級先知需要選擇一個秘示域，一旦選定即無法更改。在2級，以及之後每提升2個等級時，取決於她的秘示域，先知可以將額外的一個法術加入她的已知法術列表。這些法術計在她已知法術數量之外，在提升等級時，先知無法替換這些法術。	
CATEGORY=Special Ability|Oracle's Curse.MOD	OUTPUTNAME:先知詛咒（Oracle's Curse）	DESC:.CLEAR	DESC:每個先知都背負著詛咒，這些詛咒既為他們造成不利也會帶來有利之處。先知必須在1級時選擇自己的詛咒，一旦選擇即不能更改。除非有神祇力量的介入，否則先知無法以任何方式擺脫自己的詛咒。先知詛咒的等級基於她的「先知等級+1/2非先知等級或HD」。	
CATEGORY=Special Ability|Oracle ~ Orisons.MOD	OUTPUTNAME:禱念（Orisons）	DESC:.CLEAR	DESC:先知可以瞭解一些禱念，或稱0環法術。禱念的數量見上表。這些法術的施法方式和正常法術相同，不過它們不會消耗任何法術位且可以重複施放。	
CATEGORY=Special Ability|Oracle ~ Clouded Vision.MOD	OUTPUTNAME:盲目（Clouded Vision）	DESC:.CLEAR	DESC:先知的雙眼蒙上一層霧翳，讓她難以看清東西。你的視野降低為30尺，但是在此視野內視為擁有黑暗視覺；5級時，此視野增加到60尺；10級時，你獲得30尺盲感；15級時，你獲得15尺盲視。	
CATEGORY=Special Ability|Oracle ~ Deaf.MOD	OUTPUTNAME:失聰（Deaf）	DESC:.CLEAR	DESC:先知失去聽力並承受所有因為耳聾而獲得的正常減值，不過，你施放的所有法術都視為搭配有「法術默發」專長，並且這些法術的施法時間和法術環級不會增加；5級時，你所有不依賴聽力的察覺檢定獲得+3表現加值，並且你因為耳聾而受到的先攻檢定減值降低到-2；10級時，你獲得「靈敏嗅覺」能力，且你不再因為耳聾而承受先攻檢定減值；15級時，你獲得30尺震顫感知。	
CATEGORY=Special Ability|Oracle ~ Haunted.MOD	OUTPUTNAME:鬼擾（Haunted）	DESC:.CLEAR	DESC:惡意的靈魂如影隨形，在你身邊製造各種不快和怪事（比如詭異的氣流，小物件無主自動，輕微的噪聲等）。取出任何攜帶的物品都需要你使用一個標準動作，除非它需要的時間長於一個標準動作，且任何你掉落的物品都會自動朝隨機方向遠離你10尺距離。將『法師之手』和『幻音術』加入你的已知法術列表；5級時，將『浮空術』和『次級幻影』加入你的已知法術列表；10級時，將『心靈遙控』加入你的已知法術列表；15級時，將『反重力』加入你的已知法術列表。	
CATEGORY=Special Ability|Oracle ~ Lame.MOD	OUTPUTNAME:跛足（Lame）	DESC:.CLEAR	DESC:你的一條腿受到了永久性的傷損，如果你擁有30尺或更多的基礎速度，那麼你的移動速度降低10尺；如果你的基礎速度低於30尺，那麼你的移動速度降低5尺。你將不會再因為重負而降低移動速度。5級時，你免疫疲乏效果（但不包括力竭）；10級時，你不會再因為著甲而降低移動速度；15級時，你免疫力竭效果。	
CATEGORY=Special Ability|Oracle ~ Tongues.MOD	OUTPUTNAME:饒舌（Tongues）	DESC:.CLEAR	DESC:在承受壓力或不安的狀態下你會變得語無倫次。從以下語言中選擇一項：深淵語，邪靈語，水族語，風族語，天界語，火族語，煉獄語或土族語，當你進入戰鬥時你將只能說和理解此種語言。這並不會干擾你的施法，但確實會影響基於語言成分的法術。你獲得你所選的語言類型。5級時，你可以選擇另一種在戰鬥中可以說和理解的語言加入你的已知語言；10級時，你可以理解任何可以說的語言，如同法術『巧言術』，即使是在戰鬥中也一樣；15級時，你可以說和理解任何語言，不過在戰鬥時詛咒依然會照常生效。	
CATEGORY=Special Ability|Oracle ~ Wasting.MOD	OUTPUTNAME:虛耗（Wasting）	DESC:.CLEAR	DESC:你的軀體處於緩慢的腐朽狀態。你所有基於魅力的技能檢定承受-4減值，除了威嚇。你對抗疾病效果的強韌檢定獲得+4表現加值。5級時，你免疫噁心效果（但不包括反胃）；10級時，你免疫疾病效果；15級時，你免疫反胃效果。	
CATEGORY=Special Ability|Ancient Lorekeeper ~ Elven Arcana.MOD	OUTPUTNAME:精靈秘術（Elven Arcana）	DESC:.CLEAR	DESC:2級時，傳古學者對精靈傳奇和哲學的精通讓她能夠掌握一項精靈法師的法術。她選擇一個法師/術士列表中的法術，這一法術等級需比她當前可以獲得的最高環級法術低一環。傳古學者將這一法術作為額外已知法術。這一法術在任何情況下都被視為比起本身法術等級高一環的法術。傳古學者在4級，6級，8級，10級，12級，14級，16級和18級可以再選擇一項額外法術。該能力取代先知秘示域的獎勵法術。	
CATEGORY=Special Ability|Community Guardian ~ Spirit of Community.MOD	OUTPUTNAME:社群精魂（Spirit of Community）	DESC:.CLEAR	DESC:以一個移動動作，你可以召喚社群精魂。在接下來的一輪裡，你賦予30尺內的每名盟友單項技能檢定（由該盟友選擇）獲得+1表現加值。此外，30尺內的盟友能以一個自由動作放棄該加值，並立刻賦予另一名盟友來自於該能力的額外+1表現加值（最多+5）。你每日可以使用該能力的次數為「3+魅力修正」。你必須在1級時選擇該啟示。	
CATEGORY=Special Ability|Community Guardian ~ Renewing Radiance.MOD	OUTPUTNAME:復甦之光（Renewing Radiance）	DESC:.CLEAR	DESC:每日1次，你可以爆發出一道旋轉著的白色光芒，在1輪內為30尺內的盟友提供一定的保護和回復。在這些盟友的行動輪中，他們可以選擇AC獲得+1神聖加值，或選擇回復相當於「1d6+社群守衛魅力修正」的生命值（由你的盟友選擇）。若一名盟友瀕死，他的傷勢會立刻穩定。7級時，AC加值提升為+2，治療提升為「2d6+社群守衛魅力修正」，在14級時，AC加值提升為+3，治療提升為「3d6+社群守衛魅力修正」。你必須在3級時選擇該啟示。	
CATEGORY=Special Ability|Purifier ~ Diminished Spellcasting.MOD	OUTPUTNAME:減弱施法（Diminished Spellcasting）	DESC:.CLEAR	DESC:淨化者每法術等級的每日施法次數減少1次，並且不會自動習得治療或造成傷害法術。她的可知先知法術數量不會改變。	
CATEGORY=Special Ability|Purifier ~ See Sin.MOD	OUTPUTNAME:直視罪惡（See Sin）	DESC:.CLEAR	DESC:3級時，淨化者在用整輪動作來進行一次察言觀色技能檢定以察覺惑控效果時，她的察言觀色檢定有先知等級一半的加值。同時，她在辨識惑控系的法術、或帶有〔詛咒〕或〔情緒〕描述符的法術時，法術辨識技能檢定獲得先知等級一半的加值。	
CATEGORY=Special Ability|Purifier ~ Celestial Armor.MOD	OUTPUTNAME:天界護甲（Celestial Armor）	DESC:.CLEAR	DESC:7級時，淨化者的盔甲上閃耀著金色或銀色的光芒，並變得輕如鴻毛。只要盔甲被她穿戴著，那麼盔甲重量視為正常的一半，並且視同獲得比當前先知等級低4級的戰士的【盔甲訓練】能力。到了11級，淨化者擅長重甲。	
CATEGORY=Special Ability|Purifier ~ Sin Eater.MOD	OUTPUTNAME:食罪者（Sin Eater）	DESC:.CLEAR	DESC:11級時，淨化者可以用整輪動作通過一次觸摸來消除一個詛咒、惑控或情緒效果。她每天可使用該能力的次數等於她的魅力修正，並且每次都必須進行一次DC為「11+目標法術施法者等級（或目標Su能力使用者HD）」的魅力屬性檢定，該檢定加上她的先知職業等級作為加值。如果檢定成功，效果被消除；無論如何，使用該能力後淨化者都會噁心1d4輪。如果目標是被附身的（如『魔魂壺』或幽魂的「附身」能力），成功的檢定會將其驅出；無論這次檢定成功與否，淨化者都會噁心2d4輪。	
CATEGORY=Special Ability|Purifier ~ Sacred Scourge.MOD	OUTPUTNAME:崇聖譴責（Sacred Scourge）	DESC:.CLEAR	DESC:5級時，淨化者將可以引導神聖能量來傷害邪惡異界生物，如同一個同等級的牧師使用「陣營導能」專長。她每天使用該能力的次數為「1+魅力修正」。	
CATEGORY=Special Ability|Purifier ~ Holy Terror.MOD	OUTPUTNAME:神聖恐嚇（Holy Terror）	DESC:.CLEAR	DESC:9級時，淨化者在使用【崇聖譴責】傷害邪惡異界生物時，如同對不死生物使用了「驅散死靈」專長。	
CATEGORY=Special Ability|Purifier ~ Celestial Master.MOD	OUTPUTNAME:天界大師（Celestial Master）	DESC:.CLEAR	DESC:13級，淨化者可以使用她的【崇聖譴責】讓善良異界生物聽命於她，如同對不死生物使用了「命令死靈」專長。	
CATEGORY=Special Ability|Reincarnated Oracle ~ Location Memories.MOD	OUTPUTNAME:定位記憶（Location Memories）	DESC:.CLEAR	DESC:以一個迅捷動作，你能夠搜尋前世的回憶或者洞察你當前位置。這使你在1分鐘內獲得靈敏嗅覺、昏暗視覺，並且使你的察覺以及生存檢定獲得+2洞察加值。你每天能夠使用該能力的次數等同於「3+魅力修正」。你必須在1級或3級選擇該啟示。	
CATEGORY=Special Ability|Reincarnated Oracle ~ Spirit Memories.MOD	OUTPUTNAME:靈魂記憶（Spirit Memories）	DESC:.CLEAR	DESC:每天一次，【譯註：原文如此，與後面的每日使用次數矛盾。】你能夠喚起未達成心願或者目標的前世之記憶，並通過你的雙眼將他們的沮喪以及絕望傳達給目標。這是影響一個生物的凝視攻擊。目標必須成功通過DC為「10+1/2先知等級+魅力修正」的意志豁免，否則將會噁心並恍惚1輪。這是一個〔影響心靈〕的脅迫效果。你每天能夠使用該能力的次數等同於「3+魅力修正」。你必須在1級、3級或7級選擇該啟示。	
CATEGORY=Special Ability|Shigenjo ~ Ki Pool.MOD	OUTPUTNAME:氣運丹田（Ki Pool）	DESC:.CLEAR	DESC:7級起，修驗者獲得丹田氣池，她可以用這種超自然能量完成神妙的技藝。修驗者的丹田氣池大小等同於「1/3先知等級+魅力修正」。丹田氣池會在經過8小時的休息或冥想後的早晨回滿；這些時間不必連續。如果修驗者具有其他提供丹田氣池的職業，那麼修驗者獲得的氣池與其他職業獲得的氣池疊加、以計算她氣池的總量，但是只有一個屬性的修正可以加在氣池總量上。當你在獲得第二個擁有氣池的職業時選擇何種屬性修正用於決定氣池總量，一旦選擇則無法改變。修驗者能夠使用丹田氣池中的氣強化她擁有的帶氣池的職業的能力。只要她的丹田氣池中至少還有1點氣，她就能如同等同於她的先知等級-3的武僧使用鬥氣擊。以一個迅捷動作並消耗1點氣，她可以獲得下列優勢中的一種。該能力取代修驗者7級的啟示。	
CATEGORY=Special Ability|Shigenjo ~ Ki Magic.MOD	OUTPUTNAME:以氣御術（Ki Magic）	DESC:.CLEAR	DESC:在她的行動輪施放的下一個法術豁免DC+1。	
CATEGORY=Special Ability|Shigenjo ~ Ki Curse.MOD	OUTPUTNAME:以氣御魔（Ki Curse）	DESC:.CLEAR	DESC:下回合計算她的【先知詛咒】效果時視為其先知等級比當前高5級。	
CATEGORY=Special Ability|Shigenjo ~ Ki Insight.MOD	OUTPUTNAME:以氣御神（Ki Insight）	DESC:.CLEAR	DESC:法術辨識檢定獲得+4洞察加值，持續1輪。	
CATEGORY=Special Ability|Shigenjo ~ Quivering Palm.MOD	OUTPUTNAME:滲透勁（Quivering Palm）	DESC:.CLEAR	DESC:15級起，修驗者習得如何使用【滲透勁】，就如同武僧同名能力一般，該能力取代同等級的啟示。使用該能力時將她的先知等級視為武僧等級，並且以魅力修正取代感知修正以確定DC。	
CATEGORY=Special Ability|Shigenjo ~ Final Revelation.MOD	OUTPUTNAME:最終啟示（Final Revelation）	DESC:.CLEAR	DESC:20級時，你實現了真正的啟示並且成為了超凡的存在。你可以用語言與任何生物交談。你可以忽視天氣、飢餓、口渴與力竭效果等同於你感知屬性天數。若你死亡，你與天界的強大聯繫會使你在3日後重生（如同『轉生術』）。	
CATEGORY=Special Ability|Dual-Cursed Oracle ~ Misfortune.MOD	OUTPUTNAME:厄運（Misfortune）	DESC:.CLEAR	DESC:1級時，以一個直覺動作，雙重詛咒先知可以強迫一個30尺內的目標重骰一個已經擲出的d20，他必須在結果宣佈之前使用此能力。該目標必須接受重骰的結果，即便更差。當先知使該目標使用此能力之後，該目標在一天之內對此能力免疫。	
CATEGORY=Special Ability|Dual-Cursed Oracle ~ Fortune.MOD	OUTPUTNAME:幸運（Fortune）	DESC:.CLEAR	DESC:5級時，以一個直覺動作，你可以重骰一個d20，你必須在擲骰結果宣佈之前使用此能力。你必須接受擲骰結果，即便更糟。你每日可以使用此能力1次，之後的每6級再加1次。	
CATEGORY=Special Ability|Enlightened Philosopher ~ Final Revelation.MOD	OUTPUTNAME:最終啟示（Final Revelation）	DESC:.CLEAR	DESC:在20級時，你終於發現真正的啟示，並且成為宇宙的一員。你在所有豁免檢定上面得到相當於你魅力修正的加值，免疫困惑、疲乏、力竭、噁心和疾病，且所有的知識檢定都可以取20。當你死亡，你將在3天後以你所選哲學之完美體現復活，效果如同『轉生術』。此啟示取代先知秘示域的最終啟示。	
CATEGORY=Special Ability|Planar Oracle ~ Final Revelation.MOD	OUTPUTNAME:最終啟示（Final Revelation）	DESC:.CLEAR	DESC:20級時，你成為一個異界生物。選擇一個位面例如天堂或深淵，你得到其物理特性。舉例來說，如果你選擇了天堂，你得到了天使般的外觀，像是光暈和泛著金屬光澤的皮膚。這個改變並不會影響你的生命骰數、生命值、豁免加值、技能點數、本職技能或專長。你的生物種類轉換為異界生物，除了你選擇的位面之外，你被視為本地異界生物。此外，你免疫你所選擇的能量，並且得到傷害減免「10/魔法」。和其他的異界生物不同，你仍可以像你原先種族一樣被復活。此啟示取代先知秘示域的最終啟示。	
CATEGORY=Special Ability|Possessed Oracle ~ Two Minds.MOD	OUTPUTNAME:雙重靈魂（Two Minds）	DESC:.CLEAR	DESC:你在對抗惑控學派法術或效果時意志檢定得到+2加值。7級時，你可以用一個直覺動作重骰一次失敗的意志檢定，你必須接受重骰的結果，即便比之前更糟。	
CATEGORY=Special Ability|Seer ~ Gift of Prophecy.MOD	OUTPUTNAME:賜予預言（Gift of Prophecy）	DESC:.CLEAR	DESC:每日1次，你可以陷入恍惚以獲得對未來的洞見。進入這個狀態必須要花費1分鐘的時間，此狀態不能被打斷，而且你在這段時間裡面什麼也不能做。3級時，此能力的效果相當於「占卜術」，不過準確率為90%%。5級時，可以達到「預言術」的效果，其準確率同樣為90%%。9級時，可以達到「通神術」的效果。這些能力都不需要材料和法器。你必須在3級時選取此啟示。	
CATEGORY=Special Ability|Psychic Searcher ~ Inspiration.MOD	OUTPUTNAME:靈感（Inspiration）	DESC:.CLEAR	DESC:在2級時，靈智偵探獲得一個靈感池，如同調查員的同名職業能力。在決定靈感池的大小時，靈智偵探以他的先知等級作為調查員等級。在進行交涉，知識（奧術，歷史，本地，貴族，位面，宗教）和察言觀色檢定時，靈智偵探可以使用靈感能力優化這些檢定的結果而無需消耗靈感點數。每天在靈智偵探獲得法術時他的靈感池也會同時得到恢復，並且他的靈感池大小基於他的魅力調整值而非智力調整值。本能力取代先知秘示域在2級的獎勵法術。	
CATEGORY=Special Ability|Psychic Searcher ~ Psychic Talent.MOD	OUTPUTNAME:心靈天賦（Psychic Talent）	DESC:.CLEAR	DESC:在3級時，靈智偵探的調查技巧和超感力獲得力階段性的提升，他可以選擇以下調查員天賦之一：奇妙靈感，離奇回憶，代入思考，警覺靈感，奇物學識，偵搜（他可以用察言觀色檢定取代察覺檢定進行追蹤），盜賊天賦（只能選擇老油條APG盜賊天賦）和執著靈感。每當靈智偵探可以選擇一個新的秘示域啟示時，他都可以獲得一個調查員天賦或者盜賊天賦（以上列表中的）作為替代。本能力取代先知秘示域在3級獲得的啟示。	
CATEGORY=Special Ability|Spirit Guide ~ Bonded Spirit.MOD	OUTPUTNAME:精魂契約（Bonded Spirit）	DESC:.CLEAR	DESC:在3級時，靈魂嚮導與一個魂域建立了暫時的鏈接，如同薩滿的飄渺魂域職業能力一般。每天在他更新自己的法術時，他也需要選擇自己所鏈接的魂域。靈魂嚮導必須選擇與自己的秘示域，陣營與世界觀接近的魂域（由GM裁定）。除此之外，靈魂嚮導獲得一個他所選擇的魂域所賦予的巫術。在決定巫術的效果時，將靈魂嚮導的先知等級視為薩滿等級，並以魅力值取代感知值，以感知取代魅力值。在4級時，靈魂嚮導可以將他鏈接魂域的所有魂術加入他的已知法術，但不能超過他可以施放的法術最高環數。在7級時，靈魂嚮導可以獲得自己當前鏈接魂域的精魂之力；在15級時，靈魂嚮導可以獲得自己當前鏈接魂域的高等精魂之力。本能力取代先知秘示域在3，7和15級獲得的啟示。	
CATEGORY=Special Ability|Warsighted ~ Martial Flexibility.MOD	OUTPUTNAME:千招百式（Martial Flexibility）	DESC:.CLEAR	DESC:在1級時，武神可以通過一個移動動作，在1分鐘時間內獲得一個她不具有的戰鬥專長。武神必須滿足獲得這些專長的前提條件。她每天可以使用此能力的次數等同於她3+先知等級數。如果在前一項招數的持續時間內武神希望激活另一個招式，他可以重新使用本能力，獲得另一個專長的效果。如果武神激活的戰鬥專長有每日使用次數限制（如震懾拳[Stunning Fist]專長），武神每次激活千招百式時使用的次數會統一計入本專長的每日使用次數限制中。在7級時，武神可以通過激活千招百式能力而最多同時獲得兩個戰鬥專長。她也可以只用一個迅捷動作激活一個專長，或是用一個移動動作同時激活兩個專長.在11級時，武神可以通過激活千招百式能力而最多同時獲得三個戰鬥專長。她也可以只用一個自由動作激活一個專長，或是用一個迅捷動作同時激活兩個專長，又或者是用一個移動動作激活全部三個專長。在15級時，武神可以以一個即時動作激活一個專長，或是使用一個迅捷動作同時激活3個專長。本能力取代先知秘示域在1，7，11和15級獲得的啟示。	
CATEGORY=Special Ability|Battle Mystery ~ Battlecry.MOD	OUTPUTNAME:戰嚎（Battlecry）	DESC:.CLEAR	DESC:花費一個標準動作，你能夠釋放一個充滿激勵的戰嚎。100尺內所有聽到戰嚎的盟友在攻擊檢定，技能檢定和豁免檢定上獲得+1士氣加值，持續輪數等同於你的魅力加值。10級此加值變成+2。每天你可以使用此能力1次，並在5級以及之後每5級增加1次使用次數。	
CATEGORY=Special Ability|Battle Mystery ~ Battlefield Clarity.MOD	OUTPUTNAME:戰地明晰（Battlefield Clarity）	DESC:.CLEAR	DESC:每天1次，無論何時當你在豁免檢定失敗後導致目盲，耳聾，戰慄，驚懼，麻痺，恐慌或是震懾狀態時，你都可以再投一次豁免，並獲得+4加值。你必須接受第二次的結果，即使它更糟。在第7級和第15級，你可以增加1次每天使用數量。	
CATEGORY=Special Ability|Battle Mystery ~ Combat Healer.MOD	OUTPUTNAME:戰鬥醫師（Combat Healer）	DESC:.CLEAR	DESC:當你使用一個「治療（Cure）」法術時，你可以用一個迅捷動作來釋放它，如同使用「法術瞬發」專長，但要花費兩個法術位。這不會提升法術等級。在7級你可以每天使用此能力1次，並在之後的每5級增加1次使用次數。要選擇此啟示你至少要達到7級。	
CATEGORY=Special Ability|Battle Mystery ~ Iron Skin.MOD	OUTPUTNAME:鋼鐵之膚（Iron Skin）	DESC:.CLEAR	DESC:每天1次，你的皮膚像鋼鐵一樣變得更加堅硬，使你獲得傷害減免「10/精金」。這項能力作用如同「石膚術」，並使用你的先知等級作為施法者等級。在15級，你可以每天使用此能力2次。要選擇此能力你至少要達到11級。	
CATEGORY=Special Ability|Battle Mystery ~ Maneuver Mastery.MOD	OUTPUTNAME:戰技熟稔（Maneuver Mastery）	DESC:.CLEAR	DESC:選擇一種類型的戰技。當使用你選擇的戰技時，將你的先知等級當做你的基本攻擊加值計算戰技加值。7級你獲得精通專長（例如「精通絆摔」）以給你的戰術提供加值。11級你獲得高級專長（例如「高級絆摔」）給你的戰術進一步提供加值。你不需要達到這類專長的先決條件。	
CATEGORY=Special Ability|Battle Mystery ~ Resiliency.MOD	OUTPUTNAME:堅韌身軀（Resiliency）	DESC:.CLEAR	DESC:當你的生命值降為0時你並不會陷入癱瘓，也不會再獲得恍惚狀態。7級你獲得「頑強」作為獎勵專長。11級你在陷入癱瘓時進行標準動作不會失去1點生命值。你不需要達到獲得頑強專長的先決條件。	
CATEGORY=Special Ability|Battle Mystery ~ Skill at Arms.MOD	OUTPUTNAME:軍械精通（Skill at Arms）	DESC:.CLEAR	DESC:你擅長所有軍用武器，中型盔甲和重型盔甲。	
CATEGORY=Special Ability|Battle Mystery ~ Surprising Charge.MOD	OUTPUTNAME:驚人突進（Surprising Charge）	DESC:.CLEAR	DESC:每天1次，你能以一個直覺動作移動你速度的距離。你在7級和15級可以增加1次此能力的使用次數。	
CATEGORY=Special Ability|Battle Mystery ~ War Sight.MOD	OUTPUTNAME:戰陣先決（War Sight）	DESC:.CLEAR	DESC:當你骰先攻時，你可以骰兩次並採用任何一個結果。7級你總是可以在突襲輪行動，不過若你沒有發現伏擊，你將最後行動，不管你的先攻值是多少（在之後的回合恢復正常）。11級你可以骰三次先攻並採用任何一個結果。	
CATEGORY=Special Ability|Battle Mystery ~ Weapon Mastery.MOD	OUTPUTNAME:武器熟稔（Weapon Mastery）	DESC:.CLEAR	DESC:選擇一種你擅長的武器，你獲得此武器的「武器專攻」專長。8級你獲得此武器的「精通重擊」專長。12級你獲得此武器的「高等武器專攻」專長。你不需要達到這些專長的先決條件。	
CATEGORY=Special Ability|Battle Mystery ~ Final Revelation.MOD	OUTPUTNAME:最終啟示（Final Revelation）	DESC:.CLEAR	DESC:當達到20級時，你成為了戰鬥的化身。你能以一個整輪動作進行一次全力攻擊，並移動相當於你速度的距離（你可以在攻擊之前或之後移動）。當你造成重擊時，你可以忽略目標可能擁有的傷害減免。你在AC上獲得+4洞察加值以對抗對你造成的重擊。當你的生命值低於0時，你不會死亡，除非你的負生命值達到你體質值的兩倍。	
CATEGORY=Special Ability|Bone Mystery ~ Armor of Bones.MOD	OUTPUTNAME:骨制鎧甲（Armor of Bones）	DESC:.CLEAR	DESC:你可以創造出一件骨制鎧甲，為你提供+4盔甲加值。7級以及之後的每4級，該加值再+2。在13級，這件盔甲為你提供傷害減免「5/鈍擊」。你每天可以使用此鎧甲的小時數等於你的先知等級。這些時間不必連續，但每次使用最少消耗1小時。	
CATEGORY=Special Ability|Bone Mystery ~ Bleeding Wounds.MOD	OUTPUTNAME:流血傷害（Bleeding Wounds）	DESC:.CLEAR	DESC:當你的某個造成負能量傷害的法術或能力（例如「造成輕度傷」或「引導負能量」）對敵人造成傷害時，他會開始出血，每輪受到1點傷害。5級以及之後的每5級，該傷害再加1。這種出血狀態可以通過DC15的醫療檢定和治療傷害的效果終止。	
CATEGORY=Special Ability|Bone Mystery ~ Death's Touch.MOD	OUTPUTNAME:死亡之觸（Death's Touch）	DESC:.CLEAR	DESC:你可以通過近戰接觸攻擊對敵人造成可怕的傷害。該攻擊會造成「1d6+1/2先知等級」點負能量傷害。如果對不死生物使用，將會治療他們並提供抵抗驅散+2加值，持續1分鐘。你每天可以使用此能力的數量等於「3+魅力修正」。	
CATEGORY=Special Ability|Bone Mystery ~ Near Death.MOD	OUTPUTNAME:臨近死亡（Near Death）	DESC:.CLEAR	DESC:你在對抗對疾病，影響心靈的效果和毒藥的豁免檢定上獲得+2洞察加值。7級該加值作用在對即死效果，睡眠效果和震懾的豁免檢定上。11級該加值變為+4。	
CATEGORY=Special Ability|Bone Mystery ~ Raise the Dead.MOD	OUTPUTNAME:喚起死亡（Raise the Dead）	DESC:.CLEAR	DESC:以一個標準動作，你可以喚起一個骷髏或殭屍來服侍你。這個不死生物的生命骰等同於你的先知等級。不死生物停留的輪數等於你的魅力修正。7級你可以喚起血腥骷髏（bloody skeleton）和急速殭屍（fast zombie）。15級你可以喚起進化的骷髏或殭屍。你可以每天使用此能力1次並在10級獲得1次額外的使用次數。	
CATEGORY=Special Ability|Bone Mystery ~ Resist Life.MOD	OUTPUTNAME:抗拒生命（Resist Life）	DESC:.CLEAR	DESC:當你被正負能量影響時，你被當做不死生物。你不受「驅散亡靈」或「命令亡靈」影響，除非你本來就是不死生物。7級你獲得+2驅散抗力。該加值在11級和15級再+2。	
CATEGORY=Special Ability|Bone Mystery ~ Soul Siphon.MOD	OUTPUTNAME:靈魂吸取（Soul Siphon）	DESC:.CLEAR	DESC:作為一次遠程接觸攻擊，你可以釋放一道射線，使目標獲得一個負向等級。這個負向等級持續時間等同於你的魅力修正的分鐘數。當該能力使目標獲得負向等級時，你恢復等同於你先知等級的生命點數。你每天可使用此能力1次，並在11級及之後的每4個等級再增加1次使用次數。要選擇此啟示你至少要達到7級。	
CATEGORY=Special Ability|Bone Mystery ~ Spirit Walk.MOD	OUTPUTNAME:靈魂行走（Spirit Walk）	DESC:.CLEAR	DESC:以一個標準動作，你可以變成虛體和隱形狀態。當變成這種形態時，你可以向任何方向移動，穿過任何物體(除了那些由力場組成的)。處於這種形態時你除了移動無法做其他動作。你可以保持此狀態的輪數等於你的先知等級，但你可以通過一個標準動作提前結束此能力。11級時，你每天可以使用此能一次，15級時可以使用兩次。要選擇此啟示你至少要達到11級。	
CATEGORY=Special Ability|Bone Mystery ~ Undead Servitude.MOD	OUTPUTNAME:不死奴役（Undead Servitude）	DESC:.CLEAR	DESC:你獲得「命令亡靈」作為獎勵專長。你每天可以引導負能量的次數等於「3+魅力修正」，但只能用於命令不死生物。你能夠選擇其他專長來增強這項能力，比如「精通導能」。但是不能用專長來改變這項能力，比如「陣營導能」。對抗此專長的DC為「10+1/2先知等級+魅力修正值」。	
CATEGORY=Special Ability|Bone Mystery ~ Voice of the Grave.MOD	OUTPUTNAME:墓穴之聲（Voice of the Grave）	DESC:.CLEAR	DESC:你可以使用「死者交談」，使用該法術時，此能力持續的時間等同於你的先知等級，這些時間不需要連續。5級以及之後的每5級，屍體在對抗該效果的意志檢定上都會承受-2減值。	
CATEGORY=Special Ability|Bone Mystery ~ Final Revelation.MOD	OUTPUTNAME:最終啟示（Final Revelation）	DESC:.CLEAR	DESC:當達到20級時，你成為死亡的大師。每輪1次，你能以自由動作使用「出血術（Bleed）」或「穩定傷勢（Stabilize）」法術。當你的生命值低於0時，你的傷勢自動穩定。你可以隨意使用「操縱死屍」法術而不需支付材料成分（雖然你還要受到可控制生物HD上限的限制）。每天1次，你可以使用「真言術：死」，但法術的目標可以是生命值小於150點的生物。	
CATEGORY=Special Ability|Flame Mystery ~ Burning Magic.MOD	OUTPUTNAME:燃燒魔法（Burning Magic）	DESC:.CLEAR	DESC:如果某個目標沒有通過你釋放的火系魔法的豁免檢定並受到火焰傷害，他將著火。在輪到著火的目標開始行動的時候他受到每法術等級1點的火焰傷害。著火狀態將持續1d4輪，但可以用一個移動動作結束這一狀態，只要該目標通過一個反射檢定（使用那個法術的DC）。將目標浸濕水可以使他在豁免檢定上獲得+2加值，而把他浸入水中則可以直接將火熄滅。不需要通過豁免的法術不會使目標著火。	
CATEGORY=Special Ability|Flame Mystery ~ Cinder Dance.MOD	OUTPUTNAME:餘燼之舞（Cinder Dance）	DESC:.CLEAR	DESC:你的基本速度增加10尺。5級你獲得「靈狐步」作為獎勵專長。10級你獲得「神行步」作為獎勵專長。你不需要達到專長的先決條件。	
CATEGORY=Special Ability|Flame Mystery ~ Fire Breath.MOD	OUTPUTNAME:火焰噴吐（Fire Breath）	DESC:.CLEAR	DESC:以一個標準動作，你可以從口中噴出一個15尺錐形火焰。這個火焰會造成1d4每等級的火焰傷害，最大10d4。通過反射檢定可使傷害減半。你每天可以使用此能力1次，在5級以及之後的每5級再加1次使用次數。該豁免DC基於魅力。	
CATEGORY=Special Ability|Flame Mystery ~ Fire Storm.MOD	OUTPUTNAME:火焰風暴（Fire Storm）	DESC:.CLEAR	DESC:以一個標準動作，你可以放出一股環繞著你的火焰。你可以製造每先知等級10尺見方的火焰。這些立方可以組合成你希望的任何形狀，但每一塊都必須與另一塊相連，並且至少有一塊與你相連。在這個火焰中的生物會受到1d6每等級的火焰傷害。通過反射檢定可使傷害減半。豁免DC為「10+1/2先知等級+魅力修正」。火焰持續的時間等於你的魅力修正。你每天可以使用此能力1次。要選擇此啟示你至少要達到11級。	
CATEGORY=Special Ability|Flame Mystery ~ Form of Flame.MOD	OUTPUTNAME:烈焰形態（Form of Flame）	DESC:.CLEAR	DESC:以一個標準動作，你可以變成小型火元素，如同「元素形態I」。9級你可以變成中型火元素，如同「元素形態II」。11級你可以變成大型火元素，如同「元素形態III」。13級你可以變成超大型火元素，如同「元素形態IV」。你每天可以使用此能力1次，持續時間為每先知等級1小時。要選擇此啟示你至少要達到7級。	
CATEGORY=Special Ability|Flame Mystery ~ Gaze of Flames.MOD	OUTPUTNAME:火焰凝視（Gaze of Flames）	DESC:.CLEAR	DESC:你可以看透火焰，雲霧和煙而不承受減值，如同你在正常環境下視物。7級你可以看穿任何來源的火焰每先知等級10尺，如同使用「鷹眼術」。你每天可使用此能力的輪數等於你的先知等級，但不必連續。	
CATEGORY=Special Ability|Flame Mystery ~ Heat Aura.MOD	OUTPUTNAME:熱能光環（Heat Aura）	DESC:.CLEAR	DESC:以一個迅捷動作，你能以你為中心製造一波熱量輻射。這股熱量對10尺之內的所有目標造成每兩個先知等級1d4點火焰傷害（最少1d4點）。通過反射可使傷害減半。豁免DC為「10+1/2先知等級+魅力修正」。此外，你的身形扭曲而模糊，使你獲得20%%隱蔽，直到你下一輪。你每天可以使用此能力1次，在5級以及之後的每5級多一次使用次數。	
CATEGORY=Special Ability|Flame Mystery ~ Molten Skin.MOD	OUTPUTNAME:熔融皮膚（Molten Skin）	DESC:.CLEAR	DESC:你獲得5點火焰抗力。5級該抗力變為10，11級變為20。17級你免疫火焰。	
CATEGORY=Special Ability|Flame Mystery ~ Touch of Flame.MOD	OUTPUTNAME:火焰之觸（Touch of Flame）	DESC:.CLEAR	DESC:以一個標準動作，你可以通過近戰接觸攻擊對敵人造成「1d6+1/2先知等級」火焰傷害。你每天可以使用此能力的次數為「3+魅力修正」。11級你持有的任何武器都將成為熾焰武器。	
CATEGORY=Special Ability|Flame Mystery ~ Wings of Fire.MOD	OUTPUTNAME:火焰之翼（Wings of Fire）	DESC:.CLEAR	DESC:以一個迅捷動作，你可以顯化一對火焰構成的翅膀，並給你提供60尺的飛行速度，機動性一般。你每天可以使用這對翅膀每先知等級1分鐘，時間不必連續，但每次至少花費1分鐘。要選擇此啟示你至少要達到7級。	
CATEGORY=Special Ability|Flame Mystery ~ Final Revelation.MOD	OUTPUTNAME:最終啟示（Final Revelation）	DESC:.CLEAR	DESC:當達到20級時，你成為火焰的大師。你可以將以下任何一個專長應用於你的火系法術而不需要提高法術等級：法術增遠，法術強效，法術默發或法術定發。	
CATEGORY=Special Ability|Heavens Mystery ~ Awesome Display.MOD	OUTPUTNAME:威嚴顯現（Awesome Display）	DESC:.CLEAR	DESC:你的幻術精確的展現出夜空的奧秘，並使所有目擊者為之驚詫。每一個受你施展的幻術：心靈幻覺影響生物的生命骰數，視為其生命骰數減去你的魅力修正。	
CATEGORY=Special Ability|Heavens Mystery ~ Coat of Many Stars.MOD	OUTPUTNAME:繁星罩衫（Coat of Many Stars）	DESC:.CLEAR	DESC:你創造出一件閃著緲緲星光的大衣，這件大衣給予你+4的盔甲加值。7級還有之後的每4級，此加值提升2點，13級這件盔甲給予你傷害減免5/揮砍。你每天可以使用此能力的時間為每先知等級1小時，使用的時間不須連續，但每次使用最少消耗1小時。	
CATEGORY=Special Ability|Heavens Mystery ~ Dweller in Darkness.MOD	OUTPUTNAME:暗夜居者（Dweller in Darkness）	DESC:.CLEAR	DESC:每日1次，你施法將你的心志投影到虛空之中，吸引一個恐怖而超凡脫俗的存在之注意。暗夜居者在各方面都如同你所施展的「魅影殺手」。17級的暗夜居者可以影響多個目標，其效果如同你所施展的「影怪殺手」。要選擇這項啟示，你的等級必須達到11級。	
CATEGORY=Special Ability|Heavens Mystery ~ Guiding Star.MOD	OUTPUTNAME:群星引導（Guiding Star）	DESC:.CLEAR	DESC:只要你能在夜晚看到開闊的天空，你就可以確知你的所在。只要你能看見夜空，你就可以將你的魅力加值加到所有以感知為基礎的檢定之上。此外每晚1次，在戶外的星空下，你可以使你的法術附加法術默發，法術定發，法術延時或法術強效的效果而不增加施法時間和所佔用的法術等級。	
CATEGORY=Special Ability|Heavens Mystery ~ Interstellar Void.MOD	OUTPUTNAME:星海虛空（Interstellar Void）	DESC:.CLEAR	DESC:你呼喚寒冷太虛深處的嚴苛極寒傷害你的敵人。以一個標準動作，30尺之內的一個敵人將會被虛空包覆並受到每先知等級1d6的寒冷傷害，一個成功的強韌檢定可以讓傷害減半。10級時嚴酷的虛空可以讓豁免失敗的敵人陷入疲勞。15級時豁免失敗的敵人還會震懾1輪。你每天可以使用這個能力1次，每10個先知等級再額外得到1次使用次數。	
CATEGORY=Special Ability|Heavens Mystery ~ Lure of the Heavens.MOD	OUTPUTNAME:蒼穹誘惑（Lure of the Heavens）	DESC:.CLEAR	DESC:你和天際的強大連結讓你連想要雙腳著地都有困難。1級時你不再留下足跡。5級時你可以懸浮在地面上6吋高的地方，甚至可以在液體表面飄行。10級時你得到飛行的能力，效果如同同名法術，持續時間則為每天每先知等級1分鐘。這個效果不需要連續，不過每次使用至少得消耗1分鐘。	
CATEGORY=Special Ability|Heavens Mystery ~ Mantle of Moonlight.MOD	OUTPUTNAME:月之帷幕（Mantle of Moonlight）	DESC:.CLEAR	DESC:你的意志和你與月亮的親和讓你免疫獸化。此外，你還可以用一個成功的接觸攻擊切斷獸化者和月亮的連結，這將會強迫對方變回人形，持續相當於你先知等級的輪數。5級時你可以使用這個接觸造成如同「狂暴術」的效果，使用此能力為近戰接觸攻擊。你每天可以使用這個能力1次，5級以及之後的每5級再增加1次。	
CATEGORY=Special Ability|Heavens Mystery ~ Moonlight Bridge.MOD	OUTPUTNAME:月光橋樑（Moonlight Bridge）	DESC:.CLEAR	DESC:你召喚出一條由閃耀月光所構成的橋樑。這座橋樑有10尺寬，於你相鄰的方格接地並朝著你指定的方向延伸每先知等級10尺。這座橋樑持續24小時或直到你跨越他為止，視何者為短。你每天可以招換月光橋的次數相當於你的魅力修正，當橋樑被攻擊的時候，將之視為「力牆術」處理。	
CATEGORY=Special Ability|Heavens Mystery ~ Spray of Shooting Stars.MOD	OUTPUTNAME:流星飛射（Spray of Shooting Stars）	DESC:.CLEAR	DESC:以一個標準動作，你可以發射一顆能量流星，射程60尺，造成5尺半徑內的目標每先知等級1d4點火焰傷害，一個成功的反射檢定可以讓傷害減半。你每天可以發射1顆流星，在5級和之後的每5級額外得到1顆，你可以一次發射1顆以上的流星，但被多個不同爆破所籠罩的生物只會受到一次傷害。	
CATEGORY=Special Ability|Heavens Mystery ~ Star Chart.MOD	OUTPUTNAME:星圖預兆（Star Chart）	DESC:.CLEAR	DESC:你豐富的筆記以藝術圖形和繁複的數學公式記載了星空的運作模式。每天1次，你可以花10分鐘思考星圖的意涵，以得到如同「通神術」的效果。你必須達到7級才有辦法選擇這個啟示。	
CATEGORY=Special Ability|Heavens Mystery ~ Final Revelation.MOD	OUTPUTNAME:最終啟示（Final Revelation）	DESC:.CLEAR	DESC:20級時，你與蒼穹融洽的關係授予你和宇宙並存的完美合諧。你在所有豁免檢定上面得到相當於你魅力修正的加值，在生命低於0的時候傷勢自動穩定，並免疫恐懼。同時所有由你造成的重擊檢定自動通過。當你死亡，你將在3天後以眾星之子的姿態復活，你新的身體將會在7天內成長成熟，效果如同「轉生術」。	
CATEGORY=Special Ability|Life Mystery ~ Channel.MOD	OUTPUTNAME:能量引導（Channel）	DESC:.CLEAR	DESC:你可以像牧師一樣引導正能量，在決定引導的治療量和豁免DC的時候用你的先知等級當做有效牧師等級。你每天可以引導正能量的次數相當於「1+魅力修正」。	
CATEGORY=Special Ability|Life Mystery ~ Combat Healer.MOD	OUTPUTNAME:戰鬥醫師（Combat Healer）	DESC:.CLEAR	DESC:當你使用一個「治療（Cure）」法術時，你可以用一個迅捷動作來釋放它，如同使用「法術瞬發」專長，但要花費兩個法術位。這不會提升法術等級。在7級你可以每天使用此能力1次，並在之後的每5級增加1次使用次數。要選擇此啟示你至少要達到7級。	
CATEGORY=Special Ability|Life Mystery ~ Delay Affliction.MOD	OUTPUTNAME:推遲痛苦（Delay Affliction）	DESC:.CLEAR	DESC:每日1次，以一個直覺動作，當你在對抗毒素或疾病的豁免檢定失敗的時候，你可以延遲不良效果的影響每先知等等級1小時。7級和15級你可以得到1次額外的使用次數。	
CATEGORY=Special Ability|Life Mystery ~ Energy Body.MOD	OUTPUTNAME:能量盈身（Energy Body）	DESC:.CLEAR	DESC:以一個標準動作，你可以將你的身體轉化為純淨的生命之力，外觀有如一個散發著白金火焰的火元素。在這個型態下，你獲得元素亞種，同時散發出一圈溫暖，舒適的光環，這可以將你10尺內的光照等級提升一級，最多達到正常光照（normal light）。任何不死生物用它的身軀或手持武器攻擊你時，將受到「1d6+先知等級」點正能量傷害。使用長觸及武器攻擊你的不死生物將不會受到傷害。若你擒抱或用天生武器攻擊不死生物，你可以用此傷害取代正常傷害。每輪1次，當你通過一個活體戰友的方格，或著當活體戰友通過你的方格時，他將恢復「1d6+先知等級」的生命值，你可以用一個移動等效動作對自己造成這個效果。當生物通過你的方格時，你可以選擇要不要治療對方。你可以用一個自由動作變回原形。你每天可以使用這個狀態的輪數相當於你的先知等級。	
CATEGORY=Special Ability|Life Mystery ~ Enhanced Cures.MOD	OUTPUTNAME:強力治療（Enhanced Cures）	DESC:.CLEAR	DESC:當你施展一個治療法術的時候，以你的先知等級，而不是法術提供的上限來決定額外的治療加值。例如一個11級的先知施展「治療輕傷」的時候，他將治療「1d8+11」點傷害，而非「1d8+5」點。	
CATEGORY=Special Ability|Life Mystery ~ Healing Hands.MOD	OUTPUTNAME:療者之手（Healing Hands）	DESC:.CLEAR	DESC:你的醫療檢定得到+4加值。你可以用一個標準動作穩定兩個人的傷勢或治療毒素，但必須分別做醫療檢定。在治療鐵棘藜（或類似效果），治療致命傷勢，治療毒素，疾病或長期照護時，你可以一次治療兩倍的人數，同時你可以對自己進行長期照護。	
CATEGORY=Special Ability|Life Mystery ~ Life Link.MOD	OUTPUTNAME:生命連結（Life Link）	DESC:.CLEAR	DESC:以一個標準動作，你可以在你與一個生物之間建立生命連結。每輪開始的時候，如果該生物的生命值比最大生命值低5點或以上，該生物恢復5點生命值而你受到5點傷害。你可以激活每先知等級1個額外鏈接。這個鏈接持續到你或該生物死亡；當你與該生物的距離超過中距，或你用直覺動作切斷也能使連結結束。若你同時保有多條連結，你可以用同一個直覺動作將其切斷。	
CATEGORY=Special Ability|Life Mystery ~ Lifesense.MOD	OUTPUTNAME:生命感知（Lifesense）	DESC:.CLEAR	DESC:你可以感覺到30尺內的活物，如同你擁有「盲視」能力。你必須達到11級才有辦法選擇這個啟示。	
CATEGORY=Special Ability|Life Mystery ~ Safe Curing.MOD	OUTPUTNAME:安全治療（Safe Curing）	DESC:.CLEAR	DESC:當你使用「治療」法術治療傷害的時候，你不會引起對施法的藉機攻擊。	
CATEGORY=Special Ability|Life Mystery ~ Spirit Boost.MOD	OUTPUTNAME:靈性提升（Spirit Boost）	DESC:.CLEAR	DESC:如果你的治療法術把目標的生命提升到最大值以上的話，多出的治療量將以臨時生命值的方式保存，持續時間最多每先知等級1輪。	
CATEGORY=Special Ability|Life Mystery ~ Final Revelation.MOD	OUTPUTNAME:最終啟示（Final Revelation）	DESC:.CLEAR	DESC:20級時，你化身為完整純粹的生命能量。你免疫出血、即死效果、力竭、疲乏、噁心、反胃和負向等級，而且任何屬性傷害和屬性吸取能力沒辦法將你的屬性降到1以下。你自動通過對巨創致死的豁免。當你生命值低於0的時候，你將不會死亡，直到你的負生命值大於你體質的兩倍。	
CATEGORY=Special Ability|Lore Mystery ~ Arcane Archivist.MOD	OUTPUTNAME:奧術學者（Arcane Archivist）	DESC:.CLEAR	DESC:你充盈的奧術知識讓你可以施展奧術，如同他們在你的法術列表。每天1次，你可以施展術士/法師法術，就如同他們在你的可知法術表之中。以這個方式施展的法術其消耗的法術位要比標準法術高上1級。要施展奧術，你必須要有一本記載此奧術的法術書，當你施法完成之後，此法術將會從法術書上面被抹除。要選擇這個啟示你必須達到11級。	
CATEGORY=Special Ability|Lore Mystery ~ Automatic Writing.MOD	OUTPUTNAME:巫寫預言（Automatic Writing）	DESC:.CLEAR	DESC:每天1次，你花費1個小時進行不間斷的沉思，在冥想期間，你的雙手寫出了一段段屬於未來的神秘片段。在1級時巫寫預言的效果相當於「占卜術」，不過有90%%準確率。5級時候可以達到「預言術」的效果，其準確率一樣為90％。8級時這個能力可以帶來「通神術」的效果，只是不需要材料和法器。	
CATEGORY=Special Ability|Lore Mystery ~ Brain Drain.MOD	OUTPUTNAME:意識鑽刺（Brain Drain）	DESC:.CLEAR	DESC:你可以用一個標準動作猛烈的鑽刺100尺內一個敵人的心智。目標必須進行一次意志檢定，成功的話他將不會受影響，同時也知道有人再惡意鑽探他的心靈。檢定失敗的生物將會受到每先知等級1d4點的傷害。在心靈鑽探成功之後，你可以用一個整輪動作偷取對方混亂的思緒和記憶。你能以對方的知識檢定加值進行一次知識檢定，這些被盜取的記憶將會留在你的心中持續相當於你魅力修正的輪數。透過這個方式取得的信息如同「偵測思想」。你每天可以使用此能力1次，5級與之後的每5級再額外獲得1次。	
CATEGORY=Special Ability|Lore Mystery ~ Focused Trance.MOD	OUTPUTNAME:專注聚焦（Focused Trance）	DESC:.CLEAR	DESC:你進入深沉的冥想，阻斷視覺和聽覺的刺激，讓自己可以專注在單一的麻煩，哲學問題或是記憶之上。這最少得花費1d6輪的時間，在這段時間裡面，你只能做一個移動動作。在這段時間裡面，你對聲波或凝視攻擊的豁免檢定得到相當於你先知等級的加值。當你結束冥想，你可以在一個基於智力的檢定上得到+20環境加值。你一天能進入冥想狀態的次數相當於你的魅力修正。	
CATEGORY=Special Ability|Lore Mystery ~ Lore Keeper.MOD	OUTPUTNAME:傳說智識（Lore Keeper）	DESC:.CLEAR	DESC:和一般百科全書式的記憶方式不同，你的知識多半來自詩詞，故事或歌曲。你可以用你的魅力修正取代智力修正來進行知識檢定。	
CATEGORY=Special Ability|Lore Mystery ~ Mental Acuity.MOD	OUTPUTNAME:心靈敏銳（Mental Acuity）	DESC:.CLEAR	DESC:你對世界奧秘的探索，使你對世間萬物有了一種超乎自然的理解，也使你變的越來越聰明。此啟示將使你的智力得到+1的內在加值，之後每升3個先知等級再+1。要選擇這個啟示你必須達到7級。	
CATEGORY=Special Ability|Lore Mystery ~ Sidestep Secret.MOD	OUTPUTNAME:閃避秘訣（Sidestep Secret）	DESC:.CLEAR	DESC:你天生對宇宙的認知賦予你一種神奇的反應能力，讓你總是可以在最後一秒鐘逃出險境。將你的魅力取代敏捷加到你的AC和反射檢定上，你護甲的最大敏捷加值仍然限制你能得到的最大魅力加值。	
CATEGORY=Special Ability|Lore Mystery ~ Spontaneous Symbology.MOD	OUTPUTNAME:通曉徽記（Spontaneous Symbology）	DESC:.CLEAR	DESC:對世界歷史奧秘的展握對你揭開了神秘之力，讓你可以統御現實。當你達到可以施放該徽記法術等級的時候，你可以自動學會該法術，就算該法術不在你的可知法術表上。所謂的徽記法術是指所有法術名稱內有包涵「徽記」兩個字的法術。要選擇這個啟示，你必須達到11級。	
CATEGORY=Special Ability|Lore Mystery ~ Think On It.MOD	OUTPUTNAME:再三思量（Think On It）	DESC:.CLEAR	DESC:每天1次，你可以重擲失敗的知識檢定，當你這麼做的時候，你在知識檢定上得到+10的環境加值。	
CATEGORY=Special Ability|Lore Mystery ~ Final Revelation.MOD	OUTPUTNAME:最終啟示（Final Revelation）	DESC:.CLEAR	DESC:20級時，你所有的知識檢定都可以取20。你理解了現實的基礎，也知道該如何改變，每天1次，你可以施展「祈願術」，此法術不需要任何施法材料，不過這個法術不能帶來屬性加值，也沒有辦法模擬需要昂貴法術成分的法術。	
CATEGORY=Special Ability|Lore Mastery ~ Whirlwind Lesson.MOD	OUTPUTNAME:快速學習（Whirlwind Lesson）	DESC:.CLEAR	DESC:你可以花8個小時的時間快速瀏覽一本魔法密典或卷冊以得到其中的加值（加屬性的那種書，正常狀況是必須花上6天的時間總和48小時）。7級時你可以讓一個生物參與研讀，你和該生物都獲得其中的加值。15級時，你可以指導數量相當於你先知等級的學生一同學習卷冊中的知識。你的屬性提升是永久的，不過學生的屬性加值將會在相當於你魅力修正的天數之後遺忘。	
CATEGORY=Special Ability|Nature Mystery ~ Bonded Mount.MOD	OUTPUTNAME:坐騎紐帶（Bonded Mount）	DESC:.CLEAR	DESC:你得到了一匹非凡聰頃，強壯，而且忠貞的坐騎。這個生物必須是你可以騎乘並且適合騎乘的。中體型的先知可以選擇馬匹，而小體型的先知則可以選擇矮種馬或狼，小體型先知在4級時也可以選擇野豬或狗。這匹坐騎的能力如同德魯伊的動物夥伴，並以你的先知等級作為動物夥伴的有效德魯伊等級。此坐騎的智力值至少為6。	
CATEGORY=Special Ability|Nature Mystery ~ Erosion Touch.MOD	OUTPUTNAME:侵蝕之觸（Erosion Touch）	DESC:.CLEAR	DESC:以一個近戰接觸攻擊，你可以對一個物品或構裝體造成每先知等級1d6的傷害。如果此能力被用來攻擊由一個由其他人所持有的物品，則將之當做擊破武器戰技處理。你每天可以使用1次侵蝕之觸，每3級再加1次。	
CATEGORY=Special Ability|Nature Mystery ~ Friend to the Animals.MOD	OUTPUTNAME:動物之友（Friend to the Animals）	DESC:.CLEAR	DESC:將所有的「召喚自然盟友」法術加到你的法術列表。要施展這些法術，你仍然需要消耗你的可知法術位選取召喚自然盟友。此外，距離你30尺之內的動物們在所有的豁免擲骰上面得到相當於你魅力修正的加值。	
CATEGORY=Special Ability|Nature Mystery ~ Life Leach.MOD	OUTPUTNAME:生命虹吸（Life Leach）	DESC:.CLEAR	DESC:你可以從敵人的身軀之中提取生命之力加到你自己身上。以一個標準動作，你可以對30尺內的一個活物發動「生命虹吸」，這個能力會對目標造成每2先知等級1d6點的傷害，同時使你獲得等量的額外生命值，此生命值持續的小時數相當於你的魅力修正。你沒辦法對一個目標造成超過對方現有生命值加上其體質屬性的傷害，因為這樣的傷害已經可以殺死對方。目標可以通過一個強韌檢定使受到的傷害減半。7級時你每天可以使用1次這個能力，之後每4級再多1次。要選擇這個啟示，你必須達到7級。	
CATEGORY=Special Ability|Nature Mystery ~ Natural Divination.MOD	OUTPUTNAME:自然預知（Natural Divination）	DESC:.CLEAR	DESC:你可以閱讀剛宰殺的新鮮動物或是人形生物的內臟，以在單次豁免檢定上得到相當於你魅力修正的洞察加值。此外，透過觀察與解釋鳥類的飛行途徑，你可以在單次技能檢定上得到+10的環境加值。最後通過檢查岩石或泥土上的印痕，或是看著灑入風中沙塵的形狀，你可以在單次的先攻檢定上得到+4的洞察加值。這些加值必須在24小時之內被使用，同時，你必須在擲骰前宣佈你是否要使用這些加值。進行一次自然預知得花費10分鐘的時間，你每天可以使用自然預知1次，每獲得4個先知等級額外增加1次。	
CATEGORY=Special Ability|Nature Mystery ~ Nature's Whispers.MOD	OUTPUTNAME:環境低語（Nature's Whispers）	DESC:.CLEAR	DESC:你和大自然非常的親近，讓你可以從環境的低語中感受到危險的徵兆並保持警覺。從不尋常的蛙叫到隆隆地鳴，一切都指示著你趨吉避凶，將你的魅力取代敏捷加到你的AC和CMD上，任何會導致你失去AC敏捷加值的效果改為讓你失去AC上的魅力加值。	
CATEGORY=Special Ability|Nature Mystery ~ Speak with Animals.MOD	OUTPUTNAME:動物交談（Speak with Animals）	DESC:.CLEAR	DESC:選擇一個具體的動物種類（鷹，狐狸，狗，青蛙之類有的沒的），你能夠與該種動物進行交談，如同你在「動物交談」的法術影響之下。每3個先知等級，你可以額外選擇一個種類生物。	
CATEGORY=Special Ability|Nature Mystery ~ Spirit of Nature.MOD	OUTPUTNAME:天地精魄（Spirit of Nature）	DESC:.CLEAR	DESC:於自然環境中，當你生命值被降到負值的時候你將自動穩定。5級時當你生命降為負值，你將得到1點的快速醫療，持續1d4輪的時間。10級時這個能力可以在各種場合發揮作用，就算你在城市中或是地下城裡。15級當你生命值為負時，你將得到3點快速醫療1d4輪，這個能力取代5級得到的快速醫療1。	
CATEGORY=Special Ability|Nature Mystery ~ Transcendental Bond.MOD	OUTPUTNAME:超然連結（Transcendental Bond）	DESC:.CLEAR	DESC:你與萬物的契合讓你可以和所有的活物分享思緒，你可以透過這個能力和盟友溝通。這個能力如同「心靈連線（Telepathic Bond）」法術，不過你每天可以和你盟友溝通的輪數相當於你的先知等級，而你可以鏈接的人數則相等於你的魅力修正。要和一個生物建立連結，你必須以一個標準動作接觸對方。10級時，每天1次，你可以透過這條聯線對一個連結的盟友施展接觸法術。	
CATEGORY=Special Ability|Nature Mystery ~ Undo Artifice.MOD	OUTPUTNAME:還原工藝（Undo Artifice）	DESC:.CLEAR	DESC:11級時，你得到將無生命的工藝品與其組成部件還原成未加工天然材料的能力。這個能力的效果如同「變形萬物」，不過它可以作用在魔法和非魔法的無生命對像上。這個能力的持續時間總是永久，不過他沒有辦法像「變形萬物」一樣用來模擬其他法術的效果。通過強韌檢定的對象將不受影響，魔法物品的價值每增加5000GP其強韌檢定將得到+1的增強加值。你每天可以還原物品的次數相當於你的魅力修正。	
CATEGORY=Special Ability|Nature Mystery ~ Final Revelation.MOD	OUTPUTNAME:最終啟示（Final Revelation）	DESC:.CLEAR	DESC:20級，你發現了生命本質的奧秘，使你對你的身體得到了他人難以想像的控制能力。每天1次，以一個整輪動作，你可以將自己包覆在一個有機物構成的繭中。當封閉在繭中的時候你被視為無助。8小時之後，你將你的物種轉化為植物，動物或人形生物，得到該物種的基本特性。這個變化不會改變你的生命骰數、生命值、豁免加值、技能點數、本職技能或專長。每次型態轉變的時候，你將清除身上所有的毒素和疾病，補滿生命點數，並恢復所有屬性傷害。在每次轉化的時候，你必須選擇和你當下不同的物種類別。	
CATEGORY=Special Ability|Stone Mystery ~ Acid Skin.MOD	OUTPUTNAME:酸性皮膚（Acid Skin）	DESC:.CLEAR	DESC:你獲得5點強酸抗力。在5級該抗力變為10，11級變為20。17級，你免疫強酸。	
CATEGORY=Special Ability|Stone Mystery ~ Clobbering Strike.MOD	OUTPUTNAME:擊倒攻擊（Clobbering Strike）	DESC:.CLEAR	DESC:當你用攻擊法術對敵人造成重擊時，你可以立即用一個迅捷動作來對你的敵人進行絆摔。這次絆摔嘗試你不會像通常情況那樣受到藉機攻擊。	
CATEGORY=Special Ability|Stone Mystery ~ Crystal Sight.MOD	OUTPUTNAME:水晶視野（Crystal Sight）	DESC:.CLEAR	DESC:你可以看穿岩石，大地或是沙礫如同他們是透明的水晶。你的凝視可以穿透等同於你先知等級的尺數，或是看穿此數量1/12厚度（即先知等級的英吋數）的金屬。你每天可以使用此能力的輪數等同於你的先知等級，但不必連續。	
CATEGORY=Special Ability|Stone Mystery ~ Earth Glide.MOD	OUTPUTNAME:大地穿行（Earth Glide）	DESC:.CLEAR	DESC:你可以穿過岩石，泥土或大多數的土石類物質，除了加工過的石材和金屬，就好像魚在水中穿行一樣容易。如果能夠抵抗火焰傷害，你甚至能穿行岩漿。你用你的基本速度穿行。當穿行的時候，你可以如常呼吸（你不需要屏息）。你身後不會留下隧道或深洞，也不會留下任何痕跡或標誌。當在你所處的區域使用「移土術（Move Earth）」會把你吹離30尺並震懾1輪，除非你通過DC15的強韌豁免。你每天可以穿行每先知等級1分鐘，不必連續但每次至少要花費1分鐘。要選擇此啟示你至少要達到7級。你穿行的時候可以帶其他的生物，但每分鐘每個生物都會額外消耗1分鐘。	
CATEGORY=Special Ability|Stone Mystery ~ Mighty Pebble.MOD	OUTPUTNAME:強力石子（Mighty Pebble）	DESC:.CLEAR	DESC:以一個標準動作，你可以用元素之力改造一顆石子（或其他類似大小的石製品），使它能夠通過遠程攻擊命中目標後爆炸。該石子擁有20尺的射程，攻擊和傷害具有先知等級1/4的增強加值。任何被石子擊中的目標受到每兩個先知等級1d6（最少1d6）的傷害。相鄰方格的生物受到一半傷害，若通過反射檢定則不受傷害。豁免DC為「10+1/2先知等級+魅力修正」。若攻擊未命中，將石子作為投擲武器來決定落點。你每天可使用此能力1次，在5級和以後的每5級再加1次。	
CATEGORY=Special Ability|Stone Mystery ~ Rock Throwing.MOD	OUTPUTNAME:石塊投擲（Rock Throwing）	DESC:.CLEAR	DESC:你是一個熟練的擲石者，在投擲石塊的攻擊檢定上獲得+1種族加值。你可以投擲最多比你的體型小兩個級別的石塊。每個石塊的射程為20尺，你最多可以投擲5倍射程的距離。投擲石塊的傷害為中型2d4，小型2d3，加上1.5倍你的力量修正。	
CATEGORY=Special Ability|Stone Mystery ~ Shard Explosion.MOD	OUTPUTNAME:碎片爆發（Shard Explosion）	DESC:.CLEAR	DESC:以一個迅捷動作，你能以你為中心爆發出一陣銳利的碎石。這些碎石對10尺之內的所有生物造成每兩個先知等級1d6（最少1d6）的傷害。通過反射檢定可使傷害減半。豁免DC為「10+1/2先知等級+魅力修正」。此外，碎片使爆炸範圍變為困難地形，直到你下一輪行動為止。你每天可以使用此能力1次，在5級和以後的每5級再加1次。	
CATEGORY=Special Ability|Stone Mystery ~ Steelbreaker Skin.MOD	OUTPUTNAME:破金皮膚（Steelbreaker Skin）	DESC:.CLEAR	DESC:以一個標準動作，你可以硬化肉體使攻擊你的武器受傷或損毀。當近戰或遠程武器擊中你時，你能以一個自由動作對其進行擊破武器檢定，即使還沒輪到你行動（如果是遠程武器，將它的CMD看做「15+攻擊者的基本攻擊加值」而不是攻擊者的CMD）。這不會引起藉機攻擊。若你擊破武器戰術成功，你對武器造成如同徒手攻擊的正常傷害（而不是瘀傷）。這次攻擊造成的傷害能忽略等同於你先知等級的硬度。這項能力不能保護你免於傷害，除非你將該武器完全摧毀。你每天可以使用此能力1次，持續時間為每先知等級1分鐘。要選擇此啟示你至少要達到7級。	
CATEGORY=Special Ability|Stone Mystery ~ Stone Stability.MOD	OUTPUTNAME:穩如磐石（Stone Stability）	DESC:.CLEAR	DESC:當你站在地面時，你在對抗衝撞和絆摔的CMD獲得+4加值。5級時你獲得「精通絆摔」作為獎勵專長。10級時你獲得「高等絆摔」作為獎勵專長。你不需要達到專長的先決條件。	
CATEGORY=Special Ability|Stone Mystery ~ Touch of Acid.MOD	OUTPUTNAME:強酸之觸（Touch of Acid）	DESC:.CLEAR	DESC:以一個標準動作，你可以通過一個近戰接觸攻擊造成每兩個先知等級1d6的強酸傷害。你每天可以使用此能力的次數為「3+魅力修正」。11級你所持有的任何武器能增加1d6點強酸傷害，如同酸蝕武器一般起作用。	
CATEGORY=Special Ability|Stone Mystery ~ Final Revelation.MOD	OUTPUTNAME:最終啟示（Final Revelation）	DESC:.CLEAR	DESC:當達到20級時，你成為強酸與泥土的大師。你可以將以下任何一個專長應用於你的酸和土系法術，而不需要提高法術等級：法術增遠，法術強效，法術默發或法術定發。	
CATEGORY=Special Ability|Waves Mystery ~ Blizzard.MOD	OUTPUTNAME:暴風雪（Blizzard）	DESC:.CLEAR	DESC:以一個標準動作，你可以製造一場暴風雪。你可以製造10尺立方每先知等級的風暴。這些立方可以組合成你希望的任何形狀，但每一塊都必須與另一塊相連並且至少有一塊與你相連。在這個風暴中的生物會受到1d4每等級的寒冷傷害。通過反射檢定可使傷害減半，豁免DC為「10+1/2先知等級+魅力修正」。風暴持續的時間等於你的魅力修正。在風暴的範圍內地面處於結冰狀態。在風暴中5尺之外物體完全不可見，這提供了全隱蔽。5尺之內的物體處於隱蔽狀態。你每天可以使用此能力1次。要選擇此啟示你至少要達到11級。	
CATEGORY=Special Ability|Waves Mystery ~ Fluid Nature.MOD	OUTPUTNAME:流體特性（Fluid Nature）	DESC:.CLEAR	DESC:你在對抗卸除武器，擒抱和闖越的CMD獲得+4加值。當敵人對你進行重擊確認時，他在確認檢定上承受-4減值。5級你獲得「閃避」作為獎勵專長。你不需要達到專長的先決條件。	
CATEGORY=Special Ability|Waves Mystery ~ Fluid Travel.MOD	OUTPUTNAME:流體行動（Fluid Travel）	DESC:.CLEAR	DESC:你可以在液體上行走，就好像它們是固體一樣。在液體上行走不會使你受傷；你可以在酸液甚至熔岩上行走，雖然你還是會因為太靠近熔岩而受到火焰傷害。你可以用你正常的地面速度在這些表面上移動。在7級，當此能力作用時，你也可以選擇潛下水，並獲得60尺游泳速度以及「水中呼吸」能力。你每天可以使用此能力每先知等級1小時，這些時間不必連續，但每次使用至少要花費1個小時。	
CATEGORY=Special Ability|Waves Mystery ~ Freezing Spell.MOD	OUTPUTNAME:凍寒咒語（Freezing Spell）	DESC:.CLEAR	DESC:如果某個目標沒有通過你釋放的魔法的豁免檢定並受到凍寒傷害，他將減速1輪。不允許豁免的法術不會造成減速效果。11級持續時間變為1d4輪。	
CATEGORY=Special Ability|Waves Mystery ~ Ice Armor.MOD	OUTPUTNAME:寒冰鎧甲（Ice Armor）	DESC:.CLEAR	DESC:你可以創造出一件寒冰鎧甲，為你提供+4盔甲加值。7級以及之後的每4級該加值再+2。13級這件盔甲為你提供傷害減免「5/穿刺」。在寒冷的環境中，盔甲加值（以及傷害減免加值）增加2點；在十分炎熱的環境將會減少2點。你每天可以使用此鎧甲的小時數等於你的先知等級。這些時間不必連續，但每次使用最少消耗1小時。	
CATEGORY=Special Ability|Waves Mystery ~ Icy Skin.MOD	OUTPUTNAME:冰冷皮膚（Icy Skin）	DESC:.CLEAR	DESC:你獲得5點寒冷抗力。5級該抗力變為10，11級變為20。17級，你免疫寒冷。	
CATEGORY=Special Ability|Waves Mystery ~ Punitive Transformation.MOD	OUTPUTNAME:懲罰變形（Punitive Transformation）	DESC:.CLEAR	DESC:你可以將你的敵人變成無害的動物如同使用「惡意變形術」。目標必須通過意志檢定，豁免DC為「10+1/2先知等級+魅力修正」。這種變形效果持續每先知等級1輪。變形另一個目標會讓先前被變形的人立即恢復原狀。你每天可使用此能力的次數等於你的魅力修正。要選擇此啟示你至少要達到7級。	
CATEGORY=Special Ability|Waves Mystery ~ Water Form.MOD	OUTPUTNAME:流水形態（Water Form）	DESC:.CLEAR	DESC:以一個標準動作，你可以變成小型水元素，如同「元素形態I」；9級你可以變成中型水元素，如同「元素形態II」；11級你可以變成大型水元素，如同「元素形態III」；13級你可以變成超大型水元素，如同「元素形態IV」。你每天可以使用此能力1次，持續時間為每先知等級1小時。要選擇此啟示你至少要達到7級。	
CATEGORY=Special Ability|Waves Mystery ~ Water Sight.MOD	OUTPUTNAME:流水視野（Water Sight）	DESC:.CLEAR	DESC:你可以看透雲霧而不承受減值，如同你在正常環境下視物。在7級，你可以在任何直徑超過1尺的平靜水面進行探知，如同使用「探知術」。15級它將如同「高等探知術」般作用。你每天可使用探知的輪數等於你的先知等級，但不必連續。	
CATEGORY=Special Ability|Waves Mystery ~ Wintry Touch.MOD	OUTPUTNAME:寒冬之觸（Wintry Touch）	DESC:.CLEAR	DESC:以一個標準動作，你可以通過一次近戰接觸攻擊，造成每兩個先知等級1d6的寒冷傷害。你每天可以使用此能力的次數為「3+你的魅力修正」。11級你所持有的任何武器將會成為凍寒武器。	
CATEGORY=Special Ability|Waves Mystery ~ Final Revelation.MOD	OUTPUTNAME:最終啟示（Final Revelation）	DESC:.CLEAR	DESC:當達到20級時，你成為冰與水的大師。你可以將以下任何一個專長應用於你的冰或水系法術而不需要提高法術等級：法術增遠，法術強效，法術默發，法術定發。	
CATEGORY=Special Ability|Wind Mystery ~ Air Barrier.MOD	OUTPUTNAME:大氣之盾（Air Barrier）	DESC:.CLEAR	DESC:你可以創造出一件空氣組成的盾牌，為你提供+4盔甲加值。7級以及之後的每4級，該加值再+2。13級這個護盾可以使箭矢、射線以及其他遠程攻擊在對你進行攻擊時承受50%%的失手率。你每天可以使用此鎧甲的小時數等於你的先知等級。這些時間不必連續，但每次使用最少消耗1小時。	
CATEGORY=Special Ability|Wind Mystery ~ Gaseous Form.MOD	OUTPUTNAME:氣體形態（Gaseous Form）	DESC:.CLEAR	DESC:以一個標準動作，你可以使用「氣化形體」如同名法術。你每天可以保持氣態的分鐘數等於你的先知等級，這些時間不必連續，但每次使用至少要花費1分鐘。要選擇此啟示你至少要達到5級。你氣化的時候可以帶其他的生物，但每分鐘每個生物都會花費額外的1分鐘。	
CATEGORY=Special Ability|Wind Mystery ~ Invisibility.MOD	OUTPUTNAME:隱形（Invisibility）	DESC:.CLEAR	DESC:以一個標準動作，你可以變得「隱形」如同名法術。你每天可以保持隱形的分鐘數等於你的先知等級，這些時間不必連續，但每次使用至少要花費1分鐘。9級開始，當你使用此能力時可當做「高等隱形」，但是每使用此能力1輪就如同你使用隱形1分鐘。要選擇此啟示你至少要達到3級。	
CATEGORY=Special Ability|Wind Mystery ~ Lightning Breath.MOD	OUTPUTNAME:閃電噴吐（Lightning Breath）	DESC:.CLEAR	DESC:以一個標準動作，你可以從口中噴出一個30尺線形閃電。這個閃電會造成每先知等級1d4的電擊傷害，最大10d4。通過反射檢定可使傷害減半，豁免DC為「10+1/2先知等級+魅力修正」。你每天可以使用此能力1次，在5級以及之後的每5級再加1次使用次數。	
CATEGORY=Special Ability|Wind Mystery ~ Spark Skin.MOD	OUTPUTNAME:閃光皮膚（Spark Skin）	DESC:.CLEAR	DESC:你獲得5點電擊抗力。在5級該抗力變為10，11級變為20。17級，你免疫電擊。	
CATEGORY=Special Ability|Wind Mystery ~ Touch of Electricity.MOD	OUTPUTNAME:閃電之觸（Touch of Electricity）	DESC:.CLEAR	DESC:以一個標準動作，你可以通過一個近戰接觸攻擊造成「1d6+1/2先知等級」的電擊傷害。你每天可以使用此能力的次數為「3+魅力修正」。11級你所持有的任何武器將會成為電擊武器。	
CATEGORY=Special Ability|Wind Mystery ~ Wortex Spells.MOD	OUTPUTNAME:漩渦法術（Wortex Spells）	DESC:.CLEAR	DESC:當你用攻擊法術對敵人造成重擊時，他將恍惚一輪。11級持續時間變為1d4輪。	
CATEGORY=Special Ability|Wind Mystery ~ Wind Sight.MOD	OUTPUTNAME:風之視野（Wind Sight）	DESC:.CLEAR	DESC:你忽略基於風且由第一個100尺距離產生的察覺檢定減值。7級時，以一個標準動作，你可以看或聽到有效距離內的任何地方（如同「銳耳術」和「鷹眼術」），只要你和目標之間保持一條無障礙的空氣通路（不需要效果線，這意味著可以有轉角或是直徑不小於一寸的空洞）。你每天可使用的輪數等於你的先知等級，但不必連續。	
CATEGORY=Special Ability|Wind Mystery ~ Wings of Air.MOD	OUTPUTNAME:風之翼（Wings of Air）	DESC:.CLEAR	DESC:以一個迅捷動作，你可以顯化一對半透明的、雲霧一般的翅膀，並給你提供60尺的飛行速度，機動性良好。10級你的速度提升至90尺，並且機動性變為完美。你每天可以使用這對翅膀每先知等級1分鐘，時間不必連續，但每次至少花費1分鐘。要選擇此啟示你至少要達到5級。	
CATEGORY=Special Ability|Wind Mystery ~ Final Revelation.MOD	OUTPUTNAME:最終啟示（Final Revelation）	DESC:.CLEAR	DESC:當達到20級時，你成為空氣和閃電的大師。你可以將以下任何一個專長應用於你的氣或電系法術，而不需要提高法術等級：法術增遠，法術強效，法術默發，法術定發。	
CATEGORY=Special Ability|Wind Mastery ~ Thunderburst.MOD	OUTPUTNAME:雷鳴爆（Thunderburst）	DESC:.CLEAR	DESC:以一個標準動作，你可以製造一次空氣爆並發出雷鳴巨響。爆炸範圍20尺，並且在7級以及之後的每4級再加5尺。在此範圍內的生物受到每先知等級1d6的傷害並且耳聾1小時，通過強韌檢定可使傷害減半並且不會耳聾。豁免DC為「10+1/2先知等級+魅力修正」。要選擇此啟示你至少要達到7級。你每天可使用此能力1次並且在11級及之後的每4級再多使用1次。	
CATEGORY=Special Ability|Ancestor Mystery ~ Ancestral Weapon.MOD	OUTPUTNAME:祖傳武器（Ancestral Weapon）	DESC:.CLEAR	DESC:你可以召喚一隻和你家族背景緊密連結、且符合你體型的簡易或是軍用武器，你被視為熟練此武器。3級時這把武器視為精製品，7級，15級，19級這把武器會獲得額外1點的增強加值，11級這把武器得到幽冥屬性。你每天可以使用這把武器的分鐘數等於你的先知等級，使用時間不需要連續，但是每次使用至少消耗1分鐘的時間。這把武器會在離開你的手中1輪之後消失。	
CATEGORY=Special Ability|Ancestor Mystery ~ Blood of Heroes.MOD	OUTPUTNAME:英雄血脈（Blood of Heroes）	DESC:.CLEAR	DESC:以一個移動等效動作，你可以喚醒你先祖的靈魂，使你在作戰時更加果敢。你在攻擊和傷害還有對抗恐懼的豁免擲骰上得到+1士氣加值，持續時間相當於你的魅力修正。7級時士氣加值提升到+2，14級時提升到+3。你能使用此能力的次數為每天1次，5級還有之後每5級再增加1次。	
CATEGORY=Special Ability|Ancestor Mystery ~ Phantom Touch.MOD	OUTPUTNAME:幻象之觸（Phantom Touch）	DESC:.CLEAR	DESC:以一個標準動作，你可以透過一次近戰接觸攻擊讓一個活物陷入戰慄之中，持續時間相當於先知等級一半（至少1輪）。你每天可以使用這個能力的次數等於「3+魅力修正」。	
CATEGORY=Special Ability|Ancestor Mystery ~ Sacred Council.MOD	OUTPUTNAME:神聖評議（Sacred Council）	DESC:.CLEAR	DESC:用一個移動等效動作，你可以喚起祖靈提供建議，讓你在任何單次的d20檢定上得到+2加值。此效果持續1輪的時間，你每日能使用此能力的次數相當於你的魅力修正。	
CATEGORY=Special Ability|Ancestor Mystery ~ Spirit of the Warrior.MOD	OUTPUTNAME:戰士之魂（Spirit of the Warrior）	DESC:.CLEAR	DESC:你喚醒你祖宗裡最強大戰士的靈魂，並讓他佔有你的身軀，使你成為強大的戰士。你在力量，敏捷和體質上得到+4的增強加值，同時，你的基本攻擊加值提升到相當於你的先知等級，並且得到+4天生防禦加值。此外，你還對你所選擇的武器得到「精通重擊」專長。此能力持續輪數相當於先知等級的一半。這個能力的持續時間不須連續，不過每次使用至少消耗1輪的時間。你必須達到11級才能選擇這個啟示。	
CATEGORY=Special Ability|Ancestor Mystery ~ Spirit Shield.MOD	OUTPUTNAME:聖靈護盾（Spirit Shield）	DESC:.CLEAR	DESC:你可以喚起祖先的靈魂化為環繞著你的護盾並阻擋攻擊。你得到+4的盔甲加值，在7級和之後的每4級此加值再+2。13級時此護盾讓瞄準你的箭矢，射線或其他需要擲骰的遠程攻擊承受50％的失手機率。你每天可以使用這個護盾的小時數相當於你的先知等級，持續時間不須連續，但每次至少會消耗1個小時。	
CATEGORY=Special Ability|Ancestor Mystery ~ Spirit Walk.MOD	OUTPUTNAME:靈魂行走（Spirit Walk）	DESC:.CLEAR	DESC:你變成虛體而且隱形。在這個型態之下，你可穿越障礙物並進入任何物體之中，但在這個狀態下，你沒有辦法做除了移動之外的任何行動。你呆在這個型態下的輪數相當於你的先知等級，不過你可以用一個標準動作解消。11級時，你每天可以使用此能力1次，15級則上升到每天2次。	
CATEGORY=Special Ability|Ancestor Mystery ~ Storm of Souls.MOD	OUTPUTNAME:魂魄風暴（Storm of Souls）	DESC:.CLEAR	DESC:你呼喚你的先祖，以鬼魂般的方式傷害你的敵人，他們的憤怒將對範圍內所有目標造成物理傷害。此風暴的射程為100尺，範圍為20尺爆發，在範圍內的生物和物品會受到每兩個先知等級1d8的傷害，而不死生物則受到每先知等級1d8的傷害。成功的強韌豁免可以讓傷害減半。你必須達到7級才能選擇這個啟示，你每天可以使用「魂魄風暴」1次，11級和之後的每4級再增加一次。	
CATEGORY=Special Ability|Ancestor Mystery ~ Voice of the Grave.MOD	OUTPUTNAME:墓穴之聲（Voice of the Grave）	DESC:.CLEAR	DESC:你可以使用「死者交談」，使用該法術時，此能力持續的時間等同於你的先知等級，這些時間不需要連續。在5級，以及之後的每5級，屍體都會在對抗該效果的意志檢定上承受-2減值。	
CATEGORY=Special Ability|Ancestor Mystery ~ Wisdom of the Ancestors.MOD	OUTPUTNAME:先祖智慧（Wisdom of the Ancestors）	DESC:.CLEAR	DESC:你可以進入冥想和你的祖先交談，以得到類似「通神術」的效果。冥想必須至少持續10分鐘，這段時間不能間斷，而且在這段時間中你什麼也不能做。當你結束冥想，你可以對未來驚鴻一瞥，1級時此能力的效果相當於「占卜術」，但其準確率為80％；5級此能力效果相當於「預言術」，其準確率提升到90％；8級此能力的效果相當於「通神術」，只是這些法術都不需要材料和法器。	
CATEGORY=Special Ability|Ancestor Mystery ~ Final Revelation.MOD	OUTPUTNAME:最終啟示（Final Revelation）	DESC:.CLEAR	DESC:20級時，你加入了你的先祖之中。你的意志豁免得到相當於你魅力修正的加值，獲得60尺盲視，你所施展的預言系法術施法者等級+4。每日1次，你能以類法術能力施展「星界投射」而且不需要材料成分。	
CATEGORY=Special Ability|Dark Tapestry Mystery ~ Brain Drain.MOD	OUTPUTNAME:意識鑽刺（Brain Drain）	DESC:.CLEAR	DESC:你可以用一個標準動作猛烈的鑽刺100尺內一個敵人的心智。目標必須進行一次意志檢定，成功的話他將不會受影響，同時也知道有人再惡意鑽探他的心靈。檢定失敗的生物將會受到每先知等級1d4點的傷害。在心靈鑽探成功之後，你可以用一個整輪動作偷取對方混亂的思緒和記憶。你能以對方的知識檢定加值進行一次知識檢定，這些被盜取的記憶將會留在你的心中持續相當於你魅力修正的輪數。透過這個方式取得的信息如同「偵測思想」。你每天可以使用此能力1次，5級與之後的每5級再額外獲得1次。	
CATEGORY=Special Ability|Dark Tapestry Mystery ~ Cloak of Darkness.MOD	OUTPUTNAME:黑幕斗篷（Cloak of Darkness）	DESC:.CLEAR	DESC:你創造出一件由純粹黑暗所構成的斗蓬，給予你+4的盔甲加值，並且在隱匿檢定上得到+2加值。7級還有之後的每4級，這些加值提升2點。你每天可以使用此能力的時間為每先知等級1小時，使用的時間不須連續，但每次使用最少消耗1個小時。	
CATEGORY=Special Ability|Dark Tapestry Mystery ~ Dweller in Darkness.MOD	OUTPUTNAME:暗夜居者（Dweller in Darkness）	DESC:.CLEAR	DESC:每日1次，你施法將你的心志投影到虛空之中，吸引一個恐怖而超凡脫俗的存在之注意。暗夜居者在各方面都如同你所施展的「魅影殺手（phantasmal killer）」。17級時暗夜居者可以影響多個目標，其效果如同你所施展的「怪影殺手（weird）」。要選擇這項啟示，你的等級必須達到11級。	
CATEGORY=Special Ability|Dark Tapestry Mystery ~ Gift of Madness.MOD	OUTPUTNAME:瘋狂禮贈（Gift of Madness）	DESC:.CLEAR	DESC:你呼喚無法想像的星間虛空襲擊一個30尺內的目標，並使他困惑1輪。成功的強韌檢定可以使此效果無效，這是一個影響心智的脅迫效果。7級時困惑將持續相當於你的先知等級，你每天可以使用這個能力的次數等於「3+魅力修正」。	
CATEGORY=Special Ability|Dark Tapestry Mystery ~ Interstellar Void.MOD	OUTPUTNAME:星海虛空（Interstellar Void）	DESC:.CLEAR	DESC:你呼喚寒冷太虛深處的嚴苛極寒傷害你的敵人。以一個標準動作，30尺之內的一個敵人將會被虛空包覆並受到每先知等級1d6的寒冷傷害。成功的強韌檢定可以讓傷害減半。10級時嚴酷虛空可以讓豁免失敗的敵人陷入疲乏，15級時豁免失敗的敵人還會再震懾1輪。你每天可以使用這個能力1次，每10個先知等級再額外得到1次使用次數。	
CATEGORY=Special Ability|Dark Tapestry Mystery ~ Many Forms.MOD	OUTPUTNAME:千變萬化（Many Forms）	DESC:.CLEAR	DESC:以一個標準動作，你可以將自己變成一個中型或小型的人形生物，如同「變身術」。7級時你可以變成中型或小型動物，如同「野獸型態I」；11級時你可以變成中型或小型魔法獸，如同「野獸型態III」；15級你可以變成各式各樣的外型，如同「高等變形術」。你能使用「千變萬化」的時間為每天每先知等級1分鐘，時間不需連續，不過每次使用至少得消耗1分鐘。	
CATEGORY=Special Ability|Dark Tapestry Mystery ~ Pierce the Veil.MOD	OUTPUTNAME:穿透面紗（Pierce the Veil）	DESC:.CLEAR	DESC:你和黑暗帷幕中異界生物的連結讓你可以看透黑暗，你得到60尺的黑暗視覺。11級時你可以看穿任何種類的黑暗，就算處在絕對黑暗下或是在「深幽黑暗術」的影響之下。	
CATEGORY=Special Ability|Dark Tapestry Mystery ~ Read the Tapestry.MOD	OUTPUTNAME:閱覽帷壁（Read the Tapestry）	DESC:.CLEAR	DESC:每天一次，你可以花10分鐘的時間參悟黑暗帷幕的秘密，將你的心志穿越到其他位面，並且和異界生物或強大的存在交流，效果如同「異界探知」。你必須達到7級才有辦法選擇這個啟示。	
CATEGORY=Special Ability|Dark Tapestry Mystery ~ Touch of the Void.MOD	OUTPUTNAME:虛空之觸（Touch of the Void）	DESC:.CLEAR	DESC:以一個標準動作，你用一個近戰接觸攻擊造成「1d6+1/2先知等級」的寒冷傷害。7級時被接觸目標必須通過一次強韌檢定，否則將會疲乏相當於你先知等級一半的輪數。這對已經疲乏的目標無效，你每日能使用此能力的次數為「3+魅力修正」。	
CATEGORY=Special Ability|Dark Tapestry Mystery ~ Wings of Darkness.MOD	OUTPUTNAME:深暗之翼（Wings of Darkness）	DESC:.CLEAR	DESC:以一個自由動作，你可以召喚出一對半透明的漆黑翅膀，能讓你以60尺的良好機動力飛翔。你每天使用此能力的時間為每天每先知等級1分鐘。時間不需要連續，不過每次使用至少得消耗1分鐘。11級時每天1次，你可以如同「翱翔天際」一樣使用這對翅膀，持續時間為每先知等級1小時，但這樣使用將會耗盡當天所有使用翅膀的時間。你必須達到7級才能選擇這個啟示。	
CATEGORY=Special Ability|Dark Tapestry Mystery ~ Final Revelation.MOD	OUTPUTNAME:最終啟示（Final Revelation）	DESC:.CLEAR	DESC:20級時，你轉化成全然的超自然生物。你得到傷害減免「5/-」，免疫強酸、重擊和偷襲。每天1次，你可以用類法術能力施展「形體變化」，而且不需要任何的器材。	
CATEGORY=Special Ability|Metal Mystery ~ Armor Mastery.MOD	OUTPUTNAME:裝甲熟練（Armor Mastery）	DESC:.CLEAR	DESC:你對金屬的掌握讓你熟於使用裝甲。你在穿著金屬製的中型裝甲時速度不減，此能力不給予你額外的盔甲擅長。5級時當你穿著金屬盔甲，你的防具減值減少1（最小為0），且最大敏捷加值上升1。10級還有15級這個加值額外變化1點。	
CATEGORY=Special Ability|Metal Mystery ~ Dance of the Blades.MOD	OUTPUTNAME:劍刃之舞（Dance of the Blades）	DESC:.CLEAR	DESC:你的移動速度增加10尺。7級時，當你至少移動10尺且持用金屬武器的時候，你的攻擊獲得+1加值。11級還有之後的每4級，此加值再上升1。11級時你可以用一個移動等效動作舞出一片刀鋒壁障，使得所有瞄準的非虛體近戰和遠程攻擊承受20%%的失手機率。這個效果持續到你下一輪開始為止，你必須持用金屬武器才有辦法使用此能力。	
CATEGORY=Special Ability|Metal Mystery ~ Iron Constitution.MOD	OUTPUTNAME:精鐵強韌（Iron Constitution）	DESC:.CLEAR	DESC:你的強韌檢定+1。7級和14級這個效果再+1。	
CATEGORY=Special Ability|Metal Mystery ~ Iron Skin.MOD	OUTPUTNAME:鋼鐵皮膚（Iron Skin）	DESC:.CLEAR	DESC:每天1次，你的皮膚變得像鋼鐵一樣更加堅硬，使你獲得傷害減免「10/精金」。這項能力作用如同「石膚術」，並使用你的先知等級作為施法者等級。15級時你可以每天使用此能力2次。要選擇此能力你至少要達到11級。	
CATEGORY=Special Ability|Metal Mystery ~ Iron Weapon.MOD	OUTPUTNAME:堅鋼兵刃（Iron Weapon）	DESC:.CLEAR	DESC:你召喚出一把近戰類型的軍用或簡易武器，你每天可以使用這把武器的分鐘數等於你的先知等級。這把武器必須符合你的體型並且以金屬構成（就算他原本的材料不是金屬也會變成金屬，例如矛；不過除了外表之外，所有的屬性都同於他木造的同類），你被視為熟練此武器。這把武器會在離開你手中1輪之後消失。3級此武器視為由寒鐵鍛造，在7，15，19級此武器得到額外+1的增強加值。13級這把武器的材質變成精金。你每天可以使用此能力的次數相當於「3+魅力修正」。	
CATEGORY=Special Ability|Metal Mystery ~ Riddle of Steel.MOD	OUTPUTNAME:鋼材之謎（Riddle of Steel）	DESC:.CLEAR	DESC:你反覆查看金屬的構造和紋理，使你洞察其質地與功能。每天1次，你可以花費10分鐘審視一塊未加工的金屬或礦石，讓你在之後和金屬有關的手藝檢定得到+5的洞察加值。	
CATEGORY=Special Ability|Metal Mystery ~ Rusting Grasp.MOD	OUTPUTNAME:銹蝕之觸（Rusting Grasp）	DESC:.CLEAR	DESC:每天1次，你可以用一次近戰接觸攻擊銹蝕金屬，此效果如同「銹蝕爪」。11級和之後的每4級，你得到1次額外的使用次數。你必須達到7級才有辦法選擇這個啟示。	
CATEGORY=Special Ability|Metal Mystery ~ Skill at Arms.MOD	OUTPUTNAME:武藝精通（Skill at Arms）	DESC:.CLEAR	DESC:你擅長所有軍用武器，中型盔甲和重型盔甲。	
CATEGORY=Special Ability|Metal Mystery ~ Steel Scarf.MOD	OUTPUTNAME:鋼化圍巾（Steel Scarf）	DESC:.CLEAR	DESC:以一個迅捷動作，你可以將你身上的圍巾，手套，披風或是一片衣物化為長達30尺堅硬如鋼的物質。你能用這個東西向外攻擊，如同進行一次近戰攻擊。對此能力而言，你視為熟練這項武器，甚至可以發動戰技攻擊。此外，如果你有「武器嫻熟」專長也會在這次攻擊中生效。當你擊中目標，你造成「1d8+1/2先知等級」的傷害，攻擊之後這件衣物將變回原本的尺寸而且無害。你無法用此能力發起藉機攻擊。你每天可以使用此能力的次數相當於「3+魅力修正」。	
CATEGORY=Special Ability|Metal Mystery ~ Vision in Iron.MOD	OUTPUTNAME:鐵眼凝視（Vision in Iron）	DESC:.CLEAR	DESC:你可以用一片大小大於匕首的金屬片進行「探知術」。15級時此能力如同「高等探知」。你每日可以使用此能力時間相當於每先知等級1輪，這個能力的持續時間不須連續。你必須達到7級才有辦法選擇此能力。	
CATEGORY=Special Ability|Metal Mystery ~ Final Revelation.MOD	OUTPUTNAME:最終啟示（Final Revelation）	DESC:.CLEAR	DESC:20級時，你成為鋼與鐵的大師，對於所有你熟練的金屬武器，你得到武器專攻、高等武器專攻和精通重擊專長。你的盔甲則像是你的第二層皮膚，當你穿著金屬盔甲的時候，最大敏捷加值上升5，而且忽略所有的防具減值。此外，所有你以法術製造的金屬其硬度上升10。	
CATEGORY=Special Ability|Time Mystery ~ Aging Touch.MOD	OUTPUTNAME:歲月之觸（Aging Touch）	DESC:.CLEAR	DESC:你可以用一個近戰接觸攻擊加速生物或是對像老化崩壞的速度。當你用此方式攻擊一個活物，將造成每兩先知等級1點的力量傷害。而對於對像或構裝生物來說，此接觸將造成每先知等級1d6點傷害。如果你用此接觸攻擊由一個生物所持有的物品，則在考慮命中時此攻擊相當於擊破武器戰技攻擊。你每天可以使用此能力1次，之後每5級再多加1次。	
CATEGORY=Special Ability|Time Mystery ~ Erase from Time.MOD	OUTPUTNAME:抹銷時空（Erase from Time）	DESC:.CLEAR	DESC:以一個近戰接觸攻擊，你可以把一個生物從多元宇宙的時軸中暫時抹除。目標必須通過一個強韌檢定否則徹底消失，持續輪數相當於你先知等級的一半（最少1輪）。在這段時間裡任何魔法或是神術效果都沒辦法找到受術者——實際上，此生物在這個時空之中存在可能性已經被暫時抹去。在效果結束的時候，此生物將會在他之前佔據的空間裡面出現。如果格子已經被佔據，則在旁邊任何可能的格子中出現。你每天可以使用此能力1次，11級的時候額外1次。	
CATEGORY=Special Ability|Time Mystery ~ Knowledge of the Ages.MOD	OUTPUTNAME:歲月知識（Knowledge of the Ages）	DESC:.CLEAR	DESC:你搜尋時間，並尋找有關傳奇或信息的遺漏片段。你可以重骰你1分鐘內做過的1次知識檢定，並得到相當於你魅力修正的洞察加值。每日你可以使用此能力的次數相當於你的魅力修正。	
CATEGORY=Special Ability|Time Mystery ~ Momentary Glimpse.MOD	OUTPUTNAME:瞬息一瞥（Momentary Glimpse）	DESC:.CLEAR	DESC:每天1次，你可以看到極其有限的未來。在使用此能力之後1輪中，你的單次攻擊檢定，豁免擲骰或技能檢定得到+2洞察加值。此加值也可以作用在AC上，持續到你下輪開始。5級和之後的每4級，你能使用此能力的次數增加1次。	
CATEGORY=Special Ability|Time Mystery ~ Rewind Time.MOD	OUTPUTNAME:回朔時空（Rewind Time）	DESC:.CLEAR	DESC:每天1次，以一個直覺動作，你可以重骰一個d20，你必須在擲骰結果宣佈之前使用此能力。你必須接受擲骰結果，即便可能更糟。11級還有之後的每4級，你得到1次額外的使用次數。你必須達到7級才能選擇此啟示。	
CATEGORY=Special Ability|Time Mystery ~ Speed or Slow Time.MOD	OUTPUTNAME:加減時流（Speed or Slow Time）	DESC:.CLEAR	DESC:以一個標準動作，你可以加速或減緩時間的流動，如同「加速術」和「遲緩術」。你每天可以使用此能力1次，12和17級再加一次。你必須達到7級才能選取此啟示。	
CATEGORY=Special Ability|Time Mystery ~ Temporal Celerity.MOD	OUTPUTNAME:時之迅捷（Temporal Celerity）	DESC:.CLEAR	DESC:當你骰先攻時，你可以骰兩次並採用任何一個結果。7級你總是可以在突襲輪行動，不過若你沒有發現伏擊，你將最後行動，不管你的先攻值是多少（在之後的回合恢復正常）。11級你可以骰三次先攻並採用任何一個結果。	
CATEGORY=Special Ability|Time Mystery ~ Time Flicker.MOD	OUTPUTNAME:時空閃現（Time Flicker）	DESC:.CLEAR	DESC:以一個標準動作，你在時空之間跳躍，造成如同「朦朧術」的效果。每日你可以使用此能力的分鐘數相當於你的先知等級。7級時你可以選擇造成「閃現術」的效果，不過處在閃現狀態下的每輪將消耗你1分鐘的使用時數。你必須達到3級才能選擇此啟示。	
CATEGORY=Special Ability|Time Mystery ~ Time Hop.MOD	OUTPUTNAME:光陰躍步（Time Hop）	DESC:.CLEAR	DESC:以一個移動等效動作，你可以傳送每天每先知等級10尺。此能力必須以5尺為單位使用。這個移動不會引起藉機攻擊，你和你的目的地之間必須有效果線存在。你可以讓一個自願的生物隨你伴行，不過你得為兩者分別支付傳送距離。要選擇此啟示，你必須達到7級。	
CATEGORY=Special Ability|Time Mystery ~ Time Sight.MOD	OUTPUTNAME:時間視野（Time Sight）	DESC:.CLEAR	DESC:你穿越時間迷霧，並看透一切事物的真相，如同使用「真知術」。15級此能力可以帶來「片刻預知」的效果，18級時則可造成「預警術」的效果。每日你可以使用此能力的分鐘數相當於你的先知等級。你必須達到11級才有辦法選擇此啟示。	
CATEGORY=Special Ability|Time Mystery ~ Final Revelation.MOD	OUTPUTNAME:最終啟示（Final Revelation）	DESC:.CLEAR	DESC:20級時，你終於成為時空的統馭者，同時不再衰老。你免疫任何由魔法和自然造成的衰老效果，不過之前的年紀減值仍然存在、加值也予以保留。你將永遠不會老死，不過仍然可能因為意外，疾病，毒素或什麼其他莫名奇妙的原因死去。此外，你每天還可以用類法術能力施展1次「時間停止」。	
CATEGORY=Special Ability|Wood Mystery ~ Bend the Grain.MOD	OUTPUTNAME:扭曲紋理（Bend the Grain）	DESC:.CLEAR	DESC:以一個標準動作，你可以將一個木造對像扭曲變形，效果類似「塑木術」或「曲木術」。11級時你可以讓木造物遠離你，效果如同「驅離木材」。每日你可以使用此能力1次，7級和14級，你得到1次額外的使用次數。	
CATEGORY=Special Ability|Wood Mystery ~ Lignification.MOD	OUTPUTNAME:木質轉化（Lignification）	DESC:.CLEAR	DESC:每天1次，你可以將一個目標變成木雕。以一個標準動作，你可以使30尺內的目標和其身上所有的裝備轉化成木頭，除非對方通過強韌檢定。效果的持續輪數相當於你先知等級的一半，除了上述效果和變成木頭之外，此能力類似「石化術」。這個效果可以被任何能移除石化術的效果解除。15級你可以得到1次額外的使用次數。要選擇此能力你必須達到11級。	
CATEGORY=Special Ability|Wood Mystery ~ Speak with Wood.MOD	OUTPUTNAME:林木交談（Speak with Wood）	DESC:.CLEAR	DESC:你和林木交談，並且學習其所知。你必須花1分鐘的時間沉思，並且和樹木溝通。此能力的效果類似「石言術」，除了你溝通的對象是木材而非石頭。你每日可以使用此能力的分鐘數相當於你的先知等級，此時間不需要連續，不過每次使用至少會消耗1分鐘。你可以和自然或是加工過的木料交談。你必須達到11級才能選擇此啟示。	
CATEGORY=Special Ability|Wood Mystery ~ Thorn Burst.MOD	OUTPUTNAME:棘刺爆發（Thorn Burst）	DESC:.CLEAR	DESC:以一個迅捷動作，你可以在自己身上暴出一團鋒銳的棘刺，波及你身邊10尺的範圍，造成每兩先知等級1d6點傷害（最少1d6。）成功的反射檢定可以讓傷害減半。此外，棘刺的碎片會散落在範圍內，產生如同鐵棘藜的效果，直到你下一輪開始。你每天可以使用此能力1次，5級以及之後的每5級再多一次。	
CATEGORY=Special Ability|Wood Mystery ~ Tree Form.MOD	OUTPUTNAME:樹木型態（Tree Form）	DESC:.CLEAR	DESC:以一個標準動作，你變成一顆大型的活樹、死樹或一團灌木，如同「樹化術」。9級時你可以變成中型或小型的植物類生物，如同「植物型態I」；11級你可以變成大型植物，如同「植物型態II」；13級你變成超大型植物，如同「植物型態III」。每天你只能使用此能力1次，不過可以持續每先知等級1小時的時間。你必須達到3級才能選擇此啟示。	
CATEGORY=Special Ability|Wood Mystery ~ Wood Armor.MOD	OUTPUTNAME:原木裝甲（Wood Armor）	DESC:.CLEAR	DESC:你在自己身邊創造出由木質所構成的裝甲，給予你+4的盔甲加值。在7級以及之後的每4級，此盔甲加值上升2。13級此盔甲給予你傷害減免5/揮砍。你每天可以使用此能力的時間為每先知等級1小時，使用的時間不須連續，但每次使用最少消耗1個小時。	
CATEGORY=Special Ability|Wood Mystery ~ Wood Bond.MOD	OUTPUTNAME:魂木連結（Wood Bond）	DESC:.CLEAR	DESC:原木和你產生強烈的共鳴，讓你手中的武器變成你肢體的延伸。當你使用木造武器時（矛，弓，木棒和木棍之類），你在攻擊擲骰上得到+1的表現加值。此加值在5級還有之後的每5級上升1。	
CATEGORY=Special Ability|Wood Mystery ~ Wood Sight.MOD	OUTPUTNAME:森林視野（Wood Sight）	DESC:.CLEAR	DESC:以一個移動等效動作，你可以看穿一片原本可以造成遮蔽的灌木叢或是草叢（儘管黑暗或其他物體仍然可能遮蔽視線），距離為60尺。7級你可以用這個能力看穿木頭或是其他的木造物，如同只是很厚的玻璃，能夠看穿木材的厚度等同於每先知等級1尺。每天你能使用此能力的輪數相當於你的先知等級，這些輪數不須連續。	
CATEGORY=Special Ability|Wood Mystery ~ Wooden Weapon.MOD	OUTPUTNAME:構木武裝（Wooden Weapon）	DESC:.CLEAR	DESC:你可以召換出木造且適合你體型的棍棒，手杖，長矛，短矛或是普通的矛，持續分鐘數相當於你的先知等級。使用時間不須連續，但每次至少消耗1分鐘，這些武器只要離手1輪就會消失。3級時這些武器視為精緻品，並在7，15，19級得到+1的增強加值。11級這些武器得到鋒銳特性（或是鈍器上和鋒銳等效的效果）。你每天能使用此能力的次數等於「3+魅力修正」。	
CATEGORY=Special Ability|Wood Mystery ~ Woodland Stride.MOD	OUTPUTNAME:穿林步伐（Woodland Stride）	DESC:.CLEAR	DESC:你能以正常速度穿越任何灌木叢（例如自然的荊棘叢，石南叢，茂密的灌木叢，以及其他類似地形），並且不會受到任何傷害。然而，如果上述地形是由魔法造成以阻礙移動，仍會影響你。	
CATEGORY=Special Ability|Wood Mystery ~ Final Revelation.MOD	OUTPUTNAME:最終啟示（Final Revelation）	DESC:.CLEAR	DESC:在20級，你變成活生生的木頭。當被視為法術或是特殊能力目標時，你被當成植物。你的皮膚泛著拋光木紋的光澤，得到+4天生護甲加值，並且對任何木造兵器與植物類生物的攻擊得到傷害減免「10/-」。你免疫麻痺，毒素，變形，睡眠和震懾。而且你可以融入任何一顆樹木或夠大的木塊之中，如同「融身入石」，只是你融入木料而非石材，且此能力沒有時間限制。	
