CATEGORY=Special Ability|Bard ~ Bardic Knowledge.MOD	OUTPUTNAME:逸聞知識（Bardic Knowledge）	DESC:.CLEAR	DESC:詩人在進行知識類技能檢定時將他一半的職業等級（至少為1）加到檢定結果中，並且可以使用未受訓的知識技能進行檢定。	
CATEGORY=Special Ability|Bard ~ Bardic Performance.MOD	OUTPUTNAME:吟遊表演（Bardic Performance）	DESC:.CLEAR	DESC:吟遊詩人可以用他的表演在身邊的人身上（通常包括自己，如果願意）製造出各種魔法效果。1級時，他每天可以使用此能力的總輪數為「4+魅力修正」。之後的每一級，詩人都會獲得2輪額外的每日使用輪數。在每一輪，詩人都可以通過表演來使用他當前等級擁有的任意一項吟遊表演能力。啟動吟遊表演能力是一個標準動作，但在之後保持同一種表演是自由動作。更換吟遊表演的效果需要詩人停止當前的表演，並用一個標準動作開始新的表演。吟遊表演無法被打斷，但若詩人被殺死、麻痺、震懾或敲昏，或者由於其他因素而無法保持每輪一個自由動作時，表演立刻結束。詩人無法令一個以上的吟遊表演效果同時生效。7級或更高的吟遊詩人可以用移動動作替代原本的標準動作，開始一項吟遊表演；13級或更高的詩人開始表演只需要一個迅捷動作。每一項吟遊表演都需要依賴聲音或/和視覺成分運作。若一項吟遊表演依賴聲音成份運作，目標必須能夠聽見詩人的表演才會被影響，而這些能力多數和語言相關（如說明中所描述）。一名耳聾的詩人在進行此類表演時有20%%的失敗率，若他在這項檢定中失敗，他的嘗試依舊計入每日使用輪數。耳聾的生物對依賴聲音成分運作的吟遊表演免疫。若一項吟遊表演依賴視覺成份運作，目標必須存在和詩人之間的視覺線才會受到影響。一名目盲的詩人在進行此類表演時有50%%的失敗率，若他在這項檢定中失敗，他的嘗試依舊計入每日使用輪數。目盲的生物對依賴視覺成分運作的吟遊表演免疫。	
CATEGORY=Special Ability|Bard ~ Cantrips.MOD	OUTPUTNAME:戲法（Cantrips）	DESC:.CLEAR	DESC:吟遊詩人能夠學到一定數量的戲法，或者叫做0環法術。具體的數量參見上表。這些法術的施放方式與其他法術相同，但不消耗法術位並可以被重複使用（簡單的說，就是不限次數）。	
CATEGORY=Special Ability|Bard ~ Versatile Performance.MOD	OUTPUTNAME:多才多藝（Versatile Performance）	DESC:.CLEAR	DESC:2級時，吟遊詩人選定一種表演技能。他可以使用所選定的表演技能替代與其相關的技能檢定。此時詩人使用他在那項表演上的全部技能加值，包括本職技能加值，以替代相關的技能加值——無論被替代的技能是否屬於他的本職技能，以及他是否曾經受過那項技能的訓練。在6級和之後的每4個等級，詩人都可以選定一項新的表演技能進行替換。表演技能與其相關的技能為：表演（演劇）－唬騙，易容；表演（滑稽）－唬騙，威嚇；表演（舞蹈）－特技，飛行；表演（鍵盤樂）－交涉，威嚇；表演（演講）－交涉，察言觀色；表演（打擊樂）－馴養動物，威嚇；表演（歌唱）－唬騙，察言觀色；表演（絃樂）－唬騙，交涉；表演（管樂）－交涉，馴養動物。	
CATEGORY=Special Ability|Bard ~ Well-Versed.MOD	OUTPUTNAME:通曉音律（Well-Versed）	DESC:.CLEAR	DESC:2級以上的吟遊詩人對於其他詩人的【吟遊表演】，以及其他的音波效果都獲得了一定的抵抗力。詩人在對抗其他詩人的吟遊表演、音波效果、以及語言相關的效果的豁免檢定中獲得+4加值。	
CATEGORY=Special Ability|Bard ~ Lore Master.MOD	OUTPUTNAME:博學（Lore Master）	DESC:.CLEAR	DESC:第5級起，吟遊詩人在學識上的成就允許他為任何知識檢定取10。他也可以決定不使用取10的能力並正常投骰決定檢定結果。此外，每天1次，詩人能夠以一個標準動作為任意知識檢定取20。在5級之後的每6級，詩人都獲得1次額外的每日使用次數，在17級時達到最大每日3次。	
CATEGORY=Special Ability|Bard ~ Jack of All Trades.MOD	OUTPUTNAME:萬事通（Jack of All Trades）	DESC:.CLEAR	DESC:10級或以上的吟遊詩人能夠使用任何技能，包括正常需要訓練但他未曾受訓的技能在內。16級或以上的詩人將所有技能看作本職技能。19級或以上的詩人可以在任何情況下為技能檢定取10，哪怕正常來說這樣做是不被允許的	
CATEGORY=Special Ability|Bardic Performance ~ Countersong.MOD	OUTPUTNAME:破咒曲（Countersong）	DESC:.CLEAR	DESC:1級起，吟遊詩人可以用他的音樂和詩歌來反制依賴於聲音的法術（並非簡單的指那些有言語成分的法術）。在表演破咒曲的每輪內，他都必須做一次表演（鍵盤樂、打擊樂、管樂、絃樂，或演唱）檢定。任何在吟遊詩人30尺之內的生物（包括吟遊詩人自己）在受到音波或者基於語言的魔法攻擊時，都可以用吟遊詩人的表演檢定來代替自身的豁免檢定（如果吟遊詩人的表演檢定結果好於自身的豁免檢定結果）。如果在「破咒曲」範圍內的生物已經受到持續性音波魔法或者基於語言的魔法攻擊，在聽到破咒曲的每個回合內，他都有進行新的豁免檢定對抗魔法影響的機會，但是必須使用吟遊詩人的表演檢定結果值來進行此對抗。對於無法進行豁免檢定的魔法效果，【破咒曲】無效。【破咒曲】依賴聲音成份運作。	
CATEGORY=Special Ability|Bardic Performance ~ Distraction.MOD	OUTPUTNAME:清心（Distraction）	DESC:.CLEAR	DESC:1級起，吟遊詩人可以用他的表演來反制依賴於視覺的法術。在清心持續的每輪中，他都必須做一次表演（模仿、滑稽、舞蹈、或演講）檢定。任何在吟遊詩人30尺之內的生物（包括吟遊詩人自己）在受到〔心靈幻覺〕或〔虛假幻覺〕子學派的魔法攻擊時，都可以用吟遊詩人的表演檢定來代替自身的豁免檢定（若表演檢定結果好於自身的豁免檢定結果）。如果在清心範圍內的生物已經受到持續性的〔心靈幻覺〕或〔虛假幻覺〕法術影響，在能夠看到【清心】的每個回合內，他都有進行新的豁免檢定以對抗魔法影響的機會，但是必須使用吟遊詩人的表演檢定結果值來進行此對抗。對於無法進行豁免檢定的魔法效果，【清心】無效。【清心】依賴視覺成份運作。	
CATEGORY=Special Ability|Bardic Performance ~ Fascinate.MOD	OUTPUTNAME:迷魂（Fascinate）	DESC:.CLEAR	DESC:1級起，吟遊詩人可以用他的表演來讓一個或多個生物對他著迷。只有在吟遊詩人周圍90尺距離內，能夠看見和聽見吟遊詩人，還必須注意到他的生物才可能被迷住。吟遊詩人同樣必須能夠看到這些生物。附近的戰鬥或者其他能導致分心的危險都會打斷這項能力的使用。1級之後的每3個吟遊詩人等級，他都可以在每次使用此能力時多影響一個目標。每個在迷魂的作用範圍內的生物都需要進行一次DC為「10+1/2詩人等級+魅力修正」的意志豁免以抵抗此效果。如果生物的豁免檢定成功，則此吟遊詩人在24小時內無法再對之迷魂。如果豁免檢定失敗，該生物會安靜的坐下來欣賞表演，在吟遊詩人繼續專心表演的期間內不會做其他動作。被迷魂的生物在對周圍反應方面的技能（例如察覺）的檢定上都有-4減值。任何潛在威脅都會給予目標生物一次新的豁免檢定機會。任何現實威脅，例如有人拔武器，施法，或者用遠程武器瞄準目標時都會自動打破此能力。【迷魂】是一項惑控系（脅迫）影響心靈能力。【迷魂】依賴聲音和視覺成份運作。	
CATEGORY=Special Ability|Bardic Performance ~ Inspire Courage.MOD	OUTPUTNAME:激發勇氣（Inspire Courage）	DESC:.CLEAR	DESC:1級起，吟遊詩人可以通過表演來激發盟友（包括自己）的勇氣，鼓舞他們對抗恐懼和提高戰鬥能力。只有能看到或聽到吟遊詩人表演的盟友才可以接受此效果。受影響的盟友在對抗魅惑和恐懼時豁免檢定有+1士氣加值，在攻擊和武器傷害檢定上也有+1表現加值。5級及之後每6個吟遊詩人等級，該加值都會增加1（5級+2，11級+3，17級達到最大+4）。激發勇氣是影響心靈的能力。【激發勇氣】依賴聲音或者視覺成份運作，詩人必須在開始表演之前決定具體使用的成份。	
CATEGORY=Special Ability|Bardic Performance ~ Inspire Competence.MOD	OUTPUTNAME:提振技能（Inspire Competence）	DESC:.CLEAR	DESC:3級或以上的吟遊詩人可以通過表演來幫助盟友成功完成工作。該盟友必須距離吟遊詩人30尺內，並且能看到和聽見吟遊詩人。只要此盟友還能聽見吟遊詩人的表演，他就可以在特定技能檢定上獲得+2表現加值。3級以後的每4個等級，此加值都會提升1（7級+3，11級+4，15級+5，以及19級+6）。某些用法，例如利用【提振技能】輔助隱匿技能，可能顯得不符合常理並因此被GM禁止。吟遊詩人不能對自己使用此能力。此能力依賴聲音成份運作。	
CATEGORY=Special Ability|Bardic Performance ~ Suggestion.MOD	OUTPUTNAME:暗示（Suggestion）	DESC:.CLEAR	DESC:6級或以上的吟遊詩人可以通過表演對一個已經被迷魂（見前）的生物使用『暗示術』。使用此能力不會打斷迷魂的效果，但需要在用以保持迷魂的自由動作之上額外花費一個標準動作。詩人可以在同一場演出中對一名生物多次使用此能力。一次成功的DC為「10+1/2詩人等級+魅力修正」的意志豁免可以抵抗此效果。該能力只能影響一個生物（但參見下面的【群體暗示】）。【暗示】屬於惑控系（脅迫）影響心靈且與語言相關的能力。此能力依賴聲音成份運作。	
CATEGORY=Special Ability|Bardic Performance ~ Dirge of Doom.MOD	OUTPUTNAME:末日喪歌（Dirge of Doom）	DESC:.CLEAR	DESC:8級或以上的吟遊詩人可以通過表演引發敵人心中的恐懼，讓他們在戰鬥中戰慄。只有距離詩人30英尺內，且能夠看見和聽到詩人表演的敵人才可能被影響。此效果只要敵人保持在距離詩人30英尺內，且詩人持續表演就會一直生效。【末日喪歌】無法令目標變得驚懼或恐慌，哪怕他們已經因為其它的效果而陷入戰慄也一樣。【末日喪歌】是一個影響心靈的恐懼效果，且依賴聲音和視覺成分運作。	
CATEGORY=Special Ability|Bardic Performance ~ Inspire Greatness.MOD	OUTPUTNAME:提振戰力（Inspire Greatness）	DESC:.CLEAR	DESC:9級或以上的吟遊詩人可以通過表演來激勵自己或者30尺內的一個自願的盟友，讓他獲得額外的戰鬥力。9級後每3級，詩人可以在每次使用此能力時多影響1個同伴（12級2個，15級3個，18級達到最大4個）。要使用【提振戰力】，所有同伴必須能夠聽到和看到吟遊詩人。受影響的生物獲得兩個額外生命骰（d10），對應的暫時生命值（每個獎勵生命骰都要加上體質修正），攻擊檢定獲得+2表現加值，且強韌檢定得到+1表現加值。在決定依賴於生命骰的法術效果時，這些獎勵生命骰視為正常生命骰。【提振戰力】是影響心靈的能力，並且依賴聲音和視覺成分運作。	
CATEGORY=Special Ability|Bardic Performance ~ Soothing Performance.MOD	OUTPUTNAME:安神（Soothing Performance）	DESC:.CLEAR	DESC:12級或以上的詩人能夠通過表演造成等同於『群體治療重傷』的效果，並使用詩人的等級作為施法者等級。此能力會同時移除受影響的目標身上的疲乏、噁心和戰慄效果。使用此能力需要4次連續的表演，且目標必須能夠聽到和看見整個表演過程。【安神】依賴聲音和視覺成分運作。	
CATEGORY=Special Ability|Bardic Performance ~ Frightening Tune.MOD	OUTPUTNAME:恐懼魔音（Frightening Tune）	DESC:.CLEAR	DESC:14級或以上的詩人能夠通過表演帶給敵人恐懼。只有距離詩人30英尺內，且能夠聽到詩人表演的敵人才可能被影響。每個在範圍內敵人都需要進行一次DC為「10+1/2詩人等級+魅力修正」的意志豁免以抵抗此效果。若豁免成功，同一詩人無法在24小時之內的再次嘗試令其恐懼。若豁免失敗，只要還能聽到【恐懼魔音】，此敵人就會驚懼並不斷逃竄。【恐懼魔音】依賴聲音成分運作。	
CATEGORY=Special Ability|Bardic Performance ~ Inspire Heroics.MOD	OUTPUTNAME:激發豪情（Inspire Heroics）	DESC:.CLEAR	DESC:15級或以上的吟遊詩人可以通過表演賦予他自己或30尺距離內的一名盟友極大的勇氣。15級後每3個吟遊詩人等級，他可以在每次使用此能力時多影響1個同伴。要被【激發豪情】所影響，所有目標必須能夠聽到和看到吟遊詩人。受到激勵的生物豁免獲得+4士氣加值，AC獲得+4閃避加值。該效果在目標能夠看到表演的期間內一直有效。【激發豪情】是影響心靈的能力，並且依賴聲音和視覺成分運作。	
CATEGORY=Special Ability|Bardic Performance ~ Mass Suggestion.MOD	OUTPUTNAME:群體暗示（Mass Suggestion）	DESC:.CLEAR	DESC:這項能力和之前提到的【暗示】能力類似，但允許18級或以上的吟遊詩人同時對任意數量的、已經被其迷魂（見前）的生物進行暗示。【群體暗示】屬於惑控系（脅迫），影響心靈且與語言相關的能力。此能力依賴聲音成份運作。	
CATEGORY=Special Ability|Bardic Performance ~ Deadly Performance.MOD	OUTPUTNAME:奪命表演（Deadly Performance）	DESC:.CLEAR	DESC:20級或以上的詩人能夠通過表演，令一名敵人因為極度的快樂或悲傷而死去。只有距離詩人30英尺內，且能夠看見和聽見詩人的表演長達整整一輪的目標才會受到影響。目標需要進行一次DC為「10+1/2詩人等級+魅力修正」的意志豁免以抵抗此效果。若豁免成功，目標會在1d4輪內陷入恍惚，並且同一詩人在24小時內無法再次對其使用奪命表演。若豁免失敗，目標死亡。【奪命表演】是一個影響心靈的即死效果，且依賴聲音和視覺成分運作。	
CATEGORY=Special Ability|Masterpiece ~ At the Heart of It All.MOD	OUTPUTNAME:萬物之心（At the Heart of It All）	DESC:.CLEAR	DESC:盤繞跳躍的旋律挑起了理解的面紗，並深深切入如同岩石一般的真理。吟遊詩人完成此表演時，目標必須通過一個意志檢定，若對方失敗，代表你可以理解對方內心中構成意志最根本的基石，你在影響該生物的魅力相關檢定上得到+4加值。同時，你影響該生物的法術和能力DC也將上升2（包括魅惑和脅迫類法術），這些加值將持續一整天的時間。你必須首先瞭解自己試圖影響的生物，這需要在100尺內對其進行研究或觀察。	
CATEGORY=Special Ability|Masterpiece ~ Cat-Step.MOD	OUTPUTNAME:貓步舞（Cat-Step）	DESC:.CLEAR	DESC:這種快舞開始於一連串的小步，最終則在華麗的快步飛躍中達到高潮。當你完成此表演，你在之後10分鐘之內墜落時，可以忽略「5×1/2吟遊詩人等級」的墜落距離。你也可以花費此效果第一分鐘的時間，以每兩吟遊詩人等級1人的數量指導你的夥伴跳「貓步舞」。如果他們能通過一個DC15的表演（舞蹈）檢定，他們可以在接下來的時間中和你享受相同的效果。	
CATEGORY=Special Ability|Masterpiece ~ Dance of 23 Steps.MOD	OUTPUTNAME:廿三步舞（Dance of 23 Steps）	DESC:.CLEAR	DESC:突然改變的步法、旋轉，以及不合拍的飛躍讓你幾乎沒有辦法被擊中，但也使你在做其他動作的時候變的更困難。當使用這個舞蹈的時候，你的攻擊檢定和CMB承受-2減值，且施法時必須通過一個DC為「15+法術等級」的專注檢定否則失去該法術。舞蹈使你的AC得到+2閃避加值，當你的舞蹈達到8級和之後的每4級，攻擊減值和AC加值再上升1。你可以和防禦式戰鬥以及「寓守於攻」專長一起使用這個舞蹈，但是沒有辦法和全回合防禦疊用。當你使用此舞蹈，效果會持續到你下個回合開始。對其他吟遊詩人表演生效的能力，例如「餘音繞樑」會對此傳世名作產生影響。這樣使用可以使你得到多輪的效果，且只要花費1輪吟遊詩人表演。	
CATEGORY=Special Ability|Masterpiece ~ Depths of the Mountain.MOD	OUTPUTNAME:深山鳴澗（Depths of the Mountain）	DESC:.CLEAR	DESC:就像一個以完美顫音震碎酒杯的歌手，你的音樂分裂岩石，讓堅固巨岩顫抖，直到其被卡入裂隙之中。當你完成這項表演，你可以造成如同「地震術」一般的駭人震動。只要你持續消耗吟遊詩人表演輪數，你就可以造成持續整整一輪的餘震效果，其效果如下：石窟、洞穴或坑道：小規模的崩塌造成4d6點傷害（反射豁免DC5減半），並活埋任何在崩塌區內的生物。懸崖：更多的崖壁崩落，產生一個如同崩落高度一半的滑坡，路徑上的任何生物受到4d6的鈍擊傷害（反射豁免DC5減半），並被埋在廢墟下。開闊地：站在地表上的生物必須通過DC5的反射檢定以避免摔倒。地上會出現小型的裂縫，每輪站在地表上的生物有25%%的機率墜入其中（反射豁免DC10）。這些裂縫有20呎深，並且在餘震結束之後依然存在。活埋：被餘震活埋的生物每分鐘受到1d3點非致命傷害。如果依個被活埋的生物陷入昏迷，他必須通過DC5的強韌檢定，否則在之後每分鐘受到1d3致命傷害直到被救出或死亡。河川、湖泊或沼澤：這些地區在餘震的持續時間之內會幹枯。施法：在此地區中施法者必須通過DC為「15+法術等級」的專注檢定，否則失去該法術。建築物：在地表上的建築物將會受到50點傷害。如果建築物因此坍塌，那麼在其內的生物會受到4d6點鈍擊傷害（反射豁免DC5減半）。在建築物崩塌時呆在裡面的生物會被活埋。	
CATEGORY=Special Ability|Masterpiece ~ Dumbshow of Gorroc.MOD	OUTPUTNAME:格洛克滑稽劇（Dumbshow of Gorroc）	DESC:.CLEAR	DESC:這個故事講述著一個名叫格洛克的懶農夫，這傢伙的慵懶和愚蠢導致他的田地生滿雜草，無奈之下，格洛克與惡魔交涉，結果後者轟出了一團夾帶著鹽分的熾烈火焰，使整片肥沃的土地整整荒蕪了一個世紀。當你完成這項表演，你可以選擇30呎錐狀或60呎線形範圍，該區域充滿酷熱的空氣與灼燒的熔融鹽。在此範圍中的植物和泥怪生物會受到每吟遊詩人等級1d6（最高10d6）的傷害，其中一半是火焰傷害，一半則是物理性的穿刺傷害，反射豁免減半。上述兩類以外的生物只受到一半傷害，且通過反射豁免後不會受到任何損傷。	
CATEGORY=Special Ability|Arcane Duelist ~ Arcane Strike.MOD	OUTPUTNAME:奧術打擊（Arcane Strike）	DESC:.CLEAR	DESC:奧術決鬥者在1級時獲得「奧術打擊」作為獎勵專長。這個獎勵取代逸聞知識。	
CATEGORY=Special Ability|Arcane Duelist ~ Rallying Cry.MOD	OUTPUTNAME:戰鬥號角（Rallying Cry）	DESC:.CLEAR	DESC:1級時，奧術決鬥者能夠通過表演讓盟友重拾戰意。每一輪他可以進行一次威嚇檢定。在對抗恐懼和絕望效果時，任何在詩人30尺以內的盟友（包括詩人自己）都可以使用此檢定結果替代原本的豁免加值進行豁免。戰鬥號角對無法進行豁免的效果無效。這是一個影響心靈的效果，並依賴聲音成分運作。此表演能力取代破咒曲。	
CATEGORY=Special Ability|Arcane Duelist ~ Bladethirst.MOD	OUTPUTNAME:嗜血之刃（Bladethirst）	DESC:.CLEAR	DESC:6級或以上的奧術決鬥者能夠通過表演賦予30英尺內的一把武器，一件天生武器，一件雙頭武器的一端，或者50枚同樣的彈藥+1的增強加值。此加值在6級後的每3個等級增加1（在18級時達到最高+5）。這些加值可以和武器已有的加值疊加，最高達到+5的增強加值，或者為武器增添以下的特殊效果：護身，及遠，幽冥，銳鋒，狂斬，回力，電擊，電爆，尋蹤，追擊，血光。若被詩人加持的武器原本並非魔法武器，在為其增加特殊效果前，必須先給予其至少+1的增強加值。此表演能力取代暗示。	
CATEGORY=Special Ability|Arcane Duelist ~ Mass Bladethirst.MOD	OUTPUTNAME:群體嗜血之刃（Mass Bladethirst）	DESC:.CLEAR	DESC:18級或以上的奧術決鬥者能夠使用他的「嗜血之刃」表演影響距離他30尺內的多位盟友的武器，具體影響的數量按照詩人的意願決定。若同時賦予兩名盟友，此能力提供的加值變為+4，三名則變為+3，四名為+2，五名以上為+1。通過此能力賦予每件武器的能力必須相同。此能力取代群體暗示。	
CATEGORY=Special Ability|Arcane Duelist ~ Arcane Bond.MOD	OUTPUTNAME:奧術聯結（Arcane Bond）	DESC:.CLEAR	DESC:5級時，奧術決鬥者獲得「奧術連結」能力，如同法師的同名能力。在連結一把武器之後，奧術決鬥者每天可以額外施放一個他所知的任意法術。奧術決鬥者不能選擇連結魔寵或者其他類型的物品。在施放含有動作成分的法術時，他仍可以用手持握該武器以避免專注檢定。此能力替代博學。	
CATEGORY=Special Ability|Arcane Duelist ~ Arcane Armor.MOD	OUTPUTNAME:奧術護甲（Arcane Armor）	DESC:.CLEAR	DESC:10級時，奧術決鬥者獲得中甲熟練，並可以在穿戴中甲時忽略施法失敗率。在16級時，奧術決鬥者可以穿戴重甲施法並忽略失敗率。此能力取代萬事通。	
CATEGORY=Special Ability|Archivist ~ Naturalist.MOD	OUTPUTNAME:廣聞博識（Naturalist）	DESC:.CLEAR	DESC:當書卷學者用適當的知識檢定辨認出了一名生物後，他可以在戰鬥中通過表演，與他的盟友分享擊敗對方的策略。任何在書卷學者30英尺內的盟友的AC和攻擊檢定獲得+1洞察加值，對特異能力，超自然能力和類法術能力的豁免檢定也獲得+1洞察加值。這些加值都只在對抗此種怪物時有效（例如：僅在對抗冰巨人時生效，而非對所有巨人或所有人型生物）。此加值在第5級和之後每6級時額外加1。這個基於語言的能力同時依賴視覺和聲音成分運作。此能力替代激發勇氣。	
CATEGORY=Special Ability|Archivist ~ Lamentable Belaborment.MOD	OUTPUTNAME:長篇論述（Lamentable Belaborment）	DESC:.CLEAR	DESC:6級時，書卷學者能夠讓已經被他的表演迷魂的生物進一步變得困惑。使用此能力並不會打斷迷魂的效果，但啟動能力需要一個標準動作（在用以保持迷魂效果的自由動作之外）。目標必須進行一個DC為「10+1/2詩人等級+魅力修正」的意志豁免。成功的豁免檢定會令目標對此能力免疫24小時，但若豁免檢定失敗，目標就會在表演仍持續時一直陷入暈眩或困惑狀態（由書卷學者選定）。若目標承受任何傷害，此效果立即終止。這是一個依賴聲音成分生效的影響心靈能力。此能力替代暗示。	
CATEGORY=Special Ability|Archivist ~ Pedantic Lecture.MOD	OUTPUTNAME:學術講座（Pedantic Lecture）	DESC:.CLEAR	DESC:18級時，書卷學者可以使用「長篇論述」影響被他的表演迷魂的任意數量的生物。此外，在暈眩和困惑之外，他還可以選擇令目標陷入昏睡。此能力取代群體暗示。	
CATEGORY=Special Ability|Archivist ~ Lore Master.MOD	OUTPUTNAME:博學（Lore Master）	DESC:.CLEAR	DESC:第2級時，每天一次，書卷學者可以在任何知識檢定中取20。在2級之後的每6級，他都獲得一次額外的每日使用次數。此能力取代多才多藝。	
CATEGORY=Special Ability|Archivist ~ Magic Lore.MOD	OUTPUTNAME:魔法學識（Magic Lore）	DESC:.CLEAR	DESC:第二級時，書卷學者在用來鑒定魔法物品或解讀卷軸的法術辨識檢定中獲得等同於他詩人等級一半的加值，並且可以在這些檢定中取10。書卷學者可以使用解除裝置來解除魔法陷阱，如同擁有盜賊的尋找陷阱能力，並且在對抗魔法陷阱，依賴語言的魔法效果，徽記，符文，以及任何魔法文字的豁免上獲得+4加值。此能力替代通曉音律。	
CATEGORY=Special Ability|Archivist ~ Jack of All Trades.MOD	OUTPUTNAME:萬事通（Jack of All Trades）	DESC:.CLEAR	DESC:5級或以上的書卷學者能夠使用任何技能，包括正常需要訓練但他未曾受訓的技能在內。11級或以上的書卷學者將所有技能看作職業技能。17級或以上的詩人可以在任何情況下為技能檢定取10，哪怕正常來說這樣做是不被允許的。此能力取代博學。	
CATEGORY=Special Ability|Archivist ~ Probable Path.MOD	OUTPUTNAME:概率應用（Probable Path）	DESC:.CLEAR	DESC:10級時，書卷學者能夠計算出可以用最小代價換取勝利的行動方式。每日1次，他可以在任何D20投骰中取10。在10級之後的每3級，他都獲得1次額外的每日使用次數。此能力取代萬事通。	
CATEGORY=Special Ability|Court Bard ~ Satire.MOD	OUTPUTNAME:譏諷（Satire）	DESC:.CLEAR	DESC:宮廷詩人能夠通過表演削弱敵人的自信。聽到表演的敵人會在攻擊檢定和傷害投骰上承受-1罰值（最低為1），在對抗恐懼和魅惑的豁免檢定上也受到-1罰值。此效果在詩人表演期間一直有效。5級後的每6級，這些罰值都會再加1。「譏諷」是基於語言，並依賴聲音成分生效的影響心靈的效果。此能力取代激發勇氣。	
CATEGORY=Special Ability|Court Bard ~ Mockery.MOD	OUTPUTNAME:愚弄（Mockery）	DESC:.CLEAR	DESC:3級以上的宮廷詩人能夠巧妙的貶低和挖苦他人。詩人需要選定一名正在聆聽他的表演的人，該目標在魅力檢定和基於魅力修正的技能檢定上受到-2罰值。此效果在詩人表演期間一直生效。3級後的每4級，此罰值都會再加1。「愚弄」是基於語言，並依賴聲音成分生效的影響心靈的效果。此能力取代提振技能。	
CATEGORY=Special Ability|Court Bard ~ Glorious Epic.MOD	OUTPUTNAME:壯麗史詩（Glorious Epic）	DESC:.CLEAR	DESC:8級以上的宮廷詩人可以用動人的傳說吸引聽眾的全部注意力。在他30英尺內的敵人必須通過一個DC為「10+1/2詩人等級+魅力修正」的意志豁免，否則會陷入措手不及狀態。成功的豁免可以讓目標在24小時內免疫此能力。「壯麗史詩」基於語言並依賴聲音成分生效。此能力取代末日喪歌。	
CATEGORY=Special Ability|Court Bard ~ Scandal.MOD	OUTPUTNAME:渲染醜聞（Scandal）	DESC:.CLEAR	DESC:14級以上的宮廷詩人可以用惡毒的傳言和刻意歪曲的事實在敵人中引發騷動。每個在30英尺內並且能夠聽到表演的敵人都如同受到「紛爭之歌」法術的影響，且只要他們還能聽到表演，此效果就一直持續。一次成功的DC為「10+1/2詩人等級+魅力修正」的意志豁免可以抵抗此效果，並讓目標在24小時內免疫此能力。「渲染醜聞」是基於語言，並依賴聲音成分生效的影響心靈效果。此能力取代恐懼魔音。	
CATEGORY=Special Ability|Court Bard ~ Heraldic Expertise.MOD	OUTPUTNAME:徽記專精（Heraldic Expertise）	DESC:.CLEAR	DESC:宮廷詩人在交涉，知識（歷史），知識（本地）和知識（貴族）檢定上獲得等同於他詩人等級一半的加值（最少+1）。每天1次，宮廷詩人可以重投以上提到的任意一種技能檢定，但他必須接受重投後的結果，就算比之前的一次更糟。5級之後的每5級，詩人都獲得1次額外的重投機會。此能力替代逸聞知識。	
CATEGORY=Special Ability|Court Bard ~ Wide Audience.MOD	OUTPUTNAME:聲名遠播（Wide Audience）	DESC:.CLEAR	DESC:5級時，宮廷詩人可以選擇用他的吟遊表演影響60英尺錐形範圍內的聽眾，而非30英尺半徑。此外，在5級之後的每5級，詩人表演的影響範圍都會增加10英尺（半徑）或者20英尺（錐形）。若表演原本影響選定的多個目標而非範圍內的全部目標，則詩人在5級之後的每5級都可以額外影響一個目標。只影響一個目標的能力不會因此有所改變。此能力取代博學和萬事通。	
CATEGORY=Special Ability|Detective ~ Careful Teamwork.MOD	OUTPUTNAME:秘密潛入（Careful Teamwork）	DESC:.CLEAR	DESC:偵探的表演能讓盟友保持警戒，協調一致，足以隨時應對突發事件。任何在偵探30英尺內的盟友在先攻，察覺和解除裝置技能上獲得+1洞察加值，持續1小時。在效果持續期間，當他們處於措手不及狀態時，反射豁免和AC也會獲得+1洞察加值。5級後的每6級，這些加值都會再加1。使用此能力需要3整輪的持續表演，並且目標必須能夠看見和聽到詩人。此能力基於語言，並依賴聲音和視覺成分生效。此能力取代激發勇氣。	
CATEGORY=Special Ability|Detective ~ True Confession.MOD	OUTPUTNAME:坦白從寬（True Confession）	DESC:.CLEAR	DESC:9級以上的偵探能夠用表演引誘一個生物說出自己的秘密。使用此能力需要一個成功的察言觀色檢定，以看穿對方的唬騙或精神脅迫狀態。在3整輪的表演之後，目標必須進行一次DC為「10+1/2詩人等級+魅力修正」的意志豁免。成功的豁免讓目標在24小時內免疫此能力。若豁免失敗，說謊者會在無意間揭露他所說的謊言，以及隱藏於其後的真實。處於魅惑或脅迫下的生物會揭開其被控制的事實，並透露控制者的身份（若目標知道控制者是誰），並且獲得一次通過豁免檢定打破控制的機會。此能力基於語言，並依賴聲音成分生效。在15級時，使用此能力只需要2整輪的表演，而20級時只需要1整輪。此能力取代提振戰力。	
CATEGORY=Special Ability|Detective ~ Show Yourselves.MOD	OUTPUTNAME:威迫現身（Show Yourselves）	DESC:.CLEAR	DESC:15級以上的偵探可以通過表演強制令躲藏中的生物現身。所有在詩人30英尺內的敵人都必須進行一個DC為「10+1/2詩人等級+魅力修正」的意志豁免。若豁免失敗，他們必須停止使用隱秘技能，將阻擋在他們和偵探之間的門解鎖並開啟，且如果必要，解消、壓制或解除任何令他們隱身或能夠在偵探面前藏身的魔法效果。只要目標還能聽到表演，他們就不能逃跑或攻擊，直到他們將所有上述的效果都取消。然而，若他們受到攻擊，此脅迫效果立刻終止。只要詩人的表演持續，停留在區域內的生物每輪都必須進行意志豁免。此能力基於語言，並依賴聲音成分生效。此能力取代激發豪情。	
CATEGORY=Special Ability|Detective ~ Eye for Detail.MOD	OUTPUTNAME:明察秋毫（Eye for Detail）	DESC:.CLEAR	DESC:偵探在知識（本地），察覺，察言觀色，以及用於收集信息的交涉技能上獲得等同於他詩人等級一半的加值（最少+1）。此能力取代逸聞知識。	
CATEGORY=Special Ability|Detective ~ Arcane Insight.MOD	OUTPUTNAME:奧術洞悉（Arcane Insight）	DESC:.CLEAR	DESC:2級時，偵探能夠尋找並解除魔法陷阱，如同擁有盜賊的尋找陷阱能力。此外，他在對抗幻術的豁免檢定上獲得+4加值，並在破除誤導和防護探知法術（如魔法靈光，「誤導術」，「迴避偵測」）的施法者等級和豁免檢定上獲得+4加值。此能力取代通曉音律。	
CATEGORY=Special Ability|Detective ~ Arcane Investigation.MOD	OUTPUTNAME:奧術研習（Arcane Investigation）	DESC:.CLEAR	DESC:偵探的職業法術列表在原有的基礎上增加以下法術：1級－偵測陣營；2級－誠實之域；3級－秘法眼、死者交談、植物交談；4級－辨知謊言；5級－窺視魔眼、石言術；6級－感知位置、尋找捷徑、高等窺視魔眼、片刻預知。在2級以及之後每4級，偵探可以將以上法術中的一個或任意一個詩人法術列表中的預言法術加入他的已知法術。此能力取代多才多藝。	
CATEGORY=Special Ability|Magician ~ Dweomercraft.MOD	OUTPUTNAME:咒術祭儀（Dweomercraft）	DESC:.CLEAR	DESC:魔術師能夠通過表演操縱魔法的能量。所有魔術師的盟友在施法者等級檢定，專注檢定，以及法術和類法術能力的命中檢定上獲得+1加值。5級後的每6級，這些加值都會再加1。此能力依賴聲音和視覺成分生效。此能力取代激發勇氣。	
CATEGORY=Special Ability|Magician ~ Spell Suppression.MOD	OUTPUTNAME:破法之音（Spell Suppression）	DESC:.CLEAR	DESC:8級以上的魔術師能夠用表演反制敵人的法術。當詩人開始表演後，他需要記錄本次表演所持續的輪數。在表演中，他可以用一個直覺動作嘗試反制任何他以辨識法術成功識別的法術，只要此法術的等級小於或等於他持續表演「破法之音」的輪數。這次反制視同使用解除魔法，並使用詩人的等級作為施法者等級。若反製成功，詩人的表演立刻結束。此能力依賴聲音成分生效，並取代末日喪歌。	
CATEGORY=Special Ability|Magician ~ Metamagic Mastery.MOD	OUTPUTNAME:超魔精通（Metamagic Mastery）	DESC:.CLEAR	DESC:14級以上的魔術師可以用表演為他所要施展的法術附加一個超魔專長，但不會增加施法所需時間。詩人仍需消費更高等級的法術位以使用該超魔法術。施展此超魔法術會立刻中止表演。此能力依賴聲音成分生效，並取代恐懼魔音。	
CATEGORY=Special Ability|Magician ~ Magical Talent.MOD	OUTPUTNAME:天賦異稟（Magical Talent）	DESC:.CLEAR	DESC:魔術師在知識（奧秘），辨識法術和使用魔法裝置技能上獲得等同於他詩人等級一半的加值。此能力取代逸聞知識。	
CATEGORY=Special Ability|Magician ~ Extended Performance.MOD	OUTPUTNAME:餘音繞樑（Extended Performance）	DESC:.CLEAR	DESC:2級以上的魔術師能夠用一個迅捷動作耗費一個法術位，讓吟遊表演的效果在他停止專注後依舊生效。吟遊表演的效果會延長等同於犧牲法術位等級的輪數。每個表演只能耗費一個法術位來延長，並且在特定輪數之後才會生效的表演無法被延長。此能力取代通曉音律。	
CATEGORY=Special Ability|Magician ~ Expanded Repertoire.MOD	OUTPUTNAME:博覽群書（Expanded Repertoire）	DESC:.CLEAR	DESC:在2級以及之後每4級，魔術師可以從任何奧術施法者職業的法術列表中選取一個法術並加入他的已知法術。詩人的等級必須足以施展此法術才能選取。此能力取代多才多藝。	
CATEGORY=Special Ability|Magician ~ Arcane Bond.MOD	OUTPUTNAME:奧術聯結（Arcane Bond）	DESC:.CLEAR	DESC:5級時，魔術師獲得「奧術連結」能力，如同法師的同名能力，但他不能選擇連結魔寵或者武器。此能力替代博學。	
CATEGORY=Special Ability|Magician ~ Wand Mastery.MOD	OUTPUTNAME:魔杖精通（Wand Mastery）	DESC:.CLEAR	DESC:10級以上的魔術師在使用魔杖時可以用他的魅力修正決定魔杖的豁免DC。在此基礎上，16級以上的魔術師還可以用自身的施法者等級替換魔杖原本的施法者等級。此能力取代萬事通。	
CATEGORY=Special Ability|Sandman ~ Stealspell.MOD	OUTPUTNAME:偷天換日（Stealspell）	DESC:.CLEAR	DESC:睡魔能夠通過表演偷取敵人的法術，並將它們加入自己的已知法術列表。當開始表演之後，睡魔可以用標準動作進行一次接觸攻擊，以偷取另一名生物的一個準備好的或已知的法術。目標可以進行一次DC為「10+1/2詩人等級+魅力修正」的意志豁免以抵抗此效果。睡魔可以選擇偷取特定的法術，但若目標並未擁有該法術，表演立刻中止。若非如此，此能力將隨機偷取一個法術，但永遠會偷取在詩人能夠釋放的法術級別內，對方等級最高的法術。作為結果，目標會失去已準備好的或者已知的法術，而睡魔在表演仍持續期間將此法術加入他的已知法術列表，並可以使用自己的法術位來釋放此法術。施放並不會消耗被偷取的法術，並且當表演中止時，法術會被交還給原本的擁有者。若詩人在已經偷取一個法術的時候偷取了另一個法術，則前一個法術會立刻被返還給它的原本擁有者。此能力依賴視覺成分生效，並取代激發勇氣。	
CATEGORY=Special Ability|Sandman ~ Slumber Song.MOD	OUTPUTNAME:夢魘之歌（Slumber Song）	DESC:.CLEAR	DESC:6級以上的睡魔能夠用表演讓已經被他迷魂的生物陷入沉眠（如同「深度睡眠」法術，但沒有HD上限）。除去效果是睡眠以外，此能力的作用方式如同暗示。此表演取代暗示。	
CATEGORY=Special Ability|Sandman ~ Dramatic Subtext.MOD	OUTPUTNAME:弦外之音（Dramatic Subtext）	DESC:.CLEAR	DESC:9級以上的睡魔能夠運用表演，在施展法術時隱藏容易引人注意的視覺或聲音成分。觀察者必須成功的用察覺技能對抗睡魔的手上工夫技能，才能發覺睡魔正在施展法術（儘管本次施法依舊會引發藉機攻擊）。在施展一個法術前，詩人必須持續此表演2輪或以上，否則他的施法會被輕易察覺且表演中止。此能力取代提振戰力。	
CATEGORY=Special Ability|Sandman ~ Greater Stealspell.MOD	OUTPUTNAME:高等偷天換日（Greater Stealspell）	DESC:.CLEAR	DESC:在15級時，睡魔偷取敵人法術的能力會更進一步。當目標豁免失敗後，睡魔能夠獲知對方的法術抗力（若有），以及對方所有準備或已知的法術。在那之後，睡魔可以選擇偷取其中一個法術；他也可以放棄偷取法術，代之以降低目標等同自身詩人等級一半的法術抗力，並且在表演持續期間獲得等同於此數值的法術抗力。若他再一次偷取法術抗力，此抗力與之前的法術抗力疊加。若他偷取一個法術或停止表演，被偷取的法術抗力會立刻返還給原本的擁有者。此能力取代激發豪情。	
CATEGORY=Special Ability|Sandman ~ Mass Slumber Song.MOD	OUTPUTNAME:群體夢魘之歌（Mass Slumber Song）	DESC:.CLEAR	DESC:18級以上的睡魔能夠用安眠曲影響距離他30英尺內，並已經被他迷魂的任意數量的生物。此能力的作用方式如同「群體暗示」，並且取代群體暗示能力。	
CATEGORY=Special Ability|Sandman ~ Spell Catching.MOD	OUTPUTNAME:魔力攫取（Spell Catching）	DESC:.CLEAR	DESC:20級時，成功豁免了一個僅以自己為目標（即不包括範圍法術）的法術或類法術能力的睡魔，可以用一個直覺動作進行此表演。他必須進行一個DC為「10+所承受法術的施法者等級」的施法者等級檢定。若檢定成功，睡魔能夠不受傷害的吸收該法術，並立即施放此法術（使用原本施放者的施法者等級和豁免DC）或者任何他所知的等於或低於該法術等級的法術。使用此能力所消耗的每日表演輪數等同於被捕捉法術的等級，且就算檢定失敗也會消耗輪數。此能力取代奪命表演。	
CATEGORY=Special Ability|Sandman ~ Master of Deception.MOD	OUTPUTNAME:詭騙大師（Master of Deception）	DESC:.CLEAR	DESC:睡魔在唬騙，手上工夫和隱秘技能上獲得等同於他詩人等級一半的加值。他還可以使用解除裝置來解除魔法陷阱，如同擁有盜賊的尋找陷阱能力。此能力取代逸聞知識。	
CATEGORY=Special Ability|Sandman ~ Sneakspell.MOD	OUTPUTNAME:法術偷襲（Sneakspell）	DESC:.CLEAR	DESC:2級時，睡魔在對失去敏捷加值的目標施放法術或使用吟遊表演的時候，DC+1。此加值在10級時提升到+2，並在18級時提升到+3。此外，在6級時，睡魔在擊破此類目標（失去敏捷加值者）的法術抗力時，施法者等級檢定獲得+2加值；此加值在14級時提升到+4。此能力取代多才多藝。	
CATEGORY=Special Ability|Sandman ~ Trap Sense.MOD	OUTPUTNAME:陷阱感知（Trap Sense）	DESC:.CLEAR	DESC:3級時，睡魔在對抗陷阱的反射豁免上獲得+1加值，在對抗陷阱的AC上獲得+1閃避加值。這些加值在3級之後的每3級都會額外增加1。此能力取代提振技能。	
CATEGORY=Special Ability|Sandman ~ Sneak Attack.MOD	OUTPUTNAME:偷襲（Sneak Attack）	DESC:.CLEAR	DESC:5級時，睡魔在攻擊30英尺內被他夾擊或者失去了AC上的敏捷加值的目標時，可以造成1d6點額外傷害。此加值5級之後的每5級都會額外增加1d6。此能力取代博學。	
CATEGORY=Special Ability|Savage Skald ~ Inspiring Blow.MOD	OUTPUTNAME:戰吼（Inspiring Blow）	DESC:.CLEAR	DESC:蠻荒歌者會在給予敵人沉重打擊時發出勝利的戰吼。每當他確認了一次重擊後，他可以用一個直覺動作開始此表演（並且會中止任何其他的表演）。他獲得等同於他魅力修正（若為正）點數的臨時生命值，且在他的下一輪開始前，所有在他30英尺內的盟友的下一次攻擊檢定都會獲得+1士氣加值。詩人獲得的臨時生命值會一直保留，直到他結束此表演。此表演取代迷魂。	
CATEGORY=Special Ability|Savage Skald ~ Incite Rage.MOD	OUTPUTNAME:激發狂暴（Incite Rage）	DESC:.CLEAR	DESC:6級以上的蠻荒歌者能夠將誘使在他30英尺內的一名生物進入狂暴的狀態。此效果的運作方式如同「狂暴術」，並且只要目標還能聽到詩人的表演就一直持續。然而，非自願的生物只有在DC為「10+1/2詩人等級+魅力修正」的意志豁免失敗後才會受到影響。成功的豁免可以讓目標在24小時內免疫此能力。詩人不能對自己使用此能力。若此能力目標擁有狂暴職業能力，則它可以立即進入狂暴且在詩人持續表演期間一直狂暴，並且不消耗每日的狂暴輪數。這是一個依賴聲音成分運作的影響心靈的能力。此表演取代暗示。	
CATEGORY=Special Ability|Savage Skald ~ Song of the Fallen.MOD	OUTPUTNAME:英靈樂章（Song of the Fallen）	DESC:.CLEAR	DESC:10級起，蠻荒歌者能夠複製出「瓦爾哈拉之號角」的效果。此能力需要10輪連續的表演，而呼喚出的野蠻人戰士在10級時等同於銀號角，13級起如同黃銅號角，16級起如同青銅號角，在19級以上時如同鐵號角。此能力依賴聲音成分生效，並取代萬事通。	
CATEGORY=Special Ability|Savage Skald ~ Berserkergang.MOD	OUTPUTNAME:狂戰士之心（Berserkergang）	DESC:.CLEAR	DESC:12級起，蠻荒歌者能夠將一種強烈的戰意賦予友方，讓他們因此忽略一切疼痛，震懾和恐懼效果。此能力在12級時可以影響一個目標，並在12級之後每過3級就可以多影響一個目標。被影響的目標同時獲得5/-的傷害減免（對於非致命傷害是10/-）；此獎勵可以與野蠻人職業提供的傷害減免所疊加。這是一個依賴聲音成分運作的影響心靈的能力，並取代安神。	
CATEGORY=Special Ability|Savage Skald ~ Battle Song.MOD	OUTPUTNAME:戰鬥號角（Battle Song）	DESC:.CLEAR	DESC:18級起，當蠻荒歌者使用「激發狂暴」時，他可以同時影響30英尺內的所有盟友。此表演取代群體暗示。	
CATEGORY=Special Ability|Sea Singer ~ Sea Shanty.MOD	OUTPUTNAME:水手號子（Sea Shanty）	DESC:.CLEAR	DESC:海之詠者能夠驅除長途航行帶來的疲勞和疾患。在他表演水手號子的每一輪，他都需要進行一次表演技能檢定。在他30英尺內的盟友（包括海之詠者自己）可以選擇使用表演技能檢定的結果代替對抗力竭，疲乏，反胃或噁心的豁免檢定。若某人已經處於這些狀態下，則他可以獲得一次新的豁免機會，並使用詩人的表演檢定作為豁免結果。水手號子無法對持續時間為立即的效果，或者不允許豁免的效果起作用。此能力依賴聲音成分生效，並取代破咒曲。	
CATEGORY=Special Ability|Sea Singer ~ Still Water.MOD	OUTPUTNAME:寧靜祈禱（Still Water）	DESC:.CLEAR	DESC:3級起，海之詠者能夠通過表演，讓自己周圍30英尺內的波浪平息。只要詩人持續此表演，就可以降低專業（水手），游泳，以及在船上的特技和攀爬檢定的DC，降低的數值等同於詩人的等級，但最終的DC不會小於10。若他連續進行10輪表演，他可以將這個效果延長到1小時。此能力依賴聲音成分生效，並取代提振技能。	
CATEGORY=Special Ability|Sea Singer ~ Whistle the Wind.MOD	OUTPUTNAME:風之低語（Whistle the Wind）	DESC:.CLEAR	DESC:6級以上的海之詠者能夠用表演創造一陣強風，如同「造風術」。只要詩人繼續表演，風就會一直持續。若詩人連續表演5輪，他可以讓風的持續時間增加到1分鐘。此表演取代暗示。	
CATEGORY=Special Ability|Sea Singer ~ Call the Storm.MOD	OUTPUTNAME:風暴呼喚（Call the Storm）	DESC:.CLEAR	DESC:18級以上的海之詠者能夠用表演複製「操縱水位」，「操控天氣」，「操縱風向」或者「復仇風暴」的效果，並使用他的詩人等級作為施法者等級。使用此能力需要持續表演等同於所要施展的法術等級的輪數（法術等級依據德魯伊的法術列表判定）。這些效果在詩人表演期間一直持續（控制天氣的效果會立即生效），但不會長於法術原本的持續時間。此表演取代群體暗示。	
CATEGORY=Special Ability|Sea Singer ~ World Traveler.MOD	OUTPUTNAME:四海遍行（World Traveler）	DESC:.CLEAR	DESC:海之詠者在知識（地理），知識（本地），知識（自然）和語言學技能上獲得等同於他詩人等級一半的加值。每日一次，他還可以重投以上檢定，但必須接受重投之後的結果，就算比第一次更糟也一樣。在5級以及5級之後的每5級，詩人都會獲得1次額外的每日重投機會。此能力取代逸聞知識。	
CATEGORY=Special Ability|Sea Singer ~ Familiar.MOD	OUTPUTNAME:魔寵（Familiar）	DESC:.CLEAR	DESC:2級時，海之詠者獲得一隻奇異的寵物——猴子或者鸚鵡（看作渡鴉）。此寵物擁有法師的魔寵的獎勵能力，並將海之詠者的詩人等級看作法師等級來計算。此能力取代多才多藝。	
CATEGORY=Special Ability|Sea Singer ~ Sea Legs.MOD	OUTPUTNAME:以海為家（Sea Legs）	DESC:.CLEAR	DESC:2級起，海之詠者在對抗空氣和水的效果（譯者註：大概是指包含「氣」和「水」描述符的法術和特殊能力），以及會造成海之詠者滑倒，被摔絆，或因為其他原因倒地的豁免上獲得+4加值。同時，他在對抗擒抱，闖越和摔絆的CMD檢定上也獲得+2加值。此能力取代通曉音律。	
CATEGORY=Special Ability|Street Performer ~ Disappearing Act.MOD	OUTPUTNAME:轉移目光（Disappearing Act）	DESC:.CLEAR	DESC:街頭藝人能夠用表演讓他人轉移對同伴的注意力。所有在詩人30英尺內並在DC為「10+1/2詩人等級+魅力修正」的意志豁免中失敗的生物，會將詩人所選定的一個生物看作隱形。此表演在5級以及之後的每6級時都可以多讓一個生物被看作隱形。若被選定的生物進行了任何會讓他們顯形的動作，則他們會在所有人眼裡顯形。詩人不能對選定自己作為能力的目標。這是一個依賴視覺成分生效的影響心靈的能力。此表演取代激發勇氣。	
CATEGORY=Special Ability|Street Performer ~ Harmless Performer.MOD	OUTPUTNAME:毫不起眼（Harmless Performer）	DESC:.CLEAR	DESC:3級起，街頭藝人能夠用表演讓自己顯得軟弱而不值得被攻擊。在進行此表演時，每當一名敵人嘗試將街頭藝人作為目標，此敵人必須通過一個DC為「10+1/2詩人等級+魅力修正」的意志豁免，否則在本輪就無法對詩人進行攻擊，如同「聖域術」的效果。敵人會失去他選定詩人作為目標的那一次攻擊，但仍舊可以用餘下的攻擊次數去攻擊其他目標。若敵人將街頭藝人作為法術的目標，則他必須通過一個等同於意志豁免DC的專注檢定，否則就會失去該法術。若檢定成功，他可以選擇用此法術瞄準另一個目標。這是一個依賴視覺和聲音成分生效的影響心靈的能力。此表演取代提振技能。	
CATEGORY=Special Ability|Street Performer ~ Madcap Prank.MOD	OUTPUTNAME:惡作劇（Madcap Prank）	DESC:.CLEAR	DESC:9級起，街頭藝人能夠用表演令30尺內的一個目標出醜。他可以令目標的衣服變皺，讓頭飾掉下來擋住眼睛，甚至滑倒或摔倒——諸如此類。在目標能夠聽到或看到詩人表演的每一輪，他都必須通過一個DC為「10+1/2詩人等級+魅力修正」的反射豁免，否則就必須每輪受到以下效果的隨機一種：目盲，目眩，耳聾，糾纏，倒地，反胃。每種效果都持續1輪時間。此表演取代提振戰力。	
CATEGORY=Special Ability|Street Performer ~ Slip through the Crowd.MOD	OUTPUTNAME:腳底抹油（Slip through the Crowd）	DESC:.CLEAR	DESC:15級起，街頭藝人的表演允許被選定的目標不受阻礙的穿過擁擠的方格以及被敵人佔據的方格。被影響的生物視同擁有「高等隱形」的效果，但每次敵人受到目標的攻擊，都可以獲得一次新的豁免檢定機會以發現對方。此表演取代激發豪情。	
CATEGORY=Special Ability|Street Performer ~ Gladhanding.MOD	OUTPUTNAME:誘導人心（Gladhanding）	DESC:.CLEAR	DESC:街頭藝人在使用表演檢定工作時所獲得的收入加倍。此外，以一個標準動作，他可以使用唬騙技能代替交涉技能，在1分鐘內改善目標的態度——雖然效果結束後，目標的態度會變為比原本的更壞一個等級。此能力取代破咒曲。	
CATEGORY=Special Ability|Street Performer ~ Streetwise.MOD	OUTPUTNAME:市井之智（Streetwise）	DESC:.CLEAR	DESC:街頭藝人在唬騙，易容，知識（本地），手上工夫，用於影響群眾的交涉或威嚇檢定，以及用於收集信息的交涉技能檢定上獲得等同於他詩人等級一半的加值（最少+1）。此能力取代逸聞知識。	
CATEGORY=Special Ability|Street Performer ~ Quick Change.MOD	OUTPUTNAME:千面（Quick Change）	DESC:.CLEAR	DESC:5級起，街頭藝人可以在檢定上承受-5罰值，用一個標準動作進行易容。他可以在唬騙和易容檢定中取10，並可以用一個迅捷動作，通過唬騙轉移目標的注意力以進行躲藏。每日1次，他還可以在唬騙和易容檢定中取20，且在5級之後的每6級，他都會獲得1次額外的每日次數。此能力取代博學。	
CATEGORY=Special Ability|Shadow Puppeteer ~ Shadow Servant.MOD	OUTPUTNAME:影之僕役（Shadow Servant）	DESC:.CLEAR	DESC:1級起，陰影操偶師能夠創造影之僕役來執行簡單的工作。影之僕役與『隱形僕役（Unseen Servant）』類似（施法者等級等同於陰影操偶師的吟遊詩人等級），不過它呈現為一團不定型的陰影。影之僕役具有視覺成分。	
CATEGORY=Special Ability|Shadow Puppeteer ~ Shadow Puppets.MOD	OUTPUTNAME:皮影戲（Shadow Puppets）	DESC:.CLEAR	DESC:1級起，陰影操偶師能夠通過吟遊表演創造近乎真實的陰影生物，它類似於『召喚怪物I』法術列表中的怪物。這些陰影生物在其他方面運作如同『幽影咒法術（Shadow Conjuration）』一般，與這些生物有互動的目標需要進行一次DC為「10+1/2吟遊詩人等級+魅力修正」的意志豁免，它們對成功豁免的人來說只有20%%的真實度。4級以及之後的每3個等級，該能力如同更高1環的『召喚怪物』法術一般運作（4級時作為『召喚怪物II』，以此類推）。	
CATEGORY=Special Ability|Prankster ~ Mock.MOD	OUTPUTNAME:嘲弄（Mock）	DESC:.CLEAR	DESC:1級時，搗蛋鬼可以使用他的表演讓一個或更多的敵人對他感到憤怒。被嘲弄的每個生物必須彼此相距不超過90尺，且可以看見，聽見並理解搗蛋鬼，並且能夠將注意力放在搗蛋鬼身上。搗蛋鬼也必須能看到受影響的生物。在1級之後的每4級，搗蛋鬼都可以用此能力影響一個額外的目標。每個範圍內的生物都必須進行一個DC為「10+1/2搗蛋鬼等級+魅力修正」的意志豁免以忽略該效果。若一個生物成功豁免，搗蛋鬼在24小時內將不能對該生物進行成功的嘲弄。若豁免失敗，該生物將因表演感到惱怒，並且想方設法傷害搗蛋鬼。只要搗蛋鬼維持【嘲弄】，目標便會在所有的攻擊擲骰和技能檢定上承受-2罰值，直到它以一次進站或遠程攻擊成功命中搗蛋鬼，或用法術對搗蛋鬼造成傷害。嘲弄是一個影響心靈的惑控系（脅迫）能力。【嘲弄】需依靠聽覺和視覺成分才能發揮作用。這一能力取代迷魂。	
CATEGORY=Special Ability|Prankster ~ Punchline.MOD	OUTPUTNAME:妙語連珠（Punchline）	DESC:.CLEAR	DESC:6級時，搗蛋鬼可以運用他的表演能力來講述一串妙語，娛樂一名已被他嘲弄的生物（見上文），使他受到如同『狂笑術』的效果。使用這一能力不會打斷「嘲弄」的效果，但是需要花費一個標準動作啟動（這是在維持【嘲弄】效果的自由動作之外的動作）。一名搗蛋鬼可以在一次單獨的表演中對單獨生物使用不止一次該能力。講述一串妙語並不會花費搗蛋鬼的每日吟遊表演次數。一個成功的DC為「10+1/2搗蛋鬼等級+魅力修正」的意志豁免可以抵消【妙語連珠】的效果。這一能力僅能對一名單獨生物生效。【妙語連珠】是一個基於聽覺成分和語言的、影響心靈的惑控系（脅迫）能力。這一能力取代暗示。	
CATEGORY=Special Ability|Prankster ~ Mass Punchline.MOD	OUTPUTNAME:群體妙語連珠（Mass Punchline）	DESC:.CLEAR	DESC:這一能力如同【妙語連珠】般作用，但是允許18級或更高等級的搗蛋鬼同時對任意數量的他所嘲弄的生物使用『狂笑術』。這一能力取代群體暗示。	
CATEGORY=Special Ability|Prankster ~ Swap.MOD	OUTPUTNAME:偷梁換柱（Swap）	DESC:.CLEAR	DESC:搗蛋鬼可以從一名生物那裡偷竊一件物品，並用手中的一件大小相仿或更小的物品來替換之。這一能力如同盜取戰技般運作，但是搗蛋鬼並不會引起藉機攻擊，並且可以用巧手檢定代替戰技檢定。弱搗蛋鬼的檢定高出目標的CMD至少10點，目標會對換物毫不知情，直到他嘗試使用被置換的物品，或是他的下輪結束（以先發生者為準）。這一能力取代博學。	
CATEGORY=Special Ability|Watersinger ~ Watersong.MOD	OUTPUTNAME:水之歌（Watersong）	DESC:.CLEAR	DESC:1級起，水之歌者能夠使用吟遊表演操控30尺範圍內水的形狀。成功的表演檢定能夠使他控制邊長5尺的立方的水。水之歌者可以以各種形式操控水，使其彎曲、上升、下降或維持在某種形狀下，還能用水托起物品，彷彿它是固體冰塊一般。例如，水之歌者能夠創造一根水柱（提供遮蔽）、梯子、通道、橋樑、樓梯、滑梯等等。被操縱的水就好像冰塊一樣滑。該能力無法創造比正常的冰雕更脆弱或複雜的形態。在水之歌者的操控下，這些水每英吋厚擁有0點硬度以及3點HP。3級起以及之後的每3個吟遊詩人等級，水的硬度增加1點。在5級，10級，15級以及20級時，能夠操縱的水的體積增加邊長5尺的立方（這些體積必須彼此相鄰）。這些被操縱的水在水之歌者停止專注於吟遊表演後能夠在1輪內維持其形狀。該能力取代迷魂，暗示以及群體暗示。	
CATEGORY=Special Ability|Watersinger ~ Lifewater.MOD	OUTPUTNAME:生命之水（Lifewater）	DESC:.CLEAR	DESC:5級起，水之歌者能夠以一個標準動作，並花費1輪吟遊表演操作其他生物身體中的水分，血液或者其他液體，使其噁心1d4輪。此外，他也使用該能力嘗試移位戰技，使用他的基本攻擊加值以及魅力修正作為CMB。該能力的範圍為30尺，只能作用於體內有液體的生物，並且對免疫重擊的生物無效。該表演取代5級的博學（雖然水之歌者能夠在11級獲得每天使用1次【博學】的機會，在17級每天使用2次）。	
CATEGORY=Special Ability|Watersinger ~ Watersinger Spells.MOD	OUTPUTNAME:水之歌者法術（Watersinger Spells）	DESC:.CLEAR	DESC:水之歌者獲得一些以水為主題的法術加入到他的法術列表中。當他的吟遊詩人等級達到能夠施放以下法術的等級時，他會立刻將這些法術加入其法術列表。	
CATEGORY=Special Ability|Animal Speaker ~ Animal Friend.MOD	OUTPUTNAME:動物之友（Animal Friend）	DESC:.CLEAR	DESC:獸之奏者可以選擇一個種類的動物像是猿、獾、熊、豬、貓、蛇或諸如此類的生物，他對他所選取的動物在馴養動物檢定上有+4的加值。此類生物對他的起始態度最低為冷漠，而且永遠不會攻擊獸語者，除非獸之奏者先襲擊他。受到魔法影響的此類生物可以在指使下攻擊獸之奏者，但是其主人必須通過一次和獸之奏者的魅力對抗檢定並且勝出。其主人每輪可以嘗試一次魅力檢定直到他勝出為止，控制者勝出之後其所控制的生物就不會受到「動物之友」的影響。一些有超自然模板的動物（例如煉獄模板）也可以透過在魅力對抗中勝出以攻擊獸之奏者，並在此檢定中有+4的加值。此能力對非動物類的生物無效。此能力取代迷魂。	
CATEGORY=Special Ability|Animal Speaker ~ Nature's Speaker.MOD	OUTPUTNAME:自然低語者（Nature's Speaker）	DESC:.CLEAR	DESC:5級、11級和17級，獸之奏者可以多選擇一種類型的動物到他的「動物之友」類別之中，並且可以如同「動物交談」的效果般和這些種類的動物交談。此能力取代通曉音律。	
CATEGORY=Special Ability|Animal Speaker ~ Soothing Performance.MOD	OUTPUTNAME:平撫野性（Soothing Performance）	DESC:.CLEAR	DESC:3級時，獸之奏者可以透過吟遊詩人表演影響動物。此能力等同於德魯伊的野性認同，不過他得消耗1輪的吟遊詩人表演並骰交涉檢定。如果獸之奏者在其他職業獲得野性認同的話，在影響動物時，他可以將這些職業等級加到表演檢定的結果上。此能力取代提振技能。	
CATEGORY=Special Ability|Animal Speaker ~ Attract Rats.MOD	OUTPUTNAME:吸引鼠群（Attract Rats）	DESC:.CLEAR	DESC:5級時，獸之奏者可以透過吟遊詩人表演召喚1d3的老鼠群集，只要他持續表演，群集就會持續存在。11級時，他可以呼喚2d3個鼠群，並賦予這些老鼠群集進化模板。17級時，鼠群的數量增加到3d3。此能力取代博學。	
CATEGORY=Special Ability|Animal Speaker ~ Summon Nature's Ally.MOD	OUTPUTNAME:召喚自然盟友（Summon Nature's Ally）	DESC:.CLEAR	DESC:1級時，獸之奏者將「召喚自然盟友I」加到他的法術列表和已知法術中，4級時（當他可以使用2級法術時）加入「召喚自然盟友II」，之後的每3級則多添加符合該級數的召喚自然盟友，直到16級時習得「召喚自然盟友VI」至他的6級法術列表和已知法術。	
CATEGORY=Special Ability|Celebrity ~ Famous.MOD	OUTPUTNAME:出名（Famous）	DESC:.CLEAR	DESC:1級時，明星可以選擇一個他出名的地區，在此區域中，其他人對他的反應會更為積極，他在此區域中的交涉與威嚇檢定將會獲得加值，同時也讓他更容易影響人群。1級時，此地區可以包含總共1000人或更少的小區，同時交涉和威嚇加值為+1。隨著明星越來越出名，聽到他名聲的地區也越來越多（他居住或曾經旅行過的地區，還有那些與他居住地相鄰且知道他的區域）。5級時，這些受影響區域的總和人口為5000或更少，加值也由+1提升到+2。9級時，他的歌迷們增加到25000人，加值上升到+3。13級，他可以影響的人數增加到10萬，加值變成+4。17級，他的影響力無遠弗屆，幾乎所有人都知道他的存在（GM決定），加值則上升到+5。此能力取代激發勇氣。	
CATEGORY=Special Ability|Celebrity ~ Gather Crowd.MOD	OUTPUTNAME:聚集群眾（Gather Crowd）	DESC:.CLEAR	DESC:5級時，明星已經熟於利用他的表演聚集觀眾。在他出名的區域，他可以透過叫喊、表演、歌唱或其他方式讓人群注意到他的存在，並且聚集到他的身旁。能聚集的群眾數量受限於社群的大小，不過通常為「1/2明星等級×表演檢定結果」。群眾將會在之後的1d10輪之內聚集完成，如果他在影響群眾的互動中失敗，那麼人群會在之後的1d10輪內消散。此能力取代博學。	
CATEGORY=Special Ability|Celebrity ~ Shining Star.MOD	OUTPUTNAME:閃耀巨星（Shining Star）	DESC:.CLEAR	DESC:8級時，明星對於群眾的展控甚至可以讓他們在潛在危險存在時專注於他。當他使用迷魂能力的時候，一個生物因受威脅而獲得重新豁免機會時，該豁免檢定必須承受-4的減值；即便是明確的威脅也只會讓群眾得到1次豁免的機會，而不會立即中斷表演。被迷魂影響的生物們將免疫戰慄效果。此能力取代末日喪歌。	
CATEGORY=Special Ability|Demagogue ~ Famous.MOD	OUTPUTNAME:出名（Famous）	DESC:.CLEAR	DESC:一級時，煽動者得到類似明星的職業特性，但此能力提供唬騙和威嚇加值，取代交涉和威嚇加值。此能力取代激發勇氣。	
CATEGORY=Special Ability|Demagogue ~ Gather Crowd.MOD	OUTPUTNAME:聚集群眾（Gather Crowd）	DESC:.CLEAR	DESC:5級時，煽動者可以迅速的聚集人群，此能力同明星的同名能力並取代博學。	
CATEGORY=Special Ability|Demagogue ~ Incite Violence.MOD	OUTPUTNAME:煽起怒火（Incite Violence）	DESC:.CLEAR	DESC:6級時，煽動者可以利用他的表演讓受到他迷魂影響的群眾陷入狂暴。使用此能力並不會打亂迷魂的效果，但需要通過一個標準動作來啟動此效果。吟遊詩人可以選擇相當於他等級的人數受到狂怒的影響，這些人必須通過DC為「10+1/2詩人等級+魅力修正」的意志豁免，否則在之後相當於煽動者等級的輪數中將會受到「狂暴術」的影響。吟遊詩人只須表明誰才是預定的暴動目標，然後憤怒的人群就會盡其所能的襲擊該目標，這個目標可以是一個人（「殺了國王！」）也可以是個對象（「拆了監獄！」「推倒那座雕像！」）。人群中的其他人可能會加入行動，儘管他們並沒有受到「狂暴術」的影響。這是聲音影響效果並且會受到「破咒曲」影響，如果有兩個吟遊詩人打算引導群眾攻擊不同的目標，他們必須進行魅力對抗，勝出者將領導群眾。此能力取代暗示。	
CATEGORY=Special Ability|Demagogue ~ Righteous Cause.MOD	OUTPUTNAME:大義在我（Righteous Cause）	DESC:.CLEAR	DESC:18級時，煽動者可以煽起眾人的情緒並且讓他們朝著一個目標前進。首先，他必須使群眾陷入迷魂之中，並發起「煽起怒火」，不過並不指定目標，此時他就可以發動「大義在我」。他用給予群眾目的取代煽起憤怒，受迷魂影響的生物可以通過DC為「10+1/2詩人等級+魅力修正」的意志豁免以否定此效果，豁免失敗的群眾將受到「群體暗示術」的影響，並在整整一天之內認為此理想與他們同在。使用這個能力的典形狀況像是推翻國王，發起革命，引發叛亂，或是發起一些對大眾有利的事項，例如建設孤兒院或是捐獻。此能力取代群體暗示。	
CATEGORY=Special Ability|Dirge Bard ~ Dance of the Dead.MOD	OUTPUTNAME:屍骸之舞（Dance of the Dead）	DESC:.CLEAR	DESC:10級時，哀歌詠者可以用表演喚起已死的白骨或屍體，賦予他們行走能力並為他而戰。此能力類似「操縱死屍」，但喚起的骷髏或殭屍只在表演期間存在，一但表演結束，這些不死生物就會化為腐肉，屍骸無法被此能力操縱一次以上。和「操縱死屍」不同的是，此能力不需要任何法術材料，同時也不是一個邪惡的行為。此能力取代萬事通。	
CATEGORY=Special Ability|Dirge Bard ~ Haunted Eyes.MOD	OUTPUTNAME:鬼魂面容（Haunted Eyes）	DESC:.CLEAR	DESC:2級時，哀歌詠者在對抗恐懼、能量吸取、死亡效應和死靈法術效果時豁免檢定得到+4的加值。此能力取代通曉音律。	
CATEGORY=Special Ability|Dirge Bard ~ Secrets of the Grave.MOD	OUTPUTNAME:墳場奧秘（Secrets of the Grave）	DESC:.CLEAR	DESC:2級時，哀歌詠者在他鑒定不死生物類型和異能的知識檢定上得到吟遊詩人等級一半的加值，同時他能對不死生物施展心志影響的法術，即便對方沒有心靈。但是他沒辦法對不死生物施放只對人型生物有效的法術，哪怕對方生前曾是人類。此外，在2級還有之後的每4級，他可以添加一個死靈法術到他的已知法術列表，這個法術必須是符合他法術等級而且可以施展的。此能力取代多才多藝。	
CATEGORY=Special Ability|Dirge Bard ~ Haunting Refrain.MOD	OUTPUTNAME:陰魂繚繞（Haunting Refrain）	DESC:.CLEAR	DESC:5級時，哀歌詠者有辦法在聽眾的心中激起死亡的恐懼，他可以在使人動搖的威嚇檢定中用鍵盤類或打擊樂器類表演取代威嚇，並得到相當於他等級一半的加值。此外，對抗哀歌詠者造成恐懼效果的豁免骰必須承受-2的減值，在之後每五級此減值再加1。此能力取代博學。	
CATEGORY=Special Ability|Geisha ~ Tea Ceremony.MOD	OUTPUTNAME:茶道（Tea Ceremony）	DESC:.CLEAR	DESC:透過花費10分鐘準備一場技術精湛的茶會，藝妓可以使他的盟友得到激發勇氣、激發技能、提振戰力或激發豪情的效果之一，此效果持續10分鐘的時間。藝妓必須為每一個參予茶會的人花費4輪的吟遊詩人表演輪數。	
CATEGORY=Special Ability|Geisha ~ Geisha Knowledge.MOD	OUTPUTNAME:藝妓知識（Geisha Knowledge）	DESC:.CLEAR	DESC:藝妓在他的工藝（書法）、交涉、知識（貴族）和一種表演檢定（舞劇、舞蹈、演講、打擊樂、絃樂或歌唱）上得到相當於其等級一半的加值（最少為1），他可以在未受訓的情況下使用這些技能。此能力取代逸聞知識。	
CATEGORY=Special Ability|Songhealer ~ Enhance Healing.MOD	OUTPUTNAME:強效治療（Enhance Healing）	DESC:.CLEAR	DESC:每天相當於其魅力修正的次數，愈療歌者可以在使用「法術完成型」或「法術觸發型」魔法物品造成治療效果的時候（比較常見的是卷軸和魔杖），將該物品的施法者等級提高到等同於他的施法者等級。此能力取代多才多藝。	
CATEGORY=Special Ability|Songhealer ~ Healing Performance.MOD	OUTPUTNAME:愈療之歌（Healing Performance）	DESC:.CLEAR	DESC:14級時，愈療歌者可以用他的表演達到「醫療術」的效果以治療活物或傷害不死生物，以吟遊詩人等級作為施法者等級。使用「愈療之歌」必需消耗5輪的吟遊詩人表演輪數，而且目標必須要能夠聽到和看到吟遊詩人的表演。愈療之歌是依賴聽覺和視覺的效果。此能力取代恐懼魔音。	
CATEGORY=Special Ability|Songhealer ~ Funereal Ballad.MOD	OUTPUTNAME:葬禮蘇生（Funereal Ballad）	DESC:.CLEAR	DESC:20級時，愈療歌者的表演可以對一個死掉的生物造成「復生術」的效果，其施法者等級等於他的吟遊詩人等級。使用此效果將消耗20輪的吟遊詩人表演輪數。在表演時，目標必須在他10尺之內。這是依賴視覺和聽覺的效果。此能力取代奪命表演。	
CATEGORY=Special Ability|Sound Striker ~ Wordstrike.MOD	OUTPUTNAME:咒字襲（Wordstrike）	DESC:.CLEAR	DESC:3級時，音爆強襲者可以以一個標準動作，花費1輪的吟遊詩人表演發出一句毀滅性的詞彙，對物品或是生物造成嚴重傷害。此效果會對物品造成「1d4+詩人等級」的音波傷害，對活物的傷害減半。此能力取代提振技能。	
CATEGORY=Special Ability|Sound Striker ~ Weird Words.MOD	OUTPUTNAME:怪異之音（Weird Words）	DESC:.CLEAR	DESC:6級時，音爆強襲者可以開始一個演奏。他每4個吟遊詩人等級可以說出一個含有聲波能量的詞語，這總是一個標準動作。每個詞語作為一次遠程接觸攻擊，對30碼以內的一個目標造成4d6音波傷害。吟遊詩人把他的魅力修正值加在每一個詞語的攻擊上。多個攻擊同一目標的詞彙疊加為一次攻擊，對傷害骰只計算一次能量抗性和類似減免。吟遊詩人可以選擇多個詞語攻擊同一個或者多個目標，但是他的所有詞語同時發出。每個詞語消耗一輪吟遊表演。此能力取代暗示。	
CATEGORY=Special Ability|Archaeologist ~ Archaeologist's Luck.MOD	OUTPUTNAME:考古學者的好運（Archaeologist's Luck）	DESC:.CLEAR	DESC:命運偏愛考古學家。以一個迅捷動作，考古學家可以讓自己得到幸運的青睞，使他在攻擊檢定、豁免檢定、技能檢定和武器傷害上得到+1的運氣加值。此加值在5級上升到+2，11級提升到+3，17級達到+4。他每日能使用此能力的輪數等同於「4+魅力修正」，維持此能力是一個自由動作，但這些加值會在他被死亡、麻痺、震懾、失去意識，或是其他無法花費一個自由動作維持此能力時立即結束。在決定專長、能力、效果或其他類似效果時，考古學者的好運視同吟遊詩人表演。如同其他吟遊詩人表演，他無法在使用吟遊詩人表演時同時維持此能力。	
CATEGORY=Special Ability|Archaeologist ~ Clever Explorer.MOD	OUTPUTNAME:精明探險家（Clever Explorer）	DESC:.CLEAR	DESC:2級時，考古學家在解除裝置和察覺檢定上得到相當於他等級一半的加值，他只需花費正常人一半的時間就可以解除裝置（至少一輪）並以標準動作開鎖。6級時，即便在壓力下或是危險中，考古學家也可以在解除裝置檢定中取10，同時他也得到解除魔法陷阱的能力。此能力取代多才多藝。	
CATEGORY=Special Ability|Archaeologist ~ Uncanny Dodge.MOD	OUTPUTNAME:直覺閃避（Uncanny Dodge）	DESC:.CLEAR	DESC:2級時，考古學家學會直覺閃避，如同盜賊同名能力。此能力取代通曉音律。	
CATEGORY=Special Ability|Archaeologist ~ Trap Sense.MOD	OUTPUTNAME:陷阱感知（Trap Sense）	DESC:.CLEAR	DESC:3級時，考古學家得到陷阱感知+1，如同盜賊同名能力。此加值在之後的每3級上升1，直到18級達到最高的+6。	
CATEGORY=Special Ability|Archaeologist ~ Evasion.MOD	OUTPUTNAME:反射閃避（Evasion）	DESC:.CLEAR	DESC:6級時，考古學家得到反射閃避，如同盜賊同名能力。	
CATEGORY=Special Ability|Daredevil ~ Agile.MOD	OUTPUTNAME:靈巧（Agile）	DESC:.CLEAR	DESC:冒險家將他等級的一半（最小為1）加到他的特技、唬騙、攀爬和脫逃檢定上。此能力取代逸聞知識。	
CATEGORY=Special Ability|Daredevil ~ Derring-do.MOD	OUTPUTNAME:大膽而為（Derring-do）	DESC:.CLEAR	DESC:透過表演，冒險家可以讓最笨拙的盟友變的靈巧異常，使看的到他的盟友在反射檢定上得到+1士氣加值，且所有基於敏捷的技能檢定得到+2能力加值；在一輪內至少移動10尺的盟友AC還可以得到+1閃避加值，此閃避加值持續到他們下一輪開始為止。5級和之後的每6級，反射檢定加值和閃避加值上升1，直到17級的+4；技能加值則每6級上升2，直到17級+8。這是一個基於心志的效果且需要視線接觸。此能力取代激發勇氣。	
CATEGORY=Special Ability|Daredevil ~ Canny Foe.MOD	OUTPUTNAME:審慎迎敵（Canny Foe）	DESC:.CLEAR	DESC:2級時，冒險家可以選擇一個類型的戰技，他在他選擇的戰技CMB和CMD上得到+2的加值。在6級和之後的每4級，他可以選擇一個不同類型的戰技。他不能選擇同一個戰技兩次。此能力取代多才多藝。	
CATEGORY=Special Ability|Daredevil ~ Dauntless.MOD	OUTPUTNAME:英勇（Dauntless）	DESC:.CLEAR	DESC:2級時，冒險家對抗心智影響效果，包括恐懼效果時，得到+1士氣的加值。此能力在2級之後每4級再加1，直到18級的+5。此能力取代通曉音律。	
CATEGORY=Special Ability|Daredevil ~ Scoundrel's Fortune.MOD	OUTPUTNAME:無賴的好運（Scoundrel's Fortune）	DESC:.CLEAR	DESC:5級時，每日1次，冒險家可以在進行技能檢定時兩次投骰取其高者。在5級之後每3級可以多獲得1次使用次數，在20級時達到最高的8次。此能力取代博學。	
CATEGORY=Special Ability|Dervish Dancer ~ Battle Dance.MOD	OUTPUTNAME:戰舞（Battle Dance）	DESC:.CLEAR	DESC:狂舞者能以表演——特別是舞蹈，來對自己施加魔法影響。這和吟遊詩人表演類似，但只對狂舞者自己生效，且不需要能夠看或聽見他自己的表演。在決定專長、能力、效果或其他類似效果時，戰舞者的戰舞視同吟遊詩人表演，除去戰舞不能從「餘音繞樑」或任何其他在結束後仍獲得加值的專長中受益。戰舞只在吟遊詩人穿輕甲或無甲時生效。和吟遊詩人表演一樣，它不能和其他表演能力同時維持。啟動戰舞是一個移動動作，但每輪維持只需要自由動作。更變戰舞的效果需要狂舞者停止之前的表演，並以一個移動動作開始新的戰舞。和吟遊詩人一樣，狂舞者的表演在他死亡、麻痺、震懾、失去意識或陷入其他不能做自由動作的情況時立即結束。狂舞者不能同時表演多個戰舞。10級開始，狂舞者可以以一個迅捷動作啟動戰舞而不用移動動作。狂舞者以戰舞的形式獲得激發勇氣、提振戰力、激發豪情這些吟遊詩人表演，但這些只對狂舞者自己生效。	
CATEGORY=Special Ability|Dervish Dancer ~ Rain of Blows.MOD	OUTPUTNAME:驟雨擊（Rain of Blows）	DESC:.CLEAR	DESC:6級開始，狂舞者能用戰舞加速他的攻擊。當全力攻擊時，他能用任何所持的武器做一次額外攻擊，如同受到「加速術」的影響。他同時攻擊獲得+1加值，AC和反射豁免獲得+1閃避加值。9級以及之後的每3級，此加值上升1，在18級時達到最大+5。此加值不和「加速術」疊加。此能力取代暗示和群體暗示。	
CATEGORY=Special Ability|Dervish Dancer ~ Razor's Kiss.MOD	OUTPUTNAME:刀鋒之吻（Razor's Kiss）	DESC:.CLEAR	DESC:8級起，狂舞者能以戰舞增加他武器的重擊範圍。所有他以打造武器做出的攻擊都視作有「精通重擊」專長，天生武器和法術不受影響。此能力取代末日喪歌。	
CATEGORY=Special Ability|Dervish Dancer ~ Leaf on the Wind.MOD	OUTPUTNAME:木葉風舞（Leaf on the Wind）	DESC:.CLEAR	DESC:14級起，狂舞者能用戰舞以超凡的優雅閃避攻擊，並擺脫傷勢的影響。和其他戰舞不同，木葉風舞需要標準動作啟動或維持表演。維持狀態的每一輪（包括首輪在內），狂舞者在AC和反射豁免上獲得+6閃避加值；若有受傷則治療每詩人等級1點。此能力取代恐懼魔音。	
CATEGORY=Special Ability|Dervish Dancer ~ Fleet.MOD	OUTPUTNAME:飛掠（Fleet）	DESC:.CLEAR	DESC:當表演戰舞時，狂舞者在地面速度上獲得+10增強加值。此加值在1級後每4級增加5尺，在19級時達到最大+30尺。此能力取代逸聞知識和博學。	
CATEGORY=Special Ability|Dervish Dancer ~ Versatile Dance.MOD	OUTPUTNAME:萬用舞蹈（Versatile Dance）	DESC:.CLEAR	DESC:2級起，狂舞者在表演（舞蹈）上獲得他等級一半的加值。他能用表演（舞蹈）的加值取代特技技能的加值。此能力取代多才多藝。	
CATEGORY=Special Ability|Dervish Dancer ~ Dance of Fury.MOD	OUTPUTNAME:狂舞（Dance of Fury）	DESC:.CLEAR	DESC:12級起，狂舞者能在戰舞時一邊移動一邊多次攻擊。他能在整輪攻擊中加入一個單移動，並在移動中的任何一點發動攻擊。但每次攻擊之間必須移動至少5尺。此移動會如常引發藉機攻擊。此能力取代安神。	
CATEGORY=Special Ability|Dervish Dancer ~ Battle Fury.MOD	OUTPUTNAME:戰狂（Battle Fury）	DESC:.CLEAR	DESC:20級起，狂舞者能在戰舞中激起一陣攻擊的旋風。以一個整輪動作，他可以做一個單移動，並對移動路徑上任何一點的觸及內的每個目標發起一次攻擊，使用最高攻擊加值，最大數量不超過狂舞者角色等級。此移動會如常引發藉機攻擊。此能力取代奪命表演。	
CATEGORY=Special Ability|Flame Dancer ~ Fire Dance.MOD	OUTPUTNAME:火舞（Fire Dance）	DESC:.CLEAR	DESC:在1級時，蹈火者學會了如何保護自己和其他人不受火焰炙烤的技藝，以及更精巧的，如何引導火焰離開自己而不是燎焦不該燒的東西。在他保持火舞表演的每一輪，蹈火者都需要進行一次表演（舞蹈或歌唱）技能檢定，所有距離蹈火者30尺內的盟友在避免被點燃（Catch on Fire），受到火焰效果影響，以及高溫效果影響的豁免檢定都可以使用蹈火者的表演技能檢定結果來作為豁免結果。除此之外，只要蹈火者保持表演，所有距離蹈火者30尺內的盟友將不會因為高溫而中暑（Heatstroke）並因此而處於疲乏狀態。火舞依賴視覺或聲音成分。本能力取代破咒曲。	
CATEGORY=Special Ability|Flame Dancer ~ Song of the Fiery Gaze.MOD	OUTPUTNAME:觀火吟（Song of the Fiery Gaze）	DESC:.CLEAR	DESC:在3級時，蹈火者可以讓盟友毫無阻礙地看穿火焰。所有距離蹈火者30尺內且可以聽到他表演的盟友將可以看穿火焰，煙霧（Fog），和煙塵（Smoke）而不受任何影響，如同火焰秘示域先知的烈焰視覺（Gaze of Flame）啟示的基本效果。觀火吟依賴聲音成分。本能力取代提振技能。	
CATEGORY=Special Ability|Flame Dancer ~ Fire Break.MOD	OUTPUTNAME:離火（Fire Break）	DESC:.CLEAR	DESC:在6級時，蹈火者可以命令火焰服從他的要求而減弱傷害。所有距離蹈火者30尺內且可以聽到和看到他表演的盟友將在蹈火者持續表演的時間內獲得火焰抗力20。在11級時，他提供的火焰抗力增加到30。離火依賴視覺或聲音成分。本能力取代暗示。	
CATEGORY=Special Ability|Flame Dancer ~ Fan the Flames.MOD	OUTPUTNAME:生紅蓮（Fan the Flames）	DESC:.CLEAR	DESC:在8級時，蹈火者可以將法術燃燒之手，熾焰法球和火球術加入他的吟遊詩人法術列表（分別為1，2，3環法術），本能力取代末日喪歌。	
CATEGORY=Special Ability|Voice of the Wild ~ Wild Knowledge.MOD	OUTPUTNAME:荒野知識（Wild Knowledge）	DESC:.CLEAR	DESC:在1級時，野性之聲曠野將他吟遊詩人等級數的一半加到知識（自然）技能檢定上，並且他可以在未受訓的情況下使用知識（自然）和知識（地理）檢定。本能力取代軼聞知識。	
CATEGORY=Special Ability|Voice of the Wild ~ Nature Magic.MOD	OUTPUTNAME:自然魔法（Nature Magic）	DESC:.CLEAR	DESC:在1級時，野性之聲可以將一個德魯伊或遊俠列表中的1環法術替換掉一個他吟遊詩人列表中的1環吟遊詩人法術。在4,7,10,13和16級時，他還可以將其他德魯伊或遊俠法術（環數與他可以使用的吟遊詩人法術環數相同）替換掉自己吟遊詩人法術列表中的法術。每次他可以替換德魯伊和遊俠法術時，他也可以將一個舊的德魯伊或遊俠法術替換成另一個。本能力取代破咒曲，多才多藝和萬事通。	
CATEGORY=Special Ability|Voice of the Wild ~ Song of the Wild.MOD	OUTPUTNAME:狂野之歌（Song of the Wild）	DESC:.CLEAR	DESC:在3級時，野性之聲的吟遊詩人表演可以施放一個盟友的野性，如同獵人的動物之力職業能力。這個盟友必須能聽到或看到野性之聲的表演，他的吟遊詩人等級在決定動物之力效果時視為獵人等級。在10級時，狂野之歌可以影響兩個盟友；在17級時，可以影響三個盟友。狂野之歌依賴視覺或聲音成分。本能力取代提振技能，末日喪歌和激發豪情。	
