CATEGORY=Special Ability|Fighter ~ Bonus Feats.MOD	OUTPUTNAME:獎勵專長（Bonus Feats）	DESC:.CLEAR	DESC:1級以及之後的每個偶數等級，戰士獲得一項獎勵專長，該額外專長獨立於角色升級時獲得的（意味著戰士每級都可獲得專長）。這些專長必須在戰鬥專長列表中，有時也被稱為「戰士獎勵專長」。當戰士達到4級以及隨後的每4級（8級，12級，以此類推），它還可以選擇學習一個新的額外專長來取代先前獲得的一項獎勵專長。實際效果相當於以舊換新。被取代的舊專長不能是其他專長、進階職業或能力的先決條件。戰士只能在到達特定等級時決定是否要置換專長，且每個特定等級時只能置換一項專長。	
CATEGORY=Special Ability|Fighter ~ Bravery.MOD	OUTPUTNAME:英勇（Bravery）	DESC:.CLEAR	DESC:2級時，戰士在進行對抗恐懼效果的意志檢定時會獲得+1加值。這個加值在之後的每4級會再+1。	
CATEGORY=Special Ability|Fighter ~ Armor Training.MOD	OUTPUTNAME:盔甲訓練（Armor Training）	DESC:.CLEAR	DESC:3級時，戰士學會在穿戴盔甲時獲得更靈活的機動性。當他穿甲時，盔甲防具檢定減值減少1點（最小為0）且敏捷上限增加1點。在這之後的每4級（7、11、15級），上述修正再提高1點，最大達到防具檢定減值減少4點，敏捷上限增加4點。此外，戰士能夠在裝備中型盔甲時以正常速度移動。7級時戰士能夠在裝備重型盔甲時以正常速度移動。	
CATEGORY=Special Ability|Fighter ~ Weapon Training.MOD	OUTPUTNAME:武器訓練（Weapon Training）	DESC:.CLEAR	DESC:5級時，戰士可以選擇一個下面所標注的武器類組。當他使用該類組的武器時，他在命中與傷害上獲得+1加值。在這之後的每4級（9、13跟17），戰士可以選擇一個新的武器類組來進行更多的訓練。他同樣在該武器類組的命中與傷害上獲得+1加值，並且，當他使用先前所選擇訓練的類組武器時，他的命中跟傷害加值會額外+1。例如說，有一位戰士升到了9級，他在一個武器類組的命中與傷害上獲得+1加值，並在另外一個（他5級時選擇的那個）武器類組的命中與傷害上獲得+2加值。如果兩個武器類組同時包含了一個武器，那麼加值並非疊加，而是取兩個類組中加值較高的那一個。	
CATEGORY=Special Ability|Fighter ~ Armor Mastery.MOD	OUTPUTNAME:盔甲宗師（Armor Mastery）	DESC:.CLEAR	DESC:在第19級，當一名戰士穿戴盔甲或手持盾牌時，他獲得傷害減免「5/-」。	
CATEGORY=Special Ability|Fighter ~ Weapon Mastery.MOD	OUTPUTNAME:武器宗師（Weapon Mastery）	DESC:.CLEAR	DESC:在第20級，戰士可以選擇一種武器——例如長劍、巨斧或長弓——任何由此武器做出的攻擊，重擊確認自動成功，並且重擊時的傷害倍率將會額外加1。並且，當他手持此類武器時不會被卸武。	
CATEGORY=Special Ability|Fighter Archer ~ Hawkeye.MOD	OUTPUTNAME:鷹眼（Hawkeye）	DESC:.CLEAR	DESC:2級開始，弓手在察覺檢定上獲得+1加值，且使用任何弓的射程增量都增加5尺。這些加值在2級後每4級+1且+5尺。此能力取代英勇。	
CATEGORY=Special Ability|Fighter Archer ~ Trick Shot.MOD	OUTPUTNAME:特技射擊（Trick Shot）	DESC:.CLEAR	DESC:3級開始，弓手能在下列戰鬥技巧或動作中選擇一項：卸武，虛招，破武。他可用弓對30尺內的目標使用這些行動，但CMB有-4罰值。3級後每4級，他可以再額外選擇一項特技射擊。這些特殊攻擊也正常的消耗箭。11級開始，他也可以從下列戰鬥技巧中選擇：衝撞，擒抱，摔絆。被箭擒抱的目標可以摧毀箭支（硬度5，HP1點，破壞DC13）或者逃脫檢定或者CMB檢定（對抗射手的CMD-4）來獲得自由。此能力取代盔甲訓練1，2，3，4。	
CATEGORY=Special Ability|Fighter Archer ~ Expert Archer.MOD	OUTPUTNAME:射擊專家（Expert Archer）	DESC:.CLEAR	DESC:5級開始，弓手使用弓時在攻擊和傷害上獲得+1加值。這個加值在5級後每4級增加1。此能力取代武器訓練1。	
CATEGORY=Special Ability|Fighter Archer ~ Safe Shot.MOD	OUTPUTNAME:安全射擊（Safe Shot）	DESC:.CLEAR	DESC:9級開始，弓手用弓進行遠程攻擊時不會觸發藉機攻擊。此能力取代武器訓練2。	
CATEGORY=Special Ability|Fighter Archer ~ Evasive Archer.MOD	OUTPUTNAME:弓手閃避（Evasive Archer）	DESC:.CLEAR	DESC:13級開始，弓手對遠程攻擊AC獲得+2的閃避加值。此加值在17級時提高到+4。此能力取代武器訓練3。	
CATEGORY=Special Ability|Fighter Archer ~ Volley.MOD	OUTPUTNAME:箭雨（Volley）	DESC:.CLEAR	DESC:17級開始，以一個全回合動作，弓手能以他的最高基本攻擊加值對一個半徑15尺爆發的範圍內任意數量的目標發起攻擊，對每個目標分別骰攻擊和傷害。此能力取代武器訓練4。	
CATEGORY=Special Ability|Fighter Archer ~ Ranged Defense.MOD	OUTPUTNAME:遠程防禦（Ranged Defense）	DESC:.CLEAR	DESC:19級開始，弓手對遠程攻擊獲得傷害減免5/-。此外，以一個直覺動作，他能抓住一支射向他的箭，並向任何一個他選擇的目標射出去，如同有抓取飛箭專長。此能力取代鎧甲宗師。	
CATEGORY=Special Ability|Fighter Archer ~ Weapon Mastery.MOD	OUTPUTNAME:武器宗師（Weapon Mastery）	DESC:.CLEAR	DESC:弓手的武器宗師特性必須選擇一種弓。	
CATEGORY=Special Ability|Fighter Crossbowman ~ Deadshot.MOD	OUTPUTNAME:致死射擊（Deadshot）	DESC:.CLEAR	DESC:3級開始，當弩手用弩以準備動作發動攻擊時，他可以將他敏捷修正的一半（最少+1）增加到傷害骰上。此能力取代盔甲訓練1。	
CATEGORY=Special Ability|Fighter Crossbowman ~ Crossbow Expert.MOD	OUTPUTNAME:十字弩專家（Crossbow Expert）	DESC:.CLEAR	DESC:5級開始，弩手用弩在攻擊和傷害上獲得+1加值。此加值在5級後每4級再+1。此能力取代武器訓練1。	
CATEGORY=Special Ability|Fighter Crossbowman ~ Improved Deadshot.MOD	OUTPUTNAME:精通致死射擊（Improved Deadshot）	DESC:.CLEAR	DESC:7級開始，弩手用弩以準備動作發動攻擊時，他的目標失去敏捷AC。此能力取代盔甲訓練2。	
CATEGORY=Special Ability|Fighter Crossbowman ~ Quick Sniper.MOD	OUTPUTNAME:快速狙擊（Quick Sniper）	DESC:.CLEAR	DESC:9級開始，弩手在狙擊時隱匿檢定上獲得等於他戰士等級一半的加值。當他被遠程攻擊命中時，他能以一個直覺動作朝攻擊者發射弩箭，如同已經裝填好。此能力取代武器訓練2。	
CATEGORY=Special Ability|Fighter Crossbowman ~ Greater Deadshot.MOD	OUTPUTNAME:高等致死射擊（Greater Deadshot）	DESC:.CLEAR	DESC:11級開始，當弩手用弩以準備動作發動攻擊時，他可以將他敏捷修正（最少+1）增加到傷害骰上。此能力取代盔甲訓練3。	
CATEGORY=Special Ability|Fighter Crossbowman ~ Safe Shot.MOD	OUTPUTNAME:安全射擊（Safe Shot）	DESC:.CLEAR	DESC:13級開始弩手用弩發動遠程攻擊時不會引發藉機攻擊。此能力取代武器訓練3。	
CATEGORY=Special Ability|Fighter Crossbowman ~ Pinpoint Targeting.MOD	OUTPUTNAME:精確瞄準（Pinpoint Targeting）	DESC:.CLEAR	DESC:15級開始，弩手獲得「精確瞄準」作為額外專長。此能力取代盔甲訓練4。	
CATEGORY=Special Ability|Fighter Crossbowman ~ Meteor Shot.MOD	OUTPUTNAME:流星射擊（Meteor Shot）	DESC:.CLEAR	DESC:17級開始，以一個標準動作，弩手可以用弩以-4罰值發動一次攻擊。若命中，則正常的造成傷害，且目標受到衝撞或者摔絆的影響，用攻擊骰當做戰技檢定。弩手必須在骰攻擊前決定附加哪種戰技。此能力取代武器訓練4。	
CATEGORY=Special Ability|Fighter Crossbowman ~ Penetrating Shot.MOD	OUTPUTNAME:穿透射擊（Penetrating Shot）	DESC:.CLEAR	DESC:19級開始，弩手用弩造成重擊後，箭矢能穿過目標並攻擊其身後一條直線上的另一個目標。弩手必須能畫出一條直線，從他的位置開始並穿過兩個目標，才能發動這次額外攻擊。第二次攻擊有-4罰值，和額外距離帶來的任何罰值。若這次攻擊也造成重擊，箭矢能繼續攻擊下一個目標，但罰值疊加。此能力取代鎧甲宗師。	
CATEGORY=Special Ability|Fighter Crossbowman ~ Weapon Mastery.MOD	OUTPUTNAME:武器宗師（Weapon Mastery）	DESC:.CLEAR	DESC:弩手的武器宗師能力必須選擇一種弩。	
CATEGORY=Special Ability|Free Hand Fighter ~ Deceptive Strike.MOD	OUTPUTNAME:迷惑攻擊（Deceptive Strike）	DESC:.CLEAR	DESC:2級開始，單刀客在卸武的CMB和CMD上，以及使用虛招或轉移注意力以便躲藏的唬騙檢定上獲得+1加值。此加值在2級後每4級再+1。此能力取代英勇。	
CATEGORY=Special Ability|Free Hand Fighter ~ Elusive.MOD	OUTPUTNAME:躲避（Elusive）	DESC:.CLEAR	DESC:3級開始，單刀客的AC獲得+1閃避加值。此能力在3級後每4級再+1。此加值在穿中或中甲時，或者負重為中或重載時不能生效。此能力取代盔甲訓練1，2，3，4。	
CATEGORY=Special Ability|Free Hand Fighter ~ Singleton.MOD	OUTPUTNAME:單刀（Singleton）	DESC:.CLEAR	DESC:5級開始，單刀客在一手持近戰武器一手自由的時候，在攻擊和傷害骰上獲得+1加值。此加值在5級後每6級再+1。此能力取代武器訓練1和4。	
CATEGORY=Special Ability|Free Hand Fighter ~ Timely Tip.MOD	OUTPUTNAME:適時輕推（Timely Tip）	DESC:.CLEAR	DESC:9級開始，單刀客能以一個類移動作，對一個他威脅範圍內的目標使用卸武戰技，將其盾牌推開。若成功，目標對單刀客的下次攻擊時失去AC上的盾牌加值。此能力取代武器訓練2。	
CATEGORY=Special Ability|Free Hand Fighter ~ Interference.MOD	OUTPUTNAME:干擾（Interference）	DESC:.CLEAR	DESC:13級開始，單刀客能以一個類移動作，對一個威脅範圍內的目標使用卸武或摔絆戰技，推開他的對手使其失去平衡。若成功，目標陷入措手不及。此狀態持續到目標受到一次近戰或遠程攻擊的傷害，或持續到單刀客下輪開始，取先發生那個。此能力取代武器訓練3。	
CATEGORY=Special Ability|Free Hand Fighter ~ Reversal.MOD	OUTPUTNAME:逆轉（Reversal）	DESC:.CLEAR	DESC:19級開始，單刀客能以一個直覺動作，對一個威脅範圍內的目標使用卸武戰技，當他成為另外一個生物發起的近戰攻擊的目標時。若成功，攻擊會從單刀客轉向單刀客使用戰技的目標。此能力取代鎧甲宗師特性。	
CATEGORY=Special Ability|Mobile Fighter ~ Agility.MOD	OUTPUTNAME:靈巧（Agility）	DESC:.CLEAR	DESC:2級開始，靈活戰士在對會導致他麻痺，緩慢或糾纏的豁免骰上獲得+1加值。此加值在2級後每4級再+1。此能力取代英勇。	
CATEGORY=Special Ability|Mobile Fighter ~ Leaping Attack.MOD	OUTPUTNAME:跳劈（Leaping Attack）	DESC:.CLEAR	DESC:5級開始，靈活戰士在攻擊前若移動至少5尺，他在攻擊和傷害骰上獲得+1加值。此加值在5級後每4級再+1。此能力取代武器訓練1，2，3，4。	
CATEGORY=Special Ability|Mobile Fighter ~ Rapid Attack.MOD	OUTPUTNAME:快速攻擊（Rapid Attack）	DESC:.CLEAR	DESC:11級開始，機動戰士能在全力攻擊中加入一個單移動。他必須放棄最高加值的一次攻擊，但剩下攻擊可以在移動中的任何一點進行。此移動正常引發藉機攻擊。此能力取代盔甲訓練3。	
CATEGORY=Special Ability|Mobile Fighter ~ Fleet Footed.MOD	OUTPUTNAME:飛毛腿（Fleet Footed）	DESC:.CLEAR	DESC:15級開始，靈活戰士的速度增加10尺。他能在雜技檢定上取10，哪怕受到干擾或威脅，且每天每5個戰士等級1次，可以在特技檢定上取20。此能力取代盔甲訓練4。	
CATEGORY=Special Ability|Mobile Fighter ~ Whirlwind Blitz.MOD	OUTPUTNAME:旋風急襲（Whirlwind Blitz）	DESC:.CLEAR	DESC:20級時，靈活戰士能以一個標準動作發動全力攻擊，也能以標準動作使用「旋風攻擊」專長。此能力取代武器宗師特性。	
CATEGORY=Special Ability|Fighter Phalanx Soldier ~ Stand Firm.MOD	OUTPUTNAME:堅定不移（Stand Firm）	DESC:.CLEAR	DESC:2級開始，方陣士兵在對抗衝撞，拖拽，闖越和摔絆時CMD上獲得+1加值。此加值也在對抗踐踏攻擊的豁免上生效。此加值在2級後每4級再+1。此能力取代英勇。	
CATEGORY=Special Ability|Fighter Phalanx Soldier ~ Phalanx Fighting.MOD	OUTPUTNAME:方陣戰鬥（Phalanx Fighting）	DESC:.CLEAR	DESC:3級開始，當方陣士兵持盾時，他能以單手使用和他體型一致的任何長武器或矛。此能力取代盔甲訓練1。	
CATEGORY=Special Ability|Fighter Phalanx Soldier ~ Ready Pike.MOD	OUTPUTNAME:即刻備矛（Ready Pike）	DESC:.CLEAR	DESC:5級開始，每天一次，方陣戰士能以直覺動作準備一個帶有反衝鋒特性的武器，並在攻擊和傷害骰上獲得+1加值。5級後每4級，此加值再+1，且此能力使用次數增加每天一次。不能在措手不及時使用此能力。此能力取代武器訓練1。	
CATEGORY=Special Ability|Fighter Phalanx Soldier ~ Deft Shield.MOD	OUTPUTNAME:挑戰之盾（Deft Shield）	DESC:.CLEAR	DESC:7級開始，當方陣士兵使用塔盾時，盾牌的檢定罰值和盾牌帶來的攻擊罰值都減少1。11級起這些罰值減少2。此能力取代盔甲訓練2，3。	
CATEGORY=Special Ability|Fighter Phalanx Soldier ~ Shield Ally.MOD	OUTPUTNAME:盾衛盟友（Shield Ally）	DESC:.CLEAR	DESC:9級起，方陣士兵使用重盾或塔盾時，他能以一個類移動作，給自己和所有鄰接的盟友提供部分掩蔽（+2掩蔽AC，+1反射豁免），持續到他的下輪開始。13級起，他能給一個鄰接的盟友提供掩蔽（+4掩蔽AC，+2反射豁免）和反射閃避（同盜賊），持續到他下輪開始。此掩蔽不能用於隱匿檢定。17級起，他能給自己和所有鄰接盟友提供掩蔽，或給一個鄰接盟友提供高掩蔽（+8掩蔽AC，+4反射豁免，精通反射閃避）。此能力取代武器訓練1，2，3，4。	
CATEGORY=Special Ability|Fighter Phalanx Soldier ~ Irresistible Advance.MOD	OUTPUTNAME:所向披靡（Irresistible Advance）	DESC:.CLEAR	DESC:15級起，方陣士兵在衝撞和闖越時戰技檢定獲得加值。此加值取決於使用盾牌的種類：小圓盾+1，輕盾+2，重盾+3，塔盾+4。此能力取代盔甲訓練4。	
CATEGORY=Special Ability|Fighter Phalanx Soldier ~ Shielded Fortress.MOD	OUTPUTNAME:盾衛要塞（Shielded Fortress）	DESC:.CLEAR	DESC:20級時，方陣士兵的盾牌不可被卸武或擊破。他使用盾牌時獲得「反射閃避」能力（如同盜賊，若使用塔盾的話則是「精通反射閃避」能力）。以一個移動動作，方陣士兵能給予所有鄰接盟友以「反射閃避」，持續到他下輪開始。以一個直覺動作，他能給予一個鄰接盟友針對一次攻擊的「反射閃避」。此能力取代武器宗師特性。	
CATEGORY=Special Ability|Fighter Polearm Master ~ Pole Fighting.MOD	OUTPUTNAME:長武戰鬥（Pole Fighting）	DESC:.CLEAR	DESC:2級起，長武大師能以一個直覺動作改變抓握，縮短他的長矛或長桿武器的觸及，並能用其對付鄰接的目標。這個行動會使攻擊骰-4，直到以另一個直覺動作改回普通的抓握。這個罰值在2級後每4級減少1。此能力取代英勇。	
CATEGORY=Special Ability|Fighter Polearm Master ~ Steadfast Pike.MOD	OUTPUTNAME:穩固備矛（Steadfast Pike）	DESC:.CLEAR	DESC:3級起長武大師使用矛或長桿武器以準備動作攻擊和藉機攻擊時，攻擊骰獲得+1加值。這個加值在3級之後每4級再+1。此能力取代盔甲訓練1，2，3，4。	
CATEGORY=Special Ability|Fighter Polearm Master ~ Polearm Training.MOD	OUTPUTNAME:長武訓練（Polearm Training）	DESC:.CLEAR	DESC:5級起長武大師使用矛和長桿武器時攻擊和傷害骰獲得+1加值，此加值在5級後每4級再+1。此能力取代武器訓練1。	
CATEGORY=Special Ability|Fighter Polearm Master ~ Flexible Flanker.MOD	OUTPUTNAME:靈活夾擊（Flexible Flanker）	DESC:.CLEAR	DESC:9級起，長武大師可以選擇與他鄰接的任何一個格子來作為他的位置以決定夾擊，即便此格已被一個生物、物品或固體障礙佔據也可以。此能力取代武器訓練2。	
CATEGORY=Special Ability|Fighter Polearm Master ~ Sweeping Fend.MOD	OUTPUTNAME:掃退（Sweeping Fend）	DESC:.CLEAR	DESC:13級起，長武大師可以用任何矛或者長桿武器進行衝撞或摔絆戰技，此類嘗試在CMB上有-4罰值。有摔絆特性的武器在摔絆時不受此罰值影響。此能力取代武器訓練3。	
CATEGORY=Special Ability|Fighter Polearm Master ~ Step Aside.MOD	OUTPUTNAME:退步（Step Aside）	DESC:.CLEAR	DESC:17級起，當一個受長武大師威脅的生物5尺快步到鄰接他的格子時，他能以直覺動作使用一個5尺快步。此5尺快步必須從他下一輪的移動中扣除。他還在對此對手的AC中獲得+2的閃避加值。此能力取代武器訓練4。	
CATEGORY=Special Ability|Fighter Polearm Master ~ Polearm Parry.MOD	OUTPUTNAME:長武招架（Polearm Parry）	DESC:.CLEAR	DESC:19級起，當一個受長武大師威脅的生物近戰攻擊一個盟友時，他可以用一個直覺動作給予盟友對此次攻擊的+2盾牌AC加值和5/-的傷害減免。他可以使用此能力保護他自己，但攻擊者必須不和他鄰接才能用。此能力取代鎧甲宗師。	
CATEGORY=Special Ability|Fighter Polearm Master ~ Weapon Mastery.MOD	OUTPUTNAME:武器宗師（Weapon Mastery）	DESC:.CLEAR	DESC:長武大師的武器宗師特性必須選擇一種矛或者長桿武器。	
CATEGORY=Special Ability|Fighter Roughrider ~ Steadfast Mount.MOD	OUTPUTNAME:穩固騎乘（Steadfast Mount）	DESC:.CLEAR	DESC:2級起，野騎兵若花費一個小時來訓練一頭坐騎，則此坐騎AC獲得+1閃避加值，豁免獲得+1士氣加值，但僅在野騎兵騎在上面或與其鄰接的時候才生效。此加值在2級後每4級再+1。此能力取代英勇。	
CATEGORY=Special Ability|Fighter Roughrider ~ Armored Charger.MOD	OUTPUTNAME:著甲衝鋒（Armored Charger）	DESC:.CLEAR	DESC:3級起，野騎兵的騎乘技能不再受到盔甲罰值影響。他的坐騎速度不會因中載或穿著中型坐騎甲而降低。此能力取代盔甲訓練1。	
CATEGORY=Special Ability|Fighter Roughrider ~ Mounted Mettle.MOD	OUTPUTNAME:騎乘勇氣（Mounted Mettle）	DESC:.CLEAR	DESC:5級起，野騎兵在騎在坐騎上或與其鄰接時，他和坐騎在攻擊和傷害骰上都獲得+1加值。此能力在5級後每4級再+1。此能力取代武器訓練1，2，3，4。	
CATEGORY=Special Ability|Fighter Roughrider ~ Leap from the Saddle.MOD	OUTPUTNAME:飛身下馬（Leap from the Saddle）	DESC:.CLEAR	DESC:7級起，當野騎兵的坐騎進行一次單移動後，他可以進行一個快速下馬嘗試（DC20的騎術檢定）。若成功，他可以進行一個全力攻擊。此能力取代盔甲訓練2。	
CATEGORY=Special Ability|Fighter Roughrider ~ Relentless Steed.MOD	OUTPUTNAME:無情騎手（Relentless Steed）	DESC:.CLEAR	DESC:11級起，野騎兵的坐騎不會因著重型坐騎甲或重載而降低速度。野騎兵還可以每天一次重骰一個騎乘檢定或者坐騎的豁免骰，但必須接受第二次的結果，即便那更糟糕。此能力在11級後每4級增加每天一次的使用次數。此能力取代盔甲訓練3。	
CATEGORY=Special Ability|Fighter Roughrider ~ Ride Them Down.MOD	OUTPUTNAME:去踩他們！（Ride Them Down）	DESC:.CLEAR	DESC:15級起，野騎兵可以在準備攻擊時激勵坐騎。若野騎兵的坐騎進行一次單移動，野騎兵可以在他坐騎移動路線上的任何一點發動一次全力攻擊。若他有踐踏專長，他的每一擊都可以換成一次闖越戰技。此移動會引發對騎手的藉機攻擊，而不是對坐騎。此能力取代盔甲訓練4。	
CATEGORY=Special Ability|Fighter Roughrider ~ Unavoidable Onslaught.MOD	OUTPUTNAME:難擋猛攻（Unavoidable Onslaught）	DESC:.CLEAR	DESC:15級起，野騎兵的坐騎衝鋒不會被盟友生物或者困難地形阻擋。此能力取代盔甲訓練4。	
CATEGORY=Special Ability|Fighter Roughrider ~ Indomitable Steed.MOD	OUTPUTNAME:不屈騎手（Indomitable Steed）	DESC:.CLEAR	DESC:19級起，在騎乘時野騎兵和他的坐騎獲得5/-的DR。此能力取代鎧甲宗師。	
CATEGORY=Special Ability|Fighter Savage Warrior ~ Spark of Life.MOD	OUTPUTNAME:生命火花（Spark of Life）	DESC:.CLEAR	DESC:2級起，野性戰士在對抗能量吸取和即死效果的豁免骰上獲得+1加值。此加值在2級後每4級再+1。此能力取代英勇。	
CATEGORY=Special Ability|Fighter Savage Warrior ~ Natural Savagery.MOD	OUTPUTNAME:天生野性（Natural Savagery）	DESC:.CLEAR	DESC:5級起，野性戰士在使用天生武器時攻擊和豁免骰獲得+1加值。此加值也對擒抱的CMB或CMD生效。此加值在5級後每4級再+1。此能力取代武器訓練1。	
CATEGORY=Special Ability|Fighter Savage Warrior ~ Savage Charge.MOD	OUTPUTNAME:野性衝鋒（Savage Charge）	DESC:.CLEAR	DESC:9級起，當野性戰士在衝鋒時用天生武器做攻擊，他在天生武器的攻擊骰上獲得等於他戰士等級一半的加值，同時AC獲得等於他戰士等級一半的罰值。這取代正常衝鋒時的攻擊加值和AC罰值。此加值也對衝鋒時使用的衝撞或闖越的CMB生效。此能力取代武器訓練2。	
CATEGORY=Special Ability|Fighter Savage Warrior ~ Careful Claw.MOD	OUTPUTNAME:謹慎之爪（Careful Claw）	DESC:.CLEAR	DESC:13級起，當使用天生武器攻擊的生物有火焰護盾或類似會傷害進攻者的效果時（如尖刺魔的尖刺防禦），野性戰士受到此類效果的傷害降低等於他戰士等級一半的值。此能力取代武器訓練3。	
CATEGORY=Special Ability|Fighter Savage Warrior ~ Greater Savage Charge.MOD	OUTPUTNAME:高等野性衝鋒（Greater Savage Charge）	DESC:.CLEAR	DESC:17級起，使用野性衝鋒時受到的AC罰值降低到戰士等級的1/4，而不是一半。此外野性戰士可以穿過友方生物和困難地形進行衝鋒。此能力取代武器訓練4。	
CATEGORY=Special Ability|Fighter Savage Warrior ~ Natural Weapon Mastery.MOD	OUTPUTNAME:天生武器宗師（Natural Weapon Mastery）	DESC:.CLEAR	DESC:20級時野性戰士必須選擇一種天生武器。此能力取代武器宗師。	
CATEGORY=Special Ability|Fighter Shielded Fighter ~ Active Defense.MOD	OUTPUTNAME:主動防禦（Active Defense）	DESC:.CLEAR	DESC:3級起，盾戰士在持盾並使用防禦式戰鬥，寓守於攻或全防禦時AC獲得+1閃避加值。此加值在3級後每4級再+1。以一個迅捷動作，他可以將此加值分享給一個鄰接盟友，或將此加值的一半（最低0）提供給所有鄰接盟友，持續到他下輪開始。此能力取代盔甲訓練1，2，3，4。	
CATEGORY=Special Ability|Fighter Shielded Fighter ~ Shield Fighter.MOD	OUTPUTNAME:持盾戰士（Shield Fighter）	DESC:.CLEAR	DESC:5級起，盾戰士在使用盾擊時攻擊和傷害骰獲得+1加值。此加值在5級後每4級+1。進行全力攻擊時，盾戰士的每一擊都可以在他的武器和盾牌間切換。這不會帶來額外的攻擊次數，也不會受到雙武器戰鬥的罰值。此能力取代武器訓練1。	
CATEGORY=Special Ability|Fighter Shielded Fighter ~ Shield Buffet.MOD	OUTPUTNAME:盾牌衝擊（Shield Buffet）	DESC:.CLEAR	DESC:9級起，盾戰士能使用盾以一個類移動作進行一次戰技檢定。若成功，目標在攻擊盾戰士時受到-2攻擊罰值，對抗盾戰士攻擊的AC受到-2罰值，持續到下輪開始。13級起，盾戰士能以迅捷動作使用該能力。此能力取代武器訓練2和3。	
CATEGORY=Special Ability|Fighter Shielded Fighter ~ Shield Guard.MOD	OUTPUTNAME:盾護（Shield Guard）	DESC:.CLEAR	DESC:17級起，盾戰士能以一個迅捷動作指定一個鄰接的格子。若使用重盾則可以指定兩個格子，使用塔盾則是三個格子，這些格子必須連續。這些格子中的敵人不能夾擊盾戰士，也不能為其他生物造成夾擊。此效果持續到他離開位置或用另一個迅捷動作切換格子。此能力取代武器訓練4。	
CATEGORY=Special Ability|Fighter Shielded Fighter ~ Shield Mastery.MOD	OUTPUTNAME:盾牌宗師（Shield Mastery）	DESC:.CLEAR	DESC:19級起，盾戰士持盾時獲得5/-的DR。此能力取代鎧甲宗師。	
CATEGORY=Special Ability|Fighter Shielded Fighter ~ Shield Ward.MOD	OUTPUTNAME:盾牌守衛（Shield Ward）	DESC:.CLEAR	DESC:20級時，盾戰士持盾時獲得「反射閃避」能力（同盜賊），並且將他的盾牌AC（不包括增強加值）加到反射豁免和接觸AC上。此外他的盾牌不會被卸除或者擊破。此能力取代武器宗師。	
CATEGORY=Special Ability|Fighter Two-Handed Fighter ~ Shattering Strike.MOD	OUTPUTNAME:破碎擊（Shattering Strike）	DESC:.CLEAR	DESC:2級起，雙手戰士在進行破武的CMB和CMD上，及對物品的傷害骰上獲得+1加值。此加值在2級後每4級再+1。此能力取代英勇。	
CATEGORY=Special Ability|Fighter Two-Handed Fighter ~ Overhand Chop.MOD	OUTPUTNAME:過肩斬（Overhand Chop）	DESC:.CLEAR	DESC:3級起，雙手戰士在進行單次攻擊（標準動作或者衝鋒）時，將兩倍力量修正增加到傷害骰上。此能力取代盔甲訓練1。	
CATEGORY=Special Ability|Fighter Two-Handed Fighter ~ Weapon Training.MOD	OUTPUTNAME:武器訓練（Weapon Training）	DESC:.CLEAR	DESC:同戰士特性，但加值只在使用雙手近戰武器時生效。此能力取代武器訓練1，2，3，4。	
CATEGORY=Special Ability|Fighter Two-Handed Fighter ~ Backswing.MOD	OUTPUTNAME:後擺（Backswing）	DESC:.CLEAR	DESC:7級起，雙手戰士用雙手武器進行全力攻擊時，他除第一擊外所有的傷害骰都增加兩倍力量修正。此能力取代盔甲訓練2。	
CATEGORY=Special Ability|Fighter Two-Handed Fighter ~ Piledriver.MOD	OUTPUTNAME:打樁機（Piledriver）	DESC:.CLEAR	DESC:11級起，以一個標準動作，雙手戰士能用雙手武器進行一次近戰攻擊。若命中，他能以自由動作使用一次衝撞或摔絆，且不會引發藉機攻擊。此能力取代盔甲訓練3。	
CATEGORY=Special Ability|Fighter Two-Handed Fighter ~ Greater Power Attack.MOD	OUTPUTNAME:高等猛力攻擊（Greater Power Attack）	DESC:.CLEAR	DESC:15級起，當用雙手武器進行「猛力攻擊」時，猛力攻擊提供的傷害值加倍【編者註：即每1點攻擊減值帶來4點傷害加值】，而不是+50%%。此能力取代盔甲訓練4。	
CATEGORY=Special Ability|Fighter Two-Handed Fighter ~ Devastating Blow.MOD	OUTPUTNAME:毀滅擊（Devastating Blow）	DESC:.CLEAR	DESC:19級起，以一個標準動作，雙手戰士能用雙手武器進行一次有-5罰值的近戰攻擊。若命中，則視作重擊威脅。若此重擊確認，只被重擊觸發的武器特效並不能被觸發。此能力取代鎧甲宗師。	
CATEGORY=Special Ability|Fighter Two-Weapon Warrior ~ Defensive Flurry.MOD	OUTPUTNAME:防守颶風（Defensive Flurry）	DESC:.CLEAR	DESC:3級起，當雙持戰士用雙武器做全力攻擊時，他對近戰的AC獲得+1閃避加值，持續到下輪開始。此加值在3級後每4級再+1。此能力取代盔甲訓練1和2。	
CATEGORY=Special Ability|Fighter Two-Weapon Warrior ~ Twin Blades.MOD	OUTPUTNAME:對刃（Twin Blades）	DESC:.CLEAR	DESC:5級起，雙持戰士使用兩把武器或雙頭武器做全力攻擊時，攻擊和傷害加值獲得+1加值。此加值在5級後每4級再+1。此能力取代武器訓練1。	
CATEGORY=Special Ability|Fighter Two-Weapon Warrior ~ Doublestrike.MOD	OUTPUTNAME:雙擊（Doublestrike）	DESC:.CLEAR	DESC:9級起，以一個標準動作，雙持戰士可以同時用主手武器和副手武器發動一次攻擊。雙武器攻擊的罰值照常。此能力取代武器訓練2。	
CATEGORY=Special Ability|Fighter Two-Weapon Warrior ~ Improved Balance.MOD	OUTPUTNAME:高等平衡（Improved Balance）	DESC:.CLEAR	DESC:11級起，雙武戰士用雙武器戰鬥的罰值減少1。並且他可以副手持單手武器，視作輕武器，罰值同正常輕武器。此能力取代盔甲訓練3。	
CATEGORY=Special Ability|Fighter Two-Weapon Warrior ~ Equal Opportunity.MOD	OUTPUTNAME:均等藉機（Equal Opportunity）	DESC:.CLEAR	DESC:13級起，雙持戰士進行藉機攻擊時，可以同時用主武器和副武器進行攻擊。雙武器戰鬥的罰值照常。此能力取代武器訓練3。	
CATEGORY=Special Ability|Fighter Two-Weapon Warrior ~ Perfect Balance.MOD	OUTPUTNAME:完美平衡（Perfect Balance）	DESC:.CLEAR	DESC:15級起，雙持戰士用雙武器戰鬥的罰值再-1。此特性同高等平衡疊加。若他副手持單手武器，則視作輕武器，罰值同正常輕武器。此能力取代盔甲訓練4。	
CATEGORY=Special Ability|Fighter Two-Weapon Warrior ~ Deft Doublestrike.MOD	OUTPUTNAME:靈巧雙擊（Deft Doublestrike）	DESC:.CLEAR	DESC:17級起，雙持戰士的兩把武器都命中一個對手時，他能以直覺動作對此對手發動一次卸武或破武，且不會引發藉機攻擊。此能力取代武器訓練4。	
CATEGORY=Special Ability|Fighter Two-Weapon Warrior ~ Deadly Defense.MOD	OUTPUTNAME:致命防禦（Deadly Defense）	DESC:.CLEAR	DESC:19級起，雙持戰士用兩把武器進行全力攻擊時，在他的下輪開始前，每個以近戰攻擊命中他的生物都會引發雙持戰士的藉機攻擊。此能力取代武器宗師。	
CATEGORY=Special Ability|Fighter Weapon Master ~ Weapon Guard.MOD	OUTPUTNAME:武器守護（Weapon Guard）	DESC:.CLEAR	DESC:2級起，武器大師持他的選擇武器時，對抗卸武和破武的CMD獲得+1加值。此加值也加在任何以他的武器為目標的效果的豁免上（如油膩術，灼熱金屬，粉碎音波，曲木術）。此加值在2級後每4級再+1。此能力取代英勇。	
CATEGORY=Special Ability|Fighter Weapon Master ~ Weapon Training.MOD	OUTPUTNAME:武器訓練（Weapon Training）	DESC:.CLEAR	DESC:3級起，武器大師使用他的選擇武器時在攻擊和傷害骰上獲得+1加值。此加值在3級後每4級再+1。此能力取代盔甲訓練1，2，3，4。	
CATEGORY=Special Ability|Fighter Weapon Master ~ Reliable Strike.MOD	OUTPUTNAME:可靠攻擊（Reliable Strike）	DESC:.CLEAR	DESC:5級起，武器大師能以一個直覺動作重骰任何攻擊骰，重擊確認骰，失敗的幾率檢定，或傷害骰。他必須接受第二次的結果，即便更糟。他5級時使用此能力的次數為每天1次，5級後每4級再加每天1次。此能力取代武器訓練1。	
CATEGORY=Special Ability|Fighter Weapon Master ~ Mirror Move.MOD	OUTPUTNAME:鏡影步（Mirror Move）	DESC:.CLEAR	DESC:9級起，在被他所選的選擇武器攻擊時，武器大師將他武器訓練獲得的加值作為一個洞察加值加到AC上。此能力取代武器訓練2。	
CATEGORY=Special Ability|Fighter Weapon Master ~ Deadly Critical.MOD	OUTPUTNAME:致命重擊（Deadly Critical）	DESC:.CLEAR	DESC:13級起，武器大師用他的選擇武器確認重擊後，他可以用一個直覺動作將武器傷害倍率+1。他使用此能力的次數在13級時為每天一次，13級後每3級再增加每天一次。此能力取代武器訓練3。	
CATEGORY=Special Ability|Fighter Weapon Master ~ Critical Specialist.MOD	OUTPUTNAME:重擊專精（Critical Specialist）	DESC:.CLEAR	DESC:17級起，任何武器大師的選擇武器造成重擊引發的效果，豁免DC+4。此能力取代武器訓練4。	
CATEGORY=Special Ability|Fighter Weapon Master ~ Unstoppable Strike.MOD	OUTPUTNAME:無堅不摧（Unstoppable Strike）	DESC:.CLEAR	DESC:19級起，以一個標準動作，武器大師可以用他的選擇武器做一次攻擊，視作接觸攻擊，且無視傷害減免（或者硬度，若攻擊物品的話）。	
CATEGORY=Special Ability|Airborne Ambusher ~ Combat Flyer.MOD	OUTPUTNAME:戰鬥飛行者（Combat Flyer）	DESC:.CLEAR	DESC:2級起，空襲者能夠使用戰士獎勵專長選擇「飛越攻擊」以及「盤旋」。該能力取代英勇。	
CATEGORY=Special Ability|Airborne Ambusher ~ Aerobatics.MOD	OUTPUTNAME:特技飛行（Aerobatics）	DESC:.CLEAR	DESC:5級起，空襲者能夠在通過威脅區域或者敵人佔據的空間時使用飛行檢定取代特技檢定。該能力取代武器訓練1。	
CATEGORY=Special Ability|Airborne Ambusher ~ Flying Dodger.MOD	OUTPUTNAME:閃避飛行（Flying Dodger）	DESC:.CLEAR	DESC:9級起，當空襲者在他的行動輪至少飛行了超過其一半飛行速度的距離時，他的AC獲得+1閃避加值並持續1輪。該加值在11級時提升至+2並在17級時提升至+4。該能力取代武器訓練2。	
CATEGORY=Special Ability|Airborne Ambusher ~ Plummeting Charge.MOD	OUTPUTNAME:驟降衝鋒（Plummeting Charge）	DESC:.CLEAR	DESC:13級起，若空襲者在他衝鋒時至少飛行了超過其一半飛行速度的距離，那麼他在攻擊檢定上會獲得+2種族加值（除正常的衝鋒加值之外）並且重擊確認檢定+4。攻擊檢定加值在17級時提升至+4以及+6。該能力取代武器訓練3和4。	
CATEGORY=Special Ability|Cavern Sniper ~ Imbued Shot.MOD	OUTPUTNAME:灌魔射擊（Imbued Shot）	DESC:.CLEAR	DESC:1級起，深穴狙擊手獲得將卓爾類法術的效果灌入弓矢或弩箭的能力，以一個迅捷動作，他可以在卓爾類法術能力中的『妖火』、『黑暗術』、或者『深幽黑暗術』（如果他能夠使用這些能力）中選擇一個灌入箭矢之中。當這個弓矢或弩箭射出後，以它的落點決定法術範圍的中心。若射擊的目標佔據的空間大於5尺，深穴狙擊手可以任選生物佔據空間內的一個方格作為類法術效果的中心，但是前提要求該方格與深穴狙擊手有視覺線連接。深穴狙擊手也可以選擇命中一個有視覺線與其連接的單獨方格作為灌魔箭矢的目標（AC5），並以該方格作為類法術能力的範圍效果的中心。灌魔箭矢必須在注魔的回合射出，否則注入的類法術能力會被浪費。若箭矢沒有射中目標，也同樣會消耗類法術能力。該能力取代1級的獎勵專長。	
CATEGORY=Special Ability|Cavern Sniper ~ Silent Shooter.MOD	OUTPUTNAME:寂靜射手（Silent Shooter）	DESC:.CLEAR	DESC:2級起，當深穴狙擊手給弓或弩裝載箭矢、給彈藥淬毒與狙擊時，隱匿檢定獲得+2加值。該加值在2級之後的每4級再+2。該能力取代英勇。	
CATEGORY=Special Ability|Cavern Sniper ~ Quick and Deadly.MOD	OUTPUTNAME:迅速且致命（Quick and Deadly）	DESC:.CLEAR	DESC:4級起，深穴狙擊手能以隱匿技能進行全速移動而不會受到任何減值，同時他還能以一個迅捷動作給一隻弓矢或弩箭淬毒。該能力取代4級的獎勵專長。	
CATEGORY=Special Ability|Cavern Sniper ~ Sniper Training.MOD	OUTPUTNAME:狙擊訓練（Sniper Training）	DESC:.CLEAR	DESC:5級起，深穴狙擊手選擇弓類或弩類武器組，並且在使用選定的武器時攻擊與傷害檢定+2。這個加值在5級後的每4個等級都會+1。該能力取代武器訓練1,3和4。	
CATEGORY=Special Ability|Cavern Sniper ~ Greater Imbued Shot.MOD	OUTPUTNAME:高等灌魔射擊（Greater Imbued Shot）	DESC:.CLEAR	DESC:9級起，深穴狙擊手獲得額外2次使用『妖火』和『黑暗術』類法術能力的次數，但是這些額外使用次數只能用於【灌魔射擊】職業能力。該特性取代武器訓練2。	
CATEGORY=Special Ability|Cavern Sniper ~ Weapon Mastery.MOD	OUTPUTNAME:武器宗師（Weapon Mastery）	DESC:.CLEAR	DESC:20級時，當深穴狙擊手獲得【武器宗師】能力時，他必須選擇弓類或弩類武器組中的一件武器。	
CATEGORY=Special Ability|Dirty Fighter ~ Sidestep.MOD	OUTPUTNAME:迴避（Sidestep）	DESC:.CLEAR	DESC:2級時，一名陰招戰士學會如何在對方對其戰技做出反應時躲避對方的攻擊。當嘗試進行戰技且引發藉機攻擊時，他的AC獲得+1閃避加值。這一加值在2級之後的每4級都再+1。這一能力取代英勇。	
CATEGORY=Special Ability|Dirty Fighter ~ Maneuver Training.MOD	OUTPUTNAME:戰技訓練（Maneuver Training）	DESC:.CLEAR	DESC:5級時，一名陰招戰士成為了使用陰招的大師。他在使用陰招時戰技檢定+2，對抗陰招的CMD+2。這一能力取代武器訓練1。	
CATEGORY=Special Ability|Dirty Fighter ~ Speedy Tricks.MOD	OUTPUTNAME:快速陰招（Speedy Tricks）	DESC:.CLEAR	DESC:9級時，陰招戰士深諳了如何快速地使用陰招。他能以一次攻擊動作、而非一個標準動作來使用陰招。這一能力取代武器訓練2。	
CATEGORY=Special Ability|Dirty Fighter ~ Double Tricks.MOD	OUTPUTNAME:多重陰招（Double Tricks）	DESC:.CLEAR	DESC:13級時，當陰招戰士成功進行一次陰招戰技時，他可以對自己的對手造成兩個不同的狀態，而不是一個。每一個不良狀態都需要花費獨立的動作去解除。在17級時，他可以同時造成三個不同的狀態。這一能力取代武器訓練3和4。	
CATEGORY=Special Ability|Foehammer ~ Sledgehammer.MOD	OUTPUTNAME:大錘（Sledgehammer）	DESC:.CLEAR	DESC:3級時，破敵之錘在持用錘類武器時在衝撞、闖越、卸武和絆摔的戰技檢定上獲得+2環境加值。這一能力取代盔甲訓練1。	
CATEGORY=Special Ability|Foehammer ~ Weapon Training.MOD	OUTPUTNAME:武器訓練（Weapon Training）	DESC:.CLEAR	DESC:5級時，破敵之錘必須選擇錘類武器並且不會獲得其他武器組的【武器訓練】。他的武器訓練加值在5級後的每4級都會再+1。	
CATEGORY=Special Ability|Foehammer ~ Hammer to the Ground.MOD	OUTPUTNAME:捶倒在地（Hammer to the Ground）	DESC:.CLEAR	DESC:7級時，當破敵之錘進行了一次成功的衝撞檢定時，他可以在衝撞結束後進行一次絆摔戰技。即使他沒有跟隨目標移動，衝擊的力量仍然可能摔倒他的敵人，但他需要在絆摔的戰技檢定中承受-5減值。15級時，任何破敵之錘成功衝撞的目標都會在衝撞結束後被自動擊倒。這一能力取代護甲訓練2和4。	
CATEGORY=Special Ability|Foehammer ~ Rhythmic Blows.MOD	OUTPUTNAME:一鼓作氣（Rhythmic Blows）	DESC:.CLEAR	DESC:9級時，每當破敵之錘擊中目標，他都在對該目標的攻擊檢定上獲得+1加值。每次命中這一目標時，加值都會疊加，但是只會持續存在到破敵之錘的回合結束。這一能力取代武器訓練2。	
CATEGORY=Special Ability|Foehammer ~ Piledriver.MOD	OUTPUTNAME:打樁機（Piledriver）	DESC:.CLEAR	DESC:11級時，以一個標準動作，破敵之錘可以使用錘類武器組中的武器進行一次單獨的近戰攻擊。若攻擊命中，他能以一個不引發藉機攻擊的自由動作對其攻擊的目標進行一個衝撞或絆摔戰技。這一能力取代盔甲訓練3。	
CATEGORY=Special Ability|Foehammer ~ Ground Breaker.MOD	OUTPUTNAME:撼地者（Ground Breaker）	DESC:.CLEAR	DESC:13級時，以一個整輪動作，破敵之錘可以用他的錘子猛擊地面。若攻擊造成了大於地面硬度的傷害，他所佔據的方格及其所有臨近方格都變為困難地形。在這些方格內的生物，除了破敵之錘自己，都會摔倒在地（通過DC15反射豁免則無效）。這一能力取代武器訓練3。	
CATEGORY=Special Ability|Foehammer ~ Hammer Master.MOD	OUTPUTNAME:戰錘大師（Hammer Master）	DESC:.CLEAR	DESC:17級時，任何破敵之錘學會的對於任意錘類武器組內有效的專長（如「精通重擊」或「武器專攻」）同樣能夠作用於該武器組中的所有武器。這一能力取代武器訓練4。	
CATEGORY=Special Ability|Foehammer ~ Devastating Blow.MOD	OUTPUTNAME:毀滅打擊（Devastating Blow）	DESC:.CLEAR	DESC:19級時，以一個標準動作，破敵之錘承受-5罰值，用一件錘類武器組中的武器進行單次近戰攻擊。若該攻擊命中，它被視為造成重擊威脅。僅能在重擊時生效的武器附魔不會在該重擊被確認時生效。這一能力取代盔甲宗師。	
CATEGORY=Special Ability|Foehammer ~ Weapon Mastery.MOD	OUTPUTNAME:武器宗師（Weapon Mastery）	DESC:.CLEAR	DESC:破敵之錘必須選擇一件錘類武器組中的武器。	
CATEGORY=Special Ability|Armor Master ~ Deflective Shield.MOD	OUTPUTNAME:偏轉之盾（Deflective Shield）	DESC:.CLEAR	DESC:2級時，護甲宗師學會使用他的盾牌偏斜攻擊，在2級和之後的每4級，他的接觸AC上升一，直到20級的+6（編者註：原文疑有誤），但此加值不會和盔甲與盾牌提供的AC增強加值疊加。此能力取代英勇。	
CATEGORY=Special Ability|Armor Master ~ Armored Defense.MOD	OUTPUTNAME:盔甲防禦（Armored Defense）	DESC:.CLEAR	DESC:5級起，護甲宗師在穿著輕甲時得到傷害減免1/-，中甲時2/-，重甲時3/-。19級時，此傷害減免上升到輕甲4/-，中甲8/-，重甲12/-。此傷害減免和精金護甲疊加，但是不會和其他來源的傷害減免疊加。此能在護甲宗師震懾、無助或昏迷時無效。此能力取代武器訓練1和3，還有鎧甲宗師。	
CATEGORY=Special Ability|Armor Master ~ Fortification.MOD	OUTPUTNAME:堅韌（Fortification）	DESC:.CLEAR	DESC:9級時，護甲宗師可以用他的裝甲與盾牌阻擋致命攻擊。在他穿著護甲時，他得到次級護命。13級則上升到高等護命。此能力不會和盔甲上的特殊能力疊加。此能力取代武器訓練2和4。	
CATEGORY=Special Ability|Armor Master ~ Indestructible.MOD	OUTPUTNAME:堅忍不屈（Indestructible）	DESC:.CLEAR	DESC:20級時，穿著盔甲的護甲宗師免疫偷襲和重擊，此外，除非他的盔甲擁有脆弱屬性，否則在他穿著盔甲時，盔甲不會被破壞。此能力取代武器宗師。	
CATEGORY=Special Ability|Brawler ~ Close Control.MOD	OUTPUTNAME:近程控制（Close Control）	DESC:.CLEAR	DESC:2級時，打手學會了拖著他的敵人在戰場上轉的技巧，打手在衝撞、拽曳和復位的戰技檢定上得到+1的加值，同時對於這些戰技的CMD也上升1，這些加值在之後的每4級上升1點，直到18級的+5。此能力取代盔甲訓練1。	
CATEGORY=Special Ability|Brawler ~ Close Combatant.MOD	OUTPUTNAME:貼身肉搏（Close Combatant）	DESC:.CLEAR	DESC:3級，打手在貼身武器組的武器命中上+1，且傷害+3，這些加值會在之後的每4級上升1，直到19級的+5命中+7傷害。此能力取代武器訓練1和2。	
CATEGORY=Special Ability|Brawler ~ Menacing Stance.MOD	OUTPUTNAME:兇猛姿態（Menacing Stance）	DESC:.CLEAR	DESC:7級時，只要鄰接打手，敵對生物的命中就必須承受-1減值且專注-4，這些減值在之後每四級增加1，直到19級的命中-4、專注-7，在打手暈眩、反胃、震懾、無助或昏迷時，附近的敵人不會承受減值。此能力取代盔甲訓練2、3、4和鎧甲宗師。	
CATEGORY=Special Ability|Brawler ~ No Escape.MOD	OUTPUTNAME:無處可躲（No Escape）	DESC:.CLEAR	DESC:9級時，敵人以五尺快步或撤退動作移出打手的威脅區域時會引起打手的藉機攻擊。此能力取代武器訓練3、4。	
CATEGORY=Special Ability|Brawler ~ Stand Still.MOD	OUTPUTNAME:禁止通行（Stand Still）	DESC:.CLEAR	DESC:13級，打手得到「禁止通行」做為獎勵專長，即便他不滿足先決條件。要是他已經學會了「禁止通行」，那麼他可以選一個戰鬥專長取而代之。此外，他在「禁止通行」的戰技檢定上得到相當於他等級一半的加值。	
CATEGORY=Special Ability|Brawler ~ Weapon Mastery.MOD	OUTPUTNAME:武器宗師（Weapon Mastery）	DESC:.CLEAR	DESC:打手的武器宗師必須從貼身武器組中選取。	
CATEGORY=Special Ability|Cad ~ Dirty Maneuvers.MOD	OUTPUTNAME:惡劣戰技（Dirty Maneuvers）	DESC:.CLEAR	DESC:2級起，惡棍將專精於詐欺並擅長使他的對手尷尬，他在卸武、陰招和盜取戰技檢定與戰技防禦上得到+1的加值，此加值在之後每4級上升1，直到第18級的+5。此能力取代英勇。	
CATEGORY=Special Ability|Cad ~ Catch Off-Guard.MOD	OUTPUTNAME:隨手武器（Catch Off-Guard）	DESC:.CLEAR	DESC:3級時，惡棍得到「隨手武器」專長。此專長取代盔甲訓練1。	
CATEGORY=Special Ability|Cad ~ Payback.MOD	OUTPUTNAME:報復（Payback）	DESC:.CLEAR	DESC:5級起，惡棍在攻擊在上輪曾經傷害過他的敵人時，命中和傷害上得到+1的加值，此加值在之後4級上升1，直到17級的+4。此能力取代武器訓練1、3、4。	
CATEGORY=Special Ability|Cad ~ Deadly Surprise.MOD	OUTPUTNAME:致命驚喜（Deadly Surprise）	DESC:.CLEAR	DESC:7級，當惡棍攻擊一個失去AC敏捷修正的敵人時，他能以直覺動作施展陰招作為攻擊的一部份。此能力取代盔甲訓練2。	
CATEGORY=Special Ability|Cad ~ Razor-Sharp Chair Leg.MOD	OUTPUTNAME:鋒利椅腳（Razor-Sharp Chair Leg）	DESC:.CLEAR	DESC:9級時，惡棍可以通過一個迅捷動作改變臨時武器造成的傷害類型，將武器傷害變成穿刺、揮砍或敲擊。此外，惡棍所持的臨時武器重擊範圍變成19-20×2。此能力取代武器訓練2。	
CATEGORY=Special Ability|Cad ~ Craven Combatant.MOD	OUTPUTNAME:懦夫戰術（Craven Combatant）	DESC:.CLEAR	DESC:11級，當使用防禦式戰鬥、寓守於攻和全防禦時，惡棍不會被夾擊，除非夾擊者是高他4級以上的忍者或盜賊。此能力取代盔甲訓練3。	
CATEGORY=Special Ability|Cad ~ Sweeping Prank.MOD	OUTPUTNAME:賤招橫掃（Sweeping Prank）	DESC:.CLEAR	DESC:13級，惡棍可以透過一個標準動作，對兩個他鄰接且可碰觸的角色發起陰招，他必須對兩者分別進行戰技檢定且必須對兩人使用同樣的陰招。17級，惡棍能以整輪動作用陰招攻擊相當於「2+敏捷修正」的人數。此能力取代武器訓練3、4。	
CATEGORY=Special Ability|Cad ~ Treacherous Blow.MOD	OUTPUTNAME:陰險擊打（Treacherous Blow）	DESC:.CLEAR	DESC:15級，造成重擊時，惡棍可以用直覺動作施展陰招。	
CATEGORY=Special Ability|Cad ~ Ultimate Payback.MOD	OUTPUTNAME:終極報復（Ultimate Payback）	DESC:.CLEAR	DESC:20級，惡棍對一輪內攻擊過他的敵人造成的重擊將自動確認成功。此能力取代武器宗師。	
CATEGORY=Special Ability|Dragoon ~ Skilled Rider.MOD	OUTPUTNAME:老練騎兵（Skilled Rider）	DESC:.CLEAR	DESC:1級時，龍騎兵得到技能專攻（騎術）以及騎乘戰鬥專長。此能力取代1級的獎勵專長。	
CATEGORY=Special Ability|Dragoon ~ Spear Training.MOD	OUTPUTNAME:槍矛訓練（Spear Training）	DESC:.CLEAR	DESC:5級，在選擇武器訓練時，他必須選擇長槍類。龍騎兵的武器訓練將提供所有槍矛+1命中和+2傷害，此加值在之後的每4級分別上升1和2，直到17級的命中+4傷害+8。龍騎兵不會得到其他的武器訓練組。	
CATEGORY=Special Ability|Dragoon ~ Spinning Lance.MOD	OUTPUTNAME:織密槍之舞（Spinning Lance）	DESC:.CLEAR	DESC:7級時，龍騎兵可以用長槍的雙頭攻擊，以鋒銳的槍頭作為長武器，並以槍身攻擊近身的敵人（傷害如同木棒）。和一般雙頭武器不同的是，長槍的附魔加值將會作用在武器的兩頭，除非該屬性只會在銳器上出現。織密槍之舞取代盔甲訓練2。	
CATEGORY=Special Ability|Dragoon ~ Banner.MOD	OUTPUTNAME:旗幟（Banner）	DESC:.CLEAR	DESC:在9級，龍騎兵得到騎士的「旗幟」職業能力，「旗幟」所提供的加值在9級之後的每5級+1，直到19級的+3，如果龍騎兵同時擁有騎士等級，那麼在計算「旗幟」等級時他可以將龍騎兵和騎士的等級疊加，並取對他較有利的算法。此能力取代武器訓練2、3、4。	
CATEGORY=Special Ability|Dragoon ~ Piercing Lance.MOD	OUTPUTNAME:穿刺長槍（Piercing Lance）	DESC:.CLEAR	DESC:11級，消耗一個標準動作或在衝鋒時，龍騎兵可以用他的最高攻擊加值發動兩次攻擊，同時攻擊騎乘中對手的坐騎和騎乘者。此外，如果他擊中了對手的坐騎，而對手打算透過騎乘檢定避免傷害的話，此騎乘檢定的DC將視為比正常高4。此能力取代盔甲訓練3。	
CATEGORY=Special Ability|Dragoon ~ Leaping Lance.MOD	OUTPUTNAME:槍矛躍擊（Leaping Lance）	DESC:.CLEAR	DESC:15級時，龍騎兵在騎乘時他與他的坐騎在騎術檢定上將不再承受盔甲檢定減值，而且衝鋒時龍騎兵可以選擇從坐騎上跳到目標面前，如果他跳躍超過10尺，那麼衝鋒的防禦罰值和命中加值將會加倍，且在計算傷害與相關專長時仍被視為騎乘狀態。	
CATEGORY=Special Ability|Dragoon ~ Weapon Mastery.MOD	OUTPUTNAME:武器宗師（Weapon Mastery）	DESC:.CLEAR	DESC:龍騎兵的武器宗師必須選擇長槍。	
CATEGORY=Special Ability|Gladiator ~ Fame.MOD	OUTPUTNAME:聲譽（Fame）	DESC:.CLEAR	DESC:2級時，在演武角鬥（performance combat）時，他可以在開場時得到1點勝利點；如果他已經擁有勝利點，那麼他就得到額外1點勝利點。10級起，他在開場時得到2點勝利點；如果他已經有勝利點的話就額外得到2點。此能力取代英勇。	
CATEGORY=Special Ability|Tactician ~ Strategic Training.MOD	OUTPUTNAME:戰略訓練（Strategic Training）	DESC:.CLEAR	DESC:策略家的技能點為「4+智力修正」，並且將交涉（魅力）、隱匿（敏捷）、知識（地方，智力）、知識（貴族，智力）和語言學（智力）加入本職技能。此能力取代1級的戰士獎勵專長。	
CATEGORY=Special Ability|Tactician ~ Tactical Awareness.MOD	OUTPUTNAME:戰術直覺（Tactical Awareness）	DESC:.CLEAR	DESC:2級時，策略家的先攻得到+1加值，此加值在之後的每4級上升1，直到18級的+5。此能力取代英勇。	
CATEGORY=Special Ability|Tactician ~ Tactician.MOD	OUTPUTNAME:戰術（Tactician）	DESC:.CLEAR	DESC:5級時，策略家得到騎士的戰術職業能力。他每日可以使用此能力1次，之後的每5級再加1次，直到20級的4次。如果他同時擁有策略家和騎士等級，在計算戰術時兩者的等級累計，而且他可以採取對他較有利的使用次數計算方式。此能力取代武器訓練1。	
CATEGORY=Special Ability|Tactician ~ Cooperative Combatant.MOD	OUTPUTNAME:團隊作戰（Cooperative Combatant）	DESC:.CLEAR	DESC:11級，策略家使用協助他人時，每擁有1點智力加值，他可以多協助一個盟友，讓他們在下次攻擊時得到+2加值或是面對下次攻擊時得到+2AC加值。每個盟友可以獲得不同的加值。此能力取代盔甲訓練3。	
CATEGORY=Special Ability|Tactician ~ Battle Insight.MOD	OUTPUTNAME:戰場洞悉（Battle Insight）	DESC:.CLEAR	DESC:15級，通過一個迅捷動作，策略家可以將他的智力加值作為洞察加值加到單一盟友的攻擊擲骰上。要得到此加值，該盟友必需要和策略家有效果線，而且必須能看到和聽到策略家，此加值持續到策略家下一輪開始為止。策略家每日能使用此能力的次數等於「3+智力修正」。	
CATEGORY=Special Ability|Thunderstriker ~ Strapped Shield.MOD	OUTPUTNAME:盾牌掌握（Strapped Shield）	DESC:.CLEAR	DESC:3級起，雷霆襲者在使用雙手武器並裝備小圓盾時，不需要承受攻擊檢定減值。此能力取代盔甲訓練1。	
CATEGORY=Special Ability|Thunderstriker ~ Hardbuckler.MOD	OUTPUTNAME:貼身猛擊（Hardbuckler）	DESC:.CLEAR	DESC:7級時，雷霆襲者可以使用小圓盾進行盾擊，效果如同輕型盾牌。此能力取代盔甲訓練2。	
CATEGORY=Special Ability|Thunderstriker ~ Knockback Smash.MOD	OUTPUTNAME:退敵強襲（Knockback Smash）	DESC:.CLEAR	DESC:11級，當雷霆襲者使用小圓盾進行盾擊時，他可以在攻擊和傷害上得到相當小圓盾增強加值的加值。此能力取代盔甲訓練3。	
CATEGORY=Special Ability|Thunderstriker ~ Hammer and Anvil.MOD	OUTPUTNAME:錘擊鐵鑽（Hammer and Anvil）	DESC:.CLEAR	DESC:13級，雷霆襲者使用小圓盾作為副手武器發起雙武器攻擊時，他只承受一半的雙武器戰鬥減值。此能力取代武器訓練3。	
CATEGORY=Special Ability|Thunderstriker ~ Buckler Defense.MOD	OUTPUTNAME:小圓盾防禦（Buckler Defense）	DESC:.CLEAR	DESC:15級，雷霆襲者可以在雙手持用武器的情況之下使用小圓盾，得到AC+1的盾牌加值且與盾相關專長仍可作用（不過無法享受盾牌的任何附魔強化）。此能力取代盔甲訓練4。	
CATEGORY=Special Ability|Thunderstriker ~ Balanced Bashing.MOD	OUTPUTNAME:均衡盾擊（Balanced Bashing）	DESC:.CLEAR	DESC:17級，雷霆襲者使用小圓盾作為副手武器時不再承受雙武器戰鬥減值。此能力取代武器訓練4。	
CATEGORY=Special Ability|Thunderstriker ~ Improved Buckler Defense.MOD	OUTPUTNAME:精通小圓盾防禦（Improved Buckler Defense）	DESC:.CLEAR	DESC:19級，雷霆襲者不會在使用小圓盾並用雙手戰鬥時失去小圓盾的盾牌加值。此能力取代護甲宗師。	
CATEGORY=Special Ability|Tower Shield Specialist ~ Burst Barrier.MOD	OUTPUTNAME:屏障（Burst Barrier）	DESC:.CLEAR	DESC:2級起，塔盾專家可以利用塔盾規避範圍效果。當他持用塔盾時，他的反射豁免得到+1的加值，此加值在之後每4級上升1直到18級的+5。屏障取代英勇。	
CATEGORY=Special Ability|Tower Shield Specialist ~ Tower Shield Training.MOD	OUTPUTNAME:塔盾訓練（Tower Shield Training）	DESC:.CLEAR	DESC:3級時，塔盾專家如常得到盔甲訓練。但當他裝備塔盾時，防具減值降低3，而最大敏捷修正上升2，此加值會在之後的每4級，如同正常的盔甲訓練一樣的成長。如果塔盾專家沒有裝備塔盾的話，此能力的效果如同盔甲訓練。	
CATEGORY=Special Ability|Tower Shield Specialist ~ Tower Shield Specialist.MOD	OUTPUTNAME:塔盾精通（Tower Shield Specialist）	DESC:.CLEAR	DESC:5級後，塔盾專家在持用塔盾作戰時，他的命中不需要因為盾牌的重量承受-2的罰值。此能力取代武器訓練1。	
CATEGORY=Special Ability|Tower Shield Specialist ~ Tower Shield Defense.MOD	OUTPUTNAME:塔盾防禦（Tower Shield Defense）	DESC:.CLEAR	DESC:9級，當塔盾專家裝備塔盾時，他可以將他的盾牌加值加到接觸AC上。此能力取代武器訓練2。	
CATEGORY=Special Ability|Tower Shield Specialist ~ Immediate Repositioning.MOD	OUTPUTNAME:瞬間換防（Immediate Repositioning）	DESC:.CLEAR	DESC:13級，以一個直覺動作，塔盾專家可以將他的塔盾由一側移到另外一邊，不過他無法使用此能力中斷敵人的攻擊。此能力取代武器訓練3。	
CATEGORY=Special Ability|Tower Shield Specialist ~ Tower Shield Evasion.MOD	OUTPUTNAME:塔盾閃避（Tower Shield Evasion）	DESC:.CLEAR	DESC:16級，當使用塔盾時，塔盾專家得到「反射閃避」職業能力，20級時此能力變成「精通反射閃避」。塔盾閃避取代武器訓練4和武器大師。	
CATEGORY=Special Ability|Unarmed Fighter ~ Harsh Training.MOD	OUTPUTNAME:嚴格訓練（Harsh Training）	DESC:.CLEAR	DESC:2級時，搏擊士在對抗力竭、疲勞、蹣跚狀態或暫時性屬性減值時，他在豁免檢定上得到+1加值，此加值在之後每4級上升1，直到18級+5。嚴格訓練取代英勇。	
CATEGORY=Special Ability|Unarmed Fighter ~ Tough Guy.MOD	OUTPUTNAME:硬漢（Tough Guy）	DESC:.CLEAR	DESC:3級起，搏擊士在面對非致命傷害和擒抱時所受到傷害時，他得到相當於戰士等級一半的傷害減免。此能力取代盔甲訓練1。	
CATEGORY=Special Ability|Unarmed Fighter ~ Weapon Training.MOD	OUTPUTNAME:武器訓練（Weapon Training）	DESC:.CLEAR	DESC:5級時，搏擊士在徒手擊打和武僧武器組的命中和傷害上得到+1加值，此加值在之後每4級上升1，直到17級的+4。此能力取代武器訓練1、2、3、4。	
CATEGORY=Special Ability|Unarmed Fighter ~ Clever Wrestler.MOD	OUTPUTNAME:順勢摔角（Clever Wrestler）	DESC:.CLEAR	DESC:在7級，搏擊士在擒抱中不需要承受敏捷和攻擊的罰值，且在定身對手時仍保有敏捷AC加值，此外，搏擊士還可以在擒抱時對其他人發起藉機攻擊，並能對嘗試擒抱他的人發起藉機攻擊，就算對方有「精通擒抱」專長或「攫抓」特殊攻擊也是如此。	
CATEGORY=Special Ability|Unarmed Fighter ~ Trick Throw.MOD	OUTPUTNAME:詭詐拋擲（Trick Throw）	DESC:.CLEAR	DESC:9級時，當搏擊士用徒手擊打絆摔一個敵人的時候，他可以在對方倒地前用直覺動作追加一個陰招，此陰招不會引起藉機攻擊。此能力取代武器訓練2。	
CATEGORY=Special Ability|Unarmed Fighter ~ Takedown.MOD	OUTPUTNAME:拉倒（Takedown）	DESC:.CLEAR	DESC:11級，如果搏擊士成功使用了拽拽戰技，他能以一個迅捷動作對同一個目標發起絆摔，且不引起藉機攻擊。當他達到15級，他可以在成功擒抱的時候這樣做。此能力取代盔甲訓練3。	
CATEGORY=Special Ability|Unarmed Fighter ~ Eye Gouge.MOD	OUTPUTNAME:戳眼（Eye Gouge）	DESC:.CLEAR	DESC:13級，當搏擊士用徒手擊打造成重擊或是擒抱狀態時，他可以透過一個迅捷動作對對手施展陰招以讓對手目盲，此陰招不會引起藉機攻擊。戳眼對於體型比他大一級以上的生物沒有效果。此能力取代武器訓練3。	
CATEGORY=Special Ability|Unarmed Fighter ~ Sucker Punch.MOD	OUTPUTNAME:打樁衝擊（Sucker Punch）	DESC:.CLEAR	DESC:17級，當搏擊士用徒手擊打攻擊一個失去AC敏捷修正的對手或是在擒抱中定身對手時，他可以花費一個迅捷動作來對對手施展陰招或是絆摔對手。此能力取代盔甲訓練4。	
CATEGORY=Special Ability|Unarmed Fighter ~ Sheer Toughness.MOD	OUTPUTNAME:絕對強健（Sheer Toughness）	DESC:.CLEAR	DESC:19級，搏擊士免疫力竭、疲勞和蹣跚狀態與非致命傷害。此能力取代護甲宗師。	
CATEGORY=Special Ability|Unarmed Fighter ~ Weapon Mastery.MOD	OUTPUTNAME:武器宗師（Weapon Mastery）	DESC:.CLEAR	DESC:搏擊士的武器宗師必須選擇徒手擊打。	
CATEGORY=Special Ability|Unbreakable ~ Tough as Nails.MOD	OUTPUTNAME:堅硬似鐵（Tough as Nails）	DESC:.CLEAR	DESC:不屈者得到「堅忍」和「頑強」專長。此能力取代戰士1級的獎勵專長。	
CATEGORY=Special Ability|Unbreakable ~ Unflinching.MOD	OUTPUTNAME:堅定不移（Unflinching）	DESC:.CLEAR	DESC:2級時，不屈者在對抗心志影響效果時得到+1加值，此加值在之後每4及上升1，直到18級的+5。此能力取代英勇。	
CATEGORY=Special Ability|Unbreakable ~ Heroic Recovery.MOD	OUTPUTNAME:英勇自愈（Heroic Recovery）	DESC:.CLEAR	DESC:5級時，不屈者得到「英勇自愈」做為獎勵專長。如果他已經有此專長，那麼他可以選擇一個戰鬥專長。此外，他在之後每4級可以得到1次額外的使用次數，直到17級的每日4次。此能力取代武器訓練1。	
CATEGORY=Special Ability|Unbreakable ~ Heroic Defiance.MOD	OUTPUTNAME:英勇氣魄（Heroic Defiance）	DESC:.CLEAR	DESC:9級起，不屈者得到「英勇氣魄」專長。如果他已經有此專長，那麼他可以選擇一個戰鬥專長。此外，他在之後每4級可以得到1次額外的使用次數，直到19級的3次。此能力取代武器訓練2。	
CATEGORY=Special Ability|Unbreakable ~ Quick Recovery.MOD	OUTPUTNAME:迅速恢復（Quick Recovery）	DESC:.CLEAR	DESC:11級，不屈者只需要花費15分鐘休息或再次成為治療法術的目標，便可以從疲乏狀態恢復。此能力取代盔甲訓練3。	
CATEGORY=Special Ability|Unbreakable ~ Stalwart.MOD	OUTPUTNAME:壯漢（Stalwart）	DESC:.CLEAR	DESC:13級，當不屈者成功對抗通過強韌或意志豁免只受部分效果的法術或類法術能力豁免時，他可以徹底忽略掉該法術。此能力取代武器訓練3。	
CATEGORY=Special Ability|Unbreakable ~ Unlimited Endurance.MOD	OUTPUTNAME:無限耐久（Unlimited Endurance）	DESC:.CLEAR	DESC:15級，當不屈者力竭時，他只會受到疲勞的效果，不過他必須要休息一個小時才能擺脫疲勞。此能力取代盔甲訓練4。	
CATEGORY=Special Ability|Unbreakable ~ Miraculous Recovery.MOD	OUTPUTNAME:奇跡復原（Miraculous Recovery）	DESC:.CLEAR	DESC:17級，當不屈者透過豁免檢定嘗試克服一個持續性效果時，他可以骰兩次擲骰並取其高者。此能力取代武器訓練4。	
CATEGORY=Special Ability|Unbreakable ~ Unbreakable Mind.MOD	OUTPUTNAME:不屈意志（Unbreakable Mind）	DESC:.CLEAR	DESC:20級，不屈者免疫所有心志影響效果。此能力取代武器宗師。	
