CATEGORY=Special Ability|Rogue ~ Sneak Attack.MOD	OUTPUTNAME:偷襲（Sneak Attack）	DESC:.CLEAR	DESC:如果一名盜賊可以在對手無法有效防禦自己時做出攻擊，她可以攻擊對手的要害以造成額外傷害。在目標無法應用敏捷加值在防禦等級上的時候（無論目標是否有敏捷加值），或是目標被夾擊的時候，盜賊的攻擊造成額外傷害。1級時額外傷害是1d6，並且在之後的每2級都再增加1d6。如果盜賊在偷襲時造成了重擊，額外傷害不會翻倍。遠程攻擊只有在30尺內時才可以算作偷襲。使用造成非致命傷害的武器時（像是悶棍，長鞭或徒手攻擊），盜賊可以在偷襲時造成非致命傷害而不是致命傷。她不能在使用造成致命傷的武器偷襲時造成非致命傷害，即使承受了-4的懲罰也不行。盜賊必須能夠充分地看到目標以找到一個要害並必須能夠觸到該要害。盜賊在攻擊有隱蔽的生物時不能造成偷襲傷害。	
CATEGORY=Special Ability|Rogue ~ Trapfinding.MOD	OUTPUTNAME:尋找陷阱（Trapfinding）	DESC:.CLEAR	DESC:盜賊可以在定位陷阱的察覺檢定和解除裝置檢定中加上自己等級的一半（最少1）。盜賊可以使用解除裝置來解除魔法陷阱。	
CATEGORY=Special Ability|Rogue ~ Evasion.MOD	OUTPUTNAME:反射閃避（Evasion）	DESC:.CLEAR	DESC:2級起，盜賊可以以高超的敏捷避開魔法和特殊攻擊。盜賊在對抗若通過反射豁免可以減少一半傷害的攻擊時，如果通過了豁免，則不會受到傷害。只有在穿戴輕型或不穿甲時才可以進行反射閃避。無助狀態下的盜賊不能獲得反射閃避的收益。	
CATEGORY=Special Ability|Rogue ~ Rogue Talents.MOD	OUTPUTNAME:盜賊天賦（Rogue Talents）	DESC:.CLEAR	DESC:盜賊的經驗積累過程中，她可以學會一些幫助她挫敗敵人的天賦。2級時，盜賊獲得一個盜賊天賦。之後每2級都會再獲得一個盜賊天賦。盜賊不能重複選擇同一個天賦。	
CATEGORY=Special Ability|Rogue ~ Trap Sense.MOD	OUTPUTNAME:陷阱感知（Trap Sense）	DESC:.CLEAR	DESC:3級時，盜賊擁有避開陷阱危險的直覺反應，在避免觸發陷阱的反射檢定中有+1加值，在對抗陷阱的攻擊時AC有+1閃避加值。盜賊達到6級時這些加值變為+2，9級時變為+3，12級時變為+4，15級時變為+5，18級時變為+6。從不同職業獲得的陷阱感知加值互相疊加。	
CATEGORY=Special Ability|Rogue ~ Uncanny Dodge.MOD	OUTPUTNAME:直覺閃避（Uncanny Dodge）	DESC:.CLEAR	DESC:4級起，盜賊可以超越感官的限制，對不可見的危險作出反應。她不會措手不及，被隱形的敵人攻擊時也不會喪失AC的敏捷加值。如果她無法行動，她還是會失去AC的敏捷加值。擁有此能力的盜賊在被成功的虛招時依然會失去AC的敏捷加值。如果盜賊已經由其他職業上獲得了直覺閃避能力，那麼他自動獲得【精通直覺閃避】（見之後的說明）。	
CATEGORY=Special Ability|Rogue ~ Improved Uncanny Dodge.MOD	OUTPUTNAME:精通直覺閃避（Improved Uncanny Dodge）	DESC:.CLEAR	DESC:8級或更高等級的盜賊不再會被夾擊。因此其他盜賊無法以夾擊方式偷襲此盜賊，除非攻擊者的盜賊等級比目標的盜賊等級高至少4級。如果角色已經因為其他職業獲得【直覺閃避】能力（見前），該角色在得到直覺閃避時自動獲得【精通直覺閃避】，並且將所有獲得直覺閃避職業的等級累加起來以決定夾擊此角色所需的最低盜賊等級。	
CATEGORY=Special Ability|Rogue ~ Master Strike.MOD	OUTPUTNAME:大師之擊（Master Strike）	DESC:.CLEAR	DESC:達到20級後，盜賊的偷襲變得無比致命。每次造成偷襲傷害時，盜賊可以從如下三個效果中選擇一個：目標睡眠1d4小時，麻痺2d6輪，或直接被殺死。無論選擇哪種效果，目標都要進行一次強韌豁免檢定來對抗。豁免DC為「10+1/2盜賊等級+智力修正」。一旦一個生物成為了【大師之擊】的目標，無論是否通過了豁免檢定，該生物都在24小時內免疫同一個盜賊的大師之擊。免疫偷襲的生物同樣免疫此能力。	
CATEGORY=Special Ability|Acrobat ~ Expert Acrobat.MOD	OUTPUTNAME:特技專家（Expert Acrobat）	DESC:.CLEAR	DESC:從1級開始，特技大師在穿著輕甲時在特技，攀爬，飛行，巧手，隱匿的檢定上不承受防具減值。當她沒有穿甲時，她獲得+2表現加值在特技和飛行技能的檢定上。這一能力取代尋找陷阱。	
CATEGORY=Special Ability|Acrobat ~ Second Chance.MOD	OUTPUTNAME:二次機遇（Second Chance）	DESC:.CLEAR	DESC:從3級開始，特技大師可以重投一次特技，攀爬，或是飛行的技能檢定。這一重投必須承受-5減值。她必須接受重投的結果，即使重投的結果比之前更糟。3級時，特技大師每日可以使用一次這一能力，之後每3個等級，她獲得1次額外每日使用次數。這一能力替代陷阱感知。	
CATEGORY=Special Ability|Burglar ~ Distraction.MOD	OUTPUTNAME:聲東擊西（Distraction）	DESC:.CLEAR	DESC:自8級開始，當一個夜行大盜處於隱匿狀態時，她可以以一個直覺動作來對一個正在使用偵查技能的目標進行唬騙檢定，如果目標的察言觀色檢定失敗，那他會認為他只是聽到了某個無害生物發出的聲響而放棄對夜行大盜的偵查搜索。這一能力只能在目標無法看到夜行大盜的情況下使用。這一能力只能在一次隱匿過程中使用一次，如果同一生物再次察覺到了夜行大盜引發的動靜，那麼這一能力將無法再次生效。這一能力取代精通直覺閃避。	
CATEGORY=Special Ability|Cutpurse ~ Measure the Mark.MOD	OUTPUTNAME:萬無一失（Measure the Mark）	DESC:.CLEAR	DESC:當一個扒手嘗試使用巧手從某個生物上取走某樣物品時，目標生物進行一次察覺檢定，扒手知曉這一察覺檢定的結果，她可以選擇繼續進行偷竊或者放棄這次行動。如果盜賊選擇不進行這一檢定，那她可以進行一次唬騙檢定，對抗目標的察言觀色，如果唬騙成功，目標將因分心而完全沒注意到這次扒竊行為。這一能力取代尋找陷阱。	
CATEGORY=Special Ability|Cutpurse ~ Stab and Grab.MOD	OUTPUTNAME:出手不放空（Stab and Grab）	DESC:.CLEAR	DESC:自3級開始，扒手可以以一個全回合動作進行一次攻擊並同時進行一次巧手檢定，從被攻擊目標身上偷走某樣物品。如果這一攻擊造成偷襲傷害，那扒手可以通過一次巧手檢定從目標身上順走某樣物品，即使當時他們正處於交戰狀態中。此外這一能力只能在突襲輪中使用，並且目標還未進行過行動。如果這一攻擊成功命中目標，那目標對這一偷竊行為的察覺檢定-5。這一能力取代陷阱感知。	
CATEGORY=Special Ability|Investigator ~ Follow Up.MOD	OUTPUTNAME:順籐摸瓜（Follow Up）	DESC:.CLEAR	DESC:一個調查員可以在一次交涉檢定中投擲兩次檢定骰來收集信息，她同時獲得兩個檢定結果搜集的信息。如果較低的檢定結果搜集而來的情報乃是假情報，調查員會立刻辨別出這是一個虛假情報而不會被迷惑誤導。調查員無法通過詢問調查對像來獲知這一情報乃是虛假情報。這一能力替換尋找陷阱。	
CATEGORY=Special Ability|Poisoner ~ Master Poisoner.MOD	OUTPUTNAME:毒劑大師（Master Poisoner）	DESC:.CLEAR	DESC:自3級開始，一個製毒大師可以使用工藝（煉金）來改變毒素的類別。這需要1小時的工作時間及標準的煉金實驗室設備，此外還必須通過一次等同於毒素DC的工藝（煉金）檢定。如果成功，你可以將毒素的生效類型改變為接觸，攝入，吸入，或者是傷口，如果失敗，這份毒素即被毀壞。此外，製毒大師在工藝（煉金）上獲得等同她一半盜賊等級的加值。這一能力替代陷阱感知。	
CATEGORY=Special Ability|Rake ~ Bravado's Blade.MOD	OUTPUTNAME:唬詐之刃（Bravado's Blade）	DESC:.CLEAR	DESC:當一個浪蕩子在一次攻擊中命中對手並造成偷襲傷害時，她可以選擇放棄1d6傷害以一個自由動作進行威嚇檢定來挫敗對手士氣。她每放棄1d6的偷襲傷害，她可以在威嚇檢定上獲得+5環境加值。這一能力替代尋找陷阱。	
CATEGORY=Special Ability|Rake ~ Rake's Smile.MOD	OUTPUTNAME:不羈微笑（Rake's Smile）	DESC:.CLEAR	DESC:自3級開始，浪蕩子在唬騙交涉上獲得+1士氣加值。這一加值在之後每3級+1。這一能力替換陷阱感知。	
CATEGORY=Special Ability|Scout ~ Scout's Charge.MOD	OUTPUTNAME:斥候衝鋒（Scout's Charge）	DESC:.CLEAR	DESC:從4級開始，當斥候進行衝鋒攻擊時，她的攻擊造成偷襲傷害就如同對手處於措手不及狀態一般。擁有直覺閃避的目標不受這一能力影響。這一能力替代直覺閃避。	
CATEGORY=Special Ability|Scout ~ Skirmisher.MOD	OUTPUTNAME:散兵戰術（Skirmisher）	DESC:.CLEAR	DESC:自8級開始，當斥候可在一輪中移動至少10尺距離並且進行一次攻擊，這一攻擊會造成偷襲傷害就如同對手處於措手不及狀態一般。如果斥候在一輪中進行了一次以上的攻擊，那麼這一能力僅僅對第一次攻擊生效。擁有直覺閃避的目標不受這一能力的影響。這一能力替代精通直覺閃避。	
CATEGORY=Special Ability|Sniper ~ Accuracy.MOD	OUTPUTNAME:精準（Accuracy）	DESC:.CLEAR	DESC:1級開始，狙擊手在使用十字弓或弓進行遠處攻擊時只承受一半射程增量減值。這一能力替代尋找陷阱。	
CATEGORY=Special Ability|Sniper ~ Deadly Range.MOD	OUTPUTNAME:死亡的精度（Deadly Range）	DESC:.CLEAR	DESC:3級開始，狙擊手的偷襲距離增加10尺。這一能力在3級之後的每3級增加10尺。這一能力替代陷阱感知。	
CATEGORY=Special Ability|Spy ~ Skilled Liar.MOD	OUTPUTNAME:謊言大師（Skilled Liar）	DESC:.CLEAR	DESC:當一個間諜嘗試用唬騙技能來說服某人時，她在對抗骰上獲得等同於她一半盜賊等級的加值（最低+1）。這一加值不能用於虛招或密語。這一能力替換尋找陷阱。	
CATEGORY=Special Ability|Swashbuckler ~ Martial Training.MOD	OUTPUTNAME:軍武熟諳（Martial Training）	DESC:.CLEAR	DESC:1級時，遊蕩劍客可以選擇一樣軍用武器加入她的擅長武器列表裡。此外，遊蕩劍客可以選擇兩次＜戰鬥竅門（Combat Trick）＞天賦。這一能力替換尋找陷阱。	
CATEGORY=Special Ability|Swashbuckler ~ Daring.MOD	OUTPUTNAME:無畏（Daring）	DESC:.CLEAR	DESC:自3級開始，遊蕩劍客可以在特技和對抗恐懼上獲得+1士氣加值。這一加值在3級之後每3個職業等級+1。這一能力替代陷阱感知。	
CATEGORY=Special Ability|Thug ~ Frightening.MOD	OUTPUTNAME:震懾力（Frightening）	DESC:.CLEAR	DESC:當暴徒成功使用威嚇挫敗敵人士氣時，目標的戰慄持續時間增加1輪。此外，如果目標戰慄超過4輪以上，暴徒可以選擇讓目標恐懼一輪。這一能力替代尋找陷阱。	
CATEGORY=Special Ability|Thug ~ Brutal Beating.MOD	OUTPUTNAME:殘忍打擊（Brutal Beating）	DESC:.CLEAR	DESC:自3級開始，當暴徒成功偷襲時，她可以選擇放棄1d6偷襲傷害使目標噁心等同於她一半盜賊等級的輪數。這一效果不能疊加，最新的噁心效果覆蓋之前的效果。這一能力替換陷阱感知。	
CATEGORY=Special Ability|Trapsmith ~ Trap Master.MOD	OUTPUTNAME:陷阱專家（Trap Master）	DESC:.CLEAR	DESC:8級開始，當一個陷阱大師使用解除裝置解除陷阱時，她不需要在檢定結果上超過原本DC10點也可以在不觸發陷阱的情況下安全通過這一陷阱。如果這是一個魔法陷阱並允許某種特殊生物通過而不受傷害，那陷阱大師也可以安全帶領她的盟友通過這一魔法陷阱。這一能力替換精通直覺閃避。	
CATEGORY=Special Ability|Cat Burglar ~ Phantom Presence.MOD	OUTPUTNAME:魅影身姿（Phantom Presence）	DESC:.CLEAR	DESC:4級起，賊貓精通潛行之道，並且她可以在地城和城市中不留下任何蹤跡的移動。在地牢和城市中，她不留下任何蹤跡，也不能被跟蹤，當然如果她希望，她也可以選擇留下蹤跡。此外，她在隱匿檢定中總是可以取10。這個能力取代直覺閃避。	
CATEGORY=Special Ability|Cat Burglar ~ Trap Saboteur.MOD	OUTPUTNAME:陷阱天敵（Trap Saboteur）	DESC:.CLEAR	DESC:8級起，賊貓開始精通避開陷阱和鎖——亦或是操控它們。她可以用一個標準動作嘗試開鎖，並且以正常情況下一半的時間（至少1輪）無效一個陷阱。當她經過一個沒有能夠解除的陷阱時，她可以選擇在1分鐘內壓制陷阱不讓其被觸發。如果她這樣做了，她也可以用一個自由動作提前結束壓制。這個能力取代直覺閃避。【譯註：原文如此，目測為【精通反射閃避】的筆誤。】	
CATEGORY=Special Ability|Deadly Courtesan ~ Bardic Performance.MOD	OUTPUTNAME:吟遊表演（Bardic Performance）	DESC:.CLEAR	DESC:2級起，致命交際花獲得吟遊表演能力以及【迷魂】吟遊表演。她的迷魂豁免DC為「10+1/2盜賊等級+魅力修正」。她每天能夠使用吟遊表演的輪數等同於「1+魅力修正」。在之後的每2級，她每天使用吟遊表演的輪數額外增加1輪。如果致命交際花也擁有吟遊詩人等級，那麼她能夠使用兩個職業的迷魂吟遊表演輪數，並且在決定豁免DC時將吟遊詩人和盜賊等級疊加。該能力取代2級的盜賊天賦。	
CATEGORY=Special Ability|Deadly Courtesan ~ Inspire Competence.MOD	OUTPUTNAME:提振技能（Inspire Competence）	DESC:.CLEAR	DESC:3級起，致命交際花能夠使用她的吟遊表演【提振技能】。提升的加值最初為+2，該加值在3級之後每6級增加1點（9級+3，15級+4）。該能力取代所有等級的陷阱感知。	
CATEGORY=Special Ability|Deadly Courtesan ~ Performance Strike.MOD	OUTPUTNAME:演繹打擊（Performance Strike）	DESC:.CLEAR	DESC:8級起，以一個迅捷動作，致命交際花能夠花費吟遊表演輪數使她的一次攻擊檢定獲得士氣加值。提升的士氣加值等同於花費的吟遊表演輪數（最高加值等同於她的致命交際花等級一半）。該能力取代精通直覺閃避。	
CATEGORY=Special Ability|Eldritch Raider ~ Detect Magic.MOD	OUTPUTNAME:偵測魔法（Detect Magic）	DESC:.CLEAR	DESC:2級起，奧法搜尋者獲得隨意使用『偵測魔法』的能力。奧法搜尋者將她的盜賊等級作為該能力的施法者等級。在判斷獲得其他盜賊天賦的前提條件時，該能力視同為【次級魔法（Minor Magic）】盜賊天賦。該能力取代2級獲得的盜賊天賦。	
CATEGORY=Special Ability|Eldritch Raider ~ Eldritch Intuition.MOD	OUTPUTNAME:奧法直感（Eldritch Intuition）	DESC:.CLEAR	DESC:3級起，奧法搜尋者獲得了一種直感，這使得她更易於操作術士或法師的法術完成類以及法術觸發類物品。當她以此為目的進行使用魔法裝置技能檢定時，獲得+1加值。這個加值在6級時提升至+2，9級時提升至+3，12級時提升至+4，15級時提升至+5，在18級時提升至+6。該能力取代陷阱感知。	
CATEGORY=Special Ability|Eldritch Raider ~ Major Eldritch Magic.MOD	OUTPUTNAME:高級奧法（Major Eldritch Magic）	DESC:.CLEAR	DESC:奧法搜尋者獲得以類法術能力施放術士/法師列表中的3環法術的能力，該能力每天可以使用2次，且施法者等級等同於她的盜賊等級。法術的豁免DC為「13+智力修正」。奧法搜尋者的智力屬性至少要到達13才能選擇該盜賊天賦。在選擇該盜賊天賦之前，奧法搜尋者必須擁有【次級奧法】、【高級魔法】以及【次級魔法】盜賊天賦。	
CATEGORY=Special Ability|Eldritch Raider ~ Minor Eldritch Magic.MOD	OUTPUTNAME:次級奧法（Minor Eldritch Magic）	DESC:.CLEAR	DESC:奧法搜尋者獲得以類法術能力施放術士/法師列表中的2環法術的能力，該能力每天可以使用2次，且施法者等級等同於她的盜賊等級。法術的豁免DC為「12+智力修正」。奧法搜尋者的智力屬性至少要到達12才能選擇該盜賊天賦。在選擇該盜賊天賦之前，奧法搜尋者必須擁有【高級魔法】以及【次級魔法】盜賊天賦。	
CATEGORY=Special Ability|Filcher ~ Quicker than the Eye.MOD	OUTPUTNAME:眼疾手快（Quicker than the Eye）	DESC:.CLEAR	DESC:2級時，小偷研究出了一套令人驚奇的迅捷而優雅的技巧。當她使用巧手技能時，其他生物在發現她企圖的察覺檢定上承受相當於小偷等級一半的減值。在以移動動作而不是標準動作進行巧手檢定時，小偷在通常的-20罰值上減去相當於其小偷等級的數值。【編註：譬如你5級，那麼所受減值就是-15。】最後，小偷還能以一個移動動作而不是通常的標準動作抽出一件藏在她身上的物品（包括武器）。這一能力取代反射閃避。	
CATEGORY=Special Ability|Filcher ~ Rummage.MOD	OUTPUTNAME:搜刮（Rummage）	DESC:.CLEAR	DESC:3級時，小偷學會了如何一瞥就估算出物品的價值。她甚至可以只透過口袋、背包和類似容器的形狀就令人驚訝地準確猜中那些物品。她在估價檢定上獲得+1加值，並在之後的每3級再獲得額外+1加值。以一個迅捷動作，小偷可以進行一個估價檢定來確認若幹件她的目標所攜帶物品的大概價格（DC為「10+1/每件小偷試圖確認大概價格的物品」）。儘管她無法通過【搜刮】能力瞭解這些物品的實際價格，但是她也能以此種方法獲得這些物品足夠的信息，並將它們按照價格高低一一列出。她可以通過在檢定上承受-20減值以確認任何他的目標攜帶的、但她卻無法看見的物品。這一能力取代各級獲得的陷阱感知。	
CATEGORY=Special Ability|Filcher ~ Filch.MOD	OUTPUTNAME:順手牽羊（Filch）	DESC:.CLEAR	DESC:4級時，小偷學會了如何摸走她的對手的物品，哪怕是在戰鬥中。她獲得「精通盜取」作為獎勵專長，並且在使用盜取戰技時可以使用巧手技能檢定加值代替CMB。若小偷通過任何專長、法術、魔法物品或類似效果在戰技上獲得加值，這些加值也會同樣加在她用於盜取戰技的巧手檢定中。這一能力取代直覺閃避。	
CATEGORY=Special Ability|Filcher ~ Superior Filching.MOD	OUTPUTNAME:高級順手牽羊（Superior Filching）	DESC:.CLEAR	DESC:8級時，小偷成為了讓物品易主的大師。她獲得「高等盜取」作為獎勵專長，且當她嘗試快速偷走物品時，對手不會在其CMD上獲得+5加值。這一能力取代精通直覺閃避。	
CATEGORY=Special Ability|Kitsune Trickster ~ Kitsune's Guile.MOD	OUTPUTNAME:狐妖之詐（Kitsune's Guile）	DESC:.CLEAR	DESC:1級起，狐妖欺詐者依靠自身的才智充實她的個性。她可以將她的智力修正加到唬騙、交涉、易容以及察言觀色檢定上。該能力取代尋找陷阱。	
CATEGORY=Special Ability|Kitsune Trickster ~ Kitsune's Charm.MOD	OUTPUTNAME:狐妖之魅（Kitsune's Charm）	DESC:.CLEAR	DESC:3級起，狐妖欺詐者能夠以類法術能力每日使用1次『魅惑人類』，施法者等級等同於「盜賊等級-2」。6級以及之後每3級，狐妖欺詐者獲得1次該能力的額外每日使用次數。該能力取代陷阱感知。	
CATEGORY=Special Ability|Rogue Talent ~ False Friend.MOD	OUTPUTNAME:虛假朋友（False Friend）	DESC:.CLEAR	DESC:當擁有該盜賊天賦的盜賊使用唬騙檢定去說服她從未見過的人、或者根本不瞭解自己的某人，使其相信兩人以前認識或者互相瞭解時，唬騙檢定+4。	
CATEGORY=Special Ability|Rogue Talent ~ Obfuscate Story.MOD	OUTPUTNAME:混淆故事（Obfuscate Story）	DESC:.CLEAR	DESC:當其他人嘗試記述一件事時，盜賊能夠發起一次交涉對抗檢定，通過巧妙地插嘴評論或者通過加快陳述，導致目標混淆他準確的回想或具體的細節。如果盜賊檢定成功，她的目標就不會發現是盜賊的插科打諢引起了混亂。如果檢定失敗，目標則能夠進行一次察言觀色檢定（DC 等同於盜賊失敗的交涉檢定）以找出她故意嘗試混淆的故事內容。	
CATEGORY=Special Ability|Rogue Talent ~ Steal the Story.MOD	OUTPUTNAME:剽竊故事（Steal the Story）	DESC:.CLEAR	DESC:在使用【混淆故事】將他人的記述弄亂之後，盜賊能夠進行另一次交涉對抗檢定進一步地改變故事細節，以詆毀、侮辱或羞辱目標。若該檢定成功，被詆毀的目標在對聽到過該虛假故事的人進行交涉和威嚇檢定時，受到等同於盜賊心智屬性（智力，感知，魅力）中最高者對應修正的減值。這會持續至該目標有能力恢復他的名譽，或盜賊失去信譽為止。盜賊必須擁有【混淆故事】盜賊天賦才能選擇該天賦。	
CATEGORY=Special Ability|Skulking Slayer ~ Pass for Human.MOD	OUTPUTNAME:人類之證（Pass for Human）	DESC:.CLEAR	DESC:1級時，當試圖掩蓋其半獸人血統時，潛伏殺手可以在易容檢定上獲得相當於她等級一半的加值。讓使用易容技能來偽裝為一個特定個體時，潛伏殺手忽略一般的易容為另一個種族的-2罰值。	
CATEGORY=Special Ability|Skulking Slayer ~ Underhanded Maneuvers.MOD	OUTPUTNAME:卑鄙伎倆（Underhanded Maneuvers）	DESC:.CLEAR	DESC:1級時，當殺手可以正常造成一次偷襲傷害時，他可以選擇進行一次陰招或盜取戰技，並在檢定上獲得加值。對於陰招，加值等同於偷襲傷害骰數；而對於盜取，加值等於偷襲傷害骰數一半。這一能力取代尋找陷阱。	
CATEGORY=Special Ability|Skulking Slayer ~ Bold Strike.MOD	OUTPUTNAME:無畏打擊（Bold Strike）	DESC:.CLEAR	DESC:3級時，當潛伏殺手衝鋒並以雙手武器造成偷襲時，他的偷襲傷害使用d8傷害骰，而不是d6。這一能力取代陷阱感知+1和+4。	
CATEGORY=Special Ability|Skulking Slayer ~ Shifty.MOD	OUTPUTNAME:詭詐（Shifty）	DESC:.CLEAR	DESC:6級時，潛伏殺手在用於虛招的唬騙檢定上獲得相當於他等級一半的加值。這一能力取代陷阱感知+2。	
CATEGORY=Special Ability|Skulking Slayer ~ Unexpected Charge.MOD	OUTPUTNAME:意外衝鋒（Unexpected Charge）	DESC:.CLEAR	DESC:9級時，潛伏殺手可以在衝鋒前以迅捷動作做一次唬騙檢定來使用虛招。這一能力取代陷阱感知+3。	
CATEGORY=Special Ability|Swordmaster ~ Trance.MOD	OUTPUTNAME:默想（Trance）	DESC:.CLEAR	DESC:3級起，劍術宗師學會了將她的精神集中在劍術技法上進入默想的狀態。在默想的影響下，劍術宗師可以使用高超的武藝。劍術宗師每天可以維持默想狀態的輪數等同於「4+感知修正」。在3級之後，每次提升等級均可以提高1輪默想的持續時間。她能以一個自由動作結束默想。在默想結束之後劍術宗師會進入疲乏狀態，疲乏持續時間等同於兩倍默想持續的輪數。劍術宗師無法在疲乏狀態下進入默想，但是她可以在單次遭遇或戰鬥中多次進入默想。如果劍術宗師失去意識，默想會立刻結束。	
CATEGORY=Special Ability|Swordmaster ~ Crane Trance.MOD	OUTPUTNAME:流鶴勢（Crane Trance）	DESC:.CLEAR	DESC:劍術宗師的劍刃劃著優雅的圓弧上下舞動就如同那山中的青鶴一般。在這種默想體勢中，劍術宗師獲得「白鶴拳」專長的優勢。	
CATEGORY=Special Ability|Swordmaster ~ Dragon Trance.MOD	OUTPUTNAME:鎮龍勢（Dragon Trance）	DESC:.CLEAR	DESC:劍術宗師將她的身心磨練得如同巨龍一般穩固。在這種默想體勢中，劍術宗師獲得「龍形拳」專長的優勢。	
CATEGORY=Special Ability|Swordmaster ~ Leopard Trance Trance.MOD	OUTPUTNAME:飛豹勢（Leopard Trance Trance）	DESC:.CLEAR	DESC:劍術宗師使用那豹子般迅捷閃爍的步法迷惑她的敵人。在這種默想體勢中，劍術宗師獲得「靈活移動」專長的優勢。	
CATEGORY=Special Ability|Swordmaster ~ Monkey Trance.MOD	OUTPUTNAME:躍猿勢（Monkey Trance）	DESC:.CLEAR	DESC:就如同猿猴一般靈活，劍術宗師跳離敵人的進攻範圍。在這種默想體勢中，劍術宗師能以一個特技檢定對抗敵人的CMD。如果她成功了，他能以一個迅捷動作在敵人的威脅範圍內移動5尺；這個移動不會引起藉機攻擊並且不被算作五尺快步。	
CATEGORY=Special Ability|Swordmaster ~ Serpent Trance.MOD	OUTPUTNAME:蛇突勢（Serpent Trance）	DESC:.CLEAR	DESC:劍術宗師的如蛇一般迅捷的突襲使她的敵人措不及防。在這種默想體勢中，劍術宗師在以唬騙檢定進行虛招時獲得+4加值。	
CATEGORY=Special Ability|Swordmaster ~ Tiger Trance.MOD	OUTPUTNAME:虎襲勢（Tiger Trance）	DESC:.CLEAR	DESC:劍術宗師對她的對手進行突襲，就好似凶暴殘忍的野生猛虎一般。在這種默想體勢中，劍術宗師可以對衝鋒範圍內的一個敵人進行一次戰技檢定。如果成功，則她可以衝鋒對手並對其進行全力攻擊。	
CATEGORY=Special Ability|Bandit ~ Ambush.MOD	OUTPUTNAME:伏擊（Ambush）	DESC:.CLEAR	DESC:4級時，土匪精通了伏擊的藝術，他可以在伏擊輪中進行移動等效動作、標準動作和迅捷動作，而不是只有一個移動等效動作或標準動作。此能力取代直覺閃避。	
CATEGORY=Special Ability|Bandit ~ Fearsome Strike.MOD	OUTPUTNAME:可怖打擊（Fearsome Strike）	DESC:.CLEAR	DESC:8級時，土匪可以透過一次成功的攻擊讓目標感覺到恐懼。當他對一個目標造成重擊且造成偷襲傷害時，他可以讓對方陷入驚懼，持續輪數相當於他的魅力修正（至少1輪）。此能力無法和重擊專長混用，他每日能使用此能力的次數等同於他的魅力修正（至少1次）。此能力取代精通直覺閃避。	
CATEGORY=Special Ability|Chameleon ~ Misdirection.MOD	OUTPUTNAME:誤導（Misdirection）	DESC:.CLEAR	DESC:1級時，變色龍知道躲藏的秘密，並以謊言欺騙追蹤者的感覺。每日開始時，他得到一個如同他唬騙檢定等級的隱匿點數池，此點數每日重置。在隱匿檢定進行前，他可以選擇把隱匿點數池裡的點數加入他的隱匿檢定中。如果他得到了可以增加唬騙檢定的專長或能力，那麼他可以將該專長提供的唬弄加值加到隱匿點數池中。此能力取代尋找陷阱。	
CATEGORY=Special Ability|Chameleon ~ Effortless Sneak.MOD	OUTPUTNAME:輕鬆隱匿（Effortless Sneak）	DESC:.CLEAR	DESC:3級時，變色龍可以從遊俠的偏好地形中選擇一種，在該地形裡，他的隱匿檢定可以取10。在第6級和之後的每3級，他可以選擇一個新的地形。此能力取代陷阱感知。	
CATEGORY=Special Ability|Charlatan ~ Natural Born Liar.MOD	OUTPUTNAME:天生的說謊者（Natural Born Liar）	DESC:.CLEAR	DESC:1級時，如果唬弄者成功的透過唬騙欺騙了一個生物，那麼他對唬弄者的24小時之內的謊言都將承受-2的減值。此能力本身不會疊加。此能力取代尋找陷阱。	
CATEGORY=Special Ability|Charlatan ~ Grand Hoax.MOD	OUTPUTNAME:大騙子（Grand Hoax）	DESC:.CLEAR	DESC:3級時，唬弄者成為設計騙局的大師，並且能散播足以傷害他敵人的謊言。即便他還不滿10級，他仍然得到謠言散佈者高等盜賊天賦。此能力取代陷阱感知。	
CATEGORY=Special Ability|Driver ~ Hard Drive.MOD	OUTPUTNAME:困難駕駛（Hard Drive）	DESC:.CLEAR	DESC:在駕御使用多只動物或魔法獸拉的載具時，駕駛檢定的DC-2，最大速度增加10呎，且加速度增加5呎。此能力取代尋找陷阱。	
CATEGORY=Special Ability|Driver ~ Driver's Fortitude.MOD	OUTPUTNAME:堅強駕駛（Driver's Fortitude）	DESC:.CLEAR	DESC:3級時，就算身受重傷，車伕仍然可以繼續駕馭載具，當他生命值被降到0以下但還沒死掉的時候，他可以通過DC15的強韌豁免以保持清醒並控制載具，但此時他無法進行其他的動作。此能力取代陷阱感知。	
CATEGORY=Special Ability|Knife Master ~ Hidden Blade.MOD	OUTPUTNAME:隱刃（Hidden Blade）	DESC:.CLEAR	DESC:短刃宗師可以在用巧手隱藏輕型刃器的時候得到相當於他等級一半的加值。此能力取代尋找陷阱。	
CATEGORY=Special Ability|Knife Master ~ Sneak Stab.MOD	OUTPUTNAME:潛刺（Sneak Stab）	DESC:.CLEAR	DESC:短刃宗師可以用匕首或其他類似的武器造成更大的偷襲傷害，當他使用匕首、虎刃、反曲刀、拳劍、星形刃或折劍匕首偷襲時，他造成的偷襲傷害為d8。不過當他使用其他武器偷襲時，傷害降為d4。此能力在其他方面都與偷襲相同並取代偷襲。	
CATEGORY=Special Ability|Knife Master ~ Blade Sense.MOD	OUTPUTNAME:刀鋒感知（Blade Sense）	DESC:.CLEAR	DESC:3級時，出於對短刃的展握，短刃宗師受到匕首和其他短刃攻擊時，他的AC得到+1的閃避加值，6級和之後的每3級，此加值上升1，直到18級的+6。此能力取代陷阱感知。	
CATEGORY=Special Ability|Pirate ~ Sea Legs.MOD	OUTPUTNAME:水手（Sea Legs）	DESC:.CLEAR	DESC:海盜可以在船隻、小艇或更小的船上自由移動。即便他不符合先決條件，他仍得到「海腿子」做為獎勵專長。此能力取代尋找陷阱。	
CATEGORY=Special Ability|Pirate ~ Swinging Reposition.MOD	OUTPUTNAME:搖擺復位（Swinging Reposition）	DESC:.CLEAR	DESC:2級時，海盜將船隻的桅桿、索具、船帆、繩索和其他類似的結構結合為他戰鬥風格的一部份。當他穿著輕甲並在上列對像旁戰鬥時，他可以通過特技結合這些索具蕩向他的敵人，發起衝鋒或是衝撞攻擊，當完成這些動作之後再擺盪移位。在以這種方式發起衝鋒或衝撞之後，即便衝鋒會讓他的回合結束，海盜仍然可以立刻移動5呎，此移動不會引發機會攻擊。此能力取代2級時習得的盜賊天賦。	
CATEGORY=Special Ability|Pirate ~ Unflinching.MOD	OUTPUTNAME:堅定不移（Unflinching）	DESC:.CLEAR	DESC:大部分的海盜都很固執和堅定。3級時，在對抗恐懼和心智影響效果時，他得到+1的豁免加值，此加值在之後的每3級+1，直到18級的+6。此能力取代陷阱感知。	
CATEGORY=Special Ability|Roof Runner ~ Roof Running.MOD	OUTPUTNAME:屋頂飛馳（Roof Running）	DESC:.CLEAR	DESC:1級時，屋頂跑者完全熟練如何在建築物頂端、尖塔和類似地形奔跑的精要。當他穿著輕甲時，他可以在屋頂或類似結構上全速移動，並且不須承受屋頂所帶來的基於敏捷技能檢定與反射豁免減值。此能力取代偵測陷阱。	
CATEGORY=Special Ability|Roof Runner ~ Tumbling Descent.MOD	OUTPUTNAME:翻滾降落（Tumbling Descent）	DESC:.CLEAR	DESC:2級時，屋頂跑者可以透過一個特技檢定來從屋頂或是類似表面快速降落，達到另外一個開放空間。如果兩個表面距離不到10呎，他可以在之間來回反彈，利用單一檢定降落很長一段距離，此檢定的DC為「10+5/超過10尺每10尺」。如果他失敗了，那他就會承受完整的墜落傷害。此能力取代陷阱感知。	
CATEGORY=Special Ability|Sanctified Rogue ~ Divine Purpose.MOD	OUTPUTNAME:神祇意向（Divine Purpose）	DESC:.CLEAR	DESC:4級時，神祇或宗教的寵愛賜與了獨特的祝福，強化了神殿遊蕩者補足他一部分的弱點。神殿遊蕩者在意志和強韌檢定上得到+1加值。此能力取代直覺閃避。	
CATEGORY=Special Ability|Sanctified Rogue ~ Divine Epiphany.MOD	OUTPUTNAME:神聖頓悟（Divine Epiphany）	DESC:.CLEAR	DESC:8級時，每日一次，神殿遊蕩者可以窺視不遠的將來，並預知結果，如同他使用了『占卜術（Augury）』，施法者等級為神殿遊蕩者的職業等級。此能力取代精通直覺閃避。	
CATEGORY=Special Ability|Survivalist ~ Hardy.MOD	OUTPUTNAME:強壯（Hardy）	DESC:.CLEAR	DESC:1級時，求生者已經準備好面對極端氣候和環境條件。在感到口渴或飢餓影響前，他可以在沒水的情況下堅持兩倍的時間，或是在沒有食物的情況下堅持三倍的時間。此能力取代尋找陷阱。	
CATEGORY=Special Ability|Survivalist ~ Endure Elements.MOD	OUTPUTNAME:忍受環境（Endure Elements）	DESC:.CLEAR	DESC:3級時，求生者可以施展『忍受環境』作為類法術能力，施法者等級等於他的職業等級。此能力取代陷阱感知。	
CATEGORY=Special Ability|Counterfeit Mage ~ Magical Expertise.MOD	OUTPUTNAME:魔法研究（Magical Expertise）	DESC:.CLEAR	DESC:在1級時，偽魔術師可以將自己遊蕩者等級的一半加到破解魔法陷阱的解除裝置檢定，察覺檢定和用來啟動卷軸和魔杖的使用魔法裝置技能檢定結果上，並可以使用解除裝置技能來解除魔法陷阱。本能力取代尋找陷阱。	
CATEGORY=Special Ability|Counterfeit Mage ~ Signature Wand.MOD	OUTPUTNAME:禮裝魔杖（Signature Wand）	DESC:.CLEAR	DESC:在4級時，偽魔術師可以花費一小時時間，仔細研究一支魔杖的構成及觸發方法，並將其綁定為他的魔術禮裝。在使用禮裝魔杖時，偽魔術師可以以一個自由動作拔出魔杖，並且無需通過使用魔法裝置檢定就可以使用它。每天一次，偽魔術師還可以更換自己的禮裝魔杖。本能力取代遊蕩者在4級時獲得的盜賊天賦。	
CATEGORY=Special Ability|Counterfeit Mage ~ Wand Adept.MOD	OUTPUTNAME:魔杖專家（Wand Adept）	DESC:.CLEAR	DESC:在6級時，偽魔術師可以使用自己的敏捷調整值而非魅力調整值作為使用魔法裝置技能的技能加值來使用魔杖。	
CATEGORY=Special Ability|Underground Chemist ~ Chemical Weapons.MOD	OUTPUTNAME:化學武器（Chemical Weapons）	DESC:.CLEAR	DESC:在2級時，黑市化學家可以如同拔出武器般取出煉金物品。他在使用濺射武器時在傷害上加上他的智力調整值（包括濺射武器的濺射傷害）。除此之外，他在手藝（煉金術）技能上獲得他遊蕩者等級一半的加值。本能力取代反射閃避。	
CATEGORY=Special Ability|Underground Chemist ~ Precise Splash Weapons.MOD	OUTPUTNAME:爆炸強襲（Precise Splash Weapons）	DESC:.CLEAR	DESC:在4級時，黑市化學家可以使用濺射武器造成他的偷襲傷害。這次偷襲傷害必須是他本輪的第一次攻擊，並且需要符合偷襲傷害發動的條件（比如目標需要處於措手不及狀態），而且只對一個目標而非一個方格中所有的生物都造成傷害。本能力取代本能力取代遊蕩者在4級時獲得的盜賊天賦。	
CATEGORY=Special Ability|Underground Chemist ~ Discovery.MOD	OUTPUTNAME:煉金術士發現（Discovery）	DESC:.CLEAR	DESC:在10級時，黑市化學家可以選擇以下一個煉金術士發現之一：濃縮毒素（Concentrate Poison），稀釋（Dilution），強效藥水（Enhance potion），增幅藥水（Extend Potion），木乃伊化（Mummification）UM，毒性肌膚（Nauseating Flesh）UC，毒素轉換（Poison Conversion）UC，保存器官（Preserve Organs）UM，自體再生（Spontaneous Healing）或黏稠毒藥（Sticky Posion）。在決定煉金術士發現的效果時，將黑市化學家都遊蕩者等級視為他都煉金術士等級。本能力取代高等天賦。	
CATEGORY=Special Ability|Rogue Talent ~ Bleeding Attack.MOD	OUTPUTNAME:流血攻擊（Bleeding Attack）	DESC:.CLEAR	DESC:擁有此能力的盜賊可以通過偷襲讓活體目標流血。流血攻擊令目標受到每偷襲傷害骰1點傷害（例如4d6的偷襲傷害造成4點流血傷害）。流血的生物在每輪行動開始時都會受到流血傷害。流血可被DC15的醫療檢定，或其他任何恢復生命值的效果終止。此能力造成的流血傷害不與其自身疊加。流血傷害無視該生物的傷害減免。	
CATEGORY=Special Ability|Rogue Talent ~ Combat Trick.MOD	OUTPUTNAME:戰鬥竅門（Combat Trick）	DESC:.CLEAR	DESC:選擇此項天賦的盜賊獲得一個額外戰鬥專長。	
CATEGORY=Special Ability|Rogue Talent ~ Fast Stealth.MOD	OUTPUTNAME:快速潛行（Fast Stealth）	DESC:.CLEAR	DESC:此能力令盜賊可以在使用隱匿技能時以全速移動而不受到懲罰。	
CATEGORY=Special Ability|Rogue Talent ~ Finesse Rogue.MOD	OUTPUTNAME:巧手盜賊（Finesse Rogue）	DESC:.CLEAR	DESC:選擇此項天賦的盜賊獲得「武器嫻熟」作為獎勵專長。	
CATEGORY=Special Ability|Rogue Talent ~ Ledge Walker.MOD	OUTPUTNAME:穩行者（Ledge Walker）	DESC:.CLEAR	DESC:此能力令盜賊可以在使用雜技技能在狹窄的表面上全速移動而不受到懲罰。此外，擁有此能力的盜賊在使用雜技技能在狹窄的表面上移動時不是措手不及狀態。	
CATEGORY=Special Ability|Rogue Talent ~ Major Magic.MOD	OUTPUTNAME:高級魔法（Major Magic）	DESC:.CLEAR	DESC:擁有此天賦的盜賊可以以類法術能力施放一個術士/法師法術列表中的1級法術，每天兩次。此能力的施法者等級等同於盜賊等級。豁免DC為「11+智力修正」。盜賊的智力至少有要11才能選擇此天賦。盜賊在選擇此天賦之前必須擁有「次級魔法」天賦。	
CATEGORY=Special Ability|Rogue Talent ~ Minor Magic.MOD	OUTPUTNAME:次級魔法（Minor Magic）	DESC:.CLEAR	DESC:擁有此天賦的盜賊可以以類法術能力施放一個術士/法師法術列表中的0級法術，每天三次。此能力的施法者等級等同於盜賊等級。豁免DC為「10+智力修正」。盜賊的智力至少有要10才能選擇此天賦。	
CATEGORY=Special Ability|Rogue Talent ~ Quick Disable.MOD	OUTPUTNAME:快速解除（Quick Disable）	DESC:.CLEAR	DESC:盜賊在使用解除裝置技能解除陷阱時只需耗費一半的時間（最少1輪）。	
CATEGORY=Special Ability|Rogue Talent ~ Resiliency.MOD	OUTPUTNAME:韌性（Resiliency）	DESC:.CLEAR	DESC:每天一次，擁有此能力的盜賊可以獲得等同於盜賊等級的臨時生命值。只有在盜賊的生命值降到0以下時才可以發動此能力，發動能力是一個直覺動作。此能力可以用於避免死亡。這些臨時生命值持續1分鐘。如果盜賊在失去這些臨時生命值時生命值降到了0以下，那麼她會正常地陷入昏迷或死亡。	
CATEGORY=Special Ability|Rogue Talent ~ Rogue Crawl.MOD	OUTPUTNAME:盜賊匍匐術（Rogue Crawl）	DESC:.CLEAR	DESC:在倒地狀態中，擁有此能力的盜賊可以以半速移動。以這種方式移動依然會同正常情況一樣引發藉機攻擊。擁有此能力的盜賊可以在倒地狀態中進行5尺快步。	
CATEGORY=Special Ability|Rogue Talent ~ Slow Reactions.MOD	OUTPUTNAME:擾亂反應*（Slow Reactions）	DESC:.CLEAR	DESC:受到盜賊偷襲的目標在1輪內不能進行藉機攻擊。	
CATEGORY=Special Ability|Rogue Talent ~ Stand Up.MOD	OUTPUTNAME:鯉魚打挺（Stand Up）	DESC:.CLEAR	DESC:擁有此能力的盜賊可以通過一個自由動作從倒地狀態起身。如果在被威脅時起身，依然會受到藉機攻擊。	
CATEGORY=Special Ability|Rogue Talent ~ Surprise Attack.MOD	OUTPUTNAME:突襲攻擊（Surprise Attack）	DESC:.CLEAR	DESC:在突襲輪中，擁有此能力的盜賊的目標總是被視為措手不及，即使他們已經行動過了也一樣。	
CATEGORY=Special Ability|Rogue Talent ~ Trap Spotter.MOD	OUTPUTNAME:陷阱嗅覺（Trap Spotter）	DESC:.CLEAR	DESC:擁有此能力的盜賊只要進入陷阱的10尺範圍內，就可以立刻進行一個察覺技能檢定來試圖發現該陷阱。這個檢定是由GM秘密進行的。	
CATEGORY=Special Ability|Rogue Talent ~ Weapon Training.MOD	OUTPUTNAME:武器訓練（Weapon Training）	DESC:.CLEAR	DESC:選擇此天賦的盜賊獲得「武器專攻」專長。	
CATEGORY=Special Ability|Rogue Talent ~ Crippling Strike.MOD	OUTPUTNAME:致殘攻擊*（Crippling Strike）	DESC:.CLEAR	DESC:擁有此能力的盜賊可以極其精準地偷襲目標，以削弱和妨礙對手。被偷襲擊中的對手要受到2點力量傷害。	
CATEGORY=Special Ability|Rogue Talent ~ Defensive Roll.MOD	OUTPUTNAME:防禦翻滾（Defensive Roll）	DESC:.CLEAR	DESC:盜賊可以順著致命打擊進行翻滾來降低傷害。如果戰鬥中的傷害（武器或其他打擊造成，不能是法術或特殊能力造成）可能會將盜賊的生命值降低到0或以下，他可以嘗試順著攻擊來翻滾。要使用此能力，盜賊必須作一次反射豁免檢定（DC等於傷害值）。如果豁免成功，那麼她在這一擊中只受到一半傷害，如果豁免失敗，她會受到全部傷害。她必須覺察到這次攻擊並能對其做出反應才能進行「防禦翻滾」，如果她失去了AC上的敏捷加值，就無法使用此能力。由於攻擊並不是可以用反射豁免來降低一半傷害的，因此盜賊的反射閃避能力不能應用在「防禦翻滾」上。	
CATEGORY=Special Ability|Rogue Talent ~ Dispelling Attack.MOD	OUTPUTNAME:驅散攻擊*（Dispelling Attack）	DESC:.CLEAR	DESC:被擁有此能力的盜賊偷襲命中的目標會受到一個解除魔法法術的影響，目標是身上有傚法術效果中等級最低的一個。此能力的施法者等級等同於盜賊等級。盜賊必須擁有高等魔法天賦才能選擇驅散攻擊。	
CATEGORY=Special Ability|Rogue Talent ~ Improved Evasion.MOD	OUTPUTNAME:精通反射閃避（Improved Evasion）	DESC:.CLEAR	DESC:有些攻擊效果若通過反射檢定可以減少一半傷害，如果盜賊遭到此類攻擊，在通過反射檢定後他將不受傷害，如果檢定失敗他也只受到一半傷害。無助狀態下的盜賊不能獲得精通反射閃避的收益。	
CATEGORY=Special Ability|Rogue Talent ~ Opportunist.MOD	OUTPUTNAME:乘勢攻擊（Opportunist）	DESC:.CLEAR	DESC:每輪一次，盜賊可以對剛剛被其他角色的近戰傷害到的敵人作一次藉機攻擊。該攻擊計入盜賊每輪藉機攻擊次數中。即使有戰鬥反射專長，盜賊也不能每輪使用此能力一次以上。	
CATEGORY=Special Ability|Rogue Talent ~ Skill Mastery.MOD	OUTPUTNAME:技能專精（Skill Mastery）	DESC:.CLEAR	DESC:盜賊對於特定技能的使用無比自信，即使在不利條件下也能夠穩定地使用。獲得此能力後，她選擇「3+智力修正」數量的技能。當使用這些技能時，即使在壓力下和分心時也能夠在檢定中取10。盜賊可以多次選擇此能力，每次選擇不同的技能。	
CATEGORY=Special Ability|Rogue Talent ~ Slippery Mind.MOD	OUTPUTNAME:心智靈活（Slippery Mind）	DESC:.CLEAR	DESC:此能力可以讓盜賊從那些控制或強迫她的魔法效果中掙脫出來。如果有此能力的盜賊受到惑控系法術或效果影響並在豁免檢定中失敗，她可以在一輪後再次嘗試檢定，DC不變。在豁免檢定上他只有這一次額外機會。	
CATEGORY=Special Ability|Rogue Talent ~ Feat.MOD	OUTPUTNAME:專長（Feat）	DESC:.CLEAR	DESC:盜賊可以選擇任何滿足先決條件的專長來替代盜賊天賦。	
CATEGORY=Special Ability|Rogue Talent ~ Assault Leader.MOD	OUTPUTNAME:強襲連攜（Assault Leader）	DESC:.CLEAR	DESC:每日1次，當盜賊在一次對夾擊目標的攻擊中未能命中目標時，她可以策動她的一位盟友（必須也處在夾擊位上）進行一次攻擊。這位盟友可以以一個直覺動作對目標進行攻擊。	
CATEGORY=Special Ability|Rogue Talent ~ Befuddling Strike.MOD	OUTPUTNAME:迷惑打擊*（Befuddling Strike）	DESC:.CLEAR	DESC:當盜賊對一個目標造成偷襲傷害時，目標在接下來的1d4輪裡對盜賊的所有攻擊承受-2的減值。	
CATEGORY=Special Ability|Rogue Talent ~ Camouflage.MOD	OUTPUTNAME:偽裝（Camouflage）	DESC:.CLEAR	DESC:每日1次，盜賊可以利用他的天賦才能進行一次簡單有效的化妝，使他看起來和周圍的碌碌之人一樣毫不起眼。盜賊需要至少一分鐘的準備時間進行偽裝，除非在一次針對區域性法術傷害的豁免檢定中失敗（例如火，冰，或是酸），否則偽裝效果將維持一天而不失效。當處於偽裝狀態時，盜賊獲得+4加值到隱匿上。這一加值在周圍沒有普通民眾時無法生效。	
CATEGORY=Special Ability|Rogue Talent ~ Canny Observer.MOD	OUTPUTNAME:心細如絲（Canny Observer）	DESC:.CLEAR	DESC:擁有這一天賦的盜賊在進行察覺檢定來偷聽某個隱秘對話或是察覺某項暗樁機關時（例如暗門或陷阱）獲得+4加值。	
CATEGORY=Special Ability|Rogue Talent ~ Charmer.MOD	OUTPUTNAME:萬人迷（Charmer）	DESC:.CLEAR	DESC:每日1次，盜賊可以在一次交涉中投擲兩次交涉檢定，並取其中較好的結果作為交涉檢定結果。獲得這一天賦之後每5級，盜賊每日可以多使用一次這一能力。	
CATEGORY=Special Ability|Rogue Talent ~ Coax Information.MOD	OUTPUTNAME:虛假情報（Coax Information）	DESC:.CLEAR	DESC:一個擁有這一天賦的盜賊可以利用交涉或是唬騙技能檢定取代威嚇檢定，將一個敵人對她的態度轉化為友好。	
CATEGORY=Special Ability|Rogue Talent ~ Combat Swipe.MOD	OUTPUTNAME:戰鬥舞步（Combat Swipe）	DESC:.CLEAR	DESC:選擇這一天賦的盜賊獲得「精通盜取」作為獎勵專長。	
CATEGORY=Special Ability|Rogue Talent ~ Cunning Trigger.MOD	OUTPUTNAME:靈活扳機（Cunning Trigger）	DESC:.CLEAR	DESC:擁有這一天賦的盜賊可以以一個迅捷動作觸發一個30尺內由她設置的陷阱。	
CATEGORY=Special Ability|Rogue Talent ~ Distracting Attack.MOD	OUTPUTNAME:炫目打擊*（Distracting Attack）	DESC:.CLEAR	DESC:擁有這一天賦的盜賊可以以一種炫目誇張的方式對她的目標進行偷襲。當她以一次近戰攻擊擊中對手造成偷襲傷害時，她可以選擇放棄造成額外傷害使目標對某一單位陷入措手不及狀態，這一狀態持續到盜賊的下一輪開始為止。盜賊不能選定目標對自己陷入措手不及狀態。免疫偷襲傷害的目標不受這一天賦影響。	
CATEGORY=Special Ability|Rogue Talent ~ Expert Leaper.MOD	OUTPUTNAME:平步登天（Expert Leaper）	DESC:.CLEAR	DESC:當進行跳躍檢定時，盜賊一直被視為處於助跑狀態。此外，如果盜賊從高空墜落，她可以通過一個DC15的特技動作檢定來忽視起始的20尺高度，而非通常的10尺。	
CATEGORY=Special Ability|Rogue Talent ~ Fast Fingers.MOD	OUTPUTNAME:指若驚弦（Fast Fingers）	DESC:.CLEAR	DESC:每日1次，擁有這一天賦的盜賊可以在一次巧手檢定中投擲兩個檢定骰，並選取其中較好的結果作為檢定結果。她必須在進行技能檢定前宣稱使用這一天賦。每擁有5個盜賊等級，該能力的每日使用次數增加1次。	
CATEGORY=Special Ability|Rogue Talent ~ Fast Getaway.MOD	OUTPUTNAME:奔若狡兔（Fast Getaway）	DESC:.CLEAR	DESC:擁有這一天賦的盜賊在一次成功的偷襲或者巧手檢定後可以以一個移動動作進行撤退。她不能以超過她的速度進行移動。	
CATEGORY=Special Ability|Rogue Talent ~ Fast Picks.MOD	OUTPUTNAME:快速開鎖（Fast Picks）	DESC:.CLEAR	DESC:擁有這一天賦的盜賊可用解除裝置技能以一個標準動作來解除鎖扣，而不是全回合動作。	
CATEGORY=Special Ability|Rogue Talent ~ Follow Clues.MOD	OUTPUTNAME:線索追蹤（Follow Clues）	DESC:.CLEAR	DESC:擁有這一天賦的盜賊可以以一個察覺檢定來進行追蹤，就如同使用生存技能一樣。	
CATEGORY=Special Ability|Rogue Talent ~ Guileful Polyglot.MOD	OUTPUTNAME:語言專家（Guileful Polyglot）	DESC:.CLEAR	DESC:擁有這一天賦的盜賊如果擁有至少一點語言學技能，那麼她獲得4門額外語言。沒有在語言學上投入技能點的盜賊獲得2門額外語言，如果她之後在語言學上投入了技能點，那她獲得2門額外語言。這4門獎勵語言不屬於語言學技能獲得的額外語言。	
CATEGORY=Special Ability|Rogue Talent ~ Hard to Fool.MOD	OUTPUTNAME:老油條（Hard to Fool）	DESC:.CLEAR	DESC:每日1次，擁有這一天賦的盜賊可以在一次察言觀色檢定中投擲兩個骰子，取其中較高的結果作為檢定結果。她必須選擇在進行察言觀色檢定之前使用這一天賦。獲得這一天賦之後每5個盜賊等級，盜賊可以增加一次這一天賦的每日使用次數。	
CATEGORY=Special Ability|Rogue Talent ~ Honeyed Words.MOD	OUTPUTNAME:甜言蜜語（Honeyed Words）	DESC:.CLEAR	DESC:每天1次，唬騙檢定可以骰2次取高，但是必須在進行唬騙檢定前決定是否使用該能力。每5個盜賊等級可以額外增加1次每日使用該能力的機會。	
CATEGORY=Special Ability|Rogue Talent ~ Lasting Poison.MOD	OUTPUTNAME:毒性持續（Lasting Poison）	DESC:.CLEAR	DESC:擁有這一天賦的盜賊可以以一種更有效以及節儉的方式給武器上毒。以這一方式對武器猝毒，毒性可以在兩次成功攻擊中生效，而非通常的一次。當然，這一方式也減低了毒性，毒藥的DC-2。以這一方式淬毒是一個全回合動作，如果盜賊擁有「迅捷上毒」天賦那她能以一個迅捷動作來完成這一工作。	
CATEGORY=Special Ability|Rogue Talent ~ Nimble Climber.MOD	OUTPUTNAME:飛簷走壁（Nimble Climber）	DESC:.CLEAR	DESC:擁有這一天賦的盜賊如果在攀爬檢定中投出5或更低的結果導致檢定失敗，她可以迅速進行另一次攀爬檢定，但是DC+10。如果成功，她停止墜落並攀附在附近的平面上。如果她以這一方式停止墜落，那她不會受到墜落傷害。	
CATEGORY=Special Ability|Rogue Talent ~ Offensive Defense.MOD	OUTPUTNAME:防禦式突襲*（Offensive Defense）	DESC:.CLEAR	DESC:擁有這一天賦的盜賊在對一個目標進行近戰攻擊造成偷襲傷害時，對這一目標的攻擊獲得每一個偷襲骰1AC的閃避加值。這一效果持續一輪。	
CATEGORY=Special Ability|Rogue Talent ~ Peerless Maneuver.MOD	OUTPUTNAME:無雙架勢（Peerless Maneuver）	DESC:.CLEAR	DESC:每日1次，擁有這一天賦的盜賊可以在一次特技動作檢定中投擲兩個骰子，並取其中較好的結果作為檢定結果。她必須在進行檢定前使用這一天賦。獲得這一天賦之後每5個盜賊等級，盜賊可以每日多使用一次這一天賦。	
CATEGORY=Special Ability|Rogue Talent ~ Positioning Attack.MOD	OUTPUTNAME:定位攻擊（Positioning Attack）	DESC:.CLEAR	DESC:每日1次，當一個擁有這一天賦的盜賊在一次近程攻擊中命中對手，她可以移動30尺而不造成藉機攻擊。這一移動最終必須停留在攻擊目標的毗鄰位置。	
CATEGORY=Special Ability|Rogue Talent ~ Powerful Sneak.MOD	OUTPUTNAME:強襲猛擊*（Powerful Sneak）	DESC:.CLEAR	DESC:擁有這一天賦的的盜賊可以在全回合攻擊中使用這一天賦。她可以選擇讓這一輪自己的所有攻擊承受-2減值直到她的下一輪開始為止。在這段時間內她的攻擊如果造成偷襲，那麼可將所有投出1的偷襲傷害骰變為2。	
CATEGORY=Special Ability|Rogue Talent ~ Quick Disguise.MOD	OUTPUTNAME:迅速易容（Quick Disguise）	DESC:.CLEAR	DESC:擁有這一天賦的盜賊可以用手提的工具和那些看起來人畜無害的道具利用易容技能進行有效快速的偽裝。以這一方式來改變外貌所需的時間取決易容的複雜程度，詳細時間見下表。耗費時間計算疊加，所以如果一個女性盜賊要將自己易容為不同種族的男性，這將耗費至少2分鐘時間。	
CATEGORY=Special Ability|Rogue Talent ~ Quick Trapsmith.MOD	OUTPUTNAME:快速陷阱製作（Quick Trapsmith）	DESC:.CLEAR	DESC:擁有這一天賦的盜賊可以以一個全回合動作設置一個CR不超過她盜賊等級一半的陷阱。她必須擁有必須的陷阱零件並且事先組裝完畢這一陷阱。當然，這類陷阱的使用最好徵求GM的同意。	
CATEGORY=Special Ability|Rogue Talent ~ Snap Shot.MOD	OUTPUTNAME:迅捷射擊（Snap Shot）	DESC:.CLEAR	DESC:擁有這一天賦的盜賊可以在突襲輪裡直接取20先攻，但是她只能使用遠程武器進行攻擊。在之後的正常行動輪中盜賊使用她的正常先攻骰值。如果同時有2個或2個以上盜賊使用這一能力，那麼根據他們的先攻加值來決定行動順序。如果盜賊在突襲輪中不能行動，那她無法使用這一天賦。	
CATEGORY=Special Ability|Rogue Talent ~ Sniper's Eye.MOD	OUTPUTNAME:狙擊手之銳目（Sniper's Eye）	DESC:.CLEAR	DESC:擁有這一天賦的盜賊可以對30尺內處於隱蔽狀態的目標進行遠程偷襲攻擊。全隱蔽目標不受這一效果影響。	
CATEGORY=Special Ability|Rogue Talent ~ Strong Impression.MOD	OUTPUTNAME:駭人面目（Strong Impression）	DESC:.CLEAR	DESC:擁有這一天賦的盜賊獲得「威逼」作為獎勵專長。	
CATEGORY=Special Ability|Rogue Talent ~ Survivalist.MOD	OUTPUTNAME:求生者（Survivalist）	DESC:.CLEAR	DESC:擁有這一天賦的盜賊可以將醫療和生存添加到她的本職技能表裡。	
CATEGORY=Special Ability|Rogue Talent ~ Swift Poison.MOD	OUTPUTNAME:迅捷上毒（Swift Poison）	DESC:.CLEAR	DESC:擁有這一天賦的盜賊可以以一個移動動作對她的武器上毒，而並非一個標準動作。	
CATEGORY=Special Ability|Rogue Talent ~ Another Day.MOD	OUTPUTNAME:擇日而亡（Another Day）	DESC:.CLEAR	DESC:每日1次，如果一次近程攻擊將使盜賊的HP降低到0或更低，那麼她可以以一個直覺動作進行5尺快步。如果這一移動使她移出對手的觸及範圍，那麼她將不會因這次近程攻擊而受到任何傷害。盜賊在下一輪將處於恍惚狀態。	
CATEGORY=Special Ability|Rogue Talent ~ Deadly Cocktail.MOD	OUTPUTNAME:奪命雞尾酒（Deadly Cocktail）	DESC:.CLEAR	DESC:擁有這一天賦的盜賊可以將兩種不同類別的毒素混合添加到一把武器上。這兩種毒素可以是兩種不同的種類，它們可以同時獨立生效；或者是兩種同類別毒素，這將使這一類毒素的效果強化50%%並且豁免DC+2。這一天賦僅對傷口類毒素生效。	
CATEGORY=Special Ability|Rogue Talent ~ Deadly Sneak.MOD	OUTPUTNAME:致死突襲*（Deadly Sneak）	DESC:.CLEAR	DESC:當擁有這一天賦的盜賊使用「強襲猛擊」天賦時，他可以將所有投出1或2的偷襲傷害骰變為3。	
CATEGORY=Special Ability|Rogue Talent ~ Entanglement of Blades.MOD	OUTPUTNAME:蹣跚之刃*（Entanglement of Blades）	DESC:.CLEAR	DESC:擁有這一天賦的盜賊在對一個目標近程攻擊造成偷襲傷害時，直到盜賊的下一輪開始為止目標無法使用5尺快步。	
CATEGORY=Special Ability|Rogue Talent ~ Fast Tumble.MOD	OUTPUTNAME:快速翻滾（Fast Tumble）	DESC:.CLEAR	DESC:擁有這一天賦的盜賊在以特技動作全速翻滾越過敵人佔據的方格時且不造成藉機攻擊，這一特技檢定的DC減少10。	
CATEGORY=Special Ability|Rogue Talent ~ Frugal Trapsmith.MOD	OUTPUTNAME:廉價陷阱製作（Frugal Trapsmith）	DESC:.CLEAR	DESC:擁有這一天賦的盜賊學會了如何以簡約的材料製作強力的陷阱。她現在只需要支付75%%的正常價格來製作陷阱。	
CATEGORY=Special Ability|Rogue Talent ~ Hunter's Surprise.MOD	OUTPUTNAME:獵手突襲（Hunter's Surprise）	DESC:.CLEAR	DESC:每日1次，擁有這一天賦的盜賊可以選定一個鄰近敵人作為他的獵物。直到她的下一輪結束前，盜賊對這一目標的每一次攻擊都會造成偷襲傷害，即使這一目標並未處於措手不及或者是夾擊狀態下。	
CATEGORY=Special Ability|Rogue Talent ~ Knock-Out Blow.MOD	OUTPUTNAME:一擊倒地（Knock-Out Blow）	DESC:.CLEAR	DESC:每日1次，盜賊可以選擇放棄她的偷襲傷害而將對手擊倒在地。她必須在攻擊之前使用這一天賦。如果攻擊命中，那麼取代造成偷襲傷害（同時也不造成任何其他偷襲帶來的負面效果），對手被擊倒在地並昏迷1d4輪。一個成功的強韌檢定可以將效果降至恍惚1輪，DC為「10+1/2盜賊等級+智力修正」。	
CATEGORY=Special Ability|Rogue Talent ~ Master of Disguise.MOD	OUTPUTNAME:易容大師（Master of Disguise）	DESC:.CLEAR	DESC:每日1次，擁有這一能力的盜賊可以在一次易容檢定上獲得+10加值。	
CATEGORY=Special Ability|Rogue Talent ~ Redirect Attack.MOD	OUTPUTNAME:斗轉星移（Redirect Attack）	DESC:.CLEAR	DESC:每日1次，當擁有這一天賦的盜賊被一次近程攻擊命中時，她可以以一個自由動作將這次攻擊轉移到另一毗鄰生物上，這一生物必須在目標觸及範圍內，同時目標必須對這次攻擊重新投擲攻擊骰來決定攻擊是否命中。	
CATEGORY=Special Ability|Rogue Talent ~ Stealthy Sniper.MOD	OUTPUTNAME:魅影狙擊（Stealthy Sniper）	DESC:.CLEAR	DESC:擁有這一天賦的盜賊可以在使用隱匿技能進行狙擊時承受-10減值而非是正常的-20減值來維持躲藏。	
CATEGORY=Special Ability|Rogue Talent ~ Thoughtful Reexamining.MOD	OUTPUTNAME:詭詐心智（Thoughtful Reexamining）	DESC:.CLEAR	DESC:每日1次，擁有這一天賦的盜賊可以重投一次知識，察言觀色，察覺檢定。這一重投可以在任意時間使用。	
CATEGORY=Special Ability|Rogue Talent ~ Black Market Connections.MOD	OUTPUTNAME:黑市客戶（Black Market Connections）	DESC:.CLEAR	DESC:透過黑市交易，擁有此能力的盜賊可以找到取得更佳魔法物品的通路。在他購買物品的時候，所有聚落能承受的金幣數量會被視為比原本大上一級，且聚落出售的標準、次級和高等魔法物品數量也同樣受到影響。如果該聚落的規模已經是都會，那麼他可以買到所有的次級和中等魔法物品，此外還有額外的3d8件高等魔法物品。通過一次成功的交涉檢定，他可以讓出售的魔法物品規模上升兩級，如果他在都會裡，那他就可以買到所有的魔法物品。要是該地區為大城市，而且他的檢定成功，則他可以買到所有的次級和中等魔法物品，此外還有額外的3d8件高等魔法物品。檢定成功之後他可以在黑市出售贓物。但，如果他的檢定最終結果比DC還要低5點以上的話，則他闖出了會讓整個市集寢食難安的超級大禍，黑市將對他關閉至少1周。同時市場的控制者可能會向當局舉報盜賊的存在，以報復他搞砸的市場交易，或是藉此轉移注意力以掩飾他們的非法活動。	
CATEGORY=Special Ability|Rogue Talent ~ Convincing Lie.MOD	OUTPUTNAME:謊言說服（Convincing Lie）	DESC:.CLEAR	DESC:擁有此能力盜賊成功使用唬騙檢定之後，對方會對他的謊言信以為真。如果之後這個謊言受到質疑或是挑戰，相信該謊言的人可以用盜賊的唬弄檢定進行對抗，而不是使用他們自己的檢定加值。如果他的唬騙檢定加值比散佈謊言的盜賊本人還高，那麼他在進行此檢定時得到+2加值。此效果持續的天數相當於「1/2盜賊等級+魅力修正」。	
CATEGORY=Special Ability|Rogue Talent ~ Deft Palm.MOD	OUTPUTNAME:靈巧之腕（Deft Palm）	DESC:.CLEAR	DESC:擁有此天賦的盜賊即便正在被觀察，也可以使用巧手將武器藏在手掌中。	
CATEGORY=Special Ability|Rogue Talent ~ Esoteric Scholar.MOD	OUTPUTNAME:學者密傳（Esoteric Scholar）	DESC:.CLEAR	DESC:每日1次，擁有此天賦的盜賊可以進行一次他並沒有受訓的知識檢定，得到如同受過訓一般的結果。	
CATEGORY=Special Ability|Rogue Talent ~ Firearm Training.MOD	OUTPUTNAME:火器訓練（Firearm Training）	DESC:.CLEAR	DESC:盜賊得到「熟悉異種武器（火器）」專長。	
CATEGORY=Special Ability|Rogue Talent ~ Getaway Artist.MOD	OUTPUTNAME:脫逃藝術（Getaway Artist）	DESC:.CLEAR	DESC:擁有此天賦的盜賊可以將飛行、馴養動物和騎乘加入他的本職技能，且在所有駕駛檢定上得到+2的加值。	
CATEGORY=Special Ability|Rogue Talent ~ Grit.MOD	OUTPUTNAME:勇毅（Grit）	DESC:.CLEAR	DESC:盜賊得到「業餘銃士」專長，同時還得到一個他選擇的勇毅專長。他必須滿足先決條件才能選擇這些專長。同時，在選擇此天賦之前他必須要先選擇過「火器訓練」天賦。	
CATEGORY=Special Ability|Rogue Talent ~ Hold Breath.MOD	OUTPUTNAME:屏息（Hold Breath）	DESC:.CLEAR	DESC:擁有此天賦的盜賊可以屏息額外兩輪的時間，他可以多次選擇此天賦。	
CATEGORY=Special Ability|Rogue Talent ~ Iron Guts.MOD	OUTPUTNAME:鋼鐵內臟（Iron Guts）	DESC:.CLEAR	DESC:擁有此天賦的盜賊要不是擁有鑄鐵般堅固的腸胃，就是曾經訓練自己忍受毒藥。無論如何，他在對抗毒素時得到+1的豁免加值，同時在對所有會引起噁心和反胃的法術或效果時得到+4加值。	
CATEGORY=Special Ability|Rogue Talent ~ Ki Pool.MOD	OUTPUTNAME:氣池（Ki Pool）	DESC:.CLEAR	DESC:盜賊得到一個類似忍者的氣池，不過這個小小的氣池並不支持額外的攻擊次數。此氣池的大小等同於盜賊的感知修正（至少為1），並且在每天開始時自動恢復。如果他已經擁有氣池或是在之後得到氣池，那麼該氣池的大小增加相當於他感知修正的一半。他可以透過消耗1點氣池中的氣來增加自身的移動速度10尺直到他的回合結束。	
CATEGORY=Special Ability|Rogue Talent ~ Ninja Trick.MOD	OUTPUTNAME:忍術（Ninja Trick）	DESC:.CLEAR	DESC:擁有此天賦的盜賊可以選擇一個忍者的忍術。除非他已經擁有氣池，否則他無法選取那些需要氣池的能力。他可以多次選擇此天賦。	
CATEGORY=Special Ability|Rogue Talent ~ Rope Master.MOD	OUTPUTNAME:繩技大師（Rope Master）	DESC:.CLEAR	DESC:擁有此能力的盜賊在使用繩索攀爬時，可以用他的標準陸地移動速度。同時即便處在威脅或是分心的情況下，他仍可以在使用特技動作結合繩索通過狹窄容易掉落表面時取10。此外，他在綁人時對方的脫逃DC將上升4點。	
CATEGORY=Special Ability|Rogue Talent ~ Strong Stroke.MOD	OUTPUTNAME:強力划水（Strong Stroke）	DESC:.CLEAR	DESC:在游泳時，他可以骰兩次游泳檢定並取其高值。如果其他的能力或法術提供他的游泳檢定骰兩次取高的效果，那麼他在這兩次檢定的結果上都得到+2加值。若他的游泳檢定受到法術或能力影響，必須骰兩次取低的話，他可以只骰一次游泳檢定並且接受該次擲骰的結果。	
CATEGORY=Special Ability|Rogue Talent ~ Terrain Mastery.MOD	OUTPUTNAME:地形專家（Terrain Mastery）	DESC:.CLEAR	DESC:盜賊得到遊俠的偏好地形職業能力，不過此能力並不會隨著等級的提升而上升。盜賊可以多次選擇此能力，每次獲得新的偏好地形，他在舊的偏好地形上得到額外的+2加值。	
CATEGORY=Special Ability|Rogue Talent ~ Underhanded.MOD	OUTPUTNAME:狡詐花招*（Underhanded）	DESC:.CLEAR	DESC:擁有此天賦的盜賊在隱藏武器的巧手檢定上得到+4的環境加值。此外，如果他在突襲輪用一個對手不知道的隱藏武器進行偷襲，偷襲將會自動造成最大傷害。他每日能使用「狡詐花招」偷襲的次數等同於他的魅力修正。	
CATEGORY=Special Ability|Rogue Talent ~ Wall Scramble.MOD	OUTPUTNAME:翻牆者（Wall Scramble）	DESC:.CLEAR	DESC:在攀爬時，他可以骰兩次攀爬檢定並取其高值。如果其他的能力或法術提供他的攀爬檢定骰兩次取高的效果，那麼他在這兩次檢定的結果上都得到+2的加值。若他的攀爬檢定受到法術或能力影響，必須骰兩次取低的話，他可以只骰一次攀爬檢定並且接受該次擲骰的結果。	
CATEGORY=Special Ability|Rogue Talent ~ Confounding Blades.MOD	OUTPUTNAME:困惑之刃*（Confounding Blades）	DESC:.CLEAR	DESC:擁有此能力的盜賊如果在偷襲時造成重擊，那麼該目標再盜賊下一輪開始前都無法進行藉機攻擊。	
CATEGORY=Special Ability|Rogue Talent ~ Familiar.MOD	OUTPUTNAME:魔寵（Familiar）	DESC:.CLEAR	DESC:擁有此天賦的盜賊得到魔寵，效果如同法師的奧術連結職業能力。他的有傚法師等級為他的盜賊等級-4。他必須先選擇「高級魔法」和「次級魔法」才能選擇此天賦。	
CATEGORY=Special Ability|Rogue Talent ~ Getaway Master.MOD	OUTPUTNAME:脫逃大師（Getaway Master）	DESC:.CLEAR	DESC:盜賊的所有駕駛檢定得到+10的加值。他必須先選擇「脫逃藝術」才能選擇此天賦。	
CATEGORY=Special Ability|Rogue Talent ~ Hard to Fool.MOD	OUTPUTNAME:難以愚弄（Hard to Fool）	DESC:.CLEAR	DESC:擁有此天賦的盜賊很難被心靈影響效果玩弄。當他回合開始時，如果他仍然受到心智影響法術或效果支配，他可以做一次標準的意志豁免檢定。若他在檢定之中勝出，那麼他就不再受到該效果影響。此能力甚至可以對通常無法進行豁免的效果生效（例如指使術），在這種情況下，該法術的豁免檢定計算方式如同同級且允許豁免的法術。	
CATEGORY=Special Ability|Rogue Talent ~ Hide in Plain Sight.MOD	OUTPUTNAME:視線躲藏（Hide in Plain Sight）	DESC:.CLEAR	DESC:擁有此能力的盜賊可以從遊俠的偏好地形中選擇一種，他成為在該種地貌中的躲藏大師。在該種地形中，他就算被注意到也能使用隱匿技能。他可以重複選擇此能力，每次需選擇不同的偏好地形。	
CATEGORY=Special Ability|Rogue Talent ~ Rumormonger.MOD	OUTPUTNAME:謠言散佈者（Rumormonger）	DESC:.CLEAR	DESC:擁有此天賦的盜賊可以嘗試在小鎮或更大的聚落中透過唬騙檢定嘗試散播謠言，他每週能這樣做的次數等同於他的魅力修正。唬騙的DC基於聚落的大小，同時，被散佈謠言的聚落在之後的一周中會吸收並傳遞謠言。如果檢定成功，整個聚落的人幾乎都會接受謠言。檢定成功5點或以上的話，謠言還會在一周的時間之後額外傳遞1d4天的時間。檢定失敗代表聚落不受影響。如果失敗5點或以上，代表布謠者的敵人或其他機關可能會掌握住謠言傳播的方向。	
CATEGORY=Special Ability|Rogue Talent ~ Unwitting Ally.MOD	OUTPUTNAME:不存在的盟友（Unwitting Ally）	DESC:.CLEAR	DESC:擁有此天賦的盜賊可以透過一個迅捷動作讓對手做出如同被夾擊一般的反應。要使用此能力，對方必須要能看到盜賊而且聽到他的聲音。盜賊必須使用唬騙檢定對抗對方的察言觀色，如果盜賊勝出，那麼對方在盜賊下一輪開始之前都被視為受到夾擊。無論他成功與否，他都沒辦法再之後的24小時之內對同一個目標使用這招。如果他失敗了5點或以上，那麼他在接下來24小時中將無法對當時所有跟他有效果線的敵人使用這招。	
CATEGORY=Special Ability|Rogue Talent ~ Weapon Snatcher.MOD	OUTPUTNAME:搶奪武器（Weapon Snatcher）	DESC:.CLEAR	DESC:擁有此天賦的盜賊在進行卸除武器戰技檢定的時候，可以使用巧手檢定取代戰技檢定。	
