CATEGORY=Special Ability|Ranger ~ Favored Enemy.MOD	OUTPUTNAME:宿敵（Favored Enemy）	DESC:.CLEAR	DESC:1級時，遊俠從宿敵列表中選擇一種生物類型。他在針對該類型生物的唬騙、知識、察覺、察言觀色和生存檢定+2。此外，他在針對該類型生物的攻擊和傷害檢定也+2。遊俠在未受訓的情況下也可以使用知識技能來辨識宿敵生物。在5級和之後每5級（10，15和20級），遊俠可以額外選擇一種宿敵。此外，每次增加宿敵時，可以指定將針對任意一種宿敵的檢定加值再+2（如果願意的話，也可指定剛剛選擇的宿敵）。如果遊俠選擇類人生物或者異界生物作為宿敵，那麼他必須選擇生物的亞種，如下表所示（注意也有其他的類人生物亞種可供選擇，下表中所列的僅僅是最常見的部分）。如果某種特定生物同時屬於兩類宿敵類型，遊俠的加值無法疊加，只能使用較高的值作為加值。	
CATEGORY=Special Ability|Ranger ~ Track.MOD	OUTPUTNAME:追蹤（Track）	DESC:.CLEAR	DESC:遊俠在識別痕跡時將遊俠等級的一半（最少為1）加到生存檢定上。	
CATEGORY=Special Ability|Ranger ~ Wild Empathy.MOD	OUTPUTNAME:野性認同（Wild Empathy）	DESC:.CLEAR	DESC:遊俠可以改善動物的初始態度。該能力類似在改善人的態度時所做的交涉檢定。遊俠進行d20檢定，再加上他的遊俠等級和魅力修正來決定【野性認同】檢定的結果。一般家畜開始時的態度是冷淡，野外生物則通常是不友善。要使用野性認同，遊俠和動物必須在普通可視環境下彼此相距30尺以內。一般通過這種方式影響一個動物需要1分鐘時間，不過和影響人類似，所需的時間可能會變長或變短。遊俠也可以通過此能力影響一個智力為1或2的魔法獸, 不過在檢定中要受到-4減值。	
CATEGORY=Special Ability|Ranger ~ Combat Style Feat.MOD	OUTPUTNAME:戰鬥流派專長（Combat Style Feat）	DESC:.CLEAR	DESC:在2級時，遊俠必須在兩種戰鬥流派中選擇一種進行修習：箭術或雙武器格鬥。遊俠在所選流派上的技巧，以獎勵專長的形式在2，6，10，14和18級獲得。他可以根據自己的戰鬥流派選擇專長，即使自身沒有達到該專長的先決條件。如果遊俠選擇了箭術，他在獲得戰鬥流派專長能力時可以從如下專長中選擇：遠距射擊，近距射擊，精準射擊和快速射擊。在6級時，精通精準射擊和多重射擊加入列表中。10級時，精確瞄準（Pinpoint Targeting）和移動射擊加入列表中。如果遊俠選擇了雙武器格鬥，他在獲得戰鬥流派專長能力時可以從如下專長中選擇：雙重切割（Double Slice），精通盾擊，即時備戰和雙武器格鬥。在6級時，精通雙武器格鬥和雙武器防禦加入列表中，10級時，高等雙武器格鬥和雙武器撕裂（Two-Weapon Rend）加入列表中。	
CATEGORY=Special Ability|Ranger ~ Favored Terrain.MOD	OUTPUTNAME:偏好地形（Favored Terrain）	DESC:.CLEAR	DESC:3級時，遊俠可以從偏好地形列表中選擇一種地形。處在該類地形時，遊俠的先攻檢定和知識（地理）、察覺、隱匿和生存檢定+2。遊俠在其偏好地形上旅行時不會留下任何痕跡並且無法被追蹤（如果他刻意想要留下痕跡也是可以的）。在8級時和之後每5級，遊俠可以額外選擇一種偏好地形。此外，每次增加偏好地形時，可以指定將針對任意一種偏好地形的檢定加值再+2（如果願意的話，也可指定剛剛選擇的偏好地形）。如果某種特定地形同時屬於多種偏好地形，遊俠的加值無法疊加，只能使用較高的值作為加值。	
CATEGORY=Special Ability|Ranger ~ Hunter's Bond.MOD	OUTPUTNAME:獵手羈絆（Hunter's Bond）	DESC:.CLEAR	DESC:4級時，遊俠與他的狩獵夥伴產生了一種羈絆，可以兩種不同的方式之一體現。其一為遊俠與其隊友的羈絆。遊俠可以花費一個移動動作，令30尺內所有可以看到或聽到自己的隊友獲得自己針對某種生物類型的宿敵能力，加值相當於遊俠本身針對該宿敵的加值的一半。這一加值持續輪數為「1+感知修正」（最少1輪）。這一加值不與遊俠隊友的宿敵加值疊加，而是應用較高的一個。其二為遊俠與其動物夥伴的羈絆。選擇了此種方式的遊俠可以從如下列表中選擇一種動物夥伴：獾、鳥類、駱駝、貓科（小型），凶暴鼠、狗、馬、矮種馬、蛇（毒蛇或蟒蛇）或狼。如果戰役部分或全部在水生環境中展開，遊俠可以選擇鯊魚。選擇的動物會成為遊俠的忠誠夥伴，會以符合自身種類的方式在冒險旅途中陪伴遊俠。遊俠的動物夥伴享有遊俠的宿敵和偏好地形加值。這一能力的作用方式與德魯伊的動物夥伴能力（德魯伊的自然紐帶能力的一部分）類似，只是遊俠的德魯伊等效等級相當於「遊俠等級-3」。	
CATEGORY=Special Ability|Ranger ~ Woodland Stride.MOD	OUTPUTNAME:穿林步（Woodland Stride）	DESC:.CLEAR	DESC:7級起，遊俠可以以正常速度通過任何矮樹叢（例如自然的荊棘、石南、茂密的灌木叢，以及其他類似地形），並且不會受到傷害或者其他懲罰。但是，被魔法強化的、或使用魔法手段特意用來阻礙行動的此類地形還是會阻礙遊俠的行動。	
CATEGORY=Special Ability|Ranger ~ Swift Tracker.MOD	OUTPUTNAME:快速追蹤（Swift Tracker）	DESC:.CLEAR	DESC:8級起，遊俠可以以其正常速度進行追蹤而不用受到-5懲罰。在以雙倍速度移動時進行追蹤只受-10懲罰（而不是一般的-20）。	
CATEGORY=Special Ability|Ranger ~ Evasion.MOD	OUTPUTNAME:反射閃避（Evasion）	DESC:.CLEAR	DESC:9級起，遊俠可以以高超的敏捷避開魔法和特殊攻擊。遊俠在對抗若通過反射豁免可以減少一半傷害的攻擊時，如果通過了豁免，則不會受到傷害。只有在穿戴輕型，中型盔甲或不穿甲時才可以進行反射閃避。無助狀態下的遊俠不能獲得反射閃避的收益。	
CATEGORY=Special Ability|Ranger ~ Quarry.MOD	OUTPUTNAME:狩獵目標（Quarry）	DESC:.CLEAR	DESC:11級時，遊俠可以以標準動作指定一個視線內的目標為自己的狩獵目標。在追蹤自己的狩獵目標時，遊俠可以在以普通速度移動時的生存檢定中取10，不用受到懲罰。此外，在攻擊自己的狩獵目標時，遊俠的攻擊檢定獲得+2洞察加值，並且所有重擊威脅自動確認。遊俠不能同時指定多個狩獵目標，並且目標的類型必須屬於自己的宿敵。他可以在任意時刻以自由動作解除此效果，但無法在24小時內指定新的狩獵目標。如果遊俠能夠確認自己的狩獵目標已經死亡，那麼他可以在1小時後選擇一個新的狩獵目標。	
CATEGORY=Special Ability|Ranger ~ Camouflage.MOD	OUTPUTNAME:偽裝（Camouflage）	DESC:.CLEAR	DESC:12級或更高等級的遊俠可以在其偏好地形中使用隱匿技能，即使該地形沒有提供掩蔽或隱蔽物。	
CATEGORY=Special Ability|Ranger ~ Improved Evasion.MOD	OUTPUTNAME:精通反射閃避（Improved Evasion）	DESC:.CLEAR	DESC:16級時，遊俠的【反射閃避】能力升級。此能力與反射閃避相似，只是不但遊俠可以在通過反射檢定後不受到任何傷害，而且即使失敗也只受到一半的傷害。無助狀態下的遊俠不能獲得精通反射閃避的收益。	
CATEGORY=Special Ability|Ranger ~ Hide in Plain Sight.MOD	OUTPUTNAME:視線躲藏（Hide in Plain Sight）	DESC:.CLEAR	DESC:17級或更高等級的遊俠在其偏好地形中，即使在被注意時也可以使用隱匿技能。	
CATEGORY=Special Ability|Ranger ~ Improved Quarry.MOD	OUTPUTNAME:高等狩獵目標（Improved Quarry）	DESC:.CLEAR	DESC:19級時，遊俠追獵自己的獵物的能力升級。他現在可以以自由動作指定狩獵目標，並且可以在以普通速度移動時的生存檢定中取20，不用受到懲罰。他的攻擊洞察加值提高到+4。如果他的狩獵目標被殺死或者逃走，他可以在10分鐘後指定新的狩獵目標。	
CATEGORY=Special Ability|Ranger ~ Master Hunter.MOD	OUTPUTNAME:狩獵大師（Master Hunter）	DESC:.CLEAR	DESC:20級的遊俠成為一名狩獵大師。他在使用生存技能進行追蹤時總是可以以全速移動，並不用受到懲罰。他可以以一個標準動作對自己的宿敵進行一次攻擊，應用全部的攻擊加值。如果攻擊命中，目標正常受到傷害，並且必須進行DC為「10+1/2遊俠等級+感知修正」的強韌豁免檢定，否則會立刻死亡。遊俠可以選擇對目標造成等同於其當前生命值的非致命傷害，成功的豁免檢定會抵消這一傷害。遊俠每天可以對每種宿敵使用1次此能力，但不能在24小時內對同一類型的生物使用多次。	
CATEGORY=Special Ability|Beast Master ~ Animal Companion.MOD	OUTPUTNAME:動物夥伴（Animal Companion）	DESC:.CLEAR	DESC:野獸大師和動物夥伴之間有著遠超常態的緊密聯繫。這一能力類似於德魯伊的動物夥伴能力，除了遊俠的等效德魯伊等級視為「野獸大師等級-3」。野獸大師對動物使用野性認同和馴養動物技能時獲得+2加值。不同於普通的遊俠，野獸大師的動物夥伴選擇並不受遊俠表格限制——他可以如同德魯伊一樣選擇他的動物夥伴。野獸大師能同時擁有一隻以上的動物夥伴，不過他必須分配他的德魯伊等效等級來決定他的動物夥伴能力。舉例來說，一個有著4級等效德魯伊等級的野獸大師可以擁有兩隻2級動物夥伴，或者是一隻1級和一隻3級動物夥伴。每次野獸大師的德魯伊等效等級提升他必須決定如何分配強化他的動物夥伴能力（包括選擇一隻新的1級動物夥伴）。一旦德魯伊等效等級分配到一隻動物夥伴上，那在這只動物夥伴仍為野獸大師服務期間這一分配就無法更改（他必須釋放這只動物夥伴，或者是等它死後再將等效德魯伊等級分配到其他動物夥伴身上）。動物夥伴的法術共享能力無法讓野獸大師用一個法術對他所有的動物夥伴生效。這一能力替代獵手羈絆。	
CATEGORY=Special Ability|Beast Master ~ Improved Empathic Link.MOD	OUTPUTNAME:強化情感鏈接（Improved Empathic Link）	DESC:.CLEAR	DESC:野獸大師和他的所有動物夥伴建立了緊密的感情鏈接，如同魔寵一樣，野獸大師可以以一個迅捷動作共享他動物夥伴的視覺，這一效果的持續時間不受限制（只要動物夥伴仍在野獸大師一里之內），野獸大師可以一個直覺動作結束這一效果。當使用這一能力時，野獸大師本人失去視覺能力就如同目盲一般。這一能力取代6級戰鬥流派專長。	
CATEGORY=Special Ability|Beast Master ~ Strong Bond.MOD	OUTPUTNAME:強化羈絆（Strong Bond）	DESC:.CLEAR	DESC:自12級開始，野獸大師強化了他和動物夥伴之間的聯繫。野獸大師現在的德魯伊等效等級等同於他的野獸大師等級，他可以迅速將多出來的德魯伊有效等級分配到他的動物夥伴們身上。這一能力取代偽裝能力。	
CATEGORY=Special Ability|Guide ~ Ranger's Focus.MOD	OUTPUTNAME:專精遊俠（Ranger's Focus）	DESC:.CLEAR	DESC:自1級開始，每日1次，嚮導可以用一個迅捷動作選擇視覺線內單一敵對生物並將之視為宿敵，這一效果在這一敵對生物的生命值降到0或0以下、或這一敵對生物投降、或是嚮導選擇了新的目標時立刻失效。導遊在針對這一生物的攻擊骰和傷害骰上獲得+2加值。自5級開始及之後每5級，這一加值額外+2。自4級開始及之後的每3個遊俠等級，嚮導可以每日多使用1次這一能力。這一能力取代宿敵。	
CATEGORY=Special Ability|Guide ~ Terrain Bond.MOD	OUTPUTNAME:環境聯繫（Terrain Bond）	DESC:.CLEAR	DESC:自4級開始，嚮導和大地本身建立了緊密聯繫，讓他和他的盟友在特殊地形上無往不利。當在他的偏好地形上時，所有在嚮導視覺線內並能聽到他聲音的盟友獲得+2加值到先攻和察覺，隱匿，生存檢定上。此外只要和嚮導一起旅行，他的盟友不會留下任何可供追蹤的痕跡或線索，除非盟友本人要求離隊否則這一效果一直生效。這一能力替代獵手羈絆。	
CATEGORY=Special Ability|Guide ~ Ranger's Luck.MOD	OUTPUTNAME:遊俠強運（Ranger's Luck）	DESC:.CLEAR	DESC:到達9級後，每日1次，嚮導可以重新投擲他的一個攻擊骰、或是強迫他的對手重投一個攻擊骰（如果他攻擊命中了嚮導）。嚮導必須接受重投結果即使結果是更糟。這一能力在14級和19級可增加1次每日使用次數。這一能力取代反射閃避。	
CATEGORY=Special Ability|Guide ~ Inspired Moment.MOD	OUTPUTNAME:靈犀一動（Inspired Moment）	DESC:.CLEAR	DESC:自11級開始，每日一次，嚮導可以一個直覺動作使用靈犀一動。直到他的下一輪結束為止，嚮導獲得以下增益：他的移動速度增加10尺；在他的行動回合，他可以多做一個移動或是迅捷動作；他獲得+4加值到攻擊檢定、AC、技能檢定、屬性檢定上。此外，他的所有重擊確認自動成功。19級時他可以每日多使用1次這一能力。這一能力替代狩獵目標和高等狩獵目標。	
CATEGORY=Special Ability|Guide ~ Improved Ranger's Luck.MOD	OUTPUTNAME:強化遊俠強運（Improved Ranger's Luck）	DESC:.CLEAR	DESC:自16級開始，嚮導的好運加強了。當利用他的遊俠的幸運能力重投攻擊骰時他獲得+4加值，強迫對手重投攻擊骰時對手的攻擊獲得-4減值。這一效果也可以用來強化他的重擊確認或者是對手的重擊確認。這一能力替代精通反射閃避。	
CATEGORY=Special Ability|Horse Lord ~ Combat Style Feat.MOD	OUTPUTNAME:騎乘戰鬥流派（Combat Style Feat）	DESC:.CLEAR	DESC:2級時，駿騎領主必須選擇騎乘戰鬥流派。	
CATEGORY=Special Ability|Horse Lord ~ Mounted Bond.MOD	OUTPUTNAME:坐騎羈絆（Mounted Bond）	DESC:.CLEAR	DESC:自4級開始，駿騎領主和一匹可以用於騎乘的動物建立了某種神秘的聯繫，這匹動物被視為他的動物夥伴。中型體型的駿騎領主可以選擇一頭駱駝或是一匹馬，小體型駿騎領主可以選擇一匹矮種馬或是一頭狼，於7級時他可以選擇野豬或是犬。這一能力類似於德魯伊的動物夥伴能力，除了遊俠的等效德魯伊等級視為「駿騎領主等級-3」。駿騎領主在對他的坐騎動物夥伴使用野性認同和馴養動物能力時獲得+2加值。這一能力替代獵手羈絆。	
CATEGORY=Special Ability|Horse Lord ~ Strong Bond.MOD	OUTPUTNAME:強化羈絆（Strong Bond）	DESC:.CLEAR	DESC:在12級，駿騎領主強化了他和坐騎之間的聯繫。駿騎領主現在的德魯伊等效等級等同於他的駿騎領主等級。這一能力取代偽裝能力。	
CATEGORY=Special Ability|Horse Lord ~ Spiritual Bond.MOD	OUTPUTNAME:精神聯繫（Spiritual Bond）	DESC:.CLEAR	DESC:自17級開始，每日一次，駿騎領主可以增加等同於他駿騎領主等級的臨時生命到他的坐騎身上。當他的坐騎和他在30尺內時，他可以選擇分擔一部份他坐騎受到的傷害，就如同神術「護衛他人」一樣。這一能力替代視線躲藏。	
CATEGORY=Special Ability|Infiltrator ~ Adaptation.MOD	OUTPUTNAME:模仿能力（Adaptation）	DESC:.CLEAR	DESC:自3級開始，滲透者學會了如何使用獵物各類奇異特性的能力。他選擇一個他選擇作為宿敵的生物類型，比如說「異怪」。根據選擇的不同，滲透者選擇一項能力或者是專長（見下表）。滲透者每天可以使用模仿能力「10×他的遊俠等級」分鐘。這一能力無需一次用完，但是每次使用必須持續至少10分鐘。如果某些模仿能力前置需要在獲取時進行選擇（比如說某些技能專攻需要選擇某技能），那麼這一模倣傚果將無法更改。在8級，13級，15級時，滲透者可以選擇另一宿敵並從其列表中選擇一項能力，並從他已選擇的任意一列表中再選擇一項能力(包括他剛選擇的這一宿敵類型)。滲透者同一時間只能模仿一種宿敵。這一能力替換偏好地形。（FAQ更新：當滲透者啟動此模擬能力時，可以使用偽裝和視線躲藏職業能力。）	
CATEGORY=Special Ability|Shapeshifter ~ Combat Style Feat.MOD	OUTPUTNAME:戰鬥流派專長（Combat Style Feat）	DESC:.CLEAR	DESC:2級時，變形者必須選擇天生武器流派作為戰鬥流派。	
CATEGORY=Special Ability|Shapeshifter ~ Shifter's Blessing.MOD	OUTPUTNAME:變形者之庇護（Shifter's Blessing）	DESC:.CLEAR	DESC:3級時，每日1次，變形者以一個迅捷動作變化展現一種野生生物的能力。這一狀態持續輪數等同於「遊俠等級+感知修正」。處於變形者之庇護形態時他獲得一種野獸形態。變形者必須自以下形態中選擇一種形態，這一形態一旦選擇不能更改。自8級開始及之後每5級，遊俠可以獲得一個額外變形者之庇護形態，而且每日可以多使用1次變形者之庇護。處於變形者之庇護狀態下的遊俠仍可受變形術的影響，並且可以在變形的同時保留變形者之庇護帶來的加值。這一能力替換偏好地形。	
CATEGORY=Special Ability|Shapeshifter ~ Dual Form Shifter.MOD	OUTPUTNAME:雙重變化（Dual Form Shifter）	DESC:.CLEAR	DESC:自12級開始，當變形者進入變形者之庇護形態時，他可以選擇混合變形，同時保持兩種變形者之庇護形態。他同時獲得兩種形態帶來的加值。這一能力替換偽裝。	
CATEGORY=Special Ability|Shapeshifter ~ Master Shifter.MOD	OUTPUTNAME:變形宗師（Master Shifter）	DESC:.CLEAR	DESC:自20級開始，遊俠的變形者庇護形態獲得強化，他現在可以將自己轉化為真正的野獸。變形者可以同時使用這一能力和雙重變化，當然他只能將自己變形為一種野獸，但變形者之庇護形態帶來的加值仍能疊加。這一能力替代狩獵大師能力。	
CATEGORY=Special Ability|Shifter's Blessing ~ Form of the Bear.MOD	OUTPUTNAME:熊之力量（Form of the Bear）	DESC:.CLEAR	DESC:遊俠的肌肉迅速緊繃膨脹，與此同時，他的面部特徵也產生變化，就如同熊類一般。當處於這一形態時，遊俠獲得+4增強加值到力量屬性，但是他的基礎移動速度變為20尺。	
CATEGORY=Special Ability|Shifter's Blessing ~ Form of the Cat.MOD	OUTPUTNAME:貓之迅捷（Form of the Cat）	DESC:.CLEAR	DESC:遊俠的肌肉變得纖細並且輪廓分明，他的步伐變得矯捷優雅。當處於這一形態時，遊俠的基礎速度增加10尺，並且他的特技和攀爬檢定獲得+4加值。	
CATEGORY=Special Ability|Shifter's Blessing ~ Form of the Dragon.MOD	OUTPUTNAME:龍之健碩（Form of the Dragon）	DESC:.CLEAR	DESC:遊俠的皮膚變得粗糙而且長出了鱗片。當處於這一形態時，遊俠獲得天生護甲AC+2加值。	
CATEGORY=Special Ability|Shifter's Blessing ~ Form of the Eagle.MOD	OUTPUTNAME:鷹之銳眸（Form of the Eagle）	DESC:.CLEAR	DESC:遊俠的皮膚變化延展，長出了鷹鉤鼻，同時他的視力獲得了極大強化延展。當處於這一形態時，遊俠的察覺檢定獲得+10加值。	
CATEGORY=Special Ability|Shifter's Blessing ~ Form of the Jackal.MOD	OUTPUTNAME:豺之狡黠（Form of the Jackal）	DESC:.CLEAR	DESC:遊俠變得纖瘦狡詐，他以一種怯弱的姿態緩緩逡巡移動。當處於這一形態時，巡林可以以半速移動而不受到藉機攻擊。。	
CATEGORY=Special Ability|Shifter's Blessing ~ Form of the Otter.MOD	OUTPUTNAME:獺之擅泳（Form of the Otter）	DESC:.CLEAR	DESC:遊俠的雙手長出蹼，身體變得油膩光滑。當處於這種形態時，遊俠獲得30尺游泳速度和游泳檢定+8加值。	
CATEGORY=Special Ability|Skirmisher ~ Hunter's Tricks.MOD	OUTPUTNAME:獵人奇術（Hunter's Tricks）	DESC:.CLEAR	DESC:自5級開始，散兵學會了如何使用獵人奇術的方式，這些奇術可以給散兵及其盟友帶來額外加值和各種增益效果。散兵5級時學會一個奇術，從下方奇術列表中選擇一個作為已知奇術。自7級開始及之後每2級，散兵學會一個額外奇術。散兵每日可使用的奇術上限為「1/2散兵等級+感知修正值」。大部份情況下使用奇術是一個迅捷動作，但是某些奇術可以通過直覺動作或者是標準動作使用，大部份情況下是攻擊動作。一旦你選擇了一個奇術，你將無法更替它。散兵無法重複選擇同一個奇術。這一能力替換遊俠的施法能力。散兵無法獲得任何施法能力或是類法術能力，沒有施法者等級，也不能使用觸發或是儲法法術物品。	
CATEGORY=Special Ability|Hunter's Tricks ~ Aiding Attack.MOD	OUTPUTNAME:援助攻擊（Aiding Attack）	DESC:.CLEAR	DESC:散兵可以在攻擊命中對手時以一個自由動作使用這一奇術。鄰近的盟友在散兵的下一輪行動結束前對這這一目標進行攻擊將獲得+2環境加值。	
CATEGORY=Special Ability|Hunter's Tricks ~ Bolster Companion.MOD	OUTPUTNAME:夥伴援助（Bolster Companion）	DESC:.CLEAR	DESC:當散兵的動物夥伴遭受攻擊或者是被攻擊動作對攻擊時，散兵可以以一個直覺動作使用這一奇術。動物夥伴在這一次攻擊中獲得AC+4加值。如果這一攻擊仍然命中，動物夥伴只承受一半傷害。動物夥伴必須能看到並且聽到散兵的聲音才能從這一奇術中獲益。	
CATEGORY=Special Ability|Hunter's Tricks ~ Catfall.MOD	OUTPUTNAME:貓之輕靈（Catfall）	DESC:.CLEAR	DESC:當散兵從20尺或者更高的高度落下時，他可以以一個直覺動作使用這一奇術，在計算墜落傷害時他可以忽視20尺高度。如果散兵在這次墜落中沒有受到傷害，那麼他不會因落地而摔倒俯臥。	
CATEGORY=Special Ability|Hunter's Tricks ~ Chameleon Step.MOD	OUTPUTNAME:變色龍之詭步（Chameleon Step）	DESC:.CLEAR	DESC:散兵可以以一個移動動作移動兩次，在移動過程中散兵並不承受任何隱匿或者隱蔽減值。這一移動仍會觸發藉機攻擊。	
CATEGORY=Special Ability|Hunter's Tricks ~ Cunning Pantomime.MOD	OUTPUTNAME:萬能手語（Cunning Pantomime）	DESC:.CLEAR	DESC:以一個標準動作，散兵可以用手語和一個生物進行交流，就如同受到了一個持續10分鐘的巧言術影響一樣。不過以手語交流畢竟是件精細麻煩的工作，所以散兵對這個生物使用的交涉和唬騙技能都受到-4減值。	
CATEGORY=Special Ability|Hunter's Tricks ~ Defensive Bow Stance.MOD	OUTPUTNAME:防守射擊模式（Defensive Bow Stance）	DESC:.CLEAR	DESC:散兵可以以一個迅捷動作使用這一能力。直到他的下一輪結束為止，散兵的遠程攻擊不會觸發任何藉機攻擊。	
CATEGORY=Special Ability|Hunter's Tricks ~ Deft Stand.MOD	OUTPUTNAME:靈巧起身（Deft Stand）	DESC:.CLEAR	DESC:散兵可以以一個移動動作起身而不觸發藉機攻擊。	
CATEGORY=Special Ability|Hunter's Tricks ~ Distracting Attack.MOD	OUTPUTNAME:干擾攻擊（Distracting Attack）	DESC:.CLEAR	DESC:散兵可以以一個自由動作在攻擊時使用這一奇術。如果這一攻擊命中，目標1輪內在所有攻擊上承受-2減值。	
CATEGORY=Special Ability|Hunter's Tricks ~ Hateful Attack.MOD	OUTPUTNAME:恨意打擊（Hateful Attack）	DESC:.CLEAR	DESC:當散兵對他的宿敵進行攻擊時，他可以以以一個自由動作使用這一奇術。在這次攻擊中散兵武器的重擊範圍翻倍，這一能力並不和其他增加武器重擊範圍的能力疊加。	
CATEGORY=Special Ability|Hunter's Tricks ~ Heel.MOD	OUTPUTNAME:跟隨（Heel）	DESC:.CLEAR	DESC:散兵可以在他的動物夥伴移動時以一個直覺動作使用這一能力。當散兵的動物夥伴移動時，它的起始方格位置不視為處於任何可視敵人的威脅範圍內，它也不會因離開當前位置而觸發藉機攻擊，動物夥伴的這次移動最後必須停留在散兵的臨近位置。使用這一奇術時，動物夥伴必須能看到並且聽見散兵的聲音。	
CATEGORY=Special Ability|Hunter's Tricks ~ Hobbling Attack.MOD	OUTPUTNAME:妨礙式攻擊（Hobbling Attack）	DESC:.CLEAR	DESC:散兵可以在一次攻擊命中時以自由動作使用這一奇術。目標的地面移動速度降低一半，持續時間為1d4輪。	
CATEGORY=Special Ability|Hunter's Tricks ~ Quick Climb.MOD	OUTPUTNAME:快速攀爬（Quick Climb）	DESC:.CLEAR	DESC:散兵可以以一個移動動作進行全速攀爬並且不受任何懲罰。	
CATEGORY=Special Ability|Hunter's Tricks ~ Quick Healing.MOD	OUTPUTNAME:快速醫療（Quick Healing）	DESC:.CLEAR	DESC:以一個移動動作，散兵可以對一個瀕死角色進行醫療檢定穩定傷勢。此外，他也可以以一個移動動作對昏迷角色使用藥水。	
CATEGORY=Special Ability|Hunter's Tricks ~ Quick Swim.MOD	OUTPUTNAME:全速游動（Quick Swim）	DESC:.CLEAR	DESC:散兵可以以一個移動動作進行全速游泳並且不受任何懲罰。	
CATEGORY=Special Ability|Hunter's Tricks ~ Ranger's Counsel.MOD	OUTPUTNAME:遊俠教導（Ranger's Counsel）	DESC:.CLEAR	DESC:以一個迅捷動作，散兵可以讓所有在30尺內並有效果線的盟友在一項技能檢定上獲得+2加值。散兵在這一技能上必須投入至少1點技能點。這一效果持續1輪。	
CATEGORY=Special Ability|Hunter's Tricks ~ Rattling Strike.MOD	OUTPUTNAME:噪音攻勢（Rattling Strike）	DESC:.CLEAR	DESC:散兵可以在一次近戰攻擊前以一個自由動作使用這一奇術。如果這一攻擊命中，目標戰慄1d4輪。	
CATEGORY=Special Ability|Hunter's Tricks ~ Second Chance Strike.MOD	OUTPUTNAME:二次攻擊（Second Chance Strike）	DESC:.CLEAR	DESC:如果散兵在一次近戰攻擊中未能命中，那麼他可以以-5減值重骰一次攻擊骰。使用這一能力是一個直覺動作。	
CATEGORY=Special Ability|Hunter's Tricks ~ Sic 'Em.MOD	OUTPUTNAME:攻擊指示（Sic 'Em）	DESC:.CLEAR	DESC:散兵可以以一個迅捷動作使用這一奇術，來指揮他的動物夥伴對鄰近單位進行攻擊。動物夥伴必須能看見且聽到散兵的聲音才能進行這一攻擊。	
CATEGORY=Special Ability|Hunter's Tricks ~ Skill Sage.MOD	OUTPUTNAME:技能達人（Skill Sage）	DESC:.CLEAR	DESC:散兵可以一個自由動作使用這一奇術，重投兩次技能檢定並選擇較好的那個結果。使用這一奇術必須擁有至少1級技能等級。	
CATEGORY=Special Ability|Hunter's Tricks ~ Stag's Leap.MOD	OUTPUTNAME:一蹴而就（Stag's Leap）	DESC:.CLEAR	DESC:以一個自由動作，散兵可以在跳躍前無需10尺助跑。	
CATEGORY=Special Ability|Hunter's Tricks ~ Surprise Shift.MOD	OUTPUTNAME:詭步（Surprise Shift）	DESC:.CLEAR	DESC:散兵可以以迅捷動作移動5尺。這一移動動作並不觸發藉機攻擊並且不被視為5尺快步。	
CATEGORY=Special Ability|Hunter's Tricks ~ Tangling Attack.MOD	OUTPUTNAME:糾纏攻擊（Tangling Attack）	DESC:.CLEAR	DESC:散兵可以在一次攻擊前以自由動作使用這一能力。如果這一攻擊命中，目標被糾纏1輪時間。	
CATEGORY=Special Ability|Hunter's Tricks ~ Trick Shot.MOD	OUTPUTNAME:射擊奇術（Trick Shot）	DESC:.CLEAR	DESC:以一個標準動作，散兵可以在一次遠程攻擊中忽視目標的隱蔽效果（但不包括全隱蔽），軟掩蔽，部份掩蔽效果。	
CATEGORY=Special Ability|Hunter's Tricks ~ Uncanny Senses.MOD	OUTPUTNAME:離奇感知（Uncanny Senses）	DESC:.CLEAR	DESC:以一個直覺動作，散兵可以在察覺檢定上獲得+10內在加值，持續1輪。	
CATEGORY=Special Ability|Hunter's Tricks ~ Upending Strike.MOD	OUTPUTNAME:震摔攻勢（Upending Strike）	DESC:.CLEAR	DESC:散兵可以在一次近戰攻擊前以一個自由動作使用這一奇術。如果這一攻擊命中，他可以對目標進行一次額外的絆摔攻擊。	
CATEGORY=Special Ability|Hunter's Tricks ~ Vengeance Strike.MOD	OUTPUTNAME:復仇打擊（Vengeance Strike）	DESC:.CLEAR	DESC:散兵可以在對手以近戰或遠程攻擊命中盟友時以一個直覺動作使用這一奇術。他可以以他的最高基本攻擊加值對這一目標進行近戰攻擊。	
CATEGORY=Special Ability|Spirit Ranger ~ Spirit Bond.MOD	OUTPUTNAME:魂之牽絆（Spirit Bond）	DESC:.CLEAR	DESC:自4級開始，既不是同他的狩獵同伴，也不是同他的動物夥伴，精魂遊俠同自然精神本身建立了某種聯繫。每日1次，只要精魂遊俠處於他的偏好地形內，他可以如使用類法術能力一般施展「占卜術（augury）」，施法者等級等同於他的精魂遊俠等級。此外，他可以召喚精魂來施展一個遊俠法術列表上的法術（如果他的遊俠等級足夠使用這一法術），他不需要提前準備這一法術。自8級開始以及之後的每4個等級，他可以通過這種方式使用一個額外法術。這一能力替換獵手羈絆。	
CATEGORY=Special Ability|Spirit Ranger ~ Wisdom of the Spirits.MOD	OUTPUTNAME:魂之智慧（Wisdom of the Spirits）	DESC:.CLEAR	DESC:自12級開始，即使是不在偏好地形內，精魂遊俠仍能使用「占卜術」。如果處於偏好地形內，精魂遊俠可以選擇使用「預言術」替代「占卜術」。同使用「占卜術」一樣，施法者等級等同於他的精魂遊俠等級。這一能力替代偽裝。	
CATEGORY=Special Ability|Urban Ranger ~ Class Skills.MOD	OUTPUTNAME:都市獵手（Class Skills）	DESC:.CLEAR	DESC:自1級開始，都市獵人增加解除裝置和知識（本地）到本職技能列表裡，同時從本職技能裡移除馴養動物和知識（自然）。	
CATEGORY=Special Ability|Urban Ranger ~ Favored Community.MOD	OUTPUTNAME:偏好社區（Favored Community）	DESC:.CLEAR	DESC:自3級開始，都市獵人在某些社區中如魚得水。當處於這些環境時，他獲得+2先攻加值和+2加值到知識（本地），察覺，隱匿和生存檢定上。都市獵人在偏好環境內旅行時不會留下任何痕跡並且無法被追蹤（如果他刻意想要留下痕跡也是可以的）。自8級開始及之後每5級都市獵人可以選擇一個額外偏好社區。此外，每次增加偏好社區時，可以指定將針對任意一種偏好社區的檢定加值再+2（如果願意的話，也可指定剛剛選擇的偏好地形）。如果某種社區同時屬於多種偏好社區，都市獵人的加值無法疊加，只能使用較高的值作為加值。被選定的偏好社區必須包括100個或更多住民。郊區農田，荒地，以及房屋不能被視為偏好社區。這一能力替代偏好地形。	
CATEGORY=Special Ability|Urban Ranger ~ Trapfinding.MOD	OUTPUTNAME:尋找陷阱（Trapfinding）	DESC:.CLEAR	DESC:自3級開始，城市獵人可以搜索並解除陷阱（就如同遊蕩者的同名能力一樣）。這一能力替代耐久。	
CATEGORY=Special Ability|Urban Ranger ~ Push Through.MOD	OUTPUTNAME:都市暴走（Push Through）	DESC:.CLEAR	DESC:自7級開始，都市獵人在偏好社區內可以以正常速度通過任何障礙地形。此外，他可以穿過那些被普通市民佔據的位置，就如同他們是盟友一般。這一能力對那些有敵意的生物並不生效。但是，那些被魔法效果強化的、或用魔法手段特意造成的障礙地形還是會阻礙都市獵人的行動。這一能力替代穿林。	
CATEGORY=Special Ability|Urban Ranger ~ Blend In.MOD	OUTPUTNAME:泯然眾人（Blend In）	DESC:.CLEAR	DESC:自12級開始，都市獵人在偏好社區內可以用隱匿檢定替代易容檢定。他並不需要進行實際易容動作。當某人試圖從人群找出他時，都市獵人必須進行一次檢定。如果都市獵人沒有吸引敵人注意力，那麼敵人就不會注意他的存在，除非他們本身要對人群發起攻擊。這一能力替換偽裝。	
CATEGORY=Special Ability|Urban Ranger ~ Invisibility Trick.MOD	OUTPUTNAME:一葉障目（Invisibility Trick）	DESC:.CLEAR	DESC:自17級開始，都市獵人可以以一個迅捷動作使用「高等隱形術」，施法者等級等同於他的都市獵人等級。他每日可以使用這一類法術能力的次數等同於他的感知修正（至少1次）。這一能力替換視線躲藏。	
CATEGORY=Special Ability|Dusk Stalker ~ Shadow Guide.MOD	OUTPUTNAME:暗影嚮導（Shadow Guide）	DESC:.CLEAR	DESC:當黃昏追獵者獲得偏好地形時，該能力以下述方式作出改變。3級起，黃昏追獵者如常選擇偏好地形，不過在陰影位面的該地形中加值為+3，而在其他位面的該種地形時則為+1。每當他選擇提升偏好地形的加值時，他在陰影位面的該地形中提升的加值為+3，而在其他位面的該種地形時提升的加值為+1。該能力修改了偏好地形。	
CATEGORY=Special Ability|Dusk Stalker ~ Shadow Bond.MOD	OUTPUTNAME:暗影羈絆（Shadow Bond）	DESC:.CLEAR	DESC:4級起，黃昏追獵者與暗影間形成了神秘的羈絆。他的周圍圍繞著交織旋轉的暗影，並以此迷惑他的敵人。當黃昏追獵者昏暗或黑暗（魔法效果或其他）的環境中時，他在以特技檢定穿過敵人或敵人的威脅範圍時獲得+4洞察加值。此外，每天等同於他的感知修正次，黃昏追獵者可以操縱30尺內一個5尺方格中的影子。那個方格必須在昏暗或黑暗的範圍內（魔法效果或其他）。在這5尺方格內或者與之接鄰的擁有智力屬性的敵人會在AC以及反射豁免檢定上受到-2減值。擾人的影子持續1輪。這是一個影響心靈的恐懼效果。該能力取代獵手羈絆。【譯註：原文並沒註明操控影子的動作類型。】	
CATEGORY=Special Ability|Dusk Stalker ~ Dark Sight.MOD	OUTPUTNAME:黑暗視域（Dark Sight）	DESC:.CLEAR	DESC:12級起，黃昏追獵者獲得「看透黑暗」通用怪物能力。該能力取代偽裝。	
CATEGORY=Special Ability|Wave Warden ~ Deep Sentinel.MOD	OUTPUTNAME:深水哨衛（Deep Sentinel）	DESC:.CLEAR	DESC:當波濤守衛在水下偵查生物時，將其等級的一半（至少+1）加在察覺檢定上。這一能力取代追蹤。	
CATEGORY=Special Ability|Wave Warden ~ Aquatic Prowess Feat.MOD	OUTPUTNAME:海威專長（Aquatic Prowess Feat）	DESC:.CLEAR	DESC:在2級和之後的每4級，波濤守衛可以選擇一個獎勵專長以強化其在水體環境中的威力。他無需滿足先決條件便可選擇這些專長。最初可以選擇以下專長：閃避，靈活移動，捕網熟練（Net Adept, UC），網叉並用（Net and Trident, UC），捕網戰技（Net Maneuvering, UC），精準射擊，快速裝填，海之獵手（Sea Hunter, ARG），雙武器格鬥。6級時，他將以下專長加入列表：精通雙武器格鬥，捕網詭計（Net Trickery, UC），跳躍攻擊。10級時，他將高等雙武器格鬥和精通精準射擊加入列表。這一能力在其他方面如同標準遊俠的【戰鬥流派】般作用，包括對穿甲的限制，並取代戰鬥流派獎勵專長。	
CATEGORY=Special Ability|Wave Warden ~ Favored Terrain.MOD	OUTPUTNAME:偏好地形（Favored Terrain）	DESC:.CLEAR	DESC:3級時，波濤守衛獲得水體作為偏好地形。在8級和之後的每5級，他在水體中的加值都提升+2。他不會獲得額外的偏好地形。這一能力在其他方面如同標準遊俠的偏好地形般作用並取代它。	
CATEGORY=Special Ability|Wave Warden ~ Seaborn.MOD	OUTPUTNAME:海之子（Seaborn）	DESC:.CLEAR	DESC:7級時，波濤守衛可以以任何速度通過任何水中植被（比如珊瑚或海藻）或潮濕表面，並且不會受到任何傷害或懲罰。但是，被魔法強化的，或使用魔法手段特意用來阻礙行動的此類地形還是會對他造成影響。這一能力取代穿林步。	
CATEGORY=Special Ability|Wave Warden ~ Watery Summons.MOD	OUTPUTNAME:水族召喚（Watery Summons）	DESC:.CLEAR	DESC:8級時，每日1次，波濤守衛能以整輪動作召喚盟友。這一能力如同『召喚自然盟友III』般運作，除了它只能召喚水生或水系亞種的生物。11級時，這一能力提升至召喚自然盟友IV，並在之後的每3級都如此增強。波濤守衛的施法者等級等同於其遊俠等級。這一能力取代快速追蹤。	
CATEGORY=Special Ability|Wild Shadow ~ Wild at Heart.MOD	OUTPUTNAME:荒野之心（Wild at Heart）	DESC:.CLEAR	DESC:1級時，當處於城鎮環境中時，一名荒野之影只能將其職業等級的1/2添加在【野性認同】檢定上，並只能將其職業等級的1/4添加在追蹤或辨識蹤跡的檢定上。在非城鎮環境中，她在決定上述檢定的加值時視為高2級。這一能力是對【追蹤】和【野性認同】能力做出的補充。	
CATEGORY=Special Ability|Wild Shadow ~ Favored Terrain.MOD	OUTPUTNAME:偏好地形（Favored Terrain）	DESC:.CLEAR	DESC:3級時，當荒野之影選擇偏好地形，他不能選擇城鎮。在8級和之後的每5級，當他選擇新的偏好地形時，他依舊不能選擇城鎮。這一能力是對【偏好地形】能力做出的補充。	
CATEGORY=Special Ability|Wild Shadow ~ Woodland Stride.MOD	OUTPUTNAME:穿林步（Woodland Stride）	DESC:.CLEAR	DESC:這一能力如同遊俠7級同名職業能力般運作，不過荒野之影在4級時便獲得該能力。這一能力取代獵手羈絆。	
CATEGORY=Special Ability|Wild Shadow ~ Unfettered Step.MOD	OUTPUTNAME:神行步（Unfettered Step）	DESC:.CLEAR	DESC:7級時，荒野之影的【穿林步】職業能力可以作用於在任何其偏好地形中的困難地形，即使這些地形是由魔法增強或特意創造用來阻礙移動的。這一能力取代7級時遊俠獲得的穿林步。	
CATEGORY=Special Ability|Wild Shadow ~ Harrying Attack.MOD	OUTPUTNAME:擾亂攻擊（Harrying Attack）	DESC:.CLEAR	DESC:11級時，荒野之影可以運用他對於地形的知識來在戰鬥中使用精明而狡猾的攻擊。這類攻擊可以使敵人在荒野之影的偏好地形內亂成一團。以一個標準動作，荒野之影選定一個在其視覺線內，且處於荒野之影偏好地形中的生物作為他的擾亂目標。一旦該生物被如此指定，每當荒野之影用近戰或遠程武器（不論是人造武器還是天生武器）命中擾亂目標時，目標都會陷入糾纏1輪。一名荒野之影不能同時擁有一名以上的擾亂目標，且擾亂目標必須屬於其宿敵之一。他可以隨時以一個自由動作取消該效果，但是在24小時內不能選擇一個新的擾亂目標。若荒野之影確認了他的擾亂目標死亡，他在等待1小時之後便可選擇一個新的擾亂目標。這一能力取代狩獵目標。	
CATEGORY=Special Ability|Wild Shadow ~ Wild Stalker.MOD	OUTPUTNAME:荒野伏擊（Wild Stalker）	DESC:.CLEAR	DESC:14級時，荒野之影學會和如何利用自然環境來隱藏自己在戰鬥中的位置。只要一名荒野之影處在其偏好地形內，且該偏好地形內的環境給他提供了掩蔽，掩蔽對AC和反射豁免的加值+1。此外，當他處於其偏好地形內，且獲得了隱蔽或完全隱蔽時，任何一種隱蔽提供的失手率都增加10%%。而且在16級和19級時，掩蔽提供的加值還會再+1，隱蔽提供的失手率還會再+10%%（最高在20級時達到+3和+30%%）。這一能力取代偽裝。【譯註：原文如此，但是關於等級的數據一定在哪裡有些不對，估計是該能力加值的提升是在17和20級，而不是16和19級。】【編註：我倒覺得錯的是此能力獲得等級，【偽裝】是遊俠的12級能力。】	
CATEGORY=Special Ability|Wild Shadow ~ Master of Terrain.MOD	OUTPUTNAME:地形大師（Master of Terrain）	DESC:.CLEAR	DESC:19級時，荒野之影的【擾亂攻擊】可以作用於非宿敵生物，他也可以選擇以一個標準動作同時選定至多兩名宿敵作為其【擾亂攻擊】的目標。這一能力取代高等狩獵大師。	
CATEGORY=Special Ability|Trapper ~ Trap.MOD	OUTPUTNAME:設置陷阱（Trap）	DESC:.CLEAR	DESC:5級時，陷阱師學會設置圈套陷阱和一個他自選的其他種類遊俠陷阱。在7級和之後的每2級，他可以學到一個新的陷阱。一但陷阱被選定就無法被遺忘或是替換。他每日可以使用陷阱的次數等於「1/2遊俠等級+感知修正」。陷阱師一次沒辦法設置一個以上的陷阱。陷阱師不會獲得法術和施法能力，沒有施法者等級，因此也沒辦法使用觸發型或法術完成型的魔法物品。	
CATEGORY=Special Ability|Trapper ~ Launch Trap.MOD	OUTPUTNAME:發射陷阱（Launch Trap）	DESC:.CLEAR	DESC:10級時，陷阱師學會了使用箭矢或投擲武器發射遊俠陷阱，這允許他將陷阱設置在遠離他自己的地方，或是使用陷阱直接攻擊。發射附加陷阱的彈丸視為設置陷阱整輪動作中的一環。附加陷阱的彈藥射擊的方式和原本一樣。如果這個陷阱被射到一個區域中，那麼就如同陷阱師本人在該區域設置陷阱，不過豁免DC比通常低5。要是他把陷阱發射到一個生物身上，那麼該生物除了受到遠程攻擊的正常傷害之外，還會受到陷阱的效果影響，就如同他觸發了該陷阱。陷阱的最大射程為60尺，此射程增量適用於攻擊檢定。陷阱的持續時間由彈丸被創造之後開始計算，而不是在使用時。	
CATEGORY=Special Ability|Ranger Trap ~ Alarm Trap.MOD	OUTPUTNAME:警報陷阱*（Alarm Trap）	DESC:.CLEAR	DESC:當陷阱被觸發時他發出震耳欲聾的聲響，其聲音如同魔法警報。	
CATEGORY=Special Ability|Ranger Trap ~ Burning Trap.MOD	OUTPUTNAME:燃燒陷阱*（Burning Trap）	DESC:.CLEAR	DESC:遊俠只能把此效果添加在火焰陷阱上。如果目標在此陷阱的反射檢定失敗，他會被點燃受到1d6點傷害持續1d4輪的時間。被點燃的生物可以用一個整輪動作來重新豁免，如果他在地上打滾，他的豁免將得到+4的加值。	
CATEGORY=Special Ability|Ranger Trap ~ Exploding Trap.MOD	OUTPUTNAME:爆炸陷阱*（Exploding Trap）	DESC:.CLEAR	DESC:此能力只能被添加在火焰陷阱上。此陷阱會猛烈的爆炸，填滿和陷阱相鄰的每個方格並造成「1d6+1/2遊俠等級」的火焰傷害（反射通過則無效）。如果此陷阱被以機械陷阱的方式設置，遊俠必須在設置陷阱時使用一些貴重材料，例如熾火膠，來達到此效果。	
CATEGORY=Special Ability|Ranger Trap ~ Fire Trap.MOD	OUTPUTNAME:火焰陷阱（Fire Trap）	DESC:.CLEAR	DESC:此陷阱在烈焰中爆燃，造成「1d6+1/2遊俠等級」的火焰傷害（反射通過則無效）。如果此陷阱被以機械陷阱的方式設置，遊俠必須在設置陷阱時使用一些貴重材料，例如熾火膠。	
CATEGORY=Special Ability|Ranger Trap ~ Freezing Trap.MOD	OUTPUTNAME:冰凍陷阱（Freezing Trap）	DESC:.CLEAR	DESC:陷阱爆出冰霜並且環繞觸發的生物。觸發陷阱者受到「1d3+1/4遊俠等級」的寒冷傷害，被糾纏並且卡在地上，受到如同絆足包的影響。一個成功的反射檢定可以使傷害減半並且不受糾纏。冰環的厚度每兩遊俠生命骰數1吋，1吋厚的冰有3點生命值，硬度為0。這些冰塊會在2d4輪之後融化。	
CATEGORY=Special Ability|Ranger Trap ~ Marking Trap.MOD	OUTPUTNAME:標記陷阱*（Marking Trap）	DESC:.CLEAR	DESC:豁免失敗的生物將會染上染料或遊俠指定的氣味，氣味標記可以降低以嗅覺追蹤此生物的DC4點。標記可以被非常用力的擦洗除去，不然的話他將會在持續數天之後淡化。	
CATEGORY=Special Ability|Ranger Trap ~ Poison Trap.MOD	OUTPUTNAME:毒素陷阱（Poison Trap）	DESC:.CLEAR	DESC:此陷阱會毒害踩到他的生物，如果這是魔法陷阱，此陷阱將造成每輪1d2的體質傷害持續6輪。若這是機械陷阱，遊俠必須在製造時加入一劑吸入、接觸或是傷口侵入的毒藥。機械陷阱的豁免DC和毒素效果與該毒藥相同。	
CATEGORY=Special Ability|Ranger Trap ~ Sleet Trap.MOD	OUTPUTNAME:雨雪陷阱（Sleet Trap）	DESC:.CLEAR	DESC:在觸發時，此陷阱將於20尺內產生「雪雨暴」法術的效果。降雪僅持續1輪，不過結冰的效果會持續每遊俠等級1輪的時間。	
CATEGORY=Special Ability|Ranger Trap ~ Snare Trap.MOD	OUTPUTNAME:圈套陷阱（Snare Trap）	DESC:.CLEAR	DESC:圈套陷阱可以纏住生物的肢體或其他部分（反射通過則無效），被纏住的生物將無法從陷阱所在的格子移開。除非遊俠在陷阱中加上皮帶，若有皮帶的話該生物的移動範圍則改受皮帶限制。被纏住的生物可以用一個整輪動作進行脫逃檢定，檢定的DC等於陷阱的DC。陷阱或皮帶的生命值等於遊俠等級的一半。此外，他也可以嘗試通過一個DC為25的力量檢定崩壞此陷阱。此陷阱最多可以纏住一個中型生物，在設置陷阱時，遊俠可以選擇銷耗額外的使用次數來使此陷阱可以困住的生物大小上升相當於銷耗使用次數的等級。如果附近有高大的物體或是建築的話，遊俠也可以通過陷阱吊起生物。	
CATEGORY=Special Ability|Ranger Trap ~ Swarm Trap.MOD	OUTPUTNAME:群集陷阱（Swarm Trap）	DESC:.CLEAR	DESC:此陷阱是放出蝙蝠、老鼠或蜘蛛群集襲擊區域內所有生物。群集在每遊俠等級1輪之後消散，如果此陷阱是機械陷阱，遊俠必須提供群集的生物（裝在箱子或是袋子裡面）。如果不好好照顧的話這些生物可能會在陷阱觸發之前餓死（因為機械陷阱的持續時間為每等級1天）。	
CATEGORY=Special Ability|Battle Scout ~ Hunter's Bond.MOD	OUTPUTNAME:獵手羈絆（Hunter's Bond）	DESC:.CLEAR	DESC:4級時，當戰鬥偵查兵得到獵手羈絆時，他只能選擇和夥伴連結，戰鬥偵查兵不會得到動物夥伴。	
CATEGORY=Special Ability|Battle Scout ~ Advantageous Terrain.MOD	OUTPUTNAME:有利地形（Advantageous Terrain）	DESC:.CLEAR	DESC:5級後，當戰鬥偵查兵在他的偏好地形之中時，他可以花費最多3輪，每輪一個標準動作解讀該地形使之成為有利地形。在第一輪時，他得指定一個60尺半徑且和他有效果線的區域，戰鬥偵查兵與在此區域內的盟友將會得到持續時間為每遊俠等級10分鐘的加值，此效果取決於他花了多少輪解讀地貌。第一輪：先攻檢定得到+2的加值。第二輪：察覺、隱匿和生存檢定得到+2的加值。第三輪：不會因為困難地形減速。除此之外，戰鬥偵查兵可以在攀爬、游泳和跳躍檢定中取10，就算他處在分心狀態或是危險威脅時也是如此。此能力取代第二宿敵。	
CATEGORY=Special Ability|Battle Scout ~ Infiltration.MOD	OUTPUTNAME:滲透（Infiltration）	DESC:.CLEAR	DESC:當戰鬥偵查兵達到第10級，每日1次，他可以指定一個非偏好地形的地形，在之後每遊俠等級1小時的時間內，他可以將該地形視作他的偏好地形。此能力取代第三宿敵。	
CATEGORY=Special Ability|Battle Scout ~ Superior Tactics.MOD	OUTPUTNAME:高級戰術（Superior Tactics）	DESC:.CLEAR	DESC:15級，每日1次，當戰鬥偵查兵和他的盟友先攻檢定之後，他可以用他想要的方式排列他與他盟友的先攻。若他已經花了3輪的時間用有利地形能力研究地形，那麼他和他盟友的先攻骰得到額外+2加值。使用此能力並非動作。此能力取代第四宿敵。	
CATEGORY=Special Ability|Battle Scout ~ Perfect Advantage.MOD	OUTPUTNAME:完美優勢（Perfect Advantage）	DESC:.CLEAR	DESC:20級，戰鬥偵查兵只需花費一個標準動作就可以得到有利地形中所有的加值。此外，受此能力影響的範圍上升到1裡。此能力取代狩獵大師。	
CATEGORY=Special Ability|Deep Walker ~ Deep Knowledge.MOD	OUTPUTNAME:深邃知識（Deep Knowledge）	DESC:.CLEAR	DESC:深行者在第3級時於地底、洞穴和地下城中的先攻、察覺、隱匿、生存和知識（地城）檢定得到+2加值，此加值再之後的每5級上升3直到18級的+11。此能力取代偏好地形。	
CATEGORY=Special Ability|Deep Walker ~ Rock Hopper.MOD	OUTPUTNAME:岩石攀躍者（Rock Hopper）	DESC:.CLEAR	DESC:7級時，深行者可以直覺的找到最穩定的表面，並能緊緊攀附地底的巨岩和石塊。他在地底地形中的特技和攀爬檢定得到+5加值。此外，他可以忽略地底植物和地形所帶來的移動減值。此能力取代穿林。	
CATEGORY=Special Ability|Deep Walker ~ Deep Walker Camouflage.MOD	OUTPUTNAME:深行者偽裝（Deep Walker Camouflage）	DESC:.CLEAR	DESC:12級，深行者可以在地底地形中使用隱匿技能，即使該地沒有提供掩蔽和遮蔽物。此能力取代偽裝。	
CATEGORY=Special Ability|Deep Walker ~ One with the Stone.MOD	OUTPUTNAME:岩石庇護（One with the Stone）	DESC:.CLEAR	DESC:達到17級時，深行者在地底下即便被注意到也可以進行隱匿。此能力取代視線躲藏。	
CATEGORY=Special Ability|Falconer ~ Feathered Companion.MOD	OUTPUTNAME:有翼夥伴（Feathered Companion）	DESC:.CLEAR	DESC:1級時，鷹獵師和一種肉食鳥類建立了互信與夥伴情誼。此種鳥類可以是任意的狩獵或搜查鳥類，甚至可以是禿鷹。此能力類似德魯伊的動物夥伴，不過他必須選擇鳥類作為夥伴，而且該夥伴只有正常一半的生命值。鷹獵師沒辦法教導這些猛禽工作類的技巧，不過猛禽可以自由學習「遨遊」或「擾亂」。如果他沒有選擇這兩個技巧，那麼這兩個技巧之後仍然可以用一般動物夥伴習得技巧的方式學會。此能力取代野性認同。	
CATEGORY=Special Ability|Falconer ~ Hunter's Bond.MOD	OUTPUTNAME:獵手羈絆（Hunter's Bond）	DESC:.CLEAR	DESC:4級時，鷹獵師的獵手羈絆必須選擇動物夥伴，他不會在4級時得到額外的動物夥伴，取而代之的是他的有翼夥伴生命值將會上升到正常狀態。	
CATEGORY=Special Ability|Falconer ~ Swoop for the Kill.MOD	OUTPUTNAME:擊殺俯衝（Swoop for the Kill）	DESC:.CLEAR	DESC:6級時，在戶外，鷹獵師可以指使他的有翼夥伴從高處對敵人發起猛烈的俯衝攻擊。他的有翼夥伴得到「俯衝突擊」做為獎勵技巧。此能力取代6級時獲得的戰鬥流派專長。	
CATEGORY=Special Ability|Animal Trick ~ Swooping Charge.MOD	OUTPUTNAME:俯衝突擊（Swooping Charge）	DESC:.CLEAR	DESC:鷹獵師的有翼夥伴突然拉升，並且向下俯衝展開衝鋒。要使用這個技巧，動物夥伴必須能飛的起來，而且必須在戶外或是擁有足夠的空間（地底洞穴可能擁有足夠的空間，但是一般的地下城通常則否）。動物夥伴必須花一整輪的時間飛到制高點，然後在下一輪衝向鷹獵師所指定的目標。如果此次攻擊命中，鳥類造成2d4啄擊傷害取代1d4，同時重擊乘倍上升到4倍，且讓被擊中的敵人恍惚一輪。	
CATEGORY=Special Ability|Trophy Hunter ~ Improved Tracking.MOD	OUTPUTNAME:精通追跡（Improved Tracking）	DESC:.CLEAR	DESC:1級起，賞金獵人在確認痕跡與跟蹤的生存檢定上得到+2的加值，同時，他可以在追跡時借由一個DC為15的自然知識檢定來識別他所追獵動物或魔法獸的類型和情況。透過檢視足跡，賞金獵人可以大致瞭解這些動物的健康狀況，移動速度，還有他們一般的特性。此能力取代野性認同。	
CATEGORY=Special Ability|Trophy Hunter ~ Firearm Style.MOD	OUTPUTNAME:火器流派（Firearm Style）	DESC:.CLEAR	DESC:2級時，賞金獵人得到「業餘銃士」專長，同時可以使用所有的1級勇毅動作。之後每4級，他可以選擇一個勇毅專長，或是學習一個符合他等級或更低的勇毅動作。此能力替換遊俠的戰鬥流派。	
CATEGORY=Special Ability|Trophy Hunter ~ Hunter's Aim.MOD	OUTPUTNAME:獵手目標（Hunter's Aim）	DESC:.CLEAR	DESC:4級時，賞金獵人可以明確的洞悉其宿敵的弱點和破綻，他仔細研究敵人的缺陷，並且尋找最有效的打擊方式。當他以火器對宿敵發起攻擊時，只要對手在兩次射程增量以內，他的攻擊就視為接觸攻擊。此能力會和其他可以增加接觸攻擊射程增量的效果疊加，每次疊加增加一倍射程增量。此能力取代獵手羈絆。	
CATEGORY=Special Ability|Warden ~ Master of Terrain.MOD	OUTPUTNAME:地貌大師（Master of Terrain）	DESC:.CLEAR	DESC:1級時，荒野守衛獲得他第一個偏好地形，他在3級時取得第二個偏好地形，之後每5級取得一個，直到18級5個。此能力取代遊俠的第一宿敵。	
CATEGORY=Special Ability|Warden ~ Live in Comfort.MOD	OUTPUTNAME:安然求生（Live in Comfort）	DESC:.CLEAR	DESC:2級時，偏好地形對荒野守衛而言就像家一樣熟悉，他理解荒野中的每一個徵兆所代表的意義，也幾乎不可能迷路，並能輕易的在曠野中自在的生活，還可以騰出手來照顧夥伴。在偏好地形中，荒野守衛的生存檢定總是可以取10，就算他處在分心或危險的狀況下也是一樣，若沒有分心或威脅他甚至可以在這些檢定中取20，即便有失敗懲罰也是如此。此能力取代所有戰鬥流派專長。	
CATEGORY=Special Ability|Warden ~ Terrain Bond.MOD	OUTPUTNAME:地形羈絆（Terrain Bond）	DESC:.CLEAR	DESC:4級時，透過和大地建立親密連結，荒野守衛和他的盟友在偏好地形中的先攻、察覺、隱匿和生存檢定得到+2加值。同時，當他與夥伴旅行的時候不會留下痕跡，而且無法被追跡，不過如果他想要的話可以選擇留下整團或單一夥伴的痕跡。此能力取代獵手羈絆。	
CATEGORY=Special Ability|Warden ~ Able Explorer.MOD	OUTPUTNAME:老練探索者（Able Explorer）	DESC:.CLEAR	DESC:6級時，當荒野守衛在偏好地形中進行特技、攀爬、飛行、騎乘或游泳檢定時可以擲骰兩次並取其高值。此能力取代第二、第三、第四宿敵。	
CATEGORY=Special Ability|Warden ~ Wilderness Whispers.MOD	OUTPUTNAME:自然低語（Wilderness Whispers）	DESC:.CLEAR	DESC:20級時，在偏好地形中荒野守衛無法被突襲，而且總是如同他的先攻骰出自然20般行動。此能力取代第五宿敵。	
CATEGORY=Special Ability|Wild stalker ~ Strong Senses.MOD	OUTPUTNAME:強烈直覺（Strong Senses）	DESC:.CLEAR	DESC:1級時，野性潛獵者在荒野中漫長的人生銳化了他的感知，他得到昏暗視覺和+1的察覺檢定加值。如果他已經有了昏暗視覺，那麼他的察覺檢定加值則為+2。此加值之後每4級會上升1，直到20級達到最大+6（初始擁有昏暗視覺則為+7）。此能力取代第一宿敵。	
CATEGORY=Special Ability|Wild stalker ~ Uncanny Dodge.MOD	OUTPUTNAME:直覺閃避（Uncanny Dodge）	DESC:.CLEAR	DESC:野性潛獵者得到「直覺閃避」職業能力，作用如同野蠻人同名能力。此能力取代遊俠的戰鬥流派專長。	
CATEGORY=Special Ability|Wild stalker ~ Rage of the Wild.MOD	OUTPUTNAME:野性之怒（Rage of the Wild）	DESC:.CLEAR	DESC:4級時，野性潛獵者得到狂暴職業能力，其狂暴時有效野蠻人等級為「遊俠等級-3」。此能力取代獵手羈絆。	
CATEGORY=Special Ability|Wild stalker ~ Rage Powers.MOD	OUTPUTNAME:狂暴之力（Rage Powers）	DESC:.CLEAR	DESC:5級時，野性潛獵者可以選擇一個狂暴之力，之後每5級他將再得到一個狂暴之力，直到20級達到最高的四個。此能力取代第二、第三、第四和第五宿敵。	
CATEGORY=Special Ability|Wild stalker ~ Wild Talents.MOD	OUTPUTNAME:狂野天賦（Wild Talents）	DESC:.CLEAR	DESC:6級時，野性潛獵者可以選擇一個狂暴之力或是在以下某一檢定中獲得+2加值：特技、攀爬、察覺、隱匿、生存和游泳。之後每5級可以再選擇一次，20級時達到最高的四次。此能力取代第二、第三、第四和第五宿敵。	
CATEGORY=Special Ability|Divine Tracker ~ Favored Weapon.MOD	OUTPUTNAME:偏好武器（Favored Weapon）	DESC:.CLEAR	DESC:在1級時，神聖追獵者將擅長他神祇的偏好武器。果神聖追獵者信仰神祇的偏好武器是徒手擊打，那麼神聖追獵者獲得精通徒手擊打作為獎勵專長。本能力取代理解動物。	
CATEGORY=Special Ability|Divine Tracker ~ Blessings.MOD	OUTPUTNAME:祝福（Blessings）	DESC:.CLEAR	DESC:在4級時，神聖追獵者可以獲得自己信仰神祇的戰鬥祝福。從他信仰神祇可以賦予的戰鬥祭司祝福列表中選擇兩個祝福，神聖追獵者可以獲得它們的次級祝福能力。只有信仰特定擁有特定陣營領域神祇（善良，邪惡，混亂，守序），並且本人的陣營與之相符的神聖追獵者才可以選擇陣營祝福。如果一個神聖追獵者不信仰特定的神祇，他也可以隨意選擇兩個代表他信念所向或是崇拜概念的領域，具體由GM裁定，但他仍然受限於選擇陣營領域。在決定祝福的效果時，神聖追獵者可以以他的遊俠等級作為戰鬥祭司等級。在13級時，神聖追獵者可以使用這兩個祝福領域的高等祝福。本能力取代獵手羈絆。在決定祝福的效果時，神聖追獵者可以以他的遊俠等級作為戰鬥祭司等級。在13級時，神聖追獵者可以使用這兩個祝福領域的高等祝福。本能力取代獵手羈絆。	
CATEGORY=Special Ability|Hooded Champion ~ Panache.MOD	OUTPUTNAME:派頭（Panache）	DESC:.CLEAR	DESC:在1級時，橫行俠獲得遊蕩劍客的派頭職業能力，但是他在通過任何類型的弓而非輕型或單手近戰穿刺武器擊殺目標或造成重擊時才會恢復時髦值。如果橫行俠獲得了其他擁有派頭能力的職業等級，這兩個不同的時髦池不能疊加，但他在任意一個時髦池的回復條件滿足時均可以選擇一個時髦池獲得回復。舉例來說，一個擁有16魅力值的橫行俠兼職了遊蕩劍客，那麼他在使用弓或是輕型單手穿刺近戰武器時均可以回復時髦值。本能力取代1級時遊俠獲得的宿敵。	
CATEGORY=Special Ability|Hooded Champion ~ Deeds.MOD	OUTPUTNAME:炫技（Deeds）	DESC:.CLEAR	DESC:在1級時，橫行俠獲得遊蕩劍客的大膽特技炫技以及以下炫技，在決定炫技的效果時，橫行俠將他的遊俠等級視為遊蕩劍客等級。	
CATEGORY=Special Ability|Hooded Champion ~ Dead Aim.MOD	OUTPUTNAME:讓子彈飛（Dead Aim）	DESC:.CLEAR	DESC:在1級時，橫行俠可以消耗1點時髦值，用弓進行一次單次遠程接觸攻擊（而不能是全回合攻擊），他的攻擊目標必須處於武器的第一個射程增量之內。在3級時，橫行俠獲得遊蕩劍客的鯉魚打挺炫技以及以下炫技。	
CATEGORY=Special Ability|Hooded Champion ~ Hooded Champion's Initiative.MOD	OUTPUTNAME:不法者之迅捷（Hooded Champion's Initiative）	DESC:.CLEAR	DESC:3級時，只要橫行俠擁有至少1點時髦值，他在先攻檢定中就可以獲得+2加值。除此以外，如果橫行俠擁有即時備戰專長，他的手空閒也沒有被束縛，並且他的武器並非被藏匿，他就能用取出一張弓作為進行先攻檢定的一部分。	
CATEGORY=Special Ability|Hooded Champion ~ Combat Style.MOD	OUTPUTNAME:戰鬥流派（Combat Style）	DESC:.CLEAR	DESC:2級時，橫行俠必須選擇箭術戰鬥流派。9級時，橫行俠獲得遊蕩劍客之優雅swashbuckler's grace炫技和閃避精通evasive 炫技。16級時，橫行俠獲得遊蕩劍客之驕傲swashbuckler's edge炫技和詐死偽裝cheat death炫技。該能力替換了野性認同，堅忍，反射閃避和精通反射閃避。	
CATEGORY=Special Ability|Wild Hunter ~ Animal Focus.MOD	OUTPUTNAME:動物之力（Animal Focus）	DESC:.CLEAR	DESC:在1級時，曠野獵手可以以一個迅捷動作模擬動物的形態，如同獵人的同名職業能力一般，但這個能力目前僅影響曠野獵手本身而不影響其動物夥伴（見下分享動物之力能力）。他每天曠野使用動物之力的時間為他的遊俠等級數分鐘，這些時間不必連續，但每次使用至少要持續1分鐘。曠野獵手每次只能模仿一個動物的動物之力。本能力取代宿敵。	
CATEGORY=Special Ability|Wild Hunter ~ Shared Focus.MOD	OUTPUTNAME:分享動物之力（Shared Focus）	DESC:.CLEAR	DESC:在7級時，曠野獵手能夠將他的動物之力分享給他的獵手羈絆能力鏈接的夥伴。如果他選擇的是動物夥伴，那麼他的動物夥伴將自動獲得動物之力的效果；如果他選擇了隊友之間的羈絆，那麼曠野獵手可以以一個迅捷動作賦予一個隊友他的動物之力。動物之力的效果持續到獵人到獵手羈絆結束或是他更換一個羈絆對像為止。本能力取代穿林和快速追蹤。	
