CATEGORY=Special Ability|Magus ~ Arcane Pool.MOD	OUTPUTNAME:奧能力池（Arcane Pool）	DESC:.CLEAR	DESC:1級時，魔戰士獲得一個奧能能量池，他可以從中汲取能量增強其力量和武器。奧能力池擁有等於「1/2魔戰士職業等級（至少為1）+智力修正」的能量點數。每日當魔戰士準備法術時，力池也得到恢復。1級時，魔戰士可以用迅捷動作從奧能力池中花費1點來賦予任何他所持用的武器+1增強加值，持續1分鐘。之後每4級，武器會再獲得+1增強加值，17級時達到最高+5。這些加值可以與武器原本加值累計，但最高疊加至+5。多次使用此能力並不互相累計。5級時，以下附魔可被添加至任何合適的武器上：舞空、熾焰、焰爆、凍寒、冰爆、銳鋒、電擊、電爆、追擊或斬首。添加這些附魔會消耗等價點數的奧能增強加值。這些特性可以添加在原有該特性的武器上，但效果並不累計。若武器無魔法，則必須在添加任何附魔前先添加至少+1增強加值。這些加值和附魔在消耗奧能力池時選擇決定，在下次使用此能力前無法更改。這些增強效果在武器被魔戰士外的其他人持用時也無效。魔戰士同時只能以此方式增強一把武器。若他再次使用此能力，則先前的效果立即結束。	
CATEGORY=Special Ability|Magus ~ Cantrips.MOD	OUTPUTNAME:戲法（Cantrips）	DESC:.CLEAR	DESC:魔戰士每天可以準備一定數量的戲法，或者說0環法術，參見上表中的「每日法術」。這些法術在釋放時與其他法術類似，但在施展時並不消耗因而可以被再次使用。	
CATEGORY=Special Ability|Magus ~ Spell Combat.MOD	OUTPUTNAME:法術戰鬥（Spell Combat）	DESC:.CLEAR	DESC:1級時，魔戰士學會了如何同時施放法術和運用武器的戰術。這與雙武器戰鬥很像，但副手武器是正在釋放的法術。要使用此能力，魔戰士必須有一隻手空閒（即使該法術並不需要動作成份），而另一隻手持用輕型或單手近戰武器。以一個整輪動作，他可以在-2減值下使用其武器做出所有攻擊，並同時釋放任何魔戰士法術列表中的釋放時間為一個標準動作的法術。若他以防禦式釋放此法術，則可以選擇令其攻擊檢定獲得最高等於其智力修正的額外減值，並在專注檢定上獲得等量的環境加值。若檢定失敗，則法術失效，但攻擊仍舊受到減值。魔戰士可以選擇先釋放法術或先使用武器攻擊，但若他擁有多於一次的攻擊能力，則無法在幾次武器攻擊之間施展法術。	
CATEGORY=Special Ability|Magus ~ Spellstrike.MOD	OUTPUTNAME:法術打擊（Spellstrike）	DESC:.CLEAR	DESC:2級時，每當魔戰士釋放一個魔戰士法術列表中距離為〔接觸〕的法術時，作為一次近戰攻擊的一部分，他可以通過近戰攻擊傳遞這一法術。魔戰士通過持用的武器自由進行一次近戰攻擊（使用他的最高基本攻擊加值）而非近戰接觸來作為施放該法術的一部份。若命中，則該次近戰攻擊造成正常傷害的同時造成該法術效果。若魔戰士同時使用【法術戰鬥】能力，那麼這次攻擊同樣會承受近戰攻擊減值。法術打擊可以使用武器的重擊威脅範圍（19-20或是18-20，也受到包括〈銳鋒〉武器附魔等其他調整）造成重擊，但是只具有×2的成功重擊傷害倍數，不過武器攻擊本身的重擊傷害仍然受到武器重擊倍數影響。	
CATEGORY=Special Ability|Magus ~ Magus Arcana.MOD	OUTPUTNAME:魔戰士奧能（Magus Arcana）	DESC:.CLEAR	DESC:隨著等級提升，魔戰士習得了各種奧秘以拓展他將戰鬥力量和魔法技巧混合在一起的特別道路。3級開始，魔戰士獲得一項魔戰士奧能，之後每3等級再額外獲得一項。除非特別提及否則每項魔戰士奧能不得多次選擇。影響法術效能的魔戰士奧能僅可用於改變魔戰士法術列表的法術。	
CATEGORY=Special Ability|Magus ~ Spell Recall.MOD	OUTPUTNAME:法術喚回（Spell Recall）	DESC:.CLEAR	DESC:4級時，魔戰士習得如何使用其奧能力池來回收使用過的法術。通過一個迅捷動作他可以支付奧能力池中相對應的點數（至少1點）召回任一個已經使用過的同環級的法術。這些法術視為重新準備且沒有施放過。	
CATEGORY=Special Ability|Magus ~ Knowledge Pool.MOD	OUTPUTNAME:知識力池（Knowledge Pool）	DESC:.CLEAR	DESC:7級時，當魔戰士準備其魔戰士法術時，他可以決定從奧能力池中花費1點或更多點數，最高可以等於其智力加值。他每以此法花費1點，便可以將魔戰士法術列表中的任意一個法術視同包含在其法術書中並能以此法在當日正常準備該法術。他也可以運用力池法術能力施展依此法添加的法術，但僅限他下一次準備法術之前使用。	
CATEGORY=Special Ability|Magus ~ Improved Spell Combat.MOD	OUTPUTNAME:精通法術戰鬥（Improved Spell Combat）	DESC:.CLEAR	DESC:8級時，魔戰士的同時施法及近戰攻擊能力得到進一步提升。當使用【法術戰鬥】能力時，魔戰士在專注檢定上獲得+2環境加值，這個加值也添加到所有在攻擊檢定上承受減值所換取的加值以外。	
CATEGORY=Special Ability|Magus ~ Fighter Training.MOD	OUTPUTNAME:戰鬥訓練（Fighter Training）	DESC:.CLEAR	DESC:10級時，魔戰士可以將其魔戰士等級的一半作為戰士等級來滿足專長的前提需求。若他擁有戰士等級，則可將等級合計。	
CATEGORY=Special Ability|Magus ~ Improved Spell Recall.MOD	OUTPUTNAME:精通法術喚回（Improved Spell Recall）	DESC:.CLEAR	DESC:11級時，魔戰士使用奧能力池回收法術的能力得到提升。每當他使用奧能力池以召回法術時，他只需要消耗法術環級一半的點數（至少1點）。除此之外，他還可以不召回一個使用過的法術，而是將召回法術所支付的奧能點數（至少1點）用來準備一個在他法術書內的同環其他法術。魔戰士不需要因此而而重新研究他的法術書，但也不能為以此法準備的法術添加超魔專長。	
CATEGORY=Special Ability|Magus ~ Greater Spell Combat.MOD	OUTPUTNAME:高等法術戰鬥（Greater Spell Combat）	DESC:.CLEAR	DESC:14級時，魔戰士施放法術和近戰攻擊的動作完美的銜接為一體。當使用【法術戰鬥】能力時，其專注檢定加值等於所選擇承受攻擊檢定減值的雙倍。	
CATEGORY=Special Ability|Magus ~ Counterstrike.MOD	OUTPUTNAME:反制擊（Counterstrike）	DESC:.CLEAR	DESC:16級時，每當魔戰士觸及範圍內的敵人以防禦式成功施展法術時，該敵人在法術完成後會引發魔戰士的一次藉機攻擊。但該次藉機攻擊不會干擾到法術。	
CATEGORY=Special Ability|Magus ~ Greater Spell Access.MOD	OUTPUTNAME:高等法術通路（Greater Spell Access）	DESC:.CLEAR	DESC:19級時，魔戰士能夠獲得更多魔法學識。他可以從法師法術列表中選取14個法術加入他的法術書，並以他的魔戰士等級作為法師等級使用這些法術。魔戰士可以從0環、1環、2環、3環、4環、5環和6環法師法術中每環級選擇2個法術。魔戰士可以忽略這些法術中的姿勢成份，但他也必須為這些法術正常花費貴重的材料成分。	
CATEGORY=Special Ability|Magus ~ True Magus.MOD	OUTPUTNAME:魔戰士真義（True Magus）	DESC:.CLEAR	DESC:20級時，魔戰士成為法術和戰鬥的大師。每當他使用【法術戰鬥】能力時，他無需在防禦性施法時進行專注檢定。而每當魔戰士使用【法術戰鬥】能力施法並且其法術目標同時也是他近戰攻擊的目標，他可以選擇令該法術的豁免DC+2，或是在任何克服法術抗力的檢定中獲得+2環境加值，又或是在自己行動回合內所有對該目標的攻擊檢定中獲得+2環境加值。	
CATEGORY=Special Ability|Elemental Knight ~ Elemental Arcana.MOD	OUTPUTNAME:元素奧能（Elemental Arcana）	DESC:.CLEAR	DESC:3級起，元素騎士能夠選擇下列只對他們有效的魔戰士奧能。	
CATEGORY=Special Ability|Elemental Knight ~ Assault Synergy.MOD	OUTPUTNAME:增效攻襲（Assault Synergy）	DESC:.CLEAR	DESC:以一個迅捷動作，元素騎士能夠消費1輪【元素攻襲】的持續時間，使他當輪施放的攻擊性法術造成的能量傷害提高1d6點。該法術必須帶有〔酸〕、〔冷〕、〔電〕或〔火〕描述符。額外的能量傷害與法術的能量傷害一致。10級起，他能夠消費2輪以使法術增加2d6點能量傷害。	
CATEGORY=Special Ability|Elemental Knight ~ Energy Reflection.MOD	OUTPUTNAME:能量反射（Energy Reflection）	DESC:.CLEAR	DESC:該奧能除了只對造成強酸、寒冷、閃電或火焰傷害的法術生效以外，如同【鏡向反射】魔戰士奧能一般作用。只要元素騎士從他的奧能力池中消費至少1點奧能以啟動這個魔戰士奧能，他就能夠花費【元素攻襲】的持續輪數，就如同花費奧能點數一般。例如元素騎士能夠消費1點奧能力池點數以及3輪元素攻襲，反射4環或更低環級的法術。元素騎士必須至少12級才能選擇此奧能。	
CATEGORY=Special Ability|Elemental Knight ~ Energy Resistance Boost.MOD	OUTPUTNAME:強化能量抗力（Energy Resistance Boost）	DESC:.CLEAR	DESC:以一個迅捷動作，元素騎士能夠從他的奧能力池中消費1點奧能、或者【元素攻襲】的1輪持續時間，使他的所有種族能量抗力增加5點，持續1輪。	
CATEGORY=Special Ability|Elemental Knight ~ Elemental Matrix.MOD	OUTPUTNAME:元素基體（Elemental Matrix）	DESC:.CLEAR	DESC:4級起，元素騎士獲得「蓄能元素攻襲（Incremental Elemental Assault, ARG）」作為獎勵專長。此外自4級起，以一個迅捷動作，元素騎士能夠消耗他的元素攻襲能力的持續輪數。每消耗4輪時間，他就可以獲得1點奧能力池點數。該能力取代法術喚回。	
CATEGORY=Special Ability|Fiend Flayer ~ Infernal Mortification.MOD	OUTPUTNAME:地獄苦行（Infernal Mortification）	DESC:.CLEAR	DESC:煉獄剝皮者可以犧牲一些自己的污穢之血以增加他的奧能力池。以這種方式犧牲血液是一個標準動作。每當煉獄剝皮者以此對自己造成2點體質傷害，他的奧能力池增加1點。任何以這種方式獲得的奧能力池沒有消耗的話，則會在魔戰士下次準備法術時消失。與普通的屬性傷害不同，該傷害無法以『次等復原術』治療。只有時間可以治癒地獄苦行造成的體質傷害。這個能力無法在煉獄剝皮者受到的體質傷害大於等於其體質屬性一半時使用。	
CATEGORY=Special Ability|Fiend Flayer ~ Magus Arcana.MOD	OUTPUTNAME:魔戰士奧能（Magus Arcana）	DESC:.CLEAR	DESC:煉獄剝皮者有權獲得以下魔戰士奧能。他無法選擇任何奧能超過一次。	
CATEGORY=Special Ability|Fiend Flayer ~ Fiendblade.MOD	OUTPUTNAME:邪魔之刃（Fiendblade）	DESC:.CLEAR	DESC:以一個迅捷動作，只要煉獄剝皮者當日曾經使用【地獄苦行】增加他的奧能力池，他就能夠以此奧能召喚出一把武器。這麼做會從他的奧能力池中消耗2點。武器可以是煉獄剝皮者擅長的任何種類的單手近戰武器。該武器擁有+1增強加值，煉獄剝皮者3級起以及之後的每4級，邪魔之刃的增強加值會再增加1點，19級時達到最高+5。這件召喚武器持續存在1分鐘。5級起，這些增強加值可以用來使邪魔之刃獲得以下任何武器附魔：混亂，秩序，舞空，熾焰，焰爆，凍寒，冰爆，銳鋒，電擊，電爆，追擊或邪惡。這些加值以及附魔在奧能力池點數消費時決定，直到下一次煉獄剝皮者使用該奧能之前無法更改。其他生物無法持用邪魔之刃；一旦它離開煉獄剝皮者的手就會消散在一片散發著燃燒血液味道的紅霧之中。煉獄剝皮者同一時間只能有一把邪魔之刃。如果他第一把邪魔之刃持續時間內使用該能力，第一把就會消失。	
CATEGORY=Special Ability|Fiend Flayer ~ Bypassing Strike.MOD	OUTPUTNAME:穿透打擊（Bypassing Strike）	DESC:.CLEAR	DESC:煉獄剝皮者能以一個迅捷動作，從他的奧能力池中消耗1點，使他回合結束前的單次近戰攻擊或【法術打擊】忽略邪惡異界生物的傷害減免。	
CATEGORY=Special Ability|Spell Dancer ~ Spell Dance.MOD	OUTPUTNAME:咒術之舞（Spell Dance）	DESC:.CLEAR	DESC:1級時，咒舞者能以一個迅捷動作花費1點奧能力池點數，使其移動速度獲得10尺增強加值；同時她在受威脅區域內移動引起藉機攻擊時，AC獲得+2閃避加值，持續1分鐘。在1級之後的每4級，咒舞者獲得額外的10尺速度增強加值，和+2上述AC閃避加值。5級時，每次【咒術之舞】中1次，咒舞者能以一個迅捷動作對自己施展如下效果：『朦朧術』，『飛行術』或『加速術』。這些能力持續1輪。9級時，咒舞者可以在每次【咒術之舞】中，通過一個迅捷動作以類法術能力的形式施展『任意門』1次。13級時，咒舞者還可以通過一個迅捷動作在1d4輪中獲得『行動自如』的效果。該能力取代魔戰士通過迅捷動作消耗奧能力池點數來賦予其武器魔法加值1分鐘的能力。	
CATEGORY=Special Ability|Spell Dancer ~ Arcane Movement.MOD	OUTPUTNAME:秘法靈動（Arcane Movement）	DESC:.CLEAR	DESC:5級時，一旦咒舞者施放了一個魔戰士法術，他便能在特技、攀爬、脫逃和隱匿檢定上獲得相當於法術環級的表現加值，直到其下一輪開始。該能力取代魔戰士在5級時獲得的獎勵專長。	
CATEGORY=Special Ability|Spell Dancer ~ Dance of Avoidance.MOD	OUTPUTNAME:迴避之舞（Dance of Avoidance）	DESC:.CLEAR	DESC:7級時，若穿戴輕甲或不穿甲，咒舞者的AC獲得+2洞察加值。該能力取代中甲職業能力。	
CATEGORY=Special Ability|Spell Dancer ~ Greater Dance of Avoidance.MOD	OUTPUTNAME:高等迴避之舞（Greater Dance of Avoidance）	DESC:.CLEAR	DESC:13級時，若穿戴輕甲或不穿甲，咒舞者AC的洞察加值提升至+4。該能力取代重甲職業能力。	
CATEGORY=Special Ability|Bladebound ~ Black Blade.MOD	OUTPUTNAME:黑鍵（Black Blade）	DESC:.CLEAR	DESC:3級時，劍縛魔戰士會獲得一把強力且擁有自我意識的武器，名為黑鍵。它的武器類型由魔戰士本人決定。擁有此能力的魔戰士不能取得魔戰士奧能中的「魔寵」奧秘，也不能以任何方式得到魔寵，即使是從別的職業而來。與一般的奧能力池點數不同，劍縛魔戰士同樣擁有奧能力池，當中有等同於「1/3魔戰士等級+智力修正」的奧能點。這項能力改變了奧能力池職業能力，並取代標準魔戰士在3級時獲得的魔戰士奧能。註：黑鍵必須是一把單手揮砍武器、細劍或杖劍。魔戰士必須在獲得黑鍵時做出選擇，而且一旦選擇就不能改變了。	
CATEGORY=Special Ability|Black Blade ~ Ego.MOD	OUTPUTNAME:自我值（Ego）	DESC:.CLEAR	DESC:黑鍵最初的自我值是5。隨著它本身的逐漸增強，自我值也會相應提高，詳見上表。如果持有者與黑鍵的目的有所衝突，那麼黑鍵可以像是其它智慧武器那樣，試圖反過來支配其持有者（參見智能物品規則）。因為黑鍵性格的靈活與其天生的強大能力，黑鍵的自我值並非正常的進展方式。	
CATEGORY=Special Ability|Black Blade ~ Alertness.MOD	OUTPUTNAME:警覺（Alertness）	DESC:.CLEAR	DESC:當魔戰士手持黑鍵時，他獲得「警覺」專長。	
CATEGORY=Special Ability|Black Blade ~ Telepathy.MOD	OUTPUTNAME:心靈感應（Telepathy）	DESC:.CLEAR	DESC:當魔戰士持握或者攜帶著他的黑鍵時，他可以用自己與黑鍵都瞭解的語言，與黑鍵進行心靈溝通。	
CATEGORY=Special Ability|Black Blade ~ Unbreakable.MOD	OUTPUTNAME:不滅劍魂（Unbreakable）	DESC:.CLEAR	DESC:只要劍縛的奧能力池中還有至少1點的奧能點，他的黑鍵就不會出現斷裂的狀況。如果黑鍵斷裂，它會失去意識與力量，直到被再次修復為止。如果黑鍵被徹底摧毀，持有者可以花費一周的時間來施展特殊的儀式，並付出每魔戰士等級200gp的代價來重鑄他的黑鍵。此儀式耗時24小時。	
CATEGORY=Special Ability|Black Blade ~ Energy Attunement.MOD	OUTPUTNAME:能量共振（Energy Attunement）	DESC:.CLEAR	DESC:5級時，以一個自由動作，魔戰士可以從黑鍵奧能力池中消耗1點，並讓武器造成下列的傷害類型，而非原本的傷害：寒冷、電擊或者火焰。他可以從黑鍵奧能力池中消耗2點，來造成音波或者力場傷害，替代原先的武器傷害。此效果持續到魔戰士下回合開始。	
CATEGORY=Special Ability|Black Blade ~ Teleport Blade.MOD	OUTPUTNAME:以神御劍（Teleport Blade）	DESC:.CLEAR	DESC:以一個標準動作，9級或者更高的魔戰士可以從自身奧能力池中花費1點，從最遠1裡處喚回其所持的黑鍵；它會立刻傳送回他的手中。	
CATEGORY=Special Ability|Black Blade ~ Transfer Arcana.MOD	OUTPUTNAME:秘法轉換（Transfer Arcana）	DESC:.CLEAR	DESC:13級時，每天1次，魔戰士可以試圖從他的黑鍵奧能力池中吸取奧能點到自己的奧能池中。這樣做會耗掉一個整輪動作，而且魔戰士必須通過DC等同黑鍵自我值的意志豁免檢定。如果魔戰士成功，他每從黑鍵那裡吸收2點奧能點，就可以回復自身1點奧能點。如果魔戰士在豁免中失敗，他會疲乏（但他可以再次嘗試）。如果他已經疲乏，則會變成力竭。他不能在已經力竭時使用此能力。	
CATEGORY=Special Ability|Black Blade ~ Spell Defense.MOD	OUTPUTNAME:劍破萬法（Spell Defense）	DESC:.CLEAR	DESC:以一個自由動作，17級或更高的魔戰士能夠從黑鍵奧能力池中消耗1點，直到他下回合開始前，他會獲得等同於黑鍵自我值的法術抗力。	
CATEGORY=Special Ability|Black Blade ~ Life Drinker.MOD	OUTPUTNAME:飲命吞魂（Life Drinker）	DESC:.CLEAR	DESC:從19級開始，只要魔戰士用他的黑鍵殺死一個活體生物，他就可以從下列的效果中擇一獲得：黑鍵奧能力池回復2點；黑鍵與魔戰士的奧能力池各回復1點；魔戰士獲得等同於黑鍵自我值的臨時生命值（這些臨時生命值只會持續1分鐘或者到被消耗掉，視哪個較短）。被黑鍵殺死的生物HD必須至少有魔戰士角色等級的一半，才可觸發此特性。	
CATEGORY=Special Ability|Black Blade Arcane Pool.MOD	OUTPUTNAME:黑鍵奧能力池（Black Blade Arcane Pool）	DESC:.CLEAR	DESC:黑鍵本身亦擁有奧能池，當中擁有「1+黑鍵智力修正」點奧能點。	
CATEGORY=Special Ability|Black Blade Strike.MOD	OUTPUTNAME:黑鍵擊（Black Blade Strike）	DESC:.CLEAR	DESC:以一個自由動作，魔戰士可以從黑鍵的奧能池中消耗掉1點奧能點，並讓黑鍵因此在傷害骰上獲得+1加值，持續1分鐘。1級後每4級，此能力給予黑鍵的傷害骰加值再+1。	
CATEGORY=Special Ability|Hexcrafter ~ Hex Magus.MOD	OUTPUTNAME:巫術戰士（Hex Magus）	DESC:.CLEAR	DESC:在4級時，巫戰士獲得了少量的女巫巫術。巫戰士從女巫的巫術職業能力中選擇一項巫術。他可以使用這項巫術並從中獲得好處，如同他是一名等級為他魔戰士等級的女巫。這個能力替代法術喚回。【編註：因此也就使「精通法術喚回」職業能力失去了作用。】	
CATEGORY=Special Ability|Hexcrafter ~ Hex Arcana.MOD	OUTPUTNAME:巫術奧能（Hex Arcana）	DESC:.CLEAR	DESC:一名巫戰士可以選擇下文所述的魔戰士奧能，或選擇任何一項女巫巫術代替魔戰士奧能。在12級時，巫戰士可以用一個巫術或強力巫術代替他的魔戰士奧能。在18級時，巫戰士可以選擇一項巫術，強力巫術或高等巫術代替他的魔戰士奧能。他不能多次選擇同一巫術或奧能。	
CATEGORY=Special Ability|Magus Arcana ~ Accursed Strike.MOD	OUTPUTNAME:詛咒打擊（Accursed Strike）	DESC:.CLEAR	DESC:若一名巫戰士可以施展「降咒」，「強力降咒」，或任何帶有「詛咒」描述的法術，他可以通過「法術打擊」能力來傳遞這些法術，即使這些法術並非接觸攻擊法術。	
CATEGORY=Special Ability|Spellblade ~ Force Athame.MOD	OUTPUTNAME:力場短匕（Force Athame）	DESC:.CLEAR	DESC:在2級時，以一個迅捷動作，法刃可以消耗一個已準備的至少1級的魔戰士法術，來在自己的副手中創造出一把力場匕首，這把力場短匕存在1分鐘或直到發散。它在攻擊和傷害擲骰上獲得相當於所消耗法術等級的增強加值（最多+5），並且在考慮「奧能力池」能力時，被視作魔戰士持握的武器（使用奧能力池為武器增加屬性，會同時作用於魔戰士的實體武器和這把力場短匕，而無需額外消耗）。力場匕首如同一把匕首般作用，但是持握它的手在施展法術或傳遞接觸攻擊時被視作空手。魔戰士可以如同使用雙武器般使用這把力場匕首，也可以使用該手通過法術戰鬥職業能力施展法術（但是一輪內不能兩者都做）。力場短匕的攻擊是力場攻擊，且造成力場傷害。這個能力取代法術打擊職業能力。	
CATEGORY=Special Ability|Magus Arcana ~ Pool-Sourced Athame.MOD	OUTPUTNAME:力池短匕（Pool-Sourced Athame）	DESC:.CLEAR	DESC:魔戰士可以花費奧能力池點數、而不是消耗一個已準備的法術來創建一把力場短匕。一把以該方式創造的力場短匕將獲得等同於花費的奧能力池點數的增強加值。	
CATEGORY=Special Ability|Magus Arcana ~ Spellblade Parry.MOD	OUTPUTNAME:法刃招架（Spellblade Parry）	DESC:.CLEAR	DESC:當一名敵人對魔戰士進行了攻擊時，魔戰士能以一個直覺動作結束力場短匕的持續時間，從而在AC上獲得偏斜加值，直到他的下個回合結束。偏斜加值等於創造力場短匕所消耗法術的等級（最高+5）。	
CATEGORY=Special Ability|Magus Arcana ~ Throw Athame.MOD	OUTPUTNAME:投擲短匕（Throw Athame）	DESC:.CLEAR	DESC:以一個標準動作，一名法刃可以通過最高60尺射程的遠程攻擊投擲他的力場短匕（沒有射程減值）。如果力場短匕未能命中，它將會在魔戰士下回合開始時自動回到魔戰士手中。如果力場短匕命中，它將造成傷害，持續時間立刻結束。魔戰士可以選擇花費至多2點奧能力池點數來增強投擲力場短匕的傷害，每花費1點奧能點數增加1d6傷害。	
CATEGORY=Special Ability|Staff Magus ~ Quarterstaff Master.MOD	OUTPUTNAME:棍杖大師（Quarterstaff Master）	DESC:.CLEAR	DESC:1級時，法杖士獲得「木棍大師」專長作為獎勵專長，即使他沒有滿足先決條件。他只有在穿輕甲或無甲時才能獲得這個專長給予的好處。	
CATEGORY=Special Ability|Staff Magus ~ Quarterstaff Defense.MOD	OUTPUTNAME:棍杖防禦（Quarterstaff Defense）	DESC:.CLEAR	DESC:7級時，當法杖士揮舞一根木棍時，他在AC上獲得等同於木棍增強加值的盾牌加值，這一增強加值包括了木棍上任何來自奧能力池職業能力的加值。在13級時，這個加值增加3點。這個能力取代中甲和重甲職業能力。	
CATEGORY=Special Ability|Staff Magus ~ Staff Weapon.MOD	OUTPUTNAME:法杖武器（Staff Weapon）	DESC:.CLEAR	DESC:在10級時，法杖士所持握的任何法杖都視作擁有增強加值的魔法木棍，該增強加值可以應用於攻擊和傷害檢定，數值等於法杖的施法者等級的1/4（至少+1）。這根法杖必須至少含有1發充能以便讓魔戰士使用這個能力。如果法杖中的至少一個法術在魔戰士的法術列表中，法杖士就可以從奧能力池裡消耗點數來為法杖恢復1點充能，消耗的點數等於這把法杖中的最高法術等級。魔戰士每天只能為最多一把魔杖恢復充能。這個能力取代戰士訓練。	
CATEGORY=Special Ability|Kensai ~ Diminished Spellcasting.MOD	OUTPUTNAME:削弱施法（Diminished Spellcasting）	DESC:.CLEAR	DESC:劍聖每法術等級每日可使用法數量比平常的魔戰士少1個。如果該級獲得的每日法術量為0，那麼他就只能依靠智力修正帶來的額外法數量使用該級的法術。	
CATEGORY=Special Ability|Kensai ~ Canny Defense.MOD	OUTPUTNAME:精明防禦（Canny Defense）	DESC:.CLEAR	DESC:劍聖在持用他自選武器的時候得到精明防禦能力，此能力如同決鬥家同名職業能力。不過他的自選武器可以是任何類別。	
CATEGORY=Special Ability|Kensai ~ Weapon Focus.MOD	OUTPUTNAME:武器專攻（Weapon Focus）	DESC:.CLEAR	DESC:1級時，劍聖得到對他自選武器的「武器專攻」作為獎勵專長。	
CATEGORY=Special Ability|Kensai ~ Perfect Strike.MOD	OUTPUTNAME:完全猛擊（Perfect Strike）	DESC:.CLEAR	DESC:4級時，當劍聖用他的自選武器擊中敵人時，可以透過消耗1點奧力來造成最大傷害。不需要擲骰，此能力只作用於武器本身的傷害，而不影響額外傷害，例如偷襲、魔法武器加值和法術打擊，以及重擊的額外傷害。如果劍聖造成重擊，他可以從奧力池中花費2點點數使重擊倍率上升1倍。此能力取代法術喚回。	
CATEGORY=Special Ability|Kensai ~ Fighter Training.MOD	OUTPUTNAME:戰鬥訓練（Fighter Training）	DESC:.CLEAR	DESC:7級時，劍聖可以用「劍聖等級-3」作為有效戰士等級來學習戰士的專長，但是所有和武器相關的專長只能選擇他的自選武器。如果他有戰士等級，那這兩個等級疊加。此能力取代知識力池。	
CATEGORY=Special Ability|Kensai ~ Iaijutsu.MOD	OUTPUTNAME:居合道（Iaijutsu）	DESC:.CLEAR	DESC:7級時，劍聖可以將他的智力修正加到他的敏捷以決定先攻。他可以在措手不及時發動藉機攻擊，並且在藉機攻擊時以一個自由動作抽出他的自選武器。此能力取代中甲能力。	
CATEGORY=Special Ability|Kensai ~ Critical Perfection.MOD	OUTPUTNAME:完美重擊（Critical Perfection）	DESC:.CLEAR	DESC:9級時，當劍聖使用他的自選武器造成重擊時，他可以將他的智力修正加到重擊確認擲骰上。同時，當劍聖學習重擊專攻和任何以重擊專攻為先決條件的專長時，可以用他的劍聖等級取代基本攻擊加值，不過這些專長只有在他使用自選武器時生效。此能力取代9級取得的魔戰士奧能。	
CATEGORY=Special Ability|Kensai ~ Superior Reflexes.MOD	OUTPUTNAME:優雅反射（Superior Reflexes）	DESC:.CLEAR	DESC:11級時，劍聖每輪可以做出藉機攻擊的次數等同於劍聖的智力修正。如果他有「戰鬥反射」專長，那麼兩者提供的藉機攻擊次數疊加。此能力取代高等法術喚回。	
CATEGORY=Special Ability|Kensai ~ Iaijutsu Focus.MOD	OUTPUTNAME:居合專攻（Iaijutsu Focus）	DESC:.CLEAR	DESC:13級，劍聖永遠可以在突襲輪行動並以迅捷動作抽出武器。儘管如此，在他行動之前，他還是被視為措手不及。在突襲輪或是攻擊措手不及的敵人時，劍聖可以將他的智力修正加到武器傷害中。此能力取代重甲能力。	
CATEGORY=Special Ability|Kensai ~ Iaijutsu Master.MOD	OUTPUTNAME:居合宗師（Iaijutsu Master）	DESC:.CLEAR	DESC:19級，劍聖的先攻檢定永遠被視為骰出自然20且永遠不會被突襲。此能力取代高等法術通路。	
CATEGORY=Special Ability|Kensai ~ Weapon Mastery.MOD	OUTPUTNAME:武器宗師（Weapon Mastery）	DESC:.CLEAR	DESC:20級時，劍聖對他的自選武器得到了戰士的武器宗師職業能力。此能力取代魔戰士真義。	
CATEGORY=Special Ability|Myrmidarch ~ Diminished Spellcasting.MOD	OUTPUTNAME:削弱施法（Diminished Spellcasting）	DESC:.CLEAR	DESC:重裝魔戰每法術等級每日可使用法數量比平常的魔戰士少1個。如果該級獲得的每日法術量為0，那麼他就只能依靠智力修正帶來的額外法數量使用該級的法術。	
CATEGORY=Special Ability|Myrmidarch ~ Ranged Spellstrike.MOD	OUTPUTNAME:遠程法術打擊（Ranged Spellstrike）	DESC:.CLEAR	DESC:4級時，重裝魔戰可以通過「法術打擊」能力，附加一個單目標的遠程法術到遠程武器上。就算法術本來可以攻擊多個目標，也只會有一發射線、飛彈或效果伴隨著遠程攻擊發射。11級，「遠程法術打擊」可以傳遞一個多目標的射線或是線形的法術效果，並且以全力攻擊動作對法術能攻擊的目標上限發起攻擊（若為射線）。任何沒有在該輪內消耗完畢的法術效果將會被浪費掉。此能力取代法術喚回和高等法術喚回。	
CATEGORY=Special Ability|Myrmidarch ~ Weapon Training.MOD	OUTPUTNAME:武器訓練（Weapon Training）	DESC:.CLEAR	DESC:6級和之後的每6級，重裝魔戰得到戰士的「武器訓練」職業能力，傷害和命中加值也如同戰士的同名能力般上升。此能力取代6級、12級和18級獲得的魔戰士奧能。	
CATEGORY=Special Ability|Myrmidarch ~ Fighter Training.MOD	OUTPUTNAME:戰鬥訓練（Fighter Training）	DESC:.CLEAR	DESC:7級時，重裝魔戰可以用「重裝魔戰等級-3」作為有效戰士等級來學習戰士的專長。如果他有戰士等級，那這兩個等級疊加。此能力取代知識力池。	
CATEGORY=Special Ability|Myrmidarch ~ Armor Training.MOD	OUTPUTNAME:裝甲訓練（Armor Training）	DESC:.CLEAR	DESC:8級時，重裝魔戰得到戰士的「盔甲訓練」職業能力，14級時則得到「盔甲訓練2」。此能力取代精通法術戰鬥和高等法術戰鬥。	
CATEGORY=Special Ability|Myrmidarch ~ Armor Mastery.MOD	OUTPUTNAME:鎧甲宗師（Armor Mastery）	DESC:.CLEAR	DESC:20級時，重裝魔戰在穿著盔甲時得到傷害減免「5/-」。此能力取代魔戰士真義。	
CATEGORY=Special Ability|Skirnir ~ Diminished Spellcasting.MOD	OUTPUTNAME:削弱施法（Diminished Spellcasting）	DESC:.CLEAR	DESC:洗禮之盾每法術等級每日可使用法數量比平常的魔戰士少1個。如果該級獲得的每日法術量為0，那麼他就只能依靠智力修正帶來的額外法數量使用該級的法術。	
CATEGORY=Special Ability|Skirnir ~ Arcane Bond.MOD	OUTPUTNAME:奧術連結（Arcane Bond）	DESC:.CLEAR	DESC:1級時，洗禮之盾的盾牌成為他的「奧術連結」物品，此能力如同法師的同名能力。不過洗禮之盾只能連結盾牌，而不是魔寵或其他什麼東西。	
CATEGORY=Special Ability|Skirnir ~ Arcane Pool.MOD	OUTPUTNAME:奧能力池（Arcane Pool）	DESC:.CLEAR	DESC:1級時，洗禮之盾可以如常增強他的武器，同時也可以花費力池來強化他的盾牌，他必須分別支付兩者的增強費用。5級時，他可以替盾牌附加以下能力：活化、吸矢、避矢、猛擊、目盲、護命（各級）、鏡反、抗法（各級）。	
CATEGORY=Special Ability|Skirnir ~ Sorcerous Shield.MOD	OUTPUTNAME:術士之盾（Sorcerous Shield）	DESC:.CLEAR	DESC:1級時，洗禮之盾擅長所有種類的盾牌，包括塔盾，並且在持用盾牌時不須承受奧術失敗率。在學習盾牌相關專長時，他可以用他的洗禮之盾等級當作戰士等級。此能力取代法術戰鬥。	
CATEGORY=Special Ability|Skirnir ~ Spellstrike.MOD	OUTPUTNAME:法術打擊（Spellstrike）	DESC:.CLEAR	DESC:洗禮之盾可以用武器或盾牌猛擊來釋放「法術打擊」。	
CATEGORY=Special Ability|Skirnir ~ Shield Pool.MOD	OUTPUTNAME:盾力池（Shield Pool）	DESC:.CLEAR	DESC:在4級，洗禮之盾可以透過一個自由動作消耗1點奧力，讓他在進行專注檢定時得到相當於盾牌基本AC（不含增強加值）的加值。同時他也可以在盾牌猛擊或接觸攻擊時傳遞「力池打擊」奧能。此能力取代法術喚回。	
CATEGORY=Special Ability|Skirnir ~ Spellshield.MOD	OUTPUTNAME:灌法盾（Spellshield）	DESC:.CLEAR	DESC:7級時，以一個標準動作，洗禮之盾可以花費每法術等級1點的奧力將法術儲存到他的盾牌中。此能力作用類似儲法武器，不過他只能透過洗禮之盾成功的盾牌猛擊觸發，而且法術等級不受限於3級。此能力取代知識力池。	
CATEGORY=Special Ability|Skirnir ~ Shielded Spell Combat.MOD	OUTPUTNAME:持盾法術戰鬥（Shielded Spell Combat）	DESC:.CLEAR	DESC:8級時，洗禮之盾得到「法術戰鬥」職業能力，不過只在揮舞他的連結盾牌時生效。他可以用他持用盾牌的那隻手處理法術的姿勢成分，此舉會讓他失去盾牌的AC加值，直到他下一輪開始；除非他持用小圓盾，此時他的盾牌AC加值保留。14級的時候，他學會「精通法術戰鬥」。19級時，洗禮之盾可以持用任何盾牌進行「法術戰鬥」而不會失去AC加值。此能力取代精通法術戰鬥、高等法術戰鬥和高等法術通路。	
CATEGORY=Special Ability|Skirnir ~ Greater Spellshield.MOD	OUTPUTNAME:高等灌法盾（Greater Spellshield）	DESC:.CLEAR	DESC:16級時，當洗禮之盾在戰鬥中被擊中時，他可以用一個直覺動作釋放盾牌儲存的法術。他可以選擇讓該法術作用在自己身上，或是作用在攻擊他的人身上。此能力取代反制擊。	
CATEGORY=Special Ability|Soul Forger ~ Diminished Spellcasting.MOD	OUTPUTNAME:削弱施法（Diminished Spellcasting）	DESC:.CLEAR	DESC:鑄魂師每法術等級每日可使用法數量比平常的魔戰士少1個。如果該級獲得的每日法術量為0，那麼他就只能依靠智力修正帶來的額外法數量使用該級的法術。	
CATEGORY=Special Ability|Soul Forger ~ Arcane Bond.MOD	OUTPUTNAME:奧術連結（Arcane Bond）	DESC:.CLEAR	DESC:1級時，鑄魂師和一件武器產生奧術連結，此能力如同法師的同名能力。不過鑄魂師只能連結武器，而不是魔寵或其他什麼東西。	
CATEGORY=Special Ability|Soul Forger ~ Spell Combat.MOD	OUTPUTNAME:法術戰鬥（Spell Combat）	DESC:.CLEAR	DESC:鑄魂師的「法術戰鬥」能力只在他持用連結武器的時候生效。	
CATEGORY=Special Ability|Soul Forger ~ Spellstrike.MOD	OUTPUTNAME:法術打擊（Spellstrike）	DESC:.CLEAR	DESC:鑄魂師只能使用他的連結武器施展「法術打擊」。	
CATEGORY=Special Ability|Soul Forger ~ Master Smith.MOD	OUTPUTNAME:工藝宗師（Master Smith）	DESC:.CLEAR	DESC:鑄魂師可以將他的魔戰士等級加到他製作武器、盾牌和盔甲的工藝檢定上，此加值在製作魔法武器和盔甲的工藝上仍然有效。7級時，當鑄魂師在決定鍛造武器和盔甲所需時間時，他可以將物品的價格視為1/10，而且他只需要花平常一半的時間就可以鍛造出魔法武器或盔甲。此能力取代知識力池。	
CATEGORY=Special Ability|Soul Forger ~ Fortify Bond.MOD	OUTPUTNAME:強化連結（Fortify Bond）	DESC:.CLEAR	DESC:4級時，鑄魂師可以用迅捷動作花費1點奧力，使他連結物品的硬度和生命值提升相當鑄魂師等級，這些額外的物品生命值會持續到耗盡或是鑄魂師下一次準備法術為止。多次使用此能力只會互相覆蓋，而不會疊加。此能力取代法術喚回。	
CATEGORY=Special Ability|Soul Forger ~ Reforge.MOD	OUTPUTNAME:重鑄（Reforge）	DESC:.CLEAR	DESC:11級時，透過一個標準動作並消耗1點奧力，鑄魂師可以恢復受損物品相當於他等級的生命值。他也可以花1分鐘、消耗1/4標準售價的材料，將一個完全損毀的物品修復至1點生命值。恢復損毀魔法物品的增強加值會需要消耗相當於物品施法者等級的奧力，如果該物品的施法者等級等同或高於鑄魂師，則鑄魂師必須承受2個臨時的負向等級；若該物品的施法者等級低於鑄魂師則為1個；若該物品是他的連結物品，則他不需要承受負向等級。移除負向等級的強韌檢定DC為「10+物品施法者等級」。此能力取代高等法術喚回。	
CATEGORY=Special Ability|Soul Forger ~ Destructive Counterstrike.MOD	OUTPUTNAME:毀物反擊（Destructive Counterstrike）	DESC:.CLEAR	DESC:16級時，當一個敵人使用魔法物品引起鑄魂師藉機攻擊時，鑄魂師可以選擇攻擊物品或敵人。如果他將物品完全擊毀，物品的效果就不會生效。此能力取代反制擊。	
CATEGORY=Special Ability|Soul Forger ~ Instantaneous Reconstruction.MOD	OUTPUTNAME:瞬間修復（Instantaneous Reconstruction）	DESC:.CLEAR	DESC:19級時，鑄魂師可以用一個不會引起藉機攻擊的標準動作修復損毀的物品。此能力取代高等力池法術。	
CATEGORY=Special Ability|Eldritch Scion ~ Spells.MOD	OUTPUTNAME:法術（Spells）	DESC:.CLEAR	DESC:一名奧法後繼者使用魔戰士法術列表中的法術。他可以釋放任何他所知道的法術而不需要預先準備。要學習或施放一個法術，奧法後繼者的魅力值必須至少為10 + 法術等級。奧法後繼者法術的豁免難度等於10 + 法術等級 + 奧法後繼者的魅力調整值。一名奧法後繼者每天只能施放固定數量的法術。他的基本每日法術數量等同於一個和他等級相同的吟遊詩人。此外，他也可以因為高魅力值而獲得額外的每日法術。一名奧法後繼者所知的法術數量有限。他擁有一個和他相同等級的詩人相同數量的已知法術，並且可以選擇學習一個新法術以替代一個原本的法術。在第5級以及之後每3個等級，就好像一個詩人能做的那樣，（見核心規則書P35，詩人職業能力部分）。該能力替換魔戰士原本的施法職業能力。	
CATEGORY=Special Ability|Eldritch Scion ~ Spell Combat.MOD	OUTPUTNAME:法術戰鬥（Spell Combat）	DESC:.CLEAR	DESC:一名奧法後繼者只有在進入神秘專注狀態時（見上文奧法之池能力）才能還是用法術戰鬥。在8級時，奧法後繼者可以在任意情況下使用法術戰鬥。該能力替換標準的法術戰鬥能力。	
CATEGORY=Special Ability|Eldritch Scion ~ Bonus Spells.MOD	OUTPUTNAME:額外法術（Bonus Spells）	DESC:.CLEAR	DESC:在7級時，一名奧法後繼者可以將他的血脈狂怒者血脈10級時所獲得的獎勵法術作為額外法術加入他的法術列表。他會在9、11和13級獲得他血脈能力的另外3個獎勵法術。該能力取代標準魔戰士的知識力池能力。	
CATEGORY=Special Ability|Magus Arcana ~ Arcane Accuracy.MOD	OUTPUTNAME:奧能精準（Arcane Accuracy）	DESC:.CLEAR	DESC:魔戰士可以迅捷動作從【奧能力池】中花費1點奧能，令其在所有攻擊檢定中獲得等於其智力調整值的洞察加值，直到回合結束。	
CATEGORY=Special Ability|Magus Arcana ~ Arcane Cloak.MOD	OUTPUTNAME:奧能遮蔽（Arcane Cloak）	DESC:.CLEAR	DESC:魔戰士可以從【奧能力池】中花費1點奧能，將他的智力調整值加到唬騙和潛行檢定上，此加值持續一分鐘。	
CATEGORY=Special Ability|Magus Arcana ~ Arcane Deed.MOD	OUTPUTNAME:奧能炫技（Arcane Deed）	DESC:.CLEAR	DESC:當魔戰士選擇這個奧能時，他可以從遊蕩劍客職業能力中選擇任何一個等級等同於他魔戰士等級的遊蕩劍客可用的炫技。他使用該炫技時可用他【奧能力池】中的奧能作為時髦值來滿足炫技的消耗需求。即使他用別的方法獲得了時髦池，對於以奧能炫技能力獲得的炫技，他也不會被視為至少有一點時髦點存在。在決定該炫技效果時，魔戰士的有效遊蕩劍客等級為0。特殊：一個魔戰士可以多次選擇這個奧能，在每次都習得一個新的炫技。	
CATEGORY=Special Ability|Magus Arcana ~ Arcane Redoubt.MOD	OUTPUTNAME:奧能堡壘（Arcane Redoubt）	DESC:.CLEAR	DESC:魔戰士可以迅捷動作從【奧能力池】中花費1點奧能，將他盾牌所提供的AC加值（包括增強加值）加到他的接觸AC上，此能力持續直到他下一輪開始。	
CATEGORY=Special Ability|Magus Arcana ~ Close Range.MOD	OUTPUTNAME:縮短距離（Close Range）	DESC:.CLEAR	DESC:選擇本奧能的魔戰士可以將需要遠程接觸攻擊的射線法術以近戰接觸攻擊方式傳遞。他可利用此奧能施放目標多於一個的遠程接觸法術（如『灼熱射線』），但他只能用一次近戰攻擊傳遞一個遠程接觸效果，該法術額外的遠程接觸攻擊則被浪費掉且沒有效果。這些法術可以用於【法術打擊】職業能力。	
CATEGORY=Special Ability|Magus Arcana ~ Concentrate.MOD	OUTPUTNAME:精神集中（Concentrate）	DESC:.CLEAR	DESC:魔戰士能夠以+4加值重擲任何剛做出的專注檢定。他必須在投骰後決定本次檢定是否成功前使用本能力。魔戰士必須接受第二次的結果，即使更糟。魔戰士每日可使用此能力一次。	
CATEGORY=Special Ability|Magus Arcana ~ Familiar.MOD	OUTPUTNAME:魔寵（Familiar）	DESC:.CLEAR	DESC:魔戰士獲得一個魔寵，使用他的魔戰士等級作為法師等級決定魔寵的能力。該魔寵遵循法師【奧術聯結】職業特性中給出的魔寵規則。	
CATEGORY=Special Ability|Magus Arcana ~ Flamboyant Arcana.MOD	OUTPUTNAME:華麗奧能（Flamboyant Arcana）	DESC:.CLEAR	DESC:魔戰士獲得遊蕩劍客炫技列表中的『大膽特技』和『適時格擋反擊』炫技。魔戰士只能使用他的【奧能力池】（不能使用時髦值）來滿足他從這個奧能中所獲得的炫技或「奧能炫技」獲得的炫技的消耗，他不能用奧能力點來通過使用別的職業或專長獲得的炫技，也不能使用遊蕩劍客恢復時髦點的方法恢復奧能力池中的奧能點。增加勇毅和時髦值的數量，或減少勇毅和時髦值的消耗，或其他影響勇毅和時髦值的效果不會因為魔戰士選擇該奧能而影響魔戰士的【奧能力池】。	
CATEGORY=Special Ability|Magus Arcana ~ Lingering Pain.MOD	OUTPUTNAME:疼痛滯留（Lingering Pain）	DESC:.CLEAR	DESC:當魔戰士用他的武器擊中敵人時，他可以直覺動作從【奧能力池】中花費1點奧能，直到魔戰士下一輪開始前，對方進行任何專注檢定時那次攻擊的傷害（包括用【法術打擊】造成的法術傷害）都被視作持續傷害。	
CATEGORY=Special Ability|Magus Arcana ~ Maneuver Mastery.MOD	OUTPUTNAME:戰技精通（Maneuver Mastery）	DESC:.CLEAR	DESC:魔戰士在選擇本奧能時需選擇一項戰技。每當他嘗試該戰技時，他用他的魔戰士等級作為其基本攻擊加值（與其他職業帶來的基本攻擊加值合計）。特殊：魔戰士可以多次選擇本奧能，效果不疊加。每次選擇此奧能時，魔戰士需選擇一種新的戰技。	
CATEGORY=Special Ability|Magus Arcana ~ Pool Strike.MOD	OUTPUTNAME:力池打擊（Pool Strike）	DESC:.CLEAR	DESC:魔戰士可以用標準動作從【奧能力池】中花費1點奧能令其手掌充滿元素能量。作為使用本能力的一部分，他可以自由動作進行一次近戰接觸攻擊。若攻擊命中，則充能釋放並造成2d6點元素傷害（強酸、冰冷、電擊或火焰，在從【奧能力池】中花費奧能時選擇）。他可用本能力使用【法術戰鬥】職業能力。若該次攻擊未命中，則在能量消散前，該充能效果可保持最多1分鐘。6級及之後的每3級，力池打擊造成的傷害值增加1d6。	
CATEGORY=Special Ability|Magus Arcana ~ Rod Mastery.MOD	OUTPUTNAME:權杖掌握（Rod Mastery）	DESC:.CLEAR	DESC:當魔戰士使用權杖時，用他的智力調整值（最少是0）取代使用該法術需要的最低屬性調整值計算任何權杖內法術的DC。	
CATEGORY=Special Ability|Magus Arcana ~ Rod Wielder.MOD	OUTPUTNAME:權杖支配（Rod Wielder）	DESC:.CLEAR	DESC:當魔戰士使用權杖或是以權杖作為【法術打擊】渠道時，將他的智力調整值（最少是0）加在用於突破法術抗性的施法者等級檢定上。	
CATEGORY=Special Ability|Magus Arcana ~ Silent Magic.MOD	OUTPUTNAME:默發法術（Silent Magic）	DESC:.CLEAR	DESC:魔戰士每天可以釋放一個法術，如同該法術被「法術默發Silent SpellCRB」所增強。這不會增加施法時間或是法術等級。	
CATEGORY=Special Ability|Magus Arcana ~ Still Magic.MOD	OUTPUTNAME:定發法術（Still Magic）	DESC:.CLEAR	DESC:魔戰士每天可以釋放一個法術，如同該法術被「法術定發Still SpellCRB」所增強。這不會增加施法時間或是法術等級。	
CATEGORY=Special Ability|Magus Arcana ~ Spell Blending.MOD	OUTPUTNAME:法術混合（Spell Blending）	DESC:.CLEAR	DESC:當魔戰士選擇本奧能時，他從法師法術列表中選擇一個法術等級不超過魔戰士最高可施展法術等級的法術。他將此法術添加進他的法術書中，並以法師法術列表中的法術等級加進他的已知魔戰士法術列表中。他也可選擇添加兩個法術取代添加一個法術，但這樣添加的兩個法術的法術等級必須都比魔戰士最高可施展法術等級低至少一級。特殊：魔戰士可以多次選擇此奧能。	
CATEGORY=Special Ability|Magus Arcana ~ Spell Shield.MOD	OUTPUTNAME:法術護盾（Spell Shield）	DESC:.CLEAR	DESC:魔戰士可以迅捷動作從【奧能力池】中花費1點奧能，直到他下一輪迴合結束前在AC上獲得等於其智力調整值的盾牌加值。	
CATEGORY=Special Ability|Magus Arcana ~ Wand Mastery.MOD	OUTPUTNAME:魔杖掌握（Wand Mastery）	DESC:.CLEAR	DESC:當魔戰士使用魔杖時，用他的智力調整值（最少是0）取代使用該法術需要的最低屬性調整值計算任何魔杖內法術的DC。	
CATEGORY=Special Ability|Magus Arcana ~ Wand Wielder.MOD	OUTPUTNAME:魔杖支配（Wand Wielder）	DESC:.CLEAR	DESC:魔戰士在使用【法術戰鬥】職業能力時，可使用魔杖或法杖替代自己施展法術。	
CATEGORY=Special Ability|Magus Arcana ~ Broad Study.MOD	OUTPUTNAME:拓展學習（Broad Study）	DESC:.CLEAR	DESC:魔戰士必須選擇另一個他有的施法職業。他可在施展或使用該職業法術列表中的法術時使用【法術戰鬥】或【法術打擊】能力。這並不會允許他在施展該職業法術列表中的奧術時忽視正常的奧術失敗幾率，除非這個法術本身沒有姿勢成分。	
CATEGORY=Special Ability|Magus Arcana ~ Disruptive.MOD	OUTPUTNAME:擾法者（Disruptive）	DESC:.CLEAR	DESC:魔戰士得到「擾法者DisruptiveCRB」作為獎勵專長。	
CATEGORY=Special Ability|Magus Arcana ~ Enduring Blade.MOD	OUTPUTNAME:持久刀鋒（Enduring Blade）	DESC:.CLEAR	DESC:當魔戰士使用【奧能力池】強化武器時，他可以額外花費一點奧能讓強化的持續時間增加到每個魔戰士等級一分鐘。	
CATEGORY=Special Ability|Magus Arcana ~ Empowered Magic.MOD	OUTPUTNAME:強傚法術（Empowered Magic）	DESC:.CLEAR	DESC:魔戰士每天可以釋放一個法術，如同該法術被「法術強效Empower SpellCRB」所增強。這不會增加施法時間或是法術等級。	
CATEGORY=Special Ability|Magus Arcana ~ Pool Strike (Thunderous).MOD	OUTPUTNAME:雷鳴力池打擊（Pool Strike, Thunderous）	DESC:.CLEAR	DESC:魔戰士在進行「力池打擊」時，可從【奧能力池】中額外花費1點奧能，使該次攻擊造成音波傷害並且震聾單個目標一輪，目標可通過{DC=10+魔戰士等級一半+魔戰士智力調整值}的豁免檢定免受耳聾的影響。	
CATEGORY=Special Ability|Magus Arcana ~ Prescient Attack.MOD	OUTPUTNAME:遠見打擊（Prescient Attack）	DESC:.CLEAR	DESC:在魔戰士用武器擊中一個敵人之後，他可以直覺動作從【奧能力池】中花費1點奧能預判對手的行動。直到魔戰士下一輪結束前，目標面對魔戰士的攻擊失去AC上的敏捷加值。	
CATEGORY=Special Ability|Magus Arcana ~ Accurate Strike.MOD	OUTPUTNAME:精確打擊（Accurate Strike）	DESC:.CLEAR	DESC:魔戰士可以迅捷動作從【奧能力池】中花費2點奧能來使他該輪所有的近戰武器攻擊變成近戰接觸攻擊。	
CATEGORY=Special Ability|Magus Arcana ~ Arcane Edge.MOD	OUTPUTNAME:奧能刀鋒（Arcane Edge）	DESC:.CLEAR	DESC:魔戰士可在他的穿刺或揮砍武器擊中對手之後以直覺動作從【奧能力池】中花費1點奧能，對目標造成相當於魔戰士智力調整值（最少是0）的流血傷害。	
CATEGORY=Special Ability|Magus Arcana ~ Dispelling Strike.MOD	OUTPUTNAME:驅散打擊（Dispelling Strike）	DESC:.CLEAR	DESC:魔戰士可以迅捷動作從【奧能力池】中花費1點或更多點奧能向武器中灌輸一股特殊的力量。若武器在接下來的一分鐘內擊中一個生物，則該生物立即受到一個目標為它的『解除魔法』影響，『解除魔法』的施法者等級等同於魔戰士的等級，但該效果無法解除法術等級高於啟動本能力時花費的奧能點數的法術（將更高等級法術視同不存在，從剩下的最高施法者等級法術開始進行解除嘗試）。一旦做出攻擊，該奧能的力量就會消散，即使解除嘗試失敗也一樣。	
CATEGORY=Special Ability|Magus Arcana ~ Ghost Blade.MOD	OUTPUTNAME:幽冥刀鋒（Ghost Blade）	DESC:.CLEAR	DESC:當魔戰士使用【奧能力池】強化武器時，他可額外花費一點奧能將〈光能〉和〈幽冥〉兩個特性添加到他的可用列表上。	
CATEGORY=Special Ability|Magus Arcana ~ Hasted Assault.MOD	OUTPUTNAME:急速襲擊（Hasted Assault）	DESC:.CLEAR	DESC:魔戰士可以迅捷動作從【奧能力池】中花費1點來加快其行動。本效果同『加速術』，但僅對魔戰士生效且持續等於魔戰士智力調整值的輪數。	
CATEGORY=Special Ability|Magus Arcana ~ Pool Strike (Clinging).MOD	OUTPUTNAME:黏著力池打擊（Pool Strike, Clinging）	DESC:.CLEAR	DESC:魔戰士在進行「力池打擊」時，可從【奧能力池】中額外花費1點奧能，若該次攻擊擊中目標，那麼除了正常造成「力池打擊」的能量傷害外，目標下一輪開始時還需承受這次傷害值一半的額外傷害。	
CATEGORY=Special Ability|Magus Arcana ~ Prescient Defense.MOD	OUTPUTNAME:遠見防禦（Prescient Defense）	DESC:.CLEAR	DESC:在魔戰士用武器擊中一個敵人之後，他可以直覺動作從【奧能力池】中花費1點奧能預判對手的行動。直到魔戰士下一輪開始前，對於來自該對手的攻擊，魔戰士獲得等同於智力調整值（最少是0）的AC加值和反射加值。	
CATEGORY=Special Ability|Magus Arcana ~ Spellbreaker.MOD	OUTPUTNAME:破法者（Spellbreaker）	DESC:.CLEAR	DESC:魔戰士得到「破法者SpellbreakerCRB」做為獎勵專長。	
CATEGORY=Special Ability|Magus Arcana ~ Arcane Redoubt (Greater).MOD	OUTPUTNAME:高等奧能壁壘（Arcane Redoubt, Greater）	DESC:.CLEAR	DESC:當魔戰士使用「奧能壁壘」時，他可額外花費一點奧能將他盾牌所提供的AC加值（包括增強加值）加到他的反射豁免上，此能力持續直到他下一輪開始。若在此能力持續期間，魔戰士成為一個需要反射檢定的效果的目標，他可以直覺動作從【奧能力池】中花費2點奧能給自己【反射閃避】，或者花費4點奧能給自己【精通反射閃避】。	
CATEGORY=Special Ability|Magus Arcana ~ Critical Strike.MOD	OUTPUTNAME:重擊施法（Critical Strike）	DESC:.CLEAR	DESC:每當魔戰士以近戰武器造成重擊時，他可用迅捷動作釋放一個距離為接觸的法術，然後用自由動作對被重擊的目標進行一次接觸攻擊。魔戰士每日可用此能力一次。	
CATEGORY=Special Ability|Magus Arcana ~ Devoted Blade.MOD	OUTPUTNAME:虔誠刀鋒（Devoted Blade）	DESC:.CLEAR	DESC:當魔戰士使用【奧能力池】強化武器時，他可額外花費一點奧能將〈混沌〉、〈公理〉、〈神聖〉、〈邪惡〉特性之一添加到他的可用列表上。魔戰士只能選擇添加其中一個和他自身陣營相符的陣營效果。	
CATEGORY=Special Ability|Magus Arcana ~ Maximized Magic.MOD	OUTPUTNAME:極傚法術（Maximized Magic）	DESC:.CLEAR	DESC:魔戰士每天可以釋放一個法術，如同該法術被「法術極效Maximize SpellCRB」所增強。這不會增加施法時間或是法術等級。	
CATEGORY=Special Ability|Magus Arcana ~ Pool Strike (Arcing).MOD	OUTPUTNAME:弧光力池打擊（Pool Strike, Arcing）	DESC:.CLEAR	DESC:魔戰士在進行「力池打擊」時，可從【奧能力池】中額外花費1點奧能，若該次攻擊擊中目標，那麼他可自由動作對目標15尺範圍內最多相當於他智力調整值個數（最少是0）的目標進行遠程攻擊。這些目標承受和「力池打擊」的第一目標一樣的能量傷害，即使那次傷害是重擊也一樣。	
CATEGORY=Special Ability|Magus Arcana ~ Bane Blade.MOD	OUTPUTNAME:破敵刀鋒（Bane Blade）	DESC:.CLEAR	DESC:當魔戰士使用【奧能力池】強化武器時，他可額外花費一點奧能將〈破敵〉特性加在他的武器上。	
CATEGORY=Special Ability|Magus Arcana ~ Quickened Magic.MOD	OUTPUTNAME:瞬發法術（Quickened Magic）	DESC:.CLEAR	DESC:魔戰士每天可以釋放一個法術，如同該法術被「法術瞬發Quicken SpellCRB」所增強。這不會增加施法時間或是法術等級。	
CATEGORY=Special Ability|Magus Arcana ~ Reflection.MOD	OUTPUTNAME:法術反彈（Reflection）	DESC:.CLEAR	DESC:魔戰士可以直覺動作從【奧能力池】中花費1點或更多點奧能將一個法術反射回其施法者。這個效果如同『法術反轉Spell Turning』，但僅限目標法術等級等於或低於所消耗的奧能點數。若消耗點數不足，則改為在任何該法術允許的豁免檢定上提供等同於消耗點數的洞察加值。	
