Amulet of Mighty Fists +1.MOD	OUTPUTNAME:+1重拳護符（Amulet of Mighty Fists）	
Amulet of Mighty Fists +2.MOD	OUTPUTNAME:+2重拳護符（Amulet of Mighty Fists）	
Amulet of Mighty Fists +3.MOD	OUTPUTNAME:+3重拳護符（Amulet of Mighty Fists）	
Amulet of Mighty Fists +4.MOD	OUTPUTNAME:+4重拳護符（Amulet of Mighty Fists）	
Amulet of Mighty Fists +5.MOD	OUTPUTNAME:+5重拳護符（Amulet of Mighty Fists）	
Amulet of Natural Armor +1.MOD	OUTPUTNAME:+1天生防護護符（Amulet of Natural Armor）	
Amulet of Natural Armor +2.MOD	OUTPUTNAME:+2天生防護護符（Amulet of Natural Armor）	
Amulet of Natural Armor +3.MOD	OUTPUTNAME:+3天生防護護符（Amulet of Natural Armor）	
Amulet of Natural Armor +4.MOD	OUTPUTNAME:+4天生防護護符（Amulet of Natural Armor）	
Amulet of Natural Armor +5.MOD	OUTPUTNAME:+5天生防護護符（Amulet of Natural Armor）	
Amulet of Proof Against Detection And Location.MOD	OUTPUTNAME:迴避偵測護符（Amulet of Proof Against Detection And Location）	
Amulet of the Planes.MOD	OUTPUTNAME:異界傳送護符（Amulet of the Planes）	
Brooch of Shielding.MOD	OUTPUTNAME:護盾胸針（Brooch of Shielding）	
Scarab (Golembane).MOD	OUTPUTNAME:破魔像聖甲蟲（Golembane Scarab）	
Hand of Glory.MOD	OUTPUTNAME:榮耀之手（Hand of Glory）	
Hand of the Mage.MOD	OUTPUTNAME:賢者之手（Hand of the Mage）	
Medallion of Thoughts.MOD	OUTPUTNAME:讀心勳章（Medallion of Thoughts）	
Necklace of Adaptation.MOD	OUTPUTNAME:適應項鏈（Necklace of Adaptation）	
Necklace of Fireballs I.MOD	OUTPUTNAME:火球項鏈一型 （Necklace of Fireballs I）		
Necklace of Fireballs II.MOD	OUTPUTNAME:火球項鏈二型 （Necklace of Fireballs Ii）		
Necklace of Fireballs III.MOD	OUTPUTNAME:火球項鏈三型 （Necklace of Fireballs Iii）		
Necklace of Fireballs IV.MOD	OUTPUTNAME:火球項鏈四型 （Necklace of Fireballs Iv）		
Necklace of Fireballs V.MOD	OUTPUTNAME:火球項鏈五型 （Necklace of Fireballs V）		
Necklace of Fireballs VI.MOD	OUTPUTNAME:火球項鏈六型 （Necklace of Fireballs Vi ）		
Necklace of Fireballs VII.MOD	OUTPUTNAME:火球項鏈七型 （Necklace of Fireballs Vii）		
Periapt of Health.MOD	OUTPUTNAME:健康護符（Periapt of Health）		
Periapt of Proof Against Poison.MOD	OUTPUTNAME:辟毒護符（Periapt of Proof Against Poison）		
Periapt of Wound Closure.MOD	OUTPUTNAME:止傷護符（Periapt of Wound Closure）		
Scarab of Protection.MOD	OUTPUTNAME:防護聖甲蟲（Scarab of Protection）		
