CATEGORY=Archetype|Barbarian Archetype ~ Armored Hulk.MOD	OUTPUTNAME:重甲士（Armored Hulk）
CATEGORY=Archetype|Barbarian Archetype ~ Scarred Rager.MOD	OUTPUTNAME:傷痕狂暴者（Scarred Rager）
CATEGORY=Archetype|Barbarian Archetype ~ Sea Reaver.MOD	OUTPUTNAME:掠海者（Sea Reaver）
CATEGORY=Archetype|Barbarian Archetype ~ Titan Mauler.MOD	OUTPUTNAME:巨人殺手（Titan Mauler）
CATEGORY=Archetype|Barbarian Archetype ~ True Primitive.MOD	OUTPUTNAME:原住民（True Primitive）
CATEGORY=Archetype|Barbarian Archetype ~ Urban Barbarian.MOD	OUTPUTNAME:都市野人（Urban Barbarian）
CATEGORY=Archetype|Barbarian Archetype ~ Wild Rager.MOD	OUTPUTNAME:凶暴蠻者（Wild Rager）
CATEGORY=Archetype|Bard Archetype ~ Archaeologist.MOD	OUTPUTNAME:考古學家（Archaeologist）
CATEGORY=Archetype|Bard Archetype ~ Daredevil.MOD	OUTPUTNAME:冒險家（Daredevil）
CATEGORY=Archetype|Bard Archetype ~ Dervish Dancer.MOD	OUTPUTNAME:狂舞者（Dervish Dancer）
CATEGORY=Archetype|Cleric Archetype ~ Crusader.MOD	OUTPUTNAME:天誅之劍（Crusader）
CATEGORY=Archetype|Cleric Archetype ~ Divine Strategist.MOD	OUTPUTNAME:天策（Divine Strategist）
CATEGORY=Archetype|Cleric Archetype ~ Evangelist.MOD	OUTPUTNAME:宣教士（Evangelist）
CATEGORY=Archetype|Cleric Archetype ~ Merciful Healer.MOD	OUTPUTNAME:慈醫（Merciful Healer）
CATEGORY=Archetype|Druid Archetype ~ World Walker.MOD	OUTPUTNAME:世界旅者（World Walker）
CATEGORY=Archetype|Druid Archetype ~ Ape Shaman.MOD	OUTPUTNAME:猿圖騰薩滿（Ape Shaman）
CATEGORY=Archetype|Druid Archetype ~ Bat Shaman.MOD	OUTPUTNAME:蝠圖騰薩滿（Bat Shaman）
CATEGORY=Archetype|Druid Archetype ~ Boar Shaman.MOD	OUTPUTNAME:豬圖騰薩滿（Boar Shaman）
CATEGORY=Archetype|Fighter Archetype ~ Armor Master.MOD	OUTPUTNAME:護甲宗師（Armor Master）
CATEGORY=Archetype|Fighter Archetype ~ Brawler.MOD	OUTPUTNAME:打手（Brawler）
CATEGORY=Archetype|Fighter Archetype ~ Cad.MOD	OUTPUTNAME:惡棍（Cad）
CATEGORY=Archetype|Fighter Archetype ~ Dragoon.MOD	OUTPUTNAME:龍騎兵（Dragoon）
CATEGORY=Archetype|Fighter Archetype ~ Gladiator.MOD	OUTPUTNAME:角鬥士（Gladiator）
CATEGORY=Archetype|Fighter Archetype ~ Tactician.MOD	OUTPUTNAME:策略家（Tactician）
CATEGORY=Archetype|Fighter Archetype ~ Thunderstriker.MOD	OUTPUTNAME:雷霆襲者（Thunderstriker）
CATEGORY=Archetype|Fighter Archetype ~ Tower Shield Specialist.MOD	OUTPUTNAME:塔盾專家（Tower Shield Specialist）
CATEGORY=Archetype|Fighter Archetype ~ Unarmed Fighter.MOD	OUTPUTNAME:搏擊士（Unarmed Fighter）
CATEGORY=Archetype|Fighter Archetype ~ Unbreakable.MOD	OUTPUTNAME:不屈者（Unbreakable）
CATEGORY=Archetype|Monk Archetype ~ Flowing Monk.MOD	OUTPUTNAME:無相僧（Flowing Monk）
CATEGORY=Archetype|Monk Archetype ~ Maneuver Master.MOD	OUTPUTNAME:靈鴢僧（Maneuver Master）
CATEGORY=Archetype|Monk Archetype ~ Martial Artist.MOD	OUTPUTNAME:武師（Martial Artist）
CATEGORY=Archetype|Monk Archetype ~ Master of Many Styles.MOD	OUTPUTNAME:形意拳師（Master of Many Styles）
CATEGORY=Archetype|Monk Archetype ~ Sensei.MOD	OUTPUTNAME:師範（Sensei）
CATEGORY=Archetype|Monk Archetype ~ Sohei.MOD	OUTPUTNAME:僧兵（Sohei）
CATEGORY=Archetype|Monk Archetype ~ Tetori.MOD	OUTPUTNAME:擒龍僧（Tetori）
CATEGORY=Archetype|Paladin Archetype ~ Divine Hunter.MOD	OUTPUTNAME:神性獵手（Divine Hunter）
CATEGORY=Archetype|Paladin Archetype ~ Empyreal Knight.MOD	OUTPUTNAME:天界騎士（Empyreal Knight）
CATEGORY=Archetype|Paladin Archetype ~ Holy Gun.MOD	OUTPUTNAME:聖銃衛（Holy Gun）
CATEGORY=Archetype|Paladin Archetype ~ Holy Tactician.MOD	OUTPUTNAME:神策使（Holy Tactician）
CATEGORY=Archetype|Paladin Archetype ~ Knight of the Sepulcher.MOD	OUTPUTNAME:死骸騎士（Knight of the Sepulcher）
CATEGORY=Archetype|Paladin Archetype ~ Sacred Shield.MOD	OUTPUTNAME:聖盾使（Sacred Shield）
CATEGORY=Archetype|Ranger Archetype ~ Battle Scout.MOD	OUTPUTNAME:戰鬥偵查兵（Battle Scout）
CATEGORY=Archetype|Ranger Archetype ~ Deep Walker.MOD	OUTPUTNAME:深行者（Deep Walker）
CATEGORY=Archetype|Ranger Archetype ~ Falconer.MOD	OUTPUTNAME:鷹獵師（Falconer）
CATEGORY=Archetype|Ranger Archetype ~ Trophy Hunter.MOD	OUTPUTNAME:賞金獵人（Trophy Hunter）
CATEGORY=Archetype|Ranger Archetype ~ Warden.MOD	OUTPUTNAME:荒野守衛（Warden）
CATEGORY=Archetype|Ranger Archetype ~ Wild stalker.MOD	OUTPUTNAME:野性潛獵者（Wild stalker）
CATEGORY=Archetype|Rogue Archetype ~ Bandit.MOD	OUTPUTNAME:土匪（Bandit）
CATEGORY=Archetype|Rogue Archetype ~ Chameleon.MOD	OUTPUTNAME:變色龍（Chameleon）
CATEGORY=Archetype|Rogue Archetype ~ Charlatan.MOD	OUTPUTNAME:唬弄者（Charlatan）
CATEGORY=Archetype|Rogue Archetype ~ Driver.MOD	OUTPUTNAME:車伕（Driver）
CATEGORY=Archetype|Rogue Archetype ~ Knife Master.MOD	OUTPUTNAME:短刃宗師（Knife Master）
CATEGORY=Archetype|Rogue Archetype ~ Pirate.MOD	OUTPUTNAME:海盜（Pirate）
CATEGORY=Archetype|Rogue Archetype ~ Roof Runner.MOD	OUTPUTNAME:屋頂跑者（Roof Runner）
CATEGORY=Archetype|Rogue Archetype ~ Sanctified Rogue.MOD	OUTPUTNAME:神殿遊蕩者（Sanctified Rogue）
CATEGORY=Archetype|Rogue Archetype ~ Survivalist.MOD	OUTPUTNAME:求生者（Survivalist）
CATEGORY=Archetype|Wizard Archetype ~ Arcane Bomber.MOD	OUTPUTNAME:奧法擲彈兵（Arcane Bomber）
CATEGORY=Archetype|Wizard Archetype ~ Siege Mage.MOD	OUTPUTNAME:攻城法師（Siege Mage）
CATEGORY=Archetype|Wizard Archetype ~ Spellslinger.MOD	OUTPUTNAME:魔槍士（Spellslinger）
CATEGORY=Archetype|Alchemist Archetype ~ Beastmorph.MOD	OUTPUTNAME:化形者（Beastmorph）
CATEGORY=Archetype|Alchemist Archetype ~ Ragechemist.MOD	OUTPUTNAME:狂暴藥師（Ragechemist）
CATEGORY=Archetype|Paladin Archetype ~ Knight of the Sepulcher.MOD	OUTPUTNAME:死骸騎士（Knight of the Sepulcher）
CATEGORY=Archetype|Cavalier Archetype ~ Beast Rider.MOD	OUTPUTNAME:獸騎士（Beast Rider）
CATEGORY=Archetype|Cavalier Archetype ~ Emissary.MOD	OUTPUTNAME:信使（Emissary）
CATEGORY=Archetype|Cavalier Archetype ~ Gendarme.MOD	OUTPUTNAME:禁衛騎士（Gendarme）
CATEGORY=Archetype|Cavalier Archetype ~ Honor Guard.MOD	OUTPUTNAME:榮耀守衛（Honor Guard）
CATEGORY=Archetype|Cavalier Archetype ~ Luring Cavalier.MOD	OUTPUTNAME:餌騎兵（Luring Cavalier）
CATEGORY=Archetype|Cavalier Archetype ~ Musketeer.MOD	OUTPUTNAME:火槍手（Musketeer）
CATEGORY=Archetype|Cavalier Archetype ~ Standard Bearer.MOD	OUTPUTNAME:旗手（Standard Bearer）
CATEGORY=Archetype|Cavalier Archetype ~ Strategist.MOD	OUTPUTNAME:戰術指揮（Strategist）
CATEGORY=Archetype|Gunslinger Archetype ~ Gun Tank.MOD	OUTPUTNAME:裝甲射手（Gun Tank）
CATEGORY=Archetype|Gunslinger Archetype ~ Musket Master.MOD	OUTPUTNAME:步槍士（Musket Master）
CATEGORY=Archetype|Gunslinger Archetype ~ Mysterious Stranger.MOD	OUTPUTNAME:異鄉人（Mysterious Stranger）
CATEGORY=Archetype|Gunslinger Archetype ~ Pistolero.MOD	OUTPUTNAME:短槍手（Pistolero）
CATEGORY=Archetype|Inquisitor Archetype ~ Iconoclast.MOD	OUTPUTNAME:除滅者（Iconoclast）
CATEGORY=Archetype|Inquisitor Archetype ~ Spellbreaker.MOD	OUTPUTNAME:屠法者（Spellbreaker）
CATEGORY=Archetype|Inquisitor Archetype ~ Witch Hunter.MOD	OUTPUTNAME:獵巫人（Witch Hunter）
CATEGORY=Archetype|Magus Archetype ~ Kensai.MOD	OUTPUTNAME:劍聖（Kensai）
CATEGORY=Archetype|Magus Archetype ~ Myrmidarch.MOD	OUTPUTNAME:重裝魔戰（Myrmidarch）
CATEGORY=Archetype|Magus Archetype ~ Skirnir.MOD	OUTPUTNAME:洗禮之盾（Skirnir）
CATEGORY=Archetype|Magus Archetype ~ Soul Forger.MOD	OUTPUTNAME:鑄魂師（Soul Forger）
