CATEGORY=Archetype|Bard Archetype ~ Celebrity.MOD	OUTPUTNAME:明星（Celebrity）
CATEGORY=Archetype|Bard Archetype ~ Demagogue.MOD	OUTPUTNAME:煽動者（Demagogue）
CATEGORY=Archetype|Bard Archetype ~ Dirge Bard.MOD	OUTPUTNAME:哀歌詠者（Dirge Bard）
CATEGORY=Archetype|Bard Archetype ~ Geisha.MOD	OUTPUTNAME:藝妓（Geisha）
CATEGORY=Archetype|Bard Archetype ~ Songhealer.MOD	OUTPUTNAME:愈療歌者（Songhealer）
CATEGORY=Archetype|Bard Archetype ~ Sound Striker.MOD	OUTPUTNAME:音爆強襲者（Sound Striker）
CATEGORY=Archetype|Cleric Archetype ~ Cloistered Cleric.MOD	OUTPUTNAME:隱士（Cloistered Clerics）
CATEGORY=Archetype|Cleric Archetype ~ Separatist.MOD	OUTPUTNAME:異端（Separatist）
CATEGORY=Archetype|Cleric Archetype ~ Theologian.MOD	OUTPUTNAME:神學家（Theologian）
CATEGORY=Archetype|Cleric Archetype ~ Undead Lord.MOD	OUTPUTNAME:屍骸領主（Undead Lord）
CATEGORY=Archetype|Druid Archetype ~ Menhir Savant.MOD	OUTPUTNAME:巨石賢者（Menhir Savant）
CATEGORY=Archetype|Druid Archetype ~ Mooncaller.MOD	OUTPUTNAME:喚月者（Mooncaller）
CATEGORY=Archetype|Druid Archetype ~ Pack Lord.MOD	OUTPUTNAME:獸王（Pack Lord）
CATEGORY=Archetype|Druid Archetype ~ Reincarnated Druid.MOD	OUTPUTNAME:重生者（Reincarnated Druid）
CATEGORY=Archetype|Druid Archetype ~ Storm Druid.MOD	OUTPUTNAME:暴風之主（Storm Druid）
CATEGORY=Archetype|Druid Archetype ~ Dragon Shaman.MOD	OUTPUTNAME:龍圖騰薩滿（Dragon Shaman）
CATEGORY=Archetype|Druid Archetype ~ Saurian Shaman.MOD	OUTPUTNAME:蜥圖騰薩滿（Saurian Shaman）
CATEGORY=Archetype|Druid Archetype ~ Shark Shaman.MOD	OUTPUTNAME:鯊圖騰薩滿（Shark Shaman）
CATEGORY=Archetype|Paladin Archetype ~ Oath against Corruption.MOD	OUTPUTNAME:聖律沿循者（反腐化誓約）（Oath against Corruption）
CATEGORY=Archetype|Paladin Archetype ~ Oath against Fiends.MOD	OUTPUTNAME:聖律沿循者（反邪魔誓約）（Oath against Fiends）
CATEGORY=Archetype|Paladin Archetype ~ Oath against Savagery.MOD	OUTPUTNAME:聖律沿循者（反野蠻誓約）（Oath against Savagery）
CATEGORY=Archetype|Paladin Archetype ~ Oath against Undeath.MOD	OUTPUTNAME:聖律沿循者（反亡靈誓約）（Oath against Undeath）
CATEGORY=Archetype|Paladin Archetype ~ Oath against the Wyrm.MOD	OUTPUTNAME:聖律沿循者（反邪龍誓約）（Oath against the Wyrm）
CATEGORY=Archetype|Paladin Archetype ~ Oath of Charity.MOD	OUTPUTNAME:聖律沿循者（仁慈誓約）（Oath of Charity）
CATEGORY=Archetype|Paladin Archetype ~ Oath of Chastity.MOD	OUTPUTNAME:聖律沿循者（貞潔誓約）（Oath of Chastity）
CATEGORY=Archetype|Paladin Archetype ~ Oath of Loyalty.MOD	OUTPUTNAME:聖律沿循者（忠誠誓約）（Oath of Loyalty）
CATEGORY=Archetype|Paladin Archetype ~ Oath of Vengeance.MOD	OUTPUTNAME:聖律沿循者（復仇誓約）（Oath of Vengeance
CATEGORY=Archetype|Ranger Archetype ~ Trapper.MOD	OUTPUTNAME:陷阱師（Trapper）
CATEGORY=Archetype|Sorcerer Archetype ~ Crossblooded.MOD	OUTPUTNAME:混血術士（Crossblooded）
CATEGORY=Archetype|Wizard Archetype ~ Scrollmaster.MOD	OUTPUTNAME:操紙師（Scrollmaster）
CATEGORY=Archetype|Alchemist Archetype ~ Chirurgeon.MOD	OUTPUTNAME:外科醫師（Chirurgeon）
CATEGORY=Archetype|Alchemist Archetype ~ Clone Master.MOD	OUTPUTNAME:複製專家（Clone Master）
CATEGORY=Archetype|Alchemist Archetype ~ Internal Alchemist.MOD	OUTPUTNAME:內修藥師（Internal Alchemist）
CATEGORY=Archetype|Alchemist Archetype ~ Mindchemist.MOD	OUTPUTNAME:心智藥師（Mindchemist）
CATEGORY=Archetype|Alchemist Archetype ~ Preservationist.MOD	OUTPUTNAME:博物學者（Preservationist）
CATEGORY=Archetype|Alchemist Archetype ~ Psychonaut.MOD	OUTPUTNAME:心靈學家（Psychonaut）
CATEGORY=Archetype|Alchemist Archetype ~ Reanimator.MOD	OUTPUTNAME:生屍者（Reanimator）
CATEGORY=Archetype|Alchemist Archetype ~ Vivisectionist.MOD	OUTPUTNAME:活體解剖師（Vivisectionist）
CATEGORY=Archetype|Inquisitor Archetype ~ Exorcist.MOD	OUTPUTNAME:袪魔師（Exorcist）
CATEGORY=Archetype|Inquisitor Archetype ~ Heretic.MOD	OUTPUTNAME:異教徒（Heretic）
CATEGORY=Archetype|Inquisitor Archetype ~ Infiltrator.MOD	OUTPUTNAME:潛伏者（Infiltrator）
CATEGORY=Archetype|Inquisitor Archetype ~ Preacher.MOD	OUTPUTNAME:布道者（Preacher）
CATEGORY=Archetype|Inquisitor Archetype ~ Sin Eater.MOD	OUTPUTNAME:食罪者（Sin Eater）
CATEGORY=Archetype|Magus Archetype ~ Bladebound.MOD	OUTPUTNAME:劍縛（Bladebound）
CATEGORY=Archetype|Magus Archetype ~ Hexcrafter.MOD	OUTPUTNAME:巫戰士（Hexcrafter）
CATEGORY=Archetype|Magus Archetype ~ Spellblade.MOD	OUTPUTNAME:法刃（Spellblade）
CATEGORY=Archetype|Magus Archetype ~ Staff Magus.MOD	OUTPUTNAME:法杖士（Staff Magus）
CATEGORY=Archetype|Oracle Archetype ~ Dual-Cursed Oracle.MOD	OUTPUTNAME:雙重詛咒（Dual-Cursed）
CATEGORY=Archetype|Oracle Archetype ~ Enlightened Philosopher.MOD	OUTPUTNAME:啟迪賢者（Enlightened Philosopher）
CATEGORY=Archetype|Oracle Archetype ~ Planar Oracle.MOD	OUTPUTNAME:位面先知（Planar Oracle）
CATEGORY=Archetype|Oracle Archetype ~ Possessed Oracle.MOD	OUTPUTNAME:著魔智者（Possessed Oracle）
CATEGORY=Archetype|Oracle Archetype ~ Seer.MOD	OUTPUTNAME:遠見聖者（Seer）
CATEGORY=Archetype|Oracle Archetype ~ Stargazer.MOD	OUTPUTNAME:繁星子民（Stargazer）
CATEGORY=Archetype|Summoner Archetype ~ Broodmaster.MOD	OUTPUTNAME:巢穴之主（Broodmaster）
CATEGORY=Archetype|Summoner Archetype ~ Evolutionist.MOD	OUTPUTNAME:進化論者（Evolutionist）
CATEGORY=Archetype|Summoner Archetype ~ Master Summoner.MOD	OUTPUTNAME:大召喚士（Master Summoner）
CATEGORY=Archetype|Summoner Archetype ~ Synthesist.MOD	OUTPUTNAME:混源學者（Synthesist）
CATEGORY=Archetype|Witch Archetype ~ Beast-bonded.MOD	OUTPUTNAME:獸群守護（Beast-bonded）
CATEGORY=Archetype|Witch Archetype ~ Gravewalker.MOD	OUTPUTNAME:墓穴行者（Gravewalker）
CATEGORY=Archetype|Witch Archetype ~ Hedge Witch.MOD	OUTPUTNAME:樹籬女巫（Hedge Witch）
CATEGORY=Archetype|Witch Archetype ~ Sea Witch.MOD	OUTPUTNAME:海之魔女（Sea Witch）
