Ablative Barrier.MOD	OUTPUTNAME:超越之障 (Ablative Barrier)	TARGETAREA:.CLEAR	TARGETAREA:接觸到的生物	DESC:.CLEAR	DESC:堅固而無形的盾牌環繞在目標周圍為其提供防護，目標的AC獲得+2護甲加值。此外，目標每受到一次傷害，最開始的5點傷害會被轉換成非致命傷害。如果攻擊本身即造成非致命傷害，那麼目標對其有DR5/-的傷害減免。一旦這個法術轉換了每施法者等級5點非致命傷害 (最高50)，法術能量耗盡。	
Absorb Toxicity.MOD	OUTPUTNAME:汲取苦難 (Absorb Toxicity)	TARGETAREA:.CLEAR	TARGETAREA:自己	DESC:.CLEAR	DESC:你吸收你周圍的毒性，讓自己帶毒。當你處於該法術影響之下時，你免疫試圖感染你的任何疾病和毒藥。當一種苦難效果 (疾病或毒藥) 試圖感染你時，你可以選擇將其吸收，這樣做會使你失去其他任何疾病和毒藥的免疫性。但在法術效果結束之前，你仍然對選擇吸收的疾病或毒藥免疫。重新施放該法術不會讓你能夠吸收第二種疾病或毒藥，而只是會重新以每等級10分鐘來重置法術持續時間。當你吸收了一種疾病或毒藥，你可以使用一次近戰接觸攻擊來將其傳染給另一個生物。失手的攻擊不會導致法術能量消耗，你可以在接下來的行動中繼續嘗試傳染。如果你命中，該法術能量被耗盡，並且你的目標必須立刻對被傳染的效果進行豁免 (DC為該法術豁免或苦難本身的豁免，取其高)，不然就會受其影響。目標此後將會被苦難效果正常影響。如果直到法術結束，你也沒有將苦難效果傳遞出去，你會立刻受到已吸收的疾病或毒藥效果影響，如同你將其傳染給了自己，不過你在這次對抗的豁免檢定中有+2加值。	
Abundant Ammunition.MOD	OUTPUTNAME:彈藥補給 (Abundant Ammunition)	TARGETAREA:.CLEAR	TARGETAREA:一個接觸到的容器	DESC:.CLEAR	DESC:當這個法術被施放在一個容器——例如箭袋和裝著未附魔彈藥或手裡劍的標囊——時，在每一輪的開始，法術效果都會重置容器內前一輪被取出的彈藥。這些彈藥在被拿出容器一輪後將會消失。在被施放該法術後，如果該容器被施放了另一個法術，例如陣營武器和高等魔化武器，本法術生產的所有的彈藥都會受到相同效果影響。	
Adjuring Step.MOD	OUTPUTNAME:謹慎步伐 (Adjuring Step)	TARGETAREA:.CLEAR	TARGETAREA:自己	DESC:.CLEAR	DESC:這個法術會創造一系列微妙和複雜的力場效果，對那些原地不動、緩慢移動的施法者或煉金公式使用者大有助益。當你成為該目標的法術，你可以每輪進行兩次五尺快步並仍能施放法術和使用類法術能力，而不會觸發藉機攻擊。法術效果在當你進行攻擊、對另一個生物施放有害法術或一個單獨移動動作移動超過5尺時散發掉。如果你導致法術能量散發的動作也會引發藉機攻擊的話，這個動作會如常引發藉機攻擊。	
Adoration.MOD	OUTPUTNAME:魅力四射 (Adoration)	TARGETAREA:.CLEAR	TARGETAREA:一名生物	DESC:.CLEAR	DESC:該法術的目標會在進行交涉或演武時受到那些目標試圖影響的人的青睞。如果目標沒有處於戰鬥中，他會在所有影響生物的交涉檢定中獲得+2士氣加值。如果目標正在進行演武 (performance combat，見UC153頁)，目標會在所有演武檢定中獲得+2士氣加值。	
Air Bubble.MOD	OUTPUTNAME:氣泡術 (Air Bubble)	TARGETAREA:.CLEAR	TARGETAREA:一個生物或一件體積不超過大型雙手武器的物體	DESC:.CLEAR	DESC:氣泡術將會創造一個充滿可供呼吸的氣體的小空間，它會套在目標生物的頭或目標物體周圍。這個氣泡允許目標生物在水下或無氧環境下進行呼吸，或允許目標物體免受水的侵害。一件被施放了氣泡的火器可以進行裝填——包括從角或盒中倒出黑色火藥，或其他需要空氣才能進行的作業——和發射。如果一件火器要在這種情況下發射，在正常的射程罰值之外，還會受到子彈每穿過5尺的水則-2的攻擊擲骰罰值。如果一件火器在氣泡中炸膛，炸膛將會如常發生。	
Air Walk (Communal).MOD	OUTPUTNAME:共用凌空而行 (Air Walk, Communal)	TARGETAREA:.CLEAR	TARGETAREA:接觸到的複數生物	DESC:.CLEAR	DESC:這個法術工作方式如同凌空而行 (Air Walk)，不過你可以將持續時間以10分鐘為單位分配給複數生物。	
Animal Aspect.MOD	OUTPUTNAME:動物形態 (Animal Aspect)	TARGETAREA:.CLEAR	TARGETAREA:自己	DESC:.CLEAR	DESC:你獲得一些動物的有益能力。你的基本外形大致維持不變，並且不會改變體積，但是你的身體細節部分將發生一些改變。你穿戴的護甲和裝備在法術持續時間內會調整形狀以適應新形態。當你施放本法術，選擇下述動物之一以獲得相關優勢。你一次只能擁有一個動物形態或高等動物形態法術效果。－蛙：你的腿變得細長而強壯。你的特技動作檢定獲得+4表現加值，並且你的跳躍總是視為經過助跑。－猿：你的手臂變得更長、更靈活、更有利，就像一隻大猩猩。你的徒手打擊傷害增加一個等級，並且在擒抱和復位戰技檢定上獲得+4表現加值。－猴：你的手和胳膊變得像猴子一樣靈巧。你的攀爬檢定獲得+4表現加值，並且你可以像擁有隨手投擲專長 (Throw Antyhing) 一樣投擲物體。－水獺：你的手腳長出蹼，肺變得更強壯，這可以讓你輕鬆通過一片水域。你獲得等於你的速度一半的游泳速度，並且享受擁有天生游泳速度的一切優勢。此外，你可以屏息相當於其體質值四倍的輪數，之後才需要進行體質檢定以維持屏息。－浣熊：你的手變得非常靈巧，腳則變為肉墊。你的解除裝置、手上功夫和隱秘行動技能檢定獲得+2表現加值。－迅猛龍：你的雙腿變得能更快的奔跑，就像一隻恐爪龍一樣。你的基礎移動速度額獲得20尺增強加值。－樹蜥：你的手腳獲得用於攀爬的爪子和肉墊。你獲得等於你正常速度一半的攀爬速度，並且享受擁有天生攀爬速度的一切好處。	
Animal Aspect (Greater).MOD	OUTPUTNAME:高等動物形態 (Animal Aspect, Greater)	DESC:.CLEAR	DESC:這個法術工作方式如同動物形態 (Animal Aspect)，不過你可以一次得到兩種動物形態的能力或者獲得給一種動物形態增加下述的新增能力：－青蛙：你獲得你基礎速度一半的游泳速度，並且享受所有擁有游泳速度帶來的優勢。－猩猩：你的察覺檢定獲得+2表現加值，以及強韌檢定獲得+1表現加值。－猴子：你的特技動作檢定獲得+4表現加值。－水獺：你的游泳速度提高到你的正常基礎速度，並且你在水下施法不用進行專注檢定。－浣熊：你的解除裝置、手上功夫和隱秘行動檢定的表現加值提高到+4。－猛禽：你的移動速度獲得的增強加值提高到30英尺，並且你獲得健步如飛專長的好處。－樹蜥：你的隱秘行動檢定獲得+4表現加值。	
Ant Haul (Communal).MOD	OUTPUTNAME:共用重負術 (Ant Haul, Communal)	TARGETAREA:.CLEAR	TARGETAREA:接觸到的複數生物	DESC:.CLEAR	DESC:這個法術工作方式如同重負術 (Ant Haul)，不過你可以把持續時間以2小時為單位分配給接觸到的複數生物。	
Arcane Cannon.MOD	OUTPUTNAME:奧術大炮 (Arcane Cannon)	TARGETAREA:.CLEAR	TARGETAREA:一具活化的魔法大炮	DESC:.CLEAR	DESC:你的法術器材變成一尊中型的魔法大炮，出現在法術範圍內的閒置方格內。如果法術範圍內沒有空格，法術失敗。大炮出現時已經裝填完畢。此後，每一輪大炮都可以開火或裝填。大炮必須裝填後才能發射。你不需要為大炮提供任何彈藥。每當輪到你行動，你可以用一個移動動作指揮大炮移動最多20尺，到達一個新的位置。如果奧術大炮離開你的視線，它會立刻消失，法術效果也立刻結束。大炮擁有50尺的射程增量。它的第一個射程增量被視為接觸攻擊，並且它沒有不發火幾率。大炮視為擁有傳導 (conductive) 特性的武器，只要你在大炮近距範圍內，你便可以用它來傳遞類法術或超自然能力。大炮的的攻擊加值為你的施法者等級加上你的智力或魅力調整值 (分別適用於法師和術士)，再加上每四施法者等級1點的額外加值 (最多20級+5)。一旦命中，大炮造成4d10點傷害。大炮的重擊修正值為x4。大炮擁有AC10，硬度10，以及80點生命值。如果大炮被一個需要檢定的法術或效果影響，它使用你的豁免檢定加值。大炮永遠不會引發藉機攻擊。如果大炮被摧毀，你的法術器材也同時被摧毀。	
Bestow Weapon Proficiency.MOD	OUTPUTNAME:賦予武器熟練 (Bestow Weapon Proficiency)	TARGETAREA:.CLEAR	TARGETAREA:一名生物	DESC:.CLEAR	DESC:你讓目標可以使用一種他並不熟悉的武器，就像他熟悉於此一樣。武器可以是任意類型，包括異種武器，但當你施放法術時目標必須持有它。	
Blistering Invective.MOD	OUTPUTNAME:酷烈苛責 (Blistering Invective)	TARGETAREA:.CLEAR	TARGETAREA:30尺半徑範圍	DESC:.CLEAR	DESC:你狠毒的發出一長串侮辱性的咒罵，而敵方的身體甚至會被你的怒火所燒焦。當你施放該法術，對半徑30尺內的敵方做一個威嚇檢定。如果敵方被成功威嚇而戰慄，則會受到1d10點火焰傷害，可以通過一個成功的反射檢定減半。法術抗力可以阻擋法術造成的火焰傷害，但是對威嚇造成的戰慄效果無效。	
Bowstaff.MOD	OUTPUTNAME:弓杖 (Bowstaff)	TARGETAREA:.CLEAR	TARGETAREA:一件武器 (弓)	DESC:.CLEAR	DESC:你所接觸的弓將獲得鋼鐵的硬度和韌性，以使它可以被當做一把近戰武器來使用。法術允許一把短弓被當做木棒，或是一把長弓可以被當做木棍來使用，同時弓仍然保持其本身的HP與硬度。弓的增強加值 (如果有的話) 也將適用於近戰攻擊骰與傷害骰。如果弓的其他附魔可以在近戰中生效，則也依然有效。	
Brow Gasher.MOD	OUTPUTNAME:血流滿面 (Brow Gasher)	TARGETAREA:.CLEAR	TARGETAREA:接觸到的一把揮砍近戰武器	DESC:.CLEAR	DESC:你給一把近戰武器灌輸了可以對目標額頭造成可怕傷口的能力。當目標武器擊中一個活物時，除了正常的命中效果，持有者可以以一個自由動作在目標的額頭上開一條鮮血淋漓的傷口，造成你施法者等級一半的流血傷害。在目標每一輪開始時，它都會受到流血傷害，並且在所有攻擊檢定上獲得-1懲罰。當罰值達到-3時，所有目標對它都視同隱蔽 (20%%失手)。當罰值達到-5，目標目盲。停止流血傷害將結束法術對該生物的影響。一個免疫流血的目標也免疫這個法術的影響。	
Bullet Shield.MOD	OUTPUTNAME:防彈護盾 (Bullet Shield)	TARGETAREA:.CLEAR	TARGETAREA:接觸到的生物	DESC:.CLEAR	DESC:該法術可以讓受術生物在面對火器和遠程攻擊時獲得+4偏斜加值，並且這個加值每5級會多加1 (最高20級+8)。雖然法術名字是防彈護盾，不過面對那些散彈型的射擊火器一樣可以起到防禦效果 (例如雙管獵槍的小鋼珠彈藥)。	
Burst of Speed.MOD	OUTPUTNAME:速度爆發 (Burst of Speed)	TARGETAREA:.CLEAR	TARGETAREA:自己	DESC:.CLEAR	DESC:在你本輪行動結束之前，你的移動速度提高20英尺 (如果身穿中甲或重甲，則為10英尺)，你的移動不會導致藉機攻擊。並且你可以穿越比你體型大的生物佔據的位置，但是你不能在本輪結束時仍跟它重疊在一起。	
Caging Bomb Admixture.MOD	OUTPUTNAME:禁錮炸彈添加劑 (Caging Bomb Admixture)	TARGETAREA:.CLEAR	TARGETAREA:自己	DESC:.CLEAR	DESC:通過飲用這個公式製作的化合煉成，使你注入炸彈的魔法產生顯著變化，在該化合煉成的持續時間內製造並投擲的所有普通煉金炸彈的基本性質均被改變。該效果對任何用於改變炸彈性質的科研發現沒有影響，而且同一時間你只能擁有一種添加劑效果 (名稱中帶有「炸彈添加劑」的公式)。如果你飲用另一劑炸彈添加劑，那麼之前生效的炸彈添加劑效果結束，新獲得的效果生效。當你投擲炸彈並且直接命中目標時，它會創造由實體力場牆壁組成的立方體隱形監牢。這個監牢的大小與你所投擲的炸彈的濺射範圍一樣，它會完全困住在此範圍內的所有生物。在此區域內的生物會被困住，除非在建設範圍內的生物大大了以至於無法容納下它，在這種情況下，該效果自動失效。傳送 (Teleportation) 以及其他形式的星界旅行 (astraravel) 能夠作為逃脫的手段，但是力牆會延伸至以太位面 (Etherealane) 並阻斷以太旅行 (Etherearavel)。如同力牆術 (Wall of Force) 一般，禁錮炸彈添加劑創造的監牢能夠抵抗解除魔法 (dispel magic)，不過法師裂解術 (Mage』s Disjunction) 依舊有效。監牢的牆壁能夠如常被法術傷害，除瞭解離術 (Disintegrate) 以外——它會直接破壞監牢。監牢的牆壁也能夠被武器以及超自然能力傷害，但是監牢擁有20點硬度以及等同於每煉金術師等級20點的生命值。通過消抹權杖 (rod of cancellation) 或毀滅黑洞 (sphere of annihilation) 能夠立刻摧毀監牢。當煉金術師使用禁錮炸彈添加劑時，同一時間只能塑造出一個監牢。如果煉金術師在禁錮炸彈添加劑持續時間內投擲另一個炸彈的話，新的監牢被創造的同時，先前由添加劑所創造的監牢會消失。當禁錮炸彈添加劑的存續時間結束時，由添加劑的效果創造的監牢也將消失。	
Certain Grip.MOD	OUTPUTNAME:穩固抓握 (Certain Grip)	TARGETAREA:.CLEAR	TARGETAREA:接觸到的生物	DESC:.CLEAR	DESC:目標能自然的抓握和站穩，攀爬檢定和用於維持平衡的特技動作檢定，以及對抗衝撞、拖曳、復位和摔絆的CMD檢定獲得+4表現加值。此外，法術持續時間內，目標免疫卸除武器。	
Chain of Perdition.MOD	OUTPUTNAME:星雲鎖鏈 (Chain of Perdition)	TARGETAREA:.CLEAR	TARGETAREA:10尺長的鎖鏈	DESC:.CLEAR	DESC:一條帶鉤子的力場鎖鏈出現並飄浮在你指定的位置。這條鎖鏈是一個中型物體，有10尺的觸及範圍。物理攻擊不能命中或者損傷到鎖鏈，但是解除魔法 (dispel magic)，解離術 (disintegrate)，毀滅黑洞 (sphere of annihilation) 或者抹消權杖 (rod of cancellation) 可以正常影響它。鎖鏈的接觸AC是10加上你的魅力調整值 (術士) 或智力調整值 (法師) 或感知調整值 (牧師)。鎖鏈可以使用一些戰技，如陰招 (致盲和糾纏)，阻攔，復位，或摔絆。使用你的施法者等級作為戰技加值，並且用你的魅力調整值 (術士) 或智力調整值 (法師) 或感知調整值 (牧師) 替代力量或敏捷加值。鎖鏈不會觸發藉機攻擊。此外它不會因為黑暗、隱蔽或者掩蔽受到任何的減值或失手。以一個移動動作，你可以讓鎖鏈移動最多30尺。如果鎖鏈的位置超出了法術有效範圍，它會回到你身邊。如果被鎖鏈攻擊的生物有法術抗力，那麼你必須在鎖鏈第一次成功的以戰技命中目標時進行一次施法者等級檢定 (1d20+施法者等級) 以對抗目標的法術抗力。如果目標抵抗成功，法術消失。如果失敗，那麼鎖鏈會在法術結束前正常對這個生物生效。	
Companion Mind Link.MOD	OUTPUTNAME:友伴心橋 (Companion Mind Link)	TARGETAREA:.CLEAR	TARGETAREA:你的動物夥伴	DESC:.CLEAR	DESC:你與你的動物夥伴之間的聯繫變得愈發強烈。只要你與你的動物夥伴間擁有視覺線相連，就能夠使用心靈感應與其溝通，就如同你們使用相同的語言交流一般。此外，只要你與你的動物夥伴間擁有視覺線相連，就能夠使用迅捷動作 (而非原本的移動動作) 逼迫 (push) 你的動物夥伴，這麼做並不需要成功的馴養動物檢定操作動物夥伴。這些檢定自動成功。	
Compel Hostility.MOD	OUTPUTNAME:強迫敵對 (Compel Hostility)	TARGETAREA:.CLEAR	TARGETAREA:自己	DESC:.CLEAR	DESC:如果你處於一個生物的威脅範圍內，且生物在你的視線範圍內，當它試圖攻擊一個你的盟友時，你可以立刻以一個直覺動作強迫它轉而攻擊你。當你強迫一個生物攻擊你時，你必須首先突破該生物的法術抗力，然後目標生物可以做一個意志檢定來忽略這一效果。當召喚師使用該法術時可以將法術目標設定成自己的精神響導。	
Damp Powder.MOD	OUTPUTNAME:彈藥受潮 (Damp Powder)	TARGETAREA:.CLEAR	TARGETAREA:一把裝填火器	DESC:.CLEAR	DESC:這個法術會讓已經裝填在目標槍支裡的火藥受潮失效。任何開槍的嘗試都會失敗，不過不會引起不發火。然後使用者必須以一次全回合動作來清理槍膛，然後才能再裝填和發射。如果目標武器的使用者在使用受潮的彈藥開火之前就知道這種法術的效果（DC16的法術辨識或者類似效果以鑒定出該法術），那麼火器使用者可以使用標準動作來將彈藥退膛清除。這麼做會摧毀這發彈藥。	
Darkvision (Communal).MOD	OUTPUTNAME:共用黑暗視覺 (Darkvision, Communal)	TARGETAREA:.CLEAR	TARGETAREA:接觸到的複數生物	DESC:.CLEAR	DESC:這個法術工作方式如同黑暗視覺 (Darkvision)，不過你可以將持續時間以1小時為單位分配給接觸到的複數生物。	
Daybreak Arrow.MOD	OUTPUTNAME:破曉之箭 (Daybreak Arrow)	TARGETAREA:.CLEAR	TARGETAREA:最多50枚彈藥，在施法時必須集合在一起	DESC:.CLEAR	DESC:你的法術讓彈藥，包括手裡劍在內，散發出光芒能量。那些在明亮光線中會受到懲罰的生物，被彈藥命中後會立刻受到一輪該懲罰。亡靈和在日光下會受到傷害的生物，在被彈藥後命中會受到額外的1d6點傷害。這些額外傷害以及你用該彈藥所造成的其他傷害中的一半，是由彈藥上的光能所造成，因而不會受到傷害減免的影響。此外，這些彈藥在被射出或投擲之後，還會如同照明棒一樣發亮1輪。	
Deadeye's Lore.MOD	OUTPUTNAME:神射手傳奇 (Deadeye's Lore)	TARGETAREA:.CLEAR	TARGETAREA:自己	DESC:.CLEAR	DESC:隨著你受到法術效果影響，你獲得了獵人的專業知識，可以聆聽荒野之靈的見解。你的生存技能在法術持續時間內獲得＋４神聖加值，同時你在穿越荒野和追蹤時不用減半速度移動。	
Deadly Juggernaut.MOD	OUTPUTNAME:死亡化身 (Deadly Juggernaut)	TARGETAREA:.CLEAR	TARGETAREA:自己	DESC:.CLEAR	DESC:隨著你的敵人一個個倒下，你變得愈發危險和勢不可擋。在法術持續期間，每當你用近戰攻擊將一個夠格的對手的生命值減少到0或以下，你的近戰投骰、近戰傷害投骰、力量檢定和基於力量的技能檢定便會獲得+1幸運加值，並且獲得DR2/- (最大+5和DR10/-)一個合格的對手要求HD大於等於你的HD-4。	
Debilitating Portent.MOD	OUTPUTNAME:衰弱預兆 (Debilitating Portent)	TARGETAREA:.CLEAR	TARGETAREA:一名生物	DESC:.CLEAR	DESC:目標被一層綠色的厄運光環所籠罩。每當目標生物想要進行一次攻擊或施法的時候，它必須進行一次DC為10+1/2施法者等級+魅力調整值 (如果你是先知) 或感知 (如果你是牧師) 的意志檢定。如果它檢定失敗，這次攻擊或法術只會造成1/2傷害。當目標生物做出了一次重擊，那麼你可以以一個直覺動作解消這個法術，這樣會導致該生物的這次重擊被取消。另外，被你取消的這次攻擊仍然可能命中，不過還是只造成一半傷害。	
Delay Poison (Communal).MOD	OUTPUTNAME:共用延遲毒發 (Delay Poison, Communal)	TARGETAREA:.CLEAR	TARGETAREA:接觸到的複數生物	DESC:.CLEAR	DESC:這個法術工作方式如同黑暗視覺 (Darkvision)，不過你可以將持續時間以1小時為單位分配給接觸到的複數生物。	
Destabilize Powder.MOD	OUTPUTNAME:失衡火藥 (Destabilize Powder)	TARGETAREA:.CLEAR	TARGETAREA:一把裝填過的火器	DESC:.CLEAR	DESC:這個法術讓目標火器的火藥容易不發火。增加目標火器當前彈藥1加上每5施法者等級1 (最高+5) 的不發火範圍。如果目標武器的使用者在使用受術彈藥開火之前就知道這種法術的效果 (DC17的法術辨識或者類似效果以鑒定出該法術)，那麼火器使用者可以使用標準動作來將彈藥退膛清除。這麼做會摧毀這發彈藥。	
Discovery Torch.MOD	OUTPUTNAME:探索之觸 (Discovery Torch)	TARGETAREA:.CLEAR	TARGETAREA:接觸到的物體	DESC:.CLEAR	DESC:你所接觸的物體發出明亮的光芒照亮了施法區域。效果看起來像是普通的火焰，但是不造成熱量也不需要氧氣。你的盟友在燈光所及的範圍內，在察覺和察言觀色檢定，以及在瞭解光照範圍內怪物屬性、弱點和特殊能力的知識檢定上都有+2加值。當一個審判者使用審判能力時，施放該法術所造成的照明範圍翻倍 (40尺半徑擴散)。光亮法術可以解除和反制同級或更低的黑暗法術。	
Divine Arrow.MOD	OUTPUTNAME:神箭術 (Divine Arrow)	TARGETAREA:.CLEAR	TARGETAREA:一份彈藥	DESC:.CLEAR	DESC:你將神聖能量灌入一份彈藥 (比如一根箭矢或一個手裡劍)，使其能夠對不死生物造成等同於你聖療職業能力所造成的額外傷害。該額外傷害不受重擊影響。儘管該法術不會消耗你的每日聖療使用次數，但是至少需要剩餘1次使用次數才能施放該法術。如果這個彈藥在法術持續時間結束前命中目標或被摧毀，該法術被消耗。	
Dust Form.MOD	OUTPUTNAME:沙化形態 (Dust Form)	TARGETAREA:.CLEAR	TARGETAREA:自己	DESC:.CLEAR	DESC:隨著這個法術，你改變了自己的形態，讓你和你的裝備物品全部轉變成沙塵所構成。在沙化形態下，你不會受到擁擠的減值，並且當你移動進入一個空間，你可以被視作比正常體型小三級並且不受減值。同時你可以被視作虛體，不過任何非魔法攻擊都會對你造成一半傷害 (50%%)，而魔法攻擊則不受影響。你仍然可以正常使用你的魔法物品或其他裝備。如果法術時間結束，你仍然處於一個你正常形態下不能佔據的方格，你受到3d6傷害並且被彈到最近的一個你能佔據的空格。	
Effortless Armor.MOD	OUTPUTNAME:輕便盔甲 (Effortless Armor)	TARGETAREA:.CLEAR	TARGETAREA:自己	DESC:.CLEAR	DESC:你所穿著的盔甲不再減緩你的速度。同時降低盔甲罰值1，加上每5施法者等級再加1 (最高5)。	
Endure Elements (Communal).MOD	OUTPUTNAME:共用忍受環境 (Endure Elements, Communal)	TARGETAREA:.CLEAR	TARGETAREA:接觸到的複數生物	DESC:.CLEAR	DESC:這個法術如同忍受環境 (Endure Elements) 一樣工作，不過你可以以1小時為單位將持續時間分配給接觸到的複數生物。	
Energy Siege Shot.MOD	OUTPUTNAME:能量炮擊 (Energy Siege Shot)	TARGETAREA:.CLEAR	TARGETAREA:一件大型攻城器械	DESC:.CLEAR	DESC:這個法術可以將作為目標的遠程攻城器械發射的彈藥替換為純能量形式。挑選一下能量類型之一：酸、冷、電、火、音波或力場。目標攻城器械所發射的彈藥將會造成選定能量種類的傷害，不過彈藥造成的傷害不變，也不會影響彈藥造成的其他任何效果。不同於其他能量傷害，這些能量傷害能對物體造成全額傷害。基於你施法時的選擇，彈藥會依照選定能量種類造成下列追加效果之一：－酸液：彈藥將會對著彈點附近半徑15尺範圍內的生物和無人持有的物體造成一半的濺射傷害，反射減半。反射DC同該法術DC。－寒冷：彈藥將會在著彈點附近形成一個20尺爆發半徑的冰凍靈氣。靈氣持續1d6輪。冰層範圍內的生物都會陷入糾纏 (entangled) 狀態。靈氣持續期間，任何在其行動開始時位於範圍內的生物都會受到2d6點寒冷傷害。－電擊：被彈藥擊中或位於著彈點附近15尺的生物將會恍惚 (staggered) 一輪。－火焰：著彈點附近15尺以內的生物和木製品將會被點燃。－音波：被彈藥擊中或著位於彈點20尺範圍以內的生物必須通過一次強韌檢定，否則就會耳聾一小時。強韌DC同該法術DC。－力場：沒有額外效果。	
Energy Siege Shot (Greater).MOD	OUTPUTNAME:高等能量炮擊 (Energy Siege Shot, Greater)	TARGETAREA:.CLEAR	TARGETAREA:一台任何大小的攻城器械	DESC:.CLEAR	DESC:這個法術工作方式如同能量炮擊 (Energy Siege Shot)，不過它可以作用於任何體積的攻城器械，而不只是大型的。	
Fabricate Bullets.MOD	OUTPUTNAME:造彈術 (Fabricate Bullets)	TARGETAREA:.CLEAR	TARGETAREA:一磅軟金屬	DESC:.CLEAR	DESC:你將一磅重的鉛轉化為彈藥。當你施放該法術時，要決定創造的彈丸種類：普通的投石索彈丸（Sling bullets）、火器彈頭（firearm bullets）或火器散彈（firearm pellets）。這個法術能製造出兩顆投石索彈丸，30顆火器子彈或10份小鋼珠彈藥。	
Fiery Shuriken.MOD	OUTPUTNAME:爆炎手裡劍 (Fiery Shuriken)	TARGETAREA:.CLEAR	TARGETAREA:兩把或更多爆炎手裡劍	DESC:.CLEAR	DESC:你呼喚出了兩顆看起來像是手裡劍的灼熱的拋投物，在3級之後每多2施法者等級增加一把 (最多15級8把)，它們會懸浮在你的面前。當這些手裡劍出現，你可以瞄準同一個或複數敵人並發射一些或全部手裡劍。每一把手裡劍都需要一次遠程接觸攻擊，成功則造成1d8點火焰傷害。你發射手裡劍不會引發藉機攻擊。任何尚未被發射的手裡劍都會在法術持續時間內一直懸浮在你的面前。在你施放該法術的當輪之後，你可以花費一個迅捷動作發射剩餘手裡劍的其中之一，或是以一個標準動作發射剩餘的任意數量的手裡劍。如果在法術持續時間結束前你都沒能發射完所有手裡劍，那麼屆時剩餘手裡劍都會消失並被浪費。	
Find Quarry.MOD	OUTPUTNAME:追尋獵物 (Find Quarry)	TARGETAREA:.CLEAR	TARGETAREA:自己	DESC:.CLEAR	DESC:你能夠清楚地察覺到以你當前20英里半徑範圍之內，一名你所熟知的生物與你相對的距離與方向。你還能識別該生物是否在移動，以及它移動的方向、速度與運動方式。你的施法者等級在到達10級後，每提高2級這個感知範圍就會增加5英里 (最高為20級時的半徑45英里)。	
Flash Fire.MOD	OUTPUTNAME:閃光彈 (Flash Fire)	TARGETAREA:.CLEAR	TARGETAREA:一把火器	DESC:.CLEAR	DESC:目標火器會立刻開火，伴隨著炫目的閃光，即使這把火器並未裝填。火器持有者附近15尺範圍內的生物必須通過一次強韌檢定，否則會失明1d4輪。火器持有者本人在這次檢定中有-4罰值。如果火器已裝填，彈藥被浪費。	
Forest Friend.MOD	OUTPUTNAME:叢林之友 (Forest Friend)	TARGETAREA:.CLEAR	TARGETAREA:每3等級1個自願生物，任意兩者之間不得超過30尺	DESC:.CLEAR	DESC:受到該法術影響的目標會發現，森林成為了他的助力而非阻礙。目標不會由於植被茂密的森林而阻礙移動，也不會因此在特技動作以及潛行檢定上受到減值。此外，茂盛的樹林所帶來的失手率也比正常要低10%%。當該法術的受術者在樹上行動時，特技動作以及攀爬檢定會獲得+5環境加值。處於偏好地形的遊俠還能夠將他們的偏好地形加值加在這些特技動作與攀爬檢定上。	
Frightful Aspect.MOD	OUTPUTNAME:駭人外形 (Frightful Aspect)	TARGETAREA:.CLEAR	TARGETAREA:自己	DESC:.CLEAR	DESC:你讓自己變得更大、更可怕。你的體積變為大型，並且讓你的敵人驚慌失措。你獲得以下能力：力量+6體型加值，體質+4體型加值，天生防禦+6，獲得DR10/魔法，並且獲得10+1/2施法者等級的法術抗力。你也會散發出一道靈氣，以你為中心半徑30尺。靈氣內的敵方生物會陷入戰慄 (Shaken) 狀態。每當被靈氣效果導致陷入戰慄狀態的生物被你的近戰攻擊命中，它將會驚懼 (frightened) 1d4輪，但是在法術效果結束之前它不會再受到靈氣影響。這個靈氣的效果是一個恐懼和影響心智效果。	
Frost Fall.MOD	OUTPUTNAME:冰河瀑布 (Frost Fall)	TARGETAREA:.CLEAR	TARGETAREA:5尺半徑爆發範圍	DESC:.CLEAR	DESC:區域內會被傾瀉而下的寒冰覆蓋，所有生物受到2d6點寒冷傷害。最初受到傷害的生物必須通過強韌檢定否則恍惚 (staggered) 一輪。此後，該地區在法術持續時間內仍然被嚴寒充斥著。任何區域內的生物，在輪到你行動開始時都會受到1d6點寒冷傷害 (強韌減半)，但不再會因為豁免失敗而恍惚。	
Haunted Fey Aspect.MOD	OUTPUTNAME:精怪之相 (Haunted Fey Aspect)	TARGETAREA:.CLEAR	TARGETAREA:自己	DESC:.CLEAR	DESC:你用一層奇怪的幻覺覆蓋自己，使你看起來像一個扭曲怪異的精類生物。你在針對一次單次攻擊，獲得DR1/寒鐵的傷害減免，持續到法術持續時間結束或受到一次傷害。	
Healing Thief.MOD	OUTPUTNAME:治療竊取 (Healing Thief)	TARGETAREA:.CLEAR	TARGETAREA:接觸到的生物	DESC:.CLEAR	DESC:當你施放這個法術，你可以竊取目標生物的治療效果。你必須成功以近戰接觸攻擊命中目標生物。如果你成功，當目標受到能回復生命值的治療法術或超自然效果影響時，它只會受到一半的治療效果 (向下取整)，而你則受到另一半 (也向下取整)。你必須保持在目標近距範圍之內 (25+5/2CL) 才能獲得這項好處。如果你離開這個範圍，法術解除。一旦你用本法術偷取了每施法者等級5點生命值 (最高50點) 的治療效果，法術消耗完畢而解除。	
Heroic Invocation.MOD	OUTPUTNAME:英雄祈禱 (Heroic Invocation)	TARGETAREA:.CLEAR	TARGETAREA:一個或更多生物，互相之間不超過30尺	DESC:.CLEAR	DESC:通過充滿遠古力量的世界，你賦予所有受術生物英雄般的力量。目標在法術持續過程中，攻擊骰和傷害獲得+4士氣加值，獲得2d8+4點臨時生命，並且在持續時間內免疫恐懼和魅惑的影響。在法術時間結束後，目標將會陷入疲乏 (fatigued)。	
Hostile Juxtaposition.MOD	OUTPUTNAME:惡意換位 (Hostile Juxtaposition)	TARGETAREA:.CLEAR	TARGETAREA:一個體型與你相等或更小的生物	DESC:.CLEAR	DESC:你在自己和目標之間創造一道次元鏈接。當一次攻擊或一次以你為目標的法術即將傷害你的時候，你可以用一個直覺動作將你和目標所在位置瞬間切換。這時，目標將會承受本該命中你的攻擊。如果其他原因導致你傳送失敗，攻擊和法術效果仍然會作用於你。如果目標在不壓縮體積的情況下無法移入你先前佔據的空間，或者你試圖移入一個被其他生物佔據或不能正常站立的空間，換位失敗。此外，如果你試圖換位的目標無意識或已死亡，換位失敗。一旦使用該法術進行了一次傳送，法術解除。	
Hostile Juxtaposition (Greater).MOD	OUTPUTNAME:高等惡意換位 (Hostile Juxtaposition, Greater)	TARGETAREA:.CLEAR	TARGETAREA:每4等級一個生物	DESC:.CLEAR	DESC:這個法術工作方式如同惡意換位 (Hostile Juxtaposition)，不過你可以每4施法者等級設定一個目標，或者你可以將一個體積比你大的生物設為目標。你可以在效果持續中隨意和任何一個受術目標進行位置交換。一旦你使用了本法術的傳送效果與任何一個受術生物交換位置，法術效果結束。	
Hostile Levitation.MOD	OUTPUTNAME:惡意浮空 (Hostile Levitation)	TARGETAREA:.CLEAR	TARGETAREA:一名生物	DESC:.CLEAR	DESC:你讓目標稍稍浮空，使其不能腳踏實地並移動速度減半。目標對抗衝撞、拖曳和復位的CMD獲得-4罰值。目標生物使用近戰或遠程攻擊會讓自身失去平衡，它的第一次攻擊檢定有-1罰值，第二次-2，最高-5。它可以花費一個整輪動作來穩定平衡，這會讓罰值重新從-1開始計算。本法術對飛行中的生物無效。	
Illusion of Calm.MOD	OUTPUTNAME:平靜幻象 (Illusion of Calm)	TARGETAREA:.CLEAR	TARGETAREA:自己	DESC:.CLEAR	DESC:當你施放這個法術，你在你自己所在的位置創造了一層幻影。這個幻影會讓你看起來站在那裡什麼都沒有做，即便是你做了什麼。當你受到該法術效果影響，你不會因為施放法術、使用投擲武器進行遠程攻擊或以一個移動動作移出你的初始方格而引發藉機攻擊。該法術不會隱藏任何以射擊類武器進行的遠程攻擊。當一個生物用任何方式的攻擊命中你時，它被允許進行一次豁免檢定來選擇不相信這個虛假幻覺。如果豁免成功，它成功的擺脫幻覺並且該法術效果結束前對它無效。	
Instrument of Agony.MOD	OUTPUTNAME:痛苦刑具 (Instrument of Agony)	TARGETAREA:.CLEAR	TARGETAREA:接觸到的武器	DESC:.CLEAR	DESC:你讓武器散發出一層可見的神聖憤怒靈光。當持有這件武器，生物在威嚇檢定上獲得+2士氣加值。如果在攻擊中，受術武器命中，則持有者可以以一個自由動作釋放法術的能量對武器擊中的生物造成劇烈的疼痛。如果目標生物擁有法術抗力，可以對該效果生效。如果目標沒能通過一次意志豁免，它將反胃1d4+1輪。如果成功通過豁免，則會噁心一輪。這個噁心效果是一個影響心靈效果。	
Jolting Portent.MOD	OUTPUTNAME:動盪徵兆 (Jolting Portent)	TARGETAREA:.CLEAR	TARGETAREA:一名生物	DESC:.CLEAR	DESC:你令目標被一層紅色發光的復仇光環所包圍。每輪一次，當目標進行攻擊或施放法術時，它必須進行一次DC為10+1/2施法者等級+魅力 (如果你是先知) 或感知 (如果你是牧師) 的強韌檢定。如果檢定失敗，它會受到4d6加上你的魅力 (先知) 或感知 (牧師) 的電擊傷害。豁免檢定通過則不受傷害。當目標生物做出一次重擊，你可以選擇以一個直覺動作結束這個法術的效果來取消掉這次重擊並使目標生物暈眩 (daze) 一輪。這次攻擊仍然會命中目標並造成普通傷害，隨後生物才會受到暈眩的影響。	
Judgment Light.MOD	OUTPUTNAME:審判之光 (Judgment Light)	TARGETAREA:.CLEAR	TARGETAREA:半徑30尺爆發範圍	DESC:.CLEAR	DESC:審判者只有在她激活審判職業能力之後才能施放該法術。當她施放該法術時，會基於審判者目前已經激活的審判獲得一種或多種下述的效果。懲戒：施法者身上爆發出紅色光芒。範圍內的敵人受到4d8點傷害並戰慄1d4輪。成功的意志豁免能夠將傷害減半並免受戰慄效果。治療：施法者身上爆發出綠色光芒。範圍內的盟友恢復等同於1d8 + 施法者的感知調整值點生命值。正義：施法者身上爆發出藍色光芒，向所有人揭示隱藏與隱身的生物。光芒編繪出這些生物的輪廓，持續每施法者等級1輪，他們的潛行檢定受到-20減值。銳刺：施法者身上爆發出紫色光芒，削弱光芒爆發範圍內敵人的法術抗力，降低5點，並持續每施法者等級1輪。保護：施法者身上爆發出琥珀色光芒，光芒爆發範圍內盟友的AC與CMD獲得+2神聖加值，並且在對抗重擊確認攻擊檢定時AC獲得+4加值，持續每施法者等級1輪。純淨：施法者身上爆發出白色光芒，允許光芒爆發範圍內的每名盟友嘗試一次豁免對抗單一效果，並且該次豁免檢定獲得+2神聖加值。堅韌：施法者身上爆發出金色光芒，光芒爆發範圍內的盟友獲得DR 3/魔法或你的審判給予的陣營 (DR 3/magic or the alignment your judgment allows)，持續每施法者等級1輪。抗力：施法者身上爆發出紅銅色光芒，光芒爆發範圍內的盟友獲得5點抗力，對抗審判者施放該法術時審判所防護的能量，持續每施法者等級1輪。重擊：施法者身上爆發出銀色光芒，光芒爆發範圍內盟友的武器在客服傷害減免時被視為魔法，審判者的武器的陣營以及精金，持續每施法者等級1輪。	
Jury-Rig.MOD	OUTPUTNAME:應急措施 (Jury-Rig)	TARGETAREA:.CLEAR	TARGETAREA:一件破損物體，最多每等級2磅	DESC:.CLEAR	DESC:當你施放該法術，你可以將一把武器的碎片凝聚在一起，短時間內消除破損狀態。在這個法術作用下，武器的破損狀態不會被修復，但是在法術持續時間內不會有任何不良影響，就像它完好無損一樣。受術物體不會恢復任何生命值，並且傷害仍然可以摧毀物體。	
Kinetic Reverberation.MOD	OUTPUTNAME:反作用力 (Kinetic Reverberation)	TARGETAREA:.CLEAR	TARGETAREA:接觸到的生物	DESC:.CLEAR	DESC:這個法術會反射受術者造成的近戰攻擊的勢頭和力量，將其作用於攻擊者自己的武器上。當目標做出一次成功的近戰攻擊，攻擊者必須讓其武器做出一次強韌豁免檢定。如果武器豁免失敗，它會受到等於這次近戰攻擊傷害的傷害。使用天生武器或徒手打擊進行攻擊的生物不會受到該法術的影響。	
Languid Bomb Admixture.MOD	OUTPUTNAME:呆滯炸彈添加劑 (Languid Bomb Admixture)	TARGETAREA:.CLEAR	TARGETAREA:自己	DESC:.CLEAR	DESC:通過飲用這個公式製作的化合煉成，使你注入炸彈的魔法產生顯著變化，在該化合煉成的持續時間內製造並投擲的所有普通煉金炸彈的基本性質均被改變。該效果對任何用於改變炸彈性質的科研發現沒有影響，而且同一時間你只能擁有一種添加劑效果 (名稱中帶有「炸彈添加劑」的公式)。如果你飲用另一劑炸彈添加劑，那麼之前生效的炸彈添加劑效果結束，新獲得的效果生效。當你投擲炸彈並且直接命中目標時，炸彈會影響最多4個生物——炸彈並且直接命中的生物外加最多3名受到炸彈濺射傷害的生物身上 (由煉金術師選擇)。這些生物必須成功進行意志豁免檢定，否則將會疲乏。	
Liberating Command.MOD	OUTPUTNAME:脫困指令 (Liberating Command)	TARGETAREA:.CLEAR	TARGETAREA:一名生物	DESC:.CLEAR	DESC:如果目標正被糾纏、擒抱或其他可以進行脫逃檢定的情況，他可以以一個直覺動作立刻進行一次脫逃檢定。在這次檢定中，他獲得兩倍施法者等級 (最大20) 的表現加值。如果目標不能藉由脫逃檢定獲得自由，那麼該法術無效 (例如目標處於人類定身術效果影響下，或由於力量傷害而陷入癱瘓狀態)。	
Life Conduit.MOD	OUTPUTNAME:生命通道 (Life Conduit)	TARGETAREA:.CLEAR	TARGETAREA:自己	DESC:.CLEAR	DESC:你利用生命通道與你的精神嚮導分享生命值。當該法術激活之後，你能夠以迅捷動作在你與你的嚮導間傳遞1d6點生命值，無論是傷害自身治癒精神嚮導，亦或治癒自身傷害精神嚮導均可。如果你的精神嚮導與你之間的距離超過50尺，該法術結束。	
Life Conduit (Greater).MOD	OUTPUTNAME:高等生命通道 (Life Conduit, Greater)	DESC:.CLEAR	DESC:該法術如同生命通道 (Life Conduit) 一般作用，不過你可以以迅捷動作轉移3d6點生命值。	
Life Conduit (Improved).MOD	OUTPUTNAME:進階生命通道 (Life Conduit, Improved)	DESC:.CLEAR	DESC:該法術如同生命通道 (Life Conduit) 一般作用，不過你可以以迅捷動作轉移2d6點生命值。	
Lightning Lash Bomb Admixture.MOD	OUTPUTNAME:電笞炸彈添加劑 (Lightning Lash Bomb Admixture)	TARGETAREA:.CLEAR	TARGETAREA:自己	DESC:.CLEAR	DESC:通過飲用這個公式製作的化合煉成，使你注入炸彈的魔法產生顯著變化，在該化合煉成的持續時間內製造並投擲的所有普通煉金炸彈的基本性質均被改變。該效果對任何用於改變炸彈性質的科研發現沒有影響，而且同一時間你只能擁有一種添加劑效果 (名稱中帶有「炸彈添加劑」的公式)。如果你飲用另一劑炸彈添加劑，那麼之前生效的炸彈添加劑效果結束，新獲得的效果生效。當你投擲炸彈並且直接命中目標時，炸彈會釋放出電荷，凝聚在目標外加最多3名受到炸彈濺射傷害的生物身上 (由煉金術師選擇)。在該效果存續期間，這些被電能影響的生物每當在一次移動動作中移動超過5尺時，就必須成功進行反射豁免，否則將會受到1d6點閃電傷害。該效果無法忽略法術抗力。	
Litany of Defense.MOD	OUTPUTNAME:防禦禱言 (Litany of Defense)	TARGETAREA:.CLEAR	TARGETAREA:自己	DESC:.CLEAR	DESC:通過吟誦一段禱言，你增強了自己的防禦。你護甲上的任何附魔加值增加一倍，並且你免疫恐懼。當受到該法術影響時，目標不能再成為另一種帶有『禱言』關鍵字的法術的目標。	
Litany of Eloquence.MOD	OUTPUTNAME:口才禱言 (Litany of Eloquence)	TARGETAREA:.CLEAR	TARGETAREA:一名生物	DESC:.CLEAR	DESC:你的禱言是如此的迷人而充滿魅力，致使你的目標沉迷於聆聽。目標陷入迷魂狀態。平常而言，顯著的危險會阻止迷魂狀態，而潛在的危險會獲得豁免機會。當受到該法術影響時，目標不能再成為另一種帶有『禱言』關鍵字的法術的目標。	
Litany of Entanglement.MOD	OUTPUTNAME:糾纏禱言 (Litany of Entanglement)	TARGETAREA:.CLEAR	TARGETAREA:一名生物	DESC:.CLEAR	DESC:你的禱言讓能量鎖鏈從地面向上伸出，阻礙目標的移動。目標陷入糾纏狀態。這個法術對飛行中的生物，或沒有站在固體地面上的生物無效。當受到該法術影響時，目標不能再成為另一種帶有『禱言』關鍵字的法術的目標。	
Litany of Escape.MOD	OUTPUTNAME:脫逃禱言 (Litany of Escape)	TARGETAREA:.CLEAR	TARGETAREA:一個被擒抱中的自願生物	DESC:.CLEAR	DESC:隨著一次強力的祈禱，你呼喚出你的神的僕人助你的盟友脫離擒抱。目標立刻脫離擒抱和攫取，並且傳送10尺遠。	
Litany of Madness.MOD	OUTPUTNAME:瘋狂禱言 (Litany of Madness)	TARGETAREA:.CLEAR	TARGETAREA:一名生物	DESC:.CLEAR	DESC:這段禱言是致人瘋狂的布道。目標陷入困惑狀態。在它的每一輪開始時，它可以對這個困惑效果做一次豁免 (DC等於法術DC)。如果它在豁免中失敗，繼續困惑。如果豁免通過，效果結束。當受到該法術影響時，目標不能再成為另一種帶有『禱言』關鍵字的法術的目標。	
Litany of Righteousness.MOD	OUTPUTNAME:正義禱言 (Litany of Righteousness)	TARGETAREA:.CLEAR	TARGETAREA:一名生物	DESC:.CLEAR	DESC:隨著禱言引來的神罰，你讓一個邪惡生物更容易被善良生物攻擊。如果目標是邪惡陣營，它被擁有善良靈光的生物 (擁有該能力的種族類別或者子類別) 攻擊時受到雙倍傷害。如果目標同時擁有邪惡子類別，它被擁有善良靈光的生物攻擊時還會目眩1d4輪。如果目標並非邪惡生物 (或非邪惡的子類別)，不會產生效果，法術被浪費。當受到該法術影響時，目標不能再成為另一種帶有『禱言』關鍵字的法術的目標。	
Litany of Sight.MOD	OUTPUTNAME:視野禱言 (Litany of Sight)	TARGETAREA:.CLEAR	TARGETAREA:自己	DESC:.CLEAR	DESC:這段禱言向你揭示隱藏的物體。你可以看到30尺範圍內隱形的生物和物體。當受到該法術影響時，目標不能再成為另一種帶有『禱言』關鍵字的法術的目標。	
Litany of Sloth.MOD	OUTPUTNAME:怠惰禱言 (Litany of Sloth)	TARGETAREA:.CLEAR	TARGETAREA:一名生物	DESC:.CLEAR	DESC:隨著一次讚頌怠惰的祈禱，你減緩了目標的防禦動作。目標將不能進行藉機攻擊或防禦式施法。當受到該法術影響時，目標不能再成為另一種帶有『禱言』關鍵字的法術的目標。	
Litany of Thunder.MOD	OUTPUTNAME:雷霆禱言 (Litany of Thunder)	TARGETAREA:.CLEAR	TARGETAREA:一名生物	DESC:.CLEAR	DESC:你喚來一道雷霆般的巨響轟炸敵人。目標被震聾直到效果被移除，同時困惑一輪。當受到該法術影響時，目標不能再成為另一種帶有『禱言』關鍵字的法術的目標。	
Litany of Vengeance.MOD	OUTPUTNAME:復仇禱言 (Litany of Vengeance)	TARGETAREA:.CLEAR	TARGETAREA:一名生物	DESC:.CLEAR	DESC:這段禱言會讓你的敵人感受到更加尖銳的痛苦。任何命中該目標的攻擊，傷害都將獲得+5神聖或褻瀆加值 (取決於施法者陣營)。當受到該法術影響時，目標不能再成為另一種帶有『禱言』關鍵字的法術的目標。	
Litany of Warding.MOD	OUTPUTNAME:戒衛禱言 (Litany of Warding)	TARGETAREA:.CLEAR	TARGETAREA:自己	DESC:.CLEAR	DESC:隨著禱言，你變得更加善於抓住機會。你本輪可以進行兩次額外的藉機攻擊。此外，你在對抗藉機攻擊時，AC獲得+2神聖加值。當受到該法術影響時，目標不能再成為另一種帶有『禱言』關鍵字的法術的目標。	
Litany of Weakness.MOD	OUTPUTNAME:虛弱禱言 (Litany of Weakness)	TARGETAREA:.CLEAR	TARGETAREA:一名生物	DESC:.CLEAR	DESC:你的禱言致使目標陷入虛弱，削弱他的力量。目標將會疲乏一輪。當受到該法術影響時，目標不能再成為另一種帶有『禱言』關鍵字的法術的目標。	
Locate Weakness.MOD	OUTPUTNAME:弱點感知 (Locate Weakness)	TARGETAREA:.CLEAR	TARGETAREA:自己	DESC:.CLEAR	DESC:你可以探知敵人的弱點所在，從而讓你造成更大的重擊傷害。當你造成重擊時，投兩次傷害骰 (但是不包括額外傷害骰和精準傷害骰)，並取其中較高的結果。	
Lock Gaze.MOD	OUTPUTNAME:強迫凝視 (Lock Gaze)	TARGETAREA:.CLEAR	TARGETAREA:一名生物	DESC:.CLEAR	DESC:你強迫目標看著並只能看著你的眼睛直到法術效果消失或被解除。在盯著你時，目標將會無視其他所有生物而只注視你，從而使其他生物對它攻擊時視作隱蔽。如果目標主動將視線移離你的眼睛，它將會目盲一輪並且法術結束。如果你主動將視線移離目標生物的眼睛，或是陷入昏迷或死亡，目標則不會受到任何影響。沒有視力和免疫凝視攻擊的生物對該法術免疫。	
Longshot.MOD	OUTPUTNAME:長距射擊 (Longshot)	TARGETAREA:.CLEAR	TARGETAREA:自己	DESC:.CLEAR	DESC:這個法術減少距離的影響，可以讓你使用任何武器進行範圍攻擊時射程增量增加10尺。	
Magic Siege Engine.MOD	OUTPUTNAME:魔化攻城器械 (Magic Siege Engine)	TARGETAREA:.CLEAR	TARGETAREA:接觸到的一台攻城器械	DESC:.CLEAR	DESC:魔化攻城器械法術可以讓間接攻擊的攻城武器更加準確的攻擊，並提供更高傷害。攻城武器獲得+1增強加值在瞄準和傷害骰上。如果本法術施放在一個近戰攻擊的攻城器械上，這個法術視同魔化武器。	
Magic Siege Engine (Greater).MOD	OUTPUTNAME:高等魔化攻城器械 (Magic Siege Engine, Greater)	TARGETAREA:.CLEAR	TARGETAREA:接觸到的一台攻城器械	DESC:.CLEAR	DESC:這個法術工作方式如同魔化攻城器械 (Magic Siege Engine)，不過它能給予間接攻城器械的的瞄準和傷害的增強加值是每4施法者等級+1 (最高+5)。如果被施放在一件近戰攻城器械上，這個法術如同高等魔化武器 (greater magic weapon)。	
Mask Dweomer (Communal).MOD	OUTPUTNAME:共用掩飾魔力 (Mask Dweomer, Communal)	TARGETAREA:.CLEAR	TARGETAREA:接觸到的多名生物或多個物體	DESC:.CLEAR	DESC:該法術如同掩飾魔力 (Mask Dweomer) 一般作用，不過你可以將法術持續時間以1天為單位分給每個接觸到的生物或物體。	
Mind Blank (Communal).MOD	OUTPUTNAME:共用心靈屏障 (Mind Blank, Communal)	TARGETAREA:.CLEAR	TARGETAREA:接觸到的複數生物	DESC:.CLEAR	DESC:這個法術工作方式如同心靈屏障 (Mind Blank)，不過你可以將持續時間以1小時為單位分配給接觸到的複數生物。	
Mirror Strike.MOD	OUTPUTNAME:鏡像打擊 (Mirror Strike)	TARGETAREA:.CLEAR	TARGETAREA:自己	DESC:.CLEAR	DESC:你短暫的改變時間流動，使你的一次近戰攻擊變成兩次攻擊。在你下一次行動結束之前，當你下一次造成近戰攻擊投骰時，你可以同時對抗你觸及範圍內兩個敵人的AC。如果這兩名敵人正在夾擊你，那麼你的攻擊獲得+2加值 (和重擊確認骰，見下文)。如果你同時命中兩個敵人，你可以對他們分別造成一半傷害。如果你只命中一個敵人，則你可以選擇對其造成正常攻擊傷害。如果出現重擊威脅，你可以進行一次重擊確認檢定而同時對兩名敵人進行重擊確認。如果你同時重擊兩者，你分別對他們造成一半重擊傷害。如果你對其中一個成功重擊確認，那麼你的攻擊只會造成普通命中的效果而非重擊。如果直到你下次行動完畢你都沒能使用本法術效果，法術結束。	
Moment of Greatness.MOD	OUTPUTNAME:光榮時刻 (Moment of Greatness)	TARGETAREA:.CLEAR	TARGETAREA:施法者本人，以及50尺半徑爆發範圍內所有施法者的盟友	DESC:.CLEAR	DESC:這個法術將會帶給每個受影響的生物獲得更大成功與榮耀的潛力。如果受影響的生物正從任何類型的士氣加值中受益，那麼他可以在一次擲骰前宣佈使用該法術效果並將檢定中的士氣加值翻倍。一旦受影響的生物使用了該法術的效果，這個目標身上的法術效果結束。	
Mount (Communal).MOD	OUTPUTNAME:共用召喚坐騎 (Mount, Communal)	TARGETAREA:.CLEAR	TARGETAREA:最多6匹坐騎	DESC:.CLEAR	DESC:這個法術工作方式如同召喚坐騎 (Mount)，不過你可以召喚最多6匹輕型馬或矮種馬，然後你可以將法術持續時間以2小時為單位分配給每一隻召喚物。	
Mutagenic Touch.MOD	OUTPUTNAME:突變之觸 (Mutagenic Touch)	TARGETAREA:.CLEAR	TARGETAREA:接觸到的生物	DESC:.CLEAR	DESC:當你正處於你的突變藥劑的影響時，你能夠施放該法術，通過接觸將突變效果安全地傳遞至其他生物身上。你必須進行成功的接觸攻擊對抗目標。命中後，突變藥劑的效果會傳遞至接觸到的目標身上，但是效果會被削弱。突變藥劑的效果不再影響你，你接觸到的生物會接受效果，但是在你製造突變藥劑時所選擇的體能屬性 (physical ability score) 的煉金加值只有一半對目標生效，並且對應的心智屬性 (mental ability score) 會受到雙倍的減值。如果目標的心智屬性降至3以下，那麼目標會在突變藥劑剩餘的持續時間內處於困惑狀態。突變效果會持續至持續時間結束。只要目標飲用或者被餵下一瓶抗毒劑 (Antitoxin)，那麼該狀態也可以提前被結束，但是只有50%%的概率成功。你能夠在飲用強效突變藥劑或者極效突變藥劑科研發現影響下的突變藥劑後施放該法術。若你這麼做，仍舊會將身體屬性的煉金加值的一半與雙倍精神屬性減值傳遞至目標。	
Named Bullet.MOD	OUTPUTNAME:指名狙殺 (Named Bullet)	TARGETAREA:.CLEAR	TARGETAREA:一份彈藥或一把投擲武器	DESC:.CLEAR	DESC:你讓目標彈藥對一個選定的你可以命名的生物或一個生物類別 (對於類人生物和異界生物還須指定亞種) 產生可怕的精準度。在受術彈藥對指定生物使用時，彈藥不會不發火，並且無視掩蔽效果 (除了全掩蔽)，並且在30尺或更短距離內，攻擊視為接觸攻擊。當受術彈藥命中選定生物，你必須克服它的法術抗力 (如果有)，否則法術無效。如果選定生物被正常命中，會直接造成一次重擊威脅，並且造成每施法者等級1點 (最高20) 的額外傷害，這個傷害不會被重擊係數加成。但如果這次命中投骰本身即可造成重擊，那麼額外傷害同樣也按重擊係數翻倍。一旦受術彈藥被用於攻擊選定生物，不管成功與否，法術都解消。	
Named Bullet (Greater).MOD	OUTPUTNAME:高等指名狙殺 (Named Bullet, Greater)	DESC:.CLEAR	DESC:這個法術工作方式如同指名狙殺 (Named Bullet)，但是它會造成每施法者等級2點的額外傷害 (最高40)。	
Negative Reaction.MOD	OUTPUTNAME:忽視存在 (Negative Reaction)	TARGETAREA:.CLEAR	TARGETAREA:一名生物	DESC:.CLEAR	DESC:目標的語言和行動變得不引人注意。受術目標的唬騙、交涉和威嚇以及任何演武檢定都受到-10罰值。	
Nondetection (Communal).MOD	OUTPUTNAME:共用迴避偵測 (Nondetection, Communal)	TARGETAREA:.CLEAR	TARGETAREA:接觸到的複數生物或物體	DESC:.CLEAR	DESC:這個法術工作方式如同迴避偵測 (Nondetection)，但是你可以將持續時間以一小時為單位分配給接觸到的複數生物或物體。	
Obsidian Flow.MOD	OUTPUTNAME:黑曜之流 (Obsidian Flow)	TARGETAREA:.CLEAR	TARGETAREA:20尺半徑爆發範圍	DESC:.CLEAR	DESC:你將範圍內的地面轉化成一層會立刻冷卻的灼熱液態晶體。該區域內的生物受到每兩施法者等級1d6的火焰傷害 (最高10d6)，並且被糾纏 (entangled)。成功的反射檢定可以減半傷害並免於糾纏。被糾纏的生物可以用一個移動動作試圖擺脫，這需要一次力量檢定或脫逃技能檢定 (DC為法術DC)。因為地面上覆蓋著光滑而鋒利的黑曜石碎片，範圍內被視為困難地形，並且範圍內任何特技動作檢定的DC都會增加5。在區域內衝鋒或奔跑需要DC15的特技技能檢定。如果生物在區域內摔倒，會因鋒利的黑曜石碎片而受到1d6點傷害。	
Peacebond.MOD	OUTPUTNAME:和平條令 (Peacebond)	TARGETAREA:.CLEAR	TARGETAREA:一個武器鞘或者投擲武器	DESC:.CLEAR	DESC:你在一把武器鎖在他主人的身上，或者在它的鞘或皮套裡。任何隨後想要嘗試拔取該武器的人，都必須花標準動作進行一個力量檢定 (DC等於法術豁免DC)。不管嘗試成功與否，這都會觸發藉機攻擊。	
Pellet Blast.MOD	OUTPUTNAME:散彈爆發 (Pellet Blast)	TARGETAREA:.CLEAR	TARGETAREA:錐形爆發範圍	DESC:.CLEAR	DESC:這個法術會創造出一波散彈的噴發，攻擊範圍內所有生物，並造成每2施法者等級1d8的穿刺傷害，最高5d8。這個法術會受到傷害減免影響。同時，如果施法材料的散彈是寒鐵 (50GP)、銀 (20GP) 或精金 (100GP) 材質，那麼它可以克服對應類型的傷害減免。當法術被施放完畢並造成傷害後，散彈消失。	
Phantom Chariot.MOD	OUTPUTNAME:魅影戰車 (Phantom Chariot)	TARGETAREA:.CLEAR	TARGETAREA:一輛虛幻的戰車以及拉車馬隊	DESC:.CLEAR	DESC:你創造了一輛虛幻的重型戰車，附贈幾匹似馬的生物用以拉車。 (確切描述可以如你所願的更改)。這輛戰車擁有正常的金屬製重型戰車的一切性質。你或施法時指定的一個人可以駕駛這輛戰車，而戰車最多能搭乘六名乘客 (含駕駛者)。馬隊和車輛都不會發出任何聲音，而馬隊也不會進行戰鬥，不過駕駛者可以如同一輛普通戰車那樣使用它。戰車和馬隊被視為一個單一實體，擁有19點AC (-2體型，+6天生，+5敏捷) 以及10加每施法者等級2點生命值 (最大+50)。如果實體失去所有生命值則會消失，這可能會導致所有乘客摔下來 (算作事故)。參考你的施法者等級，實體可以獲得一些額外的能力，如同魅影駒 (phantom steed) 法術。	
Phantom Driver.MOD	OUTPUTNAME:幻影車伕 (Phantom Driver)	TARGETAREA:.CLEAR	TARGETAREA:一個虛幻的類人生物	DESC:.CLEAR	DESC:你召喚了一個小型或者中型的虛幻類人生物 (你可以定制一些額外的物理特性)。這個創造物可以聽從你的命令駕駛任何車輛。這個幻影生物不會戰鬥，而僅會按收到的命令駕駛畜力車輛。拉車動物會順從幻影車伕並且不會攻擊它。一個小型的車伕擁有20的AC (+1體型，+4天生，+5敏捷)，而中型則有19 (+4天生，+5敏捷)。它有7點加上你的施法者等級的生命值。如果它失去所有生命值，幻影車伕將會消失。幻影車伕擁有30英尺的陸地移動速度，並且所有關於駕駛的技能檢定 (只要是用於駕駛車輛的任何技能) 都等於你的施法者等級加上你的智力調整值。	
Phantom Steed (Communal).MOD	OUTPUTNAME:共用魅影駒 (Phantom Steed, Communal)	TARGETAREA:.CLEAR	TARGETAREA:至多6匹半真實的馬形生物	DESC:.CLEAR	DESC:該法術如同魅影駒 (Phantom Steed) 一般作用，不過你最多能夠召喚6匹，並且以1小時為單位將持續時間分給每匹魅影駒。	
Pilfering Hand.MOD	OUTPUTNAME:第三隻手 (Pilfering Hand)	TARGETAREA:.CLEAR	TARGETAREA:一個物體	DESC:.CLEAR	DESC:你創造並且控制了一股無形的精神力量，可以讓它進行迅敏的行動或是精密的操作，讓你能抓住對手的一件物體或是遠程操作目標。你可以用如下兩種方式利用它：－敏捷動作：你可以立刻對範圍內的目標進行一次卸除武器或是盜竊的戰技嘗試。使用你的施法者等級作為你的戰技加值，加上你的魅力調整值 (詩人、先知、術士) 或智力調整值 (魔戰士、法師) 或感知調整值 (牧師) 取代力量或敏捷加值。這次戰技嘗試不會引發目標的藉機攻擊，不過你的施法動作仍然有可能會引發。如果你成功了，你能把目標武器拽過來，如果你的手空著，你可以握住它。否則，它將會掉落在你的腳下，如同你丟掉了它。－精密操作：你可以進行解除裝置檢定或是為了摸範圍內某人的腰包而進行手上功夫檢定。法術效果將會持續到你的工作完成，並且在檢定結果得出之後法術效果將會立刻結束。如果你的手上功夫檢定成功，你能把目標物體拽過來，如同上述的敏捷動作一樣。目標在發覺你的勾當的察覺檢定上有+2加值。	
Protection from Arrows (Communal).MOD	OUTPUTNAME:共用防護箭矢 (Protection from Arrows, Communal)	TARGETAREA:.CLEAR	TARGETAREA:接觸到的複數生物	DESC:.CLEAR	DESC:這個法術工作方式如同防護箭矢 (Protection from Arrows)，不過你可以以一個小時為單位將持續時間分配給接觸到的複數生物。一旦這個法術為一個目標吸收了每施法者等級10點傷害 (最高100點)，該目標身上的法術效果結束。	
Protection from Chaos (Communal).MOD	OUTPUTNAME:共用防護混亂 (Protection from Chaos, Communal)	TARGETAREA:.CLEAR	TARGETAREA:接觸到的多個生物	DESC:.CLEAR	DESC:這個法術如同防護混亂 (Protection from Chaos) 一樣工作，但你可以把持續時間以1分鐘為單位劃分給多個生物。	
Protection from Energy (Communal).MOD	OUTPUTNAME:共用防護能量傷害 (Protection from Energy, Communal)	TARGETAREA:.CLEAR	TARGETAREA:接觸到的複數生物	DESC:.CLEAR	DESC:這個法術工作方式如同防護能量傷害 (Protection from Energy)，不過你可以以10分鐘為單位將持續時間分配給接觸到的複數生物。每當法術為一個目標吸收了每施法者等級12點傷害 (最高120點)，該目標身上的法術效果結束。	
Protection from Evil (Communal).MOD	OUTPUTNAME:共用防護邪惡 (Protection from Evil, Communal)	TARGETAREA:.CLEAR	TARGETAREA:接觸到的多個生物	DESC:.CLEAR	DESC:這個法術如同防護邪惡 (Protection from Evil) 一樣工作，但你可以把持續時間以1分鐘為單位劃分給多個生物。	
Protection from Good (Communal).MOD	OUTPUTNAME:共用防護善良 (Protection from Good, Communal)	TARGETAREA:.CLEAR	TARGETAREA:接觸到的多個生物	DESC:.CLEAR	DESC:這個法術如同防護善良 (Protection from Good) 一樣工作，但你可以把持續時間以1分鐘為單位劃分給多個生物。	
Protection from Law (Communal).MOD	OUTPUTNAME:共用防護守序 (Protection from Law, Communal)	TARGETAREA:.CLEAR	TARGETAREA:接觸到的多個生物	DESC:.CLEAR	DESC:這個法術如同防護守序 (Protection from Law) 一樣工作，但你可以把持續時間以1分鐘為單位劃分給多個生物。	
Pup Shape.MOD	OUTPUTNAME:動物萌化 (Pup Shape)	TARGETAREA:.CLEAR	TARGETAREA:一隻動物或魔法獸	DESC:.CLEAR	DESC:你將目標生物變形為一隻小型魔法獸，在魔法的短暫持續時間中被視為它的幼年加上魔法獸模板。在這種形態下，目標只擁有一個HD (取滿)，力量、體質、智力和感知都獲得-4罰值 (最小為1)。目標生物同時獲得+4敏捷的體型加值和+2天生護甲。任何試圖攻擊這種形態下的目標的生物，都必須進行一次意志檢定 (使用本法術DC)，以克服內心中對於傷害年幼無辜小生命的罪惡和內疚感。如果豁免失敗，此次攻擊失敗並且動作並浪費，並且在法術剩餘持續時間中都不能攻擊或使用法術傷害受術生物。法術的這部分效果是一個影響心靈的效果。邪惡陣營的生物可以沒有任何顧慮的傷害受術生物。此外，一些性質特殊的生物可能以他們自己的方式使目標生物受到傷害。	
Qualm.MOD	OUTPUTNAME:顧慮重重 (Qualm)	TARGETAREA:.CLEAR	TARGETAREA:一名生物	DESC:.CLEAR	DESC:目標會突然開始懷疑自己行為的意義和事業的正當性並為止所困擾。這會使目標的屬性檢定、技能檢定和專注檢定上獲得-10罰值，這會持續到法術時間結束，或直到它花費一整個回合什麼都不做 (事實上它花了一整個回合來重新集中精神)。在花費一整輪之後，該法術效果結束。	
Recoil Fire.MOD	OUTPUTNAME:擦槍走火 (Recoil Fire)	TARGETAREA:.CLEAR	TARGETAREA:一把火器	DESC:.CLEAR	DESC:目標火器會如同有自我意識一樣突然走火發射，就算它壓根沒有裝填彈藥。這次發射會造成巨大的後坐力，以至於持有者必須緊緊抓住不放，這會導致他直到下次行動前一直處於措手不及狀態。如果持有者已經措手不及，他則會摔倒。同時，如果目標火器已經裝填了彈藥，該彈藥被浪費。	
Reinforce Armaments.MOD	OUTPUTNAME:強固武裝 (Reinforce Armaments)	TARGETAREA:.CLEAR	TARGETAREA:接觸到的一套盔甲或一件武器	DESC:.CLEAR	DESC:你強化了一件武器或盔甲以提升它的品質或者彌補它的脆弱。你所接觸到的一件※易碎的盔甲或武器，在法術持續時間內不再擁有易碎特徵。而一件普通的盔甲或武器在法術持續時間內將被視為精製品，並且硬度將翻倍。如果法術被施放在精製品或附魔的盔甲或武器上，在法術持續時間內硬度翻倍。	
Reinforce Armaments (Communal).MOD	OUTPUTNAME:共用強固武裝 (Reinforce Armaments, Communal)	TARGETAREA:.CLEAR	TARGETAREA:接觸到的複數武器或盔甲	DESC:.CLEAR	DESC:這個法術工作方式如同強固武裝 (Reinforce Armaments)，不過你可以將持續時間以10分鐘為單位分配給複數物體。	
Reloading Hands.MOD	OUTPUTNAME:自動裝填 (Reloading Hands)	TARGETAREA:.CLEAR	TARGETAREA:接觸到的投射武器	DESC:.CLEAR	DESC:每輪一次，一隻幻影之手都會給一把遠程武器或火器裝填咒法彈藥。這種彈藥克服傷害減免時視為魔法武器，並且能夠傷害虛體生物，不過其屬性仍然是正常類型。 (一顆普通子彈或散彈，或火器裡的黑火藥)咒法彈藥在離開武器一輪後消失，或者在法術效果結束時消失，取決於哪個在先。	
Resinous Skin.MOD	OUTPUTNAME:樹脂皮膚 (Resinous Skin)	TARGETAREA:.CLEAR	TARGETAREA:自己	DESC:.CLEAR	DESC:你用樹脂包裹自己的身體，使你免於攻擊並且粘住攻擊你的武器。你獲得DR5/穿刺，對抗繳械的CMD和使你會丟失手裡抓著的道具的豁免檢定+4。此外，你的擒抱、保持擒抱和壓制敵人的戰技檢定獲得+2表現加值。任何被你擒抱的敵人在試圖打破擒抱和使用脫逃技能檢定逃離擒抱時都有-2罰值。任何武器在命中你之後都會被粘住，除非持有者通過一次反射檢定。這種武器可以在一個成功的力量檢定 (DC為本法術DC) 後從你身上扯離。徒手打擊和天生武器不受這項效果的影響。	
Resist Energy (Communal).MOD	OUTPUTNAME:共用抵抗能量傷害 (Resist Energy, Communal)	TARGETAREA:.CLEAR	TARGETAREA:接觸到的複數生物	DESC:.CLEAR	DESC:這個法術的工作方式如同抵抗能量傷害 (resist energy)，不過你可以將持續時間以10分鐘為單位分配給接觸到的複數生物。	
Returning Weapon.MOD	OUTPUTNAME:回力武器 (Returning Weapon)	TARGETAREA:.CLEAR	TARGETAREA:一把可供投擲的武器	DESC:.CLEAR	DESC:在持續時間之內，目標武器可以如同擁有回力武器特性。該法術可以作為需要回力武器的特殊能力的前提。	
Returning Weapon (Communal).MOD	OUTPUTNAME:共用回力武器 (Returning Weapon, Communal)	TARGETAREA:.CLEAR	TARGETAREA:接觸到的複數武器	DESC:.CLEAR	DESC:這個法術工作方式如同回力武器 (Returning Weapon)，但你可以把持續時間以1分鐘為單位劃分給多把武器。	
Ricochet Shot.MOD	OUTPUTNAME:一箭雙鵰 (Ricochet Shot)	TARGETAREA:.CLEAR	TARGETAREA:一把投射武器	DESC:.CLEAR	DESC:你給一把投射武器附魔，使它能夠在彈藥命中一個目標時用跳彈波及到另一個目標。當受術武器的持有者進行發射時，她需要選擇一個主要目標。如果她命中了主要目標，彈藥會彈跳而非被摧毀。這時持有者可以再選擇一個離主要目標距離不超過20英尺的次要目標。她對次要目標也進行一次與之前相同的攻擊加值的投骰，但是不會從附魔加值和附魔彈藥上獲得加成。如果這次射擊來自一把火器，跳彈的目標將會使用正常AC而非接觸AC。在法術持續時間內，你的每3個施法者等級可以讓受術武器多發射一次跳彈，最多18級時6次。一旦受術武器進行了足夠多次的攻擊，法術被解除。如果法術持續時間結束仍有跳彈次數未被消耗，這些次數被浪費掉。	
See Alignment.MOD	OUTPUTNAME:檢視陣營 (See Alignment)	TARGETAREA:.CLEAR	TARGETAREA:自己	DESC:.CLEAR	DESC:當你施放這個法術，你選擇一個單獨的陣營 (例如守序善良或混亂邪惡)。所有符合你所選擇陣營的生物，在你的視野中都會發出朦朧的光亮。只有你能看到這些光亮，其他生物都不能。能夠掩飾陣營的法術和效果，如隱匿陣營 (Undetectable Alignment)，同樣可以屏蔽這個法術的效果。	
Shadow Bomb Admixture.MOD	OUTPUTNAME:暗影炸彈添加劑 (Shadow Bomb Admixture)	TARGETAREA:.CLEAR	TARGETAREA:自己	DESC:.CLEAR	DESC:通過飲用這個公式製作的化合煉成，使你注入炸彈的魔法產生顯著變化，在該化合煉成的持續時間內製造並投擲的所有普通煉金炸彈的基本性質均被改變。該效果對任何用於改變炸彈性質的科研發現沒有影響，而且同一時間你只能擁有一種添加劑效果 (名稱中帶有「炸彈添加劑」的公式)。如果你飲用另一劑炸彈添加劑，那麼之前生效的炸彈添加劑效果結束，新獲得的效果生效。當你投擲炸彈並且直接命中目標時，暗影物質會從炸彈中釋放出來，並覆蓋目標外加最多3名受到炸彈濺射傷害的生物 (由煉金術師選擇)。受影響的生物必須成功通過強韌豁免檢定，否則在暗影炸彈添加劑存續期間內獲得隱蔽並視所有其他生物處於隱蔽 (concealment) 狀態。該效果無法忽略法術抗力。	
Share Language (Communal).MOD	OUTPUTNAME:共用共享語言 (Share Language, Communal)	TARGETAREA:.CLEAR	TARGETAREA:接觸到的複數生物	DESC:.CLEAR	DESC:這個法術工作方式如同共享語言 (Share Language)，但你可以將持續時間以一小時為單位分配給接觸到的複數生物。	
Shock Shield.MOD	OUTPUTNAME:衝擊屏障 (Shock Shield)	TARGETAREA:.CLEAR	TARGETAREA:自己	DESC:.CLEAR	DESC:這個法術會創造一塊無形的盾牌，和護盾術類似但是不如它強力。這塊盾牌會懸浮在你面前並阻擋魔法飛彈攻擊。盾牌為你提供AC+2的護盾加值。此加值適用於虛體的接觸攻擊。在任何時候，以一個自由動作，你可以解消你的盾牌，讓它爆炸並對你周圍5尺範圍內的生物造成1d6點電擊傷害 (反射減半)。	
Shocking Image.MOD	OUTPUTNAME:幻影爆碎 (Shocking Image)	TARGETAREA:.CLEAR	TARGETAREA:自己	DESC:.CLEAR	DESC:這個法術工作方式如同鏡影術 (mirror image)，但是複製於你本人的幻影在被摧毀時將造成電擊傷害。當一個敵人使用近戰攻擊摧毀了一個幻影時將會受到2d6點電擊傷害。如果敵人有法術抗力，在他第一次受到傷害前你必須克服他的法術抗力。如果失敗，本次法術完全不會對其造成傷害。	
Siege of Trees.MOD	OUTPUTNAME:爭戰林木 (Siege of Trees)	TARGETAREA:.CLEAR	TARGETAREA:每3個施法者等級1株大型植物	DESC:.CLEAR	DESC:你賦予那些無生氣的植物有限的行動力以及虛假的生命。每株植物均被視為輕型投石機 (light catapult) 直至法術持續時間結束為止。在它們初次投射之前，以及每當你在初次瞄準後希望這些樹對新的目標開火時，你必須花費標準動作使每一個樹形投石機進行瞄準 (you must spend a standard action to aim each of these tree catapults)。你能夠以自由動作命令一個或全部植物遵從你的命令停止開火。你不需要為這些樹形投石機提供彈藥；它們會自行裝填所在區域的岩石或巨礫，如果需要的話會從地下深處挖掘彈藥。如果你願意的話也可以給這些樹提供彈藥。這些樹無法裝填燃燒的彈藥 (flaming ammunition)，並且如果你在施放能量炮擊 (energy siege shot) 時選擇火焰能量則無法影響這些樹。	
Siege of Trees (Greater).MOD	OUTPUTNAME:高等爭戰林木 (Siege of Trees, Greater)	TARGETAREA:.CLEAR	TARGETAREA:每3個施法者等級一株巨型，超大型或大型植物	DESC:.CLEAR	DESC:如同爭戰林木 (siege of trees)，但是你能夠影響更大體型的植物。每株植物視同等同於其體型的投石機 (catapult)。	
Spell Immunity (Communal).MOD	OUTPUTNAME:共用法術免疫 (Spell Immunity, Communal)	TARGETAREA:.CLEAR	TARGETAREA:接觸到的複數生物	DESC:.CLEAR	DESC:這個法術工作方式如同法術免疫 (Spelmmunity)，不過你可以將持續時間以10分鐘為單位分配給接觸到的複數生物。	
Spell Immunity (Greater/Communal).MOD	OUTPUTNAME:共用高等法術免疫 (Spell Immunity, Greater/Communal)	TARGETAREA:.CLEAR	TARGETAREA:接觸到的複數生物	DESC:.CLEAR	DESC:這個法術工作方式如同高等法術免疫 (Spelmmunity, Greater)，不過你可以將持續時間以10分鐘為單位分配給接觸到的複數生物。	
Spider Climb (Communal).MOD	OUTPUTNAME:共用蛛行術 (Spider Climb, Communal)	TARGETAREA:.CLEAR	TARGETAREA:接觸到的複數生物	DESC:.CLEAR	DESC:這個法術工作方式如同蛛行術 (Spider Climb)，不過你可以將持續時間以10分鐘為單位分配給接觸到的複數生物。	
Spontaneous Immolation.MOD	OUTPUTNAME:獻祭 (Spontaneous Immolation)	TARGETAREA:.CLEAR	TARGETAREA:一名生物	DESC:.CLEAR	DESC:你伸出手指向一個生物，使其開始燃燒。目標受到3d6點火焰傷害並且被點燃。成功的強韌檢定可以減半傷害並免於點燃。每當輪到你行動，一個點燃的目標可以進行一次新的反射豁免檢定以試圖熄滅火焰 (DC等於法術DC)，否則再次受到1d6火焰傷害。	
Stabilize Powder.MOD	OUTPUTNAME:火藥穩定 (Stabilize Powder)	TARGETAREA:.CLEAR	TARGETAREA:一把裝填過的火器	DESC:.CLEAR	DESC:這個法術讓正裝填在目標火器裡的火藥變得更穩定而不容易不發火。當目標火器使用當前裝填的彈藥時，不發火範圍降低1加上每施法者等級1點 (最高+5，最多降低到0)。	
Stoneskin (Communal).MOD	OUTPUTNAME:共用石膚術 (Stoneskin, Communal)	TARGETAREA:.CLEAR	TARGETAREA:接觸到的生物	DESC:.CLEAR	DESC:這個法術工作方式如同石膚術 (stoneskin)，不過你可以將持續時間以10分鐘為單位分配給接觸到的複數生物。一旦這個法術為一個生物吸收了每施法者等級10點傷害 (最高150)，該生物身上的法術效果結束。	
Summoner Conduit.MOD	OUTPUTNAME:靈魂連接 (Summoner Conduit)	TARGETAREA:.CLEAR	TARGETAREA:一個召喚生物或一個精神嚮導	DESC:.CLEAR	DESC:你可以利用召喚生物和召喚者之間那無形而神秘的聯繫來傷害召喚者。每當目標召喚生物成為一個傷害法術的目標，它的召喚者也會同時被認為是法術的目標。這種情況下召喚者可以正常對法術進行防禦，例如豁免和法術抗力。另外，如果他存在於另一個位面，該法術不會對他造成影響。	
Sun Metal.MOD	OUTPUTNAME:陽炎武器 (Sun Metal)	TARGETAREA:.CLEAR	TARGETAREA:一把近戰武器	DESC:.CLEAR	DESC:你讓一把武器被火焰包裹，但它不會傷害到武器本身和持有者，而是傷害被擊中的目標。當持有者用這把武器命中時，它造成額外的1d4點火焰傷害。這些傷害不會在重擊中翻倍。如果武器被浸沒在水中，法術效果立刻結束。法術效果不會和火焰或焰爆武器特效，或任何使武器獲得額外火焰傷害的效果疊加。同時，它也不會在擁有凍寒或冰爆武器等產生額外寒冷傷害的效果的武器上生效。	
Symbol of Striking.MOD	OUTPUTNAME:打擊徽記 (Symbol of Striking)	DESC:.CLEAR	DESC:這個法術工作方式類似死亡徽記 (symbol of death)，不過通過消耗掉法術材料，你繪製了一個覆蓋五尺面積的徽記。一旦觸發，打擊徽記會發出醒目的光並且持續活動每施法者等級10分鐘，或直到其進行了等於你施法者等級次的藉機攻擊，以先到的為準。觸發後，徽記的威脅範圍是它本身範圍以及附近區域，如同一個中型生物，裝備有你消耗的法術材料裡的武器的魔法武器版。使用你的施法者等級加1加上你的智力調整值 (魔戰士、女巫、法師) 或感知調整值 (牧師) 或魅力調整值 (先知、術士) 作為攻擊加值，徽記可以每輪進行1加上前述相關調整值次的藉機攻擊。它的傷害值也會加上前述的相關屬性調整值。一個形態與你一樣的陰影將會揮舞武器進行攻擊。徽記會對任何範圍內沒有與其進行同調 (見死亡徽記) 的生物進行任何可能的藉機攻擊。不過，當徽記首次攻擊一個生物，徽記必須穿透生物的法術抗力才能傷害它。徽記不會多次攻擊同一生物。此外，當徽記首次命中一個生物，一個成功的豁免檢定可以看穿這次攻擊的陰影本質並且只受到一半傷害。	
Tactical Acumen.MOD	OUTPUTNAME:戰術敏銳 (Tactical Acumen)	TARGETAREA:.CLEAR	TARGETAREA:施放者以及以施法者為中心30尺半徑爆發範圍內的所有盟友	DESC:.CLEAR	DESC:戰術敏銳可以給予你和你的盟友掌控戰場的戰術能力。每當你的攻擊骰和AC在戰場陣型和地形上獲得加值——如夾擊、居高臨下、遮蔽——時，你獲得額外+1的洞察加值。此加值在5級以後，每5施法者等級多+1 (最高+4)。	
Tar Pool.MOD	OUTPUTNAME:瀝青池 (Tar Pool)	TARGETAREA:.CLEAR	TARGETAREA:20尺爆發範圍	DESC:.CLEAR	DESC:你將地面轉化為滾燙的瀝青。範圍內的生物會受到每兩施法者等級1d6的火焰傷害 (最高10d6)，並且必須通過反射檢定否則陷入糾纏狀態 (entangled)。一個被糾纏的生物可以每輪進行一次豁免檢定使自己從瀝青中脫身，也可以消耗一個移動動作來進行力量檢定或脫逃技能檢定 (DC為法術豁免DC)。進入一個受影響的方格需要消費兩格的移動能力，並且範圍內任何特技動作檢定DC都會上升5。整個區域都被視為困難地形。任何進入或在範圍內開始行動的生物都會受到2d6點火焰傷害，並且必須立刻重新進行反射檢定，否則陷入糾纏。在法術範圍內倒地的生物的反射豁免檢定和脫逃技能檢定有-4罰值。從瀝青中逃出的生物仍然會繼續受到火焰傷害，除非法術持續時間結束或使用一個整輪動作清除身上的瀝青。一個身上糊著瀝青的生物的特技動作和使用翅膀或者類似構造飛行的飛行技能檢定都有-4罰值。	
Targeted Bomb Admixture.MOD	OUTPUTNAME:精確炸彈添加劑 (Targeted Bomb Admixture)	TARGETAREA:.CLEAR	TARGETAREA:自己	DESC:.CLEAR	DESC:通過飲用這個公式製作的化合煉成，使你注入炸彈的魔法產生顯著變化，在該化合煉成的持續時間內製造並投擲的所有普通煉金炸彈的基本性質均被改變。該效果對任何用於改變炸彈性質的科研發現沒有影響，而且同一時間你只能擁有一種添加劑效果 (名稱中帶有「炸彈添加劑」的公式)。如果你飲用另一劑炸彈添加劑，那麼之前生效的炸彈添加劑效果結束，新獲得的效果生效。當你投擲炸彈時，它只會攻擊直接命中的目標；不會造成濺射傷害。不過炸彈造成的傷害為基礎傷害加上你的智力調整值的雙倍加值，而非原本的基本傷害加上你的智力調整值。	
Telekinetic Assembly.MOD	OUTPUTNAME:念動拼裝 (Telekinetic Assembly)	TARGETAREA:.CLEAR	TARGETAREA:一台分解的攻城器械	DESC:.CLEAR	DESC:每二施法者等級你便可以少用一個工人進行攻城器械組裝。如果你在知識 (工程學) 上擁有任意等級，你可以再少用一個工人，加上每5點技能等級再少用一個。如果算上你的施法者等級和知識 (工程學) 之後人手仍然不足，法術失敗。	
Telekinetic Charge.MOD	OUTPUTNAME:念動衝鋒 (Telekinetic Charge)	TARGETAREA:.CLEAR	TARGETAREA:一個自願生物	DESC:.CLEAR	DESC:你用心靈傳動的力量為法術範圍內任何地點的一位盟友提供移動。當移動時，除非你不想，不然你的盟友將會在稍稍高於地面的地方懸浮。這個法術會正常觸發藉機攻擊，但是你可以控制你的盟友繞過或遠離敵人的觸及範圍，但是你的盟友必須全程處於法術範圍之內。如果你的盟友在移動結束時剛好與一個對手相鄰，它可以立刻以一個直覺動作對其發起一次攻擊，並且攻擊骰有+2加值。	
Terrain Bond.MOD	OUTPUTNAME:地形聯結 (Terrain Bond)	TARGETAREA:.CLEAR	TARGETAREA:自己	DESC:.CLEAR	DESC:你召喚出自然的精魂幫助你適應周圍的環境。在法術持續時間結束之前，你將你當前所處的地形視為最偏好的地形 (most favored terrain)。如果你沒有偏好地形職業能力則無法從該法術獲得任何優勢。	
Thunder Fire.MOD	OUTPUTNAME:雷鳴槍擊 (Thunder Fire)	TARGETAREA:.CLEAR	TARGETAREA:一把裝填火器	DESC:.CLEAR	DESC:目標武器會發出一次雷鳴般的槍聲，即使它並未裝填。目標武器持有者或攜帶者附近15尺以內的生物必須進行一次強韌檢定，否則耳聾一分鐘。持有或攜帶者在這次豁免檢定中有-4罰值，並且在1d4輪內該槍支的不發火範圍增加1。如果目標武器已被裝填彈藥，彈藥被浪費。	
Tongues (Communal).MOD	OUTPUTNAME:共用巧言術 (Tongues, Communal)	TARGETAREA:.CLEAR	TARGETAREA:接觸到的複數生物	DESC:.CLEAR	DESC:這個法術工作方式如同巧言術 (Tongues)，不過你可以將持續時間以10分鐘為單位分配給接觸到的複數生物。	
Touch Injection.MOD	OUTPUTNAME:接觸注射 (Touch Injection)	DESC:.CLEAR	DESC:在施放該法術時，你必須手持一瓶灌注化合煉成 (infused extract)，靈藥 (elixir)，毒素 (poison) 或藥水 (potion)。這些液體會在施法後從瓶中轉移到你身體裡一個魔法形成的囊中。在法術持續時間中，你可以單靠接觸就提供這些物質。要對目標生效，你必須進行一次成功的近戰接觸攻擊。如果命中，液體會立刻生效 (潛伏期無效)，並且對方需要正常進行對應的豁免檢定 (如果有)。如果攻擊失敗，液體會繼續儲存在魔法囊中，稍後仍可繼續使用。這個法術不會讓你被囊中的毒液傷害，不過如果你沒有『用毒』的職業特性，在最初施放該法術時候你有5%%的幾率讓自己中毒。同時，在你嘗試給對方注入毒液的接觸攻擊中如果擲出1，你也會中毒。	
Twisted Space.MOD	OUTPUTNAME:扭曲空間 (Twisted Space)	TARGETAREA:.CLEAR	TARGETAREA:一名生物	DESC:.CLEAR	DESC:你扭曲了目標生物周圍的空間，使其近戰攻擊的路徑變得不可預知，不過總是向著目標威脅範圍內的生物而去。在你下一輪行動開始之前，目標生物造成的所有近戰攻擊都不會直接命中目標而是會命中一個隨機目標。	
Unerring Weapon.MOD	OUTPUTNAME:精準武器 (Unerring Weapon)	TARGETAREA:.CLEAR	TARGETAREA:一把武器或20發彈藥，必須在施放時聚在一起	DESC:.CLEAR	DESC:這個法術讓武器可以自動尋找敵人的弱點，提高重擊的效果。這個變化會讓使用該武器確認重擊的攻擊檢定獲得+2加值，每4施法者等級增加1點 (最高7)。如果法術被施放在彈藥上，每一發彈藥上的法術效果會在進行攻擊後消失，而無論該次攻擊是否命中。在這個法術中，手裡劍算作彈藥類別。	
Viper Bomb Admixture.MOD	OUTPUTNAME:毒蛇炸彈添加劑 (Viper Bomb Admixture)	TARGETAREA:.CLEAR	TARGETAREA:自己	DESC:.CLEAR	DESC:通過飲用這個公式製作的化合煉成，使你注入炸彈的魔法產生顯著變化，在該化合煉成的持續時間內製造並投擲的所有普通煉金炸彈的基本性質均被改變。該效果對任何用於改變炸彈性質的科研發現沒有影響，而且同一時間你只能擁有一種添加劑效果 (名稱中帶有「炸彈添加劑」的公式)。如果你飲用另一劑炸彈添加劑，那麼之前生效的炸彈添加劑效果結束，新獲得的效果生效。當你投擲炸彈並且直接命中目標時，炸彈會釋放出最多4條毒蛇。其中一條攻擊直接命中的目標，最多3名受到炸彈濺射傷害的生物受到其他毒蛇的攻擊。毒蛇會進行近戰接觸攻擊 (使用你的基本攻擊加值 + 智力調整值) 並在成功命中後造成1d4 + 你的智力調整值點傷害，同時目標會如同被毒蛇 (venomous snake，Bestiary 1怪物) 咬到一般中毒。無論命中與否，召喚出的毒蛇會在進行攻擊後消失。召喚出的毒蛇不會受到你投擲的炸彈傷害或影響。	
Walk through Space.MOD	OUTPUTNAME:空間跨步 (Walk through Space)	TARGETAREA:.CLEAR	TARGETAREA:自己	DESC:.CLEAR	DESC:當你身處該法術效果下，你可以以一個移動動作傳送最多30尺遠。你必須在一個你視野內的未被佔據的可站立的方格內結束這次移動。此外，你還可以花費一個移動動作從倒地狀態回復站立。傳送不會引發藉機攻擊。	
Warding Weapon.MOD	OUTPUTNAME:戒衛武器 (Warding Weapon)	TARGETAREA:.CLEAR	TARGETAREA:自己	DESC:.CLEAR	DESC:作為施法器材的武器將會飛到你的頭頂並且在你的方格協助你進行防禦。它會如同一個受過訓練的人持有一樣面對敵方，並且招架和打偏針對你的近戰攻擊，不過不會進行任何攻擊和造成任何傷害。武器只能以防禦的方式工作。當它保護你時，你可以在不觸發藉機攻擊的情況下施放法術而無需進行防禦式施法。擁有擾亂施法 (Disruptive) 專長的生物可以輕鬆的突破該法術的防禦。即使你在本法術影響之下，你在它的威脅範圍內進行正常施法會如常引發藉機攻擊，不過你還是可以選擇進行防禦式施法以避免藉機攻擊。	
Water Walk (Communal).MOD	OUTPUTNAME:共用水上行走 (Water Walk, Communal)	TARGETAREA:.CLEAR	TARGETAREA:接觸到的複數生物	DESC:.CLEAR	DESC:這個法術工作方式如同水上行走 (water walk)，不過你可以將持續時間以10分鐘為單位分配給接觸到的複數生物。	
Weaken Powder.MOD	OUTPUTNAME:弱化火藥 (Weaken Powder)	TARGETAREA:.CLEAR	TARGETAREA:一把已裝填的火器	DESC:.CLEAR	DESC:目標火器內的彈藥在發射時的爆炸推進力會被顯著的減弱。當這一發彈藥被發射時，火器的射程增量減半，並且傷害骰有-2罰值。如果目標武器的使用者在使用受術彈藥開火之前就知道這種法術的效果 (DC16的法術辨識或者類似效果以鑒定出該法術)，那麼火器使用者可以使用一個標準動作來將彈藥退膛清除。這麼做會摧毀這發彈藥。	
Wilderness Soldiers.MOD	OUTPUTNAME:荒野兵團 (Wilderness Soldiers)	TARGETAREA:.CLEAR	TARGETAREA:以你為中心，30尺半徑瀰漫範圍	DESC:.CLEAR	DESC:你能夠在戰鬥中呼喚附近的植物幫助你。如果在該區域範圍內沒有植物供你指揮，那麼該法術無效。每當到你的回合時，你可以以迅捷動作和/或標準動作命令進行下列攻擊之一。這些攻擊的攻擊加值或CMB等同於你的基本攻擊加值 + 你的感知調整值。由於該法術造成的傷害檢定，每3個施法者等級會獲得+1加值 (最高+5)。你的荒野兵團不會引發藉機攻擊，也不能用於作為盟友進行夾擊或者其他用途。－樹木：樹木可以用它的樹幹進行10尺觸及的近戰攻擊。命中造成等同於1d8 + 你的感知調整值點傷害。樹木可以以相同的觸及進行衝撞，拖行或復位戰技，但是樹木本身無法移動。－灌木或綠籬：它們視為中型生物，一個方格內的灌木或綠籬能夠對正處於或者接鄰該方格的生物進行擒抱戰技。茂密灌木 (Heavy undergrowth) 的CMD獲得+2加值。灌木無法挪動被擒抱或壓制的敵人，但是能夠通過對被擒抱的敵人進行成功的擒抱檢定造成1d4 + 你的感知調整值點傷害。灌木的CMD為5 + 它的CMB。如果你未能指示灌木維持擒抱，那麼它會施放敵人。	
Wreath of Blades.MOD	OUTPUTNAME:劍刃花環 (Wreath of Blades)	TARGETAREA:.CLEAR	TARGETAREA:自己	DESC:.CLEAR	DESC:作為法術器材的匕首將獲得致命的鋒利度，活化並在你的身邊自動盤旋，在你身邊製造一個5英尺半徑的致命的秘銀劍刃漩渦。任何生物，如果在輪到它行動時身處劍刃漩渦之中，都會受到每兩施法者等級1d4點 (最大20級10d4) 點傷害，這個傷害可以穿透DR/銀。此外，匕首可以像戒衛武器 (Warding Weapon) 一樣為你防禦一部分攻擊。不過，在法術效果持續中，即使是擁有擾亂施法專長的生物也無法在你施法時進行藉機攻擊。擁有破法者 (Spellbreaker) 專長的生物可以輕鬆繞過該法術效果，不過會受到法術造成的傷害。你施法時 (或者防禦式施法失敗時) 仍然會觸發這個生物的藉機攻擊。此外，作為法術器材的劍刃可以進行加強。如果所有的匕首都擁有同樣的增強加值和武器特殊能力，被該法術傷害的生物會如同被武器之一直接傷害。例如：如果一個12級的魔戰士施放該法術時使用了四把+1凍寒秘銀匕首作為器材，那麼只要匕首上的凍寒效果還在生效，法術造成的傷害將會是6d4+1加上1d6點寒冷傷害。不管作為器材的武器經過了怎樣的修改，它們在該法術施放時總是被視為正常的秘銀匕首。其他類型的武器不能作為該法術的器材。	
