CATEGORY=Special Ability|Summoner ~ Cantrips.MOD	OUTPUTNAME:戲法（Cantrips）	DESC:.CLEAR	DESC:召喚師能夠學習一些戲法，或者說0環法術，如同上表中所示。這些法術的施展如同其他任何法術，但它們不會在施展的時候消耗掉，並且可以被再次使用。但當你在戲法上運用超魔專長時，法術位將如常消耗。	
CATEGORY=Special Ability|Summoner ~ Eidolon.MOD	OUTPUTNAME:幻靈（Eidolon）	DESC:.CLEAR	DESC:召喚師一開始便具有召喚一名強大異界生物隨侍的能力。幻靈的型態取決於與召喚師的連結，一旦確定，從此之後幻靈將以相同的生物型態出現。幻靈的陣營與召喚師相同。幻靈通常視為召喚生物，除了在他生命被降到低於負的體質值之前他不會被送回原屬位面。此外，基於它與召喚師的連結，幻靈可以如常觸碰或攻擊那些有『防護邪惡』或類似阻止召喚生物接觸的法術效果的生物。召喚幻靈的儀式耗時1分鐘。由這種方式召喚來的時候，幻靈保持在上一次遣返時的生命點數，除非它是被殺死的；被殺死的幻靈重新召喚後將具有最大生命值的一半。幻靈會留到召喚師用一個標準動作遣返它。如果幻靈因為生命損傷而被送回原屬位面，接下來的一天內將不能召喚它。幻靈不能藉由『解除魔法』被送回，但是『驅逐術（Dismissal）』、『放逐術（Banishment）』仍如常運作。幻靈的基本型態如同召喚師希望。幻靈的生命骰、豁免、技能、專長、以及能力隨召喚師等級提升。此外，依據召喚師等級，每名幻靈會獲得一個進化點數池，可以用來賦予幻靈不同的特殊能力與力量。每次召喚師提升等級時，可以重新決定如何使用這些進化點數來強化他的幻靈。幻靈的物理外表隨召喚師喜歡，但是總是與某些類型的幻想生物相似。但這無法精細到足以讓幻靈模仿特定生物。當幻靈被召喚後，一個熠熠生輝的符文同時會出現在幻靈與召喚師的前額。這個符文可以用一般的方法掩蓋，但即使是魔法變形也無法隱藏它（隱形或類似的效果可以讓它暫時消失）。	
CATEGORY=Special Ability|Summoner ~ Life link.MOD	OUTPUTNAME:生命連結（Life link）	DESC:.CLEAR	DESC:從1級開始，召喚師與他的幻靈間建立了密切的連結。當幻靈受到足以將他生命降到零以下的傷害時，召喚師可以用一個自由動作犧牲任何數量的生命值來回復幻靈受到的傷害。每犧牲1點生命值便可以回復幻靈1點傷害，這能使幻靈免於被遣返。此外，當幻靈距離召喚師超過100尺時，幻靈的生命力會減弱。距離100尺以外、1000尺以內時，幻靈的最大生命值減半。當距離超過1000尺而在10000尺以內，幻靈的最大生命值下降至1/4。如果幻靈與召喚師距離超過10000尺，它會立刻返回原屬位面。因為這種方式而下降的生命值不會因為重新回到召喚師身邊回復，但是最大生命值將回到原來的水平。	
CATEGORY=Special Ability|Summoner ~ Summon monster.MOD	OUTPUTNAME:召喚怪物（Summon monster）	DESC:.CLEAR	DESC:從1級開始，召喚師可以將『召喚怪物』法術做為類法術能力施展，每天可以使用的次數相當於「3+魅力修正」。作用如同正常的『召喚怪物』法術，除了持續時間改為每施法者等級1分鐘，而非1輪。召喚師同時間不能藉由這個能力擁有一個以上『召喚怪物』，或是『異界之門』法術的效果。如果使用了第二次，第一個效果將立刻消失。因為這些『召喚怪物』法術與幻靈使用相同的能量來源，幻靈與透過這種方法召喚的生物亦不能並存。1級時，召喚師可以使用『召喚怪物I』，到了3級、以及此後的每2級，類法術能力的效果提升一環，允許他召喚更強大的生物（最高到17級的『召喚怪物IX』）。到了19級，這項能力可以被當作『異界之門』或是『召喚怪物IX』使用。如果使用『異界之門』，召喚師仍需要支付正常的代價。	
CATEGORY=Special Ability|Summoner ~ Bond senses.MOD	OUTPUTNAME:連覺（Bond senses）	DESC:.CLEAR	DESC:從2級開始，召喚師可以用一個標準動作分享他幻靈的知覺：從聽覺、視覺、嗅覺、味覺以及幻靈觸碰物品的感覺。召喚師每天可以連續使用這個能力等同於他召喚師等級的輪數。這項能力沒有距離限制（見上，關於生命連結），但是兩者必須位在同一個位面。	
CATEGORY=Special Ability|Summoner ~ Shield ally.MOD	OUTPUTNAME:幻靈護體（Shield ally）	DESC:.CLEAR	DESC:從4級開始，當召喚師處在幻靈的觸及範圍內，召喚師的將獲得AC+2盾牌加值，以及所有豁免+2環境加值。當幻靈被擒抱、無助、麻痺、震懾或失去意識時這個加值無效。	
CATEGORY=Special Ability|Summoner ~ Maker's call.MOD	OUTPUTNAME:主宰呼喚（Maker's call）	DESC:.CLEAR	DESC:6級後，召喚師可以用一個標準動作將他的幻靈傳送到身邊。這個能力的作用方式如同『任意門』，使用召喚師的施法者等級。使用後，幻靈會出現在召喚師身邊（如果那些方格都被佔據，將盡可能靠近）。若是幻靈在法術距離之外，使用能力將被浪費。6級時，這項能力每天可以使用1次，此後的每4級再增加1次使用次數。	
CATEGORY=Special Ability|Summoner ~ Transposition.MOD	OUTPUTNAME:位置轉換（Transposition）	DESC:.CLEAR	DESC:8級後，召喚師可以使用主宰呼喚來交換他自己與幻靈的位置。如果幻靈的體型比他還大，他可以選擇出現在任何幻靈佔據的格子裡。如果可以，幻靈必須佔據召喚師之前的位置，或在做不到時盡可能接近。	
CATEGORY=Special Ability|Summoner ~ Aspect.MOD	OUTPUTNAME:異界型態（Aspect）	DESC:.CLEAR	DESC:10級之後，召喚師可以從幻靈的進化池裡抽出2點來改變自己。他不能選擇幻靈無法選擇的能力，他本身也必須符合進化的需求。召喚師不能選擇【屬性提升】作為他的進化。這項能力耗費的進化點數來自幻靈的進化池，召喚師可以在每次能夠改變幻靈的進化型態時改變用在自己身上的進化點數。	
CATEGORY=Special Ability|Summoner ~ Greater shield ally.MOD	OUTPUTNAME:強力幻靈護體（Greater shield ally）	DESC:.CLEAR	DESC:12級後，當有任何盟友位在幻靈的觸及範圍，盟友能得到AC+2盾牌加值以及全豁免+2環境加值。如果該生物是召喚師本人，這些加值提升到+4。當幻靈被擒抱、無助、麻痺、震懾或失去意識時這個加值無效。	
CATEGORY=Special Ability|Summoner ~ Life bond.MOD	OUTPUTNAME:生命羈絆（Life bond）	DESC:.CLEAR	DESC:14級後，召喚師的生命與他的幻靈連結在一起。只要幻靈仍有1點或更多生命值，召喚師將不會死亡。那些足以令召喚師死亡的傷害將轉由幻靈承受。這些傷害要逐點計算（首先將召喚師的生命降至負體質值+1），這意味著當幻靈的生命值降到負的體質值之後，剩下的傷害將會立刻致召喚師於死地。這項能力對那些不造成實際傷害的效果無效，即使那仍可能殺死召喚師。	
CATEGORY=Special Ability|Summoner ~ Merge forms.MOD	OUTPUTNAME:融合型態（Merge forms）	DESC:.CLEAR	DESC:16級之後，召喚師可以用一個整輪動作接觸他的幻靈，兩者合而為一。這項轉變包含召喚師的所有裝備。當以這種方式融合，召喚師免於受傷並且不會成為法術或其他能力的目標。所有針對召喚師的法術與能力將暫時無效，直到召喚師解除融合（如果持續時間足夠）。召喚師可以透過控制幻靈的身體施法。所有材料與器材成份將從召喚師的裝備中支出，即使它們實際上沒辦法取用。召喚師可以指引幻靈的所有動作，也可以共享它的感覺並透過它說話。召喚師可以使用這個能力的輪數等同於召喚師等級。他可以隨時用一個迅捷動作脫離融合。如果可行的話，召喚師會出現在幻靈的鄰接方格。如果幻靈在融合中被遣返，召喚師將立刻自其中分離、受到4d6傷害並震懾1輪。	
CATEGORY=Special Ability|Summoner ~ Greater aspect.MOD	OUTPUTNAME:高等異界型態（Greater aspect）	DESC:.CLEAR	DESC:18級之後，召喚師可以由幻靈的進化池抽出6點進化點來改變自己的型態。不同於【異界型態】，幻靈只會失去召喚師抽出的進化點的一半。	
CATEGORY=Special Ability|Summoner ~ Twin eidolon.MOD	OUTPUTNAME:幻靈雙生（Twin eidolon）	DESC:.CLEAR	DESC:20級時，召喚師與他的幻靈真正連結在一起。以一個標準動作，召喚師可以化身他的幻靈，複製所有的進化、型態與能力。他的身體屬性轉變成與幻靈的相同。他可以選擇讓他身上所有裝備融入新型態，就像變型子學派的法術一樣。此時具有持續性效果的道具將繼續作用。召喚師失去他的天生武器以及種族特性（除了獎勵專長、技能和語言）以享有幻靈進化型態的好處。召喚師保留他所有職業特性。召喚師每天可以維持這種型態每等級1分鐘，但是每次變形至少消耗1分鐘。召喚師可以隨意以自由動作結束這個效果。	
CATEGORY=Special Ability|Blood God Disciple ~ Blood Feast.MOD	OUTPUTNAME:鮮血盛宴（Blood Feast）	DESC:.CLEAR	DESC:1級時，血神信徒可以用一名剛倒下不久的敵人來餵食他的幻靈，使該異界生物將其一部分的力量導引給召喚師。幻靈須花費一個標準動作來吞食敵人的部分肢體，該敵人必須是一名由血肉組成的活物，且必須在最近的一分鐘裡被召喚師或其幻靈殺死或擊倒（失去意識）。吞食會對目標造成傷害，如同幻靈對其進行了一次天生武器攻擊（通常來說是嚙咬）。被擊倒的生物的HD至少須達到召喚師等級的一半。一旦餵食完成，召喚師可以獲得一項【進化形態I】，持續1分鐘。進化形態使用召喚師的HD和屬性值、而不是幻靈的屬性值來決定其效果。血神信徒每日可以使用該能力「3+魅力修正」次。他同時只能具有一項來自該能力的效果（第二次使用會代替掉先前通過該能力獲得的進化形態），且只能獲得他的幻靈所擁有的進化形態。5級時，當血神信徒使用【鮮血盛宴】，他可以獲得一項【進化形態II】來代替【進化形態I】。9級時，他可以獲得至多兩項、總值至多為3點的進化形態。13級時，他可以獲得至多兩項、總值至多為4點的進化形態。17級時，他可以獲得至多三項、總值至多為5點的進化形態。這一能力取代『召喚怪物I，III，V，VII和IX』類法術能力。	
CATEGORY=Special Ability|Blood God Disciple ~ Bloody Gift.MOD	OUTPUTNAME:鮮血饋贈（Bloody Gift）	DESC:.CLEAR	DESC:3級後，當血神信徒使用「鮮血盛宴」獲得進化形態時，他可以接觸一名盟友並同樣也賦予他這項進化形態。每個受影響的盟友都會計入一次每日「鮮血盛宴」能力次數。在7級，11級，15級和19級，血神信徒能使用該能力影響一個額外生物（每個都花費一次每日鮮血盛宴次數）。若血神信徒可以每次鮮血盛宴獲得多項進化形態，他所選擇的盟友也會獲得多項進化形態。這一能力取代『召喚怪物II』類法術能力。	
CATEGORY=Special Ability|Blood God Disciple ~ Avatar Gambit.MOD	OUTPUTNAME:血獸化身（Avatar Gambit）	DESC:.CLEAR	DESC:7級時，當一名血神信徒遣散其幻靈時，他如同野蠻人一樣陷入狂暴，持續輪數等同於其召喚師等級的一半（他可以像野蠻人一樣提前結束狂暴，但是若如此做，他會失去該能力提供的剩餘狂暴輪數）。這一能力取代『召喚怪物IV』類法術能力。	
CATEGORY=Special Ability|Blood God Disciple ~ Rage Power.MOD	OUTPUTNAME:狂暴之力（Rage Power）	DESC:.CLEAR	DESC:在11級和15級，血神信徒選擇一項野蠻人【狂暴之力】，他在狂暴中可以使用這些狂暴之力（不論是來自【血獸化身】能力的狂暴還是來自野蠻人等級的狂暴）。這一能力取代『召喚怪物VI和VIII』類法術能力。	
CATEGORY=Special Ability|Shadow Caller ~ Shadow Summoning.MOD	OUTPUTNAME:影召喚（Shadow Summoning）	DESC:.CLEAR	DESC:當影喚師使用他的『召喚怪物』能力或者施展『召喚怪物』法術時，他通常會召喚出來自影界，或是跟影界有緊密關聯的生物。在正常狀況下，一個『召喚怪物』法術列表上的生物會由於施法者的陣營而被加上煉獄或天界模板後被召喚出來時，由影喚師所召喚出來的生物則改為獲得影化模板。此外，召喚怪物列表將有以下調整（但仍然能夠以高階召喚法術召喚複數來自低階列表的生物）。此能力在作用上如同並取代召喚師正常的召喚怪物類法術能力。	
CATEGORY=Special Ability|Shadow Caller ~ Shadow Eidolon.MOD	OUTPUTNAME:暗影幻靈（Shadow Eidolon）	DESC:.CLEAR	DESC:影喚師的幻靈揉合了他自身的影子跟從影界深處召喚而來的幽影；這兩者是密不可分的。當他的幻靈顯現身形時，他的影子會拉長、最終從他身上分離，成為一個獨立的生物。當影喚師的幻靈仍然顯現時，無論有無光源，他與他的幻靈的影子都會顯得不大清晰。這種影子的缺失取代了用以辨識召喚師與其幻靈的魔法印記。此能力替代召喚師的幻靈能力。	
CATEGORY=Special Ability|Shaitan Binder ~ Base Form.MOD	OUTPUTNAME:基本形態（Base Form）	DESC:.CLEAR	DESC:1級起，如果沙旦召縛者的幻靈擁有二足型基本形態，則幻靈一項屬性+2。沙旦召縛者必須在1級時做出這項選擇。無論何時，一旦沙旦召縛者的幻靈獲得其他基本形態，那麼直到它返回二足基本形態之前都會失去該加值。沙旦召縛者的幻靈不會獲得法術共享能力。	
CATEGORY=Special Ability|Shaitan Binder ~ Shaitan Magic.MOD	OUTPUTNAME:沙旦魔法（Shaitan Magic）	DESC:.CLEAR	DESC:4級時，沙旦召縛者的幻靈免費獲得【基礎魔法（BasicMagic, UM）】基本魔法進化。6級時它獲得【次級魔法（Minor Magic, UM）】進化。8級時，它免費獲得【高級魔法（Major Magic, UM）】進化，並且將『閃光塵』和『柔石術（Soften Earthand Stone）』加入到進化可選法術列表中。12級時，它免費獲得【究極魔法（UltimateMagic, UM）】進化，並且將『融身入石（Meld into Stone）』和『塑石術（Stone Shape）』加入到進化可選法術列表中。儘管沙旦召縛者可以免費獲得這些進化的標準版，但是他必須付出進化點才能增加可選用的法術。該能力取代幻靈護體以及強力幻靈護體。	
CATEGORY=Special Ability|Shaitan Binder ~ Earth Glide.MOD	OUTPUTNAME:潛地（Earth Glide）	DESC:.CLEAR	DESC:10級起，如果沙旦召縛者的幻靈擁有【掘地（Burrow, APG）】進化，那麼它會獲得「潛地」通用怪物能力，並且可以使用該能力以它完整的基本速度移動。該能力取代異界形態。	
CATEGORY=Special Ability|Shaitan Binder ~ Stone Curse.MOD	OUTPUTNAME:岩石詛咒（Stone Curse）	DESC:.CLEAR	DESC:18級起，沙旦召縛者可以使用4點進化點數為幻靈選擇【岩石詛咒】。該能力允許幻靈將一名生物困在岩石之中，就如同使用了土巨靈的同名能力一般。避免或者掙脫岩石詛咒的DC等同於「10+1/2幻靈HD+力量修正」。該能力取代高等異界形態。	
CATEGORY=Special Ability|Shaitan Binder ~ Noble Eidolon.MOD	OUTPUTNAME:卓越幻靈（Noble Eidolon）	DESC:.CLEAR	DESC:20級時，沙旦召縛者的幻靈獲得了滿足召喚者願望的能力。每天一次，幻靈能以類法術能力施放『有限祈願術』。幻靈的施法者等級等同於它的等級。這個願望必須由沙旦召縛者大聲說出，並且句子的開始必須為「我希望（I wish）」，而且該願望不能複製過去24小時中幻靈已經滿足過的願望。如果幻靈使用該能力複製的法術需要昂貴的材料作為施法成分，沙旦召縛者則必須提供該成分。該能力取代幻靈雙生。	
CATEGORY=Special Ability|Wild Caller ~ Summon Nature's Ally I.MOD	OUTPUTNAME:召喚自然盟友I（Summon Nature's Ally I）	DESC:.CLEAR	DESC:從1級起，每日「3+魅力修正」次，自然召喚者可以施展『召喚自然盟友』。在3級和之後的每2級，這一能力的強度都會增加一個法術環級，允許其召喚更強大的生物（直到在17級時達到『召喚自然盟友IX』）。此外，在19級時，自然召喚者不能以類法術能力施展『異界之門』，但是可以使用『召喚上古蠕蟲（summon elder worm, UM）』或『召喚沼喉怪（summon froghemoth, UM）』。這一能力在其他方面如同標準召喚師的召喚怪物I般運作，並取代之。	
CATEGORY=Special Ability|Broodmaster ~ Eidolon Brood.MOD	OUTPUTNAME:幻靈窩巢（Eidolon Brood）	DESC:.CLEAR	DESC:2級時，巢穴之主用兩個威力比正常召喚師幻靈稍弱的小形幻靈取代單一幻靈。每隻幻靈都有自己的基本型態、基本能力與可以自由選擇的進化。不論窩巢裡面住了幾隻幻靈，他們都有用相同的基本攻擊加值和豁免，但是你必須把正常幻靈的其他數據「分配」給他們，包括生命骰（最少為1）、技能點數、專長、力量/敏捷加值、天生武器數量上限、還有進化池點數。每隻窩巢裡的幻靈必須分別選擇進化。一旦巢穴之主決定了其幻靈的能力和形態，直到他下次升級前，他都沒辦法更改這些加值。巢穴之主必須一次遣散整窩的幻靈。同樣的，所有的幻靈都會在巢穴之主昏迷、睡著或被殺的時候消失。不過當其中一隻幻靈的生命被降到超過其負體質而被送回家的時候，其他的幻靈不會跟著消失。此能力取代標準的幻靈能力。	
CATEGORY=Special Ability|Broodmaster ~ Brood Link.MOD	OUTPUTNAME:巢穴連結（Brood Link）	DESC:.CLEAR	DESC:巢穴之主和窩巢裡的幻靈建立了親密的連結。此能力和標準召喚師的生命連結能力相同，不過他一次只能將生命力傳給一個幻靈。也就是說，如果有兩隻幻靈同時受到了足以把他們送回老家的傷害，那麼巢穴之主只能犧牲生命點數來拯救其中一隻。此能力取代生命連結。	
CATEGORY=Special Ability|Broodmaster ~ Larger Brood.MOD	OUTPUTNAME:窩巢巨化（Larger Brood）	DESC:.CLEAR	DESC:8級時，巢穴之主可以花費4點進化點數來得到更大的幻靈。和其他的進化不同，他必須在分配進化點數之前消耗這4點進化點（對擁有11個進化點的8級召喚師而言，他還能餘下7點進化池點數分配給他的幻靈們）【編註：就是說你要把兩個幻靈都變大合計只需要消耗4點】。此能力允許他一次召喚兩隻中型，或一隻中型和兩隻小型，或是四隻小型的幻靈。13級時，若巢穴之主已經為他的窩巢選擇過體型增大（大型）進化，那麼他可以通過額外消耗6點進化池點數來選取體型增大（超大型）進化，並將餘下的點數分配給他的幻靈們。此能力允許他一次召喚兩隻大型，或四隻中型，或八隻小型……等類似的組合，兩隻同等體型幻靈可視作一隻體型大一級的幻靈。	
CATEGORY=Special Ability|Broodmaster ~ Brood Bond.MOD	OUTPUTNAME:巢穴羈絆（Brood Bond）	DESC:.CLEAR	DESC:14級時，巢穴之主的生命和他的幻靈群產生了羈絆。此能力和標準生命羈絆相同，巢穴之主一次只能將傷害轉換給一個幻靈。如果該幻靈受到足以讓他回老家的傷害，那麼額外的傷害仍然作用在巢穴之主身上，並且害死他。此能力取代生命羈絆。	
CATEGORY=Special Ability|Broodmaster ~ Merge Forms.MOD	OUTPUTNAME:融合型態（Merge Forms）	DESC:.CLEAR	DESC:巢穴之主一次還是只能和一個幻靈進行融合。	
CATEGORY=Special Ability|Evolutionist ~ Mutate Eidolon.MOD	OUTPUTNAME:幻靈突變（Mutate Eidolon）	DESC:.CLEAR	DESC:6級時，進化論者平日可以像升級時一般改變他幻靈的進化。要使用此能力，他得進行一項耗時一整天、並消耗每召喚師等級200gp。此能力取代主宰呼喚。	
CATEGORY=Special Ability|Evolutionist ~ Evolve Base Form.MOD	OUTPUTNAME:型態演化（Evolve Base Form）	DESC:.CLEAR	DESC:8級時，當進化論者升級時，他可以重新選擇幻靈的基本型態。一旦他選定了幻靈的型態，那麼直到他下次升級之前都無法更改。此能力取代位置轉換。	
CATEGORY=Special Ability|Evolutionist ~ Transmogrify.MOD	OUTPUTNAME:幻靈重塑（Transmogrify）	DESC:.CLEAR	DESC:12級時，進化論者可以每天以類法術能力施展一次「幻靈重塑術（Transmogrify,APG）」，以此方式施展的「幻靈重塑術」需要消耗1分鐘的施法時間，且不需要任何材料成分。此能力取代高等幻靈護體。	
CATEGORY=Special Ability|Master Summoner ~ Lesser Eidolon.MOD	OUTPUTNAME:次等幻靈（Lesser Eidolon）	DESC:.CLEAR	DESC:大召喚士在計算幻靈相關數據的時候，他的召喚師等級減半計算。包括生命骰、進化池大小、屬性還有類似的能力。此能力取代標準幻靈。	
CATEGORY=Special Ability|Master Summoner ~ Summoning Mastery.MOD	OUTPUTNAME:精通召喚（Summoning Mastery）	DESC:.CLEAR	DESC:1級時，大召喚士每日可以用類法術能力施展召喚生物的次數為「5+魅力修正」。他召喚出來的生物可以和他的幻靈共存，只有一個召喚生物法術可以在幻靈存在時運作。如果他不召喚幻靈，那麼同時可以存在場上的召喚生物數量只受限於他的每日使用次數。除此之外此能力類似標準召喚師的召喚怪物能力。此能力並不限制大召喚士同時可以讓多少個通過「異界之門」和「召喚怪物」呼喚而來的怪物並存。此能力取代召喚怪物和幻靈護體。	
CATEGORY=Special Ability|Synthesist ~ Fused Eidolon.MOD	OUTPUTNAME:幻靈融合（Fused Eidolon）	DESC:.CLEAR	DESC:混源學者召喚了強大的異界存在和他合而為一，他的幻靈不會在他身邊以獨立生物的方式顯現，而是直接和召喚師融為一體。在這種狀況下，混源學者看起來像是被包覆在他幻靈的半透明影像之中。在融合時，他可以指揮幻靈的所有行動，通過對方的感官感知外界，並且以幻靈的聲音開口說話，如同他們是單一個體。和幻靈融合時，混源學者擁有以下特徵：使用幻靈的肉體屬性和自己的心智屬性；獲得幻靈的力量/敏捷屬性加值。獲得相當於幻靈生命值的臨時生命值。當這些額外生命值歸零的時候，幻靈就回老家去了。自身盔甲失效，同時獲得幻靈的護甲加值。使用幻靈的基本攻擊加值，同時還得到幻靈的特殊能力與進化（仍然受到幻靈的最大天武數量限制）。混源學者仍然可以使用他自己的能力和法術；不過若要施法，那麼幻靈必須擁有能夠實現法術姿態成分的肢體。任何針對異界生物或角色自身生物類別生效的法術皆對混源學者生效；如果效果同時影響兩類，那麼取其較糟的生效。「驅逐術（Dismissal）」、「放逐術（Banishment）」仍如常運作，不過混源學者自身不受影響。此幻靈沒有自己的技能點數與專長，同時體型必須至少和混源學者一樣大。混源學者和他的幻靈不能被分別當作目標，他們是同一個生物。他和幻靈也無法分開獨立行動。除此之外，此能力在其他方面和標準幻靈相同（譬如融合時召喚怪物會送走幻靈）。此能力取代標準幻靈能力、連覺和生命羈絆。	
CATEGORY=Special Ability|Synthesist ~ Fused Link.MOD	OUTPUTNAME:融合連結（Fused Link）	DESC:.CLEAR	DESC:1級時，當混源學者來自幻靈的臨時生命值被降到0點時，他可以用一個自由動作犧牲自己的生命值來吸收傷害。每犧牲1點生命值便可以回復幻靈1點臨時生命值，這能使幻靈免於被遣返。此能力取代生命連結。	
CATEGORY=Special Ability|Synthesist ~ Shielded Meld.MOD	OUTPUTNAME:融合護盾（Shielded Meld）	DESC:.CLEAR	DESC:4級時，只要混源學者和幻靈融合，他將獲得AC+2盾牌加值以及所有豁免+2環境加值。此能力取代幻靈護體。	
CATEGORY=Special Ability|Synthesist ~ Maker's Jump.MOD	OUTPUTNAME:主宰傳躍（Maker's Jump）	DESC:.CLEAR	DESC:6級時，只要混源學者和幻靈融合，他就可以用他的施法者等級以類法術能力施展「任意門」。此能力同時對他和幻靈生效。他每日可以使用此能力1次，之後每6級再1次。此能力取代主宰呼喚。	
CATEGORY=Special Ability|Synthesist ~ Greater Shielded Meld.MOD	OUTPUTNAME:高等融合護盾（Greater Shielded Meld）	DESC:.CLEAR	DESC:12級時，只要混源學者和幻靈融合，他將獲得AC+4盾牌加值以及所有豁免+2環境加值。此能力取代高等幻靈守護。	
CATEGORY=Special Ability|Synthesist ~ Split Forms.MOD	OUTPUTNAME:分離型態（Split Forms）	DESC:.CLEAR	DESC:16級時，以一個自由動作，融合型態的混源學者可以將自己和幻靈分離成兩個生物，兩者擁有同樣的進化。如果可能的話幻靈會出現在附近的方格。任何以幻靈或他為目標的法術將同時對兩者生效。他每日可以使用此能力的輪數等同於他的召喚師等級。他隨時可以用一個整輪動作結束這個形態。在此狀態之下，幻靈被視為正常召喚師同等級幻靈。此能力取代融合型態。	
