CATEGORY=Special Ability|Stalwart Defender ~ AC Bonus.MOD	OUTPUTNAME:獎勵AC（AC Bonus）	DESC:.CLEAR	DESC:堅定防衛者將會隨著等級的提高在其防護等級上獲得閃避加值。從+1起，直到10級時可獲得總共+4的加值。	
CATEGORY=Special Ability|Stalwart Defender ~ Defensive Stance.MOD	OUTPUTNAME:防禦姿態（Defensive Stance）	DESC:.CLEAR	DESC:1級時，堅定防衛者可以進入防禦姿態，一種準備好面對挑戰的入神狀態。堅定防衛者每日可以維持這一姿態「4+體質修正」輪。1級之後的每等級，此輪數都增加2輪。臨時性的體質增強，例如「防禦姿態」或「熊之堅韌」之類的法術效果，不會增加此每日可用總輪數。進入防禦姿態是自由動作。防禦姿態每日可用輪數在8小時休息後恢復，這些休息時間無需連續。當處於防禦姿態時，堅定防衛者獲得AC+2閃避加值，力量和體質+4士氣加值，同時意志豁免+2士氣加值。體質的增加會令堅定防衛者獲得每生命骰2點生命值增加，但這些生命值在防禦姿態結束時會消失，且不像暫時生命值一樣首先損失。當處於防禦姿態時，堅定防衛者無法因各種緣由主動從其當前位置移動開（包括正常移動、騎乘、傳送、或是允許同伴搬運他）。若他在他無法控制的行進中載具上進入防禦姿態（例如馬車或船隻），他可以正常維持此姿態，即便是載具移動也一樣。若堅定防衛者以他自身的能力做出了移動，例如是被敵人唬騙或使用惑控法術成功而導致移動，則他的姿態結束。堅定防衛者可以用一個自由動作終止其防禦姿態；在姿態結束後他會疲乏等同於維持防禦姿態時間雙倍的輪數。堅定防衛者無法在疲乏或力竭時進入新的防禦姿態，但除此之外他可以在一場遭遇或戰鬥中多次進入姿態。若堅定防衛者喪失知覺，他的防禦姿態也立即結束，這會嚴重威脅其生命。防禦姿態需要人物保持冷靜，因而陷入狂怒的人物無法維持（例如使用狂暴職業能力或「狂暴術」）。	
CATEGORY=Special Ability|Stalwart Defender ~ Defensive Powers.MOD	OUTPUTNAME:防禦之力（Defensive Powers）	DESC:.CLEAR	DESC:隨著堅定防衛者等級提升，其防禦姿態也得到增強。從2級開始，堅定防衛者獲得一項防禦之力。在2級之後的每兩級，他再獲得一項防禦之力。防禦之力僅在堅定防衛者進入防禦姿態時生效，其中一些需要人物先進行某種行動。除非特別說明，否則人物無法多次選擇同一項防禦之力。	
CATEGORY=Special Ability|Stalwart Defender ~ Uncanny Dodge.MOD	OUTPUTNAME:直覺閃避（Uncanny Dodge）	DESC:.CLEAR	DESC:3級起，堅定防衛者獲得在正常意識到危險前便躲避開來的能力。他不會陷入措手不及，即使攻擊者不可見。在不能動時，他還是會失去AC上的敏捷加值。擁有本能力的堅定防衛者也在被敵人成功虛招時正常失去AC的敏捷加值。若人物由其他職業獲得「直覺閃避」能力，則此時他自動獲得「精通直覺閃避」能力。	
CATEGORY=Special Ability|Stalwart Defender ~ Damage Reduction.MOD	OUTPUTNAME:傷害減免（Damage Reduction）	DESC:.CLEAR	DESC:5級開始，堅定防衛者獲得傷害減免「1/-」。7級時，傷害減免增至「3/-」，10級時增至「5/-」。不同來源帶來的傷害減免不累計；但5級或更高等級的堅定防衛者由盔甲獲得傷害減免時（並非其他來源）將盔甲與職業的傷害減免合計。因此7級堅定防衛者穿著精金全身甲（DR 「3/-」）時擁有傷害減免「6/-」。	
CATEGORY=Special Ability|Stalwart Defender ~ Improved Uncanny Dodge.MOD	OUTPUTNAME:精通直覺閃避（Improved Uncanny Dodge）	DESC:.CLEAR	DESC:7級開始，堅定防衛者不會受到夾擊，盜賊也無法以夾擊來對其進行偷襲。除非盜賊的等級比遭夾擊的堅定防衛者高至少4級，這時才能夠進行夾擊（因此還可偷襲）。如果角色已經因為其他職業獲得「直覺閃避」能力，該角色在得到「直覺閃避」時自動獲得「精通直覺閃避」，並且將所有獲得「直覺閃避」職業的等級累加起來以決定夾擊此角色所需的最低盜賊等級。	
CATEGORY=Special Ability|Stalwart Defender ~ Mobile Defense.MOD	OUTPUTNAME:移動防禦（Mobile Defense）	DESC:.CLEAR	DESC:9級時，使用防禦姿態的堅定防衛者能夠調整其所在位置。當處於防禦姿態狀態時，堅定防衛者每輪能夠在不損失其姿勢獎勵的情況下進行一次5尺快步。	
CATEGORY=Special Ability|Stalwart Defender ~ Last Word.MOD	OUTPUTNAME:遺言（Last Word）	DESC:.CLEAR	DESC:每天1次，當處於防禦姿態時，堅定防衛者可以對一次將要將其生命降至負值、將其擊成失去知覺、或是擊殺他的攻擊做出回應一擊，該敵人也必須在其觸及範圍之內。例如，一名堅定防衛者在一頭紅龍嚙咬他時還有1點生命，他可以使用本能力，即使龍的嚙咬會立刻擊殺他。若該攻擊命中，將該攻擊的傷害骰投兩次併合計結果，但由力量、武器能力（例如熾焰）或基於精準攻擊的傷害（例如偷襲）帶來的額外傷害不翻倍。這一增加的傷害也不在重擊時翻倍（儘管其他增加傷害正常翻倍）。一旦防衛者的攻擊進行完畢，他承受引發本能力的該次攻擊的正常效果。	
CATEGORY=Special Ability|Stalwart Defender ~ Bulwark.MOD	OUTPUTNAME:壁壘（Bulwark）	DESC:.CLEAR	DESC:防衛者將其防具檢定減值作為加值，加在對他的唬騙檢定和嘗試通過其威脅範圍且不引發藉機攻擊的特技檢定的DC上。	
CATEGORY=Special Ability|Stalwart Defender ~ Clear Mind.MOD	OUTPUTNAME:心智清晰（Clear Mind）	DESC:.CLEAR	DESC:堅定防衛者可以重擲一次失誤的意志豁免。本能力在使用時是在第一次豁免嘗試後的直覺動作，且要在GM宣佈結果前使用。堅定防衛者必須接受第二次的結果，即使比先前的更差。本能力每次防禦姿態僅能使用1次。	
CATEGORY=Special Ability|Stalwart Defender ~ Fearless Defense.MOD	OUTPUTNAME:無畏防禦（Fearless Defense）	DESC:.CLEAR	DESC:當處於防禦姿態時，堅定防衛者免疫戰慄和驚懼狀態。堅定防衛者必須至少4級才可選擇本能力。	
CATEGORY=Special Ability|Stalwart Defender ~ Halting Blow.MOD	OUTPUTNAME:蹣跚擊（Halting Blow）	DESC:.CLEAR	DESC:若某個敵人在防衛者的威脅範圍內移動並引發藉機攻擊，且堅定防衛者該次攻擊成功命中，則敵人的移動立即終止。該敵人直到下輪行動前無法再次移動，但可以繼續進行其餘的行動內容部分。堅定防衛者必須先選擇「壁壘」能力後方可選擇「蹣跚擊」。	
CATEGORY=Special Ability|Stalwart Defender ~ Immobile.MOD	OUTPUTNAME:不動如山（Immobile）	DESC:.CLEAR	DESC:當處於防禦姿態時，堅定防衛者將其職業等級計入其CMD以對抗任何衝撞、闖越、推動和拖拽戰技以及想要移動他的擒抱嘗試中。堅定防衛者必須至少4級方可選擇本能力。	
CATEGORY=Special Ability|Stalwart Defender ~ Increased Damage Reduction.MOD	OUTPUTNAME:增強傷害減免（Increased Damage Reduction）	DESC:.CLEAR	DESC:堅定防衛者來自本職業的傷害減免增加「1/-」。此提升在堅定防衛者處於防禦姿態時保持生效。他可以選擇本能力最多2次，效果累計。堅定防衛者必須至少4級方可選擇本能力。	
CATEGORY=Special Ability|Stalwart Defender ~ Intercept.MOD	OUTPUTNAME:攔截（Intercept）	DESC:.CLEAR	DESC:每輪1次，當近戰或遠程武器將要成功命中一個臨近同伴時，堅定防衛者可以用一個直覺動作讓武器改為命中自己。該次攻擊自動命中堅定防衛者，無視其AC或失手幾率，他承受該攻擊的正常結果。	
CATEGORY=Special Ability|Stalwart Defender ~ Internal Fortitude.MOD	OUTPUTNAME:內臟強韌（Internal Fortitude）	DESC:.CLEAR	DESC:處於防禦姿態時，堅定防衛者免疫噁心和反胃狀態。	
CATEGORY=Special Ability|Stalwart Defender ~ Mighty Resilience.MOD	OUTPUTNAME:強力彈性（Mighty Resilience）	DESC:.CLEAR	DESC:堅定防衛者自動免受重擊或偷襲帶來的額外傷害，以及其他由成功重擊或偷襲引發的效果或特殊能力（例如「致盲重擊（Blinding Critical）」專長的目盲效果或偷襲帶來的流血效果）。堅定防衛者只受到這些攻擊的普通傷害。本能力每次防禦姿態僅可用1次。堅定防衛者必須至少6級方可選擇本能力。	
CATEGORY=Special Ability|Stalwart Defender ~ Renewed Defense.MOD	OUTPUTNAME:防禦恢復（Renewed Defense）	DESC:.CLEAR	DESC:以一個標準動作，堅定防衛者可以治療「1d8+體質修正」點傷害。2級之後的每2級，此治療效果增加1d8，10級時達到最高5d8。此能力每天僅可用1次，且限定在防禦姿態時。	
CATEGORY=Special Ability|Stalwart Defender ~ Roused Defense.MOD	OUTPUTNAME:防禦奮發（Roused Defense）	DESC:.CLEAR	DESC:堅定防衛者可以在疲乏時進入防禦姿態。當處於防禦姿態時使用此能力後，他對疲乏狀態免疫。當此次姿態結束時，每花費防禦姿態1輪他會力竭10分鐘。	
CATEGORY=Special Ability|Stalwart Defender ~ Smash.MOD	OUTPUTNAME:粉碎（Smash）	DESC:.CLEAR	DESC:當處於防禦姿態時，堅定防衛者可以每輪進行一次額外攻擊，此次攻擊是盾牌猛擊或揮擊（即便他正常並沒有揮擊能力）。若用作全力攻擊的一部分，額外攻擊使用堅定防衛者的完整基本攻擊加值-5進行。粉碎會造成1d4點傷害（若堅定防衛者為中體型，小體型則為1d3）加上人物力量修正的一半。人物可以用此攻擊作為維持或擺脫擒抱的一部分，攻擊內容計算在擒抱檢定之前。若攻擊命中，任何該輪內堅定防衛者對該目標所做的擒抱檢定獲得+2加值。	
CATEGORY=Special Ability|Stalwart Defender ~ Unexpected Strike.MOD	OUTPUTNAME:意外擊（Unexpected Strike）	DESC:.CLEAR	DESC:堅定防衛者可以對移入任何其威脅範圍內的敵人進行藉機攻擊，無論正常情況下該移動是否會引發藉機攻擊。本能力每次防禦姿態僅可用1次。堅定防衛者必須至少4級方可選擇本能力。	
