CATEGORY=Special Ability|Witch ~ Cantrips.MOD	OUTPUTNAME:戲法（Cantrips）	DESC:.CLEAR	DESC:女巫可以準備一定數量的戲法，或稱0環法術，每日數量參見上表。這些法術施展時與其他法術無異，但在施展後不會消耗法術位並且可以被再次使用。佔用著其它法術位，例如因為附加超魔專長而提升環級的戲法，會在使用後被正常消耗掉。	
CATEGORY=Special Ability|Witch ~ Hex.MOD	OUTPUTNAME:巫術（Hex）	DESC:.CLEAR	DESC:每個女巫都能學到一些被稱為巫術的魔法技巧，給予她們力量或削弱其敵人。1級時，女巫選擇並獲得一項巫術。2級和之後每2級，她能夠額外獲得一項巫術。女巫不能選擇同一項巫術多於1次。若無特別說明，使用巫術是一個不會引發藉機攻擊的標準動作。巫術豁免DC為「10+1/2女巫等級+智力修正」。	
CATEGORY=Special Ability|Witch ~ Familiar.MOD	OUTPUTNAME:女巫魔寵（Familiar）	DESC:.CLEAR	DESC:1級時，女巫同一隻魔寵——教導她魔法並幫助她在此道路上前行的夥伴——建立起緊密的聯繫。魔寵還能給予女巫某些技能上的加值、額外法術、以及作為施展某些魔法時的助手。這類似法師【奧術連結】職業能力，除了標注在女巫魔寵的部分。女巫每天必須同她的魔寵交流以準備法術。魔寵儲存著女巫所知的全部法術，且女巫無法準備尚未存儲在魔寵裡的法術。在遊戲開始時，魔寵儲存著所有的0環女巫法術，以及數量為「3+女巫智力修正」的1環法術，由女巫選定。女巫每獲得1個新的等級，就可以在她當前所能施展的法術環級中（按照升級後的等級判定）任選2個新法術，加入魔寵的法術貯藏。女巫也可以通過一種特殊的儀式，將額外的法術存入她的魔寵（見下文）。	
CATEGORY=Special Ability|Bonded Witch ~ Bonded Item.MOD	OUTPUTNAME:聯結物品（Bonded Item）	DESC:.CLEAR	DESC:1級時，聯結女巫獲得一件聯結物品，而非一隻魔寵。這一聯結物品與法師的【奧術聯結】聯結物品類似，並遵從所有對於此類物品的規則，除了以下例外。聯結女巫的聯結物品既是她法術的容器，又是她與庇護主溝通的工具。聯結女巫每日必須與其聯結物品溝通方可準備法術。聯結物品中儲存了所有聯結女巫的所知法術，聯結女巫無法準備未儲存在其中的法術。聯結女巫在起始時和升級時獲得同普通女巫一樣數量的法術，也能以同樣的方法從卷軸中學習法術，但是聯結女巫不能從其它聯結物品處習得法術。聯結女巫並不擁有一本法術書，從2級開始，每日1次，聯結女巫的聯結物品可以用來施展一個由聯結物品類型（由女巫選定）決定的法術。這一法術在計算時如同女巫施展的其他任何法術，包括施法時間、持續時間和其它與女巫等級相關的效果。超魔專長或其他能力不能作用於這一法術。當聯結女巫獲得新的等級時，聯結物品將獲得新的女巫可以以此種方法施放的法術。每日1次，她可以使用聯結物品施展這些法術中的任何一個，但是在法術的選擇上有很大的靈活性，還能在獲得新等級時獲得更強大的法術。不同種類的聯結物品法術參見下文。這一能力取代女巫的魔寵職業能力。	
CATEGORY=Special Ability|Dreamweaver ~ Patron.MOD	OUTPUTNAME:庇護主（Patron）	DESC:.CLEAR	DESC:織夢者的庇護主通常是【徵兆（Portents, UM）】或【繁星（Stars, UM）】。	
CATEGORY=Special Ability|Dreamweaver ~ Dream Spinner.MOD	OUTPUTNAME:織夢（Dream Spinner）	DESC:.CLEAR	DESC:2級起，若一名生物由於織夢者施放的【沉眠（Slumber, APG）】巫術或法術而進入睡眠，織夢者對其施放〔影響心靈〕的法術DC提高1點。即使成功豁免法術目標也不會醒來，而且還不會有任何抗拒法術的記憶。如果應用得當，織夢者能夠將一個〔影響心靈〕的法術（即『播種思想』、『暗示術』等等）的要素融入目標的潛意識中，使其相信法術的效果源於他的夢境（詳細如何將這些要素恰當地融入夢境由GM決定）。該能力取代2級的女巫巫術。	
CATEGORY=Special Ability|Dreamweaver ~ Dream Thief.MOD	OUTPUTNAME:竊夢（Dream Thief）	DESC:.CLEAR	DESC:6級起，若任何生物由於織夢者施放的【沉眠】巫術或法術而進入睡眠，她可以改變其睡眠意識（sleeping mind）。她能夠重塑一名目標的記憶，如同使用了『修改記憶（Modify Memory）』一般。此外，她能夠將自己植入目標的夢境記憶之中，暗示目標的意識對織夢者展示一些特殊的信息；做夢的人的潛意識會抗拒，或者通過斷斷續續的記憶蒙騙她，這類似於殭屍能夠抗拒使用『死者交談』提出的問題一般。成功的意志豁免能夠免受上述兩類效果（DC等同於女巫巫術）。無論豁免是否成功，同一名生物無法在1天內再次成為該巫術的目標。該能力取代6級的女巫巫術。	
CATEGORY=Special Ability|Dreamweaver ~ Dream Possession.MOD	OUTPUTNAME:夢之主（Dream Possession）	DESC:.CLEAR	DESC:10級起，織夢者可以操縱任何由於自己施放的【沉眠】巫術或法術而進入睡眠的生物。該效果的作用如同『魔魂壺（magic jar）』一般，使用女巫魔寵作為魔魂之壺。成功的意志豁免能夠免受該效果影響（DC等同於女巫巫術）。無論豁免是否成功，同一名生物無法在1天內再次成為該巫術的目標。該能力取代10級的女巫巫術。	
CATEGORY=Special Ability|Scarred Witch Doctor ~ Hex Scar.MOD	OUTPUTNAME:巫術疤痕（Hex Scar）	DESC:.CLEAR	DESC:每當疤痕巫醫學會一項巫術時，她必須在自己的肉體上刻下或烙下一道象徵該巫術的印記。她可以通過普通或魔法的方式來掩蓋這些疤痕，但是無法永久移除它們。	
CATEGORY=Special Ability|Scarred Witch Doctor ~ Scarshield.MOD	OUTPUTNAME:疤痕之盾（Scarshield）	DESC:.CLEAR	DESC:1級時，一名疤痕巫醫學會了如何強化她遍佈瘡痍的皮膚，在她的天生護甲加值上獲得職業等級一半的增強加值（至少+1）。她每日可以使用相當於其職業等級的分鐘數。這些時間不必連續，但是每次使用至少需要消耗1分鐘時間單位。這一能力取代女巫1級的巫術。	
CATEGORY=Special Ability|Beast-bonded ~ Transfer Feats.MOD	OUTPUTNAME:專長讓渡（Transfer Feats）	DESC:.CLEAR	DESC:每當獸群守護有能力學習新的專長，她可以選擇改由她的魔寵學習該專長。以這種方式學習專長的魔寵必須滿足該專長所有的先決條件。如果魔寵丟失或死亡，女巫可以回收專長位並為自己選擇新的專長，或者將該專長位給她的新魔寵用。	
CATEGORY=Special Ability|Beast-bonded ~ Enhanced Familiar.MOD	OUTPUTNAME:強化魔寵（Enhanced Familiar）	DESC:.CLEAR	DESC:在4級，獸群守護的與她的魔寵的連接得到加強。在決定她魔寵的能力和屬性時，她被視為比她的實際等級高1級的女巫。這項能力取代女巫4級獲得的巫術。	
CATEGORY=Special Ability|Beast-bonded ~ Familiar Form.MOD	OUTPUTNAME:魔寵形態（Familiar Form）	DESC:.CLEAR	DESC:在8級，獸群守護可以獲得變身成她魔寵的形體（或者她魔寵的巨大版本，或類型相似的一種動物），如同「野獸形態II」法術。例如，魔寵為老鼠的女巫可以變成一個超小型老鼠、大型老鼠、或一個較大的齧齒類動物，魔寵為貓的女巫可以變成一個超小型貓或大型貓科動物如老虎、獅子，魔寵為猴子的女巫可以變成超小型猴子或大型猩猩等等。女巫每天可以留在動物形態的分鐘數等於她的等級。這項能力取代女巫8級獲得的巫術。	
CATEGORY=Special Ability|Beast-bonded ~ Twin Soul.MOD	OUTPUTNAME:雙生靈魂（Twin Soul）	DESC:.CLEAR	DESC:在第10級，如果女巫或她的魔寵嚴重受傷或即將死亡，垂死一方的靈魂立即轉移到另一位的身體中。兩個靈魂和平的共享尚存的身體，可以自由的思想交流，並同時保有他們的思考能力和理智。作為一個移動動作，主體可允許客體的靈魂暫時接管這個身體或收回它。他們可以在這種狀態下無限期地維持下去，或通過觸碰讓客體回到自己的身體中（如果可能），轉移到一個合適的容器中（如「克隆術」的產物），或如同「魔魂壺」法術般接管另一個身體（無容器時）。這項能力取代女巫10級獲得的巫術。	
CATEGORY=Special Ability|Gravewalker ~ Spell Poppet.MOD	OUTPUTNAME:咒術娃娃（Spell Poppet）	DESC:.CLEAR	DESC:每個墓穴行者攜帶著用人皮、骨骼碎片和指甲殘片，並以穀物填充的髒兮兮的娃娃。墓穴行者的法術來自棲息在娃娃中的邪靈的意志，它儲存法術的能力和效用如同正常的女巫魔寵。墓穴行者每天必須與她的娃娃溝通以準備她的法術，無法準備未儲存在娃娃中的那些法術。這項能力取代女巫魔寵。以下能力與正常的女巫魔寵有所不同：	
CATEGORY=Special Ability|Gravewalker ~ Deliver Touch Spells.MOD	OUTPUTNAME:傳遞接觸法術（Deliver Touch Spells）	DESC:.CLEAR	DESC:在3級，墓穴行者可以使用她的娃娃傳遞接觸法術。在以整輪動作施放一個接觸法術之後，女巫可以指定一個目標並一針刺進她的娃娃裡，將此法術施為遠程接觸法術來使用。目標必須在她的「褻瀆靈光」能力範圍內（見下文）。	
CATEGORY=Special Ability|Gravewalker ~ Aura of Desecration.MOD	OUTPUTNAME:褻瀆靈光（Aura of Desecration）	DESC:.CLEAR	DESC:在1級，墓穴行者可以創造一個20尺半徑的邪惡光環。光環使引導負能量豁免DC+1，並為不死生物提供驅散抗性+1。3級和之後的每2級，半徑的光環增加5尺，最高為20級時的70尺。這項能力取代女巫1級獲得的巫術。	
CATEGORY=Special Ability|Gravewalker ~ Bonethrall.MOD	OUTPUTNAME:骸骨奴役（Bonethrall）	DESC:.CLEAR	DESC:墓穴行者在她的褻瀆靈光範圍內，通過意志驅使來控制1個不死生物（意志豁免通過無效，DC與巫術相同）。如果豁免失敗，該生物歸她控制，如同她使用「命令死靈」法術（一旦控制建立，該不死生物即便離開褻瀆靈光範圍亦保持受控狀態）。有心智的不死生物每天能夠進行新的豁免以抗拒她的命令。女巫可以控制最多每施法者等級1HD的不死生物。如果不死生物處於他人控制下，女巫必須在下達與原控制者衝突的命令時進行魅力對抗檢定。這項能力取代女巫4級獲得的巫術。	
CATEGORY=Special Ability|Gravewalker ~ Possess Undead.MOD	OUTPUTNAME:佔據亡靈（Possess Undead）	DESC:.CLEAR	DESC:墓穴行者可直接控制她的褻瀆靈光範圍內的亡靈爪牙之一，如同她使用「魔魂壺」法術；女巫的咒術娃娃充當這項能力中的靈魂容器。亡靈爪牙無法對此能力進行豁免抵抗。這項能力取代女巫8級獲得的巫術。	
CATEGORY=Special Ability|Hedge Witch ~ Spontaneous Healing.MOD	OUTPUTNAME:自發醫療（Spontaneous Healing）	DESC:.CLEAR	DESC:樹籬女巫可以在未準備治療法術的情況下，將儲存的法術能量轉化為治療法術。女巫能夠「失掉」一個準備好的法術，換得一個同等級（或較低等級）的「治療傷害」法術，甚至她並不知道對應的法術也沒有問題。這項能力取代女巫4級獲得的巫術。	
CATEGORY=Special Ability|Hedge Witch ~ Empathic Healing.MOD	OUTPUTNAME:移情治療（Empathic Healing）	DESC:.CLEAR	DESC:樹籬女巫能夠通過將傷痛轉移給自己來極力減少患病或中毒的目標遭受的痛苦。對於中毒目標，女巫必須通過一個標準動作來照料他；他的下次抵抗毒素的豁免將照常進行，但豁免失敗造成的效果將由女巫本人承擔。對於患病目標，女巫必須通過1小時來照料他；他的下次抵抗疾病的豁免將照常進行，但豁免失敗造成的效果將由女巫本人承擔。女巫並不會真的陷入疾病或中毒狀態（也因此無需治癒），她僅是承擔苦痛的效果而已。女巫通常會使用此能力來延長瀕死之人的生命，為其爭取足夠的時間來自愈。若女巫免疫疾病或毒素則此能力無效。這項能力取代女巫8級獲得的巫術。	
CATEGORY=Special Ability|Sea Witch ~ Know Direction.MOD	OUTPUTNAME:知曉方向（Know Direction）	DESC:.CLEAR	DESC:只要當她靠近一個龐大的水體（至少為一個直徑1裡以上的湖泊），海之魔女就能以類法術能力任意施展「指北術」。	
CATEGORY=Special Ability|Sea Witch ~ Sea Creature Empathy.MOD	OUTPUTNAME:海洋認同（Sea Creature Empathy）	DESC:.CLEAR	DESC:海之魔女可以影響包括鳥類的水棲動物、以及生活在岸邊的動物的態度，如同使用了「野性認同」能力。使用此能力時，海之魔女用她的女巫等級作為德魯伊等級。如果海之魔女從另外的職業得到「野性認同」能力，她的女巫等級與其另外的職業等級疊加，以確定她在對這些種類的生物使用認同時的加值。這項能力取代女巫1級獲得的巫術。	
CATEGORY=Special Ability|Hex Channeler ~ Channel Energy.MOD	OUTPUTNAME:引導能量（Channel Energy）	DESC:.CLEAR	DESC:在二級巫術引導者可以召喚她的庇護住來通過她或她的魔寵來釋放一道能量波。善良的女巫引導正能量（如同善良牧師），邪惡的女巫引導負能量（如同邪惡牧師）。非善良或邪惡牧師必須選擇她引導正能量或負能量；一旦做出選擇則不能調轉。引導能量是以女巫為中心半徑30尺的爆發範圍，影響同一類的所有生物（活物或是不死生物）。女巫每天引導能量的次數是 3+她的魅力調整值（最少是1）。這個能力在其他方面如同牧師引導能量，除了女巫不需要聖徽來使用這個能力。對於引導能量的其他效果（除造成傷害、治療或進行分配），巫術引導者用她的女巫等級來代替牧師等級。巫術引導者可以選擇該能力是否影響她和她的魔寵。引導能量造成1d6 治療或傷害。每當她可以學習新的巫術時（包括強力和高等巫術，但不包括額外巫術專長獲得的巫術），可以選擇提升引導能力1d6來替代。這個能力取代2級獲得的巫術。	
CATEGORY=Special Ability|Mountain Witch ~ Mountain Beast Empathy.MOD	OUTPUTNAME:山脈野獸共鳴（Mountain Beast Empathy）	DESC:.CLEAR	DESC:在2級，山脈女巫可以影響山區動物的態度，就如同德魯伊理解動物的職業特徵一樣，但只能影響原本是生活與山脈地區的動物。山脈女巫用她的女巫等級代替德魯伊的等級來使用這個能力。這個能力代替在2級獲得的巫術。	
CATEGORY=Special Ability|Witch Hex ~ Blight.MOD	OUTPUTNAME:凋零（Blight）	DESC:.CLEAR	DESC:女巫能夠詛咒一隻動物、植物類別的生物，或一塊土地，使其枯萎或死亡。詛咒一塊土地消耗1輪時間，在此期間女巫和她的魔寵必須與目標保持接觸。遭到凋零侵襲的土地在第二天開始枯萎，生長在土地上的全部植物會在之後的一周內死亡。只要詛咒依舊持續，這片土地就無法生長任何東西。女巫可以影響半徑等同於「女巫等級×10尺半徑」範圍的區域。若以一名生物為目標，則需要標準動作並發動一次成功的近戰接觸攻擊，使目標植物或動物受到以下詛咒：凋零巫術（Blight Hex）：——類型－詛咒；豁免－意志通過則無效；頻率－每日1次；效果－1點體質傷害。以上兩種詛咒都可以被『移除詛咒』或類似的法術清除，移除DC等同於抵抗此效果的豁免DC。女巫在同一時間內只能保持一個凋零生效，若她再次使用此巫術，則前一次的效果即刻結束。	
CATEGORY=Special Ability|Witch Hex ~ Cackle.MOD	OUTPUTNAME:尖笑（Cackle）	DESC:.CLEAR	DESC:女巫可以用移動動作發出刺耳尖笑。任何距離女巫30尺之內，並受到她所施展的【苦咒】、【魅惑】、【邪眼】、【祈福】或【降禍】巫術影響中的生物，所受的以上效果延長1輪。	
CATEGORY=Special Ability|Witch Hex ~ Cauldron.MOD	OUTPUTNAME:魔釜（Cauldron）	DESC:.CLEAR	DESC:女巫獲得「製造藥劑」專長，並且工藝（煉金）技能獲得+4洞察加值。	
CATEGORY=Special Ability|Witch Hex ~ Charm.MOD	OUTPUTNAME:魅惑（Charm）	DESC:.CLEAR	DESC:女巫可以用柔和的語言和動作魅惑一名30尺內的動物或者類人生物。這會讓目標生物對女巫的態度上升一級，如同成功使用了交涉技能一樣。此效果會持續等同於女巫智力修正的輪數。成功的意志豁免可以令其無效。無論豁免成功與否，該生物在1天內都不會再次成為此巫術的目標。8級時，此能力會將目標的態度提升2級。這是一項〔影響心靈〕的〔魅惑〕效果。	
CATEGORY=Special Ability|Witch Hex ~ Coven.MOD	OUTPUTNAME:戰團（Coven）	DESC:.CLEAR	DESC:女巫能夠被視為一名鬼婆加入鬼婆戰團，戰團中至少有一名鬼婆。此外，若2名以上具備此巫術的女巫相互距離30尺以內，則她能夠通過協助他人動作使另一位女巫的施法者等級+1，持續1輪。該加值可作用於女巫的法術和所有巫術。	
CATEGORY=Special Ability|Witch Hex ~ Disguise.MOD	OUTPUTNAME:易容（Disguise）	DESC:.CLEAR	DESC:女巫可以在等同於她女巫等級的小時內改變外貌，如同使用了『易容術』。這些時間不需連續，但必須以1小時為單位。	
CATEGORY=Special Ability|Witch Hex ~ Evil Eye.MOD	OUTPUTNAME:邪眼（Evil Eye）	DESC:.CLEAR	DESC:女巫能夠引發距離她30尺內、並且她所能看見的敵人心中的迷惘。目標的以下一項數據遭受-2減值（由女巫選擇）：AC、屬性、攻擊、豁免或技能檢定。此巫術持續輪數為「3+智力修正」，成功的意志豁免可以將其減至1輪。這是一項〔影響心靈〕的效果。8級時，此能力給予的減值提升至-4。	
CATEGORY=Special Ability|Witch Hex ~ Flight.MOD	OUTPUTNAME:飛翔（Flight）	DESC:.CLEAR	DESC:女巫獲得令身體變輕的力量，並最終獲得了飛行能力。1級時，女巫可以隨意使用『羽落術』，且游泳檢定上獲得+4種族加值。3級時，她每天可施展『浮空術』1次。5級時，她能夠如同『飛行術』般飛翔，每天能夠飛行的分鐘數等同於她的女巫等級。這些時間不需連續，但必須以1分鐘為單位。	
CATEGORY=Special Ability|Witch Hex ~ Fortune.MOD	OUTPUTNAME:祈福（Fortune）	DESC:.CLEAR	DESC:女巫能夠為30尺內的一名生物在1輪內帶來好運。每輪1次，目標能夠憑借好運使任何屬性、攻擊、豁免或技能檢定雙骰取高。生物必須在檢定開始前決定是否需要使用此能力。8級和16級時，此巫術的持續時間都會延長1輪。每當一名生物受益於此巫術，24小時內無法再次從中獲益。	
CATEGORY=Special Ability|Witch Hex ~ Healing.MOD	OUTPUTNAME:治癒（Healing）	DESC:.CLEAR	DESC:女巫可以緩解她所觸碰者的痛苦。此能力等同於『治療輕傷』法術，使用女巫的施法者等級決定效果。每當一名生物受益於此巫術，24小時內無法再次從中獲益。5級起，此巫術如『治療中傷』般生效。	
CATEGORY=Special Ability|Witch Hex ~ Misfortune.MOD	OUTPUTNAME:降禍（Misfortune）	DESC:.CLEAR	DESC:女巫能夠為30尺內的一名生物在1輪內帶來噩運。每當目標進行任何屬性、攻擊、豁免或技能檢定時，都必須雙骰取低。成功的意志豁免可以令其無效。8級和16級時，此巫術的持續時間都會延長1輪。無論豁免成功與否，該生物在1天內都不會再次成為此巫術的目標。	
CATEGORY=Special Ability|Witch Hex ~ Slumber.MOD	OUTPUTNAME:沉眠（Slumber）	DESC:.CLEAR	DESC:女巫能夠令30尺內一名生物陷入深沉的魔法睡眠，如同『睡眠術』的效果。目標生物可以通過成功的意志豁免令其無效。若豁免失敗生物將陷入沉睡，持續輪數等同於女巫等級。本巫術能夠影響任意HD的生物。目標生物不會因為噪音或光亮而醒來，但他人可以使用標準動作喚醒目標。若目標生物遭受了任何傷害，巫術立刻結束。無論豁免成功與否，該生物在1天內都不會再次成為此巫術的目標。	
CATEGORY=Special Ability|Witch Hex ~ Tongues.MOD	OUTPUTNAME:巧言（Tongues）	DESC:.CLEAR	DESC:擁有此巫術的女巫每天能夠在等同於女巫等級的分鐘內理解任何說出的語言，如同『通曉語言』的效果。這些時間不需連續，但必須以1分鐘為單位。5級時，女巫可以用此能力說任何語言，如同『巧言術』的效果。	
CATEGORY=Special Ability|Witch Hex ~ Ward.MOD	OUTPUTNAME:守護（Ward）	DESC:.CLEAR	DESC:女巫可以用此巫術在一名生物身上布下守護的結界。目標生物AC獲得+2偏斜加值，豁免獲得+2抗力加值。此巫術會一直生效，直到其守護的生物被攻擊命中或在豁免檢定中失敗。當守護失效時，女巫能夠馬上得知這一點。女巫在同一時間只能為一名生物布下守護，若她再次使用此能力，前一次的守護會即刻失效。女巫不能對自己使用此能力。8級和16級時，此巫術所提供的加值都會再+1。	
CATEGORY=Special Ability|Witch Hex ~ Beast of Ill-Omen.MOD	OUTPUTNAME:凶獸（Beast of Ill-Omen）	DESC:.CLEAR	DESC:女巫在魔寵身上灌輸了可以讓下一個看到它的敵人受到詛咒的小魔法。敵人必須通過意志豁免以避免受到『絕望術』影響（施法者等級為女巫等級）。女巫可以使用這個巫術在她的魔寵上，影響範圍60尺。受影響的敵人，必須在魔寵60尺內才會觸發效果；更遠的距離看到魔寵並沒有影響（如果敵人和魔寵距離相互靠近到60尺內，則巫術生效）。絕望術先影響最接近魔寵的生物（距離相同則為先攻值較高者）。無論豁免成功與否，該生物在1天內都不會再次成為『絕望術』的目標（之後使用此巫術時，忽略該生物來決定誰受影響）。	
CATEGORY=Special Ability|Witch Hex ~ Child-Scent.MOD	OUTPUTNAME:嗅童（Child-Scent）	DESC:.CLEAR	DESC:女巫獲得「靈敏嗅覺」能力，但僅限於對人形生物的孩童和不成熟的動物。因此，她能聞出孩子的藏身之處或狼窩的幼崽，而不是孩子的父母或者巢穴。	
CATEGORY=Special Ability|Witch Hex ~ Feral Speech.MOD	OUTPUTNAME:野嚎（Feral Speech）	DESC:.CLEAR	DESC:此巫術給予女巫和動物交流並理解其反應的能力，如同使用『動物交談』，但每次當她使用巫術時，她必須決定溝通對像種類為兩棲類、鳥類、魚類、哺乳類或爬蟲類，只能與該類型的動物交流。女巫能夠在自己聲音所及的範圍內讓動物理解自己的話語。此巫術不會改變動物對女巫的態度。12級時，女巫可以使用此巫術和蟲類溝通。	
CATEGORY=Special Ability|Witch Hex ~ Nails.MOD	OUTPUTNAME:利爪（Nails）	DESC:.CLEAR	DESC:女巫的指甲長而鋒利，視作造成1d3點傷害（小體型女巫為1d2）的天生武器。這些是次要天生武器。如果修剪，女巫的指甲會在1d4天內重新生長到原本的大小。	
CATEGORY=Special Ability|Witch Hex ~ Poison Steep.MOD	OUTPUTNAME:浸毒（Poison Steep）	DESC:.CLEAR	DESC:女巫可以使用她的大釜來精煉用於注入水果和其他佳餚的劇毒，食用這些致命美食後如同受到『毒擊術』法術效果。精煉劇毒並注入美食共需耗時1小時，共計能夠影響1磅重的食物。食品的毒性存留24小時，毒性不能轉移到其他物體。食物口味正常，但魔法檢測將顯示它有毒性。女巫必須擁有【魔釜】巫術才能選擇此巫術。	
CATEGORY=Special Ability|Witch Hex ~ Prehensile Hair.MOD	OUTPUTNAME:檻發（Prehensile Hair）	DESC:.CLEAR	DESC:女巫可以立即使她的頭髮（甚至是眉毛）生長達10尺或縮回正常，並能操縱她的頭髮，如同其為一個力量屬性等於她智力屬性的肢體。她的頭髮觸及為10尺，她可以將其作為次要天生武器攻擊並造成1d3點傷害（小體型女巫為1d2）。她的頭髮可以操縱物品（但非武器）如同人手般靈巧。頭髮不會如同獨立生物般被攻擊或破武。從女巫的頭上斷落的長髮將消失歸於虛無。使用【檻發】並不會傷害女巫的頭頸，即使它吊起很重的東西。女巫每天可以操縱頭髮的分鐘等同於女巫等級，這些時間不必連續，但必須以1分鐘為單位。男性女巫也可用此巫術操縱他的鬍鬚、鬢角、眉毛或睫毛。【譯者吐槽：問——這巫術怎麼辦到的啊？答——這是女巫秘傳的睫毛伸縮膏，保證讓你擁有濃密修長的睫毛，想怎麼卷怎麼翹怎樣的形狀都行（惡）。】	
CATEGORY=Special Ability|Witch Hex ~ Scar.MOD	OUTPUTNAME:瘢痕（Scar）	DESC:.CLEAR	DESC:這項巫術使得女巫選擇並接觸的一名生物被刻上恐怖的詛咒痕跡，可能是烙印在前額的簡單圖紋字符、或是燒灼在身上的傷疤。目標生物可以通過成功的意志豁免令其無效。這些痕跡不會影響目標的感官或能力，但可能有礙觀瞻。女巫可以在1裡距離內對此目標施展她的巫術，並在對其施放『探知術』或類似預言系效果時視為擁有對象的一些身體部分。【瘢痕】效果在易容或變形時依然持續。女巫可以通過移動動作在任何距離從目標身上撤回此巫術。女巫能夠同時維持的瘢痕數量等同於她的智力修正；一旦達到上限，她想要烙印下一個目標則必須先從一位當前受術者中收回。移除詛咒的效果可以去除【瘢痕】。	
CATEGORY=Special Ability|Witch Hex ~ Swamp Hag.MOD	OUTPUTNAME:沼鬼（Swamp Hag）	DESC:.CLEAR	DESC:當穿越沼澤、泥濘等類似地形的時候，女巫不會留下任何足以被追蹤的線索，如同德魯伊的【無蹤步】能力。女巫可以如同步行正常地面般穿過泥濘甚至流沙。【譯註：其實這種產生無蹤步的能力一般是Ex或Su能力比較合理。】	
CATEGORY=Special Ability|Witch Hex ~ Unnerve Beasts.MOD	OUTPUTNAME:狂獸（Unnerve Beasts）	DESC:.CLEAR	DESC:目標將令動物們感到反感，成功的意志豁免可以令其無效。受術者面前的動物變得焦慮與暴躁——馬突然跳躍試圖將其摔落、狗對其亂咬和吠叫、牛群衝撞等等。此巫術的持續小時等同於女巫的智力修正。通過豁免的生物將不受此巫術影響1天。該巫術對動物是一種〔影響心靈〕的〔魅惑〕效果，但對巫術的目標則不是。	
CATEGORY=Special Ability|Witch Hex ~ Water Lung.MOD	OUTPUTNAME:水息（Water Lung）	DESC:.CLEAR	DESC:讓呼吸空氣的目標生物能夠在水中呼吸，或使水棲的目標生物能呼吸空氣，持續1分鐘。如果女巫對自己使用此巫術，她可以在睡眠中維持效果，使她能夠安全地睡在水下。	
CATEGORY=Special Ability|Witch Major Hex ~ Agony.MOD	OUTPUTNAME:苦咒（Agony）	DESC:.CLEAR	DESC:通過一句簡短的咒文，女巫可以對60尺內的一名生物施展此巫術，使其承受劇烈的痛楚。目標因此陷入反胃狀態，持續輪數等同於女巫等級。成功的強韌豁免可以令其無效。若豁免失敗，生物在之後的每輪都可以進行一次新的豁免以結束此效果。無論豁免成功與否，該生物在1天內都不會再次成為此巫術的目標。	
CATEGORY=Special Ability|Witch Major Hex ~ Hags Eye.MOD	OUTPUTNAME:鬼眼（Hags Eye）	DESC:.CLEAR	DESC:擁有此巫術的女巫可以創造一個魔法之眼並通過它觀察事物，其效果等同於『秘法眼』法術。若製造魔法之眼的女巫擁有【戰團】巫術，所有在她周圍10尺以內、且擁有【戰團】巫術的女巫同樣可以通過魔法之眼進行觀察，不過眼睛的掌控權仍屬於其創造者。她每天可以使用【鬼眼】的分鐘等同於女巫等級。這些時間不需連續，但必須以1分鐘為單位。	
CATEGORY=Special Ability|Witch Major Hex ~ Major Healing.MOD	OUTPUTNAME:救生（Major Healing）	DESC:.CLEAR	DESC:即使是嚴重的傷口，女巫也能夠輕輕觸碰就將其復原。此巫術等同於『治療重傷』效果，並使用女巫的施法者等級。每當一名生物受益於此巫術，24小時內無法再次從中獲益。15級時，此巫術如『治療致命傷』般生效。	
CATEGORY=Special Ability|Witch Major Hex ~ Nightmares.MOD	OUTPUTNAME:噩夢（Nightmares）	DESC:.CLEAR	DESC:女巫能夠呼喚邪能，令60尺內一名生物的睡眠長期受到噩夢折磨。此巫術會在每次目標嘗試睡眠時生效，作用如同『夢魘』法術。成功的意志豁免可以令其無效。若豁免失敗，每天晚上目標都必須進行一次新的豁免檢定，否則無法正常休息。	
CATEGORY=Special Ability|Witch Major Hex ~ Retribution.MOD	OUTPUTNAME:報償（Retribution）	DESC:.CLEAR	DESC:女巫能夠對60尺內一名生物降下詛咒，當受術者通過近戰傷害他人時，自身也會受到撕裂血肉的嚴重創傷。在受術者成功造成了近戰傷害後，他會立刻受到等同於所造成傷害一半的反噬（向下取整）。【報償】所造成的傷害忽略受術者擁有的一切抗力、免疫和傷害減免。此巫術持續輪數等同於女巫智力修正。成功的意志豁免可以令其無效。	
CATEGORY=Special Ability|Witch Major Hex ~ Vision.MOD	OUTPUTNAME:預觀（Vision）	DESC:.CLEAR	DESC:擁有【預觀】能力的女巫可以通過觸碰，令一名生物瞥到未來的少許碎片。使用預觀需要花費1分鐘，在此期間女巫和受術者必須保持接觸。在施術完成時，受術者能夠看到未來的簡單場景，通常為揭示之後一年內將要發生的事件，由GM決定。被揭示的一切只是未來許多可能中的一種，因而在任何意義上都是不確信的。絕大多數預觀的場景會因施展此巫術的女巫陣營而扭曲。譬如，混亂邪惡的女巫通常會展示死亡及毀滅的場面，而中立善良的女巫則傾向於展現一些令人愉悅的景象和事件。在一名生物所見的預言發生或被阻止之前，他無法再一次接受預觀。不情願的生物可以通過成功的意志豁免令其無效。	
CATEGORY=Special Ability|Witch Major Hex ~ Waxen Image.MOD	OUTPUTNAME:蠟像（Waxen Image）	DESC:.CLEAR	DESC:女巫能夠通過整輪動作創造出一名她能夠看到、且距離她30尺內的生物的複製蠟像。當複製品完成時，受術者必須進行一次意志豁免。若豁免失敗，女巫能夠在一定程度上控制此生物。每當她嘗試控制目標，目標都可以進行一次新的意志豁免以中止巫術的效果。這種行為控制在女巫的回合中完成，並且不會妨礙目標在它的回合中正常動作。女巫可以使用一具蠟像的次數等同於她的智力修正，其後蠟像會融化掉。女巫能以標準動作讓受術者做出以下任意行為：以其標準速度向任何方向移動；用手中的武器攻擊自己一次（此攻擊自動命中）；躺在地上；扔掉任何持有的物品。此外，女巫也可以簡單地折磨蠟像——這會消耗1次控制次數，令目標生物在其回合中同時陷入噁心和恍惚狀態。一旦此生物成功地通過豁免、抵抗了此巫術的效果，它就在之後的24小時內對其免疫。這是一個惑控系（脅迫）效果。	
CATEGORY=Special Ability|Witch Major Hex ~ Weather Control.MOD	OUTPUTNAME:御天（Weather Control）	DESC:.CLEAR	DESC:擁有此巫術的女巫能夠每天使用1次『操控天氣』，但製造天氣效果需要女巫花費整整1小時誦咒、舞蹈並同她的魔寵交流。	
CATEGORY=Special Ability|Witch Major Hex ~ Beast Eye.MOD	OUTPUTNAME:獸眸（Beast Eye）	DESC:.CLEAR	DESC:女巫可以讓她的感覺投射到範圍100尺內的一隻動物中，感覺其所感知的一切。她無法控制動物的行動。她能以標準動作將自己的感官從此動物轉移到100尺內的另一隻動物，並可以藉此讓感官持續飛躍，看到實際上距離很遠的地方。女巫能以自由動作讓感官回到自己的身體裡。正常動物無法對這種能力進行豁免，但是動物夥伴、聖騎士坐騎以及類似的不尋常動物可以用意志豁免進行抵抗；女巫可以使用這種能力在她自己的魔寵身上，如同它是一隻動物。如果女巫擁有【戰團】巫術，所有在她10尺內也擁有【戰團】巫術的其她女巫也可以通過這只動物的感官去看；不過施術的女巫依舊享有主控權。女巫每日可以使用此能力的分鐘等同於她的女巫等級，這些時間不需連續，但必須以1分鐘為單位。	
CATEGORY=Special Ability|Witch Major Hex ~ Cook People.MOD	OUTPUTNAME:烹人（Cook People）	DESC:.CLEAR	DESC:女巫可以通過在她的大釜內烹煮無論生死的智能類人生物，創造出難以置信的法術。使用這個巫術創造出怎樣的佳餚將由女巫決定，通常是美味的餐點，或一份適用於製作曲奇、小鬆餅等甜點的麵團。烹飪受害者需要1小時。享用這些食品將在1小時內為生物帶來下列效果之一：歲月抵抗，熊之堅韌，公牛之力，貓之優雅，鷹之威儀，狐之狡黠，中和毒素（立即），梟之睿智，移除疾病（立即）。此外，女巫可以將麵團塑造成小型類人生物，將其作為一個活動的人造人（Homunculus）1小時。女巫必須擁有【魔釜】巫術才能選擇此巫術。使用這項巫術、或在知情狀況下享用這種食物是一種邪惡行為。	
CATEGORY=Special Ability|Witch Major Hex ~ Hidden Home.MOD	OUTPUTNAME:秘居（Hidden Home）	DESC:.CLEAR	DESC:女巫可以隱藏或掩飾她的家園和周圍地區，如同使用「海市蜃樓」法術。在使用此巫術前，她必須花1天沿著區域的邊境踱步丈量40000平方尺（約200尺見方）左右，以確定家園領土。此後，只要女巫處在該地區，她就能以標準動作使用此巫術改變該地區的外觀。這個幻術持續存在，直到女巫更改或解消。對於此能力而言，女巫同時只能擁有一片「家園領土」。	
CATEGORY=Special Ability|Witch Major Hex ~ Hoarfrost.MOD	OUTPUTNAME:白霜（Hoarfrost）	DESC:.CLEAR	DESC:目標被凝霜形成的冰針外殼所覆蓋，白霜緩慢地入侵他的血肉。目標變得蒼白和發青，每分鐘受到1點體質傷害直到死亡、通過強韌豁免（每分鐘1次）、或被治癒。『破除結界』、『解除魔法』、『移除詛咒』或類似法術可結束該效果。通過豁免的生物將不受此巫術影響1天。這是一個〔冷〕效果。	
CATEGORY=Special Ability|Witch Major Hex ~ Ice Tomb.MOD	OUTPUTNAME:冰塚（Ice Tomb）	DESC:.CLEAR	DESC:暴風雨和凍結的冰風籠罩目標，造成3d8點寒冷傷害（強韌豁免通過則減半）。如果目標豁免失敗，他會麻痺並失去意識，但在冰封結束前的時間內並不需要進食或呼吸。冰有20點生命值，摧毀冰將使該生物恢復自由，但在被釋放後仍將恍惚1d4輪。無論豁免成功與否，該生物在1天內都不會再次成為此巫術的目標。	
CATEGORY=Special Ability|Witch Major Hex ~ Infected Wounds.MOD	OUTPUTNAME:感染（Infected Wounds）	DESC:.CLEAR	DESC:目標的傷口開始感染（強韌豁免通過則無效）。目標每天受到1點體質傷害。第一天過後，目標每天可以進行1次豁免以治癒感染。這是一種〔疾病〕效果。	
CATEGORY=Special Ability|Witch Major Hex ~ Speak in Dreams.MOD	OUTPUTNAME:夢談（Speak in Dreams）	DESC:.CLEAR	DESC:女巫可以如同使用「托夢術」般聯繫一名生物。女巫每天可以使用此能力溝通的生物數量等同於她的智力修正，但向同一生物多次傳訊並不會消耗額外次數。	
CATEGORY=Special Ability|Witch Major Hex ~ Witch's Brew.MOD	OUTPUTNAME:魔釀（Witch's Brew）	DESC:.CLEAR	DESC:當女巫用【魔釜】來調製藥劑時，她可以花費雙倍的成本同時製造兩份相同的藥水。15級時，她可以花費三倍的成本同時製造三份相同的藥水。女巫必須有擁有【魔釜】巫術才可以選擇此巫術。	
CATEGORY=Special Ability|Witch Grand Hex ~ Death Curse.MOD	OUTPUTNAME:死咒（Death Curse）	DESC:.CLEAR	DESC:這項強大的巫術能夠停止一名生物心臟的跳動，令其在瞬息之間死去。此巫術距離為30尺，目標生物可以通過成功的意志豁免令其無效。若豁免失敗，生物在接下來的第一輪陷入疲乏；第二輪陷入力竭；第三輪，生物需要通過成功的強韌豁免，否則將死亡。在意志豁免中失敗、但成功通過強韌豁免的生物會保持力竭狀態，並受到「4d6+女巫等級」的傷害。殺死該女巫會中止此效果，但已經生效的疲乏或力竭狀態依舊保留。無論豁免成功與否，該生物在1天內都不會再次成為此巫術的目標。	
CATEGORY=Special Ability|Witch Grand Hex ~ Eternal Slumber.MOD	OUTPUTNAME:永眠（Eternal Slumber）	DESC:.CLEAR	DESC:女巫能夠經由一次觸碰就讓一名生物陷入永久的沉睡。目標生物可以通過成功的意志豁免令其無效。若豁免失敗，生物陷入睡眠並且無法被喚醒。只有『祈願術』或者類似的法術才能解除「永眠」，不過殺死女巫也會中止此巫術。女巫可以通過此能力為飲食下毒，而攝取該飲食的生物同樣需要通過意志豁免或永久陷入沉睡。女巫在同一時間只能對一份食物下毒，且咒毒會在未被食用的1分鐘後失效。無論豁免成功與否，該生物在1天內都不會再次成為此巫術的目標。	
CATEGORY=Special Ability|Witch Grand Hex ~ Forced Reincarnation.MOD	OUTPUTNAME:枯榮（Forced Reincarnation）	DESC:.CLEAR	DESC:女巫能夠令30尺內的一名生物死亡並立刻轉生為新的身軀。通過成功的意志豁免可以令其無效。豁免失敗的生物將被殺害，並瞬間以『轉生術』所復活。無論豁免成功與否，該生物在1天內都不會再次成為此巫術的目標。	
CATEGORY=Special Ability|Witch Grand Hex ~ Life Giver.MOD	OUTPUTNAME:賜命（Life Giver）	DESC:.CLEAR	DESC:每天1次，女巫可以通過整輪動作碰觸一個死去的生物並令其起死回生。這項能力如同『復生術』，但它無需材料成分。	
CATEGORY=Special Ability|Witch Grand Hex ~ Natural Disaster.MOD	OUTPUTNAME:天災（Natural Disaster）	DESC:.CLEAR	DESC:通過此巫術，女巫可以呼喚自然的可怕力量，為一片土地帶來浩劫。此巫術的效果等同於『復仇風暴』與『地震術』法術的組合，地震術在第二輪生效（此時酸液的暴雨正從天而降）。女巫必須在使用此巫術時保持專注，若被打擾則效果立刻中止。女巫每天只能使用1次此巫術。	
CATEGORY=Special Ability|Witch Grand Hex ~ Dire Prophecy.MOD	OUTPUTNAME:凶兆（Dire Prophecy）	DESC:.CLEAR	DESC:女巫詛咒的目標注定要死亡（意志豁免通過則無效）。只要詛咒仍然存在，目標的AC、攻擊、豁免、屬性和技能檢定就遭受-4減值。雖然詛咒持續存在，女巫可以通過將詛咒結束、集中全部力量一次性地給予受害者。這樣做可以使受害人的AC或單次攻擊、戰技、技能、屬性對抗或豁免檢定遭受等同於女巫施法者等級的減值。女巫必須在對應檢定之前決定是否如此施為。如果女巫與目標間沒有視線，那麼詛咒的全力暴發將發生在GM認為最合適的時點，如在目標正遭逢危機之時。一個目標同時只能背負至多一項凶兆。無論豁免成功與否，該生物在1天內都不會再次成為此巫術的目標。這是一個〔詛咒〕效果。【譯註：此處未說明爆發性降低AC效果的持續時間，個人認為以針對單次攻擊時承受巨大減值為宜。】	
CATEGORY=Special Ability|Witch Grand Hex ~ Summon Spirit.MOD	OUTPUTNAME:喚魂（Summon Spirit）	DESC:.CLEAR	DESC:女巫招出了一個HD不超過18的類人生物的幽魂。鬼魂有自己的個性和慾望，但願意跟女巫討價還價，如同她施放了『高等異界盟約』。作為和女巫契約的保證，幽魂需要相當於1個臨時負向等級的生命能量（這是在使幽魂服務的標準價格額外的代價）。只要幽靈仍然在服務女巫，這種負向等級就會持續存在；女巫可以用標準動作結束該契約，並立即消除負向等級。	
CATEGORY=Special Ability|Witch Grand Hex ~ Witch's Hut.MOD	OUTPUTNAME:魔居（Witch's Hut）	DESC:.CLEAR	DESC:女巫可以活化一間小屋、房子、棚車、帳篷或類似結構。小屋最大活化為超大型生物（約15尺見方）。這個活化小屋的硬度增加到8而且生命值加倍。女巫可以對小屋發出以下命令：守衛（小屋使用女巫的察覺技能加值監視120尺內的入侵者，如果發現則尖叫），隱藏（所有出入口都隱藏在『幻像牆』之後並以『秘法鎖』上鎖），移動（以巨大的鳥腿或骨腳用60尺的速度跟隨女巫前進，並可以接受一些簡單的指令，像是「跟在我身後100尺」）。小屋持續活動直到24小時結束、她解消效果或活化另一個目標，屆時小屋停在原地並恢復為非魔法狀態。	
