CATEGORY=Special Ability|Barbarian ~ Fast Movement.MOD	OUTPUTNAME:快速移動（Fast Movement）	DESC:.CLEAR	DESC:野蠻人的陸上速度比他的同種族正常速度快10尺。只有在野蠻人未穿甲或者穿輕或中甲，並且沒有重載時他才能獲得該加值。在計算因負載或穿甲產生的速度修正時要先應用此加值。此加值可以與其他任何增加野蠻人陸上速度的效果疊加。	
CATEGORY=Special Ability|Barbarian ~ Rage.MOD	OUTPUTNAME:狂暴（Rage）	DESC:.CLEAR	DESC:野蠻人可以喚起身體深處所潛藏的力量與凶性，以獲取更加強大的戰鬥能力。1級時，野蠻人每天可以狂暴的回合數為「4+體質修正」輪。之後的每級，野蠻人的狂暴都可以再多持續2輪。體質的暫時增加，例如得自狂暴或『熊之堅韌』法術的加值，都不會讓野蠻人每天的狂暴輪數有所增加。野蠻人可以用一個自由動作進入狂暴，他每天的狂暴輪數會再休息8小時之後自動回滿，然而這8小時並不需要連貫。狂暴時，野蠻人在力量與體質上獲得+4士氣加值，意志豁免上獲得+2士氣加值，但AC-2。體質的增加讓野蠻人的生命值獲得了每級2點的增加，但是這些生命值會因狂暴結束時體質恢復原值而一起失去（這些額外生命值不會像暫時生命值那樣先失去）。在狂暴期間，野蠻人不能使用任何基於魅力、敏捷，或者智力的技能（除了特技、飛行、威嚇和騎術），不能使用專注，也不能使用任何需要耐心或需要集中精神的能力。野蠻人可以用一個自由動作結束狂暴，並陷入疲乏狀態，持續的輪數等於他狂暴輪數的2倍。野蠻人不能在他仍處於疲乏狀態時啟動另一次狂暴，但他可以在一次遭遇或戰鬥中多次進入狂暴。如果野蠻人在戰鬥中陷入昏迷，狂暴將立即中止，令他置身於致命的危險之中。	
CATEGORY=Special Ability|Barbarian ~ Rage Powers.MOD	OUTPUTNAME:狂暴之力（Rage Powers）	DESC:.CLEAR	DESC:當野蠻人變的更加老練時，他瞭解到駕馭自身狂暴之力的新方法。2級時，野蠻人會獲得1個狂暴之力。之後的每偶數級，他都可以再習得1個額外的狂暴之力。野蠻人只能在他狂暴時使用狂暴之力。野蠻人不可以選擇同一個狂暴之力多於1次。除非特殊寫出，否則啟動這些能力都是一個迅捷動作，且只能在野蠻人的回合時啟動。	
CATEGORY=Special Ability|Barbarian ~ Uncanny Dodge.MOD	OUTPUTNAME:直覺閃避（Uncanny Dodge）	DESC:.CLEAR	DESC:2級起，野蠻人獲得下意識規避危險的能力。他不會陷入措手不及，被不可見的攻擊者攻擊時依然保留AC上的敏捷加值。不過如果他不能動，他還是會丟掉AC上的敏捷加值。如果野蠻人已經由其他職業獲得了【直覺閃避】能力，那麼他自動獲得【精通直覺閃避】（見後）。如果對手成功以虛招唬騙擁有此能力的野蠻人，則他還是會失去AC的敏捷加值。	
CATEGORY=Special Ability|Barbarian ~ Trap Sense.MOD	OUTPUTNAME:陷阱感知（Trap Sense）	DESC:.CLEAR	DESC:3級起，野蠻人躲避陷阱的反射豁免+1，對抗陷阱攻擊的AC+1。該加值在之後每3個野蠻人等級都會再+1（6，9，12，15，18級）。從不同職業獲得的【陷阱感知】加值可以累加。	
CATEGORY=Special Ability|Barbarian ~ Improved Uncanny Dodge.MOD	OUTPUTNAME:精通直覺閃避（Improved Uncanny Dodge）	DESC:.CLEAR	DESC:5級起，野蠻人不再受到夾擊。因此盜賊無法以夾擊方式偷襲野蠻人，除非攻擊者的盜賊等級比目標野蠻人等級高至少4級。如果角色已經因為其他職業獲得【直覺閃避】能力，該角色在得到直覺閃避時自動獲得【精通直覺閃避】，並且將所有獲得直覺閃避職業的等級累加起來以決定夾擊此角色所需的最低盜賊等級。	
CATEGORY=Special Ability|Barbarian ~ Damage Reduction.MOD	OUTPUTNAME:傷害減免（Damage Reduction）	DESC:.CLEAR	DESC:7級起，野蠻人獲得DR。在受到武器或天生武器攻擊時，野蠻人受到的傷害要減少1點。10級起每3級（13，16，19級）該DR都會增加1點。DR可以讓傷害降低到0，但是不能低於0。	
CATEGORY=Special Ability|Barbarian ~ Greater Rage.MOD	OUTPUTNAME:大狂暴（Greater Rage）	DESC:.CLEAR	DESC:11級起，野蠻人在狂暴時，力量和體質都會得到+6士氣加值，意志豁免上的士氣加值增加到+3。	
CATEGORY=Special Ability|Barbarian ~ Indomitable Will.MOD	OUTPUTNAME:不屈意志（Indomitable Will）	DESC:.CLEAR	DESC:14級或之後的野蠻人在狂暴中對抗惑控系法術時意志豁免+4。該加值可以和其他所有加值累加，包括在狂暴期間已經獲得的意志豁免士氣加值。	
CATEGORY=Special Ability|Barbarian ~ Tireless Rage.MOD	OUTPUTNAME:不倦狂暴（Tireless Rage）	DESC:.CLEAR	DESC:17級起，野蠻人在狂暴結束後不再疲乏。	
CATEGORY=Special Ability|Barbarian ~ Mighty Rage.MOD	OUTPUTNAME:強力狂暴（Mighty Rage）	DESC:.CLEAR	DESC:20級時，野蠻人在狂暴時，力量和體質都會得到+8士氣加值，意志豁免上的士氣加值增加到+4。	
CATEGORY=Special Ability|Rage Power ~ Animal Fury.MOD	OUTPUTNAME:野性之怒（Animal Fury）	DESC:.CLEAR	DESC:當狂暴時，野蠻人可以做出一次嚙咬攻擊。如果作為全力攻擊的一部分來使用，則嚙咬攻擊在計算時使用野蠻人的最高BAB-5。如果這次攻擊成功了，它造成1d4點（這是野蠻人是中型時的情況；如果是小型，則造成1d3點傷害）加上力量修正一半的傷害。野蠻人可以將嚙咬攻擊作為維持或掙脫擒抱動作的一部分，這項攻擊在擒抱之前結算。如果他這樣做並且成功了，則該回合他對該目標做出的所有擒抱檢定都有+2加值。	
CATEGORY=Special Ability|Rage Power ~ Clear Mind.MOD	OUTPUTNAME:心如堅鋼（Clear Mind）	DESC:.CLEAR	DESC:野蠻人可以重骰一次失敗的意志豁免。使用此狂暴之力是一個直覺動作，而且必須在GM宣佈結果前啟用。他必須接受重骰結果，即使更糟。野蠻人必須至少8級才能選取此狂暴之力。他每次狂暴只能使用1次此能力。	
CATEGORY=Special Ability|Rage Power ~ Fearless Rage.MOD	OUTPUTNAME:無懼狂暴（Fearless Rage）	DESC:.CLEAR	DESC:當狂暴時，野蠻人免疫戰慄與驚懼效果。野蠻人必須至少12級才能選取此狂暴之力。	
CATEGORY=Special Ability|Rage Power ~ Guarded Stance.MOD	OUTPUTNAME:守衛姿態（Guarded Stance）	DESC:.CLEAR	DESC:野蠻人對抗近戰攻擊的AC獲得+1閃避加值，此加值持續等同於他體質修正的輪數（最少1輪）。此加值每6個野蠻人等級會再+1。使用此狂暴之力是一個不會觸發藉機攻擊的移動動作。	
CATEGORY=Special Ability|Rage Power ~ Increased Damage Reduction.MOD	OUTPUTNAME:增強傷害減免（Increased Damage Reduction）	DESC:.CLEAR	DESC:野蠻人的傷害減免增加「1/-」。當野蠻人狂暴時，此加值即生效。野蠻人可以選重複選取這個狂暴之力，最多3次，其效果疊加。野蠻人必須至少8級才能選取此狂暴之力。	
CATEGORY=Special Ability|Rage Power ~ Internal Fortitude.MOD	OUTPUTNAME:內在強韌（Internal Fortitude）	DESC:.CLEAR	DESC:當身處狂暴時，野蠻人免疫噁心與反胃效果。野蠻人必須至少8級才能選取此狂暴之力。	
CATEGORY=Special Ability|Rage Power ~ Intimidating Glare.MOD	OUTPUTNAME:威嚇凝視（Intimidating Glare）	DESC:.CLEAR	DESC:野蠻人能以移動動作對一名鄰接敵人進行一次威嚇技能檢定。如果他成功挫敗對方士氣，則敵人將戰慄「1d4+1/野蠻人的檢定結果每超過威嚇DC5點」輪。	
CATEGORY=Special Ability|Rage Power ~ Knockback.MOD	OUTPUTNAME:擊飛（Knockback）	DESC:.CLEAR	DESC:每輪1次，野蠻人可以進行一次衝撞檢定來取代一次近戰攻擊。如果成功，目標承受等同於野蠻人力量修正的傷害，且如常地向後移動。如果成功，野蠻人無須跟著目標移動。此動作不會引發藉機攻擊。	
CATEGORY=Special Ability|Rage Power ~ Low-Light Vision.MOD	OUTPUTNAME:昏暗視覺（Low-Light Vision）	DESC:.CLEAR	DESC:野蠻人的感官瞬間變的更加靈敏。當狂暴時，他獲得昏暗視覺。	
CATEGORY=Special Ability|Rage Power ~ Mighty Swing.MOD	OUTPUTNAME:猛力揮擊（Mighty Swing）	DESC:.CLEAR	DESC:野蠻人可以自動通過重擊確認。使用此狂暴之力是一個直覺動作，且必須在攻擊檢定進入重擊範圍時才能啟用。野蠻人必須至少12級才能選取此狂暴之力。他每次狂暴只能使用1次此能力。	
CATEGORY=Special Ability|Rage Power ~ Moment of Clarity.MOD	OUTPUTNAME:心境澄明（Moment of Clarity）	DESC:.CLEAR	DESC:野蠻人可以忽視狂暴所帶來的負面效果，為時1輪。使用此狂暴之力是一個迅捷動作。這包括了AC減值和可行動作的限制。此輪依舊算在野蠻人每日狂暴輪數中。他每次狂暴只能使用1次此能力。	
CATEGORY=Special Ability|Rage Power ~ Night Vision.MOD	OUTPUTNAME:夜之視覺（Night Vision）	DESC:.CLEAR	DESC:野蠻人的感官在瞬息之間變的無比銳利。當狂暴時，他獲得60尺的黑暗視覺。野蠻人必須有作為狂暴之力或是種族特性的昏暗視覺，才能選取此狂暴之力。	
CATEGORY=Special Ability|Rage Power ~ No Escape.MOD	OUTPUTNAME:無處可逃（No Escape）	DESC:.CLEAR	DESC:野蠻人能以一個直覺動作移動等同於他雙倍正常速度的距離，但他只能在一名鄰接敵人進行撤退動作時使用此能力。他必須在鄰近該敵人的方格內結束他的移動。野蠻人在此移動中如常引發藉機攻擊。他每次狂暴只能使用1次此能力。	
CATEGORY=Special Ability|Rage Power ~ Powerful Blow.MOD	OUTPUTNAME:猛力一擊（Powerful Blow）	DESC:.CLEAR	DESC:野蠻人單次傷害檢定+1。此加值每4個野蠻人等級會再+1。使用此狂暴之力是一個迅捷動作，且必須在攻擊檢定之前啟用。他每次狂暴只能使用1次此能力。	
CATEGORY=Special Ability|Rage Power ~ Quick Reflexes.MOD	OUTPUTNAME:超速反射（Quick Reflexes）	DESC:.CLEAR	DESC:當狂暴時，野蠻人可以每輪做出一次額外的藉機攻擊。	
CATEGORY=Special Ability|Rage Power ~ Raging Climber.MOD	OUTPUTNAME:狂暴攀手（Raging Climber）	DESC:.CLEAR	DESC:當狂暴時，野蠻人可以將他的等級作為增強加值，加到攀爬技能檢定上。	
CATEGORY=Special Ability|Rage Power ~ Raging Leaper.MOD	OUTPUTNAME:狂暴跳躍（Raging Leaper）	DESC:.CLEAR	DESC:當狂暴時，野蠻人可以將他的等級作為增強加值，加到進行跳躍的特技技能檢定上。當用此方式進行跳躍時，野蠻人總是視為已經進行助跑。	
CATEGORY=Special Ability|Rage Power ~ Raging Swimmer.MOD	OUTPUTNAME:狂暴游者（Raging Swimmer）	DESC:.CLEAR	DESC:當狂暴時，野蠻人可以將他的等級作為增強加值，加到游泳技能檢定上。	
CATEGORY=Special Ability|Rage Power ~ Renewed Vigor.MOD	OUTPUTNAME:重生之力（Renewed Vigor）	DESC:.CLEAR	DESC:以一個標準動作，野蠻人可以醫療自己「1d8+體質修正值」點傷害。他每增加4個野蠻人等級，傷害的治療量就會+1d8，直到20級最高的5d8。野蠻人必須至少4級才能選取此狂暴之力。他每次狂暴只能使用1次此能力。	
CATEGORY=Special Ability|Rage Power ~ Rolling Dodge.MOD	OUTPUTNAME:輪擺位移（Rolling Dodge）	DESC:.CLEAR	DESC:野蠻人對抗遠程攻擊的AC獲得+1閃避加值，此加值持續等同於他體質修正的輪數（最少1輪）。此加值每6個野蠻人等級會再+1。使用此狂暴之力是一個不會引發藉機攻擊的移動動作。	
CATEGORY=Special Ability|Rage Power ~ Roused Anger.MOD	OUTPUTNAME:無邊怒火（Roused Anger）	DESC:.CLEAR	DESC:野蠻人即使在疲乏狀態下也可以進入狂暴。當野蠻人使用此能力後進入狂暴，他免疫疲乏狀態。然而狂暴結束後，每狂暴1輪，野蠻人就會力竭10分鐘。	
CATEGORY=Special Ability|Rage Power ~ Scent.MOD	OUTPUTNAME:靈敏嗅覺（Scent）	DESC:.CLEAR	DESC:野蠻人在狂暴中獲得靈敏嗅覺能力，並可用於定位不可視的敵人（參見特殊能力中「靈敏嗅覺」的相關描述）。	
CATEGORY=Special Ability|Rage Power ~ Strength Surge.MOD	OUTPUTNAME:蠻勇之力（Strength Surge）	DESC:.CLEAR	DESC:野蠻人將他的野蠻人職業等級加到單此力量檢定、戰技檢定或是CMD上（當敵人對他發動戰技時）。使用此狂暴之力是一個直覺動作。他每次狂暴只能使用1次此能力。	
CATEGORY=Special Ability|Rage Power ~ Superstition.MOD	OUTPUTNAME:迷信（Superstition）	DESC:.CLEAR	DESC:野蠻人對抗法術、超自然能力與類法術能力的豁免檢定獲得+2士氣加值。此加值每4個野蠻人等級會再+1。當狂暴時，野蠻人無法自願成為任何法術的目標，且必須進行豁免檢定來對抗任何法術，就算它是由友方所施展的。	
CATEGORY=Special Ability|Rage Power ~ Surprise Accuracy.MOD	OUTPUTNAME:無比精準（Surprise Accuracy）	DESC:.CLEAR	DESC:野蠻人單次攻擊檢定獲得+1士氣加值。此加值每4個野蠻人等級會再+1。使用此狂暴之力是一個迅捷動作，且必須在攻擊檢定之前啟用。他每次狂暴只能使用1次此能力。	
CATEGORY=Special Ability|Rage Power ~ Swift Foot.MOD	OUTPUTNAME:迅足（Swift Foot）	DESC:.CLEAR	DESC:野蠻人的速度獲得5尺增強加值。此加值在野蠻人狂暴時總是生效。野蠻人可以重複選取這個狂暴之力，最多3次，其效果疊加。	
CATEGORY=Special Ability|Rage Power ~ Terrifying Howl.MOD	OUTPUTNAME:怖懼狂嚎（Terrifying Howl）	DESC:.CLEAR	DESC:以一個標準動作，野蠻人能自口中爆出一聲震人心魄的狂嚎聲。30尺內的所有已戰慄的敵人必須進行一次DC為「10+1/2野蠻人等級+力量修正」的意志豁免，失敗者將恐慌「1d4+1」輪。當敵人對你的【怖懼狂嚎】進行過檢定（無論成功通過與否），則它在接下來的24小時內都將免疫此效果。野蠻人必須先擁有【威嚇凝視】且至少8級才能選取此狂暴之力。	
CATEGORY=Special Ability|Rage Power ~ Unexpected Strike.MOD	OUTPUTNAME:詭擊（Unexpected Strike）	DESC:.CLEAR	DESC:野蠻人可以對移動進他威脅範圍內的敵人進行藉機攻擊，無論該移動是否會正常的引發藉機攻擊。他每次狂暴只能使用1次此能力。野蠻人必須至少8級才能選取此狂暴之力。	
CATEGORY=Special Ability|Rage Power ~ Beast Totem (Lesser).MOD	OUTPUTNAME:次級野獸圖騰（Beast Totem, Lesser）	DESC:.CLEAR	DESC:狂暴時野蠻人獲得2爪抓攻擊。這些攻擊是主要攻擊，並使用野蠻人的完整的BAB。爪抓造成1d6點揮砍傷害（小型生物為1d4）再加上野蠻人的力量修正。	
CATEGORY=Special Ability|Rage Power ~ Beast Totem.MOD	OUTPUTNAME:中級野獸圖騰（Beast Totem）	DESC:.CLEAR	DESC:狂暴時野蠻人AC獲得+1天生護甲加值。這個加值每4個野蠻人等級+1。野蠻人必須習得【次級野獸圖騰】且至少6級才能選擇這個狂暴之力。	
CATEGORY=Special Ability|Rage Power ~ Beast Totem (Greater).MOD	OUTPUTNAME:高級野獸圖騰（Beast Totem, Greater）	DESC:.CLEAR	DESC:狂暴時野蠻人獲得「猛撲」特殊能力，讓他在衝鋒之後能發動全力攻擊。此外，他的爪抓傷害增加到1d8（小型生物為1d6），重擊倍率增為×3。野蠻人必須習得【中級野獸圖騰】且至少10級才能選擇這個狂暴之力。	
CATEGORY=Special Ability|Rage Power ~ Boasting Taunt.MOD	OUTPUTNAME:挑釁（Boasting Taunt）	DESC:.CLEAR	DESC:狂暴時野蠻人可以用挫敗士氣的威嚇技能檢定煽動生物攻擊他。如果檢定成功，目標只要看到那個狂暴中的野蠻人就一直處於戰慄狀態，直到他近戰攻擊該野蠻人。野蠻人狂暴時每攝入一份酒精，威嚇檢定就獲得+2環境加值。這是一個依賴於語言的【影響心靈】作用，它依靠發聲器官。野蠻人必須至少6級才能選擇這個狂暴之力。	
CATEGORY=Special Ability|Rage Power ~ Brawler.MOD	OUTPUTNAME:鬥毆（Brawler）	DESC:.CLEAR	DESC:狂暴時野蠻人被視為如同有「精通徒手擊打」專長。如果他已經擁有專長，他徒手打擊造成1d6點傷害（小型1d4）。	
CATEGORY=Special Ability|Rage Power ~ Brawler (Greater).MOD	OUTPUTNAME:高等鬥毆（Brawler, Greater）	DESC:.CLEAR	DESC:狂暴時野蠻人的徒手攻擊被視為如同有「雙武器格鬥」專長。野蠻人必須習得【鬥毆】的野蠻人才能選擇此狂暴之力。	
CATEGORY=Special Ability|Rage Power ~ Chaos Totem (Lesser).MOD	OUTPUTNAME:次級混沌圖騰（Chaos Totem, Lesser）	DESC:.CLEAR	DESC:狂暴時野蠻人對秩序生物的攻擊獲得+1AC偏斜加值，並在對抗『困惑術』、『精神錯亂』、『變形術』與有秩序描述的法術時，豁免檢定獲得+1抗力加值。每當野蠻人選擇一個新的混沌圖騰狂暴之力時，該加值再+1。	
CATEGORY=Special Ability|Rage Power ~ Chaos Totem.MOD	OUTPUTNAME:中級混沌圖騰（Chaos Totem）	DESC:.CLEAR	DESC:狂暴時野蠻人的身影充滿了混沌力量。他的脫逃技能檢定+4，並有25%%的幾率免除重擊和偷襲的額外傷害。野蠻人必須習得【次級混沌圖騰】且至少6級才能選擇這個狂暴之力。	
CATEGORY=Special Ability|Rage Power ~ Chaos Totem (Greater).MOD	OUTPUTNAME:高級混沌圖騰（Chaos Totem, Greater）	DESC:.CLEAR	DESC:狂暴時野蠻人獲得DR「1/2野蠻人等級/秩序」。他的武器和天生武器在克服DR時視為混亂陣營。野蠻人必須習得【中級混沌圖騰】且至少10級才能選擇這個狂暴之力。	
CATEGORY=Special Ability|Rage Power ~ Come and Get Me.MOD	OUTPUTNAME:反擊態勢（Come and Get Me）	DESC:.CLEAR	DESC:狂暴時，野蠻人可以用一個自由動作準備展開毀滅性的反擊。直到野蠻人的下一回合之前，敵人對他的攻擊檢定和傷害檢定+4，但是敵人對他的每次攻擊都會引起野蠻人的藉機攻擊，藉機攻擊會在敵人的攻擊之前完成。野蠻人必須至少12級才能選擇這個狂暴之力。	
CATEGORY=Special Ability|Rage Power ~ Disruptive.MOD	OUTPUTNAME:擾法者（Disruptive）	DESC:.CLEAR	DESC:狂暴時野蠻人獲得「擾法者」作為獎勵專長。野蠻人必須習得【迷信】才能選擇此狂暴之力。野蠻人必須至少8級才能選擇這個狂暴之力。	
CATEGORY=Special Ability|Rage Power ~ Elemental Rage (Lesser).MOD	OUTPUTNAME:次級元素之怒（Elemental Rage, Lesser）	DESC:.CLEAR	DESC:作為一個迅捷動作，野蠻人這輪的所有近戰攻擊額外造成1d6點能量傷害（強酸、寒冷、電擊或火焰）。野蠻人必須至少4級才能選擇這個狂暴之力。這項能力每次狂暴只能使用1次。	
CATEGORY=Special Ability|Rage Power ~ Elemental Rage.MOD	OUTPUTNAME:中級元素之怒（Elemental Rage）	DESC:.CLEAR	DESC:狂暴時野蠻人近戰攻擊額外造成1d6點能量傷害（強酸、寒冷、電擊或火焰），能量類型在野蠻人進入狂暴時決定。野蠻人必須習得「次級元素之怒」且至少8級才能選擇這個狂暴之力。請注意，野蠻人仍然可以使用他的【次級元素之怒】，但他必須選擇不同的能量類型。	
CATEGORY=Special Ability|Rage Power ~ Elemental Rage (Greater).MOD	OUTPUTNAME:高等元素之怒（Elemental Rage, Greater）	DESC:.CLEAR	DESC:狂暴時野蠻人的所有近戰武器重擊額外造成1d10點能量傷害（如果武器重擊倍率×3則增為2d10，×4則增為3d10）。這種傷害的類型與「中級元素之怒」選擇的類型相同。野蠻人必須習得【中級元素之怒】且至少12級才能選擇這個狂暴之力。	
CATEGORY=Special Ability|Rage Power ~ Energy Absorption.MOD	OUTPUTNAME:能量吸收（Energy Absorption）	DESC:.CLEAR	DESC:野蠻人能吸收一次攻擊的能量傷害。他不進行豁免，但不造成傷害，而原本造成的每3點傷害讓野蠻人獲得1點臨時HP。這些臨時HP持續到野蠻人的狂暴結束。野蠻人必須習得【高等能量抵抗】且至少12級才能選擇這個狂暴之力。這項能力每次狂暴只能使用1次。	
CATEGORY=Special Ability|Rage Power ~ Energy Eruption.MOD	OUTPUTNAME:能量爆發（Energy Eruption）	DESC:.CLEAR	DESC:野蠻人能吸收一次攻擊的能量傷害，並還給他的敵人。他不進行豁免，但不造成傷害。在他那次狂暴的任何時候，釋放存儲的能量進行60尺直線或30尺錐形的噴吐攻擊。噴吐攻擊的傷害等於野蠻人吸收的傷害，區域內生物可以通過DC為「10+1/2野蠻人等級+體質修正」的反射豁免使傷害減半，即使原來的效果不能豁免。野蠻人必須習得【能量吸收】且至少12級才能選擇這個狂暴之力。這項能力每次狂暴只能使用1次。	
CATEGORY=Special Ability|Rage Power ~ Energy Resistance.MOD	OUTPUTNAME:能量抵抗（Energy Resistance）	DESC:.CLEAR	DESC:選擇一種能量類型（強酸、寒冷、電擊、火焰或聲波），狂暴時獲得所選能量的抗力，點數等於野蠻人等級的一半（最小為1）。能量類型是選擇這個狂暴之力時選定的且不能改變。這個狂暴之力可以選擇多於1次，其效果不會疊加，每次適用於不同的能量類型。	
CATEGORY=Special Ability|Rage Power ~ Energy Resistance (Greater).MOD	OUTPUTNAME:高等能量抵抗（Energy Resistance, Greater）	DESC:.CLEAR	DESC:野蠻人可以減少一半他所抵抗的能量傷害（減少一半的傷害，然後再應用能量抵抗）。野蠻人必須習得【能量抵抗】且至少8級才能選擇這個狂暴之力。這項能力每次狂暴只能使用1次。	
CATEGORY=Special Ability|Rage Power ~ Ferocious Mount.MOD	OUTPUTNAME:狂暴坐騎（Ferocious Mount）	DESC:.CLEAR	DESC:野蠻人騎乘且狂暴的時候，只要野蠻人還在騎乘或鄰接坐騎，他的坐騎也獲得狂暴效果（包括大狂暴與強力狂暴）。此時野蠻人每輪須額外消耗1輪狂暴輪數。他也可以選擇不消耗，那樣坐騎將不會狂暴。	
CATEGORY=Special Ability|Rage Power ~ Ferocious Mount (Greater).MOD	OUTPUTNAME:高等狂暴坐騎（Ferocious Mount, Greater）	DESC:.CLEAR	DESC:野蠻人騎乘且狂暴的時候，他的坐騎也獲得他的狂暴之力的效果，但坐騎不會得到需要動作才能使用的能力，即使是自由動作。野蠻人必須習得【狂暴坐騎】且至少8級才能選擇這個狂暴之力。	
CATEGORY=Special Ability|Rage Power ~ Ferocious Trample.MOD	OUTPUTNAME:兇猛踐踏（Ferocious Trample）	DESC:.CLEAR	DESC:野蠻人騎乘且狂暴的時候，他的坐騎獲得「踐踏」特殊攻擊。中型、大型和超大型坐騎的踐踏傷害分別為1d8、2d6和2d8，加上1.5倍坐騎力量修正。成功的反射豁免能夠令傷害減半，DC為「10+1/2野蠻人等級+坐騎力量修正」。受到踐踏攻擊的生物可以對野蠻人或坐騎之一進行藉機攻擊。野蠻人必須習得【狂暴坐騎】且至少8級才能選擇這個狂暴之力。	
CATEGORY=Special Ability|Rage Power ~ Ferocious Trample (Greater).MOD	OUTPUTNAME:高等兇猛踐踏（Ferocious Trample, Greater）	DESC:.CLEAR	DESC:野蠻人坐騎的踐踏造成比原本【兇猛踐踏】大一級的傷害。並且當目標反射豁免失敗（或是選擇不反射，而是藉機攻擊）時，它可以用自由動作嘗試進行闖越戰技。野蠻人必須習得【兇猛踐踏】且至少12級才能選擇這個狂暴之力。	
CATEGORY=Special Ability|Rage Power ~ Fiend Totem (Lesser).MOD	OUTPUTNAME:次級惡魔圖騰（Fiend Totem, Lesser）	DESC:.CLEAR	DESC:狂暴時，野蠻人頭上長出一對大牛角並獲得抵撞攻擊。此攻擊為主要天生武器（除非野蠻人同時用武器攻擊，那麼抵撞作為次要天生武器），採用野蠻人的最高BAB（若是次要天生武器則-5）。抵撞攻擊造成1d8點穿刺傷害（小體型1d6），再加上野蠻人的力量修正（若是次要天生武器則減半）。	
CATEGORY=Special Ability|Rage Power ~ Fiend Totem.MOD	OUTPUTNAME:中級惡魔圖騰（Fiend Totem）	DESC:.CLEAR	DESC:狂暴時，數十根邪惡的倒鉤從野蠻人的身體竄出。任何對野蠻人使用近戰武器、天生武器或徒手攻擊的生物會受到1d6點穿刺傷害。野蠻人必須習得【次級惡魔圖騰】且至少6級才能選擇這個狂暴之力。	
CATEGORY=Special Ability|Rage Power ~ Fiend Totem (Greater).MOD	OUTPUTNAME:高級惡魔圖騰（Fiend Totem, Greater）	DESC:.CLEAR	DESC:狂暴時，野蠻人四周圍繞著威脅光環。鄰接野蠻人的善良生物進入戰慄狀態，並在野蠻人的回合開始時受到2d6點揮砍傷害，如同被數十把利刃割裂血肉。鄰接野蠻人的中立生物會戰慄，但不會受傷。邪惡生物不會受到影響。野蠻人必須習得【中級惡魔圖騰】且至少10級才能選擇這個狂暴之力。	
CATEGORY=Special Ability|Rage Power ~ Flesh Wound.MOD	OUTPUTNAME:不屈武勇（Flesh Wound）	DESC:.CLEAR	DESC:野蠻人可以盡量避免造成嚴重損害的攻擊。野蠻人必須通過DC等於此次攻擊傷害值的強韌檢定——該豁免檢定受防具減值影響，如果豁免成功，這次攻擊對野蠻人造成一半致命傷害和一半非致命傷害。野蠻人必須在攻擊命中後、傷害檢定前決定是否使用此能力。野蠻人必須至少10級選擇才能這個狂暴之力。這項能力每次狂暴只能使用1次。	
CATEGORY=Special Ability|Rage Power ~ Good for What Ails You.MOD	OUTPUTNAME:苦礎良藥（Good for What Ails You）	DESC:.CLEAR	DESC:狂暴時，喝一杯酒可以讓野蠻人重新嘗試豁免以擺脫下列影響他的效果：目盲，困惑，目眩，耳聾，力竭，疲乏，驚懼，反胃，恐慌，震懾，噁心。如果豁免成功，效果在他狂暴期間受到抑制。他還可以對中毒效果進行1次新的豁免，如果成功則痊癒，失敗也不會有額外負面效果。	
CATEGORY=Special Ability|Rage Power ~ Ground Breaker.MOD	OUTPUTNAME:大地之擊（Ground Breaker）	DESC:.CLEAR	DESC:野蠻人可以用手中武器對地面發動一次攻擊，這次攻擊自動命中並正常造成傷害。如果造成的傷害大於地面硬度，則野蠻人佔據與鄰接的空間變為困難地形。除野蠻人以外，所有在該區域的生物需進行DC為15的反射檢定，失敗則摔倒。野蠻人必須至少6級才能選擇這個狂暴之力。這項能力每次狂暴只能使用1次。	
CATEGORY=Special Ability|Rage Power ~ Guarded Life.MOD	OUTPUTNAME:生命守護（Guarded Life）	DESC:.CLEAR	DESC:狂暴時，如果一次攻擊使野蠻人HP低於0，野蠻人可以將致命傷害轉換為非致命傷害，每野蠻人等級1點。如果野蠻人因致命傷害而令生命值為負，他的傷勢自動穩定。	
CATEGORY=Special Ability|Rage Power ~ Hurling (Lesser).MOD	OUTPUTNAME:次級投擲（Hurling, Lesser）	DESC:.CLEAR	DESC:狂暴時，野蠻人能以整輪動作舉起並投出一個物體，將其作為射程增量為10尺的臨時武器。用雙手、單手分別能投出比自己體型小一級、兩級的物體，造成傷害等同於物體墜落並加上野蠻人的力量修正。若物體並非石頭、金屬或類似的堅硬材料則傷害減半。這是一次遠程接觸攻擊，目標可以嘗試DC為「10+1/2野蠻人等級+力量修正」的反射豁免使傷害減半。野蠻人可以在此次攻擊中使用「猛力攻擊」專長，按雙手或單手投擲分別計算額外傷害。	
CATEGORY=Special Ability|Rage Power ~ Hurling.MOD	OUTPUTNAME:中級投擲（Hurling）	DESC:.CLEAR	DESC:同【次級投擲】，但野蠻人可以使射程增量提高至20尺，或增加一級投擲物體的大小。野蠻人必須習得【次級投擲】且至少8級才能選擇這個狂暴之力。	
CATEGORY=Special Ability|Rage Power ~ Hurling (Greater).MOD	OUTPUTNAME:高級投擲（Hurling, Greater）	DESC:.CLEAR	DESC:同【中級投擲】，但野蠻人可以使射程增量提高至30尺，或增加兩級投擲物體的大小。野蠻人必須習得【中級投擲】且至少12級才能選擇這個狂暴之力。	
CATEGORY=Special Ability|Rage Power ~ Hurling Charge.MOD	OUTPUTNAME:衝鋒投擲（Hurling Charge）	DESC:.CLEAR	DESC:狂暴時，野蠻人可以裝備一件武器並在衝鋒期間投擲出去。野蠻人在衝鋒中的投擲與衝鋒最後的近戰攻擊檢定都+2。野蠻人必須至少移動10尺才能投擲，然後再移動至少10尺才能做出近戰攻擊。野蠻人必須在衝鋒前裝備一件投擲武器或是空著一隻手。野蠻人必須習得【次級投擲】且至少6級才能選擇這個狂暴之力。	
CATEGORY=Special Ability|Rage Power ~ Inspire Ferocity.MOD	OUTPUTNAME:狂怒激發（Inspire Ferocity）	DESC:.CLEAR	DESC:狂暴時，野蠻人可以用一個移動動作，把【血性狂怒】的效果分享給30尺內的所有自願盟友，持續時間等於他的魅力修正（最小為1）。野蠻人必須習得【血性狂怒】才能選擇這個狂暴之力。	
CATEGORY=Special Ability|Rage Power ~ Knockdown.MOD	OUTPUTNAME:沉重打擊（Knockdown）	DESC:.CLEAR	DESC:取代一次近戰攻擊，野蠻人可以絆摔一個目標。如果成功，目標受到等於野蠻人力量修正的傷害，並被擊倒。這不會引發藉機攻擊。這項能力每次狂暴只能使用1次。	
CATEGORY=Special Ability|Rage Power ~ Liquid Courage.MOD	OUTPUTNAME:勇氣之水（Liquid Courage）	DESC:.CLEAR	DESC:狂暴時，每份酒精為野蠻人帶來對〔影響心靈〕效果的豁免+1士氣加值，最大值為每4野蠻人等級1點。	
CATEGORY=Special Ability|Rage Power ~ Overbearing Advance.MOD	OUTPUTNAME:霸道推進（Overbearing Advance）	DESC:.CLEAR	DESC:狂暴時，野蠻人的闖越戰技若成功，則造成等同他力量修正的額外傷害。	
CATEGORY=Special Ability|Rage Power ~ Overbearing Onslaught.MOD	OUTPUTNAME:霸道猛進（Overbearing Onslaught）	DESC:.CLEAR	DESC:狂暴時，野蠻人可以1輪闖越多個目標，越過第一個以後對每個CMB-2。野蠻人必須習得【霸道推進】且至少6級才能選擇這個狂暴之力。	
CATEGORY=Special Ability|Rage Power ~ Reckless Abandon.MOD	OUTPUTNAME:血性狂怒（Reckless Abandon）	DESC:.CLEAR	DESC:狂暴時，野蠻人AC額外-1而攻擊檢定+1。在4級與之後每4級，AC再-1，而攻擊再+1。	
CATEGORY=Special Ability|Rage Power ~ Roaring Drunk.MOD	OUTPUTNAME:醉轟鳴（Roaring Drunk）	DESC:.CLEAR	DESC:狂暴時，每份酒精為野蠻人帶來威嚇檢定的+1士氣加值，最大值為每4野蠻人等級1點。	
CATEGORY=Special Ability|Rage Power ~ Smasher.MOD	OUTPUTNAME:破壞者（Smasher）	DESC:.CLEAR	DESC:當野蠻人攻擊無主物品時，他可以忽略對象的硬度。這個能力要在攻擊檢定確認之前使用。這項能力每次狂暴只能使用1次。	
CATEGORY=Special Ability|Rage Power ~ Spellbreaker.MOD	OUTPUTNAME:破法者（Spellbreaker）	DESC:.CLEAR	DESC:狂暴時，野蠻人獲得「破法者」作為獎勵專長。野蠻人必須習得【擾法者】且至少12級才能選擇這個狂暴之力。	
CATEGORY=Special Ability|Rage Power ~ Spirit Steed.MOD	OUTPUTNAME:駿馬精神（Spirit Steed）	DESC:.CLEAR	DESC:野蠻人騎乘且狂暴的時候，野蠻人的坐騎獲得「1/2野蠻人等級/魔法」的DR。野蠻人必須習得【狂暴坐騎】且至少6級才能選擇這個狂暴之力。	
CATEGORY=Special Ability|Rage Power ~ Spirit Totem (Lesser).MOD	OUTPUTNAME:次級靈魂圖騰（Spirit Totem, Lesser）	DESC:.CLEAR	DESC:狂暴時，野蠻人用圍繞著他的靈魂騷擾敵人。這些靈絲每輪對所有鄰接野蠻人的敵人揮擊一次，攻擊加值為野蠻人的最高BAB加上魅力修正。每次揮擊造成「1d4+野蠻人魅力修正」點負能量傷害。	
CATEGORY=Special Ability|Rage Power ~ Spirit Totem.MOD	OUTPUTNAME:中級靈魂圖騰（Spirit Totem）	DESC:.CLEAR	DESC:狂暴時，野蠻人周圍的靈魂使敵人難以見到他。非鄰接野蠻人的敵人在使用遠程或近戰（通常是長觸及武器）攻擊時有20%%失手率。野蠻人必須習得【次級靈魂圖騰】且至少6級才能選擇這個狂暴之力。	
CATEGORY=Special Ability|Rage Power ~ Spirit Totem (Greater).MOD	OUTPUTNAME:高級靈魂圖騰（Spirit Totem, Greater）	DESC:.CLEAR	DESC:狂暴時，野蠻人周圍的靈魂對鄰接的敵人變的更加危險。鄰接野蠻人的活體敵人在野蠻人的回合開始時受到1d8點負能量傷害。此外，野蠻人的靈絲可以攻擊到15尺遠的敵人，並且傷害增為1d6。野蠻人必須習得【中級靈魂圖騰】且至少10級才能選擇這個狂暴之力。	
CATEGORY=Special Ability|Rage Power ~ Staggering Drunk.MOD	OUTPUTNAME:醉步（Staggering Drunk）	DESC:.CLEAR	DESC:狂暴時，每份酒精為野蠻人帶來AC+1閃避加值，最大值為每4野蠻人等級1點。	
CATEGORY=Special Ability|Rage Power ~ Witch Hunter.MOD	OUTPUTNAME:獵巫人（Witch Hunter）	DESC:.CLEAR	DESC:狂暴時，野蠻人對擁有類法術能力或施法能力的敵人傷害+1，每4野蠻人等級再+1。野蠻人必須習得【迷信】才能選擇此狂暴之力。	
CATEGORY=Special Ability|Rage Power ~ Auspicious Mark.MOD	OUTPUTNAME:吉祥烙記（Auspicious Mark）	DESC:.CLEAR	DESC:該野蠻人身上擁有祖靈的印記，此印記通常是一個讓人印象深刻的刺青、疤痕或是胎記，每次狂暴時，擁有吉祥烙記的野蠻人擁有一次機會，可以以迅捷動作花費2輪的狂暴，喚起祖靈的庇佑，在單次1d20的投骰中加上1d6的加值。他可以在得知投骰結果之後才喚起【吉祥烙記】。	
CATEGORY=Special Ability|Rage Power ~ Bestial Climber.MOD	OUTPUTNAME:獸性攀爬（Bestial Climber）	DESC:.CLEAR	DESC:在狂暴時，野蠻人得到相當於他陸地移動速度的攀爬速度。要選擇此狂暴之力，野蠻人必須達到6級，且必須先學習過【狂暴攀手】。	
CATEGORY=Special Ability|Rage Power ~ Bestial Leaper.MOD	OUTPUTNAME:獸性飛躍者（Bestial Leaper）	DESC:.CLEAR	DESC:狂暴時，當野蠻人移動時，他可以在該次移動的任何一點進行他的標準動作，並且繼續移動。要選擇此狂暴之力，野蠻人必須達到6級。	
CATEGORY=Special Ability|Rage Power ~ Bestial Swimmer.MOD	OUTPUTNAME:獸性泳者（Bestial Swimmer）	DESC:.CLEAR	DESC:狂暴時野蠻人得到相當於他陸地移動速度的游泳速度。要選擇此狂暴之力，野蠻人必須先達到6級，且必須先學習過【狂暴泳者】。	
CATEGORY=Special Ability|Rage Power ~ Bleeding Blow.MOD	OUTPUTNAME:流血猛擊（Bleeding Blow）	DESC:.CLEAR	DESC:當野蠻人使用【猛力一擊】狂暴之力時，他同時造成相當於額外傷害的出血傷害，此出血傷害可以無視DR。野蠻人必須達到8級且擁有【猛力一擊】。	
CATEGORY=Special Ability|Rage Power ~ Body Bludgeon.MOD	OUTPUTNAME:人體棍棒（Body Bludgeon）	DESC:.CLEAR	DESC:當狂暴時，只要野蠻人可以在擒抱中壓制體型比他小的敵人，那麼他就可以把對方當作造成1d8點鈍擊傷害的臨時雙手武器來使用（此處列出的是小體型敵人的傷害，如果野蠻人抓了更小或是更大的目標，那麼就以此基數做調整，超小型造成1d6傷害，中型造成1d10傷害，以此類推）。在保持擒抱和定身時，野蠻人可以用人體棍棒以他最高的BAB進行一次攻擊。當野蠻人使用人體棍棒擊中目標時，被壓制的「棍棒」和被打到的敵人會同時受到傷害。如果被壓制的對手因為任何理由沒有辦法掙脫擒抱，那麼野蠻人可以直截了當地把它當作臨時武器使用，直到該生物的HP降到0以下。HP被降到0以下的生物無法再當作臨時武器使用。野蠻人必須達到10級，才有辦法選擇此狂暴之力。	
CATEGORY=Special Ability|Rage Power ~ Crippling Blow.MOD	OUTPUTNAME:致殘猛擊（Crippling Blow）	DESC:.CLEAR	DESC:當使用【猛力一擊】狂暴之力時，野蠻人可以選擇不造成額外的傷害加值（這同時也會取消【流血猛擊】的出血傷害），而是對目標造成每4級1點的力量或敏捷傷害，此傷害的強韌豁免DC為「10+1/2野蠻人等級+力量修正」。野蠻人必須先選擇【猛力一擊】且達到8級，才能選擇「致殘猛擊」。	
CATEGORY=Special Ability|Rage Power ~ Deadly Accuracy.MOD	OUTPUTNAME:致命精確（Deadly Accuracy）	DESC:.CLEAR	DESC:當野蠻人使用【無比精準】狂暴之力造成重擊時，他可以在進行重擊確認時將無比精準的效果加倍。野蠻人必須要達到4級且擁有【無比精準】才能選擇「致命精確」。	
CATEGORY=Special Ability|Rage Power ~ Dragon Totem.MOD	OUTPUTNAME:龍圖騰（Dragon Totem）	DESC:.CLEAR	DESC:選擇一種龍類作為野蠻人的圖騰，在狂暴時，他的察覺檢定+1，且對麻痺、睡眠和恐懼的豁免+1，此加值每多一個龍圖騰的狂暴之力就上升1點。野蠻人必須擁有【野性狂怒】和【威嚇凝視】才能選擇「龍圖騰」。	
CATEGORY=Special Ability|Rage Power ~ Dragon Totem Resilience.MOD	OUTPUTNAME:龍抗性（Dragon Totem Resilience）	DESC:.CLEAR	DESC:狂暴時，野蠻人得到和他所選龍類圖騰相同的能量抗力，此抗力點數等於野蠻人本身的傷害減免。此外，每多一個龍類圖騰相關的狂暴之力，此抗力還會額外上升2點。野蠻人必須達到8級且擁有【龍圖騰】才能選擇「龍抗性」。	
CATEGORY=Special Ability|Rage Power ~ Dragon Totem Wings.MOD	OUTPUTNAME:龍翼（Dragon Totem Wings）	DESC:.CLEAR	DESC:當野蠻人得到此狂暴之力時，他可以將飛行納入本職技能。當他狂暴且裝備輕於中甲時，他可以花費一個標準動作長出一對翅膀，得到相當於陸地移動速度的飛行速度；他可以花費1輪的狂暴輪數以直覺動作張開翅膀，即便不在他的回合之中。他也可以隨時結束飛行。當擁有翅膀時，野蠻人每輪必須要花費2輪狂暴輪數來維持狂暴。當他脫離狂暴時，飛行能力也同時解除。他必須要達到10級，擁有【龍圖騰】和【龍抗性】才能選擇龍翼。	
CATEGORY=Special Ability|Rage Power ~ Eater of Magic.MOD	OUTPUTNAME:吞噬魔法（Eater of Magic）	DESC:.CLEAR	DESC:每次狂暴時1次，當野蠻人對抗法術、類法術能力或超自然能力的豁免檢定失敗時，他可以重骰一次豁免。要是他豁免成功，將不受到該能力的影響，且得到相當於該能力施用者的CL或怪物CR的臨時HP。此臨時HP會持續1分鐘。野蠻人必須擁有【迷信】且達到10級才能學習「吞噬魔法」。	
CATEGORY=Special Ability|Rage Power ~ Ghost Rager.MOD	OUTPUTNAME:鬼靈狂暴（Ghost Rager）	DESC:.CLEAR	DESC:狂暴時，野蠻人可以對虛體生物造成正常傷害，就算他拿的是非魔法武器也一樣，且他的接觸AC提升相當於【迷信】狂暴之力所提供加值的數值。他必須先學會【迷信】且達到6級才能學習「鬼靈狂暴」。	
CATEGORY=Special Ability|Rage Power ~ Ground Breaker (Greater).MOD	OUTPUTNAME:高等大地之擊（Ground Breaker, Greater）	DESC:.CLEAR	DESC:當野蠻人使用【大地之擊】狂暴之力時，此狂暴之力可以讓範圍增加5尺。野蠻人可以重複選擇此狂暴之力3次，效果疊加。要選擇此狂暴之力，他必須先學會【大地之擊】，且達到8級。	
CATEGORY=Special Ability|Rage Power ~ Guarded Life (Greater).MOD	OUTPUTNAME:高等生命守護（Guarded Life, Greater）	DESC:.CLEAR	DESC:當【生命守護】發動時，每等級轉換為非致命傷害的傷害上升1點（總計2點）。野蠻人必須要學會【生命守護】且達到6級才能選擇「高等生命守護」。	
CATEGORY=Special Ability|Rage Power ~ Hive Totem.MOD	OUTPUTNAME:蜂群圖騰（Hive Totem）	DESC:.CLEAR	DESC:狂暴時，野蠻人因集群攻擊所受的傷害減半，這裡的集群包括由法術所造成的集群和類似效果。此外，他的力量檢定+1，並對衝撞、拖拽或絆摔的CMD上得到同樣的加值，此加值每4級再+1，直到20級的+5。野蠻人必須要學會【野性之怒】且達到4級才能學習「蜂群圖騰」。	
CATEGORY=Special Ability|Rage Power ~ Hive Totem Resilience.MOD	OUTPUTNAME:蜂群圖騰守護（Hive Totem Resilience）	DESC:.CLEAR	DESC:狂暴時，野蠻人將不受集群傷害。這同時也讓他免疫集群攻擊所造成的流血和中毒效果。此外，他在擒抱時CMB與CMD皆+1，此加值每4級再+1，直到20級的+5。野蠻人必須先學習【蜂群圖騰】且達到6級，才能選擇「蜂群圖騰守護」。	
CATEGORY=Special Ability|Rage Power ~ Hive Totem Toxicity.MOD	OUTPUTNAME:蜂群圖騰毒素（Hive Totem Toxicity）	DESC:.CLEAR	DESC:狂暴時，野蠻人由【野性之怒】狂暴之力所提供的嚙咬傷害提升一級，且嚙咬攻擊的減值降為-2。每狂暴時一次，野蠻人可以替自己的嚙咬注入毒性，此毒素會在接下來4輪中每輪發作1次，造成1d3點體質傷害。通過1次DC為「10+1/2野蠻人等級+體質修正值」的強韌豁免可以治癒。野蠻人必須達到8級且學會【蜂群圖騰守護】，才有辦法學習「蜂群圖騰毒素」。	
CATEGORY=Special Ability|Rage Power ~ Lethal Accuracy.MOD	OUTPUTNAME:致死精確（Lethal Accuracy）	DESC:.CLEAR	DESC:當野蠻人使用【無比精準】狂暴之力時，他手中武器的重擊倍率上升1（×2變成×3，×3變成×4），野蠻人必須先學會【無比精準】和【致命精確】且達到16級才有辦法選擇此狂暴之力。	
CATEGORY=Special Ability|Rage Power ~ Perfect Clarity.MOD	OUTPUTNAME:完美明晰（Perfect Clarity）	DESC:.CLEAR	DESC:當使用【心境澄明】狂暴之力時，野蠻人可以在幻術的識破機會和意志豁免上雙骰取高。你必須先學會【心境澄明】才能選擇「完美明晰」。	
CATEGORY=Special Ability|Rage Power ~ Primal Scent.MOD	OUTPUTNAME:原始嗅覺（Primal Scent）	DESC:.CLEAR	DESC:當使用【靈敏嗅覺】狂暴之力時，野蠻人在追跡的生存檢定和定位他看不到的生物之察覺檢定上，得到相當其等級一半的加值。如果他定位了一個全掩蔽的生物，那麼他可以將之視為普通掩蔽。野蠻人必須要先學會【靈敏嗅覺】且達到8級，才能學習「原始嗅覺」。	
CATEGORY=Special Ability|Rage Power ~ Reflexive Dodge.MOD	OUTPUTNAME:自發閃避（Reflexive Dodge）	DESC:.CLEAR	DESC:當野蠻人啟動【輪擺位移】狂暴之力時，他可以將他的閃避AC加值加到反射檢定上。野蠻人必須擁有【輪擺位移】且達到6級才能選擇「自發閃避」。	
CATEGORY=Special Ability|Rage Power ~ Regenerative Vigor.MOD	OUTPUTNAME:活力重生（Regenerative Vigor）	DESC:.CLEAR	DESC:當使用「重生之力」狂暴之力後，直到狂暴結束前，野蠻人將會得到每6野蠻人等級1點的快速治療，最多3點。此快速治療的生命值會在每次野蠻人行動輪開始時恢復。野蠻人必須選擇「重生之力」才能學習「活力重生」。	
CATEGORY=Special Ability|Rage Power ~ Renewed Life.MOD	OUTPUTNAME:生生不息（Renewed Life）	DESC:.CLEAR	DESC:在狂暴時，野蠻人可以忽略相當於他等級四分之一的臨時負向等級。此外，每日一次，當野蠻人帶著負向等級結束狂暴時，他可以嘗試透過一個強韌檢定來消除相當於他可以忽略等級數的負向等級。野蠻人必須先學會「生機盎然」且達到6級才能學習「生生不息」。	
CATEGORY=Special Ability|Rage Power ~ Renewed Vitality.MOD	OUTPUTNAME:生機盎然（Renewed Vitality）	DESC:.CLEAR	DESC:狂暴時，每兩野蠻人等級，野蠻人可以忽略一點屬性傷害或減值，最高10點。每日一次，當野蠻人帶著屬性傷害或減值結束狂暴時，他可以重擲豁免檢定，如果成功則克服相當於他可以忽略點數的屬性傷害。他必須先學會「重生之力」且達到4級才能學習「生機盎然」。	
CATEGORY=Special Ability|Rage Power ~ Sharpened Accuracy.MOD	OUTPUTNAME:敏銳精確（Sharpened Accuracy）	DESC:.CLEAR	DESC:使用「無比精準」狂暴之力時，野蠻人可以忽略掩蔽、將全掩蔽視為掩蔽。他可以忽略除了全掩蔽之外的掩蔽加值。野蠻人必須先學會「無比精準」且達到8級，才有辦法學習「敏銳精確」。	
CATEGORY=Special Ability|Rage Power ~ Spell Sunder.MOD	OUTPUTNAME:破甲祛法（Spell Sunder）	DESC:.CLEAR	DESC:每次狂暴時1次，野蠻人可以透過一次成功的擊破武器戰技檢定來移除法術。對並非施加在生物身上的法術來說，野蠻人必須對抗的CMD為「15+施法者等級」；而對那些施放在生物身上的法術來說，野蠻人則需要進行一次比那個生物CMD高5點的擊破武器戰技檢定，此檢定忽略任何法術或類法術能力帶來的失手機率。如果此檢定成功，野蠻人可以壓制該法術一輪。若檢定結果比目標高5則壓制兩輪；若檢定結果比目標高10以上，那麼他就成功的解除該法術。要學習「破甲祛法」，野蠻人必須要達到6級且學習過「獵巫人」。	
CATEGORY=Special Ability|Rage Power ~ Sprint.MOD	OUTPUTNAME:奮力衝刺（Sprint）	DESC:.CLEAR	DESC:每次狂暴時1次，野蠻人可以花費一個整輪動作以正常的6倍速度移動，或是以3倍速衝鋒。野蠻人必須擁有「迅足」，且達到4級才能選擇此狂暴之力。	
CATEGORY=Special Ability|Rage Power ~ Sunder Enchantment.MOD	OUTPUTNAME:破除強化（Sunder Enchantment）	DESC:.CLEAR	DESC:當狂暴的野蠻人對一件魔法物品成功使用擊破武器戰技時，該物品的魔法效果將被抑制一輪。野蠻人的檢定結果每比目標CMD高5再增加1輪。他必須先學會「破甲祛法」並達到8級才能學習此狂暴之力。	
CATEGORY=Special Ability|Rage Power ~ World Serpent Totem.MOD	OUTPUTNAME:世界之蛇圖騰（World Serpent Totem）	DESC:.CLEAR	DESC:當狂暴時，野蠻人對異界生物和異怪的AC得到+1洞察加值，他每得到一個世界之蛇圖騰系列的狂暴之力，此加值會再上升1，包括此狂暴之力。	
CATEGORY=Special Ability|Rage Power ~ World Serpent Spirit.MOD	OUTPUTNAME:世界之蛇聖靈（World Serpent Spirit）	DESC:.CLEAR	DESC:只要處在狂暴狀態，野蠻人就可以在克服傷害減免時將他的武器視為善良、秩序、混亂、邪惡武器。且他對於來自異界生物、異怪或含有陣營成分的法術得到+1的豁免加值，每獲得一個世界之蛇圖騰系列的狂暴之力此加值會再上升1，包含此狂暴之力。要學習世界之蛇聖靈，野蠻人必須要擁有「世界之蛇圖騰」且達到6級。	
CATEGORY=Special Ability|Rage Power ~ World Serpent Totem Unity.MOD	OUTPUTNAME:與世界之蛇合一（World Serpent Totem Unity）	DESC:.CLEAR	DESC:狂暴時，野蠻人的快速移動加值翻倍加到陸地移動速度上，且無法被擊倒。同時，他在面對來自異界生物或異怪的重擊時，世界之蛇圖騰的AC洞察加值將會翻倍。野蠻人必須要先學會「世界之蛇聖靈」和「世界之蛇圖騰」且達到10級才能選擇此狂暴之力。	
CATEGORY=Special Ability|Rage Power ~ Battle Roar.MOD	OUTPUTNAME:震耳戰呼（Battle Roar）	DESC:.CLEAR	DESC:每當角色成功的使用威嚇凝視（Intimidating Glare）狂暴之力挫敗了一個對手的士氣，他就會同時對目標造成1d6點音波傷害。角色必須達到6級，並擁有威嚇凝視狂暴之力才能選擇本狂暴之力。	
CATEGORY=Special Ability|Rage Power ~ Fierce Fortitude.MOD	OUTPUTNAME:凶暴堅韌（Fierce Fortitude）	DESC:.CLEAR	DESC:角色在對抗疾病和毒素的豁免檢定上獲得+4加值。角色必須在威嚇檢定上受訓才能選擇本狂暴之力。	
CATEGORY=Special Ability|Rage Power ~ Linnorm Death Curse (Cairn).MOD	OUTPUTNAME:惡龍咒‧塚（Linnorm Death Curse, Cairn）	DESC:.CLEAR	DESC:角色呼喚石塚蛇龍的力量附著己身，他的近戰攻擊可以造成額外1點負能量傷害。如果角色失去意識或被一次攻擊或法術殺死，他的對手立刻遭受惡龍詛咒的攻擊（意志通過則無效）角色必須達到8級才能選擇本狂暴之力。腐朽詛咒：豁免檢定：意志豁免DC=10+1/2角色等級+角色的魅力調整值；效果：目標每天受到1點體質傷害，每天衰老相當於1年的壽命（受到所有年齡增長的懲罰，但不獲得任何好處）。	
CATEGORY=Special Ability|Rage Power ~ Linnorm Death Curse (Crag).MOD	OUTPUTNAME:惡龍咒‧崖（Linnorm Death Curse, Crag）	DESC:.CLEAR	DESC:角色呼喚峭壁蛇龍的力量附著己身，他的近戰攻擊可以造成額外1點火焰傷害。如果角色失去意識或被一次攻擊或法術殺死，他的對手立刻遭受惡龍詛咒的攻擊（意志通過則無效）角色必須達到4級才能選擇本狂暴之力。烈火詛咒：豁免檢定：意志豁免DC=10+1/2角色等級+角色的魅力調整值；效果：目標獲得火焰易傷。	
CATEGORY=Special Ability|Rage Power ~ Linnorm Death Curse (Fjord).MOD	OUTPUTNAME:惡龍咒‧峽（Linnorm Death Curse, Fjord）	DESC:.CLEAR	DESC:角色呼喚峽灣蛇龍的力量附著己身，他的近戰攻擊可以造成額外1點寒冷傷害。如果角色失去意識或被一次攻擊或法術殺死，他的對手立刻遭受惡龍詛咒的攻擊（意志通過則無效）角色必須達到4級才能選擇本狂暴之力。溺亡詛咒：豁免檢定：意志豁免DC=10+1/2角色等級+角色的魅力調整值；效果：目標無法在水中呼吸（通過魔法也不行），它可以保持屏息的時間減半，並且一旦屏息就會進入噁心狀態。	
CATEGORY=Special Ability|Rage Power ~ Linnorm Death Curse (Ice).MOD	OUTPUTNAME:惡龍咒‧寒（Linnorm Death Curse, Ice）	DESC:.CLEAR	DESC:角色呼喚冰雪蛇龍的力量附著己身，他的近戰攻擊可以造成額外1點寒冷傷害。如果角色失去意識或被一次攻擊或法術殺死，他的對手立刻遭受惡龍詛咒的攻擊（意志通過則無效）角色必須達到4級才能選擇本狂暴之力。冰霜詛咒：豁免檢定：意志豁免DC=10+1/2角色等級+角色的魅力調整值；效果：目標獲得寒冷易傷。	
CATEGORY=Special Ability|Rage Power ~ Linnorm Death Curse (Taiga).MOD	OUTPUTNAME:惡龍咒‧林（Linnorm Death Curse, Taiga）	DESC:.CLEAR	DESC:角色呼喚寒林蛇龍的力量附著己身，他的近戰攻擊可以造成額外1點電擊傷害。如果角色失去意識或被一次攻擊或法術殺死，他的對手立刻遭受惡龍詛咒的攻擊（意志通過則無效）角色必須達到4級才能選擇本狂暴之力。閃電詛咒：豁免檢定：意志豁免DC=10+1/2角色等級+角色的魅力調整值；效果：目標獲得電擊易傷。	
CATEGORY=Special Ability|Rage Power ~ Linnorm Death Curse (Tarn).MOD	OUTPUTNAME:惡龍咒‧池（Linnorm Death Curse, Tarn）	DESC:.CLEAR	DESC:角色呼喚天池蛇龍的力量附著己身，他的近戰攻擊可以造成額外1點強酸傷害。如果角色失去意識或被一次攻擊或法術殺死，他的對手立刻遭受惡龍詛咒的攻擊（意志通過則無效）角色必須達到8級才能選擇本狂暴之力。死亡詛咒：豁免檢定：意志豁免DC=10+1/2角色等級+角色的魅力調整值；效果：目標無法被醫療魔法影響，也不能獲得自然恢復。	
CATEGORY=Special Ability|Rage Power ~ Linnorm Death Curse (Tor).MOD	OUTPUTNAME:惡龍咒‧巖（Linnorm Death Curse, Tor）	DESC:.CLEAR	DESC:角色呼喚巖山蛇龍的力量附著己身，他的近戰攻擊可以造成額外1點火焰傷害。如果角色失去意識或被一次攻擊或法術殺死，他的對手立刻遭受惡龍詛咒的攻擊（意志通過則無效）角色必須達到8級才能選擇本狂暴之力。血沸詛咒：豁免檢定：意志豁免DC=10+1/2角色等級+角色的魅力調整值；效果：目標獲得火焰易傷，而且會因為血管沸騰的痛苦而永久性陷入恍惚狀態。	
CATEGORY=Special Ability|Rage Power ~ Raging Flier.MOD	OUTPUTNAME:狂暴飛翔（Raging Flier）	DESC:.CLEAR	DESC:每次狂暴一次，角色可以以一個移動動作以自己基礎移動速度的速度飛行。角色必須達到6級且擁有狂暴躍者（Raging Leaper）狂暴之力才能選擇本狂暴之力。	
CATEGORY=Special Ability|Rage Power ~ Ultimate Clarity.MOD	OUTPUTNAME:通徹澄明（Ultimate Clarity）	DESC:.CLEAR	DESC:每次狂暴一次，角色可以徹底清空自己的雜念，以澄澈的雙眼看穿一切自然與魔法形成的黑暗與虛妄（包括諸如位移術和模糊術等效果），隱形，以及幻象。她甚至可以直接看穿對方躲在掩蔽後面的位確切置，這個效果持續1輪。角色必須達到6級，且擁有心境澄明（Moment of Clarity）和完美明晰（Perfect Clarity）UC狂暴之力才能選擇本狂暴之力，但使用本狂暴之力並不需要處於心境澄明狀態下。	
CATEGORY=Special Ability|Rage Power ~ Abyssal Blood.MOD	OUTPUTNAME:深淵之血（Abyssal Blood）	DESC:.CLEAR	DESC:每天一次，當野蠻人進入狂暴狀態時，他的體型可以從基本程度上增長一個等級（如同法術人類變巨術，不過野蠻人的生物種類並無變化）。	
CATEGORY=Special Ability|Rage Power ~ Abyssal Blood (Greater).MOD	OUTPUTNAME:高等深淵之血（Abyssal Blood, Greater）	DESC:.CLEAR	DESC:每當野蠻人進入狂暴狀態，他獲得5點強酸，寒冷和火焰抗力。	
CATEGORY=Special Ability|Rage Power ~ Abyssal Blood (Lesser).MOD	OUTPUTNAME:次級深淵之血（Abyssal Blood, Lesser）	DESC:.CLEAR	DESC:每當野蠻人進入狂暴狀態，他將獲得兩次爪抓攻擊。這些攻擊視為主要天生武器攻擊且使用完整的基本攻擊加值。中體型野蠻人的爪抓可以造成1d6點揮砍傷害（小體型野蠻人1d4點）加上完整的力量調整值。	
CATEGORY=Special Ability|Rage Power ~ Celestial Blood.MOD	OUTPUTNAME:天界之血（Celestial Blood）	DESC:.CLEAR	DESC:每當野蠻人進入狂暴狀態，他獲得5點強酸和寒冷抗力。	
CATEGORY=Special Ability|Rage Power ~ Celestial Blood (Greater).MOD	OUTPUTNAME:高等天界之血（Celestial Blood, Greater）	DESC:.CLEAR	DESC:每次狂暴一次，野蠻人可以重投一次他剛剛作出的屬性檢定，技能檢定或豁免檢定。他必須選擇第二個檢定結果，即使它比原結果更低。他必須在檢定已經投出但未宣佈結果以前聲明使用這一能力。	
CATEGORY=Special Ability|Rage Power ~ Celestial Blood (Lesser).MOD	OUTPUTNAME:次級天界之血（Celestial Blood, Lesser）	DESC:.CLEAR	DESC:每當野蠻人進入狂暴狀態，他的武器將在克服傷害減免時視為善良陣營。除此之外，在野蠻人的武器命中一個邪惡異界生物時，他的可以造成額外1d6點傷害。	
CATEGORY=Special Ability|Rage Power ~ Draconic Blood.MOD	OUTPUTNAME:巨龍之血（Draconic Blood）	DESC:.CLEAR	DESC:從以下能量類型中選擇一個：強酸，寒冷，火焰或電擊。每當野蠻人進入狂暴狀態，他就會獲得+1天生護甲加值，並在他選擇的此種能量類型上獲得5點抗力。	
CATEGORY=Special Ability|Rage Power ~ Draconic Blood (Greater).MOD	OUTPUTNAME:高等巨龍之血（Draconic Blood, Greater）	DESC:.CLEAR	DESC:每當野蠻人進入狂暴狀態，他每天可以使用一次噴吐武器攻擊。這個噴吐武器可以造成每兩個野蠻人1d6點他在巨龍之血狂暴之力中選定的能量傷害。噴吐武器的範圍可以是30尺錐形（火焰或寒冷）或60尺線型（強酸或電擊）。處於噴吐武器影響範圍內的生物可以進行一個DC=10+野蠻人等級一半+他的體質調整值的反射檢定減半傷害。	
CATEGORY=Special Ability|Rage Power ~ Draconic Blood (Lesser).MOD	OUTPUTNAME:次級巨龍之血（Draconic Blood, Lesser）	DESC:.CLEAR	DESC:每當野蠻人進入狂暴狀態，他將獲得兩次爪抓攻擊。這些攻擊視為主要天生武器攻擊且使用完整的基本攻擊加值。中體型野蠻人的爪抓可以造成1d6點揮砍傷害（小體型野蠻人1d4點）加上完整的力量調整值。	
CATEGORY=Special Ability|Rage Power ~ Elemental Blood.MOD	OUTPUTNAME:元素之血（Elemental Blood）	DESC:.CLEAR	DESC:每當野蠻人進入狂暴狀態，他就對自己在次級元素之血狂暴之力上選擇的能量類型獲得10點抗力。	
CATEGORY=Special Ability|Rage Power ~ Elemental Blood (Greater).MOD	OUTPUTNAME:高等元素之血（Elemental Blood, Greater）	DESC:.CLEAR	DESC:每當野蠻人進入狂暴狀態，他就會通過自己選定的元素類型而獲得移動速度上的加成。強酸（土）：掘穴速度30尺；寒冷（水）；游泳速度60尺；火焰（火）：基礎陸地移動速度增加30尺；電擊（氣）：飛行速度60尺（機動性良好）。	
CATEGORY=Special Ability|Rage Power ~ Elemental Blood (Lesser).MOD	OUTPUTNAME:次級元素之血（Elemental Blood, Lesser）	DESC:.CLEAR	DESC:從以下能力類型中選擇其一：酸，冷，火或電。每當野蠻人進入狂暴狀態，每天3次以一個迅捷動作，他可以將自己的近戰攻擊融入此能量的威力，在一輪內造成1d6點該類型的額外能量傷害。	
CATEGORY=Special Ability|Rage Power ~ Fey Blood.MOD	OUTPUTNAME:妖精之血（Fey Blood）	DESC:.CLEAR	DESC:每當野蠻人進入狂暴狀態，他的衝鋒可以無視困難地形的影響（包括魔法造成的困難地形，但不包括其他生物佔據的地形）。	
CATEGORY=Special Ability|Rage Power ~ Fey Blood (Greater).MOD	OUTPUTNAME:高等妖精之血（Fey Blood, Greater）	DESC:.CLEAR	DESC:每當野蠻人進入狂暴狀態，只要他移動了十尺距離，他就會在1輪中獲得法術模糊術（Blur）的效果。	
CATEGORY=Special Ability|Rage Power ~ Fey Blood (Lesser).MOD	OUTPUTNAME:次級妖精之血（Fey Blood, Lesser）	DESC:.CLEAR	DESC:每當野蠻人進入狂暴狀態，他每對一個目標確認了一次重擊，目標就必須通過DC=10+他的野蠻人等級的一半+他的體質調整值的意志檢定，否則將困惑1輪。這是一個影響心靈的脅迫效果。	
CATEGORY=Special Ability|Rage Power ~ Infernal Blood.MOD	OUTPUTNAME:九獄之血（Infernal Blood）	DESC:.CLEAR	DESC:每當野蠻人進入狂暴狀態，他就會獲得火焰抗力5，並且在對抗毒素的豁免檢定上獲得+2加值。	
CATEGORY=Special Ability|Rage Power ~ Infernal Blood (Greater).MOD	OUTPUTNAME:高等九獄之血（Infernal Blood, Greater）	DESC:.CLEAR	DESC:每當野蠻人進入狂暴狀態，他就會在對抗附魔和恐懼效果的豁免檢定上獲得+4加值。	
CATEGORY=Special Ability|Rage Power ~ Infernal Blood (Lesser).MOD	OUTPUTNAME:次級九獄之血（Infernal Blood, Lesser）	DESC:.CLEAR	DESC:每當野蠻人進入狂暴狀態，每天3次以一個迅捷動作，野蠻人可以讓自己的武器捲進地獄之火中1輪，在此狀態下，野蠻人所有的近戰武器都視為擁有熾焰武器附魔效果。	
CATEGORY=Special Ability|Rage Power ~ Undead Blood.MOD	OUTPUTNAME:亡靈之血（Undead Blood）	DESC:.CLEAR	DESC:每當野蠻人進入狂暴狀態，他的近戰攻擊就視為他的武器擁有幽冥武器附魔效果。	
CATEGORY=Special Ability|Rage Power ~ Undead Blood (Greater).MOD	OUTPUTNAME:高等亡靈之血（Undead Blood, Greater）	DESC:.CLEAR	DESC:每當野蠻人進入狂暴狀態，他將獲得寒冷抗力10，以及在對抗非致命傷害時獲得DR10/-。	
CATEGORY=Special Ability|Rage Power ~ Undead Blood (Lesser).MOD	OUTPUTNAME:次級亡靈之血（Undead Blood, Lesser）	DESC:.CLEAR	DESC:每當野蠻人進入狂暴狀態，他每在衝鋒攻擊時命中了一個生物，該生物就會在相當於他的野蠻人等級數一半的輪數內陷入戰慄狀態。這個效果無法和其他恐懼效果疊加以形成更強的不良狀態。	
CATEGORY=Special Ability|Breaker ~ Destructive.MOD	OUTPUTNAME:毀滅狂怒（Destructive）	DESC:.CLEAR	DESC:當破壞者近戰攻擊一個無主物品、或是發動破武戰技時，將他職業等級的一半（最少1點）加到傷害裡。該能力取代快速移動。	
CATEGORY=Special Ability|Breaker ~ Battle Scavenger.MOD	OUTPUTNAME:破刃之劍（Battle Scavenger）	DESC:.CLEAR	DESC:在3級時，即使破壞者使用臨時武器或破損狀態的武器，他也不受任何減值。有更甚者，使用此類武器時，他造成的傷害+1，此加值在3級之後的每3級再+1。該能力取代陷阱感知。	
CATEGORY=Special Ability|Brutal Pugilist ~ Savage Grapple.MOD	OUTPUTNAME:野蠻擒抱（Savage Grapple）	DESC:.CLEAR	DESC:2級時奪命鐵拳在擒抱時敏捷、攻擊檢定、戰技檢定只受到一半的減值。【編註：即敏捷-2，攻擊和戰技檢定-1。】他可以對擒抱他的敵人展開藉機攻擊，即使對方有「精通擒抱」專長或者「攫抓」能力。如果這次藉機攻擊命中，他對抗擒抱的CMD獲得+2環境加值。他不能在被擒抱以後才進行藉機攻擊。該能力取代直覺閃避。	
CATEGORY=Special Ability|Brutal Pugilist ~ Pit Fighter.MOD	OUTPUTNAME:角鬥士（Pit Fighter）	DESC:.CLEAR	DESC:在第3級，奪命鐵拳已經在械鬥和角鬥台中學會戰鬥的技巧。選擇一個戰技，奪命鐵拳在該戰技的CMB或CMD上獲得+1洞察加值。如果野蠻人沒有穿鎧甲（可以拿盾）這個加值增加到2。在3級之後每3級，他可以選擇另一項戰技，並使該戰技的CMB或CMD獲得上述加值。每個戰技可應用該加值不超過兩次：分別在CMB和CMD上。該能力取代陷阱感知。	
CATEGORY=Special Ability|Brutal Pugilist ~ Improved Savage Grapple.MOD	OUTPUTNAME:精通野蠻擒抱（Improved Savage Grapple）	DESC:.CLEAR	DESC:在5級時奪命鐵拳在擒抱時敏捷、攻擊檢定、戰技檢定不受減值。此外，當被擒抱或吞嚥需決定體型時，他的體型可以被視為提高一級。該能力取代精通直覺閃避。	
CATEGORY=Special Ability|Drunken Brute ~ Raging Drunk.MOD	OUTPUTNAME:醉狂暴（Raging Drunk）	DESC:.CLEAR	DESC:狂暴時，醉蠻可以用一個移動動作喝藥水、一大杯啤酒或類似數量的酒精，不引發藉機攻擊。藥水有其正常的作用，而酒精飲料可以使他這一輪的狂暴不算在今天的狂暴輪內（取代酒精的正常效果）。狂暴結束時，他每在狂暴中消費的一個酒精飲料讓他反胃1輪，同時仍受到正常的疲乏狀態。【不倦狂暴】並不能忽略反胃效果，但是【內在強韌】這一狂暴之力則可以。該能力取代快速移動。	
CATEGORY=Special Ability|Elemental Kin ~ Elemental Fury.MOD	OUTPUTNAME:元素之怒（Elemental Fury）	DESC:.CLEAR	DESC:3級時，當元素鬥士狂暴時一次性受到一種數值不小於他野蠻人等級的元素傷害時，他當日狂暴總輪數增加1輪。在6級，及之後每3級時，每次受元素傷害增加輪數的數值再加1，最高為18級時+6輪每次受傷。該能力取代陷阱感知。	
CATEGORY=Special Ability|Hurler ~ Skilled Thrower.MOD	OUTPUTNAME:投擲技巧（Skilled Thrower）	DESC:.CLEAR	DESC:投石蠻人擅長在戰鬥中投擲物品，增加所有投擲武器或物品的距離10尺。該能力取代快速移動。	
CATEGORY=Special Ability|Invulnerable Rager ~ Invulnerability.MOD	OUTPUTNAME:刀槍不入（Invulnerability）	DESC:.CLEAR	DESC:2級時，堅毅狂暴者獲得等於他的野蠻人等級一半的「DR/-」，這個傷害減免在對非致命傷害時加倍。該能力取代直覺閃避、精通直覺閃避、傷害減免。	
CATEGORY=Special Ability|Invulnerable Rager ~ Extreme Endurance.MOD	OUTPUTNAME:極限耐力（Extreme Endurance）	DESC:.CLEAR	DESC:3級起，堅毅狂暴者習慣了過熱或過冷的氣候效應（選擇其中一種），如同處於『忍受環境（Endure Elements）』法術效果。此外，野蠻人獲得寒冷或火焰抗力1點，此抗力在3級之後的每3級+1。該能力取代陷阱感知。	
CATEGORY=Special Ability|Mounted Fury ~ Fast Rider.MOD	OUTPUTNAME:快速騎手（Fast Rider）	DESC:.CLEAR	DESC:任何野蠻人的騎乘的坐騎速度增加10尺。該能力取代快速移動。	
CATEGORY=Special Ability|Mounted Fury ~ Bestial Mount.MOD	OUTPUTNAME:野性坐騎（Bestial Mount）	DESC:.CLEAR	DESC:5級時，怒濤騎手獲得一匹野性坐騎。這一坐騎與德魯伊的動物夥伴類似，使用「野蠻人等級-4」作為他的有效德魯伊等級。他選擇的生物必須是自己能夠騎乘並且適合騎乘的，比如中體型野蠻人可選駱駝或馬，小體型野蠻人可選矮種馬或狼，也可選野豬或騎乘犬（取決於其體型和等級，比如直到8級之前，野豬和騎乘犬都是不適合騎乘的）。如果野蠻人在他的野性坐騎上狂暴，坐騎力量獲得+2士氣加值。該能力取代直覺閃避、精通直覺閃避。	
CATEGORY=Special Ability|Savage Barbarian ~ Naked Courage.MOD	OUTPUTNAME:赤裸勇氣（Naked Courage）	DESC:.CLEAR	DESC:3級時，在沒穿盔甲的時候（可以拿盾）原始蠻人獲得+1AC閃避加值和對恐懼效果豁免+1士氣加值。這個加值在3級之後的每6級+1。該能力取代陷阱感知。	
CATEGORY=Special Ability|Savage Barbarian ~ Natural Toughness.MOD	OUTPUTNAME:天然韌性（Natural Toughness）	DESC:.CLEAR	DESC:7級時，在沒穿盔甲的時候（可以拿盾）原始蠻人獲得+1AC天生防禦加值。這個加值在7級之後的每3級+1。該能力取代傷害減免。	
CATEGORY=Special Ability|Superstitious ~ Sixth Sense.MOD	OUTPUTNAME:第六感（Sixth Sense）	DESC:.CLEAR	DESC:3級時盲信者的先攻檢定+1，在突襲輪獲得+1AC洞察加值。這個加值在3級之後的每3級+1。該能力取代陷阱感知。	
CATEGORY=Special Ability|Superstitious ~ Keen Senses.MOD	OUTPUTNAME:敏銳感官（Keen Senses）	DESC:.CLEAR	DESC:7級時盲信者獲得昏暗視覺（如果已經有昏暗視覺，則距離增加為一般視覺的3倍）。10級時他獲得（或增加）黑暗視覺60呎。在13級他獲得靈敏嗅覺；16級時，他獲得盲感30英尺；在19級，他獲得盲視30英尺。該能力取代傷害減免。	
CATEGORY=Special Ability|Feral Gnasher ~ Savage Bite.MOD	OUTPUTNAME:野性撕咬（Savage Bite）	DESC:.CLEAR	DESC:1級時，咬人精獲得嚙咬攻擊。這是一個主要天生武器，造成1d4點傷害。若哥布林已經獲得了【頭大牙尖】種族特性，這一傷害提升為1d6。在10級時，咬人精的嚙咬傷害提升至1d6（若有【頭大牙尖】種族特性則為1d8）並會在重擊時造成3倍傷害。這一能力取代快速移動。	
CATEGORY=Special Ability|Feral Gnasher ~ Impromptu Armament.MOD	OUTPUTNAME:抓起便打（Impromptu Armament）	DESC:.CLEAR	DESC:2級時，咬人精獲得「隨手投擲」作為獎勵專長，並且能以一個自由動作拾取一件可以單手揮舞的無主物品。此外，咬人精可以選取「隨手武器」專長來代替一個狂暴之力。這一能力取代2級時獲得的狂暴之力。	
CATEGORY=Special Ability|Feral Gnasher ~ Lockjaw.MOD	OUTPUTNAME:咬住不放（Lockjaw）	DESC:.CLEAR	DESC:3級時，咬人精在使用她的嚙咬攻擊時獲得「攫抓」能力。咬人精可以對體型最多比她大一級的生物使用該能力。這一能力取代陷阱感知+1。	
CATEGORY=Special Ability|Feral Gnasher ~ Improvised Weapon Mastery.MOD	OUTPUTNAME:臨時武器熟稔（Improvised Weapon Mastery）	DESC:.CLEAR	DESC:5級時，咬人精獲得「臨時武器熟稔」作為獎勵專長。這一能力取代精通直覺閃避。	
CATEGORY=Special Ability|Feral Gnasher ~ Improved Lockjaw.MOD	OUTPUTNAME:精通咬住不放（Improved Lockjaw）	DESC:.CLEAR	DESC:6級時，只要咬人精在【咬住不放】的擒抱中佔據主動，她便不會處於擒抱狀態，但是仍然無法移動或使用嘴做擒抱外的其他任何事。這一能力取代陷阱感知+2。	
CATEGORY=Special Ability|Feral Gnasher ~ Greater Lockjaw.MOD	OUTPUTNAME:高等咬住不放（Greater Lockjaw）	DESC:.CLEAR	DESC:9級和15級時，咬人精能使用【咬住不放】的生物最大體型會依次增大一級。這一能力取代陷阱感知+3和陷阱感知+5。	
CATEGORY=Special Ability|Feral Gnasher ~ Wicked Improvisation.MOD	OUTPUTNAME:亂咬一氣（Wicked Improvisation）	DESC:.CLEAR	DESC:12級時，咬人精能更好地使用臨時武器和天生武器。咬人精在使用天生武器或臨時武器時，傷害獲得+1表現加值。在14級和之後的每2級，傷害加值還會再加+1。此傷害加值不是精準傷害，可以因重擊而翻倍。這一能力取代陷阱感知+4。	
CATEGORY=Special Ability|Hateful Rager ~ Reduced Rage.MOD	OUTPUTNAME:削減狂暴（Reduced Rage）	DESC:.CLEAR	DESC:在2級和之後的每級，恨意狂暴者只獲得每日1輪的狂暴輪數，而不是每日2輪。	
CATEGORY=Special Ability|Hateful Rager ~ Favored Enemy.MOD	OUTPUTNAME:宿敵（Favored Enemy）	DESC:.CLEAR	DESC:2級時，恨意狂暴者選擇一個宿敵。這一能力如同遊俠的同名能力般運作。在8級，14級和20級，恨意狂暴者再選擇一個宿敵，並對其已有宿敵之一獲得額外的加值，如同遊俠能力描述。	
CATEGORY=Special Ability|Hateful Rager ~ Feed the Rage.MOD	OUTPUTNAME:延續狂暴（Feed the Rage）	DESC:.CLEAR	DESC:5級時，恨意狂暴者每擊倒或殺死一名宿敵便會獲得1輪額外的狂暴輪數。這些輪數只能加在她當前的狂暴上，並且隨著她的此次狂暴結束而消失。這一能力取代精通直覺閃避。	
CATEGORY=Special Ability|Hateful Rager ~ Amplified by Hate.MOD	OUTPUTNAME:恨意激增（Amplified by Hate）	DESC:.CLEAR	DESC:9級時，當對一名宿敵使用【狂暴之力】時，恨意狂暴者將他的宿敵加值的一半增加到該狂暴之力的豁免DC上。這一能力取代陷阱感知+3。	
CATEGORY=Special Ability|Armored Hulk ~ Indomitable Stance.MOD	OUTPUTNAME:不屈架勢（Indomitable Stance）	DESC:.CLEAR	DESC:重甲士的衝撞戰技檢定+1，同樣的加值也應用在對抗衝撞的CMD、以及對抗「踐踏」能力的反射豁免上。他對抗衝鋒攻擊的AC+1，而且在攻擊衝鋒的對手時攻擊檢定與傷害檢定均+1。此能力取代快速移動。	
CATEGORY=Special Ability|Armored Hulk ~ Armored Swiftness.MOD	OUTPUTNAME:迅捷甲士（Armored Swiftness）	DESC:.CLEAR	DESC:2級起，重甲士可以在穿戴中甲或重甲時移動得更快。當穿戴中甲或重甲時，重甲士的移動速度增加5尺，但不超過基本移動速度。此能力取代直覺閃避。	
CATEGORY=Special Ability|Armored Hulk ~ Resilience of Steel.MOD	OUTPUTNAME:鐵甲卸勁（Resilience of Steel）	DESC:.CLEAR	DESC:3級起，重甲士學會運用裝甲避免致命攻擊。在穿戴重甲時，他對抗重擊確認檢定時AC+1，3級後每3級此加值再+1（18級最高+6）。此能力取代陷阱感知。	
CATEGORY=Special Ability|Armored Hulk ~ Improved Armored Swiftness.MOD	OUTPUTNAME:進階迅捷甲士（Improved Armored Swiftness）	DESC:.CLEAR	DESC:5級起，重甲士的陸地速度比他的同族正常速度快10尺。他在穿戴任何盔甲時可以獲得此加值，包括重甲。但當他重載時依然會失去此加值。在計算因負載或穿甲產生的速度修正時要先應用此加值。此加值可以與其他任何增加野蠻人陸上速度的效果疊加。此能力取代精通直覺閃避。	
CATEGORY=Special Ability|Scarred Rager ~ Terrifying Visage.MOD	OUTPUTNAME:恐怖容貌（Terrifying Visage）	DESC:.CLEAR	DESC:傷痕狂暴者對非野蠻人部族的成員進行威嚇技能檢定時，可以將野蠻人等級的一半加到檢定結果上，這種加值也可以作用在與野蠻人部落的交涉檢定上。由傷痕狂暴者造成的任何恐懼效果的豁免DC都+1。此能力取代快速移動。	
CATEGORY=Special Ability|Scarred Rager ~ Tolerance.MOD	OUTPUTNAME:忍耐（Tolerance）	DESC:.CLEAR	DESC:2級起，當傷痕狂暴者因豁免檢定失敗而陷入力竭、反胃、疲乏、噁心狀態時，可以在他下一輪開始時再進行一次額外的豁免來免除這些效果。額外豁免只有一次。如果該效果不允許豁免，你可以讓該效果的持續時間減半。此能力取代直覺閃避。	
CATEGORY=Special Ability|Scarred Rager ~ Scarification.MOD	OUTPUTNAME:傷口癒合（Scarification）	DESC:.CLEAR	DESC:3級起，傷痕狂暴者每輪可以忽略1點出血傷害。3級之後每3級，每輪可以多忽略1點傷害。15級起，傷痕狂暴者可以每輪無視一次出血效果。此能力取代陷阱感知。	
CATEGORY=Special Ability|Scarred Rager ~ Improved Tolerance.MOD	OUTPUTNAME:忍耐強化（Improved Tolerance）	DESC:.CLEAR	DESC:5級起，傷痕狂暴者的忍耐能力對造成暈眩、恐懼、戰慄、震懾的效果也適用。此能力取代精通直覺閃避。	
CATEGORY=Special Ability|Sea Reaver ~ Marine Terror.MOD	OUTPUTNAME:海之恐怖（Marine Terror）	DESC:.CLEAR	DESC:掠海者可以屏息的輪數等於體質值的4倍。而且掠海者可以正常通過1尺深的水或沼澤，不用因為穿越這種地形而花費額外的移動距離。最後，掠海者在攻擊浸在水裡的目標時，該目標不會因為掩蔽獲得AC加值（正常狀態下攻擊水裡的目標視為有掩蔽）。此能力取代快速移動。	
CATEGORY=Special Ability|Sea Reaver ~ Eyes of the Storm.MOD	OUTPUTNAME:風暴之眼（Eyes of the Storm）	DESC:.CLEAR	DESC:2級時，掠海者可以無視霧、雨雪和風等天氣因素造成的非全隱蔽效果。而且他在進行察覺檢定時，因天氣造成的檢定罰值減半。此能力取代直覺閃避。	
CATEGORY=Special Ability|Sea Reaver ~ Savage Sailor.MOD	OUTPUTNAME:野蠻水手（Savage Sailor）	DESC:.CLEAR	DESC:3級時，掠海者在船上或海岸線上等水上地形時，他的特技、攀爬、專業（水手）、游泳和生存技能檢定+1。3級後的每3級，此加值再+1。此能力取代陷阱感知。	
CATEGORY=Special Ability|Sea Reaver ~ Sure-Footed.MOD	OUTPUTNAME:腳踏實地（Sure-Footed）	DESC:.CLEAR	DESC:5級時，掠海者在滑膩的表面上移動時不會受到罰值，無論這種滑膩是自然還是魔法造成的（例如『油膩術』，『冰風暴』等）。掠海者不會在這種地形上滑倒，不會因此失去敏捷加值，也不會將此視作困難地形。此能力取代精通直覺閃避。	
CATEGORY=Special Ability|Titan Mauler ~ Big Game Hunter.MOD	OUTPUTNAME:巨獸獵人（Big Game Hunter）	DESC:.CLEAR	DESC:巨人殺手與比自己體型大的生物進行近戰時，攻擊檢定+1，AC獲得+1閃避加值。此能力取代快速移動。	
CATEGORY=Special Ability|Titan Mauler ~ Jotungrip.MOD	OUTPUTNAME:約頓之握（Jotungrip）	DESC:.CLEAR	DESC:2級起，巨人殺手可以將雙手近戰武器當作單手武器使用，攻擊檢定受到-2減值。該武器必須適合巨人殺手的體型。在決定猛力攻擊傷害加值、傷害的力量修正等情況時，將該武器視為單手武器。此能力取代直覺閃避。【譯註：約頓巨人是北歐神話中巨人族的一員。】	
CATEGORY=Special Ability|Titan Mauler ~ Massive Weapons.MOD	OUTPUTNAME:擅長巨兵（Massive Weapons）	DESC:.CLEAR	DESC:3級起，巨人殺手獲得使用大型武器的技巧。她可以使用大一個級別生物的雙手武器，但這樣做的懲罰會增加到4。然而，當使用比自己體型大的武器時，攻擊檢定罰值減少1點，3級以後每3級罰值再減1點（最低到0）。此能力替換陷阱感知。【編註：中體型使用大型雙手武器時，武器減值除了該技能的-4懲罰外，還要加上越型原本的-2懲罰。】	
CATEGORY=Special Ability|Titan Mauler ~ Evade Reach.MOD	OUTPUTNAME:迴避觸及（Evade Reach）	DESC:.CLEAR	DESC:5級起，以一個迅捷動作，巨人殺手可以選擇視線內的一個目標，在巨人殺手的回合結束前，被選定目標針對他的觸及範圍視為減少5尺。5級之後每5級，觸及減值再增加5尺。此能力取代精通直覺閃避。	
CATEGORY=Special Ability|Titan Mauler ~ Titanic Rage.MOD	OUTPUTNAME:泰坦之怒（Titanic Rage）	DESC:.CLEAR	DESC:14級時，巨人殺手在狂暴時可以獲得『人類變巨術』的好處。在使用泰坦之怒時，巨人殺手每輪消耗2輪狂暴輪數。在這種狂暴結束後，你陷入力竭狀態。此能力取代不屈意志。	
CATEGORY=Special Ability|True Primitive ~ Illiteracy.MOD	OUTPUTNAME:文盲（Illiteracy）	DESC:.CLEAR	DESC:原住民無法讀寫。而他們的迷信文化也根本排斥對讀寫的學習，原住民即使兼職其他職業也依然無法讀寫。	
CATEGORY=Special Ability|True Primitive ~ Favored Terrain.MOD	OUTPUTNAME:偏好地形（Favored Terrain）	DESC:.CLEAR	DESC:原住民獲得故鄉所在地形作為其偏好地形，效果同遊俠的【偏好地形】職業能力。5級起與之後每5級，原住民的偏好地形加值再+2，但無法獲得額外的偏好地形。此能力取代快速移動。	
CATEGORY=Special Ability|True Primitive ~ Trophy Fetish.MOD	OUTPUTNAME:戰利品祝福（Trophy Fetish）	DESC:.CLEAR	DESC:原住民為了顯示自身的力量和強大，會收集打敗的敵人身上的牙齒、骨頭、毛髮作為自己的戰利品。3級起，原住民可以給上述傳統的真正原始的武器附上一件祝福戰利品。在使用此武器時，原住民傷害檢定獲得+1士氣加值。如果該武器有易碎特性，每日1次，原住民可以無視因攻擊投骰出1而損壞該武器的效果。原住民也可以在皮革防具上附上戰利品，如果這樣做，原住民在豁免檢定上有+1士氣加值。如果該防具有易碎特性，每日1次，原住民在遭受重擊時可以選擇讓該防具不被擊破。3級之後每5級，原住民可以多附加一件戰利品。原住民可以給同一件防具或武器添加多件祝福戰利品，效果疊加。戰利品可以被擊破（硬度5，1HP），但範圍攻擊或不是瞄準特定目標的攻擊不會對戰利品造成傷害。給其他種類的武器或防具附上戰利品沒有效果。此能力取代陷阱感知。	
CATEGORY=Special Ability|Urban Barbarian ~ Crowd Control.MOD	OUTPUTNAME:人海制御（Crowd Control）	DESC:.CLEAR	DESC:1級起，都市野人與兩名或以上敵人鄰接時，攻擊檢定+1，AC獲得+1閃避加值。同時都市野人的移動不會受到人群的阻礙，並在影響人群的威嚇技能檢定上獲得等於都市野人職業等級一半的加值。此能力取代快速移動。	
CATEGORY=Special Ability|Urban Barbarian ~ Controlled Rage.MOD	OUTPUTNAME:壓制狂暴（Controlled Rage）	DESC:.CLEAR	DESC:都市野人在狂暴時，可以選擇力量、敏捷、體質的一項屬性獲得+4士氣加值代替原來的狂暴效果。此加值在都市野人獲得【大狂暴】時變成+6，獲得【強力狂暴】時變成+8。都市野人可以選擇在一項體能屬性上獲得完全加值，也能以+2為單位將加值分別加到不同體能屬性上。使用壓制狂暴時，都市獵人不會獲得意志檢定的士氣加值，但也不會受到AC的罰值，而且在狂暴中仍然可以使用基於智力、敏捷、魅力的技能。其他效果與狂暴規則一樣。	
CATEGORY=Special Ability|Wild Rager ~ Uncontrolled Rage.MOD	OUTPUTNAME:失控狂暴（Uncontrolled Rage）	DESC:.CLEAR	DESC:凶暴蠻者的狂暴效果如常，但如果他在狂暴中將一個生物的生命值降到0以下，他必須通過一個DC為「10+野蠻人等級+魅力修正」的意志檢定，失敗則陷入困惑狀態。在他當前輪的剩餘時間裡，他會攻擊除自己外離自己最近的生物。下一輪開始，他如同被『困惑術』支配一樣進行行動（效果見下注）。從這一輪起以及之後每一輪，在凶暴蠻者的回合結束時可以嘗試一次新的意志豁免來擺脫困惑效果。他在困惑中的輪數不計入他的每日狂暴輪數里，但他無法自主結束狂暴，也無法在困惑狀態中使用狂暴之力。	
CATEGORY=Special Ability|Wild Rager ~ Wild Fighting.MOD	OUTPUTNAME:狂野戰法（Wild Fighting）	DESC:.CLEAR	DESC:2級起，即使不是處於狂暴狀態，凶暴蠻者的戰鬥風格經常也是魯莽、狂野的。凶暴蠻者在進行全力攻擊時，可以獲得一次使用他最高BAB的額外攻擊。在他下一輪開始前，他的攻擊檢定-2，AC-4。此能力替代直覺閃避。	
CATEGORY=Special Ability|Wild Rager ~ Rage Conversion.MOD	OUTPUTNAME:狂暴轉換（Rage Conversion）	DESC:.CLEAR	DESC:5級起，凶暴蠻者在對抗任何〔影響心靈〕效果的豁免失敗時，他可以在下一輪開始時進行一次新的豁免檢定。如果這次檢定成功，該〔影響心靈〕效果被移除，同時凶暴蠻者開始狂暴並自動進入上述的困惑狀態。此能力替代精通直覺閃避。	
