CATEGORY=Special Ability|Cleric ~ Aura.MOD	OUTPUTNAME:靈光（Aura）	DESC:.CLEAR	DESC:信奉混亂、邪惡、善良或秩序神祇的牧師擁有和神祇陣營相同的靈光（見『偵測邪惡（Detect Evil）』法術的說明）。	
CATEGORY=Special Ability|Cleric ~ Channel Energy.MOD	OUTPUTNAME:引導能量（Channel Energy）	DESC:.CLEAR	DESC:無論陣營，任何牧師都能通過聖徽來釋放源自信仰的能量波。這種能量可以用來治療或者造成傷害，取決於能量類型和目標物種。一個善良牧師（或者信奉善良神）引導正能量，可以傷害不死生物或者用於治療。一個邪惡牧師（或者信奉邪惡神）引導負能量，用於造成傷害或者治療不死生物。信奉中立神的中立牧師（或者無神牧師）必須選擇引導正能量還是負能量，一旦確定不能更改。這個選擇還決定牧師是自發治療法術還是造成傷害法術。引導能量是以牧師為中心半徑30尺的爆發範圍，影響同一類的所有生物（活物或是不死生物）。造成和治療的傷害等於「1d6+每比1級多2牧師等級1d6」（3級2d6，5級3d6，以此類推）。生物可以通過意志豁免來降低一半傷害，DC是「10+1/2牧師等級+魅力修正」。治療的能量不能使生命超過最大生命值，多餘的會被浪費掉。牧師每天能夠引導能量的次數相當於「3+魅力修正」。這是一個不會引起藉機攻擊的標準動作，牧師可以選擇自己是否包含在內。牧師必須能亮出聖徽以使用這個能力。	
CATEGORY=Special Ability|Cleric ~ Domains.MOD	OUTPUTNAME:領域（Domains）	DESC:.CLEAR	DESC:牧師的神和陣營，決定他能夠使用什麼法術、他的價值觀和別人怎麼看他。牧師選擇他的神的兩個領域，當他的陣營對應的時候，可以選擇陣營領域（秩序、混亂、善良、邪惡）。如果牧師不信奉特定的神，他依然可以選擇兩個領域來代表他的靈性傾向和能力（交由GM決定）。但仍須遵守陣營領域的限制。每個領域授予一些領域能力，取決於牧師等級，在每個法術等級都有領域法術欄位，可以用來準備其中一個領域的法術。如果某個領域法術不在牧師法術列表上，便只能使用領域法術欄位準備該法術。領域法術不能用來自發轉化。此外，牧師得到他領域中列出的能力，如果他等級夠高的話。除非另有說明，使用領域能力是一個標準動作。	
CATEGORY=Special Ability|Cleric ~ Orisons.MOD	OUTPUTNAME:禱念（Orisons）	DESC:.CLEAR	DESC:每天牧師可以準備一些禱念或稱0環法術，正如上表。這些法術的施展如同其他任何法術，但它們不會在施展的時候消耗掉，並且可以被再次使用。	
CATEGORY=Special Ability|Cleric ~ Spontaneous Casting.MOD	OUTPUTNAME:法術轉換（Spontaneous Casting）	DESC:.CLEAR	DESC:善良牧師（或信仰善良神祇的中立牧師）可以將事先準備好的法術（禱念和領域法術不可）臨時轉換成醫療法術，即使他事前並未準備該醫療法術也可。此時，牧師會「失掉」一個準備好的法術，換得一個同環級（或較低環級）的『治療傷害』法術。邪惡牧師（或信仰邪惡神祇的中立牧師）不能將法術轉換成醫療法術，但卻可以轉換成『造成傷害』法術。信仰中立神祇的中立牧師可以在上述兩種法術轉換中擇其一，但是做出決定之後便再也無法改變。此選擇亦決定該中立牧師能引導正能量還是負能量。	
CATEGORY=Special Ability|Domain Power ~ Lightning Arc.MOD	OUTPUTNAME:電弧（Lightning Arc）	DESC:.CLEAR	DESC:你能用標準動作發出一道電弧。通過一個遠程接觸攻擊任何30尺以內的敵人。電弧造成「1d6+1/2牧師等級」的電傷害。你每天可以使用此能力次數為「3+感知修正」。	
CATEGORY=Special Ability|Domain Power ~ Electricity Resistance.MOD	OUTPUTNAME:電抗性（Electricity Resistance）	DESC:.CLEAR	DESC:在6級，你獲得10點閃電抗力；12級20點；20級，你免疫閃電傷害。	
CATEGORY=Special Ability|Domain Power ~ Thundercloud.MOD	OUTPUTNAME:雷雲（Thundercloud）	DESC:.CLEAR	DESC:8級你可用標準動作喚來風暴雲，此能力類似「雲霧術」，除了被籠罩生物變聾且因雷鳴閃電受到2d6點電傷害。創建後，你能通過專注來每輪移動它30尺。每天能使用的輪數等於牧師等級，不必連續。此能力取代氣領域的抗電能力。	
CATEGORY=Special Ability|Domain Power ~ Wind Blast.MOD	OUTPUTNAME:風爆（Wind Blast）	DESC:.CLEAR	DESC:你可放出30尺直線的衝擊波，用你的「施法者等級+感知修正」作為戰技加值來衝撞線上生物。每天「3+感知修正」次。此能力替換氣領域的電弧能力。	
CATEGORY=Special Ability|Domain Power ~ Speak with Animals.MOD	OUTPUTNAME:動物交談（Speak with Animals）	DESC:.CLEAR	DESC:你能夠和動物交流，如同名法術。每天可持續的輪數為「3+牧師等級」。	
CATEGORY=Special Ability|Domain Power ~ Animal Companion.MOD	OUTPUTNAME:動物夥伴（Animal Companion）	DESC:.CLEAR	DESC:4級起，你獲得一個動物夥伴來為你服務。決定動物夥伴的時候，有效德魯伊等級為「牧師等級-3」。通過自然聯結能力選擇本領域的德魯伊，在決定其動物夥伴的有效等級時同樣按「德魯伊等級-3」計算。	
CATEGORY=Special Ability|Domain Power ~ Eyes of the Hawk.MOD	OUTPUTNAME:鷹眼（Eyes of the Hawk）	DESC:.CLEAR	DESC:你的察覺技能獲得等於你牧師等級一半的種族加值（最少+1）。此外，如你能在突襲輪中行動，先攻檢定獲得+2種族加值。此能力替換動物領域的動物交談能力。	
CATEGORY=Special Ability|Domain Power ~ Predator's Grace.MOD	OUTPUTNAME:優雅獵手（Predator's Grace）	DESC:.CLEAR	DESC: 你可以迅捷動作給自己基礎移動速度+10尺1輪。每5牧師等級，便再加5尺。此外，也獲得1輪昏暗視覺。如果已有則視線範圍則為普通人類在昏暗光源中3倍。每天「3+感知修正」次。此能力替換動物領域的動物交談能力。	
CATEGORY=Special Ability|Domain Power ~ Artificer's Touch.MOD	OUTPUTNAME:技工之觸（Artificer's Touch）	DESC:.CLEAR	DESC:你能夠任意施展修復術，使用你的牧師等級作為施法者等級去修復物品。並且你還能通過一次近戰接觸攻擊來破壞物品和建築，造成「1d6+1/2牧師等級」點傷害。這次攻擊忽略相當於你牧師等級的傷害減免和硬度。你每天可以使用此能力次數為「3+感知修正」。	
CATEGORY=Special Ability|Domain Power ~ Dancing Weapons.MOD	OUTPUTNAME:舞空武器（Dancing Weapons）	DESC:.CLEAR	DESC:在8級，你能夠通過觸碰使得一個武器成為舞空武器4輪。在8級你能夠使用該能力每天1次，以後每比8級多4級增加1次。	
CATEGORY=Special Ability|Domain Power ~ Animate Servant.MOD	OUTPUTNAME:活化僕人（Animate Servant）	DESC:.CLEAR	DESC:到了8級，你能用標準動作給予物體生命。此能力類似「活化物體」，除了牧師等級作為施法者等級。你8級能使用此能力1次，每比8級高4級能多用1次。此能力取代手藝領域的舞空武器能力。	
CATEGORY=Special Ability|Domain Power ~ Aura of Repetition.MOD	OUTPUTNAME:重複靈光（Aura of Repetition）	DESC:.CLEAR	DESC:到了8級，你可放出30尺的靈光讓敵人重複行動。未通過意志豁免的敵人必須如上一輪那樣重複行動（若可能）。攻擊過的生物必須再進行攻擊（可更換目標），移動過的不能修改移動動作類型（可改變路線），嗑藥的必須再喝哪怕是空瓶，無效的動作將會浪費。每天可用輪數等於牧師等級，不需連續。此能力替換手藝領域的舞空武器能力。	
CATEGORY=Special Ability|Domain Power ~ Touch of Chaos.MOD	OUTPUTNAME:混亂之觸（Touch of Chaos）	DESC:.CLEAR	DESC:通過一次近戰接觸攻擊，你能夠使混亂滲透目標。在下輪中，無論目標何時投d20，必須擲兩次而且取小的結果。你每天可以使用此能力次數為「3+感知修正」。	
CATEGORY=Special Ability|Domain Power ~ Chaos Blade.MOD	OUTPUTNAME:混沌之刃（Chaos Blade）	DESC:.CLEAR	DESC:在8級，你能夠通過觸碰使得一個武器獲得「混亂」附魔，持續輪數為牧師等級一半。在8級你能夠使用該能力每天1次，以後每比8級多4級增加1次。	
CATEGORY=Special Ability|Domain Power ~ Elysium's Call.MOD	OUTPUTNAME:極樂呼喚（Elysium's Call）	DESC:.CLEAR	DESC:以一次接觸，你向生物灌輸極樂之靈，讓他們的心境活潑向上。被摸到的生物可以立即對惑控系「魅惑」和「脅迫」子學派的法術或類法術能力重擲一次豁免，目標在此次豁免中獲得+2神聖加值。同時擺脫擒抱的CMB獲得+2神聖加值。最後，目標每輪無視5尺的艱難地形就好像擁有「靈狐步」專長。這些獎勵的持續時間為你牧師等級一半（最少1輪）——除了剛接觸時的重擲。每天能使用的輪數為「3+感知修正」。此能力取代善良領域的善良之觸或混亂領域的混亂之觸能力。	
CATEGORY=Special Ability|Domain Power ~ Fury of the Abyss.MOD	OUTPUTNAME:深淵狂怒（Fury of the Abyss）	DESC:.CLEAR	DESC:以迅捷動作，你讓自己獲得等於牧師等級一半的增強加值到近戰命中傷害和戰技檢定上1輪，同時AC受到-2懲罰。每天能用「3+感知修正」次。此能力取代混亂領域的混亂之觸和邪惡領域的邪惡之觸能力。	
CATEGORY=Special Ability|Domain Power ~ Aura of Chaos.MOD	OUTPUTNAME:混沌靈光（Aura of Chaos）	DESC:.CLEAR	DESC:到了8級你可用狂亂能量場圍繞著自己，此30尺靈光每日持續輪數為你牧師等級。在行動輪開始之際，範圍內敵人需要宣佈自己此輪行動（攻擊、施法、移動、使用物品、激活特殊能力），意志豁免成功依此行動，失敗則要以其它方式行動。此能力替換混亂領域的混沌之刃能力。	
CATEGORY=Special Ability|Domain Power ~ Dazing Touch.MOD	OUTPUTNAME:恍惚接觸（Dazing Touch）	DESC:.CLEAR	DESC:通過一次近戰接觸攻擊，你能夠使活物暈眩1輪。HD超過你牧師等級的生物不受影響。你每天可以使用此能力次數「3+感知修正」。	
CATEGORY=Special Ability|Domain Power ~ Charming Smile.MOD	OUTPUTNAME:魅惑微笑（Charming Smile）	DESC:.CLEAR	DESC:在8級，你能夠以一個迅捷動作來施展「魅惑人類」，DC是「10+1/2牧師等級+感知加值」。你同時間只能魅惑一個生物，你總共能控制相當於你牧師等級的輪數，這時間不需要是連續的，而且你能夠隨意使用自由動作解除魅惑。每次嘗試使用該能力都會消耗1輪，無論該生物是否成功的通過豁免抵抗之。	
CATEGORY=Special Ability|Domain Power ~ Adoration.MOD	OUTPUTNAME:傾慕（Adoration）	DESC:.CLEAR	DESC:以直覺動作，你能阻礙以你自己為目標的近戰或者遠程攻擊。此能力是個類似「聖域術」的心智效果，但只能對一次攻擊有效。你必須在攻擊宣言和投骰之間發動此能力，目標可通過一次意志豁免來不受此影響。若目標能進行多次攻擊，只有一次會受到阻礙。每天「3+感知修正」次。此能力替換魅力領域的恍惚接觸。	
CATEGORY=Special Ability|Domain Power ~ Anything to Please.MOD	OUTPUTNAME:予取予求（Anything to Please）	DESC:.CLEAR	DESC:8級時，你能以標準動作的心智效果強迫30尺生物服從。生物可用成功的意志豁免避免此效果，但若豁免失敗，此生物將攻擊你敵人1輪、獻上最有價值的物品、跪下1d4輪（由GM決定）。你能在8級每天使用此能力1次，每比8級高4級多1次。此能力替換魅力領域的魅惑微笑能力。	
CATEGORY=Special Ability|Domain Power ~ Calming Touch.MOD	OUTPUTNAME:鎮定接觸（Calming Touch）	DESC:.CLEAR	DESC:你能夠通過一個標準動作來觸摸一個生物治療「1d6+牧師等級」點非致命傷害，此接觸同時還能移除疲乏、戰慄和噁心（對其它不良狀態無效）。你每天可以使用此能力次數「3+感知修正」。	
CATEGORY=Special Ability|Domain Power ~ Unity.MOD	OUTPUTNAME:團結（Unity）	DESC:.CLEAR	DESC:8級時，當某個法術或效應以你或者你30英尺之內的戰友為目標時，你可以使用此能力，讓你的戰友選擇以你的豁免加值代替他以對抗法術效果。每個戰友都必須在結果出來前立刻決定是否接受此能力。使用此能力是一個直覺動作。在8級時你每天可以使用此能力1次，在之後你每增加4個牧師等級可以多使用此能力1次。	
CATEGORY=Special Ability|Domain Power ~ Binding Ties.MOD	OUTPUTNAME:承受（Binding Ties）	DESC:.CLEAR	DESC:以標準動作, 你觸摸一個盟友並將一個影響它的狀態轉移到自己身上。此效果持續的輪數等於你的牧師等級，但是你可以用一個自由動作結束它。在效果結束時，狀態將回到原本的生物上，除非它已經結束或者被其他效果移除。在轉移期間，該生物對被轉移的狀態免疫。每天能用「3+感知修正」次。此能力取代團隊領域的鎮定接觸能力。	
CATEGORY=Special Ability|Domain Power ~ Guarded Hearth.MOD	OUTPUTNAME:守家（Guarded Hearth）	DESC:.CLEAR	DESC:8級時，你可以每天1次花10分鐘不被打擾地工作來對一個特定的區域施加防護。區域最大半徑為每兩個牧師等級5尺，持續時間每牧師等級1小時。當防護完成時，你決定可進入的生物數量。當其他生物進入區域時，所有你選定的生物都會被警告（如果在睡眠中會被驚醒）。區域內被選定的生物在攻擊和豁免上獲得等同於你感知調整的神聖加值。如果你離開防護區域，防護自動結束。此能力替換團隊領域的團結能力。	
CATEGORY=Special Ability|Domain Power ~ Touch of Darkness.MOD	OUTPUTNAME:黑暗接觸（Touch of Darkness）	DESC:.CLEAR	DESC:通過近戰接觸攻擊，你可以使一個生物的視野中充滿黑暗和陰影。被觸碰的生物將其他生物都看成隱蔽狀態，在所有攻擊骰上承受20%%的失手幾率。此效果持續的輪數等於你的牧師等級的一半（至少1輪）。你每天可以使用此能力的次數等於「3+感知修正」。	
CATEGORY=Special Ability|Domain Power ~ Eyes of Darkness.MOD	OUTPUTNAME:黑暗之眼（Eyes of Darkness）	DESC:.CLEAR	DESC:在8級，你的視力不會受到照明條件的限制。即便是在絕對黑暗和魔法黑暗裡，你依然能使用此能力牧師等級一半的輪數，不需要是連續的。	
CATEGORY=Special Ability|Domain Power ~ Aura of Forgetfulness.MOD	OUTPUTNAME:健忘靈光（Aura of Forgetfulness）	DESC:.CLEAR	DESC:到了8級你能放出30尺的光環，持續輪數為牧師等級，不需連續。此範圍內的目標必須通過意志豁免，否則將對置身於圈內時候沒有記憶。同時施法者在區域內從1環開始向上遍歷，從低到高依次失去記憶法術或可用法術，每輪都必須意志豁免，成功可保留。此能力替換領域的黑暗之眼能力。	
CATEGORY=Special Ability|Domain Power ~ Night Hunter.MOD	OUTPUTNAME:夜襲（Night Hunter）	DESC:.CLEAR	DESC:你以標準動作融入黑夜陰影，變得幾乎完全不可見。在微光或者黑暗區域內，你對沒有黑暗視覺的生物視為隱形，輪數為牧師等級一半（最小1）。每天「3+感知修正」次。此能力替換黑暗領域的黑暗接觸能力。	
CATEGORY=Special Ability|Domain Power ~ Bleeding Touch.MOD	OUTPUTNAME:流血接觸（Bleeding Touch）	DESC:.CLEAR	DESC:你通過一次近戰接觸攻擊令活物每輪受到1d6傷害，持續時間是牧師等級一半（最少1輪），或直到接受了DC15的醫療或法術治療。你每天可以使用此能力次數「3+感知修正」。	
CATEGORY=Special Ability|Domain Power ~ Death's Embrace.MOD	OUTPUTNAME:死亡擁抱（Death's Embrace）	DESC:.CLEAR	DESC:在8級，你可以引導負能量醫療而不是造成傷害。當你對不死生物引導負能量時，你同此區域內的不死生物一同回復生命值。	
CATEGORY=Special Ability|Domain Power ~ Killing Blow.MOD	OUTPUTNAME:絕殺（Killing Blow）	DESC:.CLEAR	DESC:到了8級，若確認了重擊，你那充滿死亡能量的武器會額外造成相當於牧師等級一半的出血傷害。你能在8級每天使用1次，然後每比8高4級多1次。此能力替換死亡領域的死亡擁抱能力。	
CATEGORY=Special Ability|Domain Power ~ Death's Kiss.MOD	OUTPUTNAME:死亡之吻（Death's Kiss）	DESC:.CLEAR	DESC:你的接觸可令生物如不死生物般，受負能量治療正能量傷害。此效果持續輪數為你牧師等級一半（最少1），每天「3+感知修正」次。此能力不會使對像受「驅散亡靈」或「控制亡靈」專長影響。此能力替換死亡領域的流血接觸能力。	
CATEGORY=Special Ability|Domain Power ~ Destructive Smite.MOD	OUTPUTNAME:毀滅打擊（Destructive Smite）	DESC:.CLEAR	DESC:該能力可以在單次近戰攻擊中給攻擊和傷害擲骰提供牧師等級一半的加值（如果你命中）。你必須在攻擊前聲明使用毀滅打擊。你每天可以使用此能力次數「3+感知修正」。	
CATEGORY=Special Ability|Domain Power ~ Destructive Aura.MOD	OUTPUTNAME:毀滅靈光（Destructive Aura）	DESC:.CLEAR	DESC:8級你能夠放出30尺的毀滅靈光，每天能使用的輪數為你的牧師等級。在靈光內所有人對目標的傷害獲得你的牧師等級一半的士氣加值，並且重擊自動確認。靈光的時間不需要是連續的。	
CATEGORY=Special Ability|Domain Power ~ Deadly Weather.MOD	OUTPUTNAME:致命天氣（Deadly Weather）	DESC:.CLEAR	DESC:到了8級，你能釋放上天憤怒的呼喊——召來一場不住變幻半徑為5尺每牧師等級的毀滅風暴，每天能使用的輪數為你牧師等級，不必連續。風暴每輪有以下效果之一：傾盆大雨（-4察覺和遠程攻擊檢定），狂風呼號（-8飛行和遠程攻擊檢定），大雪紛飛（所有地形判為困難），閃電召來（同召雷術）或者其它依賴於天氣的效果（GM判斷）。你能選擇每輪的效果，但此效果不能在下輪重複。此能力取代毀滅領域的毀滅靈光能力。	
CATEGORY=Special Ability|Domain Power ~ Rage.MOD	OUTPUTNAME:狂暴（Rage）	DESC:.CLEAR	DESC:8級時，你每天能狂暴的輪數為牧師等級，該狂暴輪數和任何你從野蠻人等級獲得的狂暴輪數疊加。在12級和16級能分別選擇一個狂暴之力——但不能是有等級要求的，其它時候你野蠻人等級視為牧師等級一半。此能力替換毀滅領域的毀滅靈光能力。	
CATEGORY=Special Ability|Domain Power ~ Acid Dart.MOD	OUTPUTNAME:酸鏢（Acid Dart）	DESC:.CLEAR	DESC:你能用標準動作發出一道酸鏢。通過遠程接觸攻擊一個30尺以內的敵人，酸鏢造成「1d6+1/2牧師等級」的強酸傷害。你每天可以使用此能力次數「3+感知修正」。	
CATEGORY=Special Ability|Domain Power ~ Acid Resistance.MOD	OUTPUTNAME:酸抗性（Acid Resistance）	DESC:.CLEAR	DESC:在6級，獲得10點強酸抗力；12級20點；20級，你免疫強酸傷害。	
CATEGORY=Special Ability|Domain Power ~ Tunnel Runner.MOD	OUTPUTNAME:隧道競走（Tunnel Runner）	DESC:.CLEAR	DESC:到了8級，你能輕鬆通過隧道和洞穴——以標準動作激活此能力後，可像蜘蛛一樣在石製表面爬行。你得到60尺黑暗視覺，若已有則加60尺。在地下，你的隱匿技能檢定獲得等於你牧師等級的洞察加值，先攻獲得等於感知修正的洞察加值。每天時間為每牧師等級1分鐘，不需連續但必須以分鐘計。此能力取代土領域的酸抗性能力。	
CATEGORY=Special Ability|Domain Power ~ Metal Fist.MOD	OUTPUTNAME:鐵拳（Metal Fist）	DESC:.CLEAR	DESC:以迅捷動作，你拳頭變為無視10以下硬度的硬金屬1輪。令你徒手攻擊造成1d6鈍擊傷害再加上力量加值。此拳不會因無武裝受到藉機攻擊，但同時使用武器攻擊的時候要按照雙武器規則。每天「3+感知修正」次。此能力替換土領域的酸鏢能力。	
CATEGORY=Special Ability|Domain Power ~ Touch of Evil.MOD	OUTPUTNAME:邪惡之觸（Touch of Evil）	DESC:.CLEAR	DESC:通過一次近戰接觸攻擊，你使得生物噁心。被你噁心到的生物受到帶有「邪惡」描述符的法術影響時，陣營視作善良。此能力的持續時間是你牧師等級的一半（最小為1），你每天可以使用此能力次數為「3+感知修正」。	
CATEGORY=Special Ability|Domain Power ~ Scythe of Evil.MOD	OUTPUTNAME:穢惡之鐮（Scythe of Evil）	DESC:.CLEAR	DESC:在8級，你能夠通過觸碰使得一個武器獲得「邪惡」附魔，持續輪數為一半牧師等級。在8級你能夠使用該能力每天1次，以後每比8級多4級增加1次。	
CATEGORY=Special Ability|Domain Power ~ Whispering Evil.MOD	OUTPUTNAME:天花亂墜（Whispering Evil）	DESC:.CLEAR	DESC:到了8級，你可用標準動作將謊言在耳邊重複千遍，30尺內敵人必須通過意志豁免否則將被你迷魂。此能力能使用的輪數為你牧師等級，不必連續。此能力取代邪惡領域的穢惡之鐮能力。	
CATEGORY=Special Ability|Domain Power ~ Fury of the Abyss.MOD	OUTPUTNAME:深淵狂怒（Fury of the Abyss）	DESC:.CLEAR	DESC:以迅捷動作，你讓自己獲得等於牧師等級一半的增強加值到近戰命中傷害和戰技檢定上1輪，同時AC受到-2懲罰。每天能用「3+感知修正」次。此能力取代混亂領域的混亂之觸和邪惡領域的邪惡之觸能力。	
CATEGORY=Special Ability|Domain Power ~ Hell's Corruption.MOD	OUTPUTNAME:地獄腐敗（Hell's Corruption）	DESC:.CLEAR	DESC:你的近戰接觸攻擊令生物更易腐敗。被摸到的生物豁免受到-2懲罰，而且檢定的時候必須投兩次取最小值。該效果持續輪數為你牧師等級一半，每天可用「3+感知修正」次。此能力取代秩序領域的秩序之觸能力和邪惡領域的邪惡之觸能力。	
CATEGORY=Special Ability|Domain Power ~ Fire Bolt.MOD	OUTPUTNAME:火箭（Fire Bolt）	DESC:.CLEAR	DESC:你能用標準動作發出一根火箭。通過一個遠程接觸攻擊任何30尺以內的敵人，火箭造成「1d6+1/2牧師等級」的火傷害。你每天可以使用此能力次數「3+感知修正」。	
CATEGORY=Special Ability|Domain Power ~ Fire Resistance.MOD	OUTPUTNAME:火抗性（Fire Resistance）	DESC:.CLEAR	DESC:在6級，你將獲得10火焰抗力；12級20點；20級，你免疫火焰傷害。	
CATEGORY=Special Ability|Domain Power ~ Wall of Ashes.MOD	OUTPUTNAME:灰牆（Wall of Ashes）	DESC:.CLEAR	DESC:到了8級，你能在100尺的距離內以飛灰為牆，此牆高20尺，長每牧師等級10尺。此牆阻擋視覺線，且生物經過時若未通過強韌豁免則失明1d4輪。灰牆會令裡面和旁邊的隱形生物顯形，除非他們離開。你每天能使用的分鐘等於牧師等級，不必連續。此能力取代火領域的火抗性能力。	
CATEGORY=Special Ability|Domain Power ~ Cloud of Smoke.MOD	OUTPUTNAME:煙雲（Cloud of Smoke）	DESC:.CLEAR	DESC:以標準動作在30尺範圍內創造半徑5尺的雲煙，內部生物對遠程攻擊獲得隱蔽。在區域內和離開不到1輪的生物將在命中和察覺上受到-2懲罰。每天「3+感知修正」次。此能力替換火領域的火箭能力。	
CATEGORY=Special Ability|Domain Power ~ Touch of Glory.MOD	OUTPUTNAME:光榮觸摸（Touch of Glory）	DESC:.CLEAR	DESC:神力輻射使你的手閃爍發光。以一個標準動作觸摸生物，他可以加等於你牧師等級的加值到一次魅力為基礎的技能檢定或是魅力檢定上。這個能力持續1小時，或是到選擇使用這個加值投擲。你每天可以使用此能力次數「3+感知修正」。	
CATEGORY=Special Ability|Domain Power ~ Divine Presence.MOD	OUTPUTNAME:神力光臨（Divine Presence）	DESC:.CLEAR	DESC:在8級，你能以一個標準動作放出持續時間為牧師等級輪數的30尺範圍靈光，時間不需要是連續的。在此靈光內的盟友相當於受到DC為「10+1/2牧師等級+感知加值」的「聖域術」。如果離開或者進行攻擊，該盟友受到的效果會消失。如果你做出攻擊，所有人身上的此效果都會消失。	
CATEGORY=Special Ability|Domain Power ~ Aura of Heroism.MOD	OUTPUTNAME:英勇靈光（Aura of Heroism）	DESC:.CLEAR	DESC:到了8級，可以迅捷動作放出持續輪數為牧師等級的30尺英勇靈光，不需連續。盟友受到效果等同「英雄氣概」。此能力替換榮耀領域的神力光臨能力。	
CATEGORY=Special Ability|Domain Power ~ Honor Bound.MOD	OUTPUTNAME:義無反顧（Honor Bound）	DESC:.CLEAR	DESC:以一次接觸，你可以提醒一個生物其義務和責任，給其一次新的豁免機會，來對抗正在影響它的允許豁免的惑控系「魅惑」和「脅迫」效果，如果此次豁免成功效果立即結束。如果你在對抗這類效果的豁免中失敗，你可以以一個直覺動作給你自己提供一次額外的豁免。如果目標（你或被觸摸的生物）已經做過一次額外的豁免檢定，此能力對該惑控效果不再生效。每天「3+感知修正」次。此能力替換榮耀領域的光榮觸摸能力。	
CATEGORY=Special Ability|Domain Power ~ Touch of Good.MOD	OUTPUTNAME:善良之觸（Touch of Good）	DESC:.CLEAR	DESC:你能用一個標準動作來接觸一個生物，使之在1輪中的攻擊、技能、屬性、豁免檢定獲得你牧師等級的一半加值（最小1）。你每天可以使用此能力次數「3+感知修正」。	
CATEGORY=Special Ability|Domain Power ~ Holy Lance.MOD	OUTPUTNAME:神聖之槍（Holy Lance）	DESC:.CLEAR	DESC:在8級，你能夠通過觸碰使得一個武器獲得「神聖」附魔，持續輪數為一半牧師等級。在8級你能夠使用該能力每天1次，以後每比8級多4級增加1次。	
CATEGORY=Special Ability|Domain Power ~ Protective Aura.MOD	OUTPUTNAME:防護靈光（Protective Aura）	DESC:.CLEAR	DESC:到了8級，你能用標準動作發動30尺的防護靈光，盟友得到AC+2偏斜加值和豁免+2抗力加值，並且獲得防護邪惡效果（AC豁免不疊加）。你每天能使用的輪數等於牧師等級，不必連續。此能力取代善良領域的神聖之槍能力。	
CATEGORY=Special Ability|Domain Power ~ Aura of Menace Good.MOD	OUTPUTNAME:威脅靈光（Aura of Menace Good）	DESC:.CLEAR	DESC:到了8級，你能用標準動作發動30尺的防護靈光，敵人的命中、AC、豁免受到-2懲罰。你每天能使用的輪數等於牧師等級，不必連續。此能力取代善良領域的神聖之槍能力或秩序領域的律理之杖能力。	
CATEGORY=Special Ability|Domain Power ~ Elysium's Call.MOD	OUTPUTNAME:極樂呼喚（Elysium's Call）	DESC:.CLEAR	DESC:以一次接觸，你向生物灌輸極樂之靈，讓他們的心境活潑向上。被摸到的生物可以立即對惑控系「魅惑」和「脅迫」子學派的法術或類法術能力重擲一次豁免，目標在此次豁免中獲得+2神聖加值。同時擺脫擒抱的CMB獲得+2神聖加值。最後，目標每輪無視5尺的艱難地形就好像擁有「靈狐步」專長。這些獎勵的持續時間為你牧師等級一半（最少1輪）——除了剛接觸時的重擲。每天能使用的輪數為「3+感知修正」。此能力取代善良領域的善良之觸或混亂領域的混亂之觸能力。	
CATEGORY=Special Ability|Domain Power ~ Rebuke Death.MOD	OUTPUTNAME:制止死亡（Rebuke Death）	DESC:.CLEAR	DESC:你能夠以標準動作觸摸一個活著的生物，治療「1d4+1/2牧師等級」傷害。你只能對生命值低於0點的生物使用此能力。你每日可使用此能力的次數為「3+感知修正」。	
CATEGORY=Special Ability|Domain Power ~ Healer's Blessing.MOD	OUTPUTNAME:醫者祝福（Healer's Blessing）	DESC:.CLEAR	DESC:在到達6級時，你所有的醫療法術視同獲得法術強化效果，其治療的傷害點數增加一半（+50％）。此效果在使用醫療法術對不死生物造成傷害時不適用。此效果也不與法術強化超魔專長累計。	
CATEGORY=Special Ability|Domain Power ~ Restorative Touch.MOD	OUTPUTNAME:修復接觸（Restorative Touch）	DESC:.CLEAR	DESC:你可用一次神力接觸來移除下列效果的一個：暈眩、疲乏、戰慄、噁心、恍惚，每天「3+感知修正」次。此能力替換醫療領域的制止死亡能力。	
CATEGORY=Special Ability|Domain Power ~ Gift of Life.MOD	OUTPUTNAME:妙手回春（Gift of Life）	DESC:.CLEAR	DESC:到了8級你的手法可令1分鐘內死去的生物活轉等於你牧師等級的輪數，HP回復到相當於你牧師等級一半，繼續受死亡時依然生效的法術、狀態、苦難等影響。生物在再次撲街的時間到前自由活動，你對它們沒有操控權。此能力在8級能每天用一次，每比8級高4級多一次。此能力替換醫療領域的醫者祝福能力。	
CATEGORY=Special Ability|Domain Power ~ Lore Keeper.MOD	OUTPUTNAME:傳承管理者（Lore Keeper）	DESC:.CLEAR	DESC:你可以觸摸一個生物以瞭解它的能力和弱點。通過一個成功的接觸攻擊，你可以如同進行對應的知識檢定且結果等於「15+牧師等級+感知修正」般獲得信息。	
CATEGORY=Special Ability|Domain Power ~ Remote Viewing.MOD	OUTPUTNAME:遠處觀察（Remote Viewing）	DESC:.CLEAR	DESC:從6級開始，你可以以類法術能力的方式使用「鷹眼術/銳耳術」，施法者等級等於你的牧師等級。你每日可使用此能力的輪數等於你的牧師等級。這些輪數不必連續使用。	
CATEGORY=Special Ability|Domain Power ~ Recall.MOD	OUTPUTNAME:回想（Recall）	DESC:.CLEAR	DESC:通過接觸，你令生物回想起來一些忘記的知識和信息。生物能重擲一次1分鐘內的知識檢定，而且獲得相當於你感知修正的洞察加值。每天「3+感知修正」次。此能力替換知識領域的傳承管理者能力。	
CATEGORY=Special Ability|Domain Power ~ Read Minds.MOD	OUTPUTNAME:讀心（Read Minds）	DESC:.CLEAR	DESC:到了8級，你可如同名法術般施展「偵測思想」。你閱讀表層思想需要專注1輪，生物可通過DC為「10+1/2牧師等級+感知加值」的意志豁免來使之無效。每天可用的輪數等於牧師等級，不需連續。此能力替換知識領域的遠處觀察能力。	
CATEGORY=Special Ability|Domain Power ~ Touch of Law.MOD	OUTPUTNAME:秩序之觸（Touch of Law）	DESC:.CLEAR	DESC:你可以一個標準動作碰觸一個自願的生物，向其注入神聖秩序的力量，令其在一輪中的所有攻擊檢定、技能檢定、屬性檢定和豁免檢定如同在正常的d20投骰中投出11點。你每日可使用此能力的次數為「3+感知修正」。	
CATEGORY=Special Ability|Domain Power ~ Staff of Order.MOD	OUTPUTNAME:律理之杖（Staff of Order）	DESC:.CLEAR	DESC:在8級時，你可以令接觸到的一把武器獲得「秩序」附魔，持續輪數等於你的牧師等級的一半。在8級時你可以每日使用1次本能力，之後每4級再多1次每日可用次數。	
CATEGORY=Special Ability|Domain Power ~ Aura of Menace Law.MOD	OUTPUTNAME:威脅靈光（Aura of Menace Law）	DESC:.CLEAR	DESC:到了8級，你能用標準動作發動30尺的防護靈光，敵人的命中、AC、豁免受到-2懲罰。你每天能使用的輪數等於牧師等級，不必連續。此能力取代善良領域的神聖之槍能力或秩序領域的律理之杖能力。	
CATEGORY=Special Ability|Domain Power ~ Hell's Corruption.MOD	OUTPUTNAME:地獄腐敗（Hell's Corruption）	DESC:.CLEAR	DESC:你的近戰接觸攻擊令生物更易腐敗。被摸到的生物豁免受到-2懲罰，而且檢定的時候必須投兩次取最小值。該效果持續輪數為你牧師等級一半，每天可用「3+感知修正」次。此能力取代秩序領域的秩序之觸能力和邪惡領域的邪惡之觸能力。	
CATEGORY=Special Ability|Domain Power ~ Command.MOD	OUTPUTNAME:控制（Command）	DESC:.CLEAR	DESC:你以標準動作對一個生物發號施令，就如同施展了「命令術」，成功的意志豁免可避免此效果。你一天內不能對一個生物反覆嘗試，每天「3+感知修正」次。此能力替換秩序領域的秩序之觸能力。	
CATEGORY=Special Ability|Domain Power ~ Liberation.MOD	OUTPUTNAME:解放（Liberation）	DESC:.CLEAR	DESC:你獲得忽視妨礙你行動效果的能力。你每日能夠在等同於你牧師等級的輪數中正常移動，忽視妨礙行動的魔法效果，如同受到「行動自如」法術效果的影響。此效果在需要時自動生效。每日可用輪數無需一次性連續使用。	
CATEGORY=Special Ability|Domain Power ~ Freedom's Call.MOD	OUTPUTNAME:自由呼聲（Freedom's Call）	DESC:.CLEAR	DESC:在8級時，你能夠放出30英尺的自由靈光，每日可用輪數等於你的牧師等級。在此靈光範圍內的同伴免疫困惑、擒抱、戰慄、驚懼、恐慌、麻痺、壓制。本靈光僅為抑制這些效果，一旦生物離開靈光範圍或靈光結束，則上述效果會恢復。每日輪數可分為多次使用。	
CATEGORY=Special Ability|Domain Power ~ Liberty's Blessing.MOD	OUTPUTNAME:自由祝福（Liberty's Blessing）	DESC:.CLEAR	DESC:你可用標準動作觸摸一個意願的生物，給予其恩惠。一個有此恩惠的生物可以對一個正在影響它的法術或效果，以迅捷動作重新做一次豁免檢定來結束。恩惠可持續1分鐘或發散。每天「3+感知修正」次。此能力替換解放領域的解放能力。	
CATEGORY=Special Ability|Domain Power ~ Powerful Persuader.MOD	OUTPUTNAME:無雙說客（Powerful Persuader）	DESC:.CLEAR	DESC:到了8級你能在交涉和威嚇的時候自由動作投兩次取高。此能力在8級能每天用一次，每比8級高2級多一次。此能力替換解放領域的自由呼聲能力。	
CATEGORY=Special Ability|Domain Power ~ Bit of Luck.MOD	OUTPUTNAME:小幸運（Bit of Luck）	DESC:.CLEAR	DESC:你可以用一個標準動作碰觸一個自願的生物，使其沾到點運氣。在接下來一輪中，目標任何時候投擲一個D20，都可以投兩次並選擇其中較好的結果。每日你可以使用本能力的次數為「3+感知修正」。	
CATEGORY=Special Ability|Domain Power ~ Good Fortune.MOD	OUTPUTNAME:好運（Good Fortune）	DESC:.CLEAR	DESC:在6級時，你可以用一個直覺動作重擲剛投的一次d20投骰，但必須在宣告投骰帶來的結果前使用。你必須接受重擲的結果，即便比原本的結果更差。在6級時你每日可使用此能力1次，之後每6級牧師等級再增加1次。　	
CATEGORY=Special Ability|Domain Power ~ Malign Eye.MOD	OUTPUTNAME:冷眼（Malign Eye）	DESC:.CLEAR	DESC:以標準動作，你怨恨地瞪了30尺內單個目標一眼，令其對你的所有法術的豁免檢定受到-2懲罰。效果持續1分鐘或者到目標攻擊命中你，每天能使用的次數為「3+感知修正」。此能力取代機運領域的小幸運能力。	
CATEGORY=Special Ability|Domain Power ~ Tugging Strands.MOD	OUTPUTNAME:力挽狂瀾（Tugging Strands）	DESC:.CLEAR	DESC:到了8級，你可以強迫一個在視線內的生物重骰任何一次擲骰，條件是在結果被宣佈之前。無論第二次結果如何都必須接受。你在8級時每天可以使用此能力1次，8級後的每6級增加1次。此能力取代機運領域的好運能力。	
CATEGORY=Special Ability|Domain Power ~ Vision of Madness.MOD	OUTPUTNAME:狂亂感知（Vision of Madness）	DESC:.CLEAR	DESC:你可以一個近戰接觸攻擊，令一個生物獲得一種狂亂感知效果。選擇下列中的一項：攻擊檢定，豁免檢定，及技能檢定。目標在選定的項目上獲得等同於你牧師等級一半（至少+1）的加值，同時其他兩項受到相同大小的減值。此效果在3輪後結束。你每日可使用此能力的次數等於「3+感知修正」。	
CATEGORY=Special Ability|Domain Power ~ Aura of Madness.MOD	OUTPUTNAME:狂亂靈光（Aura of Madness）	DESC:.CLEAR	DESC:在8級時，你可以放出30英尺的狂亂靈光，每日可用輪數等於你的牧師等級。在此靈光範圍內的敵人需做通過DC等於「10+1/2牧師等級+感知修正」的意志豁免，以避免受到困惑效果影響。該困惑效果在生物離開靈光範圍或靈光結束時立刻失效。通過豁免檢定的生物在24小時內對此靈光的效果免疫。每日輪數可分為多次使用。	
CATEGORY=Special Ability|Domain Power ~ Insane Focus.MOD	OUTPUTNAME:瘋狂焦點（Insane Focus）	DESC:.CLEAR	DESC:你以標準動作給自願生物對抗心智效果的豁免+4加值，並且免疫困惑，持續1分鐘。若生物在上述豁免中失敗，則馬上失去對困惑免疫，然後困惑一輪。每天「3+感知修正」次。此能力替換狂亂領域的狂亂感知能力。	
CATEGORY=Special Ability|Domain Power ~ Fearful Touch.MOD	OUTPUTNAME:恐懼之觸（Fearful Touch）	DESC:.CLEAR	DESC:你以標準動作近戰接觸敵對生物，令其經歷1輪可怕幻覺。期間生物失去對恐懼效果的免疫，且對你進行攻擊時受到-2懲罰。此外生物對恐懼效果的意志豁免受到等於你牧師等級一半的懲罰（最少-1）。此能力為心智效果，每天「3+感知修正」次。此能力替換狂亂領域的狂亂感知能力。	
CATEGORY=Special Ability|Domain Power ~ Hand of the Acolyte.MOD	OUTPUTNAME:隨從之手（Hand of the Acolyte）	DESC:.CLEAR	DESC:你可以令你的近戰武器從手中飛出攻擊一個敵人後馬上回來。作為一個標準動作，你可以用近戰武器做一次射程30英尺的攻擊。該次攻擊視同使用投擲武器進行遠程攻擊，但在攻擊檢定中以意志修正代替敏捷修正（傷害仍以力量修正計算）。本能力無法用於戰技攻擊。你每日可使用本能力的次數為「3+感知修正」。	
CATEGORY=Special Ability|Domain Power ~ Dispelling Touch.MOD	OUTPUTNAME:驅散之觸（Dispelling Touch）	DESC:.CLEAR	DESC:8級時，你可以通過近戰接觸攻擊造成解除魔法的效果。8級時本能力每日可用1次，之後每4級可以每日多用1次。	
CATEGORY=Special Ability|Domain Power ~ Arcane Beacon.MOD	OUTPUTNAME:奧術燈塔（Arcane Beacon）	DESC:.CLEAR	DESC:以標準動作，你成為奧術燈塔，發出15尺靈光到自己下輪開始。在靈光內施展的奧術獲得施法者等級或法術DC+1，施法者在施法時進行選擇。你每天能使用此能力的次數為「3+感知修正」。此能力取代魔法領域的隨從之手能力。	
CATEGORY=Special Ability|Domain Power ~ Divine Vessel.MOD	OUTPUTNAME:神力導管（Divine Vessel）	DESC:.CLEAR	DESC:當你成為神術目標時，你用迅捷動作為15尺內盟友帶來福音。他們在自己下輪結束前，攻擊、技能、屬性檢定獲得+2加值。你每天能使用的次數為「3+感知修正」。此能力取代魔法領域的隨從之手能力。	
CATEGORY=Special Ability|Domain Power ~ Inspiring Word.MOD	OUTPUTNAME:豪言壯語（Inspiring Word）	DESC:.CLEAR	DESC:你可以用一個標準動作對30英尺內的一個生物念出熱血台詞。該生物在攻擊檢定、技能檢定、屬性檢定及豁免檢定中獲得+2士氣加值，持續輪數等於你的牧師等級的一半（至少1輪）。本能力每日可用次數為「3+感知修正」。	
CATEGORY=Special Ability|Domain Power ~ Leadership.MOD	OUTPUTNAME:領導力（Leadership）	DESC:.CLEAR	DESC:在8級時，你獲得「領導力」作為額外專長。此外，只要你一直遵守你的神祇的教義（若你不信仰特定神祇則改為神聖信條），你的領導力數值就擁有+2加值。	
CATEGORY=Special Ability|Domain Power ~ Inspiring Command.MOD	OUTPUTNAME:指引（Inspiring Command）	DESC:.CLEAR	DESC:你以標準動作令30尺內的「1+1/3牧師等級」個盟友注意集中1輪。他們的攻擊檢定、技能檢定、AC和CMD在1輪內獲得+2洞察加值。這是個依賴於語言的心智效果。此能力替換高貴領域的豪言壯語能力。	
CATEGORY=Special Ability|Domain Power ~ Sacrificial Bond.MOD	OUTPUTNAME:李代桃僵（Sacrificial Bond）	DESC:.CLEAR	DESC:到了8級你能用直覺動作替代30尺內一個盟友受到一次傷害。此能力還會傳遞隨之而來的效果，且傷害無法用任何方式減免。此能力在8級能每天用1次，14級2次，20級3次。此能力替換高貴領域的領導力能力。	
CATEGORY=Special Ability|Domain Power ~ Wooden Fist.MOD	OUTPUTNAME:木拳（Wooden Fist）	DESC:.CLEAR	DESC:你可以用一個自由動作令你的雙手變得像木頭般堅硬，並在表面生滿細小的棘刺。當你使用木拳時，你的徒手攻擊不會觸發藉機攻擊，造成致命傷害，並獲得等同於你的牧師等級一半的傷害加值（最小+1）。你每日可使用本能力的輪數為「3+感知修正」。	
CATEGORY=Special Ability|Domain Power ~ Bramble Armor.MOD	OUTPUTNAME:荊棘護甲（Bramble Armor）	DESC:.CLEAR	DESC:6級開始，你可以用一個自由動作令一大叢荊棘佈滿你的皮膚。當荊棘護甲生效時，任何使用徒手或非長型的近戰武器攻擊你的敵人會受到「1d6+1/2牧師等級」點的穿刺傷害。每日你可以使用此能力的輪數等於你的牧師等級，這些輪數可以分做多次使用。	
CATEGORY=Special Ability|Domain Power ~ Aura of Decay.MOD	OUTPUTNAME:腐敗光環（Aura of Decay）	DESC:.CLEAR	DESC:到了8級你能用標準動作放出30尺的腐敗光環，範圍內的活物（除了你）都因為肉體腐爛受到1d6傷害，植物受到2d6點。並且只要在光環內，每輪都受到1點累積的力量懲罰，離開後會以每輪1點的速度恢復。你每天能使用的輪數為牧師等級，不必連續。此能力取代植物領域的荊棘護甲能力。	
CATEGORY=Special Ability|Domain Power ~ Enlarge.MOD	OUTPUTNAME:巨大化（Enlarge）	DESC:.CLEAR	DESC:迅捷動作發動，像以自己為目標的「人類變巨術」一樣變大1輪。每天「3+感知修正」次。此能力替換植物領域的木拳能力。	
CATEGORY=Special Ability|Domain Power ~ Resistant Touch.MOD	OUTPUTNAME:抗力之觸（Resistant Touch）	DESC:.CLEAR	DESC:你可以用一個標準動作接觸一個同伴，令其在1分鐘內獲得你的抗力加值。若你如此做，則你在一分鐘內失去保護領域帶來的抗力加值。你每日可使用本能力的次數為「3+感知修正」。	
CATEGORY=Special Ability|Domain Power ~ Aura of Protection.MOD	OUTPUTNAME:保護靈光（Aura of Protection）	DESC:.CLEAR	DESC:在8級時，你可以放出30英尺的保護靈光，每日可用輪數等於你的牧師等級。你和在靈光範圍內的同伴獲得AC+1偏斜加值，以及所有元素抗力5（酸、寒冷、電擊、火焰和音波）。之後每4牧師等級該偏斜加值再+1。在14級時，所有元素抗力增加為10。這些輪數可以分作多次使用。	
CATEGORY=Special Ability|Domain Power ~ Deflection Aura.MOD	OUTPUTNAME:偏轉靈光（Deflection Aura）	DESC:.CLEAR	DESC:每天你能放出持續輪數為牧師等級的20尺靈光，盟友獲得AC+2偏斜加值和+2戰技防禦。此能力取代保護領域的抗力之觸能力。	
CATEGORY=Special Ability|Domain Power ~ Purifying Touch.MOD	OUTPUTNAME:淨化接觸（Purifying Touch）	DESC:.CLEAR	DESC:到了8級，你以神力輕觸來淨化目標，令其可以對身上效果依次重擲豁免，成功則可解除（其中可自願放棄）。此能力在8級能每天用1次，14級2次，20級3次。此能力替換保護領域的保護靈光能力。	
CATEGORY=Special Ability|Domain Power ~ Gentle Rest.MOD	OUTPUTNAME:溫柔休息（Gentle Rest）	DESC:.CLEAR	DESC:你可以用一次近戰接觸攻擊向一個生物注入昏睡之力，使該活著的生物陷入恍惚（staggered，又譯蹣跚）狀態，持續1輪。若你接觸了一個恍惚狀態的生物，則其改為陷入睡眠1輪。若被接觸的為不死生物則改為恍惚等同於你感知修正的輪數。本能力每日可用次數等於「3+感知修正」。	
CATEGORY=Special Ability|Domain Power ~ Ward Against Death.MOD	OUTPUTNAME:防護死亡（Ward Against Death）	DESC:.CLEAR	DESC:在8級時，你可以放出30英尺的靈光，每日可用輪數等於你的牧師等級。此區域內活著的生物獲得免疫所有死亡效果、能量吸取、及造成負向等級的效果。此防護效果並不移除生物已獲得的負向等級，但這些負向等級在生物處於防護靈光範圍內時並不生效。每日可用輪數可分作多次使用。	
CATEGORY=Special Ability|Domain Power ~ Speak With Dead.MOD	OUTPUTNAME:死者交談（Speak With Dead）	DESC:.CLEAR	DESC:到了8級，你能用標準動作問死去生物一個問題就好像你使用了「死者交談」，與你陣營不同的死去生物不能進行意志豁免。你每天能使用的次數等於牧師等級。此能力取代安眠領域的防護死亡能力。	
CATEGORY=Special Ability|Domain Power ~ Touch the Spirit World.MOD	OUTPUTNAME:觸摸靈界（Touch the Spirit World）	DESC:.CLEAR	DESC:你的接觸令武器可對虛體生物造成全額傷害，持續輪數為你牧師等級。每天「3+感知修正」次。此能力替換安眠領域的溫柔休息能力。	
CATEGORY=Special Ability|Domain Power ~ Blast Rune.MOD	OUTPUTNAME:爆發符文（Blast Rune）	DESC:.CLEAR	DESC:以一個標準動作，你可以在任何鄰近的方格中創造一個爆發符文。任何進入此方格的生物會受到「1d6+1/2牧師等級」的傷害。此符紋造成強酸、寒冷、電擊或火焰傷害之一，須在你創造符文時決定。符文是隱形的，持續等同於你的牧師等級的輪數後失效。你無法在一個其他生物佔據著的方格中創造爆發符文。符紋在被嘗試解除時視同1級的法術效果，可以通過DC26的察覺技能檢定發現符紋，並通過DC26的解除裝置技能檢定來解除。你每日可使用此能力的次數為「3+感知修正」。	
CATEGORY=Special Ability|Domain Power ~ Spell Rune.MOD	OUTPUTNAME:法術符文（Spell Rune）	DESC:.CLEAR	DESC:在8級時，你可以在使用爆發符文時附上一個你施展的法術，令該法術在生物觸發符文受到傷害的同時受到該法術的效果。該法術必須低於低於你所能施展的最高級牧師法術至少1級，且目標為一個或多個生物。不管該法術正常情況下影響幾個目標，在符文觸發時僅對該生物生效。	
CATEGORY=Special Ability|Domain Power ~ Rune Shift.MOD	OUTPUTNAME:符文轉移（Rune Shift）	DESC:.CLEAR	DESC:6級你能用迅捷動作來移動你「爆發符文」的位置。此符文起點在你30尺內，可移動到你任何臨近區域，包括被其它生物佔據的。此能力替換符文領域的法術符文能力。	
CATEGORY=Special Ability|Domain Power ~ Warding Rune.MOD	OUTPUTNAME:守護神符（Warding Rune）	DESC:.CLEAR	DESC:到了6級，當生物被你的神符傷害時，可直覺動作讓其無法攻擊你，持續輪數為牧師等級一半（就好像「聖域術」，意志豁免無效）。此能力不能阻止對方以範圍法術、能力攻擊你。在8級每天能用1次，14級和20級各多1次。此能力替換符文領域的法術符文能力。	
CATEGORY=Special Ability|Domain Power ~ Strength Surge.MOD	OUTPUTNAME:力量滿溢（Strength Surge）	DESC:.CLEAR	DESC:你可以用一個標準動作賦予接觸到的一個生物巨大的力量。在一輪中，目標獲得等於你牧師等級一半的增強加值（至少+1），作用於近戰攻擊、基於力量的戰技檢定、基於力量的技能、以及力量屬性檢定上。你每日可使用本能力的次數為「3+你的感知修正」。	
CATEGORY=Special Ability|Domain Power ~ Might of the Gods.MOD	OUTPUTNAME:神力（Might of the Gods）	DESC:.CLEAR	DESC:在8級時，你可以將你的牧師等級作為增強加值計入你的力量屬性中，每日可用輪數等於你的牧師等級。此加值僅適用於力量屬性檢定及基於力量的技能檢定。這些輪數可以分做多次使用。	
CATEGORY=Special Ability|Domain Power ~ Ferocious Strike.MOD	OUTPUTNAME:兇猛打擊（Ferocious Strike）	DESC:.CLEAR	DESC:當進行一次近戰攻擊時，你可以宣佈它成為一次兇猛打擊。如果命中，將造成等於牧師等級一半的額外傷害（最少為1），每天「3+感知修正」次。此能力替換力量領域的力量滿溢能力。	
CATEGORY=Special Ability|Domain Power ~ Bestow Resolve.MOD	OUTPUTNAME:志在必得（Bestow Resolve）	DESC:.CLEAR	DESC:到了8級，可令20尺內所有盟友獲得你「牧師等級+感知修正」點數臨時生命，持續1分鐘。每天1次，每比8級高4級多1次。此能力替換力量領域的神力能力。	
CATEGORY=Special Ability|Domain Power ~ Sun's Blessing.MOD	OUTPUTNAME:太陽祝福（Sun's Blessing）	DESC:.CLEAR	DESC:每當你引導正能量以傷害不死生物時，在造成的傷害中計入你的牧師等級。在你引導正能量時，不死生物的豁免上無法計算其引導抗力。	
CATEGORY=Special Ability|Domain Power ~ Nimbus of Light.MOD	OUTPUTNAME:光輪（Nimbus of Light）	DESC:.CLEAR	DESC:在8級時，你可以放出30英尺的光輪，每日可用輪數等於你的牧師等級。此效果類似「晝明術」法術。此外，此範圍內的不死生物每停留一整輪都受到等於你牧師等級的傷害。帶有黑暗描述的法術和類法術能力在光輪範圍內自動失效。本能力的可用輪數可以分作多次使用。	
CATEGORY=Special Ability|Domain Power ~ Day's Resurgence.MOD	OUTPUTNAME:日新（Day's Resurgence）	DESC:.CLEAR	DESC:到了8級，你能令一個生物彷彿休息了8小時一樣恢復。它需要10分鐘來使用此能力，被打斷後需要重啟，但不會當作用過。10分鐘後，該生物治療相當於休息8小時的生命並且可對度日需要豁免的效果進行豁免。而且失敗後不會受到惡果，成功則可消除（若可能）。此能力不能用來準備法術。你在8級能使用1次，以後每比8級高2級能多用1次。此能力取代太陽領域的光輪能力。	
CATEGORY=Special Ability|Domain Power ~ Blinding Flash.MOD	OUTPUTNAME:瞎眼閃光（Blinding Flash）	DESC:.CLEAR	DESC:你以標準動作從聖徽，或者聖法器處放出一道閃光。在你20尺內生物目眩，輪數為你牧師等級一半，而且HD低於你牧師等級的生物必須通過強韌豁免否則目盲1d4輪。每天「3+感知修正」次。此能力替換太陽領域的太陽祝福能力。	
CATEGORY=Special Ability|Domain Power ~ Agile Feet.MOD	OUTPUTNAME:靈巧步伐（Agile Feet）	DESC:.CLEAR	DESC:以一個自由動作，你可以在一輪中獲得更好的機動性。在接下來的一輪中，你忽視所有困難地形帶來的穿越時的移動力懲罰。你每日可使用本能力的次數為「3+感知修正」。	
CATEGORY=Special Ability|Domain Power ~ Dimensional Hop.MOD	OUTPUTNAME:空間跳躍（Dimensional Hop）	DESC:.CLEAR	DESC:在8級時，你可以用移動動作每日傳送最多每牧師等級10英尺。此傳送必須為5英尺的整數倍計算，且不會引發藉機攻擊。要使用本能力，你必須能夠以視線看到目的地。你可以帶著其他自願的生物一同傳送，但需要為每個生物消耗相同的距離。	
CATEGORY=Special Ability|Domain Power ~ Door Sight.MOD	OUTPUTNAME:門鏡（Door Sight）	DESC:.CLEAR	DESC:你將手置於一平面上，便能如同使用了鷹眼術般看到另一面，能穿透的距離為「6+牧師等級」尺。施展此能力需要1分鐘，此時間內你運功發於要穿透的面上，且能維持遙感10分鐘，但不能分心做其他事情。每天能用「3+感知修正」次。此能力取代旅行領域的靈巧步伐能力。	
CATEGORY=Special Ability|Domain Power ~ Silver-Tongued Haggler.MOD	OUTPUTNAME:巧舌如簧（Silver-Tongued Haggler）	DESC:.CLEAR	DESC:當你做唬騙、交涉、察言觀色檢定之時，可用自由動作將等於牧師等級一半（最小為1）的加值添到結果上。每天「3+感知修正」次。此能力替換旅行領域的靈巧步伐能力。	
CATEGORY=Special Ability|Domain Power ~ Copycat.MOD	OUTPUTNAME:複製幻象（Copycat）	DESC:.CLEAR	DESC:你可以用一個移動動作製造一個與自身極為相似的幻象。此幻象如同單個的「鏡影術」般生效，並持續等同於你的牧師等級的輪數，或直到該複製幻象被解除或毀滅。你同時只能擁有一個複製幻象。此能力與鏡影術無法同時生效。你每日可使用本能力的次數為「3+感知修正」。	
CATEGORY=Special Ability|Domain Power ~ Master's Illusion.MOD	OUTPUTNAME:大師幻覺（Master's Illusion）	DESC:.CLEAR	DESC:在8級時，你能夠用幻術來掩飾自己和30尺內盟友的外表，持續時間是你的牧師等級，不需是連續的。看破幻象的豁免DC等於「10+1/2牧師等級+感知修正」。除上述外，此能力都與法術「隱匿之紗」相同。	
CATEGORY=Special Ability|Domain Power ~ Sudden Shift.MOD	OUTPUTNAME:突然轉移（Sudden Shift）	DESC:.CLEAR	DESC:一眨眼的功夫，你就能在別的地方出現。在一次近戰攻擊對你失手時，你能以直覺動作在視野內傳送10尺，目的地必須仍能被此生物攻擊到。每天能用「3+感知修正」次。此能力替換詭術領域的複製幻象能力。	
CATEGORY=Special Ability|Domain Power ~ Thief of the Gods.MOD	OUTPUTNAME:神偷（Thief of the Gods）	DESC:.CLEAR	DESC:到了8級當你進行解除裝置或巧手檢定之時，可自由動作發動此能力雙投取高。此能力在8級能每天用1次，每比8級高2級多1次。此能力替換詭術領域的大師幻覺能力。	
CATEGORY=Special Ability|Domain Power ~ Battle Rage.MOD	OUTPUTNAME:戰鬥狂暴（Battle Rage）	DESC:.CLEAR	DESC:你可以用標準動作接觸一個生物使其1輪時間內，在近戰攻擊傷害上獲得等於你牧師等級一半的加值（至少+1）。你每日可以使用的次數為「3+感知修正」。	
CATEGORY=Special Ability|Domain Power ~ Weapon Master.MOD	OUTPUTNAME:武器大師（Weapon Master）	DESC:.CLEAR	DESC:在8級時，你可以通過迅捷動作獲得一個戰鬥專長的使用能力，每日可用輪數等於你的牧師等級。你可以分做多次使用，並且每次使用本能力時都可以改變選擇的專長。但你必須滿足使用該專長的先決條件。	
CATEGORY=Special Ability|Domain Power ~ Wounding Blade.MOD	OUTPUTNAME:傷刃（Wounding Blade）	DESC:.CLEAR	DESC:到了8級，你能通過觸碰令武器變成血光武器，持續輪數為牧師等級一半。你8級能每天使用1次，以後每比8級高4級多1次。此能力取代戰爭領域的武器大師能力。	
CATEGORY=Special Ability|Domain Power ~ Seize the Initiative.MOD	OUTPUTNAME:兵貴神速（Seize the Initiative）	DESC:.CLEAR	DESC:此能力需在你和隊友投先攻出結果前發動，可讓30尺內一人雙投任取。每天「3+感知修正」次。此能力替換戰爭領域的戰鬥狂暴能力。	
CATEGORY=Special Ability|Domain Power ~ Icicle.MOD	OUTPUTNAME:冰柱（Icicle）	DESC:.CLEAR	DESC:你可以用一個標準動作從指尖射出一段冰柱，對30英尺內的目標敵人造成遠程接觸攻擊。冰柱造成「1d6+1/2牧師等級」寒冷傷害。你每日可使用此能力的次數為「3+感知修正」。	
CATEGORY=Special Ability|Domain Power ~ Cold Resistance.MOD	OUTPUTNAME:冰抗（Cold Resistance）	DESC:.CLEAR	DESC:在6級時，你獲得寒冷抗力10，12級時增加為20。你在20級時徹底免疫寒冷。	
CATEGORY=Special Ability|Domain Power ~ Body of Ice.MOD	OUTPUTNAME:冰體（Body of Ice）	DESC:.CLEAR	DESC:到了8級，就可用標準動作令自己身心像冰川一樣玉潔冰清。此時你免疫寒冷傷害，並與獲得傷害減免5/-，但是會受到雙倍的火傷害。每天變成冰的輪數等於牧師等級，自由動作解除，無需連續。此能力替換水領域的冰抗能力。	
CATEGORY=Special Ability|Domain Power ~ Surge.MOD	OUTPUTNAME:浪湧（Surge）	DESC:.CLEAR	DESC:你以標準動作喚來洶湧的波濤沖刷一個目標，以「牧師等級+感知修正」做為戰技攻擊加值來推拉對手。每天「3+感知修正」次。此能力替換水領域的冰柱能力。	
CATEGORY=Special Ability|Domain Power ~ Storm Burst.MOD	OUTPUTNAME:風暴衝擊（Storm Burst）	DESC:.CLEAR	DESC:你能夠用一個標準動作對30英尺內的目標敵人進行風暴衝擊，這是一個遠程接觸攻擊。風暴衝擊造成「1d6+1/2牧師等級」的非致命傷害。此外，目標因受到風雨侵擾而使其在一輪中的攻擊檢定上受-2減值。每日你可使用本能力的次數為「3+感知修正」。	
CATEGORY=Special Ability|Domain Power ~ Lightning Lord.MOD	OUTPUTNAME:閃電主宰（Lightning Lord）	DESC:.CLEAR	DESC:在8級時，你每日能夠召來等同於你牧師等級個數的閃電球。你可以用一個標準動作隨意願召來特定個數的閃電球，但每個生物不得作為超過一個閃電球的目標，且每兩個生物間距離不得超過30英尺。本能力其他效果類似「招雷術」。	
CATEGORY=Special Ability|Domain Power ~ Untouched by the Seasons.MOD	OUTPUTNAME:四季如春（Untouched by the Seasons）	DESC:.CLEAR	DESC:你的接觸令生物獲得持續每牧師等級1小時的「忍耐環境」，每天「3+感知修正」次。此能力替換天氣領域的風暴衝擊能力。	
CATEGORY=Special Ability|Domain Power ~ Gale Aura.MOD	OUTPUTNAME:暴風氛圍（Gale Aura）	DESC:.CLEAR	DESC:在6級你召來阻礙敵人靠近的狂風，令30尺內生物無法五尺快步，且範圍內敵人向你靠近時視為經過艱難地形。每天使用輪數為牧師等級，不需連續。此能力替換天氣領域的閃電主宰能力。	
CATEGORY=Special Ability|Fiendish Vessel ~ Domains.MOD	OUTPUTNAME:領域（Domains）	DESC:.CLEAR	DESC:煉獄邪蠱必須選擇惡魔、邪魔或魔鬼子域作為她其中的一個領域。該領域必須符合她所侍奉的魔君。	
CATEGORY=Special Ability|Fiendish Vessel ~ Channel Evil.MOD	OUTPUTNAME:引導邪惡（Channel Evil）	DESC:.CLEAR	DESC:1級起，煉獄邪蠱引導她所侍奉魔君的純粹邪惡能量而非正能量或負能量。該能力類似【引導負能量】，不過取代治療不死生物以及傷害活物，這股爆發的邪惡能量會自動治癒邪惡生物並削弱善良生物。【引導邪惡】影響所有以煉獄邪蠱為中心30尺爆發範圍內的生物。對邪惡生物來說，該能力治療1d4傷害並且在1級後每2級增加1d4（最高為19級的10d4）。在爆發範圍內的善良生物需要進行一次意志豁免來使該傷害無效，若意志豁免失敗會噁心1d4輪。若受到影響的善良生物的HD小於等於煉獄邪蠱5級，豁免失敗則會使其反胃1輪後再噁心1d4輪。該豁免的DC為「10+1/2煉獄邪蠱等級+魅力修正」。中立生物不會受這股爆發的邪惡能量影響。煉獄邪蠱每日使用引導邪惡的次數等於「3+魅力修正」。這是一個不會引起藉機攻擊的標準動作。她可以選擇自己是否受此效果影響。煉獄邪蠱必須出示她的邪徽或使用她的魔寵保持專注以使用此能力。在選擇影響引導能量的專長時，該能力視為【引導負能量】。若專長改變了煉獄邪蠱的引導方式或用引導造成傷害，則使用該能力治療邪惡生物的數值作為該能力可造成的傷害。例如，一名5級的煉獄邪蠱獲得了「導能打擊」專長，她成功的攻擊會對活物額外造成3d4傷害（儘管該傷害可以通過豁免降低）。該能力取代引導能量。	
CATEGORY=Special Ability|Fiendish Vessel ~ Fiendish Familiar.MOD	OUTPUTNAME:煉獄魔寵（Fiendish Familiar）	DESC:.CLEAR	DESC:3級起，煉獄邪蠱侍奉的魔君獎賞她一名煉獄僕役。煉獄邪蠱所侍奉的魔君類型決定其獲得的是何種魔寵。若她敬奉阿斯莫迪斯（Asmodeus）或一名大魔鬼（archdevil），則獲得小魔鬼（Devil, Imp）；若她敬奉惡魔領主（demon lord），則獲得小惡魔（Demon, Quasit, 又譯誇塞魔）；若她敬奉四馭者（Four Horsemen），則獲得狂躁邪魔（Daemon, Cacodaemon）。該能力與法師【奧術聯結】的魔寵以及「進階魔寵」專長相同，使用煉獄邪蠱等級作為法師等級計算魔寵能力。這個小魔鬼的行為就像是墮落的、明顯的道德指針。只要煉獄邪蠱願意，她可以將這個魔寵作為一個活的邪徽以用於施法或者保持專注。這意味著當她使用【引導邪惡】能力時，只要魔寵與她有視覺線連接並且在她30尺範圍內，就能以魔寵作為能量爆發的中心點。煉獄邪蠱的魔寵往往屈從於她並且對其阿諛獻媚。若煉獄邪蠱的魔寵死亡，她所侍奉的魔君會在1周內贈予其一個同樣的魔寵，這並不需要進行特殊的儀式。此外，煉獄魔寵額外獲得以下特殊能力。	
CATEGORY=Special Ability|Fiendish Vessel ~ Fiendish Augury.MOD	OUTPUTNAME:煉獄占卜（Fiendish Augury）	DESC:.CLEAR	DESC:3級起，煉獄邪蠱可以詢問魔寵一個特定的行動在不久的將來會帶來何種結果。該能力如同『占卜術（augury）』一般運作，施法者等級等同於煉獄邪蠱等級，並以魔寵的動作作為該法術的材料。該能力每日可以使用1次。	
CATEGORY=Special Ability|Fiendish Vessel ~ Fiendish Divination.MOD	OUTPUTNAME:煉獄預言（Fiendish Divination）	DESC:.CLEAR	DESC:9級起，煉獄邪蠱可以借助她的魔寵完成更強大的占卜，從而從她所侍奉的魔君處獲得智慧。該能力如同『預言術（Divination）』一般運作，施法者等級等同於煉獄邪蠱等級，並以魔寵的動作作為該法術的材料。該能力每日可以使用1次。	
CATEGORY=Special Ability|Fiendish Vessel ~ Extra Divination.MOD	OUTPUTNAME:額外預言（Extra Divination）	DESC:.CLEAR	DESC:13級起，煉獄邪蠱可以從魔君那裡獲得更多的智慧。她每日可以使用【煉獄預言】3次。	
CATEGORY=Special Ability|Fiendish Vessel ~ Fiendish Summoning.MOD	OUTPUTNAME:煉獄召喚術（Fiendish Summoning）	DESC:.CLEAR	DESC:當煉獄邪蠱使用『召喚怪物』法術時，她只能召喚出與其侍奉的魔君相同陣營的煉獄生物和邪惡異界生物。	
CATEGORY=Special Ability|Demonic Apostle ~ Demonic Magic.MOD	OUTPUTNAME:惡魔法術（Demonic Magic）	DESC:.CLEAR	DESC:惡魔使徒必須選擇引導負能量，並且必須選擇混亂領域、邪惡領域或者惡魔子域（Demon subdomain, APG）作為其擁有的領域之一。	
CATEGORY=Special Ability|Demonic Apostle ~ Demonic Familiar.MOD	OUTPUTNAME:惡魔魔寵（Demonic Familiar）	DESC:.CLEAR	DESC:1級起，惡魔使徒獲得一個魔寵，如同等級法師一般。若她已經因為其他職業獲得了魔寵，她的牧師等級與其疊加以決定魔寵的能力。3級起，她的魔寵獲得煉獄模板。7級起，惡魔使徒可以將她的魔寵替換為誇賽魔（Quasit）而無需擁有「進階魔寵」專長。	
CATEGORY=Special Ability|Demonic Apostle ~ Demonic Channel.MOD	OUTPUTNAME:惡魔導能（Demonic Channel）	DESC:.CLEAR	DESC:1級起，惡魔使徒可以引導惡魔能量傷害秩序和善良陣營的生物，或者在更高的等級強化混亂邪惡盟友的能力。引導惡魔能量影響牧師為中心的30尺爆發範圍。在這爆發範圍內的秩序和善良生物受到1d6傷害，並且在1級後的每2個等級提高1d6傷害（3級2d6，5級3d6，以此類推）。受到引導惡魔能量傷害的生物能以一次成功的強韌豁免使傷害減半。該豁免DC等於「10+1/2惡魔使徒等級+魅力修正」。秩序善良生物在該豁免上遭受-2減值。5級起，在該爆發範圍內的混亂邪惡陣營的盟友會被強化，就如同受到只持續1輪的『狂暴術』影響一般。9級起，守序或善良的生物若在豁免引導惡魔能量時失敗則會噁心1d6輪。引導惡魔能量是一個不會引發藉機攻擊的標準動作。該能力取代引導能量。	
CATEGORY=Special Ability|Forgemaster ~ Artificer.MOD	OUTPUTNAME:手藝人（Artificer）	DESC:.CLEAR	DESC:一名鍛造大師只獲得一個領域，且必須是手藝領域（子領域也不行哦親）。如果她信奉一名神祇，該神祇必須擁有手藝領域。	
CATEGORY=Special Ability|Forgemaster ~ Steel Spells.MOD	OUTPUTNAME:鋼鐵法術（Steel Spells）	DESC:.CLEAR	DESC:鍛造大師將以下法術加入她的法術列表中。	
CATEGORY=Special Ability|Forgemaster ~ Divine Smith.MOD	OUTPUTNAME:神聖鐵匠（Divine Smith）	DESC:.CLEAR	DESC:當鍛造大師施放一個目標為武器、盾牌或盔甲的法術時，法術的效果以施法者等級+1計算。若有一個或更多的超魔專長作用於該法術，需要提升的總法術環級-1（至少為0）。	
CATEGORY=Special Ability|Forgemaster ~ Runeforger.MOD	OUTPUTNAME:符文鍛造（Runeforger）	DESC:.CLEAR	DESC:以一個整輪動作，鍛造大師可以將神秘的符文刻印在盔甲、盾牌或武器上。他每日可以使用該能力的次數等於「3+智力修正」。這些符文存在每牧師等級1輪；若刻印兩次，持續時間提升至每牧師等級1分鐘；若刻印三次，持續時間提升至每牧師等級10分鐘；若刻印四次，持續時間提升至每牧師等級1小時。『抹消術（Erase）』可以作用於符文，將它們視為魔法文字。一名鍛造大師在1級時學會【鍛匠祝福】符文，並在2級和之後的每2級再學會一項符文。在一件物品上，同時只能存在一個標注星號（*）的符文。這一能力取代引導能量。	
CATEGORY=Special Ability|Forgemaster ~ Craft Magic Arms and Armor.MOD	OUTPUTNAME:製造魔法武器與盔甲（Craft Magic Arms and Armor）	DESC:.CLEAR	DESC:3級時，鍛造大師獲得同名專長作為獎勵專長。	
CATEGORY=Special Ability|Forgemaster ~ Master Smith.MOD	OUTPUTNAME:鐵匠大師（Master Smith）	DESC:.CLEAR	DESC:5級時，鍛造大師可以更快地製造普通的金屬物品，使用其金幣價格的一半來確定製造耗時，並能以正常時間的一半來製造金屬魔法物品。	
CATEGORY=Special Ability|Runeforger ~ Ancient Splendor.MOD	OUTPUTNAME:傳古威儀（Ancient Splendor）	DESC:.CLEAR	DESC:被刻印的武器，護甲或盾牌在交涉和威嚇上提供+2環境加值（當與矮人互動時加值變為+4）。	
CATEGORY=Special Ability|Runeforger ~ Bloodthirst.MOD	OUTPUTNAME:嗜血*（Bloodthirst）	DESC:.CLEAR	DESC:被刻印的穿刺或揮砍武器如同具有〈流血〉附魔般作用，即便它是非魔法武器。鍛造大師必須達到至少4級才能學習該符文。	
CATEGORY=Special Ability|Runeforger ~ Deathstrike.MOD	OUTPUTNAME:死亡之擊（Deathstrike）	DESC:.CLEAR	DESC:被刻印的武器存儲了一個『死亡喪鐘』法術，並會在該武器的一次攻擊將目標的生命值降至負數時立刻發動。這會消耗掉所有在此武器上的【死亡之擊】符文。鍛造大師必須達到至少4級才能學習該符文。	
CATEGORY=Special Ability|Runeforger ~ Durability.MOD	OUTPUTNAME:韌性（Durability）	DESC:.CLEAR	DESC:被刻印的物品硬度提升相當於鍛造大師的感知修正的數值，且生命值提升相當於她等級兩倍的數值。	
CATEGORY=Special Ability|Runeforger ~ Featherlight.MOD	OUTPUTNAME:輕如鴻毛（Featherlight）	DESC:.CLEAR	DESC:被刻印的物品的重量減半；金屬物品的重量減至正常的1/4。若刻印在一件盔甲上，盔甲對特技和攀爬檢定的減值減半。	
CATEGORY=Special Ability|Runeforger ~ Forgemaster's Blessing.MOD	OUTPUTNAME:鍛匠祝福（Forgemaster's Blessing）	DESC:.CLEAR	DESC:被刻印的非魔法物品如同精製品般作用。	
CATEGORY=Special Ability|Runeforger ~ Ghostglyph.MOD	OUTPUTNAME:幽冥刻印*（Ghostglyph）	DESC:.CLEAR	DESC:被刻印的武器，盾牌或護甲獲得〈幽冥〉附魔。鍛造大師必須達到至少4級才能學習該符文。	
CATEGORY=Special Ability|Runeforger ~ Glowglyph.MOD	OUTPUTNAME:熾光刻印（Glowglyph）	DESC:.CLEAR	DESC:被刻印的物品發出火把般的光芒。以一個標準動作，攜帶者可以命令該符文爆發出一道強烈的光芒，如同具有〈目盲〉附魔的盾牌，作用半徑為每符文5尺。這會消耗掉所有在此物品上的【熾光刻印】符文。	
CATEGORY=Special Ability|Runeforger ~ Invulnerability.MOD	OUTPUTNAME:刀槍不入*（Invulnerability）	DESC:.CLEAR	DESC:被刻印的護甲為穿戴者提供了等同於牧師等級一半的「DR/魔法」。鍛造大師必須達到至少8級才能學習該符文。	
CATEGORY=Special Ability|Runeforger ~ Powerstrike.MOD	OUTPUTNAME:重擊*（Powerstrike）	DESC:.CLEAR	DESC:被刻印的武器重擊威脅範圍翻倍。這一能力不與『銳鋒術』、「精通重擊」專長或其他類似效果疊加。鍛造大師必須達到至少6級才能學習該符文。	
CATEGORY=Special Ability|Runeforger ~ Return.MOD	OUTPUTNAME:回力*（Return）	DESC:.CLEAR	DESC:被刻印的武器獲得〈回力〉附魔。鍛造大師必須達到至少4級才能學習該符文。	
CATEGORY=Special Ability|Runeforger ~ Spellguard.MOD	OUTPUTNAME:御法（Spellguard）	DESC:.CLEAR	DESC:被刻印的物品獲得等同於「11+牧師等級」的法術抗力。這一效果只作用於物品本身。	
CATEGORY=Special Ability|Runeforger ~ Spellglyph.MOD	OUTPUTNAME:法術刻印*（Spellglyph）	DESC:.CLEAR	DESC:被刻印的物品獲得〈儲法〉附魔。鍛造大師必須達到至少4級才能學習該符文。	
CATEGORY=Special Ability|Runeforger ~ Thief-Curse.MOD	OUTPUTNAME:盜賊詛咒（Thief-Curse）	DESC:.CLEAR	DESC:鍛造大師指定一名生物作為該物品的主人。任何其他故意抓握該物品的生物，都會在符文的持續時間內被詛咒（如同『降咒』法術）。鍛造大師必須達到至少6級才能學習該符文。	
CATEGORY=Special Ability|Runeforger ~ Tracer.MOD	OUTPUTNAME:追跡（Tracer）	DESC:.CLEAR	DESC:在符文的持續時間內，牧師可以隨意以一個標準動作感知其位置，如同使用『物品定位術（Locate Object）』。	
CATEGORY=Special Ability|Cloistered Cleric ~ Diminished Spellcasting.MOD	OUTPUTNAME:縮減施法（Diminished Spellcasting）	DESC:.CLEAR	DESC:隱士只能選擇一個領域，他的非領域每日法術量比正常還要少1個。如果該級的每日法術量被減到0個，則隱士只有靠屬性獲得額外法術位、以及領域法術來施法。	
CATEGORY=Special Ability|Cloistered Cleric ~ Breadth of Knowledge.MOD	OUTPUTNAME:知識泉源（Breadth of Knowledge）	DESC:.CLEAR	DESC:1級時，隱士可以將他等級的一半（最少為1）加到知識檢定上，而且可以進行未受訓的知識檢定。	
CATEGORY=Special Ability|Cloistered Cleric ~ Well-Read.MOD	OUTPUTNAME:博學多聞（Well-Read）	DESC:.CLEAR	DESC:2級時，隱士可以在對普通文字、神秘符號、符文、卷軸、輝記和其他與書寫有關的技能檢定、施法者等級檢定和豁免擲骰上得到+2的加值。	
CATEGORY=Special Ability|Cloistered Cleric ~ Verbal Instruction.MOD	OUTPUTNAME:指導之聲（Verbal Instruction）	DESC:.CLEAR	DESC:3級時，隱士可以透過援助他人來使30尺內一個盟友在技能或屬性檢定上得到+2的加值。該盟友必需能聽到或理解隱士的指示。3級之後的每2級，隱士可以在同一時間援助1個額外的盟友。如果所有的盟友進行的並不是同一個檢定，則指導之聲必須要發費一個整輪動作。	
CATEGORY=Special Ability|Separatist ~ Forbidden Rites.MOD	OUTPUTNAME:禁忌領域（Forbidden Rites）	DESC:.CLEAR	DESC:異端可以從他神祇的領域列表中選擇一個領域，然後從領域列表外選擇第二個。第二個領域如果是陣營領域，則不能和異端本身的陣營相違背。從第二個領域中得到領域力量時，異端的職業等級、感知和魅力屬性都被視為比平常低2（等級最低1級），此效果影響能力取得的條件、豁免DC和每日可用次數。這也代表他必須比正常等級高2級才有辦法拿到第二個領域的領域法術。如果第二領域帶來額外的本職技能，這個職業技能如常作用；在其他方面，第二領域運作如同正常的牧師領域。	
CATEGORY=Special Ability|Theologian ~ Focused Domain.MOD	OUTPUTNAME:專注領域（Focused Domain）	DESC:.CLEAR	DESC:神學家只能從他的領域列表中選擇一個領域。該領域賜予的所有效果及其有效牧師等級，都視為比他的當前牧師要高上2級，但此效果無法讓他提早拿到領域能力。神學家可以用非領域法術位準備領域法術，他無法用他的法術轉換能力轉換領域法術，就算這些法術以通常法術位準備。在其他方面，神學家的領域和牧師領域相同。	
CATEGORY=Special Ability|Theologian ~ Domain Secret.MOD	OUTPUTNAME:領域奧秘（Domain Secret）	DESC:.CLEAR	DESC:在5級，神學家選擇1個領域法術，他對於此法術的精熟讓他在施放此法術時等同於受到下列超魔專長之一的影響：彈性法術、擾咒法術、法術跨界、法術增遠、法術延時、法術集中、法術強化、法術定發、法術默發。這些超魔專長不會增加法術佔用的等級，要附加效果你不需事先學會該超魔專長。一但你選定了法術和專長效果，你就無法更改。之後的每5級，你可以多選擇1個領域法術並賦予其超魔效果。神學家無法在1個法術上以此能力附加超過1個效果。	
CATEGORY=Special Ability|Undead Lord ~ Corpse Companion.MOD	OUTPUTNAME:屍骸夥伴（Corpse Companion）	DESC:.CLEAR	DESC:在經過8小時的儀式之後，屍骸領主可以喚起一隻生命骰數不超過他牧師等級的殭屍或骷髏。這只不死夥伴將遵從他的指令，且不需要被控制。他一次只能有一個屍骸夥伴。此夥伴的生命骰數不計入他可以控制的不死生物生命骰上限。屍骸領主可以用此能力創造變種骷髏，如血腥或火焰骷髏，但是以此方式創造的變種骷髏其HD上限為牧師等級的一半。他能以一個標準動作遣散此夥伴，這動作會將該屍骸夥伴徹底摧毀。	
CATEGORY=Special Ability|Undead Lord ~ Unlife Healer.MOD	OUTPUTNAME:不死醫者（Unlife Healer）	DESC:.CLEAR	DESC:8級時，屍骸領主的法術、類法術能力和超自然能力，在治療不死生物時得到額外50%%的效果。16級此類效果將自動達到最大值，並且額外增加50%%。此能力不會和其他的強化或專長，例如法術強效和法術極效疊加。	
CATEGORY=Special Ability|Crusader ~ Diminished Spellcasting.MOD	OUTPUTNAME:縮減施法（Diminished Spellcasting）	DESC:.CLEAR	DESC:天誅之劍只能選擇一個領域，他的非領域每日法術量比正常還要少1個。如果該級的每日法術量被減到0個，則天誅之劍只有靠屬性獲得額外法術位、以及領域法術來施法。	
CATEGORY=Special Ability|Crusader ~ Legion's Blessing.MOD	OUTPUTNAME:軍團祝福（Legion's Blessing）	DESC:.CLEAR	DESC:8級時，天誅之劍可藉由額外獻祭高3環法術位，以整輪動作將正常範圍為接觸的無害法術，賦予觸及範圍內數量為其牧師等級一半的生物。	
CATEGORY=Special Ability|Divine Strategist ~ Domains.MOD	OUTPUTNAME:領域（Domains）	DESC:.CLEAR	DESC:天策只獲得一個領域。	
CATEGORY=Special Ability|Divine Strategist ~ Master Tactician.MOD	OUTPUTNAME:先手為主（Master Tactician）	DESC:.CLEAR	DESC:天策總是能在突襲輪行動，即使發現敵人的察覺檢定失敗。但在行動以前始終處於措手不及狀態。另外，先攻獲得1/2牧師等級的加值，在20級先攻檢定總是自然投出20。視線內能聽到天策話語的盟友先攻獲得1/4牧師等級的加值，這是個依賴語言的能力。此能力取代引導能量。	
CATEGORY=Special Ability|Divine Strategist ~ Caster Support.MOD	OUTPUTNAME:支援施法（Caster Support）	DESC:.CLEAR	DESC:天策可用協助他人的動作，使另一個神術施法者下一輪在施法者等級檢定和專注檢定上獲得+2環境加值，此加值每4級加1（最大為20級+7）。盟友施法者必須臨近天策來獲得此益處。此能力可用於支援奧術施法者或者角色使用魔法物品，但加值只有如上一半。	
CATEGORY=Special Ability|Divine Strategist ~ Tactical Expertise.MOD	OUTPUTNAME:戰術專家（Tactical Expertise）	DESC:.CLEAR	DESC:8級的天策在藉機攻擊和夾擊時，可將智力加值（如果有）加到命中檢定上。此外能以迅捷動作將智力加值加到準備動作的一次d20上，此能力在8級能每天用1次，每比8級高2級多1次。	
CATEGORY=Special Ability|Evangelist ~ Single-Minded.MOD	OUTPUTNAME:一心一意（Single-Minded）	DESC:.CLEAR	DESC:宣教士專心於宣傳，而忽視了教義的細微和武藝訓練。因此她們只能選擇一個領域而且不擅長中甲和盾牌。	
CATEGORY=Special Ability|Evangelist ~ Public Speaker.MOD	OUTPUTNAME:廣播（Public Speaker）	DESC:.CLEAR	DESC:宣教士獲得表演作為本職技能；並且受訓了發聲技巧——要聽到她們講話的DC減少相當於其牧師等級加上魅力加值（最小為0）。	
CATEGORY=Special Ability|Evangelist ~ Sermonic Performance.MOD	OUTPUTNAME:說法當歌（Sermonic Performance）	DESC:.CLEAR	DESC:宣教士能以一場天花亂墜的演說來製造出各種超自然能力（Su）和類法術能力（Sp）的效果，各方面都相當於詩人的吟唱（與之有關的專長、法術、進階），使用宣教士的表演（演講）來作檢定。宣教士只能進行以下表演：1級可表演破咒曲、迷魂曲、激發勇氣，9級可提振戰力，15級激發豪情。此能力會取代1、9、15級的引導能量增長。	
CATEGORY=Special Ability|Evangelist ~ Spontaneous Casting.MOD	OUTPUTNAME:自發施法（Spontaneous Casting）	DESC:.CLEAR	DESC:宣教士不能自發轉化治療和傷害法術，取而代之的是：1級－命令術；2級－注目術；3級－巧言術；4級－暗示術；5級－高等命令術；6級－指使術；7級－群體暗示；8級－共鳴；9級－短訊暗示。	
CATEGORY=Special Ability|Merciful Healer ~ Willing Healer.MOD	OUTPUTNAME:自願醫者（Willing Healer）	DESC:.CLEAR	DESC:慈醫只能選擇醫療領域，且不會獲得第二個領域。因此她的神必須擁有醫療領域，而且慈醫必須自發施展醫療法術。	
CATEGORY=Special Ability|Merciful Healer ~ Channel Energy.MOD	OUTPUTNAME:引導能量（Channel Energy）	DESC:.CLEAR	DESC:慈醫必須選擇引導正能量，而且在引導時不能傷害亡靈生物。其它同牧師正常的引導能量。	
CATEGORY=Special Ability|Merciful Healer ~ Combat Medic.MOD	OUTPUTNAME:緊急醫療（Combat Medic）	DESC:.CLEAR	DESC:在使用醫療技能穩定生物或者施展醫療法術時，慈醫不會引起藉機攻擊。	
CATEGORY=Special Ability|Merciful Healer ~ Merciful Healing.MOD	OUTPUTNAME:仁心仁術（Merciful Healing）	DESC:.CLEAR	DESC:在3級，慈醫能引導正能量去減輕一個或更多負面效果。3級從疲乏、戰慄、噁心中選擇其一，引導能量時能移除某個生物身上的此效果。6級將暈眩、疾病、恍惚加入選擇，引導能量時從兩個生物身上移除同一效果。9級將詛咒、力竭、驚懼、反胃、中毒加入選擇，引導能量時可從兩個生物身上移除同一效果。12級將目盲、耳聾、麻痺、震懾加入選擇，引導能量時可從三個生物身上移除同一效果。影響聖騎士恩惠的專長和效果也影響此能力。	
CATEGORY=Special Ability|Merciful Healer ~ True Healer.MOD	OUTPUTNAME:大醫精誠（True Healer）	DESC:.CLEAR	DESC:在8級，慈醫引導能量時可選擇仁心仁術的效果、或者是重擲引導能量中所有1。此能力必須在看到治療結果前發動。	
CATEGORY=Special Ability|Ecclesitheurge ~ Weapon and Armor Proficiency.MOD	OUTPUTNAME:武器與防具擅長（Weapon and Armor Proficiency）	DESC:.CLEAR	DESC:虔信聖使擅長木棒（club）、匕首（dagger）、重弩（heavy crossbow）、輕弩（light crossbow）以及木棍（quarterstaff），但是他不擅長任何種類的護甲或盾牌。這取代了牧師的武器與防具擅長。	
CATEGORY=Special Ability|Ecclesitheurge ~ Ecclesitheurge's Vow.MOD	OUTPUTNAME:聖使之誓（Ecclesitheurge's Vow）	DESC:.CLEAR	DESC:1級起，虔信聖使向著他所信仰的神祇許下誓言，僅憑自身的信仰進行自我保護，而不是依靠護甲或盾牌。若虔信聖使穿戴護甲或者使用盾牌，則會變得無法使用虔信之祝福（見後文）、牧師領域力量（domain powers）或者施放牧師法術。	
CATEGORY=Special Ability|Ecclesitheurge ~ Blessing of the Faithful.MOD	OUTPUTNAME:虔信之祝福（Blessing of the Faithful）	DESC:.CLEAR	DESC:以一個標準動作，虔信聖使能夠祝福近距範圍（25尺 + 5尺/2級）內的一個盟友。直至虔信聖使的下個回合之前，被祝福的盟友會在攻擊檢定、技能檢定、屬性檢定，或豁免檢定或AC上獲得+2神聖或褻瀆加值（加值類型取決於虔信聖使選擇引導正能量或者負能量）。虔信聖使能夠在使用該能力時花費1次引導能量的使用次數，來讓該能力的持續時間增加，提升到等同於引導能量骰數的輪數。	
CATEGORY=Special Ability|Ecclesitheurge ~ Domain Mastery.MOD	OUTPUTNAME:掌控領域（Domain Mastery）	DESC:.CLEAR	DESC:1級起，當虔信聖使選擇他的牧師領域時，他能夠指定一個作為他的主領域（primary domain），其他的則作為副領域（secondary domain）。虔信聖使能夠使用他的非領域法術位準備主領域法術列表中的法術。每日在準備法術時，虔信聖使能夠選擇從自身神祇具有的不同領域中進行選擇，來獲得該領域的法術列表，以取代他的副領域法術列表。他並不會失去已經具有的副領域神授力量，也不會獲得來自其他領域的神授力量。例如：莎倫萊（Sarenrae）的虔信聖使具有榮耀領域（Glory Domain）作為他的主領域，並且將善良領域（Good Domain）作為副領域，並且選擇獲得醫療領域（Healing Domain）的領域法術；直至他下一次準備法術為止，他都可以使用醫療領域的法術列表作為副領域的法術列表，用以取代善良領域法術列表。但是他會保留善良領域的神授力量，而且也不會獲得醫療領域的神授力量。該能力改變了普通的領域（domain）能力。	
CATEGORY=Special Ability|Ecclesitheurge ~ Bonded Holy Symbol.MOD	OUTPUTNAME:聯結聖徽（Bonded Holy Symbol）	DESC:.CLEAR	DESC:3級起，虔信聖使能夠與自身所信仰的神祇的聖徽產生強烈的聯繫，這相當於法師的聯結物品（bonded object），不過它可以被用於施放牧師或領域法術（以取代法師法術），而且虔信聖使能夠將僅適用於聖徽（holy symbol）或頸部物品位（neck slot item）的魔法能力賦予聯結聖徽。如同法師的聯結物品，虔信聖使能夠將額外的魔法能力添加到他的聯結聖徽上，就如同他具有這麼做所需要的造物專長（item creation feat）一般（通常為製造奇物），不過他首先要滿足造物專長的先決條件。例如，虔信聖使想要為他的聯結聖徽添加護身符奇物的能力（wondrous amulet ability），比如天生防護護符（amulet of natural armor），那麼他必須至少達到3級才能這麼做。聯結聖徽所具有的魔法特性，包括虔信聖使添加到物體上的任何魔法能力，都僅對虔信聖使生效。若聯結聖徽的持有者死亡或者更換物品，那麼這個物品就會失去所有虔信聖使使用該能力為它做出的強化。該能力取代3級時引導能量數值的增加。	
