CATEGORY=Special Ability|Monk ~ AC Bonus.MOD	OUTPUTNAME:AC加值（AC Bonus）	DESC:.CLEAR	DESC:當不穿甲也沒有過度負重時，武僧可以將其感知加值（如果有）加在他的AC與CMD上。另外，4級武僧AC與CMD+1，而之後每4個武僧等級該加值都會再增加1點，直到20級的+5。該加值在武僧對抗接觸攻擊或者措手不及時依然起效。當他無法動作或者無助時他將失去此加值。而當他穿戴任何盔甲，使用盾牌，或者負重達到中載或重載時都將失去此加值。	
CATEGORY=Special Ability|Monk ~ Flurry of Blows.MOD	OUTPUTNAME:疾風連擊（Flurry of Blows）	DESC:.CLEAR	DESC:1級起，武僧可以用全回合動作使出疾風連擊。當武僧使用疾風連擊時，如同擁有雙武器攻擊專長，所有的攻擊檢定承受-2減值，並增加一次額外攻擊（他不需要持用兩把武器來使用此能力）。他可以並用徒手擊打或者是特殊武僧武器來使出疾風連擊。在使用疾風連擊時，來自武僧等級的基本攻擊加值等同於他的武僧等級。但在其他情況下，比如說符合專長或進階的條件時，則使用他正常的基本攻擊加值。8級起，武僧在使用疾風連擊時可以進行兩次額外攻擊，如同他使用了精通雙武器戰鬥（即使他沒有滿足該專長的先決條件）。15級起，武僧在使用疾風連擊時可以進行三次額外攻擊，如同他使用了高等雙武器戰鬥（即使他沒有滿足該專長的先決條件）。武僧使出疾風連擊時，他所有成功命中的傷害檢定上都使用他完整的力量加值，就算該攻擊是由副手或是雙手持握的武器使出。武僧可以用諸如卸除武器、破武、摔絆等戰鬥招式來取代原本的攻擊，以作為疾風連擊的一部分。武僧不能使用非武僧武器進行疾風連擊，有天生武器的武僧不能以它進行疾風連擊，更不能在疾風連擊外再用天生武器進行額外攻擊。	
CATEGORY=Special Ability|Monk ~ Unarmed Strike.MOD	OUTPUTNAME:徒手打擊（Unarmed Strike）	DESC:.CLEAR	DESC:1級時，武僧獲得「精通徒手打擊」為額外專長。武僧的攻擊可以用雙拳，也可以用肘、膝、或腳。這意味著武僧甚至可以在雙手都滿著的情況下進行徒手攻擊。對武僧的徒手攻擊來說，沒有副手攻擊這個概念。武僧可以將其完整的力量加值加在所有的徒手攻擊上。通常武僧的徒手攻擊造成的是正常傷害，不過他也可以選擇造成非致命傷害而不必受到任何命中減值。在擒抱時他同樣可以選擇造成何種傷害。在考慮增強人工武器或天生武器的法術和效果時，武僧的徒手攻擊既視為人工武器又視為天生武器。武僧的徒手打擊能造成比普通人更多的傷害，見上表。該表中的徒手攻擊傷害為中體型武僧的數值，小體型武僧造成的傷害較少，大體型武僧則能造成較多的傷害。	
CATEGORY=Special Ability|Monk ~ Stunning Fist.MOD	OUTPUTNAME:震懾拳（Stunning Fist）	DESC:.CLEAR	DESC:1級起，武僧獲得「震懾拳」作為獎勵專長，即使他並未滿足先決條件。4級時與之後的每4級，武僧都可以在他的震懾拳上附加一種新的狀態效果。這狀態將會取代原來的效果（震懾目標1輪），成功的檢定可以忽略此狀態。4級時，武僧的【震懾拳】可以令目標疲乏。8級時，可以令目標噁心1分鐘。12級時，可以令目標恍惚「1d6+1」輪。16級時，可以令對手目盲或耳聾。20級時，可以令目標麻痺「1d6+1」輪。武僧必須在攻擊骰投出前選擇他要使用何種狀態。這些效果不會其本身造成的效果疊加（一個生物若是被震懾拳打到噁心，他並不會因為吃了另一記震懾拳而變成反胃），但是可以延長狀態的持續時間。	
CATEGORY=Special Ability|Monk ~ Evasion.MOD	OUTPUTNAME:反射閃避（Evasion）	DESC:.CLEAR	DESC:2級起，有些攻擊效果若通過反射豁免可以減少一半傷害，如果武僧遭到此類攻擊，在通過反射豁免後他將不受傷害。武僧只有在穿輕甲或不穿甲時才可以進行反射閃避。無助狀態下的武僧不能進行反射閃避。	
CATEGORY=Special Ability|Monk ~ Fast Movement.MOD	OUTPUTNAME:快速移動（Fast Movement）	DESC:.CLEAR	DESC:3級起，武僧的速度獲得增強加值，詳見上表。著甲、中載或重載的武僧失去此加值。	
CATEGORY=Special Ability|Monk ~ Maneuver Training.MOD	OUTPUTNAME:招式訓練（Maneuver Training）	DESC:.CLEAR	DESC:3級起，武僧在使用戰技時，他可以用武僧等級取代他的基本攻擊加值來計算CMB。自其他職業得來的基本攻擊加值不影響此能力，且可以正常疊加。	
CATEGORY=Special Ability|Monk ~ Still Mind.MOD	OUTPUTNAME:心如止水（Still Mind）	DESC:.CLEAR	DESC:3級起，武僧在對抗惑控系法術和效果時豁免檢定+2。	
CATEGORY=Special Ability|Monk ~ Ki Pool.MOD	OUTPUTNAME:氣運丹田（Ki Pool）	DESC:.CLEAR	DESC:4級時，武僧獲得了一個丹田氣池，當中流轉的超自然能量──氣，能使武僧完成神妙的技藝。武僧的丹田氣池大小等同於「1/2武僧等級+感知修正」。只要他的丹田中至少還有1點氣，他就能使用【鬥氣擊（Ki Strike）】。4級時，在穿透傷害減免時，武僧的徒手攻擊視為魔法武器。7級時，在穿透傷害減免時，武僧的徒手攻擊亦視為寒鐵和鍍銀武器。10級時，在穿透傷害減免時，武僧的徒手攻擊同樣被視為秩序武器；而16級時，在穿透傷害減免或對抗物品硬度的時候，武僧的徒手攻擊則被視為精金。自丹田中消耗1點氣，武僧可以在使用【疾風連擊】時，再進行一次使用他最高的基礎攻擊加值的額外攻擊。或是，他也可以消耗1點氣來增加20尺速度，效果持續1輪。最後，武僧還可以消耗1點氣來讓自己在AC上獲得+4閃避加值，效果持續1輪。啟動這些能力都是一個迅捷動作。武僧在等級提升時，可以透過消耗氣來使用新的能力。丹田在武僧充足休息或靜思8小時後便會自動歸滿。	
CATEGORY=Special Ability|Monk ~ Slow Fall.MOD	OUTPUTNAME:輕身墜（Slow Fall）	DESC:.CLEAR	DESC:4級起，武僧可以用身旁的牆來減緩下墜速度。當使用此能力時，武僧再計算墜落傷害時視為比原高度低20尺。減緩下墜的效果（即計算傷害時扣除的高度）會隨著武僧等級提升而增強，直到20級時他可以利用身邊的牆下落而不受任何傷害。	
CATEGORY=Special Ability|Monk ~ High Jump.MOD	OUTPUTNAME:輕功（High Jump）	DESC:.CLEAR	DESC:5級時，在進行跳躍（無論是跳高還是跳遠）時，武僧可以將他的武僧等級加到特技檢定上。此外，他跳躍時總是被視為已助跑。自丹田消耗1點氣的話，武僧可以在進行跳躍的特技檢定上獲得+20加值，效果持續1輪。	
CATEGORY=Special Ability|Monk ~ Purity of Body.MOD	OUTPUTNAME:百病不侵（Purity of Body）	DESC:.CLEAR	DESC:5級起，武僧免疫任何疾病，除非是超自然疾病或魔法疾病。	
CATEGORY=Special Ability|Monk ~ Wholeness of Body.MOD	OUTPUTNAME:混元體（Wholeness of Body）	DESC:.CLEAR	DESC:7級起，武僧可以治療自身的傷口。他可以自丹田中耗去2點氣以治療等同於其武僧等級的傷害。	
CATEGORY=Special Ability|Monk ~ Improved Evasion.MOD	OUTPUTNAME:精通反射閃避（Improved Evasion）	DESC:.CLEAR	DESC:9級起，武僧的【反射閃避】能力更加強大。在遭受一些通過反射檢定可以減少一半傷害的攻擊時，武僧通過反射豁免後將不受傷害，如果未通過也只受到一半傷害。無助狀態下的武僧不能進行反射閃避。	
CATEGORY=Special Ability|Monk ~ Diamond Body.MOD	OUTPUTNAME:金剛體（Diamond Body）	DESC:.CLEAR	DESC:11級起，武僧免疫所有種類毒素。	
CATEGORY=Special Ability|Monk ~ Abundant Step.MOD	OUTPUTNAME:遁術（Abundant Step）	DESC:.CLEAR	DESC:12級起，武僧能夠神奇地在空間中瞬移，就像使用『次元門（Dimension Door）』法術一樣。使用此能力是一個移動動作，且必須自丹田中耗去2點氣。他的施法者等級等於他的武僧等級，但他使用此能力時不能攜帶其他生物一起移動。	
CATEGORY=Special Ability|Monk ~ Diamond Soul.MOD	OUTPUTNAME:金剛魂（Diamond Soul）	DESC:.CLEAR	DESC:13級起，武僧獲得法術抗力，抗力值等於「武僧等級+10」。要對此武僧使用魔法，施法者必須在施法者等級檢定（1d20+施法者等級）中得到和武僧法術抗力相等或更高的結果。	
CATEGORY=Special Ability|Monk ~ Quivering Palm.MOD	OUTPUTNAME:滲透勁（Quivering Palm）	DESC:.CLEAR	DESC:15級起，武僧能在其他生物體內製造一種震盪，之後如果武僧願意，這震動足以致命。武僧每天可以使用1次【滲透勁】，必須在攻擊檢定前聲明。此能力對免疫重擊的生物無效。除此之外，只要武僧成功的擊打到對方並且造成了傷害，那麼滲透勁就成功了。這之後武僧可以在一定天數內嘗試殺死對方，該時間期限天數為他的武僧等級。要做殺死對方，武僧只需要用意念讓對方死即可（自由動作），如果對方沒有通過DC為「1/2武僧等級+感知修正」的強韌檢定，它就死了。如果該豁免檢定獲得成功，對方將不會再因這次滲透勁而受到傷害，但是他依然可能被之後其他滲透勁攻擊所傷。	
CATEGORY=Special Ability|Monk ~ Timeless Body.MOD	OUTPUTNAME:不老身軀（Timeless Body）	DESC:.CLEAR	DESC:17級起，武僧不再因為年齡而受到屬性減值，也不會因為魔法變老。之前已經受到的減值將保留。屬性加值仍然可以獲得，並且武僧還是會因為命盡而死去。	
CATEGORY=Special Ability|Monk ~ Tongue of the Sun and Moon.MOD	OUTPUTNAME:天語通（Tongue of the Sun and Moon）	DESC:.CLEAR	DESC:17級或更高等級的武僧可以和任何活物交談。	
CATEGORY=Special Ability|Monk ~ Empty Body.MOD	OUTPUTNAME:空靈體（Empty Body）	DESC:.CLEAR	DESC:19級起，武僧可以進入靈體狀態1分鐘，效果如同『同游靈界（Etherealness）』法術。使用此能力是一個移動動作，且必須自丹田中消耗3點氣。	
CATEGORY=Special Ability|Monk ~ Perfect Self.MOD	OUTPUTNAME:超凡入聖（Perfect Self）	DESC:.CLEAR	DESC:20級時，武僧變成魔法生物。從此以後，在考慮法術和魔法效果時，武僧都將永遠被視為異界生物而不是原來的類人生物（或者武僧本來的生物類型）。同時，武僧獲得了傷害減免「10/混亂」，即在受到非混亂武器攻擊或沒有類似傷害減免的生物進行的天生武器攻擊時，武僧都可以忽略前10點傷害。和其他異界生物不同，武僧依然可以被復活，如同他還屬於之前的生物類型一樣。	
CATEGORY=Special Ability|Drunken Master ~ Drunken Ki.MOD	OUTPUTNAME:醉酒（Drunken Ki）	DESC:.CLEAR	DESC:3級開始，醉拳大師可以藉由喝下一杯麥酒或更烈的酒來獲得1點臨時氣池儲量。飲酒是一個不引發藉機攻擊的標準動作，一名武僧最多可以擁有「1+3級之後每2級1」點臨時氣量（3級1點，5級2點，以此類推）。醉拳大師可以在得到「氣運丹田（Ki Pool）」的職業能力之前就正常使用這些臨時真氣，它們保留1小時除非先被消耗掉。只要他仍有至少1點惡飲帶來的臨時氣量，醉拳大師可以用一個移動動作花費1點氣來移動5尺，而不引發藉機攻擊。這項能力取代原本的心如止水職業能力。	
CATEGORY=Special Ability|Drunken Master ~ Drunken Strength.MOD	OUTPUTNAME:醉打山門（Drunken Strength）	DESC:.CLEAR	DESC:5級開始，醉拳大師可以用一個迅捷動作消耗1點氣，來在一次近戰攻擊中額外造成1d6傷害。他可以在攻擊骰投出後再決定是否使用。10級時，醉拳大師可以同時消耗2點氣來造成2d6傷害。15級時，他可以消耗3點氣來額外造成3d6傷害。20級時，他可以透過消耗4點氣來造成4d6額外傷害。醉拳大師必須至少保留1點醉酒帶來的臨時氣池儲備才能使用這個能力。這項能力取代百病不侵。	
CATEGORY=Special Ability|Drunken Master ~ Drunken Courage.MOD	OUTPUTNAME:如狂如顛（Drunken Courage）	DESC:.CLEAR	DESC:11級開始，至少擁有1點醉酒帶來的臨時氣池儲備的醉拳大師免疫恐懼效果。這項能力取代金剛體。	
CATEGORY=Special Ability|Drunken Master ~ Drunken Resilience.MOD	OUTPUTNAME:欲跌還穩（Drunken Resilience）	DESC:.CLEAR	DESC:13級開始，至少擁有1點醉酒帶來的臨時氣池儲備的醉拳大師獲得傷害減免「1/-」。16級時提升到「2/-」，19級時提升到「3/-」。這項能力取代金剛魂。	
CATEGORY=Special Ability|Drunken Master ~ Firewater Breath.MOD	OUTPUTNAME:八仙轟欄（Firewater Breath）	DESC:.CLEAR	DESC:19級開始，醉拳大師可以吐出一片30尺錐狀的酒精火炮。在範圍內的生物受到20d6火焰傷害，通過DC為「10+1/2醉拳大師等級+感知修正」的反射豁免可以使傷害減半。使用這個能力是一個標準動作，並從丹田消耗4點氣。至少擁有1點醉酒帶來的臨時氣池儲備的醉拳大師才能使用此能力。這項能力取代空靈體。	
CATEGORY=Special Ability|Hungry Ghost Monk ~ Punishing Kick.MOD	OUTPUTNAME:掃堂腿（Punishing Kick）	DESC:.CLEAR	DESC:1級開始，般若僧獲得「掃堂腿」作為額外專長，無論他是否滿足先決條件。10級，以及之後的每5級，被般若僧的掃堂腿擊中的敵人將額外被向後推5尺（10級時10尺，15級時15尺，20級時20尺）。在15級時可以選擇同時將敵人擊退5尺並使之摔倒，目標按照正常規則可以進行豁免。這項能力取代震懾拳。	
CATEGORY=Special Ability|Hungry Ghost Monk ~ Steal Ki.MOD	OUTPUTNAME:吸星大法（Steal Ki）	DESC:.CLEAR	DESC:5級開始，般若僧可以自其他生物身上奪取真氣，這種亡靈般的行徑使之為其他僧侶輕蔑。當武僧在對活物的攻擊中造成重擊、或使其生命值降到0以下，他可以自目標體內吸取元神。這項能力可以恢復1點已經使用的氣，前提是該僧的丹田內至少還有1點氣。這項能力的效果並不會讓般若僧的氣池儲備超過原本的上限。11級時，每當般若僧成功吸取元神，他可以立刻擲骰對抗一項他體內的疾病，並在該豁免上獲得等同感知修正的無名加值。即使豁免失敗，也不會對般若僧造成任何不利。這項能力取代百病不侵。	
CATEGORY=Special Ability|Hungry Ghost Monk ~ Life Funnel.MOD	OUTPUTNAME:蝕潰眾生（Life Funnel）	DESC:.CLEAR	DESC:7級開始，般若僧可以自其他生物身上奪取精氣，前提是該僧的丹田內至少還有1點氣。當武僧在對活物的攻擊中造成重擊，或使其生命值降到0以下，他可以自目標體內吸取生命力，這項能力可以讓他恢復等同般若僧等級的生命值。這項能力的效果並不會讓般若僧的生命值超過原本的上限。和吸星大法一樣，多數僧侶認為此法如同厲鬼的所作所為。你不能同時使用「吸星大法」和「蝕潰眾生」。這項能力取代混元體。	
CATEGORY=Special Ability|Hungry Ghost Monk ~ Life from a Stone.MOD	OUTPUTNAME:摧枯拉朽（Life from a Stone）	DESC:.CLEAR	DESC:11級開始，般若僧可以任何目標身上奪取生命及元神，不再限於活物。只要該僧的丹田內至少還有1點氣，他在對目標的攻擊中造成重擊、或使得一個他們的生命值降到0以下時，他可以同時使用「吸星大法」和「蝕潰眾生」。這項能力取代金剛體。	
CATEGORY=Special Ability|Hungry Ghost Monk ~ Sipping Demon.MOD	OUTPUTNAME:嗜血羅剎（Sipping Demon）	DESC:.CLEAR	DESC:13級開始，只要該僧的丹田內至少還有1點氣，每次般若僧以近戰攻擊擊中敵人，他都能獲得1點臨時生命值；而每次他成功造成重擊，都會得到等於感知修正的臨時生命值，上限等於其般若僧等級。臨時生命值維持1小時。多數善良的武僧將這種功夫視為走火入魔者的腐敗妖術。這項能力取代金剛魂。	
CATEGORY=Special Ability|Ki Mystic ~ Ki Mystic.MOD	OUTPUTNAME:天地爐鼎（Ki Mystic）	DESC:.CLEAR	DESC:3級開始，一名正覺僧學會運用天地真氣，獲得相當於其感知修正的氣池儲量。4級時，他打通了丹田要穴，其儲量提升到「1/2正覺僧等級+感知修正+2」。如果該僧的丹田內至少還有1點氣，他在所有知識檢定上獲得+2加值；並且在使用某個能力或技能之前，可以通過一個迅捷動作消耗1點氣使檢定獲得+4洞察加值。這項能力取代心如止水。	
CATEGORY=Special Ability|Ki Mystic ~ Mystic Insight.MOD	OUTPUTNAME:他心通（Mystic Insight）	DESC:.CLEAR	DESC:5級開始，一名正覺僧能以簡潔正確的單字在極短的時間內給予同伴幫助。消耗2點氣，他能以一個直覺動作來讓30內的一個盟友重擲單次攻擊或豁免檢定。該盟友必需聽得見正覺僧的建議。這項能力取代百病不侵。	
CATEGORY=Special Ability|Ki Mystic ~ Mystic Visions.MOD	OUTPUTNAME:天眼通（Mystic Visions）	DESC:.CLEAR	DESC:11級開始，一名正覺僧在休眠之時能預見種種神秘徵兆。這種徵兆可能以夢境、神祇顯靈，或腦海中來自已故老友的耳語等形式呈現。其效果相當於與正覺僧等級相同的施法者施展的「預言術（divination）」，它不需施法時間、僅僅是夜裡的夢或是突然浮現的影像。使用這個能力消耗2點氣，次日由丹田中扣除。這項能力取代金剛體。	
CATEGORY=Special Ability|Ki Mystic ~ Mystic Prescience.MOD	OUTPUTNAME:天耳通（Mystic Prescience）	DESC:.CLEAR	DESC:13級開始，正覺僧在AC和CMD上獲得+2洞察加值，在20級時提升到+4。這項能力取代金剛魂。	
CATEGORY=Special Ability|Ki Mystic ~ Mystic Persistence.MOD	OUTPUTNAME:宿命通（Mystic Persistence）	DESC:.CLEAR	DESC:19級開始，每天1次，一名正覺僧能消耗2點氣、以一個迅捷動作創造一個半徑20尺的擴散力場。所有位於這個力場內的盟友的攻擊與豁免檢定都能擲兩次取高。力場持續1輪，每額外消耗2點氣就能多持續1輪。正覺僧能以自由動作解消力場，但是並不會因此回復剩餘輪數消耗的氣【譯者註：意即你在使用這個能力的時候，就要決定要讓他持續多久】。此能力取代空靈體。	
CATEGORY=Special Ability|Monk of the Empty Hand ~ Flurry of Blows.MOD	OUTPUTNAME:疾風連擊（Flurry of Blows）	DESC:.CLEAR	DESC:1級開始，羅漢僧可以使用拳腳和臨時武器的任意組合進行疾風連擊。他無法使用其他武器作疾風連擊，包含武僧武器。這個能力在其他方面視同同級武僧的「疾風連擊」。	
CATEGORY=Special Ability|Monk of the Empty Hand ~ Versatile Improvisation.MOD	OUTPUTNAME:萬用技擊（Versatile Improvisation）	DESC:.CLEAR	DESC:3級開始，一名羅漢僧能以一個迅捷動作將臨時武器造成的傷害類型轉變為鈍擊、穿刺或揮砍任一種，不管它原來的傷害類型是什麼。這項能力取代心如止水。	
CATEGORY=Special Ability|Monk of the Empty Hand ~ Ki Pool.MOD	OUTPUTNAME:氣運丹田（Ki Pool）	DESC:.CLEAR	DESC:4級開始，除了武僧的同名能力以外，羅漢僧可以藉由花費1點氣來在1輪內增加手裡劍或是臨時投擲武器的射程20尺。	
CATEGORY=Special Ability|Monk of the Empty Hand ~ Ki Weapons.MOD	OUTPUTNAME:金剛伏魔（Ki Weapons）	DESC:.CLEAR	DESC:5級開始，以一個迅捷動作，羅漢僧可以透過消耗1點氣來讓其武器造成等同徒手攻擊的基本傷害一輪。11級時，羅漢僧可以消耗氣來讓武器獲得增強加值或能力1輪，每消耗1點相當於+1，他也不能一次消耗超過3點。舉例來說，該僧可以消耗兩點氣來給予其武器+1增強加值以及真氣能力，或單單付上焰爆能力。15級時，上限提升到一次5點氣。羅漢僧可以藉由這個方法來為原本不適合該能力的臨時武器附加某些能力，例如將瓦解付在揮砍武器上，或是將斬首付在鈍擊武器上。【譯註：請注意，你不能故意做一件有附魔的臨時武器，因為你無法找到一件精製的臨時武器。但是羅漢僧的武器擅長允許你將一般武器當做臨時武器。此能力提供的加值是增強加值，這意味著加值部份無法和原有加值疊加，但是……】【編註：濫強自重。】這項能力取代金剛體。	
CATEGORY=Special Ability|Monk of the Four Winds ~ Elemental Fist.MOD	OUTPUTNAME:四相拳（Elemental Fist）	DESC:.CLEAR	DESC:1級開始，修驗僧獲得「元素之拳」作為額外專長，即使他不滿足先決條件。在5級，以及之後的每5級，修驗僧的元素之拳造成的傷害都再增加1d6（5級2d6、10級3d6……）。這項能力取代震懾拳。	
CATEGORY=Special Ability|Monk of the Four Winds ~ Slow Time.MOD	OUTPUTNAME:剎那生滅（Slow Time）	DESC:.CLEAR	DESC:12級開始，對其他人而言，一名修驗僧幾乎可以運用其真氣減緩時間的流動、亦或加快自身的移動。以一個迅捷動作，修驗僧可以消耗6點氣在他的輪中進行三個標準動作，取代原本的一個。修驗僧可以運用這些動作來進行近戰攻擊、使用技能、使用特異能力或進行移動動作。他無法運用這些標準動作來施法或使用類法術能力。在使用這個能力時，修驗僧那輪的移動不引發任何藉機攻擊。這項能力取代遁術。	
CATEGORY=Special Ability|Monk of the Four Winds ~ Aspect Master.MOD	OUTPUTNAME:千面活佛（Aspect Master）	DESC:.CLEAR	DESC:17級開始，一名修驗僧可以將有形身軀與無形大道合為一體，獲得一種強力精魂的外貌。這些精魂給予修驗僧全新的外貌以及能力，作為其個人特質的具體展現，一旦選取之後就不能改變。一名修道僧必須遵守該類精魂的陣營限制以維持連結，一名轉變成不合於前述的陣營的修驗僧將不再獲得這項能力的優勢，直到他重新變回合適的陣營。這項能力取代不老身軀。	
CATEGORY=Special Ability|Monk of the Four Winds ~ Aspect of the Carp.MOD	OUTPUTNAME:鯉魚面（Aspect of the Carp）	DESC:.CLEAR	DESC:武僧的皮膚長出了金色的皮與虹彩的魚鱗、脖子長出了魚鰓，手指之間則長出蹼。他可以在水中呼吸並獲得等同陸地速度的游泳速度。鯉魚是英勇與大膽的，一個武僧必須非邪惡陣營才能修成鯉魚面。	
CATEGORY=Special Ability|Monk of the Four Winds ~ Aspect of the Ki-Rin.MOD	OUTPUTNAME:麒麟面（Aspect of the Ki-Rin）	DESC:.CLEAR	DESC:武僧的皮膚發出金色的光芒，他的頭上長出飄然的銀色鬃毛。他獲得等於他陸上速度的飛行速度，但是回合結束時他必須位在地面。如果武僧結束輪時沒有著陸，他如常從達到的高度墜落。麒麟是光榮、誠實、自我犧牲的，必須是守序善良的武僧才能修成麒麟面。	
CATEGORY=Special Ability|Monk of the Four Winds ~ Aspect of the Monkey.MOD	OUTPUTNAME:猴面（Aspect of the Monkey）	DESC:.CLEAR	DESC:武僧的臉變成了猴子的樣貌，他也長出了尾巴。武僧可以用他的尾巴拿起東西或進行徒手攻擊（雖然尾巴不給予額外的徒手攻擊或天生武器攻擊）。此外，武僧獲得等同陸地速度的攀爬速度。猴子是思想奇特和惡作劇的生物，任何陣營的武僧都可以修成猴面。	
CATEGORY=Special Ability|Monk of the Four Winds ~ Aspect of the Oni.MOD	OUTPUTNAME:鬼面（Aspect of the Oni）	DESC:.CLEAR	DESC:武僧的皮膚變得一片漆黑，他的頭髮變成白色，黑色，紅色或紫色。他能用一個標準動作施展「氣化形體」，每天持續每武僧等級1分鐘。使用時間並不需要連續，但每次必須至少花費 1分鐘。鬼是奸詐和欺騙的，它渴望活人的痛苦和死亡，一個武僧必須邪惡陣營才能修成鬼面。	
CATEGORY=Special Ability|Monk of the Four Winds ~ Aspect of the Owl.MOD	OUTPUTNAME:角鴟面（Aspect of the Owl）	DESC:.CLEAR	DESC:武僧長出羽毛，他的頭髮變得像鳥類，且有個不眨的寬眼。他獲得30尺的飛行速度。貓頭鷹是一種智慧的動物，嚴肅認真，朝著單一目標前進，任何陣營的武僧都可以修成角鴟面。	
CATEGORY=Special Ability|Monk of the Four Winds ~ Aspect of the Tiger.MOD	OUTPUTNAME:虎面（Aspect of the Tiger）	DESC:.CLEAR	DESC:暗條紋出現在武僧的皮膚，臉色變得像貓科動物。他的他的犬齒變大、眼睛如同貓類一樣有著垂直的瞳孔。每小時一次，武僧可以用10倍於他陸地速度進行衝鋒，並視為擁有猛撲能力。老虎是快速、凶狠和致命的，任何陣營的武僧都可以修成虎面。	
CATEGORY=Special Ability|Monk of the Four Winds ~ Immortality.MOD	OUTPUTNAME:皈依大定（Immortality）	DESC:.CLEAR	DESC:20級時，一名修驗僧獲得近乎永恆的生命。他永遠保持現在的年齡類別，即使他不得善終，24小時後，他將在死亡之處的20裡內創造一個全新的青年軀體、如同「轉生術（reincarnates）」般自動轉生。一名修驗僧必須事先到過他選擇轉生的地方。這項能力取代超凡入聖。	
CATEGORY=Special Ability|Monk of the Healing Hand ~ Ancient Healing Hand.MOD	OUTPUTNAME:氣愈術（Ancient Healing Hand）	DESC:.CLEAR	DESC:7級開始，一名輪迴僧能以觸摸治療他人。以一個整輪動作，他可以花費2點氣來為一個生物治療相當於自己輪迴僧等級的的生命值。他需要至少空出一隻手來使用這項能力，而且不能將之用於自己。如果該動作被中斷，目標不回復任何生命值，氣如常流失。這項能力取代混元體。	
CATEGORY=Special Ability|Monk of the Healing Hand ~ Ki Sacrifice.MOD	OUTPUTNAME:救渡死劫（Ki Sacrifice）	DESC:.CLEAR	DESC:11級開始，一名輪迴僧可以耗盡他所有的氣展現神通力，將人帶回現世、繼續接受未完的業以求更美好的來世。這個儀式花費1小時，在儀式結束後，輪迴僧將犧牲身上所有的氣施展「死者復活」，施法者等級等同其輪迴僧等級。輪迴僧必須至少有6點氣才能使用此能力，使用後所有氣都會被耗空。15級開始，此能力相當於「復生術」，使用時至少需有8點氣。使用「救渡死劫」不需要材料成分，一旦使用了這個能力，輪迴僧的丹田直到24小時後才能重新填滿。這項能力取代金剛體和滲透勁。	
CATEGORY=Special Ability|Monk of the Healing Hand ~ True Sacrifice.MOD	OUTPUTNAME:無生無我（True Sacrifice）	DESC:.CLEAR	DESC:20級時，作為無私大愛的終極展現，一名輪迴僧可以將他所有的元神耗盡、神通力填滿50尺半徑的瀰漫範圍。在這個範圍內所有死亡的盟友都將得到施法者等級等同輪迴僧等級的「完全復生術」效果。當一名輪迴僧這麼做之後，他將徹底邁入無我、永遠消失在凡俗的世界中。他無法被任何手段復活，即使是奇跡術、願望術以及任何神祇的力量也一樣。更有甚者，輪迴僧的名字無法以任何手段紀錄，亦無法被說出口。任何被寫上其名字的物品上，只會留下一片不知污穢為何物的空白。這項能力取代超凡入聖。	
CATEGORY=Special Ability|Monk of the Lotus ~ Touch of Serenity.MOD	OUTPUTNAME:點血截脈（Touch of Serenity）	DESC:.CLEAR	DESC:1級開始，涅磐僧獲得「點血截脈」作為額外專長，無論他是否滿足先決條件。6級，以及之後的每6級，點血截脈的效果將多持續1輪，目標在每輪都能進行一次意志檢定來終止效果。這項能力取代震懾拳。	
CATEGORY=Special Ability|Monk of the Lotus ~ Touch of Surrender.MOD	OUTPUTNAME:身心寂滅（Touch of Surrender）	DESC:.CLEAR	DESC:12級開始，一名涅磐僧可以透過慈悲的展現來讓一名敵人放棄戰鬥的念頭。當一名涅磐僧的近戰攻擊使得一名敵人的生命值降到0或更少，他可以花費6點氣來讓該目標投降。目標投降後，他的生命值降到0、陷入魅惑狀態，如同受到涅磐僧同級的施法者施展的「魅惑怪物」法術影響，但沒有豁免。魅惑效果持續到法術正常持續時間結束、或者涅磐僧自主地取消它。一名涅磐僧同時只能讓一個生物投降，如果他感化了另一個生物，前一個自動地獲得自由。這是一個影響心靈的魅惑效果。這項能力取代遁術。	
CATEGORY=Special Ability|Monk of the Lotus ~ Touch of Peace.MOD	OUTPUTNAME:自誓受戒（Touch of Peace）	DESC:.CLEAR	DESC:15級開始，一名涅磐僧的念力強到足以撼動眾生的心靈。他每天可以使用一次「自誓受戒」，使用能力之前必須事先宣告。透過一個成功的攻擊檢定，他可以魅惑對方取代原本的傷害。目標如同受到涅磐僧同級的施法者施展的「魅惑怪物」法術影響，但沒有豁免。魅惑效果持續每涅磐僧等級1天、或者涅磐僧自主地取消它。一名涅磐僧同時只能讓一個生物受戒，如果他感化了另一個生物，前一個自動地獲得自由。附帶一提，如果該僧或其同伴攻擊該目標、或涅磐僧要求其執行危害自身的行動，魅惑效果也立刻結束。這是一個影響心靈的魅惑效果。這項能力取代滲透勁。	
CATEGORY=Special Ability|Monk of the Lotus ~ Learned Master.MOD	OUTPUTNAME:識達玄微（Learned Master）	DESC:.CLEAR	DESC:17級開始，一名涅磐僧將所有知識技能以及語言學列入職業技能，並且使用感知替代智力作為這些技能的關鍵屬性。這項能力取代天語通。	
CATEGORY=Special Ability|Monk of the Sacred Mountain ~ Iron Monk.MOD	OUTPUTNAME:不動袈裟（Iron Monk）	DESC:.CLEAR	DESC:2級開始，一名山伏僧獲得「健壯」作為額外專長。此外，他的AC獲得+1天生護甲加值。這項能力取代反射閃避。	
CATEGORY=Special Ability|Monk of the Sacred Mountain ~ Bastion Stance.MOD	OUTPUTNAME:固體培元（Bastion Stance）	DESC:.CLEAR	DESC:4級開始，一名山伏僧的步伐穩若泰山，幾乎不可能被推離地面。如果該僧在一輪開始與結束時都位於同樣的格子裡，他無法被心靈和傳送效果以外的方式擊倒或強制移動，直到他的下一輪開始。16級時，他免疫所有強迫他移動的嘗試，包含心靈與傳送效果。【譯者註：頗妙的是……竟然可以用跳躍攻擊】這項能力取代輕身墜。	
CATEGORY=Special Ability|Monk of the Sacred Mountain ~ Iron Limb Defense.MOD	OUTPUTNAME:導氣入骨（Iron Limb Defense）	DESC:.CLEAR	DESC:5級開始，山伏僧悟通了如何將套路活用以強化堅守時的防禦效果。如果該僧在一輪開始與結束時都位於同樣的格子裡，直到他下一輪開始前，他的AC獲得+2盾牌加值，同時CMD+2。以一個迅捷動作，該僧可以消耗1點氣來將此加值提升為+4。這項能力取代輕功。	
CATEGORY=Special Ability|Monk of the Sacred Mountain ~ Adamantine Monk.MOD	OUTPUTNAME:金剛護體（Adamantine Monk）	DESC:.CLEAR	DESC:9級開始，一名山伏僧獲得金剛之力加護，得到傷害減免「1/-」，此後每3級，傷害減免再提升1點。以一個迅捷動作，該僧可以消耗1點氣令此傷害減免加倍直到他下一輪開始。這項能力取代精通反射閃避。	
CATEGORY=Special Ability|Monk of the Sacred Mountain ~ Vow of Silence.MOD	OUTPUTNAME:不動明王（Vow of Silence）	DESC:.CLEAR	DESC:17級開始，一名山伏僧屏棄了言語、徹底轉變成嚴厲強悍的明王化身。該僧在AC與CMD上獲得+2洞察加值，察言觀色、隱秘與察覺技能檢定獲得+4加值。山伏僧並不會喪失語言能力，但是他一旦說話，24小時內將失去此加值。這項能力取代天語通。	
CATEGORY=Special Ability|Weapon Adept ~ Perfect Strike.MOD	OUTPUTNAME:無垢識（Perfect Strike）	DESC:.CLEAR	DESC:1級開始，一名執械僧獲得「完美打擊」做為獎勵專長，無論他是否滿足先決條件。10級開始，該僧可以在使用此專長時投三次骰，取代原本的兩次；如果這裡面任何一顆造成了重擊，該僧可以選擇另外兩顆其中之一的結果作為重擊確認檢定。這項能力取代震懾拳。	
CATEGORY=Special Ability|Weapon Adept ~ Way of the Weapon Master.MOD	OUTPUTNAME:持械修行（Way of the Weapon Master）	DESC:.CLEAR	DESC:2級開始，一名執械僧獲得其中一種武僧武器的「武器專攻」作為額外專長。6級時，他獲得同一件武器的「武器專精」作為額外專長，無論他是否滿足先決條件。這項能力取代反射閃避。	
CATEGORY=Special Ability|Weapon Adept ~ Evasion.MOD	OUTPUTNAME:反射閃避（Evasion）	DESC:.CLEAR	DESC:9級起，執械僧獲得「反射閃避」的能力。此能力取代精通反射閃避。	
CATEGORY=Special Ability|Weapon Adept ~ Uncanny Initiative.MOD	OUTPUTNAME:閃戰移身（Uncanny Initiative）	DESC:.CLEAR	DESC:17級時，一名執械僧無需進行先攻檢定，其骰值直接由該僧決定（由1至20）。這項能力取代不老身軀。	
CATEGORY=Special Ability|Weapon Adept ~ Pure Power.MOD	OUTPUTNAME:達摩活身法（Pure Power）	DESC:.CLEAR	DESC:20級時，一名執械僧的身心靈臻於完美，在力量、敏捷與感知上獲得+2加值。這項能力取代超凡入聖。	
CATEGORY=Special Ability|Zen Archer ~ Flurry of Blows.MOD	OUTPUTNAME:疾風連矢（Flurry of Blows）	DESC:.CLEAR	DESC:一級開始，一名禪宗射手可以使用弓在全力攻擊中使用疾風連擊。他無法使用弓以外的任何武器（包含徒手攻擊）進行疾風連擊。禪宗射手不能將其力量修正加在傷害上，除非他使用對應的復合弓。此外，此能力作用如同同級武僧的疾風連擊。禪宗射手無法在用弓「疾風連擊」時運用「快速射擊」與「多重射擊」專長。	
CATEGORY=Special Ability|Zen Archer ~ Perfect Strike.MOD	OUTPUTNAME:無垢識（Perfect Strike）	DESC:.CLEAR	DESC:1級開始，一名禪宗射手獲得「完美打擊」做為獎勵專長，無論他是否滿足先決條件。禪宗射手可以在持弓射擊時使用「完美打擊」專長。10級開始，該僧可以在使用此專長時投三次骰，取代原本的兩次；如果這裡面任何一顆造成了重擊，該僧可以選擇另外兩顆其中之一的結果作為重擊確認檢定。這項能力取代震懾拳。	
CATEGORY=Special Ability|Zen Archer ~ Way of the Bow.MOD	OUTPUTNAME:弓道修行（Way of the Bow）	DESC:.CLEAR	DESC:2級開始，一名禪宗射手獲得其中一種擅長的弓類的「武器專攻」作為額外專長。六級時，他獲得同一件武器的「武器專精」作為額外專長，無論他是否滿足先決條件。這項能力取代反射閃避。	
CATEGORY=Special Ability|Zen Archer ~ Zen Archery.MOD	OUTPUTNAME:禪宗箭（Zen Archery）	DESC:.CLEAR	DESC:3級起，禪宗射手在以弓進行遠程攻擊骰時可以用感知修正替代敏捷修正。這項能力取代招式訓練。	
CATEGORY=Special Ability|Zen Archer ~ Point Blank Master.MOD	OUTPUTNAME:貼身射擊（Point Blank Master）	DESC:.CLEAR	DESC:3級起，一名禪宗射手獲得「貼身射擊」做為獎勵專長，即使他不符合先決條件。這項能力取代心如止水。	
CATEGORY=Special Ability|Zen Archer ~ Ki Pool.MOD	OUTPUTNAME:氣運丹田（Ki Pool）	DESC:.CLEAR	DESC:4級開始，禪宗射手可以花費1點氣來讓他的弓在一輪內射程提高50尺。此能力在其他方面與武僧的氣運丹田相同。	
CATEGORY=Special Ability|Zen Archer ~ Ki Arrows.MOD	OUTPUTNAME:氣灌箭矢（Ki Arrows）	DESC:.CLEAR	DESC:5級開始，一名禪宗射手可以透過消耗1點氣來讓其武器造成等同徒手攻擊的基本傷害一輪。這項能力取代百病不侵。	
CATEGORY=Special Ability|Zen Archer ~ Reflexive Shot.MOD	OUTPUTNAME:迫擊（Reflexive Shot）	DESC:.CLEAR	DESC:9級開始，一名禪宗射手可以用其弓箭進行藉機攻擊，但其威脅範圍依舊限定於徒手攻擊的威脅範圍。這項能力並不提升他每輪能進行的藉機攻擊次數。這項能力取代精通反射閃避。	
CATEGORY=Special Ability|Zen Archer ~ Trick Shot.MOD	OUTPUTNAME:會心（Trick Shot）	DESC:.CLEAR	DESC:11級開始，一名禪宗射手可以總是可以命中那些他人看來絕對會失手的目標。以一個迅捷動作，透過消耗1點氣，禪宗射手可以忽略隱蔽效果；消耗2點氣，他則可以忽略全隱蔽和掩蔽效果；如果消耗3點氣，他則可以忽略全掩蔽效果，甚至讓箭矢劃出不可能的弧度。箭矢仍然需要有辦法命中目標，舉例來說你不可能擊中躲在大門深鎖的地窖裡的目標。這個能力的效果持續1輪。這項能力取代金剛體。	
CATEGORY=Special Ability|Zen Archer ~ Ki Focus Bow.MOD	OUTPUTNAME:靈弓（Ki Focus Bow）	DESC:.CLEAR	DESC:17級開始，只要他的丹田里仍有至少1點氣，禪宗射手可以將箭矢如同弓具備真氣附魔般擊發。這允許他使用他需要消耗氣的特殊攻擊，如同其箭矢是他的肢體。這項能力取代天語通。	
CATEGORY=Special Ability|Gray Disciple ~ Fade from Sight.MOD	OUTPUTNAME:淡出視線（Fade from Sight）	DESC:.CLEAR	DESC:4級起，以一個迅捷動作，灰色門徒能夠通過花費1點氣，將自身化為無形（如同『隱形術』一般），持續1輪。若想使用該能力，灰色門徒必須擁有『隱形術』類法術能力。該能力取代心如止水與輕身落。	
CATEGORY=Special Ability|Gray Disciple ~ Gray Heart.MOD	OUTPUTNAME:灰色之心（Gray Heart）	DESC:.CLEAR	DESC:6級起，以一個迅捷動作，灰色門徒能夠通過花費1點氣，將自身變巨（如同『人類變巨』一般），持續1分鐘。若想使用該能力，灰色門徒必須擁有『人類變巨』類法術能力。該能力取代輕功與6級的獎勵專長。	
CATEGORY=Special Ability|Gray Disciple ~ Born in Darkness.MOD	OUTPUTNAME:生於黑暗（Born in Darkness）	DESC:.CLEAR	DESC:7級起，以一個標準動作，灰色門徒能夠通過花費1點氣，從體內輻射出黑暗（除了起點為門徒自身以外，如同『黑暗術』一般），持續每等級1輪。該能力取代混元體。	
CATEGORY=Special Ability|Gray Disciple ~ Earth Glide.MOD	OUTPUTNAME:潛地（Earth Glide）	DESC:.CLEAR	DESC:12級起，以一個迅捷動作，灰色門徒可以通過花費氣，使自身能夠在1輪之內穿過固體岩石。該能力如同＜潛地＞怪物通用能力一般運作。只要灰色門徒能夠以一個迅捷動作支付1點氣，他就能持續保持潛地狀態。如果他在實體中結束潛地狀態，就會被猛烈地排斥出去並且受到5d6點傷害。灰色門徒不會對他使用潛地經過的物體造成傷害，但是對其所在的位置施放『解除石化（Stone to Flesh）』會導致上述的排斥。該能力取代遁術。	
CATEGORY=Special Ability|Gray Disciple ~ Entomb.MOD	OUTPUTNAME:埋葬（Entomb）	DESC:.CLEAR	DESC:15級起，灰色門徒能夠將一名敵人變為岩石，並立刻將其殺死。若要使用該能力，他必須在使用衝撞或移位戰技時花費1點氣，以此方式對抗接鄰粗糙的地面或岩石的生物。如果嘗試成功，灰色門徒能夠使用他的【潛地】能力將敵人推入岩石之中。如果生物成功通過DC為「10+1/2灰色門徒等級+感知修正」的反射豁免，他會被彈至最近的空地上並受到5d6點傷害。如果豁免失敗，他的身體會融入周圍的石頭並且立即死亡。灰色門徒每天只能使用1次【埋葬】，但是失敗的衝撞或移位戰技並不會消耗該能力。能夠潛地、虛體或者能夠以其他方式在融入固體的情況下生存的生物不受埋葬影響。該能力取代滲透勁。	
CATEGORY=Special Ability|Gray Disciple ~ Earthen Thrall.MOD	OUTPUTNAME:土之奴（Earthen Thrall）	DESC:.CLEAR	DESC:17級起，每天1次，灰色門徒能夠嘗試控制屬於土系亞種的生物。該能力視同『支配怪物』一般運作（DC為「10+1/2灰色門徒等級+感知修正」），但是只對屬於土系亞種的生物有效，此外灰色門徒只能迷惑一名生物。如果他嘗試以此能力控制第二名生物，無論第二次嘗試是否成功，均會自動釋放第一名生物。該能力取代不老身軀與天語通。	
CATEGORY=Special Ability|Ironskin Monk ~ Iron Skin.MOD	OUTPUTNAME:鐵布衫（Iron Skin）	DESC:.CLEAR	DESC:1級起，鐵皮僧的AC天生防禦獲得+1加值。這個加值與任何鐵皮僧已有的天生防禦加值疊加。4級起以及之後的每4個等級，這個加值再加1。該能力取代武僧的AC加值以及AC上獲得的感知加值。	
CATEGORY=Special Ability|Ironskin Monk ~ Resilience.MOD	OUTPUTNAME:堅韌（Resilience）	DESC:.CLEAR	DESC:2級起，鐵皮僧可以免受一些特殊攻擊的物理效果。如果鐵皮僧受到任何通過成功的強韌豁免可以使效果減半的攻擊，他可以通過成功的豁免免受其影響。該能力只有在武僧穿著輕甲或者不穿甲時才能使用。無助的武僧不能獲得堅韌的效果。該能力取代反射閃避。	
CATEGORY=Special Ability|Ironskin Monk ~ Ki Pool.MOD	OUTPUTNAME:氣運丹田（Ki Pool）	DESC:.CLEAR	DESC:4級起，鐵皮僧可以從他的丹田氣池中花費1點氣，在對抗物體以及構裝體時獲得等同於他等級一半的傷害加值，該效果持續1輪。該能力取代花費氣提高速度的用法。	
CATEGORY=Special Ability|Ironskin Monk ~ Staggering Blow.MOD	OUTPUTNAME:懾心破（Staggering Blow）	DESC:.CLEAR	DESC:5級起，鐵皮僧可以在徒手攻擊成功造成重擊後，以一個自由動作並從他的丹田氣池中消耗1點氣使被打擊的生物困惑1輪（強韌豁免DC為「10+1/2鐵皮僧等級+感知修正」）。該能力取代輕功。	
CATEGORY=Special Ability|Ironskin Monk ~ Tough as Nails.MOD	OUTPUTNAME:堅如釘（Tough as Nails）	DESC:.CLEAR	DESC:6級起，鐵皮僧獲得傷害減免「1/-」。鐵皮僧每次受到武器或者天生武器攻擊造成的傷害都會減少1點。該傷害減免在9級以及之後的每3個等級都會增加1點。傷害減免可以將傷害降至0但是不會低於0。該能力取代快速移動以及輕身落。	
CATEGORY=Special Ability|Ironskin Monk ~ Evasion.MOD	OUTPUTNAME:反射閃避（Evasion）	DESC:.CLEAR	DESC:9級起，鐵皮僧獲得【反射閃避】。該能力取代精通反射閃避。	
CATEGORY=Special Ability|Ironskin Monk ~ Surefooted.MOD	OUTPUTNAME:趟泥步（Surefooted）	DESC:.CLEAR	DESC:17級起，困難地形不再減緩鐵皮僧的速度。該能力取代天語通。	
CATEGORY=Special Ability|Ironskin Monk ~ Unbreakable.MOD	OUTPUTNAME:金剛不破體（Unbreakable）	DESC:.CLEAR	DESC:20級時，鐵皮僧消除了許多肉身上的弱點。他免疫震懾與即死效果。他免疫屬性傷害或屬性吸取，並且有75%%的概率無視重擊以及偷襲造成的額外傷害。該能力取代超凡入聖。	
CATEGORY=Special Ability|Nimble Guardian ~ Defensive Aid.MOD	OUTPUTNAME:援護防禦（Defensive Aid）	DESC:.CLEAR	DESC:2級起，每日「3+感知修正」次，靈動衛士可以干涉對於相鄰盟友的攻擊或者範圍傷害的效果。如果相鄰的盟友是攻擊的目標或者需要通過一次反射豁免來減少傷害，則靈動衛士能以一個直覺動作給予這位盟友AC或者反射豁免+4環境加值。靈動衛士必須無甲或者穿戴輕甲才能使用此能力。這個能力取代反射閃避。	
CATEGORY=Special Ability|Nimble Guardian ~ Nimble Reflexes.MOD	OUTPUTNAME:靈活反射（Nimble Reflexes）	DESC:.CLEAR	DESC:3級起，靈動衛士反射豁免+2。這個能力取代心如止水。	
CATEGORY=Special Ability|Nimble Guardian ~ Defensive Mastery.MOD	OUTPUTNAME:防禦精通（Defensive Mastery）	DESC:.CLEAR	DESC:5級起，靈動衛士獲得額外3次每日【援護防禦】的使用次數。此外，如果一個盟友得到【援護防禦】的幫助並且在反射豁免中成功、但是依舊需要受到傷害的場合，靈動衛士可以花費1點氣來無效這個傷害。這一行為並不花費動作。這個能力取代百病不侵。	
CATEGORY=Special Ability|Nimble Guardian ~ Guardian Feline.MOD	OUTPUTNAME:守護之貓（Guardian Feline）	DESC:.CLEAR	DESC:7級起，靈動衛士可以花費2點氣變身為貓形態。這個效果持續1小時或者直到靈動衛士變身回來。變身（變成貓或變回來）是一個不會引發藉機攻擊的標準動作，必須選擇貓科動物（獵豹、獅子等）作為變身形態。此能力類似『野獸形態II』法術。9級時，此能力類似『野獸形態III』法術。這個能力取代混元體。	
CATEGORY=Special Ability|Nimble Guardian ~ Evasion.MOD	OUTPUTNAME:反射閃避（Evasion）	DESC:.CLEAR	DESC:9級起，靈動衛士獲得【反射閃避】。這個能力取代精通反射閃避。	
CATEGORY=Special Ability|Student of Stone ~ Hard as Stone.MOD	OUTPUTNAME:堅如磐石（Hard as Stone）	DESC:.CLEAR	DESC:2級起，每當敵人對石之學徒進行重擊確認檢定時，石之學徒的AC視為比正常高4點。該能力取代反射閃避。	
CATEGORY=Special Ability|Student of Stone ~ Strength of Stone.MOD	OUTPUTNAME:石之力（Strength of Stone）	DESC:.CLEAR	DESC:3級起，石之學徒學會了如何從大地中汲取力量。只要他與他的敵人都接觸地面，石之學徒就能夠在攻擊、傷害、衝撞與絆摔戰技檢定、以及對抗衝撞與摔絆的CMD上+1。該能力取代快速移動。	
CATEGORY=Special Ability|Student of Stone ~ Body of Stone.MOD	OUTPUTNAME:石之體（Body of Stone）	DESC:.CLEAR	DESC:9級起，石之學徒獲得〈次級護命〉護甲附魔的好處。該能力取代精通反射閃避。	
CATEGORY=Special Ability|Student of Stone ~ Soul of Stone.MOD	OUTPUTNAME:石之魂（Soul of Stone）	DESC:.CLEAR	DESC:12級起，石之學徒能以一個迅捷動作並且消耗1點氣獲得15尺「顫動感知」直到他的下一輪開始。16級起，由此能力獲得的顫動感知提升至30尺。該能力取代遁術。	
CATEGORY=Special Ability|Student of Stone ~ Stone Self.MOD	OUTPUTNAME:化身為石（Stone Self）	DESC:.CLEAR	DESC:20級時，石之學徒成為了土系異界生物。他獲得土系亞種，以及傷害減免「5/混亂」，掘地速度20尺和20尺顫動感知。	
CATEGORY=Special Ability|Treetop Monk ~ Branch Runner.MOD	OUTPUTNAME:林枝行者（Branch Runner）	DESC:.CLEAR	DESC:3級起，樹頂僧能夠將從【快速移動】能力中獲得的基本速度加值的一半，加到他的種族攀爬速度上。該能力取代心如止水。	
CATEGORY=Special Ability|Treetop Monk ~ Freedom of Movement.MOD	OUTPUTNAME:行動自如（Freedom of Movement）	DESC:.CLEAR	DESC:12級起，樹頂僧能夠以一個迅捷動作並從他的丹田氣池中花費1點氣，以此獲得『行動自如』效果，持續1輪。該能力取代遁術。	
CATEGORY=Special Ability|Underfoot Adept ~ Underfoot Grace.MOD	OUTPUTNAME:足下過（Underfoot Grace）	DESC:.CLEAR	DESC:1級時，足下僧在經過敵人時能依靠他的體型和優雅躲過他們的攻擊。當使用特技技能來避免因經過受威脅區域或穿越敵人方格引起的藉機攻擊時，他僅以-5的減值便可全速移動，而不是通常的-10減值。這一能力取代1級時獲得的獎勵專長。	
CATEGORY=Special Ability|Underfoot Adept ~ Underfoot Trip.MOD	OUTPUTNAME:足下摔（Underfoot Trip）	DESC:.CLEAR	DESC:1級時，足下僧學會了一系列格鬥技巧，甚至能撂倒最大個兒的對手。他獲得「精通絆摔」作為獎勵專長，即使未滿足先決條件。在4級和之後的每4級，在考慮他所能絆摔的最大生物體型和他絆摔戰技的CMB和CMD時，他的體型都被視作比原先更大一級。這一能力取代震懾拳。	
CATEGORY=Special Ability|Underfoot Adept ~ Improved Underfoot Grace.MOD	OUTPUTNAME:精通足下過（Improved Underfoot Grace）	DESC:.CLEAR	DESC:5級時，足下僧躲避藉機攻擊的能力更為精進。當使用特技技能來避免因經過受威脅區域或穿越敵人方格引起的藉機攻擊時，他不須承受減值便可全速移動。這一能力取代輕功。	
CATEGORY=Special Ability|Wanderer ~ Far Traveler.MOD	OUTPUTNAME:遠行者（Far Traveler）	DESC:.CLEAR	DESC:1級起，雲遊僧選擇獲得一個額外語言或者擅長一種軍用或異種武器。4級起以及之後的每4級，雲遊僧可以再獲得一個額外語言或擅長一種不同的異種或軍用武器。該能力取代1級的獎勵專長。	
CATEGORY=Special Ability|Wanderer ~ Long Walk.MOD	OUTPUTNAME:長足（Long Walk）	DESC:.CLEAR	DESC:3級起，雲遊僧獲得「堅忍」作為獎勵專長，並且在強行軍的體質檢定時獲得雙倍的加值。此外對抗造成的疲乏或力竭狀態的法術和其他效果的豁免檢定+2。該能力取代心如止水。	
CATEGORY=Special Ability|Wanderer ~ Light Step.MOD	OUTPUTNAME:輕行（Light Step）	DESC:.CLEAR	DESC:5級起，雲遊僧不會留下痕跡也無法被追蹤，如果需要的話他可以留下痕跡。他可以從氣池中花費1點氣如同類法術能力一般（以他的武僧級別作為施法者級別）使用『重負術』，『輕羽步』，『大步奔行』，『行蹤無跡』或『追人不倦』。該能力取代輕身落。	
CATEGORY=Special Ability|Wanderer ~ Inscrutable.MOD	OUTPUTNAME:神妙莫測（Inscrutable）	DESC:.CLEAR	DESC:5級起，雲遊僧獲得了超自然的神秘氣息。使用交涉檢定搜集、知識檢定獲得雲遊僧信息、或者用察言觀色洞察雲遊僧的本意時DC+5。此外，雲遊僧可以花費1點氣獲得持續24小時『迴避偵測』的效果（以他的武僧級別作為施法者級別）。該能力取代輕功。	
CATEGORY=Special Ability|Wanderer ~ Wanderer's Wisdom.MOD	OUTPUTNAME:雲遊之智（Wanderer's Wisdom）	DESC:.CLEAR	DESC:7級起，雲遊僧能以哲學箴言和譬喻的形式分享他的建議。雲遊僧若以一個迅捷動作從氣池中花費2點氣，則可以如同等同於他武僧級別的吟遊詩人一般使用【激發勇氣】和【提振技能】。該能力影響30尺內的一個生物並持續等同於雲遊僧感知修正輪數（最低1輪）。該能力依靠語言發揮作用。該能力取代混元體。	
CATEGORY=Special Ability|Wanderer ~ Disappear Unnoticed.MOD	OUTPUTNAME:無蹤無形（Disappear Unnoticed）	DESC:.CLEAR	DESC:12級起，雲遊僧若從氣池中花費1點氣並且與一個大於等於他體型的生物相鄰，則可以在沒有遮蔽或掩護、甚至在被直接觀察的情況下使用隱匿技能躲藏。這個效果持續到雲遊僧下一輪開始，他也可以每輪花費1點氣保持隱藏。該能力取代遁術。	
CATEGORY=Special Ability|Wanderer ~ Free Step.MOD	OUTPUTNAME:神行（Free Step）	DESC:.CLEAR	DESC:13級起，雲遊僧獲得連續的『行動自如』效果如同獲得持續性的類法術能力一般。該能力取代金剛魂。	
CATEGORY=Special Ability|Flowing Monk ~ Redirection.MOD	OUTPUTNAME:推手（Redirection）	DESC:.CLEAR	DESC:1級時，以一個直覺動作，無相僧可以嘗試對在他威脅區域內且攻擊他的敵人發起復位或絆摔戰技。如果戰技檢定成功，攻擊者會噁心1輪的時間，對於噁心的反射豁免DC為「10+1/2無相僧等級+感知修正」，噁心的持續時間在之後的每4級增加1輪，最高達到20級的6輪。如果對手對他發起的是猛力攻擊或衝鋒，那麼無相僧在絆摔和復位的CMB得到+2加值，而且噁心效果的豁免DC也上升2點。如果對手同時使用猛力攻擊與衝鋒的話加值疊加。4級時，無相僧可以對朝著相鄰盟友發起攻擊的敵人使用推手。8級時，無相僧使用此能力時可以同時發動絆摔和復位戰技。12級時，無相僧可以對所有朝他發起近戰攻擊的敵人使用此能力，即便他並沒有辦法威脅到該敵人也是一樣。無相僧每日可以使用此能力的次數等同於他的武僧等級，但他每輪只能發動1次。此能力取代震懾拳。	
CATEGORY=Special Ability|Flowing Monk ~ Unbalancing Counter.MOD	OUTPUTNAME:攬雀尾（Unbalancing Counter）	DESC:.CLEAR	DESC:2級時，無相僧的藉機攻擊將會讓受到攻擊的目標措手不及，直到無相僧下一回合結束。反射檢定DC同「推手」。此能力取代2級的獎勵專長。	
CATEGORY=Special Ability|Flowing Monk ~ Flowing Dodge.MOD	OUTPUTNAME:行雲流水（Flowing Dodge）	DESC:.CLEAR	DESC:3級時，每一個鄰接無相僧的敵人將提供無相僧1點AC的閃避加值，此加值最高等同於他的感知修正。此能力取代快速移動。	
CATEGORY=Special Ability|Flowing Monk ~ Elusive Target.MOD	OUTPUTNAME:轉身采手（Elusive Target）	DESC:.CLEAR	DESC:5級時，以一個直覺動作，無相僧可以消耗2點氣，通過一個反射檢定對抗對方的攻擊檢定，成功的話他會使傷害減半。11級起，當他反射檢定成功時將不會受到任何傷害，就算反射檢定失敗，他也只會受到一半的傷害。如果對方夾擊無相僧，那麼沒有發起攻擊的那個夾擊者將會變成這次攻擊的目標，使用和攻擊無相僧相同的攻擊擲骰，如果該目標被擊中了，那他將受到一半傷害；若無相僧完全避開了攻擊，那麼該目標則受到全額傷害。所有攻擊附帶的效果仍會照常運作。此能力取代百病不侵和金剛體。	
CATEGORY=Special Ability|Flowing Monk ~ Volley Spell.MOD	OUTPUTNAME:如封似閉（Volley Spell）	DESC:.CLEAR	DESC:15級時，若敵人的法術沒有突破無相僧的法術抗力，他可以透過消耗相當於法術等級一半的氣，將法術如同「法術反轉」一樣扔回給施法者。此能力取代滲透勁。	
CATEGORY=Special Ability|Maneuver Master ~ Flurry of Maneuvers.MOD	OUTPUTNAME:戰技疾風（Flurry of Maneuvers）	DESC:.CLEAR	DESC:1級時，在整輪攻擊中，靈鴢僧可以施展一次額外的戰技，忽略該戰技通常需要花費的近戰攻擊或是標準動作。在計算CMB時，他可以用武僧等級取代基本攻擊加值，但在「戰技疾風」下所有的戰技檢定將承受-2減值。8級時，他可以發動第二次戰技攻擊，但該攻擊承受-5減值。15級時，他能以-12的減值發動第三次戰技攻擊。在穿戴護甲、使用盾牌、中載或重載時，靈鴢僧失去這項能力。此能力取代疾風連擊。	
CATEGORY=Special Ability|Maneuver Master ~ Maneuver Defense.MOD	OUTPUTNAME:戰技防禦（Maneuver Defense）	DESC:.CLEAR	DESC:3級時，若敵人對著靈鴢僧施展靈鴢僧有精通專長的戰技時，無論如何靈鴢僧都可以對該敵人發起藉機攻擊。	
CATEGORY=Special Ability|Maneuver Master ~ Reliable Maneuver.MOD	OUTPUTNAME:可靠戰技（Reliable Maneuver）	DESC:.CLEAR	DESC:4級時，靈鴢僧可以在使用戰技前以一個迅捷動作花費1點氣，讓他骰兩次戰技檢定並取其高值。此能力取代輕身墜。	
CATEGORY=Special Ability|Maneuver Master ~ Meditative Maneuver.MOD	OUTPUTNAME:戰技冥想（Meditative Maneuver）	DESC:.CLEAR	DESC:5級時，靈鴢僧可以用一個迅捷動作將他的感知修正加到他的戰技檢定上，直到該輪終了。他必須在使用此能力時選定受到加值的戰技。此能力取代百病不侵。	
CATEGORY=Special Ability|Maneuver Master ~ Sweeping Maneuver.MOD	OUTPUTNAME:戰技掃蕩（Sweeping Maneuver）	DESC:.CLEAR	DESC:11級時，通過一個標準動作，靈鴢僧可以發起兩次戰技攻擊，但該戰技不能讓靈鴢僧移動。他可以將這兩次戰技施放在同一個敵人身上，也可攻擊不同的兩個目標。此能力取代金剛體。	
CATEGORY=Special Ability|Maneuver Master ~ Whirlwind Maneuver.MOD	OUTPUTNAME:戰技旋風（Whirlwind Maneuver）	DESC:.CLEAR	DESC:15級時，每天1次，以一個整輪動作，靈鴢僧可以對他威脅到的所有敵人發起一次不需要移動的戰技攻擊。他能以一次戰技檢定對抗所有的敵人。此能力取代滲透勁。	
CATEGORY=Special Ability|Martial Artist ~ Pain Points.MOD	OUTPUTNAME:穴位擊打（Pain Points）	DESC:.CLEAR	DESC:3級時，武師豐富的人體知識讓他可以更有效的攻擊要害，讓他的重擊確定擲骰+1，且震懾拳DC+1。此能力取代心如止水。	
CATEGORY=Special Ability|Martial Artist ~ Martial Arts Master.MOD	OUTPUTNAME:武技專家（Martial Arts Master）	DESC:.CLEAR	DESC:4級時，武師可以用他的武僧等級作為戰士等級去選取和徒手擊打與武僧武器相關的專長。此能力取代輕身落。	
CATEGORY=Special Ability|Martial Artist ~ Exploit Weakness.MOD	OUTPUTNAME:弱點利用（Exploit Weakness）	DESC:.CLEAR	DESC:4級時，以一個迅捷動作，武師可以用「武師等級+感知修正」作為加值，針對物品的硬度或生物的傷害減免進行一次DC為「10+物品硬度」或「10+生物挑戰等級」的檢定。若檢定成功，他在該輪內對該生物的命中+2，且在下一輪開始之前忽略該目標的硬度或傷害減免。他也可透過迅捷動作使用這個能力解析30尺內的一個生物，在下一輪開始之前對抗目標生物的隱秘技能檢定、反射檢定和AC的閃避加值上得到相當於武師等級一半的加值。弱點利用取代氣運丹田。	
CATEGORY=Special Ability|Martial Artist ~ Extreme Endurance.MOD	OUTPUTNAME:極限耐力（Extreme Endurance）	DESC:.CLEAR	DESC:5級時，武師免疫疲勞，10級免疫力竭，15級免疫震懾，20級免疫即死和能量吸取。此能力取代百病不侵、金剛體和超凡入聖。	
CATEGORY=Special Ability|Martial Artist ~ Physical Resistance.MOD	OUTPUTNAME:肉體抗力（Physical Resistance）	DESC:.CLEAR	DESC:7級時，當武師受到屬性傷害、等級吸取或其他造成屬性減值的效果時，該效果的數值-1，此能力在7級之後的每3級上升1，直到19級的5點減免。此能力取代混元體、不老身軀、天語通。	
CATEGORY=Special Ability|Martial Artist ~ Defensive Roll.MOD	OUTPUTNAME:迴避（Defensive Roll）	DESC:.CLEAR	DESC:13級時，每天1次，武師可以使用「防禦翻滾（Defensive Roll）」盜賊天賦，之後每3級增加1次。此能力取代金剛魂。	
CATEGORY=Special Ability|Martial Artist ~ Quivering Palm.MOD	OUTPUTNAME:滲透勁（Quivering Palm）	DESC:.CLEAR	DESC:15級時，武師每天可以多使用1次此能力，不過同時只能有一個滲透勁生效。	
CATEGORY=Special Ability|Martial Artist ~ Greater Defensive Roll.MOD	OUTPUTNAME:高等迴避（Greater Defensive Roll）	DESC:.CLEAR	DESC:19級時，武師在成功的使用「防禦翻滾」之後不受傷害，就算反射檢定失敗也只受一半傷害。此能力取代空靈體。	
CATEGORY=Special Ability|Master of Many Styles ~ Fuse Style.MOD	OUTPUTNAME:流派融會（Fuse Style）	DESC:.CLEAR	DESC:一級起，形意拳師可以融合他已知兩個流派的風格，他能夠同時得到這兩個流派的流派專長效果，啟動流派專長仍然是一個迅捷動作，但在更換生效的流派專長時，形意拳師可以從兩個已經啟動的流派專長中選取一個替換。八級，他可以同時啟動三個流派。在他激活流派專長時，形意拳師在攻擊檢定上獲得加值，數值相當於他目前激活的流派（非專長）數量。十五級，他可以同時啟動四個流派，而且他可以透過銷耗一點氣讓啟動流派專長從迅捷動作變成自由動作。此能力取代疾風連擊。	
CATEGORY=Special Ability|Master of Many Styles ~ Perfect Style.MOD	OUTPUTNAME:超凡風格（Perfect Style）	DESC:.CLEAR	DESC:二十級，形意拳師可以同時啟動五個流派專長，而且可以用一個自由動作更換這些專長此能力取代超凡入聖。	
CATEGORY=Special Ability|Sensei ~ Advice.MOD	OUTPUTNAME:忠告（Advice）	DESC:.CLEAR	DESC:師範可以用演講的方式使用吟遊詩人表演。1級時他可以使用「激發勇氣」，3級時「提振技能」，9級時「提振戰力」。使用這些能力時，以他的師範等級作為有效詩人等級，每日可用輪數則等於「師範等級+感知修正」。此能力取代疾風連擊、快速移動和精通反射閃避。	
CATEGORY=Special Ability|Sensei ~ Insightful Strike.MOD	OUTPUTNAME:洞見擊打（Insightful Strike）	DESC:.CLEAR	DESC:2級時，師範可以將他的感知修正取代力量或敏捷，加到使用武僧武器或徒手的攻擊檢定與戰技檢定上。此能力取代反射閃避和2級的獎勵專長。	
CATEGORY=Special Ability|Sensei ~ Mystic Wisdom.MOD	OUTPUTNAME:醍醐灌頂（Mystic Wisdom）	DESC:.CLEAR	DESC:6級起，當師範使用消耗氣池的職業能力時，他可以讓此效果作用於30尺之內的一個盟友身上，而不是他自身。12級時，他可以透過使用氣池，將效果作用在30尺內所有的盟友身上；此外，師範可以透過消耗1點氣讓30尺內的一個盟友得到下列能力其中之一：反射閃避、快速移動、輕功、百病不侵、輕身墜。18級，他能花費2點氣讓30此之內的所有盟友得到上述效果，或賦予單一盟友金剛體、金剛魂或精通反射閃避。這些能力會在盟友身上持續相當於師範等級的輪數。此能力取代6、12、18級的獎勵專長（編者註：此處有誤，武僧獲得獎勵專長是在2級、6級、10級、14級、18級）。	
CATEGORY=Special Ability|Sohei ~ Devoted Guardian.MOD	OUTPUTNAME:忠貞護衛（Devoted Guardian）	DESC:.CLEAR	DESC:1級時，僧兵永遠都可以在突襲輪行動，就算他沒有察覺敵人的存在也是一樣。在他開始動作之前，他仍被視為措手不及。此外，他在先攻上還得到相當於僧兵等級一半的加值；20級時他的先攻永遠視為自然投出20。此能力取代震懾拳。	
CATEGORY=Special Ability|Sohei ~ Unarmed Strike.MOD	OUTPUTNAME:徒手擊打（Unarmed Strike）	DESC:.CLEAR	DESC:僧兵的徒手擊打傷害在4級以及之後皆不會上升。	
CATEGORY=Special Ability|Sohei ~ Monastic Mount.MOD	OUTPUTNAME:宗廟騎兵（Monastic Mount）	DESC:.CLEAR	DESC:4級時，僧兵可以透過花費1點氣，給予他的坐騎相當於僧兵等級兩倍的臨時生命值，持續時間為每僧兵等級1小時。此外，只要他和他的坐騎鄰接（包括騎乘），他的坐騎就可以得到以下的武僧特性：AC加值、反射閃避、金剛魂、輕功、心如止水、百病不侵、精通反射閃避和氣運丹田（必須要僧兵的丹田內還有至少1點氣存留）。並且每當僧兵消耗真氣以得到特殊能力時，他的坐騎也得到同樣的效果。此能力取代快速移動和徒手擊打的傷害增加。	
CATEGORY=Special Ability|Sohei ~ Ki Weapon.MOD	OUTPUTNAME:氣灌武裝（Ki Weapon）	DESC:.CLEAR	DESC:4級時，僧兵可以透過迅捷動作花費1點氣，來使他的武器得到+1的傷害和命中增強加值，持續到他下一輪開始。此加值在之後的每4級上升1，直到20級的+5。此能力取代輕身落和遁術。	
CATEGORY=Special Ability|Sohei ~ Weapon Training.MOD	OUTPUTNAME:武器訓練（Weapon Training）	DESC:.CLEAR	DESC:6級時，僧兵可以選擇熟練以下一個武器組：弓、十字弓、武僧武器、長柄武器、矛、投擲武器。在之後的每6級他可以多選擇一個武器組合，直到18級的三個。僧兵在使用他熟練的武器組時可以施展「疾風連擊」和「鬥氣擊」（氣運丹田的穿透傷害減免能力）效果。此能力取代百病不侵、金剛體、滲透勁、不老身軀和天語通。	
CATEGORY=Special Ability|Tetori ~ Graceful Grappler.MOD	OUTPUTNAME:手揮五弦（Graceful Grappler）	DESC:.CLEAR	DESC:擒龍僧可以將他的擒龍僧等級取代基本攻擊加值加至擒抱的CMB以及CMD上。4級時，他在擒抱時的攻擊擲骰上不承受任何減值，且能在擒抱時進行藉機攻擊，AC的敏捷加值也會在定身別人或是被擒抱時保留。8級時，擒龍僧可以將「攫抓（Grab）」作為徒手擊打的特殊攻擊，在徒手擊打命中時，他可以透過消耗1點氣嘗試擒抱和他一樣大或比他小的目標，或是消耗2點氣以擒抱比他大的敵人。15級時，他得到「緊勒（constrict）」特殊攻擊，使他可以在擒抱檢定成功時造成額外的徒手擊打傷害。此能力取代疾風連擊。	
CATEGORY=Special Ability|Tetori ~ Counter-Grapple.MOD	OUTPUTNAME:倒攆猴（Counter-Grapple）	DESC:.CLEAR	DESC:4級時，擒龍僧可以用藉機攻擊反擊嘗試擒抱他的敵人，不過這仍不允許他對擁有「高等擒抱」專長的敵人發動藉機攻擊。6級時，他能對有隱蔽或全隱蔽的擒抱者發起藉機攻擊。8級時，他就算措手不及也可以發起藉機攻擊。10級時，他甚至可以藉機攻擊超出自身觸及範圍的擒抱者。此能力取代輕身墜。	
CATEGORY=Special Ability|Tetori ~ Break Free.MOD	OUTPUTNAME:破縛式（Break Free）	DESC:.CLEAR	DESC:5級時，擒龍僧可以將他的職業等級加到掙脫擒抱的戰技或脫逃檢定上。此外，若擒龍僧在會使他糾纏、麻痺、減速或恍惚的效果豁免中失敗，他可以以一個直覺動作花費1點氣來重新嘗試一次豁免。此能力取代輕功。	
CATEGORY=Special Ability|Tetori ~ Inescapable Grasp.MOD	OUTPUTNAME:抓筋拿骨（Inescapable Grasp）	DESC:.CLEAR	DESC:9級時，擒龍僧可以透過消耗1點氣，來壓制敵人身上的「行動自如」和其他提升脫逃檢定或脫離擒抱檢定的魔法加值。13級時，可以產生「次元錨」的效果。17級時，他的徒手擊打得到幽冥特性，被他擊中的虛體生物除非通過DC為「10+1/2擒龍僧等級+感知修正」的反射檢定，否則將會被擒抱。使用「抓筋拿骨」是一個迅捷動作，持續時間則到擒龍僧下一輪開始為止。此能力取代精通反射閃避、遁術、不老身軀和天語通。	
CATEGORY=Special Ability|Tetori ~ Form Lock.MOD	OUTPUTNAME:鐵鎖之姿（Form Lock）	DESC:.CLEAR	DESC:13級時，擒龍僧可以通過一次加值為「擒龍僧等級+感知修正」的檢定，對抗DC「11+施法者等級（或施術生物HD）」，以無視一個變形效果。此能力是一個標準動作且需花費2點氣，如果此效果是來自於他擒抱中的生物則只需直覺動作。此能力取代金剛魂。	
CATEGORY=Special Ability|Tetori ~ Iron Body.MOD	OUTPUTNAME:銅筋鐵骨（Iron Body）	DESC:.CLEAR	DESC:19級時，通過一個移動動作，擒龍僧可以花費3點氣讓自己的身體變的異常堅固，如同「銅筋鐵骨」法術的效果，持續1分鐘。此能力取代空靈體。	
CATEGORY=Special Ability|Kata Master ~ Menacing Swordplay.MOD	OUTPUTNAME:霸氣外露（Menacing Swordplay）	DESC:.CLEAR	DESC:在3級時，鬥技僧獲得遊蕩劍客的威脅劍舞炫技。本能力取代心如止水。	
CATEGORY=Special Ability|Kata Master ~ Ki Pool.MOD	OUTPUTNAME:氣池（Ki Pool）	DESC:.CLEAR	DESC:在4級時，鬥技僧可以將自己的氣池當作時髦點數池用來使用遊蕩劍客炫技。本能力替換普通武僧的氣池能力。	
CATEGORY=Special Ability|Kata Master ~ Targeted Strike.MOD	OUTPUTNAME:流星指刺（Targeted Strike）	DESC:.CLEAR	DESC:在7級時，鬥技僧獲得遊蕩劍客的精確瞄準炫技。本能力取代混元體。	
CATEGORY=Special Ability|Kata Master ~ Dizzying Defense.MOD	OUTPUTNAME:鐵壁掌（Dizzying Defense）	DESC:.CLEAR	DESC:在15級時，鬥技僧獲得遊蕩劍客的炫目防禦炫技。本能力取代滲透勁。	
CATEGORY=Special Ability|Wildcat ~ Ready for Anything.MOD	OUTPUTNAME:時刻備戰（Ready for Anything）	DESC:.CLEAR	DESC:在3級時，野球拳師在先攻檢定和避免被突襲的察覺檢定上獲得＋2加值。本能力取代心如止水。	
CATEGORY=Special Ability|Wildcat ~ Brawler Maneuver Training.MOD	OUTPUTNAME:拳師招式（Brawler Maneuver Training）	DESC:.CLEAR	DESC:在4級時，野球拳師選擇精進他的陰招戰技。他在陰招戰技攻擊的CMB和對抗陰招戰技攻擊的CMD上獲得＋1加值。在7，10和16級時，野球拳師可以選擇繼續精進另一項戰技，並且在這項戰技上的CMB和CMD上獲得+1加值。除此之外，他在已經受訓過的戰技上還會再獲得+1加值。舉例來說，當一個野球拳師在7級時，她在自己選擇的戰技的CMB和CMD擁有+2加值，陰招則有+2加值。本能力取代輕功和氣池。	
CATEGORY=Special Ability|Wildcat ~ Improvised Weapon Mastery.MOD	OUTPUTNAME:臨時武器大師（Improvised Weapon Mastery）	DESC:.CLEAR	DESC:在4級時，野球拳師使用臨時武器戰鬥時得到傷害提升。在使用臨時武器攻擊時，野球拳師可以應用他的徒手擊打傷害骰而非武器的傷害骰，但視為他的武僧等級-4，至少為1（比如，一個使用碎酒瓶攻擊的6級野球拳師可以用它造成1d6點傷害而非正常的1d4點）。如果這件武器的傷害骰高於野球拳師的徒手擊打傷害，那麼它的傷害骰不變。野球拳師也可以自由選擇以武器本身的傷害骰而非自己的徒手擊打傷害，但他必須在進行攻擊檢定前聲明。本能力取代輕身落。	
CATEGORY=Special Ability|Wildcat ~ Knockout.MOD	OUTPUTNAME:震盪擊（Knockout）	DESC:.CLEAR	DESC:在9級時，每天一次野球拳師可以對一個目標發動一次沉重的打擊，將其一擊毆到仆街。野球拳師必須在攻擊檢定之前聲明自己要使用震盪擊嘗試，如果野球拳師的這次攻擊成功命中並且目標受到了傷害，他就必須通過一個強韌檢定（DC=10+1/2野球拳師等級+野球拳師力量或敏捷調整值，取其高者）否則將在1d6輪內失去意識。被擊暈的生物每輪可以再以一個不受藉機攻擊的整輪動作嘗試恢復意識。免疫重擊和非致命傷害的生物也同時免疫這個能力。在12級時，野球拳師獲得額外一次震盪拳的每日使用次數。本能力取代精通反射閃避和遁術。	
CATEGORY=Special Ability|Wildcat ~ Turn the Tables.MOD	OUTPUTNAME:反戈一擊（Turn the Tables）	DESC:.CLEAR	DESC:在13級時，每當一個敵人對野球拳師發動戰技攻擊失敗時，野球拳師就會對他獲得一次藉機攻擊機會。本能力取代金剛魂。	
CATEGORY=Special Ability|Wildcat ~ Dirty Blow.MOD	OUTPUTNAME:下三濫（Dirty Blow）	DESC:.CLEAR	DESC:在19級時，每當野球拳師成功對對目標發動落一次陰招戰技攻擊，他就可以對同一個目標造成相當於徒手擊打對傷害。本能力取代空靈體。	
CATEGORY=Special Ability|Vow of Celibacy.MOD	OUTPUTNAME:不邪淫戒（Vow of Celibacy）	DESC:.CLEAR	DESC:該僧必須戒絕所有淫事與親密的肢體接觸。持此戒者不可與他人同寢、亦不得於野外與他人同帳。持不邪淫戒者不得碰觸他人、亦不得允許他人碰觸自己（包含接觸法術）。在戰鬥中的拳腳相向是不會構成破戒的，然而他必須避免一切足以造成聯想的肢體接觸。持不邪淫戒者每5級能獲得額外1點氣（最少為1）。	
CATEGORY=Special Ability|Vow of Chains.MOD	OUTPUTNAME:囚執戒（Vow of Chains）	DESC:.CLEAR	DESC:為了贖己身之罪或是贖眾生之罪，該僧必須在手腳上穿戴枷鎖。這對攻擊檢定與AC帶來-1減值，同時降低10呎移動速度。如果有任何情形使他必須卸除枷鎖，他可以藉由背負沉重的岩石或其他重物（包含中型或重型盔甲）來獲得這項罰值。持囚執戒者每3級能獲得額外1點氣（最少為1）。	
CATEGORY=Special Ability|Vow of Cleanliness.MOD	OUTPUTNAME:清淨戒（Vow of Cleanliness）	DESC:.CLEAR	DESC:持此戒者必須每日沐浴。他必須隨時衣著清淨、趕在身體染上俗塵之前替換衣物。她必須總是儀表潔淨，將頭髮盤整清潔（若該人為男性，則需除淨鬍鬚）。此戒將禁止該人接觸不潔之物、患疾病者、死者（出於醫療衛生目的的清潔與救助是允許的）或不死生物（你可以透過打造武器攻擊這些生物）。持清淨戒者每5級能獲得額外1點氣（最少為1）。	
CATEGORY=Special Ability|Vow of Fasting.MOD	OUTPUTNAME:持齋戒（Vow of Fasting）	DESC:.CLEAR	DESC:該僧不得食非粥糜者、不能飲非淨水者。除了特定的節慶或每月一次的日子中該僧可以食用一些榖類以外的食物來維持營養之外，除了粥糜與淨水，該僧不得接觸煙草、藥物、藥水、酒精、需要飲用或食用的煉金物品，以及任何飲料或食物。持持齋戒者每6級能獲得額外1點氣（最少為1）。	
CATEGORY=Special Ability|Vow of Peace.MOD	OUTPUTNAME:不殺生戒（Vow of Peace）	DESC:.CLEAR	DESC:非到最後關頭，該僧不得動用暴力。他不能是戰鬥中第一個攻擊的人。如果進行攻擊，該僧在戰鬥開始的前兩輪必須使用防禦式戰鬥或是全防禦。他永遠必須給他的對手投降的機會，並且不得蓄意殺害可以感化、並可能融入正常社會中的任何生物（當然這明顯不包含許多怪物）。這樣的武僧時常學習如何擒拿並壓制對手，以特殊的手法將其捆縛、讓他們得以在足夠的努力之後自行脫困。此外，持此戒者多須茹素。持不殺生戒者每5級能獲得額外1點氣（最少為1）。	
CATEGORY=Special Ability|Vow of Poverty.MOD	OUTPUTNAME:安貧戒（Vow of Poverty）	DESC:.CLEAR	DESC:持安貧戒者不得持有超過6項物品：一件簡單的袍子、一對便鞋、一隻碗、一隻麻袋、一卷毯子以及一項任意道具。前五項道具必須簡單樸素，而第六項則不受此限（它通常是一件傳家寶或是對該僧而言極具重要性的物品）。該僧不得持有超出一周維生所需的財物。他也無法借用或攜帶它人那裡任何超過50GP的物品。不過他被允許飲用他人施捨的治療藥水（或是類似的一次性道具）。持安貧戒者每5級能獲得額外1點氣（最少為1）。	
CATEGORY=Special Ability|Vow of Silence.MOD	OUTPUTNAME:不語戒（Vow of Silence）	DESC:.CLEAR	DESC:該僧不得言語、不得喧鬧，行萬事皆須以靜默為最上。意外發出的聲響與戰鬥中的碰撞聲可以被包容，但是多數行此戒者會連這些聲音也壓制到最低。該僧可以透過擊杖或是拍手等方式發出輕響來警告盟友，亦可以寫字。持不語戒者每6級能獲得額外1點氣（最少為1）。	
CATEGORY=Special Ability|Vow of Truth.MOD	OUTPUTNAME:不妄語戒（Vow of Truth）	DESC:.CLEAR	DESC:該僧不得說謊、不得欺瞞、不得說模稜兩可之事，開玩笑、講述謠言、說無謂話亦不可以。善意的謊言同樣會導致你打破此戒。但是如果說出真相會帶來傷害，該僧可以維持沉默，因此許多持此戒者亦持不語戒，以堅定其志。持不妄語戒者每5級能獲得額外1點氣（最少為1）。	
