CATEGORY=Special Ability|Paladin ~ Aura of Good.MOD	OUTPUTNAME:善良靈光（Aura of Good）	DESC:.CLEAR	DESC:聖騎士的善良靈光強度（見『偵測善良（Detect Good）』法術）等於她的聖騎士等級。	
CATEGORY=Special Ability|Paladin ~ Detect Evil.MOD	OUTPUTNAME:偵測邪惡（Detect Evil）	DESC:.CLEAR	DESC:聖騎士可以根據意願使用『偵測邪惡』，效果和同名法術一樣。聖騎士也可以使用一個移動動作專注於60英尺內的單一物體或生物，以得知對方是否邪惡以及對方的靈光強度，如同使用法術研究了三輪時間。當專注於單一物體或生物時，聖騎士不會察覺法術範圍內其它的邪惡事物。	
CATEGORY=Special Ability|Paladin ~ Smite Evil.MOD	OUTPUTNAME:制裁邪惡（Smite Evil）	DESC:.CLEAR	DESC:每天一次，聖騎士可以呼喚善良的力量，以幫助她對抗強大的邪惡。以一個迅捷動作，聖騎士選定在她視覺中的一個目標成為制裁的對象。若制裁的目標為邪惡陣營，聖騎士對此目標進行的攻擊檢定加上她的魅力加值（若為加值），並且對目標的所有傷害檢定增加等同於她聖騎士等級的數值。若目標為擁有邪惡子類別的異界生物，邪惡陣營的龍或者不死生物，第一次成功命中的傷害加值會增加為每聖騎士等級2點。無論受制裁目標為何，聖騎士對其的攻擊均自動克服所有傷害減免。此外，只要【制裁邪惡】依舊生效，聖騎士在遭受被制裁生物的攻擊時，防禦等級獲得等同於她魅力加值（若為加值）的偏斜加值。若聖騎士選定一個並非邪惡的對象作為目標，則制裁無效，但仍然消耗使用次數。制裁邪惡的效果會持續到目標死亡，或者聖騎士下一次休息並恢復此能力的使用次數時。在第4級以及之後的每3個等級，聖騎士每天可以多使用1次制裁邪惡，在19級時達到最多每天7次。	
CATEGORY=Special Ability|Paladin ~ Divine Grace.MOD	OUTPUTNAME:神恩（Divine Grace）	DESC:.CLEAR	DESC:2級起，聖騎士所有豁免檢定上都可以獲得一項加值，該加值等同於她的魅力加值（如果是加值）。	
CATEGORY=Special Ability|Paladin ~ Lay On Hands.MOD	OUTPUTNAME:聖療（Lay On Hands）	DESC:.CLEAR	DESC:2級起，聖騎士可以通過接觸治療她自己或她人的傷口。此能力每日可以使用的次數等於「1/2聖騎士等級+魅力修正」。每次使用聖療可以治療「1/2聖騎士等級×1d6」點生命值。使用此能力一般來說是一個標準動作，但用來治療自己是一個迅捷動作。聖騎士需要有一隻手空閒才能使用此能力。聖騎士也可以使用【聖療】傷害不死生物，造成「1/2聖騎士等級×1d6」點傷害。如此使用聖療需要一個成功的近戰接觸檢定，但不會引發藉機攻擊。不死生物對此傷害無法進行豁免檢定。	
CATEGORY=Special Ability|Paladin ~ Aura of Courage.MOD	OUTPUTNAME:勇氣靈光（Aura of Courage）	DESC:.CLEAR	DESC:3級起，聖騎士對恐懼免疫（不論魔法或其他因素造成的）。在她周圍10尺內的夥伴對抗恐懼時豁免檢定有+4士氣加值。此能力在聖騎士神志清醒時發揮作用，但當她失去知覺或者死亡時將失去作用。	
CATEGORY=Special Ability|Paladin ~ Divine Health.MOD	OUTPUTNAME:神祐（Divine Health）	DESC:.CLEAR	DESC:3級時，聖騎士免疫所有疾病，包括超自然或者魔法疾病，以及腐屍病（mummy rot）。	
CATEGORY=Special Ability|Paladin ~ Mercy.MOD	OUTPUTNAME:恩惠（Mercy）	DESC:.CLEAR	DESC:在3級和之後每3個等級，聖騎士都可以選擇一項恩惠。每個恩惠都會為【聖療】帶來額外的好處。當聖騎士使用聖療治療一個目標時，目標同時受到此聖騎士所擁有全部【恩惠】的額外好處。詛咒、疾病或毒素造成的狀況可以被恩惠緩解，但若沒有移除詛咒、治癒疾病或中和毒素，狀況緩解的效果只能持續1小時。	
CATEGORY=Special Ability|Paladin ~ Channel Positive Energy.MOD	OUTPUTNAME:引導正能量（Channel Positive Energy）	DESC:.CLEAR	DESC:第4級起，聖騎士獲得【引導正能量】的超自然能力，如同牧師所擁有的同名能力。使用此能力會消耗兩發【聖療】次數。在引導正能量時，聖騎士使用她的等級作為有效牧師等級。本能力基於魅力。	
CATEGORY=Special Ability|Paladin ~ Divine Bond.MOD	OUTPUTNAME:神契（Divine Bond）	DESC:.CLEAR	DESC:5級起，聖騎士同她所信仰的神之間形成一道神聖的契約。這種契約可以是以下兩種形式之一。契約的形式在選定之後無法更改。第一種契約給予聖騎士呼喚一位天界靈魂，並用以強化她的武器的能力。呼喚靈魂是一個標準動作，效果持續每聖騎士等級1分鐘。響應契約的靈魂附著在武器上，讓武器如同火把一般發光。在第5級，靈魂給予武器+1加值。5級之後的每3級，獲得的加值都會+1，20級時達到最高+6。這些加值可以與武器原本的增強加值疊加，但最高不能超過+5；它們也可以被用來給武器增添以下附魔：秩序，光能，護身，瓦解，熾焰，焰爆，神聖，銳鋒，慈憫，追擊。增添附魔花費的加值與附魔本身的加值相同。增添的附魔與武器的原本附魔同時有效，但重複的並不疊加。在為非魔法武器增添任何附魔前必須先給予其至少+1的增強加值。獎勵的增強加值和附魔在每次呼喚靈魂時決定，且在下次呼喚之前無法更改。非聖騎士本人持有此武器不會獲得任何契約帶來的好處，但靈魂依舊存在於武器裡，且強化會在武器回到歸屬者手中後重新生效。雙頭武器只有一端會被強化。5級的聖騎士每天可以使用1次此能力。5級之後的每4級，聖騎士都會多獲得1次使用次數，17級時達到最多每日4次。一旦附著著靈魂的武器被破壞，在之後30天內、或者直到在聖騎士職業上提升了等級，她將無法使用此能力。在此30天期間內，聖騎士在攻擊和傷害檢定上都要受到-1減值。第二種契約給予聖騎士一匹具有非凡智力，強壯而且忠誠的坐騎來為對抗邪惡的正義事業服務。該坐騎通常是重型戰馬（中等體型的聖騎士）或者矮種戰馬（小體型的聖騎士），儘管更特殊的坐騎，如野豬，駱駝和犬也可以作為契約的對象。此坐騎類似於德魯伊的動物夥伴，並使用聖騎士的職業等級作為她的有效德魯伊等級。契約的坐騎擁有至少為6的智力值。聖騎士能以一個整輪動作通過魔法呼喚讓坐騎前來。該能力相當於一個法術環級為聖騎士等級1/3的法術。坐騎會立刻出現在聖騎士身邊。5級的聖騎士每天可以使用1次此能力。在5級之後的每4級，聖騎士都會多獲得一次使用次數，17級時達到最多每日4次。在第11級，坐騎獲得天界生物模版。坐騎的種類變為魔法獸，這可能對一些法術的效果造成影響。在第15級，聖騎士的坐騎獲得「聖騎士等級+11」的法術抗力。一旦聖騎士的坐騎死了，在之後30天內，或者直到她在聖騎士職業上提升了等級，聖騎士將無法召喚另外一匹坐騎。在此30天期間內，聖騎士在攻擊和傷害檢定上都要受到-1減值。	
CATEGORY=Special Ability|Paladin ~ Aura of Resolve.MOD	OUTPUTNAME:虔誠靈光（Aura of Resolve）	DESC:.CLEAR	DESC:8級起，聖騎士免疫〔魅惑〕法術和類法術能力。10尺以內的盟友在對抗〔魅惑〕效果的豁免上獲得+4士氣加值。此能力在聖騎士神志清醒時發揮作用，當她失去知覺或者死亡時將失去作用。	
CATEGORY=Special Ability|Paladin ~ Aura of Justice.MOD	OUTPUTNAME:審判靈光（Aura of Justice）	DESC:.CLEAR	DESC:11級起，聖騎士可以花費兩次制裁邪惡的使用次數，給予10尺以內的盟友1次【制裁邪惡】的能力，但使用她自身的魅力和職業等級決定獎勵加值。盟友必須在下回合行動開始時使用此能力，效果持續1分鐘。使用此能力是一個自由動作。邪惡盟友並不會受到此能力的好處。	
CATEGORY=Special Ability|Paladin ~ Aura of Faith.MOD	OUTPUTNAME:堅信靈光（Aura of Faith）	DESC:.CLEAR	DESC:14級起，在克服怪物的傷害減免時，聖騎士的所持有的武器，以及任何在她身邊10尺內盟友所做出的攻擊都被視為具有善良陣營。此能力在聖騎士神志清醒時發揮作用，當她失去知覺或者死亡時將失去作用。	
CATEGORY=Special Ability|Paladin ~ Aura of Righteousness.MOD	OUTPUTNAME:公正靈光（Aura of Righteousness）	DESC:.CLEAR	DESC:17級起，聖騎士獲得傷害減免「5/邪惡」，且免疫〔脅迫〕法術和類法術能力。10尺以內的盟友在對抗〔脅迫〕效果的豁免上獲得+4士氣加值。此能力在聖騎士神志清醒時發揮作用，當她失去知覺或者死亡時將失去作用。	
CATEGORY=Special Ability|Paladin ~ Holy Champion.MOD	OUTPUTNAME:神聖代行者（Holy Champion）	DESC:.CLEAR	DESC:20級時，聖騎士成為了她所信仰的神與主物質界連同的紐帶。她的傷害減免提升到「10/邪惡」。當她使用【制裁邪惡】並在隨後成功擊中一名邪惡異界生物時，此生物同時受到『放逐術（Banishment）』的效果，施法者等級等於她的聖騎士等級（她的武器和聖徽自動被看作目標所仇恨的物件）。在放逐效果和攻擊傷害計算完畢後，當次【制裁邪惡】立刻結束。此外，當她引導正能量或使用聖療的時候，治療的點數取最大值。	
CATEGORY=Special Ability|Mercy ~ Fatigued.MOD	OUTPUTNAME:移除疲乏（Fatigued）	DESC:.CLEAR	DESC:目標不再疲乏。	
CATEGORY=Special Ability|Mercy ~ Shaken.MOD	OUTPUTNAME:移除戰慄（Shaken）	DESC:.CLEAR	DESC:目標不再戰慄。	
CATEGORY=Special Ability|Mercy ~ Sickened.MOD	OUTPUTNAME:移除噁心（Sickened）	DESC:.CLEAR	DESC:目標不再噁心。	
CATEGORY=Special Ability|Mercy ~ Dazed.MOD	OUTPUTNAME:移除暈眩（Dazed）	DESC:.CLEAR	DESC:目標不再暈眩。	
CATEGORY=Special Ability|Mercy ~ Diseased.MOD	OUTPUTNAME:移除疾病（Diseased）	DESC:.CLEAR	DESC:聖騎士的聖療還起到等同於『移除疾病』法術的效果，施法等級等於聖騎士的職業等級。	
CATEGORY=Special Ability|Mercy ~ Staggered.MOD	OUTPUTNAME:移除恍惚（Staggered）	DESC:.CLEAR	DESC:目標不再恍惚，除非目標的生命值剛好是0。	
CATEGORY=Special Ability|Mercy ~ Cursed.MOD	OUTPUTNAME:移除詛咒（Cursed）	DESC:.CLEAR	DESC:聖騎士的聖療還起到等同於『移除詛咒』法術的效果，施法等級等於聖騎士的職業等級。	
CATEGORY=Special Ability|Mercy ~ Exhausted.MOD	OUTPUTNAME:移除力竭（Exhausted）	DESC:.CLEAR	DESC:目標不再力竭。在選擇這項能力前，聖騎士必須擁有『移除疲乏』的恩惠。	
CATEGORY=Special Ability|Mercy ~ Frightened.MOD	OUTPUTNAME:移除驚懼（Frightened）	DESC:.CLEAR	DESC:目標不再驚懼。在選擇這項能力前，聖騎士必須擁有『移除戰慄』的恩惠。	
CATEGORY=Special Ability|Mercy ~ Nauseated.MOD	OUTPUTNAME:移除反胃（Nauseated）	DESC:.CLEAR	DESC:目標不再反胃。在選擇這項能力前，聖騎士必須擁有『移除噁心』的恩惠。	
CATEGORY=Special Ability|Mercy ~ Poisoned.MOD	OUTPUTNAME:移除毒素（Poisoned）	DESC:.CLEAR	DESC:聖騎士的聖療還起到等同於『中和毒素』法術的效果，施法等級等於聖騎士的職業等級。	
CATEGORY=Special Ability|Mercy ~ Blinded.MOD	OUTPUTNAME:移除目盲（Blinded）	DESC:.CLEAR	DESC:目標不再目盲。	
CATEGORY=Special Ability|Mercy ~ Deafened.MOD	OUTPUTNAME:移除耳聾（Deafened）	DESC:.CLEAR	DESC:目標不再耳聾。	
CATEGORY=Special Ability|Mercy ~ Paralyzed.MOD	OUTPUTNAME:移除麻痺（Paralyzed）	DESC:.CLEAR	DESC:目標不再麻痺。	
CATEGORY=Special Ability|Mercy ~ Stunned.MOD	OUTPUTNAME:移除震懾（Stunned）	DESC:.CLEAR	DESC:目標不再被震懾。	
CATEGORY=Special Ability|Divine Defender ~ Shared Defense.MOD	OUTPUTNAME:協同防禦（Shared Defense）	DESC:.CLEAR	DESC:3級起，神聖防衛者可以用一個標準動作使用一次她的聖療能力，讓所有與她鄰接的盟友（包括聖騎士）獲得獎勵。3級時，所有鄰接的盟友在AC，CMD和豁免檢定上獲得+1神聖加值，且此加值會在9級和15級時再提升1。此獎勵持續的輪數等同於神聖防衛者的魅力修正值。6級時，使用此能力會將這些加值賦予聖騎士10尺以內的所有盟友，且範圍內所有生命值低於0點的盟友會自動穩定。12級時，此能力的範圍提升至聖騎士周圍15尺，並且範圍內的盟友免疫流血傷害。18級時，此能力的範圍提升至聖騎士周圍20尺，並且範圍內的盟友有25%%的幾率避免任何受到的重擊或偷襲。免疫重擊或偷襲的效果並不會與鎧甲提供的任何一種護命能力疊加。此能力的效果向下疊加（即高等級時同樣可以獲得低等級時的獎勵效果）。盟友只會在停留在上文所述的範圍內時獲得這些獎勵。此能力取代恩惠。	
CATEGORY=Special Ability|Divine Defender ~ Divine Bond.MOD	OUTPUTNAME:神契（Divine Bond）	DESC:.CLEAR	DESC:5級時，在和武器或坐騎建立契約之外，神聖防衛者還可以選擇同她的盔甲建立契約。以一個標準動作，神聖防衛者可以呼喚與她契約的天界靈魂，以此強化她的護甲。此契約會持續1分鐘/每聖騎士等級。每當被呼喚，此靈魂會讓盔甲如同火把一樣發光。在5級時，靈魂會賦予鎧甲+1的增強加值。在5級之後的每3級，此加值都會額外加1，並在20級時到達最高+6。這些加值與盔甲原本的護甲加值相加，但這樣的用法最多只能讓增強加值提高到+3。此外，這些加值還可以被用來給盔甲附加以下能力：勇士，幽冥，次級/中級/高級護命，堅韌，法術抗力（11，13，15，17或19）。添加這些特殊能力會消耗等同於此特性本身需要花費的加值。此外，神契獲得的加值還可以用來換取以下盔甲的特殊能力：能量抗性（+3加值），高等能量抗性（+5加值），正義（+4加值）。這些獎勵和盔甲原本的獎勵共同生效，但相同的特殊能力不會因此而疊加。若被強化的盔甲原本不具備魔法屬性，則在選擇其他能力前，必須給予其至少+1的增強加值。附加到盔甲上的能力在靈魂被呼喚時決定，並在下一次呼喚靈魂前無法改變。若受到強化的盔甲被其他人所穿戴，則所有強化會失去效果；這些效果會在神聖守護者再次穿上此盔甲時恢復生效。此能力在神聖守護者5級時可以每天使用一次，並在5級之後的每4級都會增加一次每日使用次數，在17級時達到每日4次。若附著著天界靈魂的盔甲被摧毀，則神聖防衛者在30天內，或者直到她升級為止都無法使用此能力，以兩者間較短的為準。此30天內神聖防衛者在攻擊檢定和傷害投骰上各受到-1罰值。	
CATEGORY=Special Ability|Hospitaler ~ Smite Evil.MOD	OUTPUTNAME:制裁邪惡（Smite Evil）	DESC:.CLEAR	DESC:如同核心聖騎士的此能力，但與核心聖騎士每3級獲得一次額外次數不同，醫護騎士在7級時，以及之後每6級時才會獲得一次額外的每日使用次數。	
CATEGORY=Special Ability|Hospitaler ~ Channel Positive Energy.MOD	OUTPUTNAME:正能量引導（Channel Positive Energy）	DESC:.CLEAR	DESC:4級起，醫護騎士獲得正能量引導的超自然能力，如同牧師所擁有的同名能力。她每天可以使用此能力的次數為「3+魅力修正值」，和其他聖騎士不同，醫護騎士的此能力並不需要消耗聖療次數。在引導正能量時，醫護騎士的有效牧師等級為「聖騎士等級-3」。此能力取代聖騎士原本的正能量引導。	
CATEGORY=Special Ability|Hospitaler ~ Aura of Healing.MOD	OUTPUTNAME:治療靈光（Aura of Healing）	DESC:.CLEAR	DESC:11級時，醫護騎士可以消耗一次正能量引導的使用次數，散發出一個30尺半徑範圍的治療靈光，持續時間等同於她的聖騎士等級。所有在靈光範圍內的盟友（包括醫護騎士自身）免疫流血傷害並且在生命值低於0時自動穩定。此外，在靈光內停留至少一整輪的盟友（包括聖騎士自己）會治療等同於她自身HD總數的傷害，並可以獲得一次新的豁免機會以擺脫身上的負面狀態（如詛咒，疾病或毒素）。此豁免只在成功時有效，而在失敗時並不會給予持有者更多的懲罰（譯者註：如疾病的屬性傷害等）。在一天內，一名盟友只能被此靈光治療一次，也只能從中獲得一次額外的豁免機會，哪怕他多次處於此靈光之中。此能力取代審判靈光。	
CATEGORY=Special Ability|Sacred Servant ~ Smite Evil.MOD	OUTPUTNAME:制裁邪惡（Smite Evil）	DESC:.CLEAR	DESC:如同核心聖騎士的此能力，但與核心聖騎士每3級獲得一次額外次數不同，神聖使徒在7級時，以及之後每6級時才會獲得一次額外的每日使用次數。	
CATEGORY=Special Ability|Sacred Servant ~ Divine Bond.MOD	OUTPUTNAME:神契（Divine Bond）	DESC:.CLEAR	DESC:5級時，在和武器或坐騎建立契約之外，神聖防衛者可以選擇同她的聖徽建立契約。以一個標準動作，神聖使徒可以讓一個天界靈魂與她的聖徽聯結，持續時間為每聖騎士等級1分鐘。每當被呼喚，此靈魂會讓神聖使徒的聖徽如同火把一樣發光。在5級和之後的每3個等級，此靈魂都會給予一項獎勵。這些獎勵次數可以被用來提升聖騎士引導正能量或者施展法術的能力：具體來說，每一項獎勵都可以被用來給予以下強化：聖騎士任何法術的施法者等級+1；在使用正能量引導傷害不死生物時，用來減半傷害的豁免DC+1；引導正能量的威力增加1D6點；每日的聖療次數增加1次——這些強化可以被重複選擇並且疊加計算。以上強化在靈魂被呼喚時決定，並在下一次呼喚之前無法更改。若神聖使徒用此方法增加她聖療的每日使用次數，則當日的使用次數在第一次改動時確定，並且不會恢復（即使再次呼喚靈魂也一樣）。非神聖使徒本人持有此聖徽不會獲得任何契約帶來的好處，但靈魂依舊存在於聖徽裡，且所有獎勵會在聖徽回到歸屬者手中後重新生效。5級的神聖使徒每天可以使用一次此能力。5級之後的每4級，神聖使徒都會多獲得一次使用次數，17級時達到最多每日四次。一旦附著著靈魂的聖徽被破壞，在之後三十天內，或者直到她獲得一個新的等級，她將無法使用此能力。在此三十天期間內，神聖使徒在攻擊和傷害檢定上都要受到-1減值。	
CATEGORY=Special Ability|Sacred Servant ~ Call Celestial Ally.MOD	OUTPUTNAME:呼喚天界盟友（Call Celestial Ally）	DESC:.CLEAR	DESC:8級起，神聖使徒可以向從她所信奉的神祇那裡呼喚一個強力的侍從來協助她。每週一次，此能力允許神聖使徒施放「次等異界盟友（lesser planar ally）」的類法術能力，且不需要花費材料或支付侍從報酬（若她要求的任務合理）。12級時，此能力提升為如同「異界盟友（planar ally）」的效果，並在16級時如同「高等異界盟友（gerater planar ally）」。施展這個能力時，神聖使徒的施法者等級等於她的聖騎士等級。此能力取代虔誠靈光。	
CATEGORY=Special Ability|Shining Knight ~ Skilled Rider.MOD	OUTPUTNAME:精英騎手（Skilled Rider）	DESC:.CLEAR	DESC:3級起，光耀騎士在進行騎術檢定時不會因她的盔甲承受任何罰值。此外，任何在她騎乘下的坐騎獲得神恩的職業能力，可以將她的魅力修正值（若為正）加到坐騎的所有豁免檢定上。此能力取代神祐。	
CATEGORY=Special Ability|Shining Knight ~ Divine Bond.MOD	OUTPUTNAME:神契（Divine Bond）	DESC:.CLEAR	DESC:在5級時，光耀騎士必須與一匹坐騎結下契約。除此之外，此能力如同聖騎士的同名能力。	
CATEGORY=Special Ability|Shining Knight ~ Knight's Charge.MOD	OUTPUTNAME:騎兵衝鋒（Knight's Charge）	DESC:.CLEAR	DESC:11級起，當光耀騎士騎乘坐騎並向敵人發動衝鋒時，她和她的坐騎都不會因移動而觸發藉機攻擊。此外，若被衝鋒的目標同樣是她制裁邪惡所選定的目標，並且衝鋒命中，則目標必須通過一個意志豁免，否則會在等同於1/2光耀騎士等級的輪數內陷入恐慌狀態。意志豁免的DC為「10+1/2光耀騎士等級+魅力修正值」。此能力取代審判靈光。	
CATEGORY=Special Ability|Undead Scourge ~ Smite Evil.MOD	OUTPUTNAME:制裁邪惡（Smite Evil）	DESC:.CLEAR	DESC:如同核心聖騎士的此能力，但亡靈制裁者並不會在第一次成功命中邪惡陣營的龍或異界生物時獲得每聖騎士等級2點的傷害加值。她制裁邪惡不死生物時，所有攻擊均獲得每聖騎士等級2點傷害加值。	
CATEGORY=Special Ability|Undead Scourge ~ Aura of Life.MOD	OUTPUTNAME:生命靈光（Aura of Life）	DESC:.CLEAR	DESC:8級起，亡靈制裁者的周圍10尺內會籠罩在一層能夠削弱亡靈生物的靈光之下。所有處於靈光中的亡靈會在抵抗正能量的意志豁免中受到-4罰值。此外，在此靈光中的亡靈將無法通過引導負能量回復生命值。此能力取代虔誠靈光。	
CATEGORY=Special Ability|Undead Scourge ~ Undead Annihilation.MOD	OUTPUTNAME:摧毀亡靈（Undead Annihilation）	DESC:.CLEAR	DESC:11級起，亡靈制裁者可以消耗一次制裁邪惡的使用次數，以一個標準動作向一名亡靈生物進行一次近戰攻擊。若攻擊命中，目標亡靈必須通過一個意志檢定，否則會被直接摧毀。意志豁免的DC為「10+1/2亡靈制裁者等級+魅力修正值」。生命骰總數等於或大於亡靈制裁者兩倍的亡靈生物對此能力免疫。若近戰攻擊未能命中，制裁邪惡同樣會被消耗。此能力取代審判靈光。	
CATEGORY=Special Ability|Warrior of the Holy Light ~ Power of Faith.MOD	OUTPUTNAME:信仰之力（Power of Faith）	DESC:.CLEAR	DESC:4級起，聖光鬥士能夠使用信仰的力量來強化自身的防禦或幫助她的盟友。此能力取代聖騎士的法術能力。聖光鬥士不會獲得法術和施法能力，沒有施法者等級，且不能使用觸發型或法術完成型的魔法物品（譯者註：魔杖屬於觸發型法術道具，而卷軸則屬於完成型）。4級時，聖光鬥士獲得一次額外的聖療每日使用次數。在4級後的每4級，她會再額外獲得一次聖療每日使用次數。她可以用一個標準動作，使用一發聖療能力呼喚她的信仰之力。此時，聖光鬥士會散發出一道光環（如同「光亮術」），照亮以她為中心的30尺半徑區域。所有在此區域內的盟友（包括聖光鬥士自身）都會在AC，攻擊檢定，傷害投骰和對抗恐懼的豁免檢定上獲得+1士氣加值。只要他們仍舊沐浴在光環下，效果就會一直保持。此能力持續一分鐘。8級時，這道光環會治療聖騎士和她的盟友，回復1D4點屬性傷害，如同次級復原術。一名生物在一天內只能接受一次來自此方式的治療。12級時，光環在影響對光亮敏感的生物時被看作「晝明術」。此外，光環會給予在範圍內的聖光鬥士和她的盟友10點任意能量抗力，抗力針對的種類在聖光鬥士激活此能力時選定。16級時，光環給予聖光鬥士和她的盟友防護重擊的能力。處於光環範圍內的聖光鬥士和她的盟友有25%%的幾率將針對她們的重擊看作普通攻擊。這一效果並不和類似的效果疊加（例如「次級護命」）。20級時，光環的範圍增加到60英尺半徑。此外，所有的能力都會獲得強化。AC，攻擊檢定，傷害投骰和對抗恐懼的豁免檢定上的士氣加值提升為+2。對屬性傷害的回復提升為2D4點。獲得的針對任意一種能量的抗力提升為20點。最後，抵抗重擊的幾率提升為50%%。	
CATEGORY=Special Ability|Warrior of the Holy Light ~ Shining Light.MOD	OUTPUTNAME:神聖光輝（Shining Light）	DESC:.CLEAR	DESC:14級時，聖光鬥士能夠以一個標準動作，在30尺半徑爆發範圍內釋放出一道純淨的白光。在爆發範圍內的邪惡生物會受到每2聖騎士等級1D6點的傷害，並且會目盲1輪。邪惡龍類，邪惡異界生物和邪惡的亡靈若豁免失敗，則會目盲1D4輪。一個成功的反射豁免可以減半傷害並令目盲無效，此豁免的DC為「10+1/2聖光鬥士等級+魅力修正值」。在爆發範圍內的善良生物會受到每2聖騎士等級1D6點的治療，並在一輪內的屬性檢定，攻擊檢定，豁免檢定和技能檢定上獲得+2神聖加值。聖光戰士在14級時每天可以使用此能力1次，在17級和20級時會多獲得一次每日使用次數。此能力取代堅信靈光。	
CATEGORY=Special Ability|Redeemer ~ Merciful Smite.MOD	OUTPUTNAME:悲憫制裁（Merciful Smite）	DESC:.CLEAR	DESC:1級時，當救贖者選擇制裁一名生物，她可以使她針對該生物的所有攻擊造成非致命傷害。她不必承受通常用致命武器造成非致命傷害的-4罰值。她不能使用該能力對具有邪惡亞種的異界生物、邪惡陣營的龍類或亡靈生物造成非致命傷害（這些生物因她的制裁能力受到致命傷害）。這一能力在其它方面同標準聖騎士的制裁邪惡般運作，並替換之。	
CATEGORY=Special Ability|Redeemer ~ Monstrous Rapport.MOD	OUTPUTNAME:怪物親和（Monstrous Rapport）	DESC:.CLEAR	DESC:1級時，救贖者在影響通常被認為是怪物的生物時交涉檢定+2。這包括但不限於地精、獸人、人形怪物或其他有智慧的「怪物」種族。這一能力取代偵測邪惡。	
CATEGORY=Special Ability|Redeemer ~ Pact of Peace.MOD	OUTPUTNAME:和平契約（Pact of Peace）	DESC:.CLEAR	DESC:8級時，救贖者可以強制被擊敗的生物接受一條和平契約作為其投降的條件，如同使用『次等指使術（Lesser Geas）』法術。她使用該能力的施法者等級等同於聖騎士等級。不同於為一項任務簽訂的契約，救贖者只賦予該生物一系列禁令，以便保護他們。舉例來說，契約可以包含「離開這座城市且不要再回來」或「不許攻擊商隊」。禁令必須針對一處不大於300平方英里的土地，或是一個特別的人群（比如一個部族，或是某一城市的居民）。這一能力持續每聖騎士等級一個月。這一能力取代虔誠靈光。	
CATEGORY=Special Ability|Redeemer ~ Aura of Mercy.MOD	OUTPUTNAME:悲憫靈光（Aura of Mercy）	DESC:.CLEAR	DESC:11級時，救贖者可以花費2次【悲憫制裁】次數，以使其周圍10尺內的盟友獲得【悲憫制裁】的效果，使用聖騎士的數據。盟友須在聖騎士的下輪開始前使用【悲憫制裁】能力，這些加值持續1分鐘。使用這一能力是一個自由動作。邪惡生物不會因此能力獲益。這一能力取代審判靈光。	
CATEGORY=Special Ability|Redeemer ~ Associates.MOD	OUTPUTNAME:夥伴關係（Associates）	DESC:.CLEAR	DESC:救贖者可以與邪惡生物結盟，只要她認為該生物尚有被救贖的希望。救贖者可以接受並非守序善良的部屬、隨從和追隨者，只要他們表現出追隨她的意願，且尋求在她的領導下獲得進步。	
CATEGORY=Special Ability|Stonelord ~ Stonestrike.MOD	OUTPUTNAME:石之擊（Stonestrike）	DESC:.CLEAR	DESC:每日聖騎士等級次，一名石之領主可以吸收岩石的力量。以一個迅捷動作，他將自己的近戰攻擊（無論是徒手還是武裝）視為魔法和精金，直到其下一輪開始。他可無視最高相當於其聖騎士等級兩倍的硬度，並且攻擊、傷害和戰技檢定+1。如果他或他的目標接觸地面、或處於石製建築物中，這一加值還會作用於他的CMD上。這些加值在5級和之後的每5級+1。這一能力取代制裁邪惡。	
CATEGORY=Special Ability|Stonelord ~ Heartstone.MOD	OUTPUTNAME:石之心（Heartstone）	DESC:.CLEAR	DESC:2級時，石之領主的肉體愈發變得像岩石般堅硬。他的AC獲得+1天生防禦加值，並獲得相當於其聖騎士等級一半的「DR/精金」。天生防禦加值在6級再+1，並在之後的每4級再+1，直到18級達到+5。這些收益在其不接觸地面、且不處於石製建築物中時減半。這一能力取代神恩。	
CATEGORY=Special Ability|Stonelord ~ Defensive Stance.MOD	OUTPUTNAME:防禦姿態（Defensive Stance）	DESC:.CLEAR	DESC:4級時，石之領主獲得【防禦姿態】能力，如同進階職業堅定防衛者（Stalwart Defender, APG）的同名能力，且他可以在8級和之後的每4級選擇一項【防禦之力】。在計算每日防禦姿態輪數時，將聖騎士等級和堅定防衛者等級疊加計算。石之領主不獲得任何法術或施法能力，不具有施法者等級，也不能使用法術觸發型或法術完成型魔法物品。	
CATEGORY=Special Ability|Stonelord ~ Earth Channel.MOD	OUTPUTNAME:大地引導（Earth Channel）	DESC:.CLEAR	DESC:4級時，石之領主獲得「元素導能（土）」作為獎勵專長，並可花費2次聖療來使用該能力，將其聖騎士等級作為有效牧師等級。這一能力取代引導正能量。	
CATEGORY=Special Ability|Stonelord ~ Stone Servant.MOD	OUTPUTNAME:石之僕（Stone Servant）	DESC:.CLEAR	DESC:5級時，石之領主可以將一名小型土元素召喚至其身邊，如同聖騎士召喚坐騎。該土元素的陣營為守序善良並具有天界模板，體型會隨石之領主的等級提升而增大，在8級時變為中型土元素，11級時變為大型土元素，14級時變為超大型土元素，17級時變為菁英土元素，20級時變為土元素長老。這一能力取代神契。	
CATEGORY=Special Ability|Stonelord ~ Stonebane.MOD	OUTPUTNAME:石之破敵（Stonebane）	DESC:.CLEAR	DESC:11級時，當使用【石之擊】時，石之領主的攻擊獲得〈破敵〉武器特性，但僅對具有土系亞種的生物以及由土或岩石製造的構裝體或物體有效。這一能力取代審判靈光。	
CATEGORY=Special Ability|Stonelord ~ Phase Strike.MOD	OUTPUTNAME:相位打擊（Phase Strike）	DESC:.CLEAR	DESC:12級時，石之領主的【石之擊】可以穿過岩石和金屬，如同它們並不存在一般。通過消耗2次石之擊次數，他可以忽略任何低於全掩蔽的、由岩石或金屬提供的掩蔽，且可以忽略任何由石製或金屬製盔甲和盾牌提供的AC加值，如同持用光能武器一般。【相位打擊】不能傷害構裝體、物品或具有土系亞種的生物，但是不同於光能武器，它可以傷害不死生物。這一能力取代12級時獲得的恩惠。	
CATEGORY=Special Ability|Stonelord ~ Mobile Defense.MOD	OUTPUTNAME:移動防禦（Mobile Defense）	DESC:.CLEAR	DESC:18級時，石之領主可以在維持【防禦姿態】的同時，每輪進行一次五尺快步。這一能力取代18級時獲得的恩惠。	
CATEGORY=Special Ability|Stonelord ~ Stone Body.MOD	OUTPUTNAME:石之軀（Stone Body）	DESC:.CLEAR	DESC:20級時，石之領主的身軀轉變成了活生生的岩石。他不再需要進食、飲水、呼吸或睡眠，且他免疫麻痺、毒素和震懾。他也不再會受到重擊或精準傷害。這一能力取代神聖代行者。	
CATEGORY=Special Ability|Tranquil Guardian ~ Touch of Serenity.MOD	OUTPUTNAME:寧靜之觸（Touch of Serenity）	DESC:.CLEAR	DESC:1級時，寧靜衛士獲得「點血截脈」作為獎勵專長，即使未滿足先決條件。在6級和之後的每6級，她所使用該專長的持續時間都增加1輪。目標在其每輪都可以進行一次意志豁免來結束這個效果。多個「寧靜之觸」的效果不會疊加，只有剩餘持續時間最長的那個生效。這一能力取代制裁邪惡。	
CATEGORY=Special Ability|Tranquil Guardian ~ Serene Strike.MOD	OUTPUTNAME:寧靜之擊（Serene Strike）	DESC:.CLEAR	DESC:3級時，當一名寧靜衛士確認了一次重擊時，她可以將所有傷害轉換為非致命傷害，若她如此做，便可以通過武器或徒手打擊啟動【寧靜之觸】。如此使用【寧靜之觸】是一個自由動作。這一能力取代勇氣靈光。	
CATEGORY=Special Ability|Tranquil Guardian ~ Divine Bond.MOD	OUTPUTNAME:神契（Divine Bond）	DESC:.CLEAR	DESC:一名選擇與武器立下神契的寧靜衛士只能增加其武器的增強加值，或將以下武器特性添加至其武器上：〈傳導〉，〈護體〉，〈瓦解〉，〈灰焰〉或〈悲憫〉。	
CATEGORY=Special Ability|Tranquil Guardian ~ Aura of Calm.MOD	OUTPUTNAME:安定靈光（Aura of Calm）	DESC:.CLEAR	DESC:8級時，寧靜衛士免疫所有具有〔情緒〕描述符的法術和類法術能力，包括所有恐懼效果。在她10尺內的每個隊友都在對抗上述效果的豁免中獲得+4加值。這一能力僅當寧靜衛士神志清醒時發揮作用，但當她失去知覺或死亡時失去效果。這一能力取代虔誠靈光。	
CATEGORY=Special Ability|Tranquil Guardian ~ Waves of Peace.MOD	OUTPUTNAME:寧靜之潮（Waves of Peace）	DESC:.CLEAR	DESC:11級時，寧靜守衛可以花費2次【寧靜之觸】能力以同時影響在她周圍5尺內的所有敵人。她不需要接觸生物便可使此能力生效。這一能力取代審判靈光。	
CATEGORY=Special Ability|Tranquil Guardian ~ Apostle of Peace.MOD	OUTPUTNAME:寧靜使者（Apostle of Peace）	DESC:.CLEAR	DESC:20級時，寧靜衛士的傷害減免增加至「10/邪惡」，當她引導正能量或使用聖療時，可直接取最大效果。此外，任何被其【寧靜之觸】擊中的生物，即便豁免成功，也必須在它下次試圖攻擊時進行一次額外的意志豁免（DC為「10+1/2寧靜衛士等級+魅力修正」）。若它在豁免中失敗，該次攻擊（包括法術或特殊能力）自動失敗。這一能力取代神聖代行者。	
CATEGORY=Special Ability|Oath against Corruption ~ Aura of Purity.MOD	OUTPUTNAME:純淨靈光（Aura of Purity）	DESC:.CLEAR	DESC:在3級時，當你對抗來自異怪生物的法術和效果，你在豁免上獲得+4神聖加值。10尺內的盟友在這些豁免上獲得+1神聖加值。這項能力只在聖騎士神志清醒時發揮作用，當他失去知覺或者死亡時將失去作用。這一能力取代勇氣靈光。	
CATEGORY=Special Ability|Oath against Corruption ~ Cleansing Flame.MOD	OUTPUTNAME:淨化之焰（Cleansing Flame）	DESC:.CLEAR	DESC:在11級時，通過花費2次制裁邪惡能力，你可以用一束純淨的藍色火焰點燃你的武器，該效果持續一分鐘。這束火焰如同火把一樣發光。處於該火焰20尺內的異怪生物在針對你和你的隊友的攻擊擲骰上承受-4罰值；處於該火焰20尺內的盟友在對抗來自異怪生物的法術和效果時，在豁免上獲得+2神聖加值。這一能力取代審判靈光。	
CATEGORY=Special Ability|Oath against Corruption ~ Cast into the Void.MOD	OUTPUTNAME:歸於虛空（Cast into the Void）	DESC:.CLEAR	DESC:在20級時，聖騎士成為了她所侍奉神祇的力量的紐帶。她的傷害減免提升至「10/邪惡」。當她使用制裁邪惡能力並成功命中一名異怪時，該生物必須進行一次DC為「10+1/2聖騎士等級+魅力修正值」的意志豁免，失敗則被放逐至遺忘之地（oblivion）。這個能力不會殺死該生物，而是將它傳送至一個遙遠的地方，比如極深的地下，或是外空間深處（若該生物來自於外空間）。在100年之內，它都不能僅憑自己的力量返回。此外，當她引導正能量或使用聖療的時候，治療的點數取最大值。這一能力取代神聖代行者。	
CATEGORY=Special Ability|Oath against Fiends ~ Anchoring Aura.MOD	OUTPUTNAME:錨定靈光（Anchoring Aura）	DESC:.CLEAR	DESC:8級時，聖騎士的靈光將能妨礙邪惡異界生物的跨位面旅行。這一靈光以聖騎士為中心擴展20尺。嘗試使用「任意門」，「異界傳送」或「傳送術」離開或進入靈光區域的異界生物，必須成功通過一個DC為「10+1/2聖騎士等級+魅力修正」的意志豁免；若失敗則其能力無效，如同異界生物受到了「次元錨」法術的影響。這一靈光僅當聖騎士有意識時有效，在其失去意識或死亡時失效。此外，聖騎士能以一個直覺動作，花費一次制裁邪惡能力選定一名30尺內的邪惡異界生物，令其受到「次元錨」法術的影響。即便聖騎士失去意識或死亡，這個次元錨效果仍將持續生效。這一能力取代虔誠靈光。	
CATEGORY=Special Ability|Oath against Fiends ~ Holy Vessel.MOD	OUTPUTNAME:聖僕（Holy Vessel）	DESC:.CLEAR	DESC:在9級時，一名與武器立下神契的聖騎士將也可以使用她的「神契」來增強其盔甲或盾牌上的增強加值，或為其增加以下列出的任何盔甲或盾牌特性：猛擊，護命，抗法。增加這些特性將需求等同於特性要求的加值。她可以任意將神契的加值分攤給她的武器，護甲和盾牌。這一能力對與坐騎立下神契的聖騎士沒有效果。這一能力取代9級獲得的恩惠。	
CATEGORY=Special Ability|Oath against Savagery ~ Holy Reach.MOD	OUTPUTNAME:天網恢恢（Holy Reach）	DESC:.CLEAR	DESC:在2級時，一名誓縛聖騎士可以花費一次制裁邪惡次數以將其天生觸及增加5尺，持續一分鐘。該增加不與突刺專長疊加。這一能力取代神恩。	
CATEGORY=Special Ability|Oath against Savagery ~ Hordebreaker.MOD	OUTPUTNAME:一夫當關（Hordebreaker）	DESC:.CLEAR	DESC:在11級時，當一名誓縛聖騎士以藉機攻擊擊中一名邪惡人形生物，她造成額外1D6傷害。當啟動天網恢恢時，他每輪可以進行次數相當於魅力修正值的額外藉機攻擊。額外的藉機攻擊次數與其他來源，如戰鬥反射專長疊加。這一能力取代審判靈光。	
CATEGORY=Special Ability|Oath against Undeath ~ Detect Undead.MOD	OUTPUTNAME:偵測亡靈（Detect Undead）	DESC:.CLEAR	DESC:這一能力如同普通聖騎士的偵測邪惡能力，只是它偵測亡靈而非邪惡。這一能力取代偵測邪惡。	
CATEGORY=Special Ability|Oath against Undeath ~ Ghost Touch Aura.MOD	OUTPUTNAME:幽冥靈光（Ghost Touch Aura）	DESC:.CLEAR	DESC:在3級時，聖騎士的護甲被視為如同擁有了幽冥護甲特性。這不會增加護甲的價格或影響任何護甲的其它能力。在9級時，這一能力同時也會作用於聖騎士的盾牌。這一能力取代聖騎士3級和9級的恩惠。	
CATEGORY=Special Ability|Oath against Undeath ~ Aura of Life.MOD	OUTPUTNAME:生命靈光（Aura of Life）	DESC:.CLEAR	DESC:在8級時，聖騎士在對抗造成負向等級的攻擊和忽略負向等級的豁免上獲得+4士氣加值。所有在她10尺內的友軍都會在這些豁免上獲得+2士氣加值。該能力只有在聖騎士有意識時才會有效運作，當她失去意識或死亡時會失去作用。這一能力取代虔誠靈光。	
CATEGORY=Special Ability|Oath against Undeath ~ Superior Channeler.MOD	OUTPUTNAME:高等引導（Superior Channeler）	DESC:.CLEAR	DESC:在11級時，聖騎士可以在引導正能量傷害亡靈時只花費1次聖療使用次數而非2次。這一能力取代審判靈光。	
CATEGORY=Special Ability|Oath against the Wyrm ~ Breath Evasion.MOD	OUTPUTNAME:龍息閃避（Breath Evasion）	DESC:.CLEAR	DESC:在4級時，一名立下該誓約的聖騎士獲得反射閃避，但是僅對龍類生物的吐息武器有效。這一能力取代引導正能量。	
CATEGORY=Special Ability|Oath against the Wyrm ~ Divine Bond.MOD	OUTPUTNAME:神契（Divine Bond）	DESC:.CLEAR	DESC:這一能力如同聖騎士正常的神契能力辦運作，除了以下所述。若聖騎士與武器立下契約，她不能使用該能力將光能，瓦解，慈憫武器特性附於武器上，但是她可以將破敵武器特性增加到列表中（僅能針對龍類）。若聖騎士與坐騎立下契約，她的坐騎獲得基於聖騎士靈光的免疫，但她的光環不再作用於友軍。這一能力取代普通的神契。	
CATEGORY=Special Ability|Oath against the Wyrm ~ Dragon-Slaying Strike.MOD	OUTPUTNAME:屠龍打擊（Dragon-Slaying Strike）	DESC:.CLEAR	DESC:在20級時，聖騎士成為了她所侍奉神祇的力量的紐帶。她的傷害減免提升至「10/邪惡」。當她使用制裁邪惡能力並成功命中一條龍時，這條龍還會成為一個單目標聖言術的作用對象，使用「聖騎士等級+10」作為施法者等級。在這次攻擊的負面效果和傷害結算後，制裁能力立刻結束。此外，當她使用聖療時，治療的點數取最大值。這一能力取代神聖代行者。	
CATEGORY=Special Ability|Oath of Charity ~ Charitable Hands.MOD	OUTPUTNAME:仁慈聖療（Charitable Hands）	DESC:.CLEAR	DESC:在2級時，一名立下該誓約的聖騎士對自身聖療造成的治療減少50%%，對他人聖療造成的治療增加50%%。使用聖療傷害亡靈造成正常傷害。這一能力在其他方面與聖療類似，並取代聖療。	
CATEGORY=Special Ability|Oath of Charity ~ Charitable Mercy.MOD	OUTPUTNAME:仁慈恩惠（Charitable Mercy）	DESC:.CLEAR	DESC:在5級時，一名立下該誓約的聖騎士在恩惠能力上較其他聖騎士更為靈活。在每天開始時，她可以重新根據可用恩惠列表選擇她的恩惠。這一能力取代神契。	
CATEGORY=Special Ability|Oath of Chastity ~ Pure of Mind.MOD	OUTPUTNAME:純淨心靈（Pure of Mind）	DESC:.CLEAR	DESC:在2級時，聖騎士在對抗魅惑和幻術的豁免上獲得+4神聖加值，並在意志豁免上獲得相當於其魅力修正值的加值。這一能力取代神恩。	
CATEGORY=Special Ability|Oath of Chastity ~ Pure of Body.MOD	OUTPUTNAME:純淨身軀（Pure of Body）	DESC:.CLEAR	DESC:當到達8級時，聖騎士有50%%的幾率將一次針對自己的重擊或偷襲轉化為普通攻擊，如同她穿著了中級護命盔甲一樣。這一能力取代虔誠靈光。	
CATEGORY=Special Ability|Oath of Loyalty ~ Loyal Oath.MOD	OUTPUTNAME:忠誠誓約（Loyal Oath）	DESC:.CLEAR	DESC:從1級起，每日一次以一個迅捷動作，一名誓縛聖騎士可以選擇一名視野內自願的生物作為其忠誠誓約的目標。當聖騎士與忠誠誓約的目標鄰接時，她可以在豁免和AC上賦予目標相當於聖騎士魅力加值的神聖加值。忠誠誓約持續1分鐘，或直到聖騎士解除它（一個自由動作）或釋放它（見下文），以較早發生的為準。若目標被一名敵人攻擊且聖騎士與該敵人鄰接，聖騎士可以以一個直覺動作對該敵人進行一次單次近戰攻擊；進行這次攻擊會結束神聖誓約。在4級和之後的每3級，聖騎士都可以每日額外使用一次忠誠誓約。這一能力取代制裁邪惡。	
CATEGORY=Special Ability|Oath of Loyalty ~ Loyal Guardian.MOD	OUTPUTNAME:忠誠守衛（Loyal Guardian）	DESC:.CLEAR	DESC:在8級時，每當聖騎士忠誠誓約的目標被一次近戰或遠程攻擊擊中，若聖騎士與目標鄰接，她可以花費一個直覺動作，讓這次攻擊自動擊中她而非原目標。這將會結束忠誠誓約。【譯註：此處未提替換何種職業特性，估計應取代虔誠靈光。】	
CATEGORY=Special Ability|Oath of Vengeance ~ Channel Wrath.MOD	OUTPUTNAME:引導憤怒（Channel Wrath）	DESC:.CLEAR	DESC:當一名誓縛聖騎士到達4級時，她可以花費2次聖療使用次數，從而在當天獲得一次額外的制裁邪惡使用次數。這項能力對沒有制裁邪惡能力的聖騎士無效。這一能力取代引導正能量。	
CATEGORY=Special Ability|Oath of Vengeance ~ Powerful Justice.MOD	OUTPUTNAME:正義之威（Powerful Justice）	DESC:.CLEAR	DESC:在11級時，一名誓縛聖騎士可以花費一次制裁邪惡能力次數，以使周圍10尺內的盟友獲得制裁邪惡能力；區別在於，這些盟友只獲得傷害加值，而不獲得制裁邪惡的攻擊加值或忽視傷害減免的能力。這一能力取代審判靈光。	
CATEGORY=Special Ability|Divine Hunter ~ Precise Shot.MOD	OUTPUTNAME:精準射擊（Precise Shot）	DESC:.CLEAR	DESC:神性獵手得到「精準射擊」專長，即便他不符合先決條件，此專長替代他對重甲的熟練。	
CATEGORY=Special Ability|Divine Hunter ~ Shared Precision.MOD	OUTPUTNAME:共享精確（Shared Precision）	DESC:.CLEAR	DESC:3級起，當神性獵手以遠程攻擊擊中一個目標時，10尺內的盟友對該目標的遠程攻擊都得到「精準射擊」專長的效果持續到他下次行動為止。要得到此效果，他的盟友必須距離他10尺以內，而且能看到且聽到神性獵者的聲音。此能力取代勇氣靈光。	
CATEGORY=Special Ability|Divine Hunter ~ Divine Bond.MOD	OUTPUTNAME:神契（Divine Bond）	DESC:.CLEAR	DESC:5級神性獵手和他的神祇建立神聖連結的時候，他必須選擇一個遠程或投擲武器，甚至可以是彈藥，除了基本的連結能力之外他還可以在武器上添加及遠、飛返和尋蹤，不過他無法添加護身或瓦解屬性。附加在投擲武器上的能力在被用於近戰時正常作用。此能力取代正常聖騎士的神契。	
CATEGORY=Special Ability|Divine Hunter ~ Distant Mercy.MOD	OUTPUTNAME:遠程恩惠（Distant Mercy）	DESC:.CLEAR	DESC:6級時，神性獵手可以花費兩次聖療以對距離他不超過每聖騎士等級5尺的盟友施展聖療。此能力對會被正能量傷害的生物無效，例如不死生物。此能力取代6級的恩惠。	
CATEGORY=Special Ability|Divine Hunter ~ Aura of Care.MOD	OUTPUTNAME:謹慎靈光（Aura of Care）	DESC:.CLEAR	DESC:8級時，神性獵手和距離他10尺內的盟友得到超乎尋常的警覺性，他們將不會對彼此發動的遠程攻擊造成軟掩蔽，除非他們刻意這樣做。無法移動或是因為其他原因無法動作的盟友仍然會造成掩蔽。要得到此效果他的盟友必須距離他10尺以內，而且能看到且聽到神性獵手的聲音。此能力取代虔誠靈光。	
CATEGORY=Special Ability|Divine Hunter ~ Hunter's Blessing.MOD	OUTPUTNAME:獵者祝福（Hunter's Blessing）	DESC:.CLEAR	DESC:11級時，神性獵手可以用迅捷動作消耗一次制裁邪惡，讓他和10尺內所有的盟友得到「致死射擊」、「精準射擊」和「精通精準射擊」專長，即便他們沒有滿足先決條件。此效果持續一分鐘的時間，邪惡的生物無法從此能力中獲益。此能力取代審判靈光。	
CATEGORY=Special Ability|Divine Hunter ~ Righteous Hunter.MOD	OUTPUTNAME:正義狩獵（Righteous Hunter）	DESC:.CLEAR	DESC:14級時，神性獵手和10尺內所有盟友的遠程武器在克服傷害減免時都被視為善良陣營。此能力只有在神性獵者保有意識的時候生效。此能力取代公正靈光。	
CATEGORY=Special Ability|Empyreal Knight ~ Voices of the Spheres.MOD	OUTPUTNAME:蒼穹之聲（Voices of the Spheres）	DESC:.CLEAR	DESC:2級時，天界騎士學會讀寫天界語。此能力取代神恩。	
CATEGORY=Special Ability|Empyreal Knight ~ Celestial Heart.MOD	OUTPUTNAME:天堂之心（Celestial Heart）	DESC:.CLEAR	DESC:當天界騎士能力日益精進，他和天堂的連結賜予他如同天使般的防護和能力：3級，他得到對抗酸、寒冷和電擊的5點能量抗性。6級，他對毒素的抵抗得到+4種族加值。9級，他對抗酸、寒冷和電擊的能量抗性提升到10點。12級，天界騎士將會對毒素免疫。15級，他能夠和任何會說語言的生物溝通，如同他使用了「巧言術」，此能力如同施法者等級等同天界騎士的施法者一般作用，而且永遠生效。18級，以一個自由動作，天界騎士可以產生一個可以對抗邪惡的光環，使他在AC上得到4點偏斜加值，同時針對邪惡生物的能力上在豁免得到+4加值，此光環影響距離他20尺內的所有盟友。除此之外，此能力運作方式同「反邪惡法陣」。他每日可以使用此能力的總輪數等同於聖騎士等級，這些時間不須連續。以上能力取代恩惠。	
CATEGORY=Special Ability|Empyreal Knight ~ Celestial Ally.MOD	OUTPUTNAME:天界盟友（Celestial Ally）	DESC:.CLEAR	DESC:4級時，天界騎士可以用一個整輪動作招喚來自天界的盟友，此能力運作如同「召喚怪物I」，不過他只能招換有天界模版的生物、亞空神族和天使。6級時，此能力上升到「召喚怪物II」，之後每兩級此能力能提供的「召喚怪物」等級就上升1環，直到20級達到「召喚怪物IX」。此能力每日可用次數等同於他的魅力修正值（最少1次）。天界盟友取代聖療和引導正能量。	
CATEGORY=Special Ability|Empyreal Knight ~ Divine Bond.MOD	OUTPUTNAME:神契（Divine Bond）	DESC:.CLEAR	DESC:5級時，在選擇神契時天界騎士只能選擇坐騎，他的坐騎會在8級得到天界模板。如果到12級坐騎還不會飛，他的坐騎會長出翅膀，得到兩倍於陸地移動速度的飛行速度，機動性則為良好；如果坐騎已經會飛，那麼他們的飛行速度和機動性至少會達到此水平。此能力取代正常聖騎士的神契。	
CATEGORY=Special Ability|Empyreal Knight ~ Empyreal Champion.MOD	OUTPUTNAME:天界代行者（Empyreal Champion）	DESC:.CLEAR	DESC:20級時，天界騎士轉化為他所侍奉的模範，他得到傷害減免「10/邪惡」。對於魔法和類似效果來說，他的種族變為天界生物，得到60尺黑暗視覺和昏暗視覺能力。他可以用一個標準動作行使超自然能力，長出翅膀來得到兩倍於他陸地移動速度的飛行速度；他可以用一個自由動作收回翅膀。和其他異界生物不同，天界騎士仍然可以如同他原始種族一樣被復活和復生。此能力取代神聖代行者。	
CATEGORY=Special Ability|Holy Gun ~ Have Gun.MOD	OUTPUTNAME:擁槍者（Have Gun）	DESC:.CLEAR	DESC:1級時，聖銃衛得到「業餘銃士」和「槍匠」作為獎勵專長，他也如同銃士一般得到一把受損的火槍。此能力取代偵測邪惡。	
CATEGORY=Special Ability|Holy Gun ~ Divine Deed.MOD	OUTPUTNAME:聖潔勇毅（Divine Deed）	DESC:.CLEAR	DESC:2級時，聖銃衛得到以下銃技，此銃技類似銃士的銃技，不過只有聖銃衛可以使用它。如果聖銃衛同時擁有銃士等級，他可以花費銃士的勇毅點數來使用此能力。此能力取代制裁邪惡。	
CATEGORY=Special Ability|Holy Gun ~ Smiting Shot.MOD	OUTPUTNAME:破邪射擊（Smiting Shot）	DESC:.CLEAR	DESC:聖銃衛可以花費1點勇毅點數並以一個標準動作發動破邪射擊。如果目標為邪惡陣營，那麼聖銃衛在傷害上得到相當於「聖銃衛等級+魅力修正」的加值；要是目標是邪惡異界生物、邪惡龍類或不死生物，那麼則造成相當於「聖銃衛等級×2+魅力修正」的額外傷害。無論如何，破邪射擊都可以忽略目標身上的傷害減免。	
CATEGORY=Special Ability|Holy Gun ~ Divine Bond.MOD	OUTPUTNAME:神契（Divine Bond）	DESC:.CLEAR	DESC:當聖銃衛在5級取得神契時，他只能和他的火器產生連結，還可以在武器上添加及遠、可靠（reliable）和尋蹤附魔，不過他無法添加護體或瓦解附魔。此能力取代標準聖騎士的神契。	
CATEGORY=Special Ability|Holy Gun ~ Holy Grit.MOD	OUTPUTNAME:聖潔勇士（Holy Grit）	DESC:.CLEAR	DESC:11級時，聖銃衛得到相當於他魅力修正的勇毅點數，而且得到使用一項銃士銃技的能力，他能選擇的銃技等級上限為「聖銃衛等級-4」。在14級和之後的每3級，他額外獲得1點勇毅點數，並可以多選擇一個對應等級的銃技。如果他同時擁有銃士等級，那麼他的勇毅值上限上升相當於魅力修正的點數，不過他每日的初始勇毅點數並不會因此上升。	
CATEGORY=Special Ability|Holy Gun ~ Holy Slinger.MOD	OUTPUTNAME:神聖射擊者（Holy Slinger）	DESC:.CLEAR	DESC:20級時，聖銃衛得到神聖射擊者能力。此能力如同「神聖代行者」，不過他只放逐被破邪射擊擊中的目標。	
CATEGORY=Special Ability|Holy Tactician ~ Weal's Champion.MOD	OUTPUTNAME:福祉之戰（Weal's Champion）	DESC:.CLEAR	DESC:1級時，每日一次，以一個迅捷動作，神策使可以喚起正義之力協助他的盟友。此狀態下，在對抗邪惡目標時，他可以得到相當於魅力修正值的命中加值和相當於聖騎士等級一半（至少1點）的傷害加值；在攻擊命中之後的下一輪，對於被擊中的目標，所有位於他30尺內的非邪惡盟友可以在命中上得到相當他魅力修正值一半的加值，同時在傷害上得到+1加值。此加值在之後每5級上升1，直到20級的+5。要得到這些加值，他的盟友必須要能聽到並且看到神策使，而且神策使也必須保持清醒。他能夠在一個以上的敵人身上發動福祉之戰，福祉之戰持續時間為每2個聖騎士等級1輪。4級與之後的每3級，神策使可以增加一次福祉之戰的每日使用次數。此能力取代制裁邪惡。	
CATEGORY=Special Ability|Holy Tactician ~ Tactical Acumen.MOD	OUTPUTNAME:戰術敏銳（Tactical Acumen）	DESC:.CLEAR	DESC:3級時，神策使得到一個戰術專長做為獎勵專長，他必須滿足先決條件。之後每4級他可以再獲得一個戰術專長，直到19級達到最高的5個。此能力取代神祐和神契。	
CATEGORY=Special Ability|Holy Tactician ~ Battlefield Presence.MOD	OUTPUTNAME:戰場指導（Battlefield Presence）	DESC:.CLEAR	DESC:3級時，神策使可以花費一個標準動作在戰鬥中指揮30尺內的盟友，讓他們得到一個他以獎勵專長的方式得到的戰術專長；所有盟友都必須選擇同樣的戰術專長。此能力在聖騎士失去意識或是措手不及的時候會失去效果。要得到這此效果，他的盟友必須要能聽到並且看到神策使，更換團隊專長是一個迅捷動作。此能力取代勇氣靈光。	
CATEGORY=Special Ability|Holy Tactician ~ Guide the Battle.MOD	OUTPUTNAME:主導全局（Guide the Battle）	DESC:.CLEAR	DESC:8級起，神策使可以消耗一個移動等效動作在戰鬥中驅策他的盟友取得更有利的站位。所有可以聽到並看到神策使且情況允許（非定身、非困難地形等）的盟友可以得到一個移動5尺的機會，此移動不會引發機會攻擊。在15級時，他的盟友在進行此5尺移動時，可以忽略困難地形的影響。此能力取代虔誠靈光。	
CATEGORY=Special Ability|Holy Tactician ~ Weal's Wrath.MOD	OUTPUTNAME:神罰天譴（Weal's Wrath）	DESC:.CLEAR	DESC:11級，神策使可以消耗兩次福祉之戰來強化福祉之戰的效果，此能力運作如同平常的福祉之戰，除了盟友對被他擊中目標的加值可以持續到該目標被殺、福祉之戰結束、神策使被殺死或失去意識為止。此能力取代審判靈光。	
CATEGORY=Special Ability|Holy Tactician ~ Masterful Presence.MOD	OUTPUTNAME:威嚴風範（Masterful Presence）	DESC:.CLEAR	DESC:20級，神策使可以讓受到戰場指導影響的盟友分別取得不同的戰術專長。此外，對所有在福祉之戰中被他或他盟友擊中的敵人的重擊檢定將自動成功。此能力取代神聖代行者。	
CATEGORY=Special Ability|Knight of the Sepulcher ~ Touch of the Crypt.MOD	OUTPUTNAME:墓窖之觸（Touch of the Crypt）	DESC:.CLEAR	DESC:五級時，死骸騎士對意志、死亡效果和毒素的豁免得到+2的加值，他會被正能量傷害，但被負能量治療，就如同他是不死生物，不過，不造成生命傷害〔如能量吸取〕的效果仍然會對他造成影響，死骸騎士有25%%的機率忽略重擊和偷襲的傷害加值，就如同他穿著了次級護命盔甲，此能力取代魔契。	
CATEGORY=Special Ability|Knight of the Sepulcher ~ Fortitude of the Crypt.MOD	OUTPUTNAME:墓穴強韌（Fortitude of the Crypt）	DESC:.CLEAR	DESC:八級時，死骸騎士免疫毒素，同時，如果他沒有六十呎黑暗視覺的話，他得到60呎黑暗視覺，此能力取代絕望靈光。	
CATEGORY=Special Ability|Knight of the Sepulcher ~ Cloak of the Crypt.MOD	OUTPUTNAME:墳土之袍（Cloak of the Crypt）	DESC:.CLEAR	DESC:十級，死骸騎士對屬性吸取和有害的負能量效果免疫，同時有50%%的機率忽略重擊和偷襲的傷害加值，就如同他穿著了中級護命盔甲，此能力取代他在十級的額外破善展使用次數。	
CATEGORY=Special Ability|Knight of the Sepulcher ~ Will of the Crypt.MOD	OUTPUTNAME:墳污強韌（Will of the Crypt）	DESC:.CLEAR	DESC:十一級，死骸騎士對抗心志影響和死亡效果的加值上升到+4，此能力取代復仇靈光。	
CATEGORY=Special Ability|Knight of the Sepulcher ~ Weapons of Sin.MOD	OUTPUTNAME:原罪武器（Weapons of Sin）	DESC:.CLEAR	DESC:十四級時，在克服傷害減免時，死骸騎士的武器被視為邪惡陣營，此能力取代罪孽靈光。	
CATEGORY=Special Ability|Knight of the Sepulcher ~ Crypt Lord.MOD	OUTPUTNAME:墳墓之主（Crypt Lord）	DESC:.CLEAR	DESC:十五級，死骸騎士免疫死亡、麻痺、睡眠和震懾，且有75%%的機率機率忽略重擊和偷襲的傷害加值，就如同他穿著了高等護命盔甲，同時也不再需要睡眠，免疫疲乏效果，任何會讓他力竭的效果現在只能讓他疲乏。此能力取代暴行〔三級的那個附加附向狀態的〕。	
CATEGORY=Special Ability|Knight of the Sepulcher ~ Soul of the Crypt.MOD	OUTPUTNAME:墳場之魂（Soul of the Crypt）	DESC:.CLEAR	DESC:十七級時，死骸騎士得到DR5/善良且敲擊，此能力取代墮落靈光。	
CATEGORY=Special Ability|Knight of the Sepulcher ~ Undying Champion.MOD	OUTPUTNAME:不死代行者（Undying Champion）	DESC:.CLEAR	DESC:二十級，死骸騎士成為了不死生物的一員，他的傷害減免上升到DR10/善良且敲擊，他的生物種類變成不死生物，而且得到所有不死生物特性，雖然他免疫疾病，不過他仍然可以透過疫病神能力將疾病傳染給他人，成為不死代行者之後，他不再擁有體質屬性，並在決定生命值、強韌檢定、基於體質的特殊能力時用魅力屬性取而代之，此能力取代穢邪代行者。	
CATEGORY=Special Ability|Sacred Shield ~ Bastion of Good.MOD	OUTPUTNAME:神善堡壘（Bastion of Good）	DESC:.CLEAR	DESC:1級時，聖盾使可以呼喚純潔之力保護他與他的盟友以對抗邪穢。此能力運作類似制裁邪惡，不過聖盾使並不會得到傷害與命中加值，取而代之的是，該目標攻擊他十尺之內所有盟友的攻擊都只會造成一半的傷害，對聖盾使的攻擊依然造成正常傷害；不過聖盾使可以像對該目標使用制裁邪惡一樣，得到相當於自身魅力修正值的AC加值——此AC獎勵會再之後的每4級上升1點，最高達到20級的+6。如同制裁邪惡，如果聖盾使的目標為非邪惡陣營，那麼神善堡壘就會被浪費掉，不產生效果。可以增加制裁邪惡使用次數的專長或能力對神善堡壘同樣有效。此能力取代制裁邪惡。	
CATEGORY=Special Ability|Sacred Shield ~ Holy Shield.MOD	OUTPUTNAME:聖潔之盾（Holy Shield）	DESC:.CLEAR	DESC:4級時，聖盾使可以將導引能量到他的盾牌上，保護附近的盟友。所有鄰接他的盟友都會得到聖盾使手中盾牌的AC加值，包括增強加值，此加值不會和他們自己的盾牌加值疊加。使用此能力時，聖盾使的盾牌會發出等同於光亮術的光芒。11級，此能力可以影響10尺內的盟友，同時發出如同晝明術的強光。20級時，所有20尺內的盟友都會受到保護。使用此能力必須消耗兩次聖療的使用次數，聖潔之盾持續輪數為「3+魅力修正值」。此能力取代導引正能量。	
CATEGORY=Special Ability|Sacred Shield ~ Divine Bond.MOD	OUTPUTNAME:神契（Divine Bond）	DESC:.CLEAR	DESC:5級時，取代和坐騎或武器訂下神契，聖盾使和自己的盾牌產生連結。以一個標準動作，聖盾使可以讓神聖之魂進入到他的盾牌中，此效果持續每聖騎士等級一分鐘的時間。呼喚時，盾牌會發出如同火把一樣的光芒。5級時，神契可以提供盾牌1點增強加值，之後的每3級，此加值會再上升1點，直到20級的+6。這些加值可以和盾牌的增強加值疊加到+5，或將以下能力附加到盾上：避矢、猛擊、目盲、護命（各級）、鏡反、抗法（各級）。若附魔鏡反能力，每次他和盾牌連結的時候都可以生效一次。添加這些能力到盾牌上所需消耗的加值和在盾上附魔相同，這些加值和盾牌上原本就有的能力一同生效但不疊加。如果他的盾牌是非魔法物品，他必須至少附加+1增強加值才有辦法添加這些特性到盾牌上。這些加值一但決定就無法更改，除非他再度呼喚神聖之魂。非聖盾使本人持有此盾牌不會獲得任何契約帶來的好處，但神聖之魂依舊存在於盾牌裡，且強化會在盾牌回到歸屬者手中後重新生效。5級的聖盾使每天可以使用1次此能力。5級之後的每4級，聖盾使都會多獲得一次使用次數，17級時達到最多每日4次。一旦附著著神聖之魂的盾牌被破壞，在之後30天內或者直到聖盾升級，他將無法使用此能力。在此30天期間內，聖盾使的AC和豁免都要受到-1減值。	
CATEGORY=Special Ability|Sacred Shield ~ Improved Bastion.MOD	OUTPUTNAME:強化神善堡壘（Improved Bastion）	DESC:.CLEAR	DESC:11級時，神善堡壘的影響範圍增加到20尺。此能力取代審判靈光。	
CATEGORY=Special Ability|Sacred Shield ~ Perfect Bastion.MOD	OUTPUTNAME:完美壁壘（Perfect Bastion）	DESC:.CLEAR	DESC:20級，聖盾使和任何位於他20尺內的盟友，受到被神善堡壘能力標記的敵人傷害時，得到10點再生能力。此能力取代神聖代行者。	
CATEGORY=Special Ability|Holy Guide ~ Favored Terrain.MOD	OUTPUTNAME:偏好地形（Favored Terrain）	DESC:.CLEAR	DESC:3級時，神聖嚮導從遊俠的偏好地形列表中選擇一項。本能力與遊俠的同名能力功能相同。本能力取代3級時取得的【恩惠 】能力。每當神聖嚮導能夠選擇另一項恩惠時，他也可以替代性地選擇另一項偏好地形、並獲得原有偏好地形的進一步加值，如同遊俠。	
CATEGORY=Special Ability|Holy Guide ~ Favored Terrain.MOD	OUTPUTNAME:偏好地形（Favored Terrain）	DESC:.CLEAR	DESC:3級時，遊俠可以從偏好地形列表中選擇一種地形。處在該類地形時，遊俠的先攻檢定和知識 (地理)、察覺、隱匿和生存檢定+2。遊俠在其偏好地形上旅行時不會留下任何痕跡並且無法被追蹤 (如果他刻意想要留下痕跡也是可以的)。在8級時和之後每5級，遊俠可以額外選擇一種偏好地形。此外，每次增加偏好地形時，可以指定將針對任意一種偏好地形的檢定加值再+2 (如果願意的話，也可指定剛剛選擇的偏好地形)。如果某種特定地形同時屬於多種偏好地形，遊俠的加值無法疊加，只能使用較高的值作為加值。	
CATEGORY=Special Ability|Holy Guide ~ Teamwork Feat.MOD	OUTPUTNAME:團隊專長（Teamwork Feat）	DESC:.CLEAR	DESC:6級時，神聖嚮導獲得一項團隊專長作為獎勵專長。他必須滿足該專長的先決條件。他能以一個標準動作消耗1次【制裁邪惡 】，來賦予30尺內所有能夠看到和聽到自己的同伴該專長的效果。同伴們獲得對應效果的持續時間為 {3+1/2神聖嚮導等級} 的輪數。同伴們無需滿足該專長的先決條件。邪惡生物無法從中獲益，即便聖騎士把他當作是同伴。本能力取代6級獲得的恩惠。	
CATEGORY=Special Ability|Temple Champion ~ Domain Granted Power.MOD	OUTPUTNAME:領域神綬力量（Domain Granted Power）	DESC:.CLEAR	DESC:4級時，神殿勇者選擇一項自己神祇的領域 (或她的道德準則、追求目標所相符的領域，由GM決定)。神殿勇者獲得該領域1級時獲得的神綬力量，並以她的聖騎士等級作為牧師等級來決定該能力的效果。該神綬力量任何基於感知屬性的方面均由神殿勇者的魅力屬性來取代。神殿勇者並不會獲得領域法術列表。	
CATEGORY=Special Ability|Temple Champion ~ Blessing.MOD	OUTPUTNAME:祝福（Blessing）	DESC:.CLEAR	DESC:5級時，神殿勇者獲得她4級所選領域的次級祝福 (minor blessing)。她以自己的聖騎士等級作為戰鬥祭司等級來決定該祝福的效果。該祝福任何基於感知屬性的方面均由神殿勇者的魅力屬性來取代。11級時，她獲得該領域的高級祝福 (major blessing)。本能力取代神契和審判靈光。	
