CATEGORY=Special Ability|Sorcerer ~ Sorcerer Bloodline.MOD	OUTPUTNAME:血統（Sorcerer Bloodline）	DESC:.CLEAR	DESC:每位術士，在她遺傳中都有都有某處魔法的來源——給予她魔法、獎勵專長、額外本職技能以及特殊能力。這個來源可以表現為家族史中的某個血親，或者捲入了某個生物的極端事件。例如，一個術士可能有一個龍類遠親，或者他的祖父可能與魔鬼簽下一份恐怖的契約。不論其來源，這種影響會在得到術士等級的同時體現在方方面面。術士必須在她獲得第1個術士等級的同時選定一種血統。一旦確定，不可更改。3級以及之後每2級，術士學到一個來源於自身血統的額外法術。這些法術不包含於術士所知法術列表。這些法術同樣不能在更高等級時替換為其他法術。7級以及之後每6級，術士從自身血統的特定專長列表中選其一作為獎勵專長。術士必須滿足該專長的前提條件。	
CATEGORY=Special Ability|Sorcerer ~ Cantrips.MOD	OUTPUTNAME:戲法（Cantrips）	DESC:.CLEAR	DESC:術士能夠學習一些戲法，或者說0環法術。如同術士所知法術列表中的「所知法術」。 這些法術的施展如同其他任何法術，但它們不會在施展的時候消耗掉，並且可以被再次使用。	
CATEGORY=Special Ability|Sorcerer ~ Eschew Materials.MOD	OUTPUTNAME:施法免材（Eschew Materials）	DESC:.CLEAR	DESC:1級時，術士獲得「施法免材」作為獎勵專長	
CATEGORY=Special Ability|Wishcrafter ~ Wishbound Arcana.MOD	OUTPUTNAME:縛願秘法（Wishbound Arcana）	DESC:.CLEAR	DESC:1級起，塑願者能夠將自身以外的非巨靈生物的願望替代她所施展法術的正常語言成分使用。一個生物能以一個自由動作在任何時候許願，甚至是在塑願者的回合中也可以。塑願者必須能夠聽到而且理解他人的願望才能夠以此作為法術成分使用。當使用該能力時，通常沒有語言成分的法術也會獲得語言成分。許願者不用提起特定法術的名稱，但是必須描述一個可以通過施放塑願者所知法術能夠達成的結果（例如：許下「變得更高大」的願望可以作為『人類變巨術』的語言成分）。當塑願者以使用一名生物的願望作為法術語言成分的方式施展法術，該法術的施法者等級+1，但是塑願者本人無法作為這些法術的受術者。不過她可以受到區域效果的影響，而需指定一個或多個目標的則無效。塑願者無法強迫其他生物許願。一旦塑願者以此能力回應一名生物的願望，在24小時之內她無法再對該生物的進一步願望使用此能力。該能力取代血統奧秘。	
CATEGORY=Special Ability|Wishcrafter ~ Expanded Wishcraft.MOD	OUTPUTNAME:拓展塑願（Expanded Wishcraft）	DESC:.CLEAR	DESC:3級以及之後的每2個等級，塑願者變得更加善於配合他人的願望改變現實。她可以從術士/法師列表中將一個額外法術加入到她的已知法術列表中。該法術必須比她能夠施放的最高環級的法術低一環。塑願者只能將這些法術用於【縛願秘法】能力。比如，如果塑願者通過【拓展塑願】獲得『貓之優雅』，她只能在滿足其他生物的願望時使用該法術，而不能由於『貓之優雅』是一個目標法術就對自己施放。她也不能使用這些法術製造魔法物品或給魔法物品充能。這些獎勵法術取代術士血統給予的血統法術。	
CATEGORY=Special Ability|Wishcrafter ~ Heart's Desire.MOD	OUTPUTNAME:心底之願（Heart's Desire）	DESC:.CLEAR	DESC:7級起，塑願者能以一個迅捷動作迫使30尺內的一個生物道出他心底最深的願望。目標可以通過成功的DC為「10+1/2塑願者等級+魅力修正」的意志豁免無視其效果。如果豁免失敗，該生物必須立刻清晰並且大聲地說出他真實的願望，並激活塑願者的【縛願秘法】能力——如果塑願者知道能夠實現它願望的法術。這是一個〔影響心靈〕效果。無論豁免是否成功，同一名生物在24小時內無法再被塑願者的【心底之願】能力所影響。塑願者每天可以使用該能力的次數等同於她的魅力修正。該能力取代7級獲得的血統專長。	
CATEGORY=Special Ability|Wishcrafter ~ Twisted Wish.MOD	OUTPUTNAME:扭曲之願（Twisted Wish）	DESC:.CLEAR	DESC:13級起，塑願者變得善於通過曲解願望來對那些許願者造成負面影響。當塑願者使用願望作為法術成分影響一個生物，她能通過扭曲願望使生物在對抗該法術的豁免檢定-4。以此方式扭曲的願望所造成的影響很難被消除；解除效果的施法者等級檢定DC+5。該能力取代13級獲得的血統專長。	
CATEGORY=Special Ability|Wishcrafter ~ Perfect Wishcraft.MOD	OUTPUTNAME:完美塑願（Perfect Wishcraft）	DESC:.CLEAR	DESC:19級起，塑願者改變現實的能力趨於完美。每天1次，她可以施放術士/法師列表內的任何法術，就如同這些法術都在她的已知法術列表中一樣。使用該能力需要遵循所有【縛願秘法】能力的限制和增益。該能力取代19級獲得的血統專長。	
CATEGORY=Special Ability|Eldritch Scrapper ~ Martial Flexibility.MOD	OUTPUTNAME:千招百式（Martial Flexibility）	DESC:.CLEAR	DESC:1級起，魔能武師獲得拳師的千招百式（Martial Flexibility）職業能力，在判斷該能力的每日使用次數時，使用她的術士等級作為拳師等級。在判斷該能力的作用時，魔能武師將奧術打擊（Arcane Strike）和戰鬥施法（Combat Casting）視為戰鬥專長。9級起，魔能武師能夠使用該能力同時獲得兩個專長。她能夠以移動動作選擇一個專長，或者以標準動作選擇兩個專長。她能夠使用其中一個專長來滿足第二個專長的先決條件；這麼做意味著她無法將作為先決條件的專長進行替換，除非她事先將所有需要這個專長的專長替換掉。魔能武師所選擇的每個專長都會被計入該能力的每日使用次數中。15級起，魔能武師能夠使用該能力同時獲得三個專長。她能夠以迅捷動作選擇一個專長，以移動動作選擇兩個專長或者以標準動作選擇三個專長。她能夠使用其中一個專長來滿足第二個和第三個專長的先決條件，並使用第二個專長來滿足第三個專長的先決條件。魔能武師所選擇的每個專長都會被計入該能力的每日使用次數中。該能力取代術士在1級、9級和15級獲得的血統力量（bloodline powers）。	
CATEGORY=Special Ability|Eldritch Scrapper ~ Bloodline Weapons.MOD	OUTPUTNAME:血統兵器（Bloodline Weapons）	DESC:.CLEAR	DESC:若魔能武師的1級血統力量通常會賦予她天生武器（比如嚙咬或爪抓），那麼她可以在3級時選擇1級的血統力量來取代3級的血統力量。	
CATEGORY=Special Ability|Mongrel Mage ~ Mongrel Reservoir.MOD	OUTPUTNAME:混種血泉（Mongrel Reservoir）	DESC:.CLEAR	DESC:1級起，混種術師獲得了一種稱作混種血泉的天生的魔法能量之池，她能夠從中汲取力量來激發自身那薄弱的血統。混種血泉中存儲的魔法能量點數為3 + 她的術士等級。當混種術師每日恢復法術位時，她的混種血泉也會重新充滿。混種血泉中儲存的點數永遠不能超出每日的總量；超出此上限的點數都會被浪費。每日當混種術師恢復法術位時，她可以選擇一種術士血統（sorcerer bloodline）。她必須以此能力選擇正常血統（ordinary bloodline），而非被狂野血統變體（wildblooded archetype；出自UM）或者其他變體調整過的血統。她會在這一天內獲得該項血統的1級血統力量，就如同時1級術士那樣使用它。若混種術師使用該能力來獲得奧秘血統（Arcane）的奧術聯結（Arcane Bond）能力，那麼她僅能使用聯結物品施放1級已知法術，這是由於她僅被視同為1級術士。混種術師在同一時間只能選擇一種血統。以迅捷動作，她能夠從混種血泉中花費1點來激發血統，使得她能夠以完整的術士等級來使用該項血統中的血統奧秘（bloodline arcana）和1級血統力量（bloodline powers），這也包括奧秘血統的奧術聯結能力。該效果持續的輪數等同於她的魅力調整值（最低1輪）。3級起，當混種術師激發自己選擇的血統時，她能夠從混種血泉中花費2點作為替代，來使她能夠使用以完整的術士等級來使用該項血統中的血統奧秘，外加1級和3級的血統力量，持續輪數等同於她的魅力調整值（最低1輪）。7級起，當混種術師激發自己選擇的血統時，她能夠從混種血泉中花費3點作為替代，來使她能夠使用以完整的術士等級來使用該項血統中的血統奧秘，外加1級、3級和7級的血統力量，持續輪數等同於她的魅力調整值（最低1輪）。20級起，當混種術師激發自己選擇的血統時，她能夠從混種血泉中花費5點作為替代，來使她能夠使用以完整的術士等級來使用該項血統中的血統奧秘和所有血統力量，持續輪數等同於她的魅力調整值（最低1輪）。該能力改變了血統（bloodline）、血統力量（bloodline powers）和血統法術（bloodline spells）職業能力。	
CATEGORY=Special Ability|Mongrel Mage ~ Bloodline Spells.MOD	OUTPUTNAME:血統法術（Bloodline Spells）	DESC:.CLEAR	DESC:7級起，每日當混種術師選擇血統時，她能夠將該項血統的1級、2級和3級血統法術視為當前已知法術列表中的法術。13級起，每日當混種術師選擇血統時，她能夠將該項血統的4級、5級和6級血統法術視為當前已知法術列表中的法術。19級起，每日當混種術師選擇血統時，她能夠將該項血統的7級、8級和9級血統法術視為當前已知法術列表中的法術。該能力取代7級、13級和19級獲取的血統專長（bloodline feats）。	
CATEGORY=Special Ability|Aberrant Bloodline ~ Acidic Ray.MOD	OUTPUTNAME:酸性射線（Acidic Ray）	DESC:.CLEAR	DESC:1級開始，你能用標準動作發出一道酸性射線。通過一個遠程接觸攻擊任何30尺以內的敵人。酸性射線造成「1d6+1/2術士等級」的強酸傷害。你每天可以使用此能力次數為「3+魅力修正」。	
CATEGORY=Special Ability|Aberrant Bloodline ~ Long Limbs.MOD	OUTPUTNAME:肢體增長（Long Limbs）	DESC:.CLEAR	DESC:3級開始，當你使用近戰接觸攻擊時，你的觸及範圍增加5尺。此能力並不增加你的威脅範圍。在11級時，這項獎勵增加為10尺。在17級時，增加為15尺。	
CATEGORY=Special Ability|Aberrant Bloodline ~ Unusual Anatomy.MOD	OUTPUTNAME:異常構造（Unusual Anatomy）	DESC:.CLEAR	DESC:9級開始，你的內在構造發生改變，你獲得25%%的幾率忽略重擊或者偷襲傷害。13級時此幾率增加為50%%。	
CATEGORY=Special Ability|Aberrant Bloodline ~ Alien Resistance.MOD	OUTPUTNAME:異型抗力（Alien Resistance）	DESC:.CLEAR	DESC:15級開始，你獲得等於「術士等級+10」的法術抗力。	
CATEGORY=Special Ability|Aberrant Bloodline ~ Aberrant Form.MOD	OUTPUTNAME:異怪形態（Aberrant Form）	DESC:.CLEAR	DESC:20級開始，你的身體變得完全異常。你免疫重擊和偷襲。另外，你獲得60尺盲視和傷害減免「5/-」。	
CATEGORY=Special Ability|Warped Bloodline ~ Warp Touch.MOD	OUTPUTNAME:異變之觸（Warp Touch）	DESC:.CLEAR	DESC:1級時，你在別人身上製造了簡單卻混亂的改變。此能力作用在一個30尺之內的目標上，使之暈眩1輪。通過DC為「10+1/2術士等級+魅力修正」的強韌豁免可以避免此效果。你每日可以使用此能力次數為「3+魅力修正」。此能力取代酸性射線。	
CATEGORY=Special Ability|Abyssal Bloodline ~ Claws.MOD	OUTPUTNAME:魔爪（Claws）	DESC:.CLEAR	DESC:1級開始，你通過一個自由動作長出爪子。這些爪視為天生武器，並允許你使用全部攻擊加值作出2次爪抓。每次攻擊造成1d4傷害（小體型1d3），並附加全部力量加值。5級開始，這些爪在擊破傷害減免時視為魔法武器。7級開始，傷害增加至1d6（小體型1d4）。11級開始，這些爪成為熾炎武器，成功命中時造成額外1d6火焰傷害。這是一個超自然能力。每天你能使用爪抓的輪數為「3+魅力修正」。	
CATEGORY=Special Ability|Abyssal Bloodline ~ Demon Resistances.MOD	OUTPUTNAME:惡魔抗力（Demon Resistances）	DESC:.CLEAR	DESC:3級開始，你獲得5點電抗性，對毒素豁免+2加值。9級開始，增加為10點電抗性和對毒素豁免+4加值。	
CATEGORY=Special Ability|Abyssal Bloodline ~ Strength of the Abyss.MOD	OUTPUTNAME:深淵強壯（Strength of the Abyss）	DESC:.CLEAR	DESC:9級開始，你的力量獲得+2內在加值。此獎勵13級增長為+4，17級為+6。	
CATEGORY=Special Ability|Abyssal Bloodline ~ Added Summonings.MOD	OUTPUTNAME:加強召喚（Added Summonings）	DESC:.CLEAR	DESC:15級開始，當你使用怪物召喚法術召喚惡魔或者煉獄生物時，額外召喚來一個同種生物。	
CATEGORY=Special Ability|Abyssal Bloodline ~ Demonic Might.MOD	OUTPUTNAME:惡魔之力（Demonic Might）	DESC:.CLEAR	DESC:20級開始，深淵的力量在你全身奔流。你免疫電擊與毒素。你同樣獲得火焰，寒冷，強酸抗性各10點。並且獲得60尺心靈感應（允許你與任何能說一種語言的生物交流）。	
CATEGORY=Special Ability|Brutal Bloodline ~ Wings of the Abyss.MOD	OUTPUTNAME:深淵之翼（Wings of the Abyss）	DESC:.CLEAR	DESC:9級時，你可以長出翅膀每日飛行相當於你術士等級的分鐘數，這對翅膀的飛行速度是60尺，且具有良好的機動力。此能力的使用時間不須連續，不過每次使用必須消耗1分鐘的使用時間。此能力取代深淵強壯。	
CATEGORY=Special Ability|Arcane Bloodline ~ Metamagic Adept.MOD	OUTPUTNAME:超魔專擅（Metamagic Adept）	DESC:.CLEAR	DESC:3級開始，你能使用超魔專長強化法術而無需額外時間。你仍然需要付出高級的法術位。你能夠在3級時每天使用此能力1次，之後每4級增加1次。19級時每天5次。在20級時，此能力被「奧術顛峰」所取代。	
CATEGORY=Special Ability|Arcane Bloodline ~ New Arcana.MOD	OUTPUTNAME:新奧術（New Arcana）	DESC:.CLEAR	DESC:9級時，你能添加一個術士/法師法術列表中的奧術到你的所知奧術列表。你必須選擇你有能力施展的法術。你能夠在13級和17級各獲得一個額外法術。	
CATEGORY=Special Ability|Arcane Bloodline ~ School Power.MOD	OUTPUTNAME:學派力量（School Power）	DESC:.CLEAR	DESC:15級時，選擇一個法術學派，任何你施展的此學派的法術DC+2。此獎勵與法術專攻疊加。	
CATEGORY=Special Ability|Arcane Bloodline ~ Arcane Apotheosis.MOD	OUTPUTNAME:奧術顛峰（Arcane Apotheosis）	DESC:.CLEAR	DESC:在20級時，你的身體充斥著奧術力量。你能使用任何超魔專長而不需要增加施法時間，儘管你仍然要付出高級法術位。當你使用任何具有充能次數的魔法物品時，你可以消耗法術位來驅動該物品。你每支付3個法術等級的法術位，則可以減少魔法物品的1發充能消耗。	
CATEGORY=Special Ability|Sage Bloodline ~ Arcane Bolt.MOD	OUTPUTNAME:奧術箭（Arcane Bolt）	DESC:.CLEAR	DESC:1級時，你可以用一個標準動作對30尺內的一個目標進行遠程接觸攻擊，造成「1d4+1/2術士等級」的力場傷害。此法術的法術等級被視為你術士等級的一半，你能夠每天使用此能力次數為「3 +魅力修正」。此能力取代奧術聯結。	
CATEGORY=Special Ability|Celestial Bloodline ~ Heavenly Fire.MOD	OUTPUTNAME:天堂之火（Heavenly Fire）	DESC:.CLEAR	DESC:1級開始，你能通過一個標準動作釋放一道聖火射線，對30尺以內的任何目標進行一次遠程接觸攻擊。此射線對邪惡生物造成「1d4+1/2術士等級」傷害，此傷害屬於神聖傷害，無法免疫或抵抗。此射線位善良生物帶來「1d4+1/2術士等級」的治療，每個善良生物每天不能被你的天堂之火治療超過一次。中立生物不會受傷也不會被治療。你每天能夠使用此能力次數為「3+魅力調整值」。	
CATEGORY=Special Ability|Celestial Bloodline ~ Celestial Resistances.MOD	OUTPUTNAME:天界抗力（Celestial Resistances）	DESC:.CLEAR	DESC:在3級時，你獲得寒冷、強酸抗性各5點。9級時，此獎勵提升為10點。	
CATEGORY=Special Ability|Celestial Bloodline ~ Wings of Heaven.MOD	OUTPUTNAME:天堂之翼（Wings of Heaven）	DESC:.CLEAR	DESC:在9級時，你能夠長出羽翼並且能夠每天飛行等同於每術士等級1分鐘的時間。速度60尺，機動性良好。使用此能力不需要連續，但是每次使用至少1分鐘以上。	
CATEGORY=Special Ability|Celestial Bloodline ~ Conviction.MOD	OUTPUTNAME:堅定信念（Conviction）	DESC:.CLEAR	DESC:15級開始，你能夠重投任何一個你剛剛投出的屬性、攻擊、技能、豁免檢定。你必須在投骰後、但在GM公佈結果以前決定使用此能力。你必須接受第二次結果，即使結果更糟。你能使用此能力每天1次。	
CATEGORY=Special Ability|Celestial Bloodline ~ Ascension.MOD	OUTPUTNAME:飛昇（Ascension）	DESC:.CLEAR	DESC:在20級，你內在注滿天堂的力量。你免疫強酸，寒冷，石化；獲得10點電抗和火抗；對抗毒素豁免+4；你能夠無限使用「天堂之翼」；並獲得與任何能說話的生物交談的能力（如同「巧言術」）。	
CATEGORY=Special Ability|Empyreal Bloodline ~ Sacred Cistern.MOD	OUTPUTNAME:聖能容器（Sacred Cistern）	DESC:.CLEAR	DESC:9級時，每天1次，你可以像等級低你4級的牧師一樣引導能量。此能力取代天堂之翼。	
CATEGORY=Special Ability|Destined Bloodline ~ Touch of Destiny.MOD	OUTPUTNAME:命運之觸（Touch of Destiny）	DESC:.CLEAR	DESC:1級開始，你能夠用標準動作碰觸一個生物，使它在攻擊、技能、屬性、豁免檢定時獲得等同於術士等級一半的洞察加值，持續1輪。你能夠每天使用此能力次數為「3+魅力修正」。	
CATEGORY=Special Ability|Destined Bloodline ~ Fated.MOD	OUTPUTNAME:宿命（Fated）	DESC:.CLEAR	DESC:3級開始，你在所有豁免和突襲輪（以及措手不及）AC上獲得+1幸運加值。在7級以及之後每4級，此加值再+1。19級時達到最大值+5。	
CATEGORY=Special Ability|Destined Bloodline ~ It Was Meant To Be.MOD	OUTPUTNAME:命中注定（It Was Meant To Be）	DESC:.CLEAR	DESC:9級開始，你能夠重投一次攻擊檢定，重擊確認判定，或者對抗法術抗性的施法者等級檢定。你必須在第一次投骰完成以後，GM公佈結果以前決定是否使用此能力。你必須接受第二次結果，即使結果更糟。在9級時，你能使用此能力每天1次。17級時，每天2次。	
CATEGORY=Special Ability|Destined Bloodline ~ Within Reach.MOD	OUTPUTNAME:觸及命運（Within Reach）	DESC:.CLEAR	DESC:在15級時，你的最終命運近在咫尺。每天1次，當一次攻擊或者法術將你傷害致死時，你能夠通過一次DC20的意志豁免。如果成功，你的生命值只減少到-1並且傷勢自動穩定。你的「宿命」能力提供的加值在此次豁免中同樣生效。	
CATEGORY=Special Ability|Destined Bloodline ~ Destiny Realized.MOD	OUTPUTNAME:天命所歸（Destiny Realized）	DESC:.CLEAR	DESC:在20級，你命運的時刻就在眼前。任何針對你的重擊威脅只有在第二次投出20才生效，任何你投出的法術重擊威脅自動成功。每天1次，你自動通過一次對抗法術抗力的施法者等級檢定。你必須在投骰前使用這項能力。	
CATEGORY=Special Ability|Karmic Bloodline ~ Fate's Retribution.MOD	OUTPUTNAME:命運懲罰（Fate's Retribution）	DESC:.CLEAR	DESC:1級時，當你受到攻擊時，你可以通過一個直覺動作使襲擊你的生物受到詛咒，讓他的攻擊和傷害擲骰受到-2的減值，持續1d4輪。通過DC為「10+1/2術士等級+魅力修正」的意志豁免可以無視此效果。你每日可以使用此能力的次數等同於「3+魅力修正」。此能力取代命運之觸。	
CATEGORY=Special Ability|Draconic Bloodline ~ Claws.MOD	OUTPUTNAME:龍爪（Claws）	DESC:.CLEAR	DESC:1級開始，你通過一個自由動作長出爪子。這些爪視為天生武器，並允許你使用全部攻擊加值作出2次爪抓。每次攻擊造成1d4傷害（小體型1d3），並附加全部力量加值。5級開始，這些爪在擊破傷害減免時視為魔法武器。7級開始，傷害增加至1d6（小體型1d4）。11級開始，這些爪成功命中時造成額外1d6你所選擇的龍脈能量傷害。這是一個超自然能力。每天你能使用爪抓的輪數為「3+魅力修正」。	
CATEGORY=Special Ability|Draconic Bloodline ~ Dragon Resistances.MOD	OUTPUTNAME:龍類抗力（Dragon Resistances）	DESC:.CLEAR	DESC:在3級時，你獲得5點你選擇的龍脈能量抗力（例如紅龍血脈為5點火抗），並且天生AC+1。9級時，你的能量抗力增加為10點，天生AC+2。15級時天生AC+3。	
CATEGORY=Special Ability|Draconic Bloodline ~ Breath Weapon.MOD	OUTPUTNAME:噴吐龍息（Breath Weapon）	DESC:.CLEAR	DESC:在9級時，你獲得噴吐武器。此噴吐造成每術士等級1d6點你所選擇的龍脈能量傷害。噴吐範圍中的生物能夠通過一次成功的反射豁免使傷害減半，豁免DC為「10+1/2術士等級+魅力修正」。噴吐範圍取決於你所選的龍脈類型。9級時你能使用此能力每天1次；17級時每天2次；20級時每天3次。	
CATEGORY=Special Ability|Draconic Bloodline ~ Wings.MOD	OUTPUTNAME:龍翼（Wings）	DESC:.CLEAR	DESC:在15級時，作為標準動作，你的背上長出龍翼。你獲得60尺飛行速度，機動性一般。你能夠通過自由動作收起龍翼，使之消失。	
CATEGORY=Special Ability|Draconic Bloodline ~ Power of Wyrms.MOD	OUTPUTNAME:龍族力量（Power of Wyrms）	DESC:.CLEAR	DESC:在20級時，你的龍類遺傳得以顯現。你免疫麻痺，睡眠，以及自身能量類型。你同樣獲得60尺盲感。	
CATEGORY=Special Ability|Linnorm Bloodline ~ Elemental Spit.MOD	OUTPUTNAME:元素射線（Elemental Spit）	DESC:.CLEAR	DESC:1級開始，你用標準動作能釋放一道符合你原龍祖先能量類型的元素射線。通過遠程接觸攻擊30尺以內的敵人，此射線造成「1d6+1/2術士等級」你選擇的原龍血脈能量傷害。你能夠每天使用此能力次數為「3+魅力修正」。此能力取代龍爪。	
CATEGORY=Special Ability|Elemental Bloodline ~ Elemental Ray.MOD	OUTPUTNAME:元素射線（Elemental Ray）	DESC:.CLEAR	DESC:1級開始，你用標準動作能釋放一道元素射線。通過遠程接觸攻擊30尺以內的敵人，此射線造成「1d6+1/2術士等級」選定的元素能量傷害。你能夠每天使用此能力次數為「3+魅力修正」。	
CATEGORY=Special Ability|Elemental Bloodline ~ Elemental Resistance.MOD	OUTPUTNAME:元素抗力（Elemental Resistance）	DESC:.CLEAR	DESC:在3級時，你獲得自身元素類型的抗力10點。9級時，該抗力增加到20點。	
CATEGORY=Special Ability|Elemental Bloodline ~ Elemental Blast.MOD	OUTPUTNAME:元素爆發（Elemental Blast）	DESC:.CLEAR	DESC:在9級時，你每天能夠釋放1次元素爆發。你能使60尺範圍內一點為中心產生20尺半徑爆發，對生物造成每術士等級1d6選定的元素能量傷害。範圍內的生物能夠通過一次成功的反射豁免使傷害減半，豁免失敗的生物將獲得該選定元素易傷，直到你的下一輪結束，DC為「10+1/2術士等級+魅力修正」。9級時每天可使用1次；17級時每天2次；20級時每天3次。	
CATEGORY=Special Ability|Elemental Bloodline ~ Elemental Movement.MOD	OUTPUTNAME:元素移動（Elemental Movement）	DESC:.CLEAR	DESC:在15級，你獲得一種特殊的移動方式或者移動獎勵。這項能力決定與你的所選元素。	
CATEGORY=Special Ability|Elemental Bloodline ~ Elemental Body.MOD	OUTPUTNAME:元素身軀（Elemental Body）	DESC:.CLEAR	DESC:在20級，元素力量在你體內奔湧。你免疫偷襲，重擊，以及你所選定的元素能量傷害。	
CATEGORY=Special Ability|Primal Bloodline ~ Elementalist Summoning.MOD	OUTPUTNAME:元素充盈召喚（Elementalist Summoning）	DESC:.CLEAR	DESC:9級時，你所召喚的生物得到和你同類的元素抗力10點，如果該生物本來就有該元素抗力則其抗力上升5。且其天生武器攻擊將附帶1d6你所屬的元素傷害。此能力取代元素爆發。	
CATEGORY=Special Ability|Fey Bloodline ~ Laughing Touch.MOD	OUTPUTNAME:笑料之觸（Laughing Touch）	DESC:.CLEAR	DESC:在1級時，你能用一次近戰接觸攻擊導致一個生物爆笑一輪。爆笑中的生物只能做一個移動動作，但是他們可以正常保護自己。當一個生物被笑料之觸所影響，它在之後的24小時內免疫該效果。你能夠每天使用此能力次數為「3+魅力修正」。	
CATEGORY=Special Ability|Fey Bloodline ~ Woodland Stride.MOD	OUTPUTNAME:穿林步（Woodland Stride）	DESC:.CLEAR	DESC:3級開始，你能夠以正常速度通過任何矮樹叢（例如自然的荊棘叢，石南叢，茂密的灌木叢，以及其他類似地形），並且不會受到傷害或者其他損失。但是用魔法生成的這類地形還是會阻礙你的行動。	
CATEGORY=Special Ability|Fey Bloodline ~ Fleeting Glance.MOD	OUTPUTNAME:眼難及（Fleeting Glance）	DESC:.CLEAR	DESC:在9級時，你能夠每天隱形等同於你術士等級的輪數。這項能力等同於「高等隱形術」。隱形的時間不必連續。	
CATEGORY=Special Ability|Fey Bloodline ~ Fey Magic.MOD	OUTPUTNAME:精類魔法（Fey Magic）	DESC:.CLEAR	DESC:在15級開始，你能夠重投對抗法術抗性的施法者等級檢定。你必須在第一次投骰完成以後，GM公佈結果以前決定是否使用此能力。你必須接受第二次結果，即使結果更糟。你可以隨意使用這項能力。	
CATEGORY=Special Ability|Fey Bloodline ~ Soul of the Fey.MOD	OUTPUTNAME:精類之魂（Soul of the Fey）	DESC:.CLEAR	DESC:在20級時，你的靈魂成為了精類世界的一員。你免疫毒素，並獲得傷害減免「10/寒鐵」。動物類生物不會攻擊你，除非被魔法強迫。每天1次，你能夠使用類法術能力「行影術（shadow walk）」（施法者等級等於你的術士等級）。	
CATEGORY=Special Ability|Sylvan Bloodline ~ Animal Companion.MOD	OUTPUTNAME:動物夥伴（Animal Companion）	DESC:.CLEAR	DESC:你得到動物夥伴，你的有效德魯伊等級為你的「術士等級-3」（最低為1），此能力為你的血統奧秘，但同時取代笑料之觸。	
CATEGORY=Special Ability|Sylvan Bloodline ~ Fey Wings.MOD	OUTPUTNAME:妖精之翼（Fey Wings）	DESC:.CLEAR	DESC:15級時，你背後會長出小小的翅膀，得到60尺機動力為普通的飛行速度，並且如同「人類縮小術」使你的體型縮小一級。持續時間為每等級1分鐘，此能力的使用時間不須連續，不過每次使用必須消耗1分鐘的使用時間。此能力取代精類魔法。	
CATEGORY=Special Ability|Infernal Bloodline ~ Corrupting Touch.MOD	OUTPUTNAME:腐化之觸（Corrupting Touch）	DESC:.CLEAR	DESC:在1級時，你能用一個近戰接觸攻擊導致一個生物戰慄。此效果持續每兩個術士等級1輪（至少1輪）。受此能力影響而戰慄的生物發出邪惡靈光，如同他們是邪惡異界生物。重複接觸不會疊加，但是能延長效果。你能夠每天使用此能力次數為「3+魅力修正」。	
CATEGORY=Special Ability|Infernal Bloodline ~ Infernal Resistances.MOD	OUTPUTNAME:地獄炕力（Infernal Resistances）	DESC:.CLEAR	DESC:在3級時，你獲得5點火抗和對毒素豁免+2。在9級時，提升為10點火抗和對毒素豁免+4。	
CATEGORY=Special Ability|Infernal Bloodline ~ Hellfire.MOD	OUTPUTNAME:地獄火（Hellfire）	DESC:.CLEAR	DESC:在9級時，你能召來一地道獄火柱。60尺範圍內一點產生10尺半徑爆發，造成每術士等級1d6火焰傷害。爆發區域內的生物能夠通過一次成功的反射豁免使傷害減半，豁免失敗的善良生物將戰慄每術士等級1輪，豁免DC為「10+1/2術士等級+魅力修正」。9級時你能使用此能力每天1次；17級時每天2次；20級時每天3次。	
CATEGORY=Special Ability|Infernal Bloodline ~ On Dark Wings.MOD	OUTPUTNAME:黑暗天翼（On Dark Wings）	DESC:.CLEAR	DESC:在15級時，你能通過標準動作長出可怕的蝙蝠翼。你獲得60尺飛行速度，機動性中等。你能夠通過自由動作收起蝙蝠翼，使之消失。	
CATEGORY=Special Ability|Infernal Bloodline ~ Power of the Pit.MOD	OUTPUTNAME:煉獄之力（Power of the Pit）	DESC:.CLEAR	DESC:在20級時，你的形體變得充滿極惡力量。你免疫火焰與毒素。你同樣獲得強酸，寒冷抗性各10點，以及60尺黑暗視覺。	
CATEGORY=Special Ability|Pit-Touched Bloodline ~ Tough as Hell.MOD	OUTPUTNAME:地獄強健（Tough as Hell）	DESC:.CLEAR	DESC:9級時，你的體質得到+2的內在加值，此加值在13級上升到+4，17級上升到+6。此能力取代地獄火。	
CATEGORY=Special Ability|Undead Bloodline ~ Grave Touch.MOD	OUTPUTNAME:墓穴之觸（Grave Touch）	DESC:.CLEAR	DESC:1級開始，作為標準動作，你能通過一次近戰接觸攻擊使一個活物戰慄，此效果持續每兩個術士等級1輪（至少為1）。如果你對戰慄中的生物使用此能力將導致1輪驚懼（如果該生物HD小於你的術士等級）。你能夠每天使用此能力次數為「3+魅力修正」。	
CATEGORY=Special Ability|Undead Bloodline ~ Death's Gift.MOD	OUTPUTNAME:死亡禮物（Death's Gift）	DESC:.CLEAR	DESC:在3級，你獲得5點寒冷抗力和對抗非致命傷害的傷害減免5/-。在9級時，提升為10點寒冷抗力和和對抗非致命傷害的傷害減免10/-。	
CATEGORY=Special Ability|Undead Bloodline ~ Grasp of the Dead.MOD	OUTPUTNAME:死亡之握（Grasp of the Dead）	DESC:.CLEAR	DESC:在9級時，你能從地表上創造出爆發的骷髏手臂集群，去擷取撕裂你的敵人。這些骷髏手從60尺範圍內一點地表作20尺半徑爆發，對在範圍的生物造成每術士等級1d6點揮砍傷害。範圍內的生物能夠通過一次成功的反射豁免使傷害減半，豁免失敗的生物1輪內無法移動，豁免DC為「10+1/2術士等級+魅力修正」。這些骷髏手臂在1輪以後消失。此能力必須爆發在固體表面。9級時你能使用此能力每天1次；17級時每天2次；20級時每天3次。	
CATEGORY=Special Ability|Undead Bloodline ~ Incorporeal Form.MOD	OUTPUTNAME:虛無形態（Incorporeal Form）	DESC:.CLEAR	DESC:在15級時，你能夠變成虛體，維持每術士等級1輪。在此形態下，你獲得虛體亞種。實體魔法武器只對你造成一半傷害（實體普通武器無法傷害你）。同樣的，你的法術對實體生物傷害減半，不造成傷害的法術正常生效。你能夠使用此能力每天1次。	
CATEGORY=Special Ability|Undead Bloodline ~ One of Us.MOD	OUTPUTNAME:亡者眷族（One of Us）	DESC:.CLEAR	DESC:在20級時，你的外表開始腐敗（腐爛的外形由你自己決定），並且不死生物視你為他們的一員。你免疫寒冷、非致命傷害、麻痺以及睡眠。你同樣獲得傷害減免5/-。無智力的不死生物不會注意到你，直到你攻擊他們。在對抗不死生物的法術和類法術能力時，你在豁免上獲得+4士氣加值。	
CATEGORY=Special Ability|Sanguine Bloodline ~ The Blood Is the Life.MOD	OUTPUTNAME:血即生命（The Blood Is the Life）	DESC:.CLEAR	DESC:1級時，你可以從新近死亡的屍體中萃取血液。以一個標準動作，你啜飲一個在之前1分鐘內死亡生物的鮮血，此生物要具有肉體、體型至少和你相等且必須有血液。此能力恢復1d6點生命，並且如同一頓大餐般滋養你的身體。你能夠每天使用此能力次數為「3+魅力修正」。此能力取代墓穴之觸。	
CATEGORY=Special Ability|Aquatic Bloodline ~ Dehydrating Touch.MOD	OUTPUTNAME:脫水之觸（Dehydrating Touch）	DESC:.CLEAR	DESC:1級開始，你可以以一個標準動作進行近戰接觸攻擊，如果命中，你造成「1d6+1/2術士等級」的非致命傷害並且使目標噁心1輪。泥型生物，植物，以及水生和水系亞種生物受到正常傷害。你能夠每天使用此能力次數為「3+魅力修正」。	
CATEGORY=Special Ability|Aquatic Bloodline ~ Aquatic Adaptation.MOD	OUTPUTNAME:水族適應（Aquatic Adaptation）	DESC:.CLEAR	DESC:3級開始，你獲得30尺的游泳速度。9級時，你獲得兩棲特性並且擁有了肥厚的皮下脂肪層來防凍取暖。你獲得天生AC+1加值和5點寒冷抗力。當你處於水下時，你獲得30尺盲感。15級開始，你的游泳速度增加到60尺，水下的盲感範圍也增加到60尺。	
CATEGORY=Special Ability|Aquatic Bloodline ~ Aquatic Telepathy.MOD	OUTPUTNAME:水裔感應（Aquatic Telepathy）	DESC:.CLEAR	DESC:9級開始，你獲得心靈感應能力（100尺），並能和擁有天生游泳速度或是水棲或水系亞種進行交流（無論這一生物是否擁有足夠的智商）。你可以對這類生物施展「暗示術」，每日使用次數等同於你的魅力修正。此能力屬於心靈感應，因而你不需要語言上的交流或者有視覺線。15級開始，你每天能夠以心靈感應能力召喚一隻水棲、水系亞種或是擁有天生游泳速度的生物，並要求他們為你提供協助，就如同使用「短訊暗示（demand）」或是「高等異界盟友（greater planar ally）」一般。	
CATEGORY=Special Ability|Aquatic Bloodline ~ Raise the Deep.MOD	OUTPUTNAME:淵流湧現（Raise the Deep）	DESC:.CLEAR	DESC:15級開始，你獲得了操控水流的能力，就如同施展「控制水位」法術一般。即使周邊環境沒有水你也可以施展這一法術。這一法術創造出來的水懸浮於半空，因而不會消散流失，持續時間為每術士等級1輪。20級開始這一類法術的效果加倍。你可以每日使用1次此能力。	
CATEGORY=Special Ability|Aquatic Bloodline ~ Deep One.MOD	OUTPUTNAME:深海之子（Deep One）	DESC:.CLEAR	DESC:20級開始，你獲得60尺盲感並且長出了覆蓋全身的密集鱗片，你獲得傷害減免10/穿刺，20點寒冷抗力，並且如同恆定「行動自如」一般一直處於該狀態。此外，你在水下獲得「反射閃避」和120尺盲視，你將不會因水壓而受到傷害。	
CATEGORY=Special Ability|Seaborn Bloodline ~ Water Blast.MOD	OUTPUTNAME:水爆衝擊（Water Blast）	DESC:.CLEAR	DESC:1級時，你可以用遠程接觸攻擊對30尺之內的目標發射一隻水箭，此效果會將目標擊倒並且推離你5尺。通過DC為「10+1/2術士等級+魅力修正」的反射豁免可以避免被擊倒和推離。你能夠每天使用此能力次數為「3+魅力修正」。此能力取代脫水之觸。	
CATEGORY=Special Ability|Boreal Bloodline ~ Cold Steel.MOD	OUTPUTNAME:極冰寒鐵（Cold Steel）	DESC:.CLEAR	DESC:1級開始，你可以以一個標準動作賦予一件武器或是50發彈藥凍寒屬性，持續輪數等同於術士一半（至少1輪）。9級開始，你可以賦予武器或是彈藥冰暴屬性，但是持續時間減半。你能夠每天使用此能力次數為「3+魅力修正」。	
CATEGORY=Special Ability|Boreal Bloodline ~ Icewalker.MOD	OUTPUTNAME:霜之行者（Icewalker）	DESC:.CLEAR	DESC:3級開始，你獲得5點寒冷抗力並且可以不受任何減值地輕鬆穿越雪地和冰面。此外，你不會在此類環境上留下任何可供追蹤的痕跡。9級開始，你的寒冷抗力變為10點，你可以在冰凍的層面上攀爬，就如同受「蛛行術」影響一般。	
CATEGORY=Special Ability|Boreal Bloodline ~ Snow Shroud.MOD	OUTPUTNAME:雪之護罩（Snow Shroud）	DESC:.CLEAR	DESC:9級開始，你無視降雪造成的隱匿或察覺檢定減值，不論這是魔法效果或是自然降雪，抑或是冰雹，濃霧，還是其他類似天氣狀況。此外，每日1次，你可以召喚一個由呼嘯暴雪組成的護罩，持續等同於你的術士等級的輪數。這一護罩效果類似於火焰護盾（造成冰凍傷害），並且不會產生光亮，所有對你的攻擊有20%%幾率失手。當處於積雪或者是結冰環境時，你在隱匿檢定上獲得等同於術士等級一半的技能加值。此能力在9級時每日可以使用1次，17級時每日可以使用2次，20級時每日可以使用3次。	
CATEGORY=Special Ability|Boreal Bloodline ~ Blizzard.MOD	OUTPUTNAME:霜雪風暴（Blizzard）	DESC:.CLEAR	DESC:15級開始，你可以創造一場以你為中心的暴風雪。此能力效果類似於「操控風相（control winds）」，但是整個地區都將由可怖的暴風雪所籠罩（不包括術士所處的暴風眼位置），所有生物都將暴露在極端的寒冷之中。	
CATEGORY=Special Ability|Boreal Bloodline ~ Child of Ancient Winters.MOD	OUTPUTNAME:古霜之裔（Child of Ancient Winters）	DESC:.CLEAR	DESC:20級時，你獲得寒系亞種模板並且對力竭和疲勞免疫。此外，你將免疫偷襲和重擊。但是火焰將對你造成額外傷害（火焰易傷）。	
CATEGORY=Special Ability|Rime-Blooded Bloodline ~ Freezing Bolt.MOD	OUTPUTNAME:寒冰箭（Freezing Bolt）	DESC:.CLEAR	DESC:9級時，你可以將一團空氣轉換成暴烈的冰霜雪雨，在60尺範圍內某一點創造10尺半徑爆發，對範圍內生物造成每術士等級1d6點寒冷傷害。通過DC為「10+1/2術士等級+魅力修正」的反射豁免可以使傷害減半。9級時，你每日可以使用此能力1次，17級和20級再多1次。寒冰箭取代雪之護罩。	
CATEGORY=Special Ability|Deepearth Bloodline ~ Tremor.MOD	OUTPUTNAME:震顫踐踏（Tremor）	DESC:.CLEAR	DESC:1級開始，你可以以一個標準動作使一個30尺內生物所在地面產生震動，效果如同絆摔戰技，使用你的「術士等級+魅力修正」作為CMB。你能夠每天使用此能力次數為「3+魅力修正」。	
CATEGORY=Special Ability|Deepearth Bloodline ~ Rockseer.MOD	OUTPUTNAME:岩石視覺（Rockseer）	DESC:.CLEAR	DESC:3級開始，你獲得「岩石敏銳」能力，就如同矮人一般。如果你是個矮人，那你的「岩石敏銳」加值變為+4。9級開始，你獲得30尺顫動感知。15級時，你的視線可以穿過固體，就如同使用「X射線視覺戒指（ring of x-ray vision）」一般，持續輪數等同於你的術士等級，你可以分開多次使用此能力而不必一次用完。	
CATEGORY=Special Ability|Deepearth Bloodline ~ Crystal Shard.MOD	OUTPUTNAME:魔晶碎片（Crystal Shard）	DESC:.CLEAR	DESC:9級開始，你可以通過觸碰一件金屬或是石製武器（或者至多50發彈藥），賦予這件武器破敵（泥怪、金屬或土製構裝體、或土系亞種生物）屬性，持續1分鐘。9級時，你每日可以使用1次此能力，17級時2次，20級時3次。	
CATEGORY=Special Ability|Deepearth Bloodline ~ Earth Glide.MOD	OUTPUTNAME:遁地術（Earth Glide）	DESC:.CLEAR	DESC:15級開始，你可以輕鬆的於土地和石頭中穿行，就如同魚兒在水中游動一般容易。穿行速度為你基本速度的一半，此外，你並不會因穿行而在石頭或土地上留下隧道或孔洞，也不會留下任何可供追蹤的痕跡。此能力持續分鐘數等同於術士等級，你可以分開多次使用此能力，但是每次使用會至少消耗1分鐘持續時間。	
CATEGORY=Special Ability|Deepearth Bloodline ~ Strength of Stone.MOD	OUTPUTNAME:堅若磐石（Strength of Stone）	DESC:.CLEAR	DESC:20級開始，你的身體如同金石鑄就一般堅固，你獲得傷害減免「10/精金」。此外，你對石化效果免疫。只要你還站立在地面上，你穿越狹窄地形時不受任何減值，並對衝撞、拖拽、擒抱、復位、絆摔戰技以及任何帶有受迫移動效果的能力免疫。	
CATEGORY=Special Ability|Bedrock Bloodline ~ Iron Hide.MOD	OUTPUTNAME:鋼鐵皮膚（Iron Hide）	DESC:.CLEAR	DESC:9級時，以一個迅捷動作，你得到傷害減免「10/精金」，持續輪數相當於你的術士等級。使用輪數不須連續。此能力取代魔晶碎片。	
CATEGORY=Special Ability|Dreamspun Bloodline ~ Lullaby.MOD	OUTPUTNAME:催眠曲（Lullaby）	DESC:.CLEAR	DESC:1級開始，你可以如同使用類法術能力一般使用「催眠曲」，你能夠每天使用此能力次數為「3+魅力修正」。這一類法術效果持續1分鐘並且不需要保持專注。目標對像在對抗睡眠效果時意志豁免-4。	
CATEGORY=Special Ability|Dreamspun Bloodline ~ Combat Precognition.MOD	OUTPUTNAME:料敵機先（Combat Precognition）	DESC:.CLEAR	DESC:3級開始，你對未來的預知能力讓你在戰鬥中佔盡優勢。你在先攻檢定上獲得+1洞察加值，這一加值之後每4級額外+1。	
CATEGORY=Special Ability|Dreamspun Bloodline ~ Dreamshaper.MOD	OUTPUTNAME:夢境編織（Dreamshaper）	DESC:.CLEAR	DESC:9級開始，你可以通過潛入對方的夢境來操控影響對方的潛意識。此能力允許你修改對方的記憶就如同使用「記憶修改」一般，此外你可以同屍體進行交談就如同使用「死者交談」一般。成功的意志豁免可以無視這一效果。豁免DC為「10+1/2術士等級+魅力修正」，如果目標處於「夢魘（nightmare）」法術影響下則有進一步的調整。9級時，你每日可以使用1次此能力，17級時2次，20級時3次。	
CATEGORY=Special Ability|Dreamspun Bloodline ~ Eye of Somnus.MOD	OUTPUTNAME:索莫斯之眼（Eye of Somnus）	DESC:.CLEAR	DESC:15級開始，你可以從精神方面觀察外界，就如同使用「秘法眼」一般。此外，你可以選擇顯現秘法眼，這一狀態下秘法眼無法被移除，所有看到這一狀態秘法眼的生物將如同受到「睡眠徽記」法術影響。你每日可以使用1次此能力。	
CATEGORY=Special Ability|Dreamspun Bloodline ~ Solipsism.MOD	OUTPUTNAME:唯心主義（Solipsism）	DESC:.CLEAR	DESC:20級開始，你可以脫離現實進入夢境世界。你轉化成虛體狀態，每術士等級1分鐘。你變為虛體亞種，所有物質型態的魔法只能對你造成一半傷害（你不受非魔法武器傷害）。你的法術對物質形態生物僅僅造成一半傷害，但是那些不造成傷害的法術仍正常生效。此能力不必一次性使用完，你可以分開逐次使用此能力，但是每次使用此能力都將消耗1分鐘的持續時間。	
CATEGORY=Special Ability|Visionary Bloodline ~ Visions.MOD	OUTPUTNAME:夢視（Visions）	DESC:.CLEAR	DESC:9級時，當你睡著，你可以透過你的夢境來獲取預言。每日1次，當睡眠時，你可以獲得有關1周內的一項信息，如同你施展了「預言術」。9級時，你可以問1個問題，17級提升到2個，20級則為3個。此能力取代夢境編織。	
CATEGORY=Special Ability|Protean Bloodline ~ Protoplasm.MOD	OUTPUTNAME:未名物質（Protoplasm）	DESC:.CLEAR	DESC:1級開始，你可以創造一團由未名物質組合而成的球體，並可操控它朝30尺內的目標投擲。未名物質效果如同絆足包，並且對目標生物造成每輪1點的強酸傷害（如果命中）。未名物質效果持續1d3輪。你能夠每天使用此能力次數為「3+魅力修正」。	
CATEGORY=Special Ability|Protean Bloodline ~ Protean Resistances.MOD	OUTPUTNAME:無常抗力（Protean Resistances）	DESC:.CLEAR	DESC:3級開始，你獲得5點強酸抗力，在對抗變形、石化、變化學派的法術及類似效果上獲得+2豁免檢定加值。9級開始，你的強酸抗力變為10，同時豁免加值變為+4。	
CATEGORY=Special Ability|Protean Bloodline ~ Reality Wrinkle.MOD	OUTPUTNAME:無定波紋（Reality Wrinkle）	DESC:.CLEAR	DESC:9級開始，你可以讓自身10尺範圍內的現實變化成一種無定的混沌狀態，這一狀態隨著你的移動而移動。效果如同「重霧術」，但是不提供隱蔽也沒有阻擋視覺線的效果。你的移動速度並不會因使用此能力而降低。從外界對無定波紋內發起的所有攻擊都要承受20%%的失手幾率。你每日可以使用等同你術士等級輪數的此能力，但是你無需一次性耗費所有使用時間。	
CATEGORY=Special Ability|Protean Bloodline ~ Spatial Tear.MOD	OUTPUTNAME:空間扭曲（Spatial Tear）	DESC:.CLEAR	DESC:15級開始，每日1次，你可以拆分重組空間的構成，以一己之喜好而對空間進行扭曲變形。此能力類似於「任意門」，但同時在你消失的地點創造出大量的「黑觸手」，計算施法者等級效果時使用你的術士等級。20級時，你每日可以使用2次此能力。	
CATEGORY=Special Ability|Protean Bloodline ~ Avatar of Chaos.MOD	OUTPUTNAME:混沌化身（Avatar of Chaos）	DESC:.CLEAR	DESC:20級開始，你已經被最純粹的混沌徹底浸染。你對強酸，石化，以及變形免疫。在施法對抗秩序生物的法術抗力時，你在施法者等級檢定上獲得+2加值。	
CATEGORY=Special Ability|Anarchic Bloodline ~ Wild Feedback.MOD	OUTPUTNAME:狂野反饋（Wild Feedback）	DESC:.CLEAR	DESC:3級時，當你成功的解除或是反制100尺內對手的法術，對方將受到「1d6+被解除或反製法術等級」的傷害。此能力取代無常抗力。	
CATEGORY=Special Ability|Serpentine Bloodline ~ Serpent's Fang.MOD	OUTPUTNAME:毒蛇獠牙（Serpent's Fang）	DESC:.CLEAR	DESC:1級開始，你能以一個自由動作長出鋒利的獠牙。這些獠牙被視為天生武器能造成「1d4+力量修正」（小體型1d3）的傷害，並附帶毒素傷害（嚙咬，傷口，強韌豁免DC為「10+1/2術士等級+體質修正」，每輪1次/持續6輪，1點體質傷害，1次成功豁免後治癒）。5級時，這些獠牙在克服傷害減免時被視為魔法武器，毒素傷害增強為1d2點體質傷害。7級時，需要2次成功的豁免檢定才能治癒。11級時，毒素傷害增強為1d4點體質傷害。你能夠每天使用此能力次數為「3+魅力修正」。	
CATEGORY=Special Ability|Serpentine Bloodline ~ Serpentfriend.MOD	OUTPUTNAME:蛇語者（Serpentfriend）	DESC:.CLEAR	DESC:3級開始，你可對所有有鱗類生物（包括各類恐龍，蜥蜴人及各類冷血生物）任意使用「動物交談」。此外，你獲得一個毒蛇魔寵，有傚法師等級為「術士等級-2」。	
CATEGORY=Special Ability|Serpentine Bloodline ~ Snakeskin.MOD	OUTPUTNAME:蛇鱗（Snakeskin）	DESC:.CLEAR	DESC:9級開始，你獲得+1的天生AC加值，在對毒素的豁免檢定和逃脫的技能檢定上獲得+2種族加值。在13級和17級時，這些加值額外+1。	
CATEGORY=Special Ability|Serpentine Bloodline ~ Den of Vipers.MOD	OUTPUTNAME:毒蛇巢穴（Den of Vipers）	DESC:.CLEAR	DESC:15級開始，你可以召喚一批毒蛇集群，效果類似於「漫天蟲蝕」，但是集群造成體質傷害。此外，所有和集群共格的生物（除你之外）都會處於糾纏狀態。	
CATEGORY=Special Ability|Serpentine Bloodline ~ Scaled Soul.MOD	OUTPUTNAME:鱗類精魄（Scaled Soul）	DESC:.CLEAR	DESC:20級開始，你成為變形生物亞種，你可以任意變形為爬蟲亞種生物（如同「自我變形」）或者是蛇（從微型到超大型，如同「野獸形態III」）。你在變身時保留語言能力，並能如常施展需要動作成份的法術。你對毒和麻痺免疫，你可以任意使用「毒蛇獠牙」而不受次數限制。你的毒素現在可以造成任意種類的屬性傷害。	
CATEGORY=Special Ability|Envenomed Bloodline ~ Envenom.MOD	OUTPUTNAME:下毒（Envenom）	DESC:.CLEAR	DESC:3級時，你可以透過舔或咬一個近戰武器來讓該武器帶有一份劑量的黑蛇毒（Black adder venom），毒藥的DC為「10+1/2術士等級+魅力修正」。3級時，你每日可以使用1次此能力，之後每3級再多1次。武器上的毒沒有辦法被儲存或移除，此效果持續到一次成功命中或是經過1小時。此能力取代蛇鱗。	
CATEGORY=Special Ability|Shadow Bloodline ~ Shadowstrike.MOD	OUTPUTNAME:暗影擊（Shadowstrike）	DESC:.CLEAR	DESC:1級開始，你可以一個標準動進行近戰接觸攻擊，如果命中造成「1d4+1/2術士等級」點非致命傷害，並且使目標目眩1分鐘時間。擁有昏暗視覺或黑暗視覺的生物不受此能力影響。你能夠每天使用此能力次數為「3+魅力修正」。	
CATEGORY=Special Ability|Shadow Bloodline ~ Nighteye.MOD	OUTPUTNAME:暗夜之瞳（Nighteye）	DESC:.CLEAR	DESC:3級開始，你獲得30尺黑暗視覺。9級時變為60尺黑暗視覺。如果你已經擁有黑暗視覺，那麼在計算距離時將效果疊加。	
CATEGORY=Special Ability|Shadow Bloodline ~ Shadow Well.MOD	OUTPUTNAME:暗影湧現（Shadow Well）	DESC:.CLEAR	DESC:9級開始，只要距你處於一片陰影區域的10尺範圍內（除了你自己的影子），你可以在被觀察，無遮掩，無隱蔽的情況下使用隱匿技能。此外，當你處於黑暗或是昏暗區域時，你能夠以一個標準動作同另一位60尺內處於黑暗或是昏暗區域的盟友進行換位（對方必須是自願的）。13級時，你可以將兩個60尺內處於黑暗或是昏暗區域的盟友進行換位（雙方必須是自願的）。此能力效果如同「次元門」。你在9級時每日能使用1次此能力，17級時2次，20級時3次。	
CATEGORY=Special Ability|Shadow Bloodline ~ Enveloping Darkness.MOD	OUTPUTNAME:極暗之淵（Enveloping Darkness）	DESC:.CLEAR	DESC:15級開始，你可以創造一個被「深幽黑暗術」所環繞的地區，你的視覺線不受這一地區影響。除你之外，所有處於這一區域內的生物都將處於糾纏狀態（除非使用行動自如或者類似效果的能力）。	
CATEGORY=Special Ability|Shadow Bloodline ~ Shadow Master.MOD	OUTPUTNAME:暗影宗師（Shadow Master）	DESC:.CLEAR	DESC:20級開始，你能在自然黑暗和魔法黑暗效果下正常視物。當你使用「幽影咒法」或「幽影塑能」模擬法術時，它的真實性增加20%%。此外，所有你模擬創造的生物都如同受到「增強召喚」專長影響一般增強。	
CATEGORY=Special Ability|Umbral Bloodline ~ Cloak of Shadows.MOD	OUTPUTNAME:暗影斗篷（Cloak of Shadows）	DESC:.CLEAR	DESC:1級時，以一個標準動作，你可以使一個目標得到「暗影斗篷」的效果，此斗篷給予目標在昏暗或是黑暗環境下相當於你術士等級一半的隱匿技能加值，持續時間為每兩個術士等級1輪。加值和持續時間最小為1。你能夠每天使用此能力次數為「3+魅力修正」。此能力取代暗影擊。	
CATEGORY=Special Ability|Starsoul Bloodline ~ Minute Meteors.MOD	OUTPUTNAME:微型流星（Minute Meteors）	DESC:.CLEAR	DESC:1級開始，你可以一個標準動作召喚一陣微弱的流星雨墜落地面，影響區域為柱形（5尺半徑，30尺高度）。這陣流星雨造成「1d4+1/2術士等級」火焰傷害。通過反射豁免可以免受傷害，豁免DC為「10+1/2術士等級+魅力修正」。你能夠每天使用此能力次數為「3+魅力修正」。	
CATEGORY=Special Ability|Starsoul Bloodline ~ Voidwalker.MOD	OUTPUTNAME:虛空行者（Voidwalker）	DESC:.CLEAR	DESC:3級開始，你獲得昏暗視覺和5點寒冷和火焰抗力。9級開始，你將無需呼吸，效果類似於佩戴適應項鏈。	
CATEGORY=Special Ability|Starsoul Bloodline ~ Aurora Borealis.MOD	OUTPUTNAME:極光壁壘（Aurora Borealis）	DESC:.CLEAR	DESC:9級開始，你可以創造一片五彩斑斕的壁障。此能力效果類似於「火牆術」，但造成寒冷傷害並且並不會產生熱量。此外，你可以指定這片牆壁一面方向10尺內的生物，使他們處於迷魂狀態，你可以迷魂每術士等級2個生物。通過意志豁免檢定能不受迷魂影響，豁免DC為「10+1/2術士等級+魅力修正」。你每日能使用等同於你術士等級輪數時間的此能力，但你無需一次耗盡所有使用時間。	
CATEGORY=Special Ability|Starsoul Bloodline ~ Breaching the Gulf.MOD	OUTPUTNAME:破碎虛空（Breaching the Gulf）	DESC:.CLEAR	DESC:15級開始，你在施展傳送類子學派法術時施法者等級+3。此外，每日1次，如果目標未能通過意志豁免，你可以將30尺內的一個生物傳送至可怖的虛空之中。豁免DC為「10+1/2術士等級+魅力修正」。目標可以通過一個整輪動作重骰意志檢定，嘗試從虛空中返回現實。當目標被困在那片真空的虛空環境中時，他每輪承受6d6寒冷傷害，目標必須屏息，否則處於窒息狀態。	
CATEGORY=Special Ability|Starsoul Bloodline ~ Starborn.MOD	OUTPUTNAME:馭星者（Starborn）	DESC:.CLEAR	DESC:20級開始，你對寒冷傷害和目盲免疫，你可以在自然黑暗和魔法黑暗中完美視物。此外，你於夜間的戶外地區獲得1點快速治療能力。	
CATEGORY=Special Ability|Void-Touched Bloodline ~ Black Motes.MOD	OUTPUTNAME:漆黑塵埃（Black Motes）	DESC:.CLEAR	DESC:此能力類似「微型流星」，不過造成寒冷傷害。此能力取代微型流星。	
CATEGORY=Special Ability|Void-Touched Bloodline ~ Voidfield.MOD	OUTPUTNAME:虛空場（Voidfield）	DESC:.CLEAR	DESC:9級時，你可以將一個區域籠罩在黑暗的虛空之中，此效果如同「冰風暴」，而且此區域還受到持續時間等於每4個術士等級1輪的「幽深黑暗術」影響。你每日可以使用此能力1次，之後每3級再加1次。此能力取代極光壁壘。	
CATEGORY=Special Ability|Stormborn Bloodline ~ Thunderstaff.MOD	OUTPUTNAME:風暴之杖（Thunderstaff）	DESC:.CLEAR	DESC:1級開始，你可以通過一個標準動作觸碰一件武器使它獲得電擊屬性，效果持續輪數為術士等級一半（至少1輪）。9級開始，你可以用電爆屬性替換電擊屬性，但持續時間減半。你能夠每天使用此能力次數為「3+魅力修正」。	
CATEGORY=Special Ability|Stormborn Bloodline ~ Stormchild.MOD	OUTPUTNAME:風暴之子（Stormchild）	DESC:.CLEAR	DESC:3級開始，你獲得5點電擊音波抗力，所有對你的風力影響效果降低一級。9級開始，所有對你的風力影響效果都降低兩級，你對自然或魔法的雲霧和天氣影響帶來的隱蔽效果獲得60尺盲感。	
CATEGORY=Special Ability|Stormborn Bloodline ~ Thunderbolt.MOD	OUTPUTNAME:電閃雷鳴（Thunderbolt）	DESC:.CLEAR	DESC:9級開始，你可以召喚一道閃電來打擊敵人，影響區域為柱形（5尺半徑，60尺高度）。這道閃電造成每術士等級1d6傷害，傷害類型一半為電擊，一半為音波。通過反射豁免檢定將使傷害減半，豁免DC為「10+1/2術士等級+魅力修正」。未能通過豁免的生物將耳聾1輪。你在9級時每日可以使用1次此能力，17級時2次，20級時3次。這一能力的施法距離為120尺。	
CATEGORY=Special Ability|Stormborn Bloodline ~ Ride the Lightning.MOD	OUTPUTNAME:馭雷術（Ride the Lightning）	DESC:.CLEAR	DESC:15級開始，你可以通過一個整輪動作化身為閃電，以10倍速度進行直線移動。這一移動方式不會觸發藉機攻擊。所有處於你動作路徑上的生物和物體都將受到你的「電閃雷鳴」能力影響。生物無法阻擋你的移動，但是固體障礙可以，除非它們的生命值被降低到0以下。你每日可以使用1次此能力，持續等同於你術士等級的輪數。	
CATEGORY=Special Ability|Stormborn Bloodline ~ Storm Lord.MOD	OUTPUTNAME:風暴之主（Storm Lord）	DESC:.CLEAR	DESC:20級開始，你已化身為暴風。你對耳聾，震懾，和風力影響免疫，你對所有自然和魔法雲霧及天氣所造成的隱蔽效果獲得120尺盲視。每日1次，當你被閃電和音波效果攻擊時，你可以放棄豁免檢定來吸收攻擊能量治療自身，每3點電擊或音波傷害恢復1點生命值。	
CATEGORY=Special Ability|Arial Bloodline ~ Windcaller.MOD	OUTPUTNAME:喚風者（Windcaller）	DESC:.CLEAR	DESC:9級時，你可以讓狂風聽你的號令持續每術士等級1分鐘的時間。此效果如同「操控風向」，但你可以選擇不受你所製造風力的影響。此能力的使用時間不須連續，不過每次使用必須消耗1分鐘的使用時間。此能力取代電閃雷鳴。	
CATEGORY=Special Ability|Verdant Bloodline ~ Tanglevine.MOD	OUTPUTNAME:蔓籐鞭（Tanglevine）	DESC:.CLEAR	DESC:1級開始，你可以通過一個標準動作從你的手上創造一條15尺長的活化籐。這條活化籐持續1輪時間，可以進行一次卸武，偷竊，絆摔戰技，使用「術士等級+魅力修正」取代正常的CMB。你能夠每天使用此能力次數為「3+魅力修正」。	
CATEGORY=Special Ability|Verdant Bloodline ~ Photosynthesis.MOD	OUTPUTNAME:光合作用（Photosynthesis）	DESC:.CLEAR	DESC:3級開始，你可以通過自然養分自我供給。你對進食和睡眠的需求降低了，就如同穿戴「維生戒指（ring of sustenance）」一般。此外，你在對毒素和睡眠效果的豁免檢定上獲得+2種族加值。在9級時，這一加值變為+4。	
CATEGORY=Special Ability|Verdant Bloodline ~ Massmorph.MOD	OUTPUTNAME:植群塑形（Massmorph）	DESC:.CLEAR	DESC:9級開始，你可以通過一個整輪動作改變植物的大小和健康狀態，效果如同使用「植物滋長」或「植物凋零」。此外，你可以將每術士等級1個非植物類生物轉化變形為樹木形態（目標必須是自願的）。15級開始，你可以將生物轉化為植物形態，如同使用「植物形態I」。20級開始，此能力效果變化為「植物形態II」。你每日可以使用1次此能力。	
CATEGORY=Special Ability|Verdant Bloodline ~ Rooting.MOD	OUTPUTNAME:落地生根（Rooting）	DESC:.CLEAR	DESC:15級開始，你可以通過一個移動動作長出根須使自己根植於地面。你的移動速度降低為5尺，同時AC獲得+4天生護甲加值。此外，在衝撞、闖越、復位、以及絆摔戰技的CMD獲得+10加值。你獲得30尺顫動感知和1點快速治療。你每日可以使用此能力每術士等級1分鐘，你不必一次性用盡，但是每次使用此能力都將消耗1分鐘的持續時間。	
CATEGORY=Special Ability|Verdant Bloodline ~ Shepherd of the Trees.MOD	OUTPUTNAME:牧樹人（Shepherd of the Trees）	DESC:.CLEAR	DESC:20級開始，你的血統已經完全覺醒。你的AC獲得+4天生護甲加值，對麻痺，毒素，變形，睡眠，震懾效果免疫。即使不處於落地生根狀態下你依然可以獲得30尺盲感。	
CATEGORY=Special Ability|Groveborn Bloodline ~ Lush Summoning.MOD	OUTPUTNAME:蔥鬱召喚（Lush Summoning）	DESC:.CLEAR	DESC:3級時，當你以咒法學派法術召喚生物時，你可以讓它的身上長出綠葉。這些生物AC的天然護甲加值+2，同時他們對抗麻痺、毒素、變形、睡眠和震懾效果的豁免時得到+4加值。此能力取代光合作用。	
CATEGORY=Special Ability|Accursed Bloodline ~ Horrific Visage.MOD	OUTPUTNAME:懾人外觀（Horrific Visage）	DESC:.CLEAR	DESC:1級開始，你可以憑借鬼婆祖先之力，讓一個目標認為你具有恐怖的外觀。通過一個標準動作，你可以迫使一個30尺內的目標進行DC為「10+1/2術士等級+魅力修正」的意志豁免，失敗則陷入戰慄，持續輪數為你術士等級的一半（至少1輪）。這是一個基於恐懼、影響心靈的效果。你能夠每天使用此能力次數為「3+魅力修正」。	
CATEGORY=Special Ability|Accursed Bloodline ~ Wretched Endurance.MOD	OUTPUTNAME:逆境堅忍（Wretched Endurance）	DESC:.CLEAR	DESC:3級開始，你在對抗魅惑、寒冷、恐懼、火焰、睡眠效果的豁免時獲得+2加值。9級時該加值提高為+4。	
CATEGORY=Special Ability|Accursed Bloodline ~ Dread Gaze.MOD	OUTPUTNAME:危懼凝視（Dread Gaze）	DESC:.CLEAR	DESC:9級開始，你獲得綠鬼婆的邪惡之眼能力。通過一個標準動作，你可以將視線集中於一個60尺內的目標身上。目標必須進行DC為「10+1/2術士等級+魅力修正」的意志豁免，失敗則陷入恍惚，持續輪數為你術士等級的一半。9級時，你能使用此能力每天1次；17級時每天2次；20級時每天3次。	
CATEGORY=Special Ability|Accursed Bloodline ~ Dream Walking.MOD	OUTPUTNAME:夢境行走（Dream Walking）	DESC:.CLEAR	DESC:15級開始，你能夠進入靈界。這類似「幻化靈體」，但持續分鐘數為你術士等級的一半。靈界行進中，你能夠以類法術能力對一個可見的主物質位面生物施展「夢魘術」（這是「靈界生物無法影響主物質位面目標」規則的一個例外）。	
CATEGORY=Special Ability|Accursed Bloodline ~ Fearsome Survival.MOD	OUTPUTNAME:恐怖生還（Fearsome Survival）	DESC:.CLEAR	DESC:20級開始，你的鬼婆血統賜予你可觀的抵抗力。你獲得傷害減免「10/寒鐵」，以及「6+術士等級」的法術抗力。	
CATEGORY=Special Ability|Djinni Bloodline ~ Electricity Ray.MOD	OUTPUTNAME:電感射線（Electricity Ray）	DESC:.CLEAR	DESC:1級開始，你可以通過標準動作發射一條元素射線，以遠程接觸方式攻擊30尺內的單體目標。射線造成「1d6+1/2術士等級」電擊傷害。你能夠每天使用此能力次數為「3+魅力修正」。	
CATEGORY=Special Ability|Djinni Bloodline ~ Elemental Resistance.MOD	OUTPUTNAME:元素抗力（Elemental Resistance）	DESC:.CLEAR	DESC:3級開始，你獲得10點電擊抗力。9級時提升為20點。	
CATEGORY=Special Ability|Djinni Bloodline ~ Whirlwind.MOD	OUTPUTNAME:旋風跋扈（Whirlwind）	DESC:.CLEAR	DESC:9級開始，每天1次，你可以創造10尺高的旋風，持續輪數等於術士等級。	
CATEGORY=Special Ability|Djinni Bloodline ~ Power of the Djinn.MOD	OUTPUTNAME:風靈神力（Power of the Djinn）	DESC:.CLEAR	DESC:20級開始，你獲得風巨靈一般實現許願的能力。每天1次，你能夠以類法術能力施展「有限祈願術」。這些起源必須以「我希望」開頭，並且不能與你24小時內許下的願望重複。若你通過此能力複製一個需要貴重材料的法術，你必須如常支付材料費用。此外，你免疫電擊傷害，並且可以使用「異界傳送」進入或離開於氣元素位面，每天1次。	
CATEGORY=Special Ability|Elemental Movement ~ Air.MOD	OUTPUTNAME:元素移動（Air）	DESC:.CLEAR	DESC:15級開始，你獲得60尺飛行速度，機動性一般。	
CATEGORY=Special Ability|Efreeti Bloodline ~ Fire Ray.MOD	OUTPUTNAME:火熱射線（Fire Ray）	DESC:.CLEAR	DESC:1級開始，你可以通過標準動作發射一條元素射線，以遠程接觸方式攻擊30尺內的單體目標。射線造成「1d6+1/2術士等級」火焰傷害。你能夠每天使用此能力次數為「3+魅力修正」。	
CATEGORY=Special Ability|Efreeti Bloodline ~ Elemental Resistance.MOD	OUTPUTNAME:元素抗力（Elemental Resistance）	DESC:.CLEAR	DESC:3級開始，你獲得10點火焰抗力。9級時提升為20點。	
CATEGORY=Special Ability|Efreeti Bloodline ~ Efreeti Form.MOD	OUTPUTNAME:火靈形態（Efreeti Form）	DESC:.CLEAR	DESC:9級開始，每天1次，你可以再現火巨靈的偉岸姿態。這如同法術「巨人形態I」，除了你只能用以變身火巨靈，且持續時間為每術士等級1輪。	
CATEGORY=Special Ability|Efreeti Bloodline ~ Power of the Efreet.MOD	OUTPUTNAME:火靈神力（Power of the Efreet）	DESC:.CLEAR	DESC:20級開始，你獲得火巨靈一般實現許願的能力。每天1次，你能夠以類法術能力施展「有限祈願術」。這些起源必須以「我希望」開頭，並且不能與你24小時內許下的願望重複。若你通過此能力複製一個需要貴重材料的法術，你必須如常支付材料費用。此外，你免疫火焰傷害，並且可以使用「異界傳送」進入或離開於火元素位面，每天1次。	
CATEGORY=Special Ability|Elemental Movement ~ Fire.MOD	OUTPUTNAME:元素移動（Fire）	DESC:.CLEAR	DESC:15級開始，你的基礎速度增加30尺。	
CATEGORY=Special Ability|Maestro Bloodline ~ Beguiling Voice.MOD	OUTPUTNAME:欺愚之聲（Beguiling Voice）	DESC:.CLEAR	DESC:1級開始，你可以用聲音催眠一個生物，使其失去動作。該能力類似「暈眩術」，不過它基於言語，持續1輪，且可以影響HD不超過你的術士等級的生物。你能夠每天使用此能力次數為「3+魅力修正」。	
CATEGORY=Special Ability|Maestro Bloodline ~ Fascinate.MOD	OUTPUTNAME:迷魂曲調（Fascinate）	DESC:.CLEAR	DESC:3級開始，你可以通過表演技能檢定，使一個或多個生物被你迷魂。這類似吟遊詩人的「迷魂曲」能力，不過豁免DC為「10+1/2術士等級+魅力修正」，並且持續每等級1輪。3級時，你每天可使用此能力1次，8級時2次，13級時3次，18級時4次。	
CATEGORY=Special Ability|Maestro Bloodline ~ Perfect Voice.MOD	OUTPUTNAME:完美之聲（Perfect Voice）	DESC:.CLEAR	DESC:9級開始，你理解了所有用於溝通的聲音，而你也懂得如何使自己的語言被所有智慧生物所理解。你可以聽懂所有至少懂一種語言的生物的語言，並使他們聽懂你的語言。你所施放的基於語言的法術DC提高1。	
CATEGORY=Special Ability|Maestro Bloodline ~ Inspire.MOD	OUTPUTNAME:激發曲調（Inspire）	DESC:.CLEAR	DESC:15級開始，你富於藝術性的魔法可以鼓舞你的同伴。你能夠以類法術能力施展「高等英雄氣概」。15級時，你每天可使用此能力1次，17級時2次，19級時3次。	
CATEGORY=Special Ability|Maestro Bloodline ~ Grand Maestro.MOD	OUTPUTNAME:恢弘諧律（Grand Maestro）	DESC:.CLEAR	DESC:20級開始，純淨的魔法音樂流淌在你的身體裡。你施展任何具有言語成分的法術視為添加了「法術定發」專長，而施法時間和佔用法術位卻無需提升。你免疫音波傷害和基於言語的效果。	
CATEGORY=Special Ability|Marid Bloodline ~ Frost Ray.MOD	OUTPUTNAME:寒冰射線（Frost Ray）	DESC:.CLEAR	DESC:1級開始，你可以通過標準動作發射一條元素射線，以遠程接觸方式攻擊30尺內的單體目標。射線造成「1d6+1/2術士等級」寒冷傷害。你能夠每天使用此能力次數為「3+魅力修正」。	
CATEGORY=Special Ability|Marid Bloodline ~ Elemental Resistance.MOD	OUTPUTNAME:元素抗力（Elemental Resistance）	DESC:.CLEAR	DESC:3級開始，你獲得10點寒冷抗力。9級時提升為20點。	
CATEGORY=Special Ability|Marid Bloodline ~ Water's Fury.MOD	OUTPUTNAME:水波狂怒（Water's Fury）	DESC:.CLEAR	DESC:9級開始，你可以從水元素位面召喚奔湧巨浪，並命令它湧向你的敵人。通過一個標準動作，你可以創造一道60尺線型波浪，造成「1d6+1/2術士等級」傷害並使被擊中目標目盲1d6輪。通過DC為「10+1/2術士等級+魅力修正」的反射豁免可以使傷害減半並避免目盲。	
CATEGORY=Special Ability|Marid Bloodline ~ Power of the Marid.MOD	OUTPUTNAME:水靈神力（Power of the Marid）	DESC:.CLEAR	DESC:20級開始，你獲得水巨靈一般實現許願的能力。每天1次，你能夠以類法術能力施展「有限祈願術」。這些起源必須以「我希望」開頭，並且不能與你24小時內許下的願望重複。若你通過此能力複製一個需要貴重材料的法術，你必須如常支付材料費用。此外，你免疫寒冷傷害，並且可以使用「異界傳送」進入或離開於水元素位面，每天1次。	
CATEGORY=Special Ability|Elemental Movement ~ Water.MOD	OUTPUTNAME:元素移動（Water）	DESC:.CLEAR	DESC:15級開始，你獲得60尺游泳速度。	
CATEGORY=Special Ability|Rakshasa Bloodline ~ Silver Tongue.MOD	OUTPUTNAME:舌綻蓮花（Silver Tongue）	DESC:.CLEAR	DESC:1級開始，你可以利用自己的異界血統來編織異常具有說服力的謊言。發動此能力是一個迅捷動作，你在通過謊言使他人信服的唬騙技能檢定獲得+5加值（類似「花言巧語（glibness）」法術效果）。若是存在偵測你的謊言、或者迫使你吐露真相的魔法效果存在，該效果的發動者必須通過DC為「10+術士等級」的施法者等級檢定。檢定失敗意味著該效果無法偵測到你在說謊，或是無法迫使你吐露真相。你能夠每天使用此能力次數為「3+魅力修正」。	
CATEGORY=Special Ability|Rakshasa Bloodline ~ Mind Reader.MOD	OUTPUTNAME:讀心者（Mind Reader）	DESC:.CLEAR	DESC:3級開始，你能夠以類法術能力讀心。該效果類似「偵測思想」，不過僅持續1輪。你可以通過標準動作對單體目標使用此能力，若對方的意志豁免失敗，你得到相當於同名法術效果中專注3輪後能取得的情報。3級時，你每天可使用此能力1次，之後每4級額外增加1次，20級時達到最高的5次。	
CATEGORY=Special Ability|Rakshasa Bloodline ~ Hide Aura.MOD	OUTPUTNAME:藏匿光環（Hide Aura）	DESC:.CLEAR	DESC:9級開始，你可以在偵測類魔法前隱藏自己。此能力類似一個常駐的「迴避偵測」。你能夠以一個移動動作來終結或恢復此效果。	
CATEGORY=Special Ability|Rakshasa Bloodline ~ Alter Self.MOD	OUTPUTNAME:自我變形（Alter Self）	DESC:.CLEAR	DESC:15級開始，你可以隨意地將自己變形為任何類人生物。此能力類似「變身術」，不過你可以保持該形態任意時長。	
CATEGORY=Special Ability|Rakshasa Bloodline ~ Outsider.MOD	OUTPUTNAME:異界來客（Outsider）	DESC:.CLEAR	DESC:20級開始，你的天生形態成為了長著動物頭顱的類人生物，如同真正的羅剎。這並不會影響你的語言或施法能力。你可以使用「自我變形」或其他偽裝、變形能力來變裝成其他合適的生物。當確認某些針對特定生物類型的魔法或效果時，你永遠視為本地異界生物，而非類人生物（或你原先的任何其他生物類型）。與其他異界生物不同，你仍然可以如同原先的生物類型一般被復活。最後，你獲得傷害減免「10/穿刺」。	
CATEGORY=Special Ability|Shaitan Bloodline ~ Acid Ray.MOD	OUTPUTNAME:強酸射線（Acid Ray）	DESC:.CLEAR	DESC:1級開始，你可以通過標準動作發射一條元素射線，以遠程接觸方式攻擊30尺內的單體目標。射線造成「1d6+1/2術士等級」強酸傷害。你能夠每天使用此能力次數為「3+魅力修正」。	
CATEGORY=Special Ability|Shaitan Bloodline ~ Elemental Resistance.MOD	OUTPUTNAME:元素抗力（Elemental Resistance）	DESC:.CLEAR	DESC:3級開始，你獲得10點強酸抗力。9級時提升為20點。	
CATEGORY=Special Ability|Shaitan Bloodline ~ Avalanche.MOD	OUTPUTNAME:山崩攻勢（Avalanche）	DESC:.CLEAR	DESC:9級開始，當你用一個造成傷害的法術擊中一個生物時，你可以用過一個迅捷動作施展衝撞戰技。該戰技的CMB為「術士等級+魅力修正」。你甚至可以在近戰距離以外使用此能力，並且不會觸發藉機攻擊。若目標與大地或岩石接觸，你的CMB檢定獲得+4加值。	
CATEGORY=Special Ability|Shaitan Bloodline ~ Power of the Shaitan.MOD	OUTPUTNAME:土靈神力（Power of the Shaitan）	DESC:.CLEAR	DESC:20級開始，你獲得土巨靈一般實現許願的能力。每天1次，你能夠以類法術能力施展「有限祈願術」。這些起源必須以「我希望」開頭，並且不能與你24小時內許下的願望重複。若你通過此能力複製一個需要貴重材料的法術，你必須如常支付材料費用。此外，你免疫強酸傷害，並且可以使用「異界傳送」進入或離開於土元素位面，每天1次。	
CATEGORY=Special Ability|Elemental Movement ~ Earth.MOD	OUTPUTNAME:元素移動（Earth）	DESC:.CLEAR	DESC:15級開始，你獲得30尺掘穴速度。	
CATEGORY=Special Ability|Imperious Bloodline ~ Student of Humanity.MOD	OUTPUTNAME:人性學徒（Student of Humanity）	DESC:.CLEAR	DESC:1級起，你將交涉，知識（歷史），知識（地方），知識（貴族）和語言學作為職業技能。此外當你使用這些技能記憶、學習或收集關於人類的信息時，你在這些檢定上獲得等同於魅力修正的洞察加值。	
CATEGORY=Special Ability|Imperious Bloodline ~ Heroic Echo.MOD	OUTPUTNAME:英勇共鳴（Heroic Echo）	DESC:.CLEAR	DESC:3級起，當你從任何（包括你對自己釋放的）法術、類法術能力或魔法物品中獲得士氣加值時，該加值額外+1。9級起，此能力也適用於表現加值。如果你獲得一個影響區域或者多個目標的士氣效果時（9級起也可以為「表現效果（competence effect）」），可以用一個直覺動作將你獲得的額外加值賦予所有受術者。該增強對其他人持續的輪數等同於你的魅力修正。你可以每天使用該能力1次，3級之後每3級可以多使用1次。	
CATEGORY=Special Ability|Imperious Bloodline ~ Take Your Best Shot.MOD	OUTPUTNAME:做到最好（Take Your Best Shot）	DESC:.CLEAR	DESC:9級起，如果你是一個有害法術、類法術能力或者超自然能力的目標而沒有受到任何損害的話，無論是由於成功的豁免檢定，法術抗力、對方沒有命中還是其他原因，只要使用有害效果的人距離你30尺之內並且可以看到和聽到你，你均能以一個直覺動作進行一次威嚇檢定以挫敗士氣。13級起，當你成功通過豁免減少一次類似攻擊的效果時，你也可以使用該能力（不允許豁免則無法使用此能力）。	
CATEGORY=Special Ability|Imperious Bloodline ~ Heroic Legends.MOD	OUTPUTNAME:英勇傳奇（Heroic Legends）	DESC:.CLEAR	DESC:15級起，你能以一個迅捷或移動動作通過犧牲法術位，將術士級別作為吟遊詩人級別來使用【提振戰力】與【激發豪情】。該效果持續輪數等同於犧牲的法術環級。該效果對人類持續時間加倍。	
CATEGORY=Special Ability|Imperious Bloodline ~ Immortal Legend.MOD	OUTPUTNAME:不朽傳奇（Immortal Legend）	DESC:.CLEAR	DESC:20級起，你停止衰老；不再需要吃、喝或者睡眠；並且對即死效果和能量吸取免疫。	
