CATEGORY=Special Ability|Wizard ~ Arcane Bond.MOD	OUTPUTNAME:奧術聯結（Arcane Bond）	DESC:.CLEAR	DESC:在1級時，法師締結一個強力的聯結物品或是聯結生物。此聯結可以是兩種形式之一：魔寵，或是聯結物品。魔寵是一種魔法寵物，能夠增強法師的技能和感觀並且能夠在魔法方面給予援助。而聯結物品是一件法師能夠用來增加額外法術的物品，也能夠當作一般魔法物品使用。這兩種形式一旦選定，不可更改。下面給出聯結物品規則，魔寵規則會在本章最後給出。選擇聯結物品的法師在開始時免費獲得一個連接物品。作為奧術聯結的物品必須作為下列形式中的一種出現：護符、戒指、法杖、魔杖或者武器。這些物品總是精製品。在1級獲得的聯結武器不能由任何特殊材料製成。如果物品是護符或者戒指，則必須有效佩帶；法杖、魔杖、武器則需要手持。如果法師試圖在沒有佩帶或持有聯結物品的情況下施法，則必須做一次專注檢定以免失去法術，DC等於「20+法術環級」。如果物品是護符或者戒指，則需要佔據戒指或項鏈的位置。每天一次，聯結物品能夠被用來施放任何存在於法師法術書中，並且法師本人能夠施展的法術，即使此法術沒有被準備。這個法術視同法師正常施展的其他法術，包括施法時間，持續時間和其他由法師等級來決定的效果。此法術不能被添加超魔專長或者其他能力。聯結物品不能用來施展對立學派的法術（見奧術學派）。法師能夠給自己的聯結物品添加魔法能力，如同他擁有必要的物品製造專長，前提是他必須達到該專長的條件等級。舉例來說，一個擁有聯結匕首的法師至少在5級以後才能給自己的匕首添加魔法能力（參見「製造魔法武器和盔甲」專長）。如果他的聯結物品為魔杖，當它被耗盡時將會失去魔杖能力，但不會被摧毀而是保留所有聯結物品能力，並且能夠被再次做成新魔杖（火球杖用完以後還原成普通魔杖，還可以再被做成石皮杖）。聯結物品的魔法屬性，包括任何添加魔法能力，僅在其法師擁有者的手中才能發揮作用。如果持有者死亡，或者聯結物品被取代，則原有聯結物品被還原為普通精製品。如果聯結物品損傷，會在法師下一次準備法術時完全恢復。如果聯結物品損壞或者遺失，則法師能夠在7天後通過消耗每法師等級200gp重新製作一個精製品取而代之。這個儀式完成需要8小時。通過這個方式被替換的物品不再擁有以前物品的添加能力。法師同樣能夠指定一個現有魔法物品作為他的聯結物品。此項職能視同於聯結物品損壞或遺失，除了新物品會在獲得聯結物品優缺點的同時保留原有能力。	
CATEGORY=Special Ability|Wizard ~ Arcane School.MOD	OUTPUTNAME:奧術學派（Arcane School）	DESC:.CLEAR	DESC:法師能夠選擇專精於一個法術學派，獲得基於該學派的額外法術和力量。這個選擇必須在1級作出。一旦選定，不能更改。不選擇專精學派的法師視為普通學派。法師決定專精與某個學派的同時必須選定兩個對立學派，代表犧牲一個法術領域的知識去完全掌握另一個領域。法師如果準備對立學派法術則必須付出兩倍的同級法術位。舉例來說，一個選擇塑能系作為對立學派的法師需要用2個3環法術位來準備火球術。另外，當專精法師製作一件先決條件中需要對立法術的魔法物品時，所有技能檢定受到-4罰值。一個普通學派法師準備法術沒有相關限制。每個奧術學派都會給予法師一定數量的學派能力。另外，專精法師在每個法術環級上獲得一個額外的學派法術位，從1環法術開始。每天，法師能夠在此法術位中準備一個專精學派的法術，這個法術必須在法師的法術書中。學派法術位中能夠添加超魔專長，但要使用更高環的法術位。普通學派法師不獲得學派法術位。	
CATEGORY=Special Ability|Wizard ~ Cantrips.MOD	OUTPUTNAME:戲法（Cantrips）	DESC:.CLEAR	DESC:每天，法師能夠準備一些戲法，或者說0環法術。參照法師法術列表。這些法術的施展如同其他任何法術，但它們不會在施展的時候消耗掉，並且可以被再次使用。法師可以準備對立學派的戲法，但是需要消耗2倍的0環奧術位。	
CATEGORY=Special Ability|Cruoromancer ~ Blood Infusion.MOD	OUTPUTNAME:血之灌注（Blood Infusion）	DESC:.CLEAR	DESC:當融血師使用一個死靈系的法術時，他可以選擇以一個迅捷動作將他的不死污血融入法術中。隨著他等級的提升，血液灌注的力量與影響會變得越來越強大。每當融血師使用血液灌注時需要用刀割傷自己或者揭開舊傷口的結痂，以此消耗他自身的部分血液。每當他這麼做時消耗等同於「1d4+法術環級」的生命值。融血師同時只能使用一種血液灌注影響法術。1級時，他能通過以下灌注方式影響死靈學派的法術。該能力取代奧術聯結。	
CATEGORY=Special Ability|Cruoromancer ~ Focused Infusion.MOD	OUTPUTNAME:聚焦灌注（Focused Infusion）	DESC:.CLEAR	DESC:當融血師使用該灌注方式，灌注後的死靈法術豁免DC+1。	
CATEGORY=Special Ability|Cruoromancer ~ Sickening Infusion.MOD	OUTPUTNAME:噁心灌注（Sickening Infusion）	DESC:.CLEAR	DESC:當融血師使用該灌注方式，任何受到灌注後的死靈法術傷害的生物會噁心1輪。【譯註：原文沒有提到豁免的問題。】	
CATEGORY=Special Ability|Cruoromancer ~ Blood Command.MOD	OUTPUTNAME:血之令（Blood Command）	DESC:.CLEAR	DESC:5級起，當融血師使用『操縱死屍』法術時，他最多可以控制每施法者等級5HD的不死生物，而非原本的每施法者等級4HD。他還可以獲得以下血液灌注能力。該能力取代法師的5級獎勵專長。	
CATEGORY=Special Ability|Cruoromancer ~ Commanding Infusion.MOD	OUTPUTNAME:命令灌注（Commanding Infusion）	DESC:.CLEAR	DESC:當融血師以此灌注方式使用『操縱死屍』法術時，他最高可以創造三倍於施法者等級HD的不死生物，而非原本的兩倍。	
CATEGORY=Special Ability|Cruoromancer ~ Desecrating Infusion.MOD	OUTPUTNAME:褻瀆灌注（Desecrating Infusion）	DESC:.CLEAR	DESC:當融血師使用該灌注時，他可以選擇以自己或者一個由該灌注增強的法術的目標（施法時決定）為中心造成褻瀆效果。該效果類似『褻瀆術』，但是持續時間為每融血師施法者等級1分鐘，並且該效果無法被祭壇、神殿或其他永久物增強。	
CATEGORY=Special Ability|Cruoromancer ~ Blood Ability.MOD	OUTPUTNAME:血之力（Blood Ability）	DESC:.CLEAR	DESC:15級起，融血師可以選擇一個通過【命令灌注】增強的法術創造的不死生物。你獲得該不死生物的感官，並視為受到『秘法眼』法術影響一般（施法者等級等同於融血師的法師等級）。該能力取代法師的15級獎勵專長。	
CATEGORY=Special Ability|Cruoromancer ~ Perfect Infusion.MOD	OUTPUTNAME:完美灌注（Perfect Infusion）	DESC:.CLEAR	DESC:20級起，融血師可以使用【血之灌注】而無需受傷。該能力取代法師20級獎勵專長。	
CATEGORY=Special Ability|Spellbinder ~ Spell Bond.MOD	OUTPUTNAME:法術聯結（Spell Bond）	DESC:.CLEAR	DESC:1級時，縛法師可以選擇任何一個他所知曉的法術作為聯結法術。以一個整輪動作，縛法師可以用聯結法術來取代一個環級相同或更高的法術。舉例來說，選擇『魔法飛彈』作為聯結法術的縛法師，能以一個整輪動作將他所準備的任何1環或以上的法術轉換為『魔法飛彈』。在3級和之後的每2級，他都可以再選擇一個他所知的法術添加到其聯結法術列表中，在17級時達到最高9個聯結法術。	
CATEGORY=Special Ability|Wind Listener ~ Spontaneous Divination.MOD	OUTPUTNAME:自發預言（Spontaneous Divination）	DESC:.CLEAR	DESC:1級起，聆風者可以將其已經準備好的法術能量轉變為預言系法術而無需提前做準備。聆風者可以「失去」戲法以外的、任何已經準備好的法術，以施放任何同等或更低環級的預言系法術。新法術必須為聆風者所知並且能夠施放的法術。以此能力施放的法術的施放時間增加到整輪動作（如果該法術正常的施法時間比整輪動作更長則不變）。該能力取代奧術聯結。	
CATEGORY=Special Ability|Wind Listener ~ Abjuration Sense.MOD	OUTPUTNAME:感知防護（Abjuration Sense）	DESC:.CLEAR	DESC:5級起，聆風者開發他的第六感用以察覺抵禦他探知的法術。他在對防護系的偵查檢定以及識別防護系的效果、法術和魔法物品的法術辨識檢定獲得等於其職業等級一半的加值。該能力取代5級獲得的獎勵專長。	
CATEGORY=Special Ability|Wind Listener ~ Wispy Form.MOD	OUTPUTNAME:飄渺形態（Wispy Form）	DESC:.CLEAR	DESC:10級起，聆風者獲得以一個標準動作將自身變得虛幻透光的能力，這使得他獲得傷害減免「10/魔法」，並且受到improved invisibility法術的影響。【編註：查無此法術，疑為『高級隱形術（Greater Invisibility）』。】聆風者每天可以使用該能力的輪數等同於他的等級。這些時間不必連續。就如同「天生隱形」怪物通用能力一般，該能力不受『消除隱形』影響。該能力取代10級獲得的獎勵專長。	
CATEGORY=Special Ability|Wind Listener ~ Listening to the Wind.MOD	OUTPUTNAME:聆風（Listening to the Wind）	DESC:.CLEAR	DESC:15級起，聆風者能呼喚空氣中的精魂從而發掘關於傳奇人物、地點或事物的知識。召喚精魂需要10分鐘，在這段時間內聆風者必須保持專注且不被打擾。一旦精魂被召喚，它們便會去尋找聆風者所需的信息。除了空氣精魂替代聆風者搜集信息時，他自身能做任何事以外，該能力如同『通曉傳奇』法術（施法者等級等同於聆風者等級）。精魂搜集信息的時間等於聆風者正常施展『通曉傳奇』所需的時間。聆風者每週可以使用此能力1次，但是必須在沒有空氣精魂為他搜集信息時才能使用。如果空氣精魂正在搜集信息，聆風者可以用一個標準動作結束他們的任務，解消此魔法效果並不會得到任何信息。該能力取代15級獲得的獎勵專長。	
CATEGORY=Special Ability|Scrollmaster ~ Scroll Blade.MOD	OUTPUTNAME:卷軸刃（Scroll Blade）	DESC:.CLEAR	DESC:一個操紙師可以像使用近戰武器一般揮舞任何材質為紙、羊皮紙或布料的卷軸進行近戰。在操紙師手裡，這些卷軸視為擁有卷軸上等級最高法師法術一半增強加值的短劍，只記載戲法或是1級法術的卷軸則被視為精製品。操紙師擅長此武器，而且所有作用在短劍上的專長（武器專攻等）都對卷軸刃生效，他沒辦法同時持用兩隻卷軸刃。啟動卷軸刃是一個自由動作，此能力只在操紙師手中生效。卷軸刃擁有0點硬度和相當於上面最高級法術等級的生命值，任何一次成功擊中對手的近戰攻擊將會降低卷軸刃的生命值1點。當卷軸刃的生命值降到0的時候，卷軸就會毀壞，就算卷軸上的法術有經過超魔，卷軸刃仍只計算該法術的原始等級。3級時，持用4級或更高級法師法術卷軸的操紙師可以降低1點增強加值讓卷軸刃變成長觸及武器，卷軸刃至少需要保有1點增強加值。5級時，持用4級或更高級法師法術卷軸的操紙師可以降低增強加值，讓卷軸刃得到以下附魔：護體、凍寒、冰爆、銳鋒、真氣、電擊、電爆和追擊。他必須依照附魔來等效降低增強加值，且要先知道製造該能力的法術才能附加效果（如學會「加速術」才能附加追擊）。此能力取代奧術連結。	
CATEGORY=Special Ability|Scrollmaster ~ Scroll Shield.MOD	OUTPUTNAME:卷軸盾（Scroll Shield）	DESC:.CLEAR	DESC:一個操紙師可以像使用輕型木盾一般以任何材質為紙、羊皮紙或布料的卷軸作為盾牌。這些卷軸視為擁有卷軸上等級最高法師法術一半增強加值的盾牌，只記載戲法或是1級法術的卷軸則被視為精製品盾。卷軸盾沒有施法失敗機率、防具減值和最大敏捷加值限制。操紙師擅長此盾牌，他可以一手使用卷軸刃，一手使用卷軸盾進行戰鬥。啟動卷軸盾是一個自由動作，此能力只在操紙師手中生效，卷軸盾擁有0點硬度和相當於上面最高級法術等級的生命值，任何一次成功攻擊操紙師的攻擊將會降低卷軸盾的生命值1點。當卷軸盾的生命值降到0的時候，卷軸就會毀壞，就算卷軸上的法術有經過超魔，卷軸盾仍只計算該法術的原始等級。5級時，使用3級以上卷軸的操紙師可以降低增強加值（但最少必須保留1點）以在卷軸盾上附加下列效果：幽冥、次級護命和護命，他必須依照附魔來等效降低增強加值，且要先知道製造該能力的法術才能附加效果，例如必須學會「有限許願術」才能附加護命。	
CATEGORY=Special Ability|Scrollmaster ~ Improved Scroll Casting.MOD	OUTPUTNAME:強化卷軸法術（Improved Scroll Casting）	DESC:.CLEAR	DESC:10級時，使用卷軸時，如果操紙師的施法者等級比卷軸的施法者等級更高，他可以用自己的施法者等級替換之。操紙師必須要先破譯卷軸才能使用此能力。強化卷軸法術取代10級的法師獎勵專長。	
CATEGORY=Special Ability|Arcane Bomber ~ Bomb.MOD	OUTPUTNAME:炸彈（Bomb）	DESC:.CLEAR	DESC:1級時，奧法擲彈兵可以製造如同煉金術師般的炸彈。與煉金術師不同的是，他可以讓炸彈造成強酸、火焰、寒冷、電擊傷害其中之一。他能夠投擲這類的炸彈，但是他無法用「科研發現」強化它們。在計算有效等級以決定傷害時此能力和煉金術師的等級疊加，但兼職煉金術師的奧法擲彈兵不會得到煉金術師的「炸彈」職業能力。反過來說，如果1個煉金術師兼職了奧法擲彈兵，他也不會得到奧法擲彈兵的「炸彈」職業能力。此能力取代奧術連結。	
CATEGORY=Special Ability|Arcane Bomber ~ Spellblast Bombs.MOD	OUTPUTNAME:法沖炸彈（Spellblast Bombs）	DESC:.CLEAR	DESC:1級時，奧法擲彈兵可以用一個迅捷動作犧牲一個他已經記憶的法術，強化下一顆他該輪內投出炸彈的威力。當他這麼做的時候，下一顆他在該輪內投擲的炸彈得到相當於犧牲法術等級的命中加值，與相當於犧牲法術等級兩倍的傷害加值。此能力取代戲法，不過奧法擲彈兵可以將「閱讀魔法」和「偵測魔法」這兩個法術加入法術書中，並且以1級法術的方式施展它們。	
CATEGORY=Special Ability|Arcane Bomber ~ School of the Bomb.MOD	OUTPUTNAME:炸彈學派（School of the Bomb）	DESC:.CLEAR	DESC:製造和使用炸彈相當引人入勝而且耗費智力。奧法擲彈兵必須禁制四個學派的法術，這些學派在1級時被選取，而且之後無法改變。如果他準備禁制學派的法術他必須消耗2個法術位，而且當他製作一件先決條件中需要對立學派法術的魔法物品時，他的技能檢定必須承受-4的罰值。此能力取代奧術學派。	
CATEGORY=Special Ability|Siege Mage ~ Siege Engineer.MOD	OUTPUTNAME:攻城技師（Siege Engineer）	DESC:.CLEAR	DESC:攻城法師得到「攻城技師」專長，哪怕他沒有滿足先決條件。此能力取代抄錄卷軸。	
CATEGORY=Special Ability|Siege Mage ~ Siege Engine Bond.MOD	OUTPUTNAME:攻城兵器連結（Siege Engine Bond）	DESC:.CLEAR	DESC:1級時，攻城法師可以以一個標準動作，和在30尺內具有效果線的攻城兵器建立連結。他可以利用這個連結在遠距離瞄準和發射攻城兵器（仍然限定30尺內），不過仍然需要人手來重新裝填攻城兵器。10級時，他可以透過此連結裝填、瞄準並發射攻城兵器，如此一來就不需要任何人手來控制此攻城兵器。在這種情況下，他仍然需要花正常操作時間專注在控制攻城兵器上。此能力取代奧術連結，攻城法師可以用一個自由動作結束此連結，攻城法師每日可連結攻城兵器的次數等於他的智力修正，不過他一次只能連結一個攻城兵器。	
CATEGORY=Special Ability|Siege Mage ~ Empower Siege Engine.MOD	OUTPUTNAME:強化攻城兵器（Empower Siege Engine）	DESC:.CLEAR	DESC:用一個迅捷動作犧牲一個他已經記憶的法術，攻城法師可以強化在該輪內下一發他所連結攻城兵器發射的炮彈。當他這麼做時，該次攻擊將得到相當於犧牲法術等級的加值，與相當於犧牲法術等級3倍的傷害加值。此能力取代戲法，不過攻城法師可以將「閱讀魔法」和「偵測魔法」這兩個法術加入法術書中，並且以1級法術的方式施展它們。	
CATEGORY=Special Ability|Siege Mage ~ Siege School.MOD	OUTPUTNAME:攻城學派（Siege School）	DESC:.CLEAR	DESC:奉獻了大量精神和毅力在強化攻城兵器所使用的奇異儀式上，佔用了攻城法師研究其他魔法奧秘的時間。他必須禁制三個學派的法術，這些學派在1級時被選取，而且之後無法改變。如果他準備禁制學派的法術他必須消耗1個法術位，而且當他製作一件先決條件中需要對立學派法術的魔法物品時，他的技能檢定必須承受-4的罰值。此能力取代奧術學派。	
CATEGORY=Special Ability|Spellslinger ~ Arcane Gun.MOD	OUTPUTNAME:魔槍（Arcane Gun）	DESC:.CLEAR	DESC:魔槍士得到「異種武器熟悉（火器）」專長。同時，他可以將1或2只火槍變成他的魔槍，這把槍是普通的單手或雙手槍械。在他們被魔槍士的法力填滿前，他們的攻擊如同通常火槍；一旦被灌注奧術之力，魔槍將會同時發射投射物和法術。1級時，魔槍士可以選擇要和1把或是2把槍械建立連結；如果他只連結了1把火槍，那麼當被投射的法術造成重擊時，該法術將會造成3倍傷害而不是2倍。魔槍士可以用他的魔槍發射任何遠程接觸、錐形、線型或是射線法術。當他用這個方式施展法術的時候，槍械上的增強加值會加入法術的命中和豁免DC上。但以這個方式施放法術會有其風險存在，如果法術的攻擊擲骰骰出1，或是敵人的豁免骰出自然20的時候，魔槍將會因此破損。若槍械原本就處在破損狀態，那麼它就會爆炸，噴出一團力場碎片。如果該法術造成能量傷害，那麼爆炸造成該種能量傷害；如果該法術造成多種能量傷害，那麼就隨機擲骰以決定造成哪一種能量傷害。爆炸範圍為一個包含魔槍士的十字型格子，在範圍內的所有生物（包括魔槍士）都必須通過一次DC等同於該法術豁免DC的反射檢定，否則會受到每法術等級1d6的能量或力場傷害。魔槍士每天開始時可以調整一把槍械使之成為魔槍。此同調持續到他把另外一把槍調整成魔槍，即便原先的魔槍已經報廢。此能力取代奧術連結。	
CATEGORY=Special Ability|Spellslinger ~ Gunsmith.MOD	OUTPUTNAME:槍匠（Gunsmith）	DESC:.CLEAR	DESC:魔槍士得到「槍匠」專長，且在1級時得到一把受損的火槍。該火槍必須從銃士可選的槍械中選取。就算魔槍士選擇連結兩把魔槍，他在1級時仍然只能免費得到1把火槍。如同銃士，魔槍士也可用槍械工藝專長修復自己受損的火槍。此能力取代抄錄卷軸。	
CATEGORY=Special Ability|Spellslinger ~ Mage Bullets.MOD	OUTPUTNAME:法能彈（Mage Bullets）	DESC:.CLEAR	DESC:用一個迅捷動作，犧牲一個他已經記憶的法術，魔槍士可以將魔法的力量灌注在槍械之上，提供魔槍額外武器加值，此加值等同於犧牲的法術等級。這些加值可以是增強加值，也可以是以下附魔：舞空、護體、及遠、熾焰、焰爆、霜凍、幽冥、冰爆、慈憫、尋蹤、電擊、電爆、儲法、雷鳴、惡毒和血光，此加值持續的分鐘數相當於犧牲的法術等級，或是他再次使用此能力以切換其他附魔為止。魔槍士無法在同一顆子彈上附帶兩種相同的效果。此能力取代戲法，不過魔槍士可以將「閱讀魔法」和「偵測魔法」這兩個法術加入法術書中，並且以1級法術的方式施展它們。	
CATEGORY=Special Ability|Spellslinger ~ School of the Gun.MOD	OUTPUTNAME:槍學派（School of the Gun）	DESC:.CLEAR	DESC:使用魔槍需要嚴格的訓練和關注，這使的魔槍士必須禁制四個學派的法術。這些學派在1級時被選取，而且之後無法改變。如果他準備禁制學派的法術他必須消耗2個法術位，而且當他製作一件先決條件中需要對立學派法術的魔法物品時，他的技能檢定必須承受-4的罰值。此能力取代奧術學派。	
CATEGORY=Special Ability|Exploiter Wizard ~ Arcane Reservoir.MOD	OUTPUTNAME:奧能源泉（Arcane Reservoir）	DESC:.CLEAR	DESC:在1級時，研究法師獲得奧能師的奧能源泉職業能力，在決定他每等級可以獲得的奧能點數時將他的法師等級視為奧能師等級。本能力取代奧術聯結。	
CATEGORY=Special Ability|Exploiter Wizard ~ Exploiter Exploit.MOD	OUTPUTNAME:奧法發現（Exploiter Exploit）	DESC:.CLEAR	DESC:在1級以及之後每4級時，研究法師都可以獲得一個奧能師奧術發現。在決定他的奧術發現效果和DC時將他的法師等級視為奧能師等級。本能力取代奧術學派。	
CATEGORY=Special Ability|Spell Sage ~ Focused Spells.MOD	OUTPUTNAME:專注法術（Focused Spells）	DESC:.CLEAR	DESC:在1級時，每天一次，魔咒使對某一法術對專心研究讓他可以在施放這個法術時視為自己的施法者等級＋4。在8級時，這個能力可以使用兩次，在16級時增加到3次。本能力取代奧術聯結。	
CATEGORY=Special Ability|Spell Sage ~ Spell Study.MOD	OUTPUTNAME:研習魔法（Spell Study）	DESC:.CLEAR	DESC:在4級時，魔咒使可以研究其他施法者的法術並使用它們——但是因為方法原因，他施放這些破則魔法的效率較低。每天一次，魔咒使可以自發施放一個吟遊詩人，牧師或德魯伊法術，如同這些法術在他的法師法術列表內。施放這個法術需要每個法術環數一輪時間（如果這個法術同時存在於多個職業的法術列表中，則使用環數最低的那個為準），並且需要使用比該法術環數多一倍多法術位。如果這個法術原本多施法時間長於一輪，那麼這些額外多施法時間要加到魔咒使使用破則法術的施法時間上。舉例來說，魔咒使需要兩個一環法術位和2輪時間來施放一環牧師法術治療輕傷。	
CATEGORY=Special Ability|Spirit Whisperer ~ Arcane Bond.MOD	OUTPUTNAME:奧術聯結（Arcane Bond）	DESC:.CLEAR	DESC:靈語者必須選擇魔寵作為自己的法師奧術聯結，並且他的魔寵會成為他聯結魂域的魂獸，如同薩滿職業能力一樣。靈語者不使用法術書記錄法術，而是和女巫一樣和魔寵溝通以獲得每日的法術。本能力替換法師正常的奧術聯結和法術書。	
CATEGORY=Special Ability|Spirit Whisperer ~ Spirit Link.MOD	OUTPUTNAME:聯結魂域（Spirit Link）	DESC:.CLEAR	DESC:在1級時，靈語者獲得一個魂域，如同薩滿的同名職業能力一般。在1級時，他獲得該魂域的精魂之力；在8級時，他獲得高等精魂之力；在20級時，靈語者可以獲得該魂域的顯聖。在決定魂域能力的效果和DC時，靈語者可以以他的法師等級作為薩滿等級。除此之外，他可以在使用魂域賦予的能力時以自己的智力值取代感知值要求。靈語者不會獲得魂域賦予的巫術，魂術和最終精魂之力。本能力取代奧術學派和法師在20級時獲得的獎勵專長。	
CATEGORY=Special Ability|Spirit Whisperer ~ Spirit Hex.MOD	OUTPUTNAME:精魂巫術（Spirit Hex）	DESC:.CLEAR	DESC:在5級時，靈語者可以獲得一個所選魂域賦予的巫術（譯註：大概和上面能力說的不賦予巫術不矛盾）。在決定這個巫術的效果與DC時，靈語者以他的智力調整值取代原本要求的感知調整值。在10級和15級時，靈語者可以獲得一個新的巫術。本能力替換法師在5級，10級和15級獲得的獎勵專長（譯註：原文alter，就是說其他變體仍然可以取代這兩個專長）。	
CATEGORY=Special Ability|Abjuration School ~ Resistance.MOD	OUTPUTNAME:抗力（Resistance）	DESC:.CLEAR	DESC:你獲得5點能量抗力，對應於你選擇的類型。此選擇在你準備法術時決定。抗力類型可以每天改變。在11級時，增加到10點。20級時，你免疫你所選擇的能量類型。	
CATEGORY=Special Ability|Abjuration School ~ Protective Ward.MOD	OUTPUTNAME:保護結界（Protective Ward）	DESC:.CLEAR	DESC:你能夠用標準動作創造一個以你為中心，10尺半徑的魔法場。持續時間等於你的智力加值。所有區域內的盟友（包括你）在AC上獲得+1偏斜加值，維持1輪。此加值每5法師等級+1。你每天可以使用此能力次數為「3+智力修正」。	
CATEGORY=Special Ability|Abjuration School ~ Energy Absorption.MOD	OUTPUTNAME:能量吸取（Energy Absorption）	DESC:.CLEAR	DESC:在6級開始，每天你獲得數值等同於你3倍法師等級的能量吸取。每當你受到能量傷害，你的豁免、易傷和抗力優先作用，之後剩餘的傷害被此能力吸收。吸收的傷害點數從你的每天點數中扣除。傷害值超出吸收的部分將對你造成正常傷害。	
CATEGORY=Special Ability|Banishment School ~ Unstable Bonds.MOD	OUTPUTNAME:不穩連結（Unstable Bonds）	DESC:.CLEAR	DESC:從1級開始，你的觸碰可以擾亂受召喚或呼喚生物在這個位面的連結。以一個近戰接觸攻擊，你可以讓受召喚或呼喚的生物變的戰慄和緩慢，持續輪數為你的法師等級的一半（最少1輪）。你每天可以使用這個能力的次數等同於「3+智力修正」。	
CATEGORY=Special Ability|Banishment School ~ Aura of Banishment.MOD	OUTPUTNAME:放逐靈光（Aura of Banishment）	DESC:.CLEAR	DESC:從1級開始，你每天可以展開一道半徑30尺的靈光，輪數等於你的法師等級。這些回合併不需要連續。任何處於這道靈光內被召喚或呼喚的生物，每輪都必須進行意志檢定，一旦失敗就會在這道靈光內變的緩慢。當他第二次意志檢定失敗時，立即被遣返回他的故鄉界域，且這道召喚法術的持續時間立刻結束。如果法術召喚的生物不只一個，只有檢定失敗的生物會受到影響。	
CATEGORY=Special Ability|Counterspell School ~ Disruption.MOD	OUTPUTNAME:擾亂（Disruption）	DESC:.CLEAR	DESC:1級開始，你得到以觸碰干擾法術施展的能力。以一個近戰接觸攻擊，你可以在目標身邊布下一個擾亂力場。這個力場存在的狀況下，目標必須在使用法術或類法術能力時進行DC為「15+法術等級×2」的專注檢定。如果失敗則目標的法術會被浪費掉。這個力場持續輪數為你的法師等級的一半（最少1輪）。你每天可以使用這個能力的次數等同於「3+智力修正」。	
CATEGORY=Special Ability|Counterspell School ~ Counterspell Mastery.MOD	OUTPUTNAME:製法大師（Counterspell Mastery）	DESC:.CLEAR	DESC:6級開始，你獲得「精通反制」作為獎勵專長。每天1次，可以用一個直覺動作去反制敵人的法術（取代原本的準備動作）。你必須要使用高於對手法術等級至少1級的法術激活這個能力。6級時你每天可以使用這個能力1次，每多4級你可以再多使用1次。	
CATEGORY=Special Ability|Conjuration School ~ Summoner's Charm.MOD	OUTPUTNAME:召喚者魅力（Summoner's Charm）	DESC:.CLEAR	DESC:每當你施展一個咒法「召喚」子學派法術，持續時間增加你的法師等級的一半（最少1輪）。在20級時，你能夠把任何召喚怪物法術持續時間延長為無限。你在同一時間內只能擁有一個以此方式無限持續的召喚怪物法術。如果你指定另一個召喚怪物法術為無限持續，則前一個法術會立刻結束。	
CATEGORY=Special Ability|Conjuration School ~ Acid Dart.MOD	OUTPUTNAME:強酸鏢（Acid Dart）	DESC:.CLEAR	DESC:你能通過一個標準動作釋放一道強酸飛鏢，通過一次遠程接觸攻擊30尺以內的任何敵人。此強酸鏢造成「1d6+1/2法師等級」強酸傷害。你每天可以使用此能力次數為「3+智力修正」。此攻擊無視法術抗力。	
CATEGORY=Special Ability|Conjuration School ~ Dimensional Steps.MOD	OUTPUTNAME:次元步（Dimensional Steps）	DESC:.CLEAR	DESC:在8級，作為個一標準動作，每天你能用此能力傳送每法師等級30尺的距離。傳送距離必須以5尺為單位且不會引起藉機攻擊。你能夠攜帶其他自願的生物一起傳送，但你必須為每個攜帶的生物消耗等額的移動距離。	
CATEGORY=Special Ability|Creation School ~ Create Gear.MOD	OUTPUTNAME:創造工具（Create Gear）	DESC:.CLEAR	DESC:1級開始，你可以創造任何重量不超過每法師等級1磅的工具。用這個方法創造工具是一個標準動作。這個工具會在1分鐘後消失，離開你的手中1輪也會直接消失。要創造一個足夠精確的對象需要通過一個工藝檢定，這由GM決定。這個物品必須是用簡易材料所造，例如木材、石頭、玻璃 或金屬，且不能取下任何相連的部分。你可以用這個能力創造一把匕首，但是不可以用來創造熾火膠。你每天可以使用這個能力的次數等同於「3+智力修正」。	
CATEGORY=Special Ability|Creation School ~ Creator's Will.MOD	OUTPUTNAME:創造者意志（Creator's Will）	DESC:.CLEAR	DESC:8級開始，你可以以類法術能力施展「次級造物術」。你不可以同時擁有超過一件的造物。如果你再次施法，先前的法術效果立即結束。12級開始，這個能力進階為「強效造物術」。你每天可以使用這個能力的次數等同於你法師等級的一半。	
CATEGORY=Special Ability|Teleportation School ~ Shift.MOD	OUTPUTNAME:移型換位（Shift）	DESC:.CLEAR	DESC:1級開始，你可以用一個迅捷動作傳送自己到附近的空間。這種移動並不會引發機會攻擊，你必須可以看到你要傳送的位置。你不能帶著其他生物（除了魔寵）跟你一起移動。你最多可以移動每兩個法師等級5尺的距離（最少5尺）。你每天可以使用這個能力的次數等同於「3+智力修正」。	
CATEGORY=Special Ability|Divination School ~ Forwarned.MOD	OUTPUTNAME:預警（Forwarned）	DESC:.CLEAR	DESC:你總是能在突襲輪行動，即使你在發現敵人的察覺檢定上失敗。但在你行動以前，你始終處於措手不及狀態。另外，你的先攻獲得法師等級一半的加值（至少為1）。在20級時，你的先攻檢定總是自然投出20。	
CATEGORY=Special Ability|Divination School ~ Diviner's Fortune.MOD	OUTPUTNAME:探知機運（Diviner's Fortune）	DESC:.CLEAR	DESC:當你使用此學派力量，你能通過一標準動作碰觸任何生物，使它在攻擊檢定，技能檢定，屬性檢定和豁免上獲得等同於法師等級一半的洞察加值，維持1輪。你每天可以使用此能力次數為「3+智力修正」。	
CATEGORY=Special Ability|Divination School ~ Scrying Adept.MOD	OUTPUTNAME:偵測嫻熟（Scrying Adept）	DESC:.CLEAR	DESC:在8級時，當你被法術偵察時你總能發現。如同恆定的「偵測探知」。另外，每當你偵測一個對象，你被視為對次目標更熟悉。非常熟悉的目標在嘗試迴避你的探知的豁免上獲得-10罰值。	
CATEGORY=Special Ability|Foresight School ~ Prescience.MOD	OUTPUTNAME:預感（Prescience）	DESC:.CLEAR	DESC:在你的回合開始時，以可以以一個自由動作擲骰一個d20。在下一回合之前你可以以這個結果取代任何你要進行但還沒擲骰的d20檢定。如果你在下一回合之前沒有使用這個結果，就會失去這次效果。你每天可以使用這個能力次數為「3+智力修正」。	
CATEGORY=Special Ability|Foresight School ~ Foretell.MOD	OUTPUTNAME:預知之語（Foretell）	DESC:.CLEAR	DESC:8級開始，你可以說出一個對於稍後的未來預報。當你的預知之語生效時，你散發30尺半徑的命運靈光支持你的盟友或者妨礙你的對手，由你在施放的時候選擇。如果你選擇支持，你和你的盟友在屬性檢定、攻擊檢定、施法者等級檢定、豁免檢定以及技能檢定上獲得+2幸運加值。如果你選擇妨礙，你的敵人都立刻在如上的效果上受到-2減值。你每天可以使用這個能力的輪數相當於你的法師等級。這些回合併不需要連續。	
CATEGORY=Special Ability|Scryer School ~ Send Senses.MOD	OUTPUTNAME:感知傳送（Send Senses）	DESC:.CLEAR	DESC:以一個標準動作，你可以在中距離（100尺+每法師等級10尺）定點放置一個傳感器讓你獲得效果線。你可以在輪數為法師等級一半（至少1輪）的時間裡透過傳感器看或聽（但不能兩者兼具）。除此之外這個傳感器作用方式如同以你法師等級為施法者等級施放的「銳耳術/鷹眼術」。你每天可以使用這個能力的次數等同於「3+智力修正」。	
CATEGORY=Special Ability|Enchantment School ~ Enchanting Smile.MOD	OUTPUTNAME:迷人微笑（Enchanting Smile）	DESC:.CLEAR	DESC:你在唬騙，交涉，和威嚇技能檢定上獲得+2增強加值。此加值每5個法師等級+1，20級時達到極限+6。在20級時，每當你成功豁免一個控惑學派的法術時，該法術都會被反彈給它的施法者，如同「法術反轉」。	
CATEGORY=Special Ability|Enchantment School ~ Dazing Touch.MOD	OUTPUTNAME:眩目之觸（Dazing Touch）	DESC:.CLEAR	DESC:你能夠用一個近戰接觸攻擊導致一個生物暈眩1輪。當目標生物的HD高於你法師等級時無效。你每天可以使用此能力次數為「3+智力修正」。	
CATEGORY=Special Ability|Enchantment School ~ Aura of Despair.MOD	OUTPUTNAME:絕望光環（Aura of Despair）	DESC:.CLEAR	DESC:在8級時，你能散發出30尺半徑的絕望光環，每天持續輪數等同你法師等級。在此範圍內的敵人在屬性檢定，攻擊，傷害，豁免和技能檢定上獲得-2罰值。此能力作用時間不需要連續。這是一個影響心智的效果。	
CATEGORY=Special Ability|Controller School ~ Force of Will.MOD	OUTPUTNAME:意志力場（Force of Will）	DESC:.CLEAR	DESC:你可以以通用語傳送心靈、思想跟命令到任何60尺內的生物上。11級開始，受到影響的生物可以跟你透過心靈溝通。20級開始，如果某個惑控法術法術持續時間可以超過1輪，任何成功通過豁免的生物依然會受到你施放的該法術效果影響1輪。	
CATEGORY=Special Ability|Controller School ~ Irresistible Demand.MOD	OUTPUTNAME:絕對命令（Irresistible Demand）	DESC:.CLEAR	DESC:8級開始，你可以強迫其他人完成你的命令。以一個標準動作，你可以如同「支配怪物」法術般控制一個生物，但是對手的HD必須小於等於你的法師等級否則無效。目標生物可以以一個意志豁免抵銷這個影響，豁免難度等於「10+1/2法師等級+智力修正」。你可以控制生物的時間等於你的法師等級輪，這些回合併不需要連續。你必須以一個標準動作專注去維持控制被支配的生物。	
CATEGORY=Special Ability|Manipulator School ~ Beguiling Touch.MOD	OUTPUTNAME:欺愚之觸（Beguiling Touch）	DESC:.CLEAR	DESC:你可以用觸碰去魅惑一個生物。HD超過你法師等級的生物不受這個效果影響，在戰鬥中對你有敵意的生物也是。受影響的生物可以用一個意志檢定避免這個效果。豁免難度等於「10+1/2法師等級+智力修正」。失敗的生物視同受到「魅惑怪物」，持續輪數為法師等級一半（至少1輪）。這是影響心靈的效果。你每天可以使用這個能力的次數等同於「3+智力修正」。	
CATEGORY=Special Ability|Manipulator School ~ Shape Emotions.MOD	OUTPUTNAME:情感塑型（Shape Emotions）	DESC:.CLEAR	DESC:8級開始，你可以展開一個半徑30尺的靈光去防衛或強化情感上的影響，每天可以維持你的法師等級輪。如果你選擇防衛，你和靈光內同伴都會在抵抗恐懼的法術或效果時得到+4士氣加值，而且任何對於你或你的盟友的恐懼效果都會降低一階（戰慄無效化，驚懼變成戰慄，驚慌變成驚懼）。如果你選擇強化，靈光中的敵人都會在抵抗影響心靈的效果上受到-2減值。這些回合併不需要連續。	
CATEGORY=Special Ability|Evocation School ~ Intense Spells.MOD	OUTPUTNAME:銳化法術（Intense Spells）	DESC:.CLEAR	DESC:每當你施展一個造成傷害塑能的法術時，在傷害上增加等於你法師等級一半的加值（最小為1）。此加值僅僅加在法術上，而不是每顆飛彈或是每道射線。此傷害類型與施放的法術相同。在20級時，每當你施展一個塑能法術時，你能在穿透生物法術抗力的施法等級檢定中投骰兩次，並且選擇其中較好的結果。	
CATEGORY=Special Ability|Evocation School ~ Force Missile.MOD	OUTPUTNAME:力場飛彈（Force Missile）	DESC:.CLEAR	DESC:你能用標準動作釋放一顆力場飛彈自動命中一個敵人。如同「魔法飛彈」，此力場飛彈造成1d4傷害，再加上你的銳化法術傷害。這是一個力場效果。你每天可以使用此能力次數為「3+智力修正」。	
CATEGORY=Special Ability|Evocation School ~ Elemental Wall.MOD	OUTPUTNAME:元素牆（Elemental Wall）	DESC:.CLEAR	DESC:在8級時，你能創造一面元素牆，每天持續時間等同於你的法師等級。使用不必連續。元素牆造成強酸、寒冷、電擊或火焰傷害，在創造的時候由你決定。在其他方面參照「火牆術」。	
CATEGORY=Special Ability|Admixture School ~ Versatile Evocation.MOD	OUTPUTNAME:靈巧塑能（Versatile Evocation）	DESC:.CLEAR	DESC:當你施展一個造成強酸、寒冷、電擊或火焰傷害的法術時，你可以選擇將它的傷害類型轉化為以上四種元素傷害之一。這種變化會改變法術的描述符合新的能量類型。任何不造成傷害的效果依然不會被改變，除非它新的屬性並無效果（一個被改變成火焰傷害的「冰風暴」依然因為煙霧對察覺檢定有減值，但它並不會造成困難地型）。有些效果由GM決定。你每天可以使用這個能力的次數等同於「3+智力修正」。	
CATEGORY=Special Ability|Admixture School ~ Elemental Manipulation.MOD	OUTPUTNAME:元素操作（Elemental Manipulation）	DESC:.CLEAR	DESC:8級開始，你可以展開一個半徑30尺的靈光去改變魔法能量。選擇強酸、寒冷、電擊或火焰之一，再選擇一個要轉化成的元素。任何施法者等級等於或低於你法師等級的原屬性法術會被轉化為你選擇的屬性。這還包括那些從HD不大於你施法等級的生物上施展的超自然能力。舉例來講，你可以改變一個白龍的嚴寒噴吐武器（一種超自然能力），但是無法改變火元素的燃燒觸碰（一種特異能力）。如果一個能力只有部分重疊於你的靈光範圍，就只有重疊的部分會被靈光轉化。你每天可以使用這個能力的輪數等同於你的法師等級。這些回合併不需要連續。	
CATEGORY=Special Ability|Generation School ~ Lingering Evocations.MOD	OUTPUTNAME:綿延塑能（Lingering Evocations）	DESC:.CLEAR	DESC:任何你施展且延續時間超過瞬時的塑能法術，額外加上你法師等級一半的持續輪數（至少1輪）。在20級時，任何嘗試解除你的塑能法術檢定都要骰兩次，而且你的對手必須選擇比較不利的那個結果。	
CATEGORY=Special Ability|Generation School ~ Wind Servant.MOD	OUTPUTNAME:風之侍從（Wind Servant）	DESC:.CLEAR	DESC:以一個標準動作，你可以對30尺內有視線的複數無主物品、或一件你的持有物產生一道突發的旋風將其捲走。如果你有一隻空著的手，你可以將這個物品捲到你手上。你可以移動至多每法師等級1磅的物品。這個物品並沒有足以造成傷害的拋擲力道，雖然易碎物像是煉金濺射武器在撞到硬物表面或生物時也會爆開。要靠這招打中一個生物，你必須作一個成功的遠程接觸攻擊檢定。你每天可以使用此能力次數為「3+智力修正」。	
CATEGORY=Special Ability|Illusion School ~ Extended Illusion.MOD	OUTPUTNAME:延遲幻像（Extended Illusion）	DESC:.CLEAR	DESC:任何你施展的持續時間為「專注」的法術，將在你停止保持專注後額外持續法師等級一半的輪數（至少1輪）。在20級時，你能夠使一個持續時間為「專注」的幻像無限持續。你在同一時間內只能擁有一個無限持續幻像。如果你指定另一個幻像為無限持續，則前一個幻像立刻結束。	
CATEGORY=Special Ability|Illusion School ~ Blinding Ray.MOD	OUTPUTNAME:失明射線（Blinding Ray）	DESC:.CLEAR	DESC:你能通過一個標準動作釋放一道閃耀射線，通過一次遠程接觸攻擊30尺以內的任何敵人。此射線導致生物失明1輪。HD高於你法師等級的生物僅僅目眩1輪。你每天可以使用此能力次數為「3+智力修正」。	
CATEGORY=Special Ability|Illusion School ~ Invisibility Field.MOD	OUTPUTNAME:隱形場（Invisibility Field）	DESC:.CLEAR	DESC:在8級，每天你能用一個迅捷動作使自己隱形等同於你法師等級的輪數。該能力使用不需要連續。其他方面如同「高等隱形」。	
CATEGORY=Special Ability|Phantasm School ~ Terror.MOD	OUTPUTNAME:驚懼（Terror）	DESC:.CLEAR	DESC:以一個標準動作，你可以進行一個近戰接觸攻擊造出一個只有受害生物可以看到的，襲擊他的噩夢。這個生物會引發你或盟友的藉機攻擊，由你決定。HD超過你法師等級的生物不受這個效果影響。這是影響心靈的恐懼效果。你每天可以使用這個能力的次數等同於「3+智力修正」。	
CATEGORY=Special Ability|Phantasm School ~ Bedeviling Aura.MOD	OUTPUTNAME:殘虐靈光（Bedeviling Aura）	DESC:.CLEAR	DESC:8級開始，你可以展開一個半徑30尺的靈光讓你的敵人感到被魅影襲擊。在這靈光中的敵人必須以半速移動，而且不能進行藉機攻擊且被視為夾擊。這是影響心靈的效果。你每天可以使用這個能力的輪數等同於你的法師等級。這些回合併不需要連續。	
CATEGORY=Special Ability|Shadow School ~ Binding Darkness.MOD	OUTPUTNAME:糾纏黑暗（Binding Darkness）	DESC:.CLEAR	DESC:以一個標準動作，你以遠程接觸攻擊對任意30尺內的對手施放一道陰影波動。這道陰影糾纏你的敵人1輪，加上你每5個法師等級1輪。在光亮區域中此陰影持續時間減半（最少1輪）。一個被你糾纏的生物若沒有黑暗視覺或類似能力則會受到只影響他們的隱蔽。你每天可以使用這個能力的次數等同於「3+智力修正」。	
CATEGORY=Special Ability|Shadow School ~ Shadow Step.MOD	OUTPUTNAME:陰影步（Shadow Step）	DESC:.CLEAR	DESC:8級開始，你可以用這個能力穿過陰影界，且用標準動作重新出現。你可以用這個能力穿過每法師等級30尺的距離，你可以選擇1輪用完或著分給多次的陰影步使用。這個動作至少消耗5尺且不會引發機會攻擊。穿過陰影界的過程是不精確的，你要照著濺射武器投擲失敗的規則移動。如果你出現的物質界空間已經被佔用，你會安全的彈到最近的安全方格。當你抵達的時候，你會如同受到「朦朧術」般被陰影籠罩且獲得隱蔽一輪。你可以帶著其他自願的生物一起移動，但是你必須為每個生物消耗等量的距離。他們如常的重新回歸（為每個生物作移位檢定）且受到陰影籠罩一輪。	
CATEGORY=Special Ability|Necromancy School ~ Power over Undead.MOD	OUTPUTNAME:力勝於亡（Power over Undead）	DESC:.CLEAR	DESC:你獲得「命令死靈」或者「驅散死靈」作為獎勵專長。你每天能引導能量的次數等於「3+智力修正」，但只能使用你所選的專長。你能夠選擇其他專長來增強這項能力，比如「額外導能」或者「精通導能」。但是不能用專長來改變這項能力，比如「元素導能」或者「陣營導能」。對抗此專長的DC為「10+1/2法師等級+魅力修正」。在20級，不死生物不能用它們的導能抗性來對抗此能力。	
CATEGORY=Special Ability|Necromancy School ~ Grave Touch.MOD	OUTPUTNAME:墓穴之觸（Grave Touch）	DESC:.CLEAR	DESC:作為標準動作，你能通過一次近戰接觸攻擊使一個活物戰慄，此效果持續法師等級一半的輪數（至少1輪）。如果你對戰慄中的生物使用此能力，將導致它驚懼1輪（如果該生物HD小於你的法師等級）。你每天能夠使用此能力次數為「3+智力修正」。	
CATEGORY=Special Ability|Necromancy School ~ Life Sight.MOD	OUTPUTNAME:生命視野（Life Sight）	DESC:.CLEAR	DESC:8級開始，你獲得10尺盲視，每天持續等於你法師等級的輪數。此能力僅僅允許你偵測活物和不死生物。這個視野也會告訴你一個生物到底是不死生物還是活物。構裝體和其他不死不活的生物無法被此能力看見。此能力的範圍在12級以及之後的每4級額外增加10尺。使用此能力的輪數不必連續。	
CATEGORY=Special Ability|Life School ~ Healing Grace.MOD	OUTPUTNAME:醫療恩典（Healing Grace）	DESC:.CLEAR	DESC:當你施展一個對單體、影響區域或需要進行攻擊骰的法術時，你可以治療每法術等級1點的傷害。這些治療可以讓你自由選擇要分給每個受到法術影響的目標。如果你選擇將醫療能量給予任何不死生物的話，他會們受到相當於每點醫療1點的傷害。從11級開始，治療的點數變為每法術等級2點。這個醫療只能在施法當下作用且對後來才進到法術範圍的生物沒有影響。在20級時，治療的點數變為每法術等級3點。	
CATEGORY=Special Ability|Life School ~ Share Essence.MOD	OUTPUTNAME:分享生命（Share Essence）	DESC:.CLEAR	DESC:以一個標準動作，你可以跟一個接觸的活物分享你的身體能量。你會受到「1d6+法師等級」的非致命傷害。你不能承受相等或著超過你當前生命值的傷害；任何超過的傷害都會被阻止。對像會獲得相對你的傷害的臨時生命值（被阻止的超過傷害不會計入）。這些臨時生命值會在1小時後消失。你不可以用這個能力給予自己臨時生命值。你每天可以使用這個能力的次數等同於「3+智力修正」。如果你免疫非致命傷害，則這個能力無效。	
CATEGORY=Special Ability|Undead School ~ Bolster.MOD	OUTPUTNAME:支持（Bolster）	DESC:.CLEAR	DESC:以一個標準動作，你可以碰觸一個不死生物並替它注入負能量。這會給予它攻擊跟豁免檢定的+1褻瀆加值，以及每HD1點的臨時生命值與+2驅散抗力。在攻擊和豁免的加值會在你每5個法師等級增加1點。這些加值持續法師等級一半的輪數（至少1輪）。這些加值跟臨時生命值會在進入「祝聖術（consecrate）」的範圍時立刻解消。你每天可以使用這個能力的次數等同於「3+智力修正」。	
CATEGORY=Special Ability|Transmutation School ~ Physical Enhancement.MOD	OUTPUTNAME:體能增強（Physical Enhancement）	DESC:.CLEAR	DESC:你在一項身體屬性（力量，敏捷，體質）上獲得+1增強加值。此獎勵之後每5級增加1。20級達到最大+5。在每天準備法術時，你能夠改變此加值到一項新屬性上。20級時，此獎勵被加到兩項你所選定的身體屬性上。	
CATEGORY=Special Ability|Transmutation School ~ Telekinetic Fist.MOD	OUTPUTNAME:空間拳（Telekinetic Fist）	DESC:.CLEAR	DESC:作為標準動作，你能用空間拳實施打擊，通過遠程接觸攻擊30尺以內的敵人。此拳造成「1d4+1/2法師等級」鈍擊傷害。你能夠每天使用此能力次數為「3+智力修正」。	
CATEGORY=Special Ability|Transmutation School ~ Change Shape.MOD	OUTPUTNAME:改變形態（Change Shape）	DESC:.CLEAR	DESC:在8級，你能改變你的形態，每天持續等同於你的法師等級的輪數。使用不需連續。此能力在其他方面如同「野獸形態II」或者「元素身軀I」。在12級，此能力視為「野獸形態III」或者「元素身軀II」。	
CATEGORY=Special Ability|Enhancement School ~ Augment.MOD	OUTPUTNAME:強效（Augment）	DESC:.CLEAR	DESC:以一個標準動作，你可以藉著接觸一個生物給予他單項屬性至少+2的增強加值，或著你也可以選擇給他一項可以與其他效果疊加的天生護甲AC+1加值。10級開始，這個加值增加到+4。你給予的天生護甲加值也在每5法師等級再+1，最高到達20級的+5。強效持續法師等級一半的輪數（至少1輪）。你每天可以使用這個能力的次數等同於「3+智力修正」。	
CATEGORY=Special Ability|Enhancement School ~ Perfection of Self.MOD	OUTPUTNAME:完美自我（Perfection of Self）	DESC:.CLEAR	DESC:8級開始，以一個迅捷動作，你可以獲得等同你的法師等級一半（最高+10）的增強加值到單項屬性上1輪。你每天可以使用這個能力的次數等於你的法師等級。	
CATEGORY=Special Ability|Shapechange School ~ Battleshaping.MOD	OUTPUTNAME:戰鬥變型（Battleshaping）	DESC:.CLEAR	DESC:以一個迅捷動作，你長出一項天生武器。這個天生武器維持1輪，且在攻擊與傷害上有你每4個法師等級+1的增強加值。你可以進行一次爪抓，咬嚙或者抵撞攻擊。這些武器造成你正常的體型傷害。11級時，你可以長出兩項天生武器。你不可以用這個能力選擇長出額外的四肢、翅膀或尾巴。你每天可以使用這個能力的次數等同於「3+智力修正」。	
CATEGORY=Special Ability|Universal School ~ Hand of the Apprentice.MOD	OUTPUTNAME:學徒之手（Hand of the Apprentice）	DESC:.CLEAR	DESC:你能讓你的武器從你的手中飛出，打擊一個敵人然後回到你手中。通過一個標準動作，你能使用一件近戰武器作出一次30尺射程的單攻擊。這次攻擊視同投擲武器遠程攻擊，除了你用智力加值取代敏捷加值來決定攻擊值（傷害依然使用力量加值）。此能力不能用於執行一項戰技攻擊。你能夠每天使用此能力次數為「3+智力修正」。	
CATEGORY=Special Ability|Universal School ~ Metamagic Mastery.MOD	OUTPUTNAME:超魔熟稔（Metamagic Mastery）	DESC:.CLEAR	DESC:在8級，你能夠添加任何一項你所知的超魔專長到你即將施展的法術上。不需要改變法術等級或者施法時間。你能在8級時使用此能力每天一次，之後每2級增加1次（20級時每天7次）。每當你將此能力用於一項將法術位額外消耗超過1階的超魔專長時。你必須為超過的每一階法術消耗一次使用次數。即使此能力不增加實際法術等級，你也不能用此能力去施展一個法術等級被修改到超過你能施放最高法術等級的法術。	
CATEGORY=Special Ability|Air School ~ Air Supremacy.MOD	OUTPUTNAME:大氣主宰（Air Supremacy）	DESC:.CLEAR	DESC:你在飛行技能檢定上獲得+2增強加值。這個加值每5個法師等級會再+1。除此之外，你可以對自己隨意施展「羽落術」。5級時，你可以對自己隨意施展「漂浮術」。10級時，你可以對自己隨意施展「飛翔術」。20級時，當你進行飛行檢定時，你總是可以取20。	
CATEGORY=Special Ability|Air School ~ Lightning Flash.MOD	OUTPUTNAME:電光一閃（Lightning Flash）	DESC:.CLEAR	DESC:以一個標準動作，你可以施放一道電光。這道電光對距離你5尺的所有生物造成「1d6+1/2法師等級」的電擊傷害並且讓他們暈眩 1d4輪。成功的反射檢定可以避免陷入暈眩且將傷害減半。豁免DC等於「10+1/2法師等級+智力修正」。你每天可以使用這個能力的次數等同於「3+智力修正」。	
CATEGORY=Special Ability|Air School ~ Cyclone.MOD	OUTPUTNAME:颶風（Cyclone）	DESC:.CLEAR	DESC:8級開始，你可以以一個標準動作創造一道夾雜狂亂氣流的旋風圍繞著你。這道旋風半徑10尺，最大高度為每法師等級10尺。任何穿過這道旋風的遠程攻擊自動失手。任何嘗試穿過的飛行生物必須進行飛行檢定，否則立刻從空中墜落，並且受到墜落傷害（生物不可進行飛行檢定避免墜落傷害）。地面上的生物必須進行力量檢定否則無法通過這道旋風。上述檢定DC為「10+施法者等級」。旋風很難肉眼辨別，必須通過DC15的察覺檢定發現。你每天可以使用這個能力的相當於你的法師等級輪。這些回合併不需要連續。	
CATEGORY=Special Ability|Earth School ~ Earth Supremacy.MOD	OUTPUTNAME:大地主宰（Earth Supremacy）	DESC:.CLEAR	DESC:當你碰觸地面時，你在對抗衝撞、復位、絆摔和闖越的CMD上獲得+2增強加值。這個加值在每5個法師等級會再+1。除此之外，當你跟你的對手都在地面上的時候，你在攻擊跟傷害的擲骰上獲得+1洞察加值。在20級的時候地面跟石塊並不會阻止你法術的效果線，雖然他們依然會阻止你的視線。	
CATEGORY=Special Ability|Earth School ~ Acid Cloud.MOD	OUTPUTNAME:酸雲術（Acid Cloud）	DESC:.CLEAR	DESC:你能以一個標準動作，在30尺內創造一個半徑5尺的酸雲團1輪。這團酸雲對範圍內的全部生物造成「1d6+1/2法師等級」強酸傷害，並且讓他們噁心1輪。成功的強韌檢定可以避免噁心的效果並且減半傷害。豁免DC等於「10+1/2法師等級+智力修正」。回合開始時在那團酸雲中的生物可以毫無減值地離開，但是進入那團酸雲的生物必須如常受到上述效果。你每天可以使用這個能力的次數等同於「3+智力修正」。	
CATEGORY=Special Ability|Earth School ~ Earth Glide.MOD	OUTPUTNAME:大地滑翔（Earth Glide）	DESC:.CLEAR	DESC:8級開始，你獲得穿透地面、塵土跟石頭的能力，持續時間等於你的法師等級輪。你不可以穿透人工的地面跟石頭；只有天然的可以被穿透。如果你的持續時間結束後你還在固體之中，你會彈出到你進入的起點，受到4d6點傷害並且震懾1輪。你的挖掘並不會產生隧道，也不會給你任何實質的視線（雖然你還是可以透過顫動感知偵測周圍的生物）。這些回合併不需要連續。	
CATEGORY=Special Ability|Fire School ~ Fire Supremacy.MOD	OUTPUTNAME:火焰主宰（Fire Supremacy）	DESC:.CLEAR	DESC:你獲得5點火抗力。10級時提升到10點，20級你免疫火傷害。此外，當你與篝火（campfire）以上規模的火源相距5尺以內時，你可以通過一個迅捷動作讓火焰環繞自己。任何以近戰武器（長觸及武器除外）或天生武器攻擊你的人將受到法師等級一半的火焰傷害（至少1點）。	
CATEGORY=Special Ability|Fire School ~ Fire Jet.MOD	OUTPUTNAME:火焰放射（Fire Jet）	DESC:.CLEAR	DESC:以一個標準動作，你可以釋放一道20尺的直線火焰。任何在這道火焰上的敵人都受到「1d6+1/2法師等級」火焰傷害。成功的反射減定可以減半這個傷害，豁免DC等於「10+1/2法師等級+智力修正」。豁免失敗的生物會在接下來的回合內著火，每回合受到1d6點火焰傷害。著火的生物可以通過一個整輪動作，進行一個DC15的反射檢定滅火。在地上打滾對豁免有+2環境加值，進入水中則可以自動滅火。你每天可以使用這個能力的次數等同於「3+智力修正」。	
CATEGORY=Special Ability|Fire School ~ Dancing Flame.MOD	OUTPUTNAME:不知火舞（Dancing Flame）	DESC:.CLEAR	DESC:8級開始，以一個標準動作，你可以將火焰配合你的選擇塑型。你可以消耗一次使用次數移動任何非魔法火焰30尺；或者改變任何你施展且持續時間為瞬時的火焰法術，在其作用區域內移除任意數量的生效方格。如果某個火焰法術有持續時間，你可以用此能力在其原始距離內改變法術位置（視為你重新施展這個法術，但是持續時間不變）。你不可以在其他人施展的火焰法術上使用這個能力。如果你移動非魔法火焰，必須要有一個新燃點，如果沒有會在一輪後熄滅。你每天可以使用這個能力的次數等同於你法師等級的一半。	
CATEGORY=Special Ability|Water School ~ Water Supremacy.MOD	OUTPUTNAME:水之主宰（Water Supremacy）	DESC:.CLEAR	DESC:你在游泳技能檢定上獲得+2增強加值。這個加值每5個法師等級會再+1。除此之外，你可以在進行避免溺水檢定之前閉氣等同4倍你的體質值的時間。10級開始，你獲得等同你基礎速度的游泳速度。20級開始，你可以在游泳檢定時隨意取20。	
CATEGORY=Special Ability|Water School ~ Cold Blast.MOD	OUTPUTNAME:寒冷爆發（Cold Blast）	DESC:.CLEAR	DESC:以一個標準動作，你可以釋放一道爆發的寒冰。這道爆發對你周圍五尺的生物造成「1d6+1/2法師等級」寒冷傷害並且讓他們緩慢1輪。成功的反射檢定可以減半傷害且避免緩慢效果，豁免DC等於「10+1/2法師等級+智力修正」。你每天可以使用這個能力的次數等同於「3+智力修正」。	
CATEGORY=Special Ability|Water School ~ Wave.MOD	OUTPUTNAME:波滔（Wave）	DESC:.CLEAR	DESC:8級開始，你可以從你所在的位置施放一道波浪，每回合可以向你選擇的方向移動30尺。這道波浪可能推倒並推離碰到的生物。你以施法者等級檢定分別對抗每個被衝擊生物的CMD。如果你成功了，那個生物會被推倒在地。每當你的檢定結果超過對方CMD或更多，你就可以在這輪讓對方跟著波浪移動。如果一個生物在你的回合跟波浪在同一個位置上，你可以在這個檢定上獲得+5的加值（當波浪移動時）。被以這種方式沖走的生物可以以一個成功的力量檢定在他的回合離開波浪，豁免DC等於「10+1/2法師等級+智力修正」。但是他們如果被波浪捲入會不能呼吸。這道波浪高20尺，寬度為每法師等級5尺。被波浪碰到的非魔法火焰自動熄滅，魔法火焰則不會受到影響。你每天可以使用這個能力的次數等同於你法師等級的一半。	
CATEGORY=Special Ability|Metal School ~ Metal Magic.MOD	OUTPUTNAME:金系魔法（Metal Magic）	DESC:.CLEAR	DESC:1級時，將下列法術以特定等級加入你的職業法術列表：3級－凍寒金屬（chill metal），灼熱金屬（heat metal）；5級－銹蝕爪（rusting grasp）；9級－驅離金石（repel metal or stone）。當你釋放造成生命值傷害的法術時，你可以對金屬構造的生物、以及穿著金屬製中甲或重甲的生物造成法師等級一半的額外傷害。額外傷害不會因「法術強效」專長或類似效果增加。此加值僅僅作用在法術上，而不是每顆飛彈或是每道射線。此傷害類型與施放的法術相同。	
CATEGORY=Special Ability|Metal School ~ Metal Rending.MOD	OUTPUTNAME:撕裂金屬（Metal Rending）	DESC:.CLEAR	DESC:20級時，每當你對金屬構造的生物、以及穿著金屬製中甲或重甲的生物施展法術時，你能在穿透生物法術抗力的施法等級檢定中投骰兩次，並且選擇其中較好的結果。	
CATEGORY=Special Ability|Metal School ~ Iron Skin.MOD	OUTPUTNAME:鋼鐵皮膚（Iron Skin）	DESC:.CLEAR	DESC:你的AC獲得+2天生護甲加值，持續10分鐘；該加值每5個施法者等級再+1（20級達到最高的+6）。你每天可以使用這個能力的次數等同於「3+智力修正」。	
CATEGORY=Special Ability|Metal School ~ Shrapnel Burst.MOD	OUTPUTNAME:彈片迸射（Shrapnel Burst）	DESC:.CLEAR	DESC:8級時，你可以通過一個迅捷動作讓參差的金屬碎片爆發出體外。這些碎片對10尺半徑爆發範圍內的所有生物造成「1d6+1/2法師等級」穿刺傷害（最低1d6），反射豁免成功可令傷害減半。此外，扭曲的金屬殘片使該區域在你下輪前視為困難地形（結束時碎片消失）。你每天可用此能力1次，13級和18級時增加1次。10級時，鋒銳的彈片在穿透傷害減免時視為魔法武器。	
CATEGORY=Special Ability|Wood School ~ Wood Magic.MOD	OUTPUTNAME:木系魔法（Wood Magic）	DESC:.CLEAR	DESC:1級時，將下列法術以特定等級加入你的職業法術列表：2級－糾纏術（entangle）；3級－樹化術（tree shape）；4級－植物滋長（plant growth）；5級－命令植物（command plants）；6級－融身入林（tree stride）；7級－橡樹守衛（liveoak）；8級－化鐵為木（transmute metal to wood）；9級－控制植物（control plants）。	
CATEGORY=Special Ability|Wood School ~ Flexible Enhancement.MOD	OUTPUTNAME:靈活強化（Flexible Enhancement）	DESC:.CLEAR	DESC:木元素的大師能夠像竹一般能屈能伸。你的敏捷、體質或感知屬性之一獲得+1增強加值。該加值每5級再+1，20級達到最高+5。你可以在準備法術時切換增強的屬性。20級時，你的兩項上述屬性獲得對應增強加值。	
CATEGORY=Special Ability|Wood School ~ Splintered Spear.MOD	OUTPUTNAME:分裂之矛（Splintered Spear）	DESC:.CLEAR	DESC:你可以通過一個標準動作創造出一柄符合你體型的木製短矛，作為投擲武器攻擊100尺內的單一目標（受到正常的距離減值），並以智力修正取代力量或敏捷計算攻擊加值。此矛造成對應其尺寸外加等同於你的智力修正的傷害，命中後碎裂成無數破片；目標每輪行動時受到1點流血傷害。6級和其後的每6級，此矛的增強加值和造成的流血傷害額外+1。你每天可以使用這個能力的次數等同於「3+智力修正」。	
CATEGORY=Special Ability|Wood School ~ Cooperative Defense.MOD	OUTPUTNAME:協同防禦（Cooperative Defense）	DESC:.CLEAR	DESC:8級時，每當你和30尺內的一個以上同伴同處於法術或範圍效果內時，你可以通過此能力讓你的同伴使用你的豁免加值來對抗效果。每個同伴必須在檢定前分別決定是否受益。使用此能力為一個直覺動作。8級時你每天可使用此能力1次，8級後每4級增加1次。	
