CATEGORY=Special Ability|Ninja ~ Sneak Attack.MOD	OUTPUTNAME:偷襲（Sneak Attack）	DESC:.CLEAR	DESC:如果一名忍者可以在對手無法有效防禦自己時做出攻擊，她可以攻擊對手的要害以造成額外傷害。在目標無法應用敏捷加值在防禦等級上的時候（無論目標是否有敏捷加值），或是目標被夾擊的時候，忍者的攻擊造成額外傷害。1級時額外傷害是1d6，並且在之後的每2級都再增加1d6。偷襲的額外傷害是精準傷害。如果忍者在偷襲時造成了重擊，額外傷害不會翻倍。遠程攻擊只有在30尺內時才可以算作偷襲。使用造成非致命傷害的武器時（像是悶棍、長鞭或徒手攻擊），忍者可以在偷襲時造成非致命傷害而不是致命傷。她不能在使用造成致命傷的武器偷襲時造成非致命傷害，即使承受-4懲罰也不行。忍者必須能夠充分地看到目標以找到一個要害並必須能夠觸到該要害。忍者在攻擊有隱蔽的生物時不能造成偷襲傷害。	
CATEGORY=Special Ability|Ninja ~ Poison Use.MOD	OUTPUTNAME:用毒（Poison Use）	DESC:.CLEAR	DESC:1級起，忍者接受用毒的系統訓練，不會在為武器淬毒時失誤毒害自己。	
CATEGORY=Special Ability|Ninja ~ Ki Pool.MOD	OUTPUTNAME:氣池（Ki Pool）	DESC:.CLEAR	DESC:2級時，忍者獲得一個氣池，其中流轉的超自然能量令她能夠完成神妙的技藝。忍者的氣池大小等於「1/2忍者等級+魅力修正」。只要氣池中還有至少1點氣，她就能在任何跳躍的特技技能檢定中如同助跑開始一樣。在10級時，她也可以在跳躍的特技檢定中將DC減半（但她仍舊無法移動超過其速度允許的距離）。自氣池消耗1點氣，忍者可以用最高基本攻擊加值進行一次額外的攻擊，但限其使用全力攻擊時。此外，她可以花費1點氣增加20尺速度，持續1輪。最後，忍者可以花費1點氣令自己在隱匿技能檢定上獲得+4洞察加值，持續1輪。啟動這些能力都是一個迅捷動作。忍者可以選擇特定的忍術來獲得額外的消耗氣池的特殊能力。氣池在8小時休息或冥想後的每天清晨恢復；這些時間無需連續。若忍者擁有其他帶有氣池的職業，則將忍者與該職業等級合計以決定氣池的總點數，但僅能將一種屬性修正加在該總值上。選擇使用何種屬性，需在獲得第二個職業的能力時決定，一旦決定則不可更改。之後忍者可以消耗氣池點數使用每個她所擁有的帶來氣池的職業的能力。	
CATEGORY=Special Ability|Ninja ~ Ninja Trick.MOD	OUTPUTNAME:忍術（Ninja Trick）	DESC:.CLEAR	DESC:隨著忍者不斷練習其技藝，她學會了很多花招，能夠讓她迷惑敵人或是為她帶來超自然的能力。2級開始，忍者習得一項忍術。之後每2級再習得一項。除非額外註明，忍者通常無法對一項忍術進行多次選擇。	
CATEGORY=Special Ability|Ninja ~ No Trace.MOD	OUTPUTNAME:無痕（No Trace）	DESC:.CLEAR	DESC:3級時，忍者習得如何掩蓋行蹤、長時間躲藏以及隱藏其存在。追蹤忍者使用的生存技能檢定DC增加1。此外，她的訓練令她在易容技能檢定、以及保持靜止不動至少1輪的隱匿對抗檢定上獲得+1洞察加值。之後每3級，生存DC和易容及隱匿對抗檢定的加值都再增加1。	
CATEGORY=Special Ability|Ninja ~ Light Steps.MOD	OUTPUTNAME:輕身步（Light Steps）	DESC:.CLEAR	DESC:6級時，忍者習得如何極少接觸腳下地面來進行移動的技巧。以整輪動作，她可以移動雙倍於其速度，忽視困難地形。當以此方式移動時，任何表面都足以支撐她，無論她重量如何。這使得她能夠穿越水面、熔岩、甚至是最細的樹枝。她必須在足以正常支撐她的表面結束移動。她不能以此方式在空氣中移動，或是向上運動到牆上或其他類似的豎直表面。當以此方式移動時，她不會受到該表面帶來的傷害或由接觸引起的危害，例如熔岩或蒺藜，她也無需進行特技動作檢定來避免在溜滑或粗糙的表面摔倒。最後，當使用本能力時忍者忽視任何使用基於位置觸發的機械力學陷阱。	
CATEGORY=Special Ability|Ninja ~ Hidden Master.MOD	OUTPUTNAME:隱藏大師（Hidden Master）	DESC:.CLEAR	DESC:20級時，忍者成為一個真正的技藝大師。她可以用一個標準動作為自己施展『高等隱形術』。當以此方式隱形時，她無法以任何方式偵測到，甚至『消除隱形』、『識破隱形』和『真知術』也無法發現她。她使用忍者等級作為此能力的施法者等級，使用此能力花費2點氣。此外，每當忍者造成偷襲傷害時，她可以犧牲額外傷害骰來對目標的一項屬性值造成等於所犧牲骰數的減值。該減值自身不累計，也無法將屬性值降至1以下。	
CATEGORY=Special Ability|Ninja Trick ~ Acrobatic Master.MOD	OUTPUTNAME:忍法·身捷（Acrobatic Master）	DESC:.CLEAR	DESC:擁有該忍術的忍者可以聚氣，令她下輪開始前在特技技能檢定上獲得+20加值，這是一個迅捷動作。使用本能力消耗1點氣。	
CATEGORY=Special Ability|Ninja Trick ~ Bleeding Attack.MOD	OUTPUTNAME:忍法·血裂*（Bleeding Attack）	DESC:.CLEAR	DESC:擁有此忍術的忍者可以通過偷襲讓活體目標流血。流血攻擊令目標受到每偷襲傷害骰1點傷害。流血的生物在每輪行動開始時都會受到流血傷害。流血可被DC15的醫療檢定、或其他任何恢復生命值的效果終止。此能力造成的流血傷害不與其自身疊加。流血傷害無視該生物的傷害減免。	
CATEGORY=Special Ability|Ninja Trick ~ Choking Bomb.MOD	OUTPUTNAME:忍法·灰飛（Choking Bomb）	DESC:.CLEAR	DESC:每當忍者投擲煙霧彈時，所有生成煙霧中的活物必須通過強韌檢定，否則因嗆人的黑煙而恍惚1d4輪。該豁免檢定DC等於「10+1/2忍者等級+魅力修正」。忍者可以選擇創造普通的煙霧彈或正常將毒藥添加入煙霧彈。忍者必須擁有【忍法·風蝕】方可選擇本忍術。	
CATEGORY=Special Ability|Ninja Trick ~ Combat Trick.MOD	OUTPUTNAME:忍法·戰合（Combat Trick）	DESC:.CLEAR	DESC:選擇此項忍術的忍者獲得一個額外戰鬥專長。	
CATEGORY=Special Ability|Ninja Trick ~ Darkvision.MOD	OUTPUTNAME:忍法·天瞳（Darkvision）	DESC:.CLEAR	DESC:此忍術允許忍者使用氣來增強其視覺，獲得最高60尺的黑暗視覺。使用本忍術為標準動作並耗費1點氣。感官增強效果持續1小時。	
CATEGORY=Special Ability|Ninja Trick ~ Deadly Range.MOD	OUTPUTNAME:忍法·縮地（Deadly Range）	DESC:.CLEAR	DESC:擁有此忍術的忍者可以造成遠程偷襲傷害的射程增加10尺。忍者可以多次選擇本忍術，其效果累計。	
CATEGORY=Special Ability|Ninja Trick ~ Deflect Arrows.MOD	OUTPUTNAME:忍法·見切（Deflect Arrows）	DESC:.CLEAR	DESC:選擇此忍術的忍者獲得「撥擋飛箭」作為獎勵專長。忍者必須擁有【忍法·唐手】才能選擇本忍術。	
CATEGORY=Special Ability|Ninja Trick ~ Fast Stealth.MOD	OUTPUTNAME:忍法·朧影（Fast Stealth）	DESC:.CLEAR	DESC:此能力令忍者可以在使用隱匿技能時以全速移動而不受到懲罰。	
CATEGORY=Special Ability|Ninja Trick ~ Feather Fall.MOD	OUTPUTNAME:忍法·輕足（Feather Fall）	DESC:.CLEAR	DESC:忍者可以如同使用『羽落術』般降低其下落速度。本能力使用忍者等級作為施法者等級。使用本能力為直覺動作。忍者可以免費每日使用本能力1次，額外使用1次花費1點氣。	
CATEGORY=Special Ability|Ninja Trick ~ Flurry of Stars.MOD	OUTPUTNAME:忍法·星散（Flurry of Stars）	DESC:.CLEAR	DESC:擁有此忍術的忍者可以在她使用手裡劍進行整輪攻擊時，以一個迅捷動作花費1點氣，額外以最高攻擊加值投擲出兩枚手裡劍，但她所有的手裡劍攻擊均受-2減值。	
CATEGORY=Special Ability|Ninja Trick ~ Forgotten Trick.MOD	OUTPUTNAME:忍法·莫失（Forgotten Trick）	DESC:.CLEAR	DESC:擁有此忍術的忍者可以回憶起一個她很久以前學到的忍術。當她使用此能力時，她選擇一項她不會的忍術（不能是高等忍術或盜賊天賦），並可在等於她等級的輪數內使用該忍術。她必須正常耗費相應點數的氣來使用這些忍術（如果有的話）。使用本能力花費1點氣。	
CATEGORY=Special Ability|Ninja Trick ~ Hidden weapons.MOD	OUTPUTNAME:忍法·匿兵（Hidden weapons）	DESC:.CLEAR	DESC:擁有此忍術的忍者可以輕鬆地將武器藏在身上。忍者將她的等級加在隱藏武器對應的手上功夫技能檢定上。此外，她可以用移動動作抽出隱藏的武器，替代原本的標準動作。	
CATEGORY=Special Ability|Ninja Trick ~ Ki Block.MOD	OUTPUTNAME:忍法·穿雲*（Ki Block）	DESC:.CLEAR	DESC:擁有此忍術的忍者可以阻止生物使用其氣池。每當忍者造成偷襲傷害時，目標必須通過意志豁免，否則在等於忍者魅力修正的輪數內無法由氣池花費點數。豁免DC等於「10+1/2忍者等級+魅力修正」。目標氣池中的點數並不受影響，無需花費氣的能力也仍可正常生效。	
CATEGORY=Special Ability|Ninja Trick ~ Ki Charge.MOD	OUTPUTNAME:忍法·星爆（Ki Charge）	DESC:.CLEAR	DESC:擁有此忍術的忍者可以將一部分氣充入一件投擲武器中，例如手裡劍，並用一個標準動作投擲出去。該投擲武器爆炸開來並影響10尺爆發範圍，造成1d6點火焰傷害，忍者2級之後的每4級再加1d6點火焰傷害，在18級時達到最高的5d6。受爆炸影響的生物可以通過反射豁免來令傷害減半，DC等於「10+1/2忍者等級+魅力修正」。若投擲武器命中某個生物，該生物在豁免檢定上受-2減值。若投擲武器未命中，參照濺射武器規則處理。使用本忍術花費1點氣。	
CATEGORY=Special Ability|Ninja Trick ~ Poison Bomb.MOD	OUTPUTNAME:忍法·風蝕（Poison Bomb）	DESC:.CLEAR	DESC:每當忍者投擲煙霧彈時，她可以選擇添入一份任何她所擁有的吸入型毒藥。該毒藥影響所有煙霧中的生物，持續時間與煙霧相同。她必須正常消耗該毒藥。忍者必須擁有【忍法·迷蹤】才能選擇本忍術。	
CATEGORY=Special Ability|Ninja Trick ~ Pressure Points.MOD	OUTPUTNAME:忍法·蛇咬*（Pressure Points）	DESC:.CLEAR	DESC:擁有此忍術的忍者可以攻擊敵人的要害穴位，造成衰弱和劇烈疼痛。每當忍者造成偷襲傷害時，她可以造成1點力量或敏捷傷害，由忍者決定。與一般的屬性傷害不同，此傷害可以通過DC15的醫療檢定治好。每次檢定成功可以治好1點本忍術帶來的傷害。擁有本忍術的忍者在此項醫療技能檢定上獲得+10洞察加值。	
CATEGORY=Special Ability|Ninja Trick ~ Rogue Talent.MOD	OUTPUTNAME:忍法·身合（Rogue Talent）	DESC:.CLEAR	DESC:忍者可以選擇一項盜賊天賦代替忍術。忍者不能選擇與忍術同名的盜賊天賦。	
CATEGORY=Special Ability|Ninja Trick ~ Shadow Clone.MOD	OUTPUTNAME:忍法·幻身（Shadow Clone）	DESC:.CLEAR	DESC:忍者創造出1d4個自身的陰影複製體，隱藏自己的真實位置。這類似於『鏡影術』，使用忍者的等級作為施法者等級。使用本忍術為標準動作並花費1點氣。	
CATEGORY=Special Ability|Ninja Trick ~ Slow Metabolism.MOD	OUTPUTNAME:忍法·龜息（Slow Metabolism）	DESC:.CLEAR	DESC:忍者獲得較正常人更緩慢的新陳代謝。她可以閉氣雙倍於正常的時間後方需進行體質檢定（4倍於其體質值）。此外，每當忍者中毒時，豁免檢定之間的時間翻倍。所以，一種頻率為「每輪1次，持續6輪」的毒藥將改為「每2輪1次，持續12輪」。	
CATEGORY=Special Ability|Ninja Trick ~ Slow Reactions.MOD	OUTPUTNAME:忍法·影縫*（Slow Reactions）	DESC:.CLEAR	DESC:被忍者偷襲攻擊傷害的敵人無法進行藉機攻擊1輪。	
CATEGORY=Special Ability|Ninja Trick ~ Smoke Bomb.MOD	OUTPUTNAME:忍法·迷蹤（Smoke Bomb）	DESC:.CLEAR	DESC:本能力允許忍者投擲一枚煙霧彈製造一團15尺半徑的煙霧。這類似於煙霧棒發煙。忍者可以將自己定為煙霧的中心，或是以20尺射程進行遠程接觸攻擊投擲煙霧彈。使用本能力為標準動作。忍者可以每日免費使用本能力1次，每額外次數需花費1點氣。	
CATEGORY=Special Ability|Ninja Trick ~ Snatch Arrows.MOD	OUTPUTNAME:忍法·鳥摘（Snatch Arrows）	DESC:.CLEAR	DESC:選擇此忍術的忍者獲得「抓取飛箭」作為獎勵專長。忍者必須擁有【忍法·唐手】和【忍法·見切】才能選擇本忍術。	
CATEGORY=Special Ability|Ninja Trick ~ Style Master.MOD	OUTPUTNAME:忍法·百式（Style Master）	DESC:.CLEAR	DESC:選擇此忍術的忍者獲得一項滿足前提要求的流派專長。	
CATEGORY=Special Ability|Ninja Trick ~ Sudden Disguise.MOD	OUTPUTNAME:忍法·百面（Sudden Disguise）	DESC:.CLEAR	DESC:忍者可以改變其外貌每等級1分鐘，本能力如同『易容術』。使用本能力為迅捷動作。忍者可以每日免費使用本能力1次，每額外次數需花費1點氣。	
CATEGORY=Special Ability|Ninja Trick ~ Unarmed Combat Training.MOD	OUTPUTNAME:忍法·唐手（Unarmed Combat Training）	DESC:.CLEAR	DESC:選擇此忍術的忍者獲得「精通徒手擊打」作為獎勵專長。	
CATEGORY=Special Ability|Ninja Trick ~ Undetected Sabotage.MOD	OUTPUTNAME:忍法·黯滅（Undetected Sabotage）	DESC:.CLEAR	DESC:每當擁有此忍術的忍者使用解除裝置技能來破壞或解除一個裝置時，她可以進行一個隱匿檢定並獲得等於其等級的加值。任何檢查該裝置的人均不會注意到破壞並誤以為裝置能夠正常工作，除非能夠以察覺技能檢定成功對抗忍者的檢定。	
CATEGORY=Special Ability|Ninja Trick ~ Vanishing Trick.MOD	OUTPUTNAME:忍法·遁形（Vanishing Trick）	DESC:.CLEAR	DESC:忍者可以消失每等級1輪。本能力類似『隱形術』，使用本能力為迅捷動作。忍者可以每天免費使用本能力1次，每額外次數需花費1點氣。	
CATEGORY=Special Ability|Ninja Trick ~ Ventriloquism.MOD	OUTPUTNAME:忍法·腹語（Ventriloquism）	DESC:.CLEAR	DESC:忍者可以令其聲音如同使用『腹語術』法術般發出。她可以使用此能力每忍者等級1分鐘。使用本能力為迅捷動作，每日可以免費使用1次，每額外次數需花費1點氣。	
CATEGORY=Special Ability|Ninja Trick ~ Wall Climber.MOD	OUTPUTNAME:忍法·蛛行（Wall Climber）	DESC:.CLEAR	DESC:擁有此忍術的忍者獲得攀爬速度20尺，但限豎直表面。本能力無法用於攀爬完全光滑的表面或是水平表面的下底面。	
CATEGORY=Special Ability|Ninja Trick ~ Weapon Training.MOD	OUTPUTNAME:忍法·劍合（Weapon Training）	DESC:.CLEAR	DESC:擁有此忍術的忍者可以獲得「武器專攻」作為額外專長。	
CATEGORY=Special Ability|Ninja Trick ~ Advanced Talents.MOD	OUTPUTNAME:忍法·無明合（Advanced Talents）	DESC:.CLEAR	DESC:忍者可以從盜賊高級天賦列表中選擇一項遊蕩者天賦代替忍術。忍者不能選擇與忍術同名的盜賊天賦。忍者不能選擇【精通反射閃避】，除非她已擁有【反射閃避】能力（無論是由職業能力還是【忍法·無常步】獲得）。	
CATEGORY=Special Ability|Ninja Trick ~ Assassinate.MOD	OUTPUTNAME:忍法·瞬獄殺（Assassinate）	DESC:.CLEAR	DESC:擁有本高級忍術的忍者可以殺死無法保護自己的敵人。要嘗試暗殺一個目標，忍者必須首先用一個標準動作觀察目標1輪。在接下來的一輪中，若忍者對目標造成偷襲攻擊且目標失去AC的敏捷加值，偷襲攻擊額外獲得可能令目標緻命的效果。若目標意識到忍者是敵人則嘗試自動失敗。若偷襲攻擊成功且攻擊目標強韌豁免失敗則死亡。該豁免DC等於「10+1/2忍者等級+魅力修正」。若豁免成功，則目標仍舊正常受到偷襲攻擊傷害，但將免疫該忍者的暗殺能力1天。	
CATEGORY=Special Ability|Ninja Trick ~ Blinding Bomb.MOD	OUTPUTNAME:忍法·灰飛滅（Blinding Bomb）	DESC:.CLEAR	DESC:每當忍者投擲煙霧彈時，所有煙霧中的活物必須通過強韌檢定，否則受黑煙影響目盲1d4輪。豁免DC等於「10+1/2忍者等級+魅力修正」。本忍術無法與【忍法·灰飛】合用，但可以與【忍法·風蝕】合用。忍者必須擁有【忍法·灰飛】方可選擇本忍術。	
CATEGORY=Special Ability|Ninja Trick ~ Deadly Shuriken.MOD	OUTPUTNAME:忍法·星殞閃（Deadly Shuriken）	DESC:.CLEAR	DESC:擁有此能力的忍者可以通過一個整輪動作，精確瞄準並凝聚所有攻擊回數以一記致命手裡劍擲出。使用此能力時，忍者對單體目標投擲一枚手裡劍，但進行由基本攻擊加值決定的多次投骰，如同正常整輪攻擊般從高到低排列。若其中任一次攻擊投骰成功，則視為命中；每一次額外的成功攻擊則追加1d6點傷害。基於精準攻擊的傷害和基於武器特性的額外傷害（如熾焰）可以加至傷害，但不會因多次成功投骰而疊加。若其中一次攻擊進入重擊威脅，忍者採用最高基本攻擊加值-5來確認重擊，額外的每次造成重擊威脅的攻擊將使重擊確認中的減值下降1（最小為0）。	
CATEGORY=Special Ability|Ninja Trick ~ Evasion.MOD	OUTPUTNAME:忍法·無常步（Evasion）	DESC:.CLEAR	DESC:忍者可以以高超的敏捷避開魔法和特殊攻擊。她在對抗若通過反射檢定可以減少一半傷害的攻擊時，通過檢定則不會受到傷害。只有在穿戴輕甲或不穿甲時才可以使用本忍術。無助狀態下的忍者不能獲得本忍術的收益。	
CATEGORY=Special Ability|Ninja Trick ~ Feat.MOD	OUTPUTNAME:忍法·心技體（Feat）	DESC:.CLEAR	DESC:忍者可以在滿足需求下選擇獲得任何專長代替忍術。	
CATEGORY=Special Ability|Ninja Trick ~ Ghost Step.MOD	OUTPUTNAME:忍法·幽冥步（Ghost Step）	DESC:.CLEAR	DESC:擁有本忍術的忍者可以穿過牆壁，如同其是一名幽魂一樣。她能夠穿過牆壁或其他表面，最多每等級5尺厚，如同虛體一樣。她必須在她回合結束時從固體材料中離開。使用此能力為迅捷動作。忍者可以每日免費使用此能力1次，每額外次數花費1點氣。	
CATEGORY=Special Ability|Ninja Trick ~ Invisible Blade.MOD	OUTPUTNAME:忍法·遁無形（Invisible Blade）	DESC:.CLEAR	DESC:每當忍者使用【忍法·遁形】時，她視同處於『高等隱形術』效果下。忍者必須擁有【忍法·遁形】方可選擇本忍術。	
CATEGORY=Special Ability|Ninja Trick ~ Master Disguise.MOD	OUTPUTNAME:忍法·千面相（Master Disguise）	DESC:.CLEAR	DESC:擁有本忍術的忍者可以呈現出其他生物或個體的外貌。每當忍者使用【忍法·百面】時，持續時間增至每等級10分鐘。或者，忍者可以使用【忍法·百面】來呈現出某個特定個體的外貌，忍者必須在之前見到過該個體，持續每等級1分鐘。與該個體熟悉的生物可以進行意志豁免檢定來看穿幻象，豁免DC為「10+1/2忍者等級+魅力修正」。幻象同時會改變忍者的言語，如果她曾經聽過目標說話，並能夠使用目標的語言。忍者必須擁有【忍法·百面】方可選擇本忍術。	
CATEGORY=Special Ability|Ninja Trick ~ See the Unseen.MOD	OUTPUTNAME:忍法·慧識眼（See the Unseen）	DESC:.CLEAR	DESC:擁有本忍術的忍者習得如何看到不可視的存在。以一個迅捷動作，忍者可以施展『識破隱形』，使用其等級作為施法者等級。忍者可以每日免費使用此能力1次，每額外次數花費1點氣。	
CATEGORY=Special Ability|Ninja Trick ~ Shadow Split.MOD	OUTPUTNAME:忍法·影分身（Shadow Split）	DESC:.CLEAR	DESC:此忍術允許忍者創造一個自己的幻影分身，該分身會向遠離她移動，使得忍者能夠擾亂對方。當她使用本能力時，一個幻影分身會出現並從忍者處朝著某個方向遠離移動。分身會攀過牆壁，跳過坑洞，或是簡單地通過障礙物，以忍者基本速度的兩倍朝著忍者使用該能力時所指示的方向前進。其路線無法變更。分身會持續每忍者等級1輪時間。那些接觸分身的人可以進行意志豁免檢定來意識到虛假，豁免DC為「10+1/2忍者等級+魅力修正」。忍者可以每日免費使用本能力1次，每額外次數花費1點氣。忍者必須擁有【忍法·幻身】方可選擇本忍術。	
CATEGORY=Special Ability|Ninja Trick ~ Unarmed Combat Mastery.MOD	OUTPUTNAME:忍法·虛刀流（Unarmed Combat Mastery）	DESC:.CLEAR	DESC:擁有此人數的忍者在徒手攻擊時，其傷害骰被認為是「忍者等級-4」等級的武僧般。若忍者已有武僧等級，那麼武僧等級與本能力累計決定徒手打擊的傷害。忍者必須擁有【忍法·唐手】方可選擇本忍術。	
CATEGORY=Special Ability|Ninja Trick ~ Unbound Steps.MOD	OUTPUTNAME:忍法·八咫烏（Unbound Steps）	DESC:.CLEAR	DESC:此忍術允許忍者使用氣來在空氣中行走，隨意願上升或下降。她必須在固體表面結束移動。忍者可以每日免費使用本能力1次，每額外次數花費1點氣。	
