CATEGORY=Special Ability|Samurai ~ Challenge.MOD	OUTPUTNAME:挑戰（Challenge）	DESC:.CLEAR	DESC:每日1次，武士可以向一個對手發出挑戰。以一個迅捷動作，武士選擇視線中的一個目標進行挑戰。近戰攻擊挑戰目標的時候，武士可以造成額外傷害。此額外傷害等於武士的等級。武士在1級時可以每日使用此能力1次，之後每3級增加1次每日可用次數，最高19級時達到每日7次。挑戰一個對手需要武士集中注意力。武士的AC受到-2減值，除非攻擊來自其挑戰目標。挑戰效果持續到目標死亡、失去知覺或戰鬥結束。每個武士的挑戰還擁有另一個效果，這由他們所信奉的武士團決定。	
CATEGORY=Special Ability|Samurai ~ Mount.MOD	OUTPUTNAME:坐騎（Mount）	DESC:.CLEAR	DESC:武士擁有一匹忠誠而可靠的戰馬帶他出入戰場。這一坐騎與德魯伊的動物夥伴類似，使用武士的等級作為他的有效德魯伊等級。他選擇的生物必須是自己能夠騎乘並且適合騎乘的。中體型的武士可以選擇駱駝或者馬，小體型可以選擇矮種馬或狼，4級後也可以選擇野豬或狗。GM可以允許其他動物作為合適坐騎。武士在騎乘其坐騎時在騎術檢定上不受盔甲檢定減值。坐騎總被視為受過戰鬥訓練，並在開始時獲得「擅長輕甲」作為獎勵專長。武士的坐騎不會獲得【法術共享】能力。武士與其坐騎之間的聯結是緊密的，能夠互相理解和預測對方的情緒和行動。如果武士的坐騎死亡，武士可以在一周的哀悼之後找到一個新的坐騎。新的坐騎不會獲得【鏈接】，【反射閃避】，【忠誠】和【精通反射閃避】能力，直到武士下次升級。	
CATEGORY=Special Ability|Samurai ~ Order.MOD	OUTPUTNAME:武士團（Order）	DESC:.CLEAR	DESC:1級時，武士必須對一項特定的信條宣誓，通常是勇武會(Order of Worrior)。信守武士團會帶給武士一些加值、本職技能以及特殊能力。此外，每種武士團都有一些武士必須遵守的信條。如果他違反了這些信條，他會失去由信守武士團帶來的挑戰能力收益，持續24小時。對於信條的違反由GM掌握決定。多數選擇勇武會的武士會宣誓效忠其主公。那些沒有主公可侍奉、或是決定棄絕其領主的武士，都是浪人。武士可以替代性地選擇獻身於一個騎將職業描述之後列出的騎士道信條，但這類武士很罕見。若要改變所屬的武士團，武士必須通過一個冗長的程序申明他的志向。如果決定這樣做了，武士會立刻失去舊武士團帶來的所有收益。他必須在不獲得任何新武士團的收益的前提下，遵守該武士團的法度整整1級的時間。一旦完成，他會獲得新武士團的所有收益。唯一的例外是武士決定成為浪人。武士可以決定立即成為一名浪人，失去所有舊武士團的收益並獲得浪人的新收益。一旦成為浪人，武士改為其他武士團唯一途徑便是通過上文描述的方式。注意，根據戰役設定或GM的偏好，這些武士團可能會有所變化。	
CATEGORY=Special Ability|Samurai ~ Resolve.MOD	OUTPUTNAME:決意（Resolve）	DESC:.CLEAR	DESC:1級開始，武士獲得決意能力，能夠讓他忍受哪怕最具毀滅性的傷害或折磨。1級時他可以每日使用此能力1次，之後每2等級增加1次。每當武士戰勝其挑戰目標時，他可以恢復1次【決意】的每日可用次數，但最高不得超過其每日最大可用次數。戰勝挑戰目標通常指將目標降至生命值0或更低，但GM可以規定敵人投降或逃離戰鬥也算是被戰勝。武士可以通過多種方式使用此決意能力。	
CATEGORY=Special Ability|Samurai ~ Determined.MOD	OUTPUTNAME:堅定信念（Determined）	DESC:.CLEAR	DESC:以一個標準動作，武士可以消耗1次【決意】可用次數來移除疲乏、戰慄或噁心狀態。若武士達到8級，他可以選擇移除力竭、驚懼、反胃或恍惚狀態。若這些狀態持續時間超過1小時或永久性生效，此能力會將該狀態移除1小時，之後該狀態恢復。	
CATEGORY=Special Ability|Samurai ~ Resolute.MOD	OUTPUTNAME:堅決果斷（Resolute）	DESC:.CLEAR	DESC:每當武士需要進行強韌或意志豁免，他可以用一個直覺動作消耗1次【決意】可用次數，投骰兩次並從中選擇較好一次結果。他必須在進行豁免投骰前決定使用此能力。	
CATEGORY=Special Ability|Samurai ~ Unstoppable.MOD	OUTPUTNAME:勢不可擋（Unstoppable）	DESC:.CLEAR	DESC:當武士被降至0點生命值以下，但並不致命時，他可以用一個直覺動作消耗1次【決意】可用次數來立即穩定傷勢並保持神志清醒。他陷入恍惚，但在進行一個標準動作時不會失去意識並開始瀕死。他會在受到任何來源造成的額外傷害時失去意識。	
CATEGORY=Special Ability|Samurai ~ Weapon Expertise.MOD	OUTPUTNAME:武器智識（Weapon Expertise）	DESC:.CLEAR	DESC:3級時，武士在他選擇的武器上獲得獨特的知識技術。3級時，他在武士刀、長弓、薙刀和脅差中選擇一種。武士可以用一個自由動作拔出武器，如同擁有「即時備戰」專長。此外，每當他使用選擇的武器造成重擊威脅時，在重擊確認檢定中獲得+2加值。最後，他的武士等級和任何他所擁有的戰士等級累計，來決定滿足特別針對他所選擇武器的專長的前提條件，例如「武器專精」。	
CATEGORY=Special Ability|Samurai ~ Mounted Archer.MOD	OUTPUTNAME:騎射（Mounted Archer）	DESC:.CLEAR	DESC:4級時，武士擅長在騎乘時使用遠程武器射擊。武士在使用其坐騎進行倍速移動時，使用遠程武器射擊僅受-2減值。該減值在坐騎奔跑時增至-4。	
CATEGORY=Special Ability|Samurai ~ Banner.MOD	OUTPUTNAME:旗幟（Banner）	DESC:.CLEAR	DESC:5級時，武士的旗幟會成為盟軍和夥伴的振奮之源。只要武士的旗幟清晰可見，60尺內的所有友軍在對抗恐懼效果的豁免檢定中獲得+2士氣加值，在衝鋒的攻擊檢定獲得+1士氣加值。10級時，以及之後每5級，這些加值增加1。旗幟必須至少為小型或更大，並且需為武士或其坐騎攜帶或展示方可生效。	
CATEGORY=Special Ability|Samurai ~ Greater Resolve.MOD	OUTPUTNAME:高等決意（Greater Resolve）	DESC:.CLEAR	DESC:9級時，武士可以通過決意能力免除他最嚴重的傷痛。在他受到確認的重擊後，他可以花費1次【決意】次數，以一個直覺動作令該次重擊如同正常攻擊命中一般。僅限重擊引發的效果在武士使用此能力時不會生效。	
CATEGORY=Special Ability|Samurai ~ Honorable Stand.MOD	OUTPUTNAME:榮耀抵抗（Honorable Stand）	DESC:.CLEAR	DESC:11級時，武士可以進行1次榮耀抵抗，決定不計代價地與其挑戰目標奮戰到底。在11級時他可以每日使用榮耀抵抗1次，16級時再增加1次。宣告1次榮耀抵抗是一個迅捷動作。當進行榮耀抵抗時，武士對戰慄、驚懼和恐慌狀態免疫。他在生命值降至0以下時不會失去意識。最後，每當進行榮耀抵抗的武士進行豁免檢定時，他可以花費1次【決意】次數在第一次檢定後重骰一次。他必須接受第二次的結果，即便更糟。若進行榮耀抵抗的武士從與挑戰對手的戰鬥中撤退，他失去進行挑戰的能力24小時。	
CATEGORY=Special Ability|Samurai ~ Demanding Challenge.MOD	OUTPUTNAME:威迫挑戰（Demanding Challenge）	DESC:.CLEAR	DESC:12級時，每當武士宣告挑戰時，他的目標不得不提防來自武士的威脅。只要目標處於武士的威脅範圍內，面對來自武士之外的攻擊時AC就會受到-2懲罰。	
CATEGORY=Special Ability|Samurai ~ Greater Banner.MOD	OUTPUTNAME:旗幟高揚（Greater Banner）	DESC:.CLEAR	DESC:14級時，武士的旗幟將成為對盟友的號召。所有60英尺內的盟友在對抗魅惑和脅迫法術或效果的豁免檢定上獲得+2士氣加值。此外，當武士將他的旗幟顯現在外時，他可以用一個標準動作揮舞旗幟令其飄揚，使所有60英尺內的盟友獲得一次額外的豁免機會，以對抗以他們為目標的任意一個法術或能力效果。該豁免的DC與原DC相同，對不允許豁免的法術或效果此能力無效。任何一個盟友一天內僅能從此能力受益一次。	
CATEGORY=Special Ability|Samurai ~ True Resolve.MOD	OUTPUTNAME:真·決意（True Resolve）	DESC:.CLEAR	DESC:17級時，武士可以花費可用決意次數來避開死亡。若他擁有至少兩次的【決意】可用次數，他可以消耗所有的決意每日可用次數來避開死亡。儘管該攻擊應當殺死他，武士仍會存活下來，生命值為-1（或更低，若他已經低於-1）並傷勢穩定。	
CATEGORY=Special Ability|Samurai ~ Last Stand.MOD	OUTPUTNAME:最終抵抗（Last Stand）	DESC:.CLEAR	DESC:20級時，武士在進行挑戰時可以每日進行一次最後抵抗。當這一挑戰生效時，所有近戰及遠程武器對武士造成最小傷害值，除非攻擊來源為重擊。此外，武士在生命值降至0以下時保持神志清醒且不會陷入恍惚。當使用此能力時，武士不會因近戰或遠程武器而亡，除非它們被武士的挑戰目標所持有。本能力對法術、環境效果、超自然能力或任何近戰和遠程武器之外的傷害來源無效。這類傷害來源對他正常生效並能夠殺死他（儘管仍舊無法令他生命值降至0以下時失去神智或陷入恍惚）。本效果持續至挑戰結束，或武士對挑戰目標之外的其他目標做出進攻性動作。	
CATEGORY=Special Ability|Order of the Warrior ~ Honor in All Things.MOD	OUTPUTNAME:萬物榮耀（Honor in All Things）	DESC:.CLEAR	DESC:2級時，勇武會的武士從他的榮譽感中提取力量。每當武士進行一次技能或豁免檢定時，他可以用一個自由動作喚起榮耀的力量，來令自己的檢定獲得+4士氣加值。他在2級時可以每日使用本能力1次，之後每提升4級再加1次每日可用次數，並在18級時達到每日5次的上限。	
CATEGORY=Special Ability|Order of the Warrior ~ Way of the Samurai.MOD	OUTPUTNAME:武士道（Way of the Samurai）	DESC:.CLEAR	DESC:8級時，勇武會的武士的榮譽和忠誠感指引他完成看上去不可能的任務。武士能夠用一個標準動作，集中思想和意志。在接下來的1分鐘裡，他可以選擇一次攻擊投骰、技能檢定、或豁免檢定，投骰三次並選擇最好一次的結果。他必須在投骰前決定使用此能力。使用本能力花費1次【決意】每日可用次數。	
CATEGORY=Special Ability|Order of the Warrior ~ Strike True.MOD	OUTPUTNAME:真擊斬（Strike True）	DESC:.CLEAR	DESC:15級時，勇武會的武士可以利用他年復一年的訓練和集中注意力來做出完美的打擊。當他使用此能力時，武士正常進行一次攻擊。若該攻擊命中，則直接造成重擊威脅。武士必須正常進行重擊確認投骰。該攻擊造成最大傷害值，但武器附魔、偷襲、以及重擊的額外傷害檢定必須如常進行。這一攻擊的傷害忽視任何目標可能擁有的傷害減免，並令其陷入目盲、耳聾、噁心或恍惚狀態1d4輪（由武士決定）。進行這一攻擊為一個標準動作。武士每日可以使用此能力1次。	
CATEGORY=Special Ability|Ronin ~ Self Reliant.MOD	OUTPUTNAME:仰仗自身（Self Reliant）	DESC:.CLEAR	DESC:2級時，浪人學會即便是處在最困難的時期也僅僅依靠自己。每當浪人針對持續時間高於1輪的效果進行意志豁免檢定失敗時，他可以在該效果的第二輪結束時再次嘗試豁免檢定。若他進行這一豁免檢定，則擁有與正常標準豁免相同的效果（防止部分或全部效果）。此外，每當浪人生命值降至0以下時，在他的下一回合他可以進行兩次來穩定傷勢檢定，使用較好的一次結果。	
CATEGORY=Special Ability|Ronin ~ Without Master.MOD	OUTPUTNAME:無主之侍（Without Master）	DESC:.CLEAR	DESC:8級時，浪人的極端獨立性使他能夠耐受令人吃驚的打擊。浪人可以用一個直覺動作使用此能力。他可以用三種方式使用它：在受到一次令他的生命值降至0以下但不會殺死他的攻擊時，使用此能力改為降至1點生命值且神智清醒；在進行重擊確認的攻擊檢定後使用此能力，重骰該重擊確認檢定；以及在戰鬥中的技能檢定直接取10，即使情況或技能通常情況下不允許他取10。浪人可以在每場戰鬥中使用此能力1次。	
CATEGORY=Special Ability|Ronin ~ Chosen Destiny.MOD	OUTPUTNAME:自決天命（Chosen Destiny）	DESC:.CLEAR	DESC:15級時，浪人成為他自己命運的主人。每當浪人對抗〔魅惑〕或〔脅迫〕效果進行豁免檢定時，他可以投骰兩次並選擇較好的結果。此外，每日1次，浪人可以在一次d20投骰中視同直接骰出20。他必須在進行檢定前宣告使用此能力。	
