Agile Breastplate.MOD	OUTPUTNAME:靈活胸甲（Agile Breastplate）	DESC:.CLEAR	DESC:這副胸甲在打造時使用了特別的改裝，使得穿戴者在裝備它的時候可以進行更為靈巧的身體活動。靈活胸甲在穿戴者進行攀爬檢定、以及跳躍的特技檢定時防具檢定減值僅有-1（秘銀材質和精製品會像正常情況一樣繼續降低此減值）。	
Agile Half-Plate.MOD	OUTPUTNAME:靈活半身甲（Agile Half-Plate）	DESC:.CLEAR	DESC:這副半身甲在打造時使用了特別的改裝，使得穿戴者在裝備它的時候可以進行更為靈巧的身體活動。靈活半身甲在穿戴者進行攀爬檢定、以及跳躍的特技檢定時防具檢定減值僅有-4（秘銀材質和精製品會像正常情況一樣繼續降低此減值）。除此之外，靈活半身甲的穿戴者可以在奔跑的時候進行四倍速度移動，而不是像其他重甲一樣只能進行三倍速度移動。	
Armor Spikes.MOD	OUTPUTNAME:甲刺（Armor Spikes）	DESC:.CLEAR	DESC:你可以將護甲上加裝尖刺，利用它們在你成功的進行擒抱戰技攻擊時造成額外傷害（見軍用武器部分的「甲刺」）。甲刺被視為軍用武器，如果你不擅長甲刺，你在使用它們進行攻擊時會在攻擊檢定上承受-4減值。你也可以使用甲刺進行一次正常近戰（或副手）攻擊，並且甲刺視為輕型武器（你無法在進行過一次副手武器攻擊後再用甲刺發動額外的攻擊，反之亦然）。一套護甲的增強加值無法影響其上安裝的甲刺，不過甲刺本身可以作為武器進行單獨的附魔增強。	
Armored Coat.MOD	OUTPUTNAME:裝甲外套（Armored Coat）	DESC:.CLEAR	DESC:這套結實堅固的皮大衣內側縫綴有金屬護板以資加固，裝甲外套要比普通的輕甲更笨重但又比大多數中甲更輕便。裝甲外套的穿戴者只需要一個移動動作就可以穿上/脫下它（所以裝甲外套不適用於「快速著甲」規則）。如果你將裝甲外套套在其他護甲之外，那麼在計算護甲時，你的護甲AC加值將取二者中佳者，而其他數值則取二者中差者。裝甲外套無法和重甲同時穿著，而在決定增強護甲的魔法效果時，只有穿在外面的護甲、衣物和物品才能受到增強。	
Banded Mail.MOD	OUTPUTNAME:混織鐵甲（Banded Mail）	DESC:.CLEAR	DESC:用層層交疊的鐵條為外層，內襯厚實的皮革和鏈甲，通過這些互相層疊的外層和吸收衝擊力的內層混織鐵甲獲得了相對其他類似的護甲——如板條甲和鱗甲——要強的多的防禦力。	
Breastplate.MOD	OUTPUTNAME:胸甲（Breastplate）	DESC:.CLEAR	DESC:胸甲是一整塊金屬裝甲板，就像全身甲的一部分，但只能保護使用者的軀幹位置。雖然胸甲相當堅固，但它十分不靈活的制式和毫無保護的背面使得它依然劣於那些整套式的護甲——不過，仍然比大多數非金屬護甲好上太多。	
Buckler.MOD	OUTPUTNAME:小圓盾（Buckler）	DESC:.CLEAR	DESC:這塊小型金屬盾牌在使用時需要固定在你的前臂上，你不會在使用弓和十字弓射擊時因為攜帶小圓盾而承受減值。你也可以用裝備小圓盾的手持握武器（無論是使用副手武器、還是用副手協助持用雙手武器），但你會在攻擊檢定上承受-1減值。此減值與其他可能導致副手攻擊承受的減值、以及雙武器戰鬥的減值疊加。任何情況下，如果你使用副手的武器（無論是雙持還是雙手），那麼你會喪失小圓盾為你提供的AC加值、直到你的下回合開始。你可以使用裝備小圓盾的手來施放含有姿勢成分的法術，不過也會導致你喪失小圓盾為你提供的AC加值、直到你的下回合開始。小圓盾不能用來進行盾擊。	
Chain Shirt.MOD	OUTPUTNAME:鏈甲衫（Chain Shirt）	DESC:.CLEAR	DESC:這件用環環相扣的鎖環編織成的鏈甲可以保護住你的軀幹部分。	
Chainmail.MOD	OUTPUTNAME:鏈甲（Chainmail）	DESC:.CLEAR	DESC:和只能包覆胸腹一帶的鏈甲衫不同，一套完整的鏈甲可以遮蓋穿戴者的整個身體：軀幹、手臂、直延下腰，並且在容易受到傷害的部位還加裝有額外的強化件。一套鏈甲包含有鋼手套。	
Do-maru.MOD	OUTPUTNAME:胴丸（Do-maru）	DESC:.CLEAR	DESC:胴丸是武士鎧甲中最輕便的一類。它就像一套較短的裝甲外衣一樣包覆著穿戴者的身體，主要的組成部分是多層疊蓋的甲片而缺乏一塊整體成形的甲板。胴丸的前胸和肩臂缺乏保護，但相對於更重的護甲，穿戴者擁有非常大的行動靈活性。	
Four-mirror Armor.MOD	OUTPUTNAME:四鏡甲（Four-mirror Armor）	DESC:.CLEAR	DESC:這套護甲是由四片裝甲板用皮革吊帶連接而成的——兩片掩心防護軀幹，而另外兩片則覆蓋肋下。四鏡甲可以穿在鏈甲外面以提供額外的保護，通常還需要搭配尖刺盔或是鏈甲兜帽。	
Full Plate.MOD	OUTPUTNAME:全身甲（Full Plate）	DESC:.CLEAR	DESC:大量互相鉚接和層疊的金屬板組成了這套厚重的裝甲，使它的防護效果遠超其他較次的護甲。一整套全身甲（或者簡單地叫盔甲）包括鋼手套、皮靴、覆面頭盔和用來穿在護甲下的厚厚護墊。每一套全身甲都必須由能工巧匠為穿戴者量身定做，所以一套戰利品全身甲必須重新改裝（花費2d4×100 gp，約200-800 gp）才能為新的所有者使用。	
Half-Plate.MOD	OUTPUTNAME:半身甲（Half-Plate）	DESC:.CLEAR	DESC:半身甲綜合了全身甲和鏈甲的特點——將大塊金屬護板和靈活的鏈甲片有機地結合起來。雖然這件護甲在關鍵部位增加了多層防護，但問題在於這件護甲並不是按照使用者的身體尺寸定制的，穿戴它會感覺比全身甲更加笨重。半身甲附帶鋼手套和頭盔。	
Haramaki.MOD	OUTPUTNAME:腹卷（Haramaki）	DESC:.CLEAR	DESC:有些地方也叫千人針，腹卷可以是一束附有鏈甲片的絲綢護墊或是鉸接起來的護甲板，包覆在穿戴者的腹部以資防護。	
Shield (Heavy/Steel).MOD	OUTPUTNAME:重鋼盾（Shield (Heavy/Steel)）	DESC:.CLEAR	DESC:你必須將重鋼盾在前臂上束緊並用手握住才能使用它。重鋼盾的重量使得你必須牢牢低用一隻手掌握它，所以持盾手不能再拿用其他物品。無論是木質還是鋼製，重盾在用於防禦和攻擊的數據上是一樣的，只是法術和一些能力（如『銹蝕爪』法術）對盾牌的效果有所不同。德魯伊可以無懲罰地使用重木盾，而不能使用重鋼盾。	
Shield (Heavy/Wooden).MOD	OUTPUTNAME:重木盾（Shield (Heavy/Wooden)）	DESC:.CLEAR	DESC:重木盾從數據上講和重鋼盾相同，只是法術和一些能力（如『銹蝕爪』法術）對盾牌的效果有所不同。德魯伊可以無懲罰地使用重木盾，而不能使用重鋼盾。	
Hide.MOD	OUTPUTNAME:革甲（Hide）	DESC:.CLEAR	DESC:革甲的材料是用極其厚實的獸皮鞣制而成的，再將這些粗雜的厚皮層層縫製、或是填塞進毛皮料以增強防護效果。如果革甲受到損壞，只需簡單的補綴一些皮片或是重新縫合就可以應付——自然，也會讓一件長期使用的革甲看起來奇醜無比。	
Kikko Armor.MOD	OUTPUTNAME:龜甲（Kikko Armor）	DESC:.CLEAR	DESC:龜甲的表面是一層縫綴在厚布面料裡、位置精心安排過的六角形鐵甲片。龜甲極為靈便——其他提供類似防禦力的護甲都達不到這種程度。這件鎧甲也可以隱藏在戰袍下穿著。	
Klar.MOD	OUTPUTNAME:喀拉爾（Klar）	DESC:.CLEAR	DESC:這種部落民武器的傳統製法是一件和巨角蜥蜴頭骨組合起來的短刃，不過經驗豐富的鐵匠也可以打造出它的全金屬版本。傳統式的喀拉爾視為具有盾刺的輕木盾，金屬喀拉爾則視為具有盾刺的輕鋼盾。	
Kusari Gusoku.MOD	OUTPUTNAME:鎖具足（Kusari Gusoku）	DESC:.CLEAR	DESC:鎖具足是疊具足的另一個版本，兩者的區別在於，鎖具足的主要部分是平甲（鏈甲）而非胸部甲片。	
Lamellar (Horn).MOD	OUTPUTNAME:板鱗甲(獸角)（Lamellar (Horn)）	DESC:.CLEAR	DESC:板鱗甲是用大量各種材質的小護甲片用細繩串疊起來，再編織在一起組成的護甲。一件板鱗甲的材料可能是鞣革、獸角、甚至是石頭——雖然鋼鐵的板鱗甲要常見的多。板鱗甲也可以編織成各種形式：胸甲、護脛、或是全覆式盔甲。具體一件板鱗甲的效果由製造它們的材質決定。	
Lamellar (Iron).MOD	OUTPUTNAME:板鱗甲(鑌鐵)（Lamellar (Iron)）	DESC:.CLEAR	DESC:板鱗甲是用大量各種材質的小護甲片用細繩串疊起來，再編織在一起組成的護甲。一件板鱗甲的材料可能是鞣革、獸角、甚至是石頭——雖然鋼鐵的板鱗甲要常見的多。板鱗甲也可以編織成各種形式：胸甲、護脛、或是全覆式盔甲。具體一件板鱗甲的效果由製造它們的材質決定。	
Lamellar (Stone).MOD	OUTPUTNAME:板鱗甲(岩塊)（Lamellar (Stone)）	DESC:.CLEAR	DESC:板鱗甲是用大量各種材質的小護甲片用細繩串疊起來，再編織在一起組成的護甲。一件板鱗甲的材料可能是鞣革、獸角、甚至是石頭——雖然鋼鐵的板鱗甲要常見的多。板鱗甲也可以編織成各種形式：胸甲、護脛、或是全覆式盔甲。具體一件板鱗甲的效果由製造它們的材質決定。	
Lamellar (Leather).MOD	OUTPUTNAME:板鱗甲(皮革)（Lamellar (Leather)）	DESC:.CLEAR	DESC:板鱗甲是用大量各種材質的小護甲片用細繩串疊起來，再編織在一起組成的護甲。一件板鱗甲的材料可能是鞣革、獸角、甚至是石頭——雖然鋼鐵的板鱗甲要常見的多。板鱗甲也可以編織成各種形式：胸甲、護脛、或是全覆式盔甲。具體一件板鱗甲的效果由製造它們的材質決定。	
Lamellar (Steel).MOD	OUTPUTNAME:板鱗甲(鋼材)（Lamellar (Steel)）	DESC:.CLEAR	DESC:板鱗甲是用大量各種材質的小護甲片用細繩串疊起來，再編織在一起組成的護甲。一件板鱗甲的材料可能是鞣革、獸角、甚至是石頭——雖然鋼鐵的板鱗甲要常見的多。板鱗甲也可以編織成各種形式：胸甲、護脛、或是全覆式盔甲。具體一件板鱗甲的效果由製造它們的材質決定。	
Lamellar Cuirass.MOD	OUTPUTNAME:板鱗護胸（Lamellar Cuirass）	DESC:.CLEAR	DESC:這套護甲大體上是一副用鞣革製造的輕型護胸和護肩，再將它們固定在一件絲綢套衫上。	
Leather.MOD	OUTPUTNAME:皮甲（Leather）	DESC:.CLEAR	DESC:皮甲是用多層煮沸硬化過的皮革再密密縫綴而成的護甲。雖然它們的防禦力趕不上金屬護甲，但皮甲的靈活性使它成為了絕大多數人優先的選擇，也是最常見的護甲。	
Quickdraw Shield (Light/Steel).MOD	OUTPUTNAME:快速裝卸輕鋼盾（Quickdraw Shield (Light/Steel)）	DESC:.CLEAR	DESC:這面特殊改造過的輕鋼盾加裝了一些額外的皮帶，可以讓擅長使用它的人以更快的速度將它舉起或放回背上。如果你擁有+1或更高的基本攻擊加值，你能以一個組合到移動動作中的迅捷動作將盾牌舉起或卸下。如果你擁有「雙武器格鬥」專長，那麼你也能以和拔出一把單手武器同樣的時間，同時拔出一把單手或輕型武器、以及一面快速裝卸輕鋼盾。如果你擁有「即時備戰」專長，那麼你能以一個自由動作將盾牌舉起或卸下。	
Shield (Light/Steel).MOD	OUTPUTNAME:輕鋼盾（Shield (Light/Steel)）	DESC:.CLEAR	DESC:你必須將輕鋼盾在前臂上束緊才能使用它。輕鋼盾的持盾手可以抓握其他的物品，但仍然不足以靈活到持用另一把武器。無論是木質還是鋼製，輕盾在用於防禦和攻擊的數據上是一樣的，只是法術和一些能力（如『銹蝕爪』法術）對盾牌的效果有所不同。德魯伊可以無懲罰地使用輕木盾，而不能使用輕鋼盾。	
Quickdraw Shield (Light/Wooden).MOD	OUTPUTNAME:快速裝卸輕木盾（Quickdraw Shield (Light/Wooden)）	DESC:.CLEAR	DESC:快速裝卸輕木盾從數據上講和快速裝卸輕鋼盾相同，只是法術和一些能力（如『銹蝕爪』法術）對盾牌的效果有所不同。德魯伊可以無懲罰地使用快速裝卸輕木盾，而不能使用快速裝卸輕鋼盾。	
Shield (Light/Wooden).MOD	OUTPUTNAME:輕木盾（Shield (Light/Wooden)）	DESC:.CLEAR	DESC:輕木盾從數據上講和輕鋼盾相同，只是法術和一些能力（如『銹蝕爪』法術）對盾牌的效果有所不同。德魯伊可以無懲罰地使用輕木盾，而不能使用輕鋼盾。	
Madu (Leather).MOD	OUTPUTNAME:皮製馬杜（Madu (Leather)）	DESC:.CLEAR	DESC:馬杜是裝有兩隻獸角的圓形輕皮盾——通常為羚羊角——兩角指向相反的方向並從盾牌邊緣延伸刺向外側。若你擅長馬杜，你能在持用它進行防禦式戰鬥時、攻擊檢定承受-2減值而非通常的-4，你使用「寓守於攻」專長時的攻擊減值也會降低1點（減值至少-1）。你無法用持有馬杜的手抓握任何其他東西。若你不擅長它，可以將其視為附有盾刺的輕盾。馬杜無法被卸武。馬杜也能以金屬整塊打造，但兩種版本對攻防的效果相同，僅在考慮某些法術和效果（如『銹蝕爪』法術）時有所差異。德魯伊可以使用皮質馬杜，鋼鐵馬杜則不行。	
Madu (Steel).MOD	OUTPUTNAME:鋼製馬杜（Madu (Steel)）	DESC:.CLEAR	DESC:馬杜是裝有兩隻獸角的圓形輕皮盾——通常為羚羊角——兩角指向相反的方向並從盾牌邊緣延伸刺向外側。若你擅長馬杜，你能在持用它進行防禦式戰鬥時、攻擊檢定承受-2減值而非通常的-4，你使用「寓守於攻」專長時的攻擊減值也會降低1點（減值至少-1）。你無法用持有馬杜的手抓握任何其他東西。若你不擅長它，可以將其視為附有盾刺的輕盾。馬杜無法被卸武。馬杜也能以金屬整塊打造，但兩種版本對攻防的效果相同，僅在考慮某些法術和效果（如『銹蝕爪』法術）時有所差異。德魯伊可以使用皮質馬杜，鋼鐵馬杜則不行。	
Mountain Pattern Armor.MOD	OUTPUTNAME:山文鎧（Mountain Pattern Armor）	DESC:.CLEAR	DESC:這件中型護甲由無數古文「山」字形的鐵葉攢成，附有皮質或布制的襯底。一件山文鎧可以像鏈甲長袍一樣完全保護住穿戴者的軀幹，雙肩和腰腹部。	
O-Yoroi.MOD	OUTPUTNAME:大鎧（O-Yoroi）	DESC:.CLEAR	DESC:這種鎧甲幾乎只有高級武士才能穿著。大鎧是一套工藝複雜的組合型重護甲，兼有護甲板和甲片層的部分。每一套大鎧也都必須為使用者特別訂造，並用特殊的著彩、繪紋和上漆來表現其身份。一件大鎧的中心部分是其分成兩部分的護胸版——一具被稱為「脅楯」的右側額外護板，和一副龜甲護胸。脅楯的主要部件是皮面的金屬板，而大鎧的內襯——被稱為「肩上」，也採用的是相似的結構。除此之外，還有一系列其他部件如板層結構的護肩，遮蓋雙臂的龜甲套袖，防禦腹股溝的護板和穿在護墊長褲外的漆繪鐵護腿。大鎧的另外一個重要部分是它裝飾華麗的兜盔，以及與之相配套、用硬化的皮革和金屬製造的顏面甲。顏面通常被製造成各種奇詭的外形，如惡鬼、巨龍和其他類似的神話生物以威嚇敵人。	
Padded.MOD	OUTPUTNAME:護墊甲（Padded）	DESC:.CLEAR	DESC:比一層普通的粗重衣服強不了多少，護墊甲僅僅是一副厚實、帶填充物的布襖，為穿戴者提供最基礎的防護。通常只有那些事先知道自己不會加入致命格鬥，或是依賴靈活身手、而不是盔甲保命的人才會穿上這種幾乎是象徵性的護具。	
Parade.MOD	OUTPUTNAME:典禮護甲（Parade）	DESC:.CLEAR	DESC:大多數富庶國家的軍隊都會在戰鬥裝備外再準備一套用於儀仗展示、而非作戰的華麗裝備，用來在諸如閱兵、典禮和集會場合時穿著。這些特殊裝備是制式和設計因不同地域和軍隊而異，但基本上都還是能提供給它們的穿戴者一定的防禦力以備不時之需。比如說，某個國家的制式典禮護甲就可以是一副完整配套的鏈甲衫、戰袍、皮護腿和鷹盔。當使用者穿著本國的典禮護甲時，他對該國人的交涉和威嚇檢定獲得+2環境加值。一件典禮護甲的主體材質可能是皮革、金屬或是兩者組合——取決於其生產國家。	
Quilted Cloth.MOD	OUTPUTNAME:填充布甲（Quilted Cloth）	DESC:.CLEAR	DESC:這種加強版的護墊甲具有特製的填充層，用來阻隔諸如箭、弩矢、飛鏢、手裡劍、飛刀等小型投射物。當你在穿戴填充布甲而被這樣的武器擊中時，它們通常會被襯墊卡住而無法直接傷到你。穿戴填充布甲會使你在對抗此類武器攻擊時獲得DR「3/-」，但對於其他的武器攻擊則無效。	
Scale Mail.MOD	OUTPUTNAME:鱗甲（Scale Mail）	DESC:.CLEAR	DESC:鱗甲是由無數互相交疊的小金屬片組成的護甲。雖然在結構上非常類似於混織鐵甲和板條甲，不過鱗甲更為細密靈活的甲片分佈使穿戴者的行動更為便捷而不太受牽制——但也犧牲了更具保護性的大塊護甲片作為代價。一套鱗甲附有鋼手套。	
Silken ceremonial armor.MOD	OUTPUTNAME:絲綢禮甲（Silken ceremonial armor）	DESC:.CLEAR	DESC:一套精工織就的禮裝通常只在儀典場合或少數時候（沒有額外作用地）穿在其他護甲外面作為戰袍。一件絲綢禮甲通常是由多層布面和一層絲綢面料用金線織成的，通常還會附上金屬嵌釘以為加固。	
Splint Mail.MOD	OUTPUTNAME:板條甲（Splint Mail）	DESC:.CLEAR	DESC:大量交疊的金屬板條縫綴在皮革或織物製成的襯底上，組成板條甲的單個甲片要比鱗甲的小甲片大上許多，也更加堅固耐用。板條甲具有相當的防禦力，但反之——靈活度要大打折扣。一套板條甲也附有鋼手套。	
Stoneplate.MOD	OUTPUTNAME:石板甲（Stoneplate）	DESC:.CLEAR	DESC:矮人鑄甲師用經過特殊煉金韌化處理的板岩和砂岩打造出了這些非同尋常的護甲。石板甲笨重異常但又極為堅實，足以為穿戴者提供可觀的防禦力。那些不能穿著金屬護甲的矮人德魯伊是這種護甲最為忠實的客戶。	
Studded Leather.MOD	OUTPUTNAME:鑲嵌皮甲（Studded Leather）	DESC:.CLEAR	DESC:這種加強版的皮甲在表面上鉚有大量金屬嵌釘，這些圓滑的金屬件可以有效地增加額外的防護效力——將致命的刀刃和劍尖從要害部分偏斜開，避免對使用者造成重創。但是，這些額外的金屬也自然增加了整件護甲的重量，使它比普通皮甲重上很多。	
Tatami-Do.MOD	OUTPUTNAME:疊具足（Tatami-Do）	DESC:.CLEAR	DESC:這種護甲常被武士們用來代替更為昂貴沉重的大鎧。一套疊具足是由金屬板層甲和龜甲部件組合製成的全身護甲，底襯布制護墊。疊具足也附有兜盔或陣笠，以及肩臂和腰腹護片。	
Shield (Tower).MOD	OUTPUTNAME:塔盾（Shield (Tower)）	DESC:.CLEAR	DESC:這面巨大的木製盾牌幾乎和使用它的人一樣高。多數情況下，塔盾只能為你提供AC加值。不過除此之外，以一個標準動作，塔盾的使用者可以利用塔盾為自己獲得全掩蔽，持續到他的下回合開始為止。如果你要這樣使用塔盾，你需要選擇自己所佔據方格的一條邊線，在對抗敵人對你自己的攻擊時此邊線視為堅固牆壁。你只能從這一條邊獲得全掩蔽，而其他不穿過這條線的攻擊則無效（見核心規則戰鬥章節中掩蔽相關部分）。但是，塔盾並不會對法術效果提供任何掩蔽，一個施法者可以瞄準塔盾、等同於瞄準它的持有者——你。塔盾不能用來進行盾擊，你也無法用持盾手做任何事。塔盾極其沉重，當持用塔盾戰鬥時，你的攻擊檢定承受-2減值。	
Wooden.MOD	OUTPUTNAME:木甲（Wooden）	DESC:.CLEAR	DESC:這件護甲以皮甲為襯底，外掛以火燒法硬化過的木片。雖然木甲的防禦力不能和金屬護甲相提並論，不過至少它比皮甲還是稍好一點。和金屬甲不同的另外一點是，木甲自身具有浮力——它對游泳技能檢定的防具檢定減值為0。	
