Dungeon Ring (Prisoner).MOD	OUTPUTNAME:囚犯地牢戒指 （Dungeon Ring, prisoner's）
Ring of Arcane Signets.MOD	OUTPUTNAME:奧術之印 （Ring of Arcane Signets）
Ring of Spell Knowledge I.MOD	OUTPUTNAME:一型法術知識戒指 （Ring of Spell Knowledge I）
Ring of Protection +1.MOD	OUTPUTNAME:防護戒指+1 （Ring of Protection +1）
Ring of the Grasping Grave.MOD	OUTPUTNAME:斷死戒指 （Ring of the Grasping Grave）
Ring of Lingering Blood Magic.MOD	OUTPUTNAME:遲滯血咒戒指（Ring of Lingering Blood Magic）
Ring of Feather Falling.MOD	OUTPUTNAME:羽落術戒指 （Ring of Feather Falling）
Ring of Climbing.MOD	OUTPUTNAME:攀爬戒指 （Ring of Climbing）
Ring of Jumping.MOD	OUTPUTNAME:跳躍戒指 （Ring of Jumping）
Ring of Sustenance.MOD	OUTPUTNAME:維生戒指 （Ring of Sustenance）
Ring of Swimming.MOD	OUTPUTNAME:游泳戒指 （Ring of Swimming）
Ring of Natural Attunement (Leshy).MOD	OUTPUTNAME:自然協律戒指：萊西（Ring of Natural Attunement: Leshy）
Ring of Ferocious Action.MOD	OUTPUTNAME:兇猛行動戒指 （Ring of Ferocious Action）
Ring of Powerful Blood Magic.MOD	OUTPUTNAME:增效血咒戒指（Ring of Powerful Blood Magic）
Ring of Eloquence.MOD	OUTPUTNAME:口才戒指（Ring of Eloquence）
Ring of Counterspells.MOD	OUTPUTNAME:法術反制戒指 （Ring of Counterspells）
Ring of Ancestral Blood Magic.MOD	OUTPUTNAME:先祖血咒戒指（Ring of Ancestral Blood Magic）
Ring of Maniacal Devices.MOD	OUTPUTNAME:機械狂戒指 （Ring of Maniacal Devices）
Ring of Rat Fangs.MOD	OUTPUTNAME:鼠牙戒指 （Ring of Rat Fangs）
Ring of Vengeful Blood Magic.MOD	OUTPUTNAME:仇念血咒戒指（Ring of Vengeful Blood Magic）
Ring of Sacred Mistletoe.MOD	OUTPUTNAME:聖潔槲寄生戒指 （Ring of Sacred Mistletoe）
Ring of Spell Knowledge II.MOD	OUTPUTNAME:二型法術知識戒指 （Ring of Spell Knowledge II）
Ring of Swarming Stabs.MOD	OUTPUTNAME:蜂刺戒指 （Ring of Swarming Stabs）
Ring of Grit Mastery.MOD	OUTPUTNAME:勇毅精通戒指 （Ring of Grit Mastery）
Ring of Summoning Affinity (Archon).MOD	OUTPUTNAME:召喚共鳴戒指：神使（Ring of Summoning Affinity: Archon）
Ring of Summoning Affinity (Angel).MOD	OUTPUTNAME:召喚共鳴戒指：天使（Ring of Summoning Affinity: Angel）
Ring of Summoning Affinity (Protean).MOD	OUTPUTNAME:召喚共鳴戒指：幻蛇（Ring of Summoning Affinity: Protean）
Ring of Summoning Affinity (Kyton).MOD	OUTPUTNAME:召喚共鳴戒指：鏈魔（Ring of Summoning Affinity: Kyton）
Ring of Summoning Affinity (Asura).MOD	OUTPUTNAME:召喚共鳴戒指：阿修羅（Ring of Summoning Affinity: Asura）
Ring of Summoning Affinity (Psychopomp).MOD	OUTPUTNAME:召喚共鳴戒指：招魂者（Ring of Summoning Affinity: Psychopomp）               
Ring of Summoning Affinity (Agathion).MOD	OUTPUTNAME:召喚共鳴戒指：蓋丁（Ring of Summoning Affinity: Agathion）
Ring of Natural Attunement (Kami).MOD	OUTPUTNAME:自然協律戒指：社神（Ring of Natural Attunement: Kami）
Ring of Summoning Affinity (Aeon).MOD	OUTPUTNAME:召喚共鳴戒指：御衡者（Ring of Summoning Affinity: Aeon）
Ring of Forcefangs.MOD	OUTPUTNAME:力牙戒指 （Ring of Forcefangs）
Ring of Mind Shielding.MOD	OUTPUTNAME:心靈護盾戒指 （Ring of Mind Shielding）
Ring of Protection +2.MOD	OUTPUTNAME:防護戒指+2 （Ring of Protection +2）
Ring of Strength Sapping.MOD	OUTPUTNAME:削力戒指 （Ring of Strength Sapping）
Ring of Summoning Affinity (Inevitable).MOD	OUTPUTNAME:召喚共鳴戒指：制裁者（Ring of Summoning Affinity: Inevitable）
Ring of Force Shield.MOD	OUTPUTNAME:力場護盾戒指 （Ring of Force Shield）
Ring of the Ram.MOD	OUTPUTNAME:攻城錘戒指 （Ring of the Ram）
Ring of Summoning Affinity (Qlippoth).MOD	OUTPUTNAME:召喚共鳴戒指：古魔（Ring of Summoning Affinity: Qlippoth）
Scholar's Ring.MOD	OUTPUTNAME:學者戒指 （Scholar's Ring）
Ring of Summoning Affinity (Div).MOD	OUTPUTNAME:召喚共鳴戒指：妖靈（Ring of Summoning Affinity: Div）
Ring of Climbing (Improved).MOD	OUTPUTNAME:精通攀爬戒指 （Ring of Climbing, Improved）
Ring of Curing.MOD	OUTPUTNAME:治癒戒指 （Ring of Curing）
Ring of Foe Focus.MOD	OUTPUTNAME:集中對敵戒指 （Ring of Foe Focus）
Ring of Jumping (Improved).MOD	OUTPUTNAME:精通跳躍戒指 （Ring of Jumping, Improved）
Ring of Ki Mastery.MOD	OUTPUTNAME:真氣精通戒指 （Ring of Ki Mastery）
Ring of Revelation (Lesser).MOD	OUTPUTNAME:次等啟示戒指 （Ring of Revelation, lesser）
Ring of Swimming (Improved).MOD	OUTPUTNAME:精通游泳戒指 （Ring of Swimming, Improved）
Ring of Summoning Affinity (Daemon).MOD	OUTPUTNAME:召喚共鳴戒指：邪魔（Ring of Summoning Affinity: Daemon）
Ring of Animal Friendship.MOD	OUTPUTNAME:動物之友戒指 （Ring of Animal Friendship）
Ring of Transposition.MOD	OUTPUTNAME:轉移戒指 （Ring of Transposition）
Ring of Tactical Precision.MOD	OUTPUTNAME:精準戰術戒指 （Ring of Tactical Precision）
Ring of the Sophisticate.MOD	OUTPUTNAME:世故戒指 （Ring of the Sophisticate）
Decoy Ring.MOD	OUTPUTNAME:誘餌戒指 （Decoy Ring）
Ring of Craft Magic.MOD	OUTPUTNAME:魔力工藝戒指 （Ring of Craft Magic）
Ring of Ectoplasmic Invigoration.MOD	OUTPUTNAME:外質滋補戒指 （Ring of Ectoplasmic Invigoration）
Ring of Energy Resistance (Minor/Acid).MOD	OUTPUTNAME:低等抵抗能量傷害戒指（強酸）（Ring of Acid Energy Resistance, Minor）
Ring of Energy Resistance (Minor/Cold).MOD	OUTPUTNAME:低等抵抗能量傷害戒指（寒冷）（Ring of Cold Energy Resistance, Minor）
Ring of Energy Resistance (Minor/Electricity).MOD	OUTPUTNAME:低等抵抗能量傷害戒指（閃電）（Ring of Electricity Energy Resistance, Minor）
Ring of Energy Resistance (Minor/Fire).MOD	OUTPUTNAME:低等抵抗能量傷害戒指（火焰）（Ring of Fire Energy Resistance, Minor）
Ring of Energy Resistance (Minor/Sonic).MOD	OUTPUTNAME:低等抵抗能量傷害戒指（音波）（Ring of Sonic Energy Resistance, Minor）
Ring of the Troglodyte.MOD	OUTPUTNAME:怪臭戒指 （Ring of the Troglodyte）
Steelhand Circle.MOD	OUTPUTNAME:鐵手環 （Steelhand Circle）
Ring of Chameleon Power.MOD	OUTPUTNAME:變色龍戒指 （Ring of Chameleon Power）
Ring of Natural Attunement (Drake).MOD	OUTPUTNAME:自然協律戒指：龍獸（Ring of Natural Attunement: Drake）
Ring of Spell Knowledge III.MOD	OUTPUTNAME:三型法術知識戒指 （Ring of Spell Knowledge III）
Ring of the Sea Strider.MOD	OUTPUTNAME:海行戒指 （Ring of the Sea Strider）
Ring of Retribution.MOD	OUTPUTNAME:報應戒指 （Ring of Retribution）
Ring of Water Walking.MOD	OUTPUTNAME:水上行走戒指 （Ring of Water Walking）
Ring of Resilience.MOD	OUTPUTNAME:達觀戒指（Ring of Resilience）
Dungeon Ring (Prisoner).MOD	OUTPUTNAME:獄卒地牢戒指 （Dungeon ring, jailer's）
Ring of Revelation (Greater).MOD	OUTPUTNAME:高等啟示戒指 （Ring of Revelation, greater）
Ring of Inner Fortitude (Minor).MOD	OUTPUTNAME:低等內在強韌戒指 （Ring of Inner Fortitude, minor）
Ring of Protection +3.MOD	OUTPUTNAME:防護戒指+3 （Ring of Protection +3）
Ring of Spell Storing (Minor).MOD	OUTPUTNAME:次等儲法戒指 （Ring of Spell Storing, minor）
Ring of Energy Shroud (Acid).MOD	OUTPUTNAME:能量包裹戒指（強酸）（Ring of Energy Shroud (Acid)）
Ring of Energy Shroud (Cold).MOD	OUTPUTNAME:能量包裹戒指（寒冷）（Ring of Energy Shroud (Cold)）
Ring of Energy Shroud (Electricity).MOD	OUTPUTNAME:能量包裹戒指（閃電）（Ring of Energy Shroud (Electricity)）
Ring of Energy Shroud (Fire).MOD	OUTPUTNAME:能量包裹戒指（火焰）（Ring of Energy Shroud (Fire)）
Ring of Energy Shroud (Sonic).MOD	OUTPUTNAME:能量包裹戒指（音波）（Ring of Energy Shroud (Sonic)）
Ring of Arcane Mastery.MOD	OUTPUTNAME:奧術精通戒指 （Ring of Arcane Mastery）
Ring of Invisibility.MOD	OUTPUTNAME:隱形戒指 （Ring of Invisibility）
Ring of Wizardry I.MOD	OUTPUTNAME:一型巫術戒指 （Ring of Wizardry I） 
Ring of Revelation (Superior).MOD	OUTPUTNAME:超等啟示戒指 （Ring of Revelation, superior）
Ring of Spell Knowledge IV.MOD	OUTPUTNAME:四型法術知識戒指 （Ring of Spell Knowledge IV）
Ring of Evasion.MOD	OUTPUTNAME:反射閃避戒指 （Ring of Evasion）
Ring of X-Ray Vision.MOD	OUTPUTNAME:X射線視覺戒指 （Ring of X-Ray Vision）
Ring of Blinking.MOD	OUTPUTNAME:閃現戒指 （Ring of Blinking）
Ring of Energy Resistance (Major/Acid).MOD	OUTPUTNAME:中等抵抗能量傷害戒指（強酸）（Ring of Acid Energy Resistance, Major）
Ring of Energy Resistance (Major/Cold).MOD	OUTPUTNAME:中等抵抗能量傷害戒指（寒冷）（Ring of Cold Energy Resistance, Major）
Ring of Energy Resistance (Major/Electricity).MOD	OUTPUTNAME:中等抵抗能量傷害戒指（閃電）（Ring of Electricity Energy Resistance, Major）
Ring of Energy Resistance (Major/Fire).MOD	OUTPUTNAME:中等抵抗能量傷害戒指（火焰）（Ring of Fire Energy Resistance, Major）
Ring of Energy Resistance (Major/Sonic).MOD	OUTPUTNAME:中等抵抗能量傷害戒指（音波）（Ring of Sonic Energy Resistance, Major）
Ring of the Ecclesiarch.MOD	OUTPUTNAME:神官之印 （Ring of the Ecclesiarch）
Ring of Protection +4.MOD	OUTPUTNAME:防護戒指+4 （Ring of Protection +4）
Ring of Return.MOD	OUTPUTNAME:回歸戒指 （Ring of Return）
Ring of Freedom of Movement.MOD	OUTPUTNAME:行動自如戒指 （Ring of Freedom of Movement）
Ring of Wizardry II.MOD	OUTPUTNAME:二型巫術戒指 （Ring of Wizardry II） 
Ring of Inner Fortitude (Major).MOD	OUTPUTNAME:中等內在強韌戒指 （Ring of Inner Fortitude, major）
Ring of Energy Resistance (Greater/Acid).MOD	OUTPUTNAME:高等抵抗能量傷害戒指（強酸）（Ring of Acid Energy Resistance, Greater）
Ring of Energy Resistance (Greater/Cold).MOD	OUTPUTNAME:高等抵抗能量傷害戒指（寒冷）（Ring of Cold Energy Resistance, Greater）
Ring of Energy Resistance (Greater/Electricity).MOD	OUTPUTNAME:高等抵抗能量傷害戒指（閃電）（Ring of Electricity Energy Resistance, Greater）
Ring of Energy Resistance (Greater/Fire).MOD	OUTPUTNAME:高等抵抗能量傷害戒指（火焰）（Ring of Fire Energy Resistance, Greater）
Ring of Energy Resistance (Greater/Sonic).MOD	OUTPUTNAME:高等抵抗能量傷害戒指（音波）（Ring of Sonic Energy Resistance, Greater）
Ring of Delayed Doom.MOD	OUTPUTNAME:延緩毀滅戒指 （Ring of Delayed Doom）
Ring of Friend Shield.MOD	OUTPUTNAME:護衛同伴戒指 （Ring of Friend Shield）
Ring of Protection +5.MOD	OUTPUTNAME:防護戒指+5 （Ring of Protection +5）
Ring of Shooting Stars.MOD	OUTPUTNAME:流星戒指 （Ring of Shooting Stars）
Ring of Spell Storing.MOD	OUTPUTNAME:儲法戒指 （Ring of Spell Storing）
Ring of Continuation.MOD	OUTPUTNAME:延續戒指 （Ring of Continuation）
Ring of Inner Fortitude (Greater).MOD	OUTPUTNAME:高等內在強韌戒指 （Ring of Inner Fortitude, greater）
Ring of Wizardry III.MOD	OUTPUTNAME:三型巫術戒指 （Ring of Wizardry III） 
Spiritualist Rings.MOD	OUTPUTNAME:通靈戒指 （Spiritualist Rings）
Ring of Telekinesis.MOD	OUTPUTNAME:心靈遙控戒指 （Ring of Telekinesis）
Ring of Regeneration.MOD	OUTPUTNAME:再生戒指 （Ring of Regeneration）
Ring of Spell Turning.MOD	OUTPUTNAME:法術反轉戒指 （Ring of Spell Turning）
Ring of Wizardry IV.MOD	OUTPUTNAME:四型巫術戒指 （Ring of Wizardry IV） 
Ring of Three Wishes.MOD	OUTPUTNAME:三願戒指 （Ring of Three Wishes）
Ring of Djinni Calling.MOD	OUTPUTNAME:呼喚風巨靈戒指 （Ring of Djinni Calling）
Ring of Elemental Command (Air).MOD	OUTPUTNAME:元素命令戒指（風）（Ring of Elemental Command (Air)）
Ring of Elemental Command (Earth).MOD	OUTPUTNAME:元素命令戒指（土）（Ring of Elemental Command (Earth)）
Ring of Elemental Command (Fire).MOD	OUTPUTNAME:元素命令戒指（火）（Ring of Elemental Command (Fire)）
Ring of Elemental Command (Water).MOD	OUTPUTNAME:元素命令戒指（水）（Ring of Elemental Command (Water)）
Ring of Spell Storing (Major).MOD	OUTPUTNAME:高等儲法戒指 （Ring of Spell Storing, Major）
