Battle aspergillum.MOD	OUTPUTNAME:聖水花灑（Battle aspergillum）	DESC:.CLEAR	DESC:以神職者常用來潑灑聖水的工具為名，這把輕錘前端中空、並有連通其中空間的活塞。武器前端會在錘擊生物時從小孔中噴出聖水；會被聖水傷害到的生物將因此而在武器通常效果之外，受到1點額外傷害（非魔法的聖水花灑能以此方式對虛體生物造成聖水傷害，儘管武器本身無法傷害虛體）。5次命中之後，聖水耗盡並需要灌裝。灌裝聖水是一個標準動作，並會引發藉機攻擊（如同飲藥）。灌裝好的聖水花灑通常豎直持握，避免聖水因武器顫動而漏出。	
Bayonet.MOD	OUTPUTNAME:刺刀（Bayonet）	DESC:.CLEAR	DESC:刺刀是被設計用來裝在弩槽和槍口上的近戰武器。它允許你用這些武器進行近戰攻擊，但暫時無法將其作為遠程武器。安裝和拆卸刺刀是一個移動動作。	
Blowgun.MOD	OUTPUTNAME:吹箭（Blowgun）	DESC:.CLEAR	DESC:吹箭通常用來在遠距離傳遞弱化敵人（而非致命）的毒藥。它們發射時幾乎無聲。合適的毒藥搭配請參見毒藥相關信息。	
Spear (Boar).MOD	OUTPUTNAME:獵豬矛（Spear (Boar)）	DESC:.CLEAR	DESC:這只矛裝有十字橫枝，防護敵人的突擊。若你以準備動作迎擊對方衝鋒並且命中，你在下輪前針對該目標的AC獲得+2盾牌加值。	
Brass knuckles.MOD	OUTPUTNAME:黃銅指虎（Brass knuckles）	DESC:.CLEAR	DESC:這件武器緊貼指關節，允許你通過徒手攻擊造成致命傷害。你能用裝備著黃銅指虎的手抓握但非持用一件武器或其他物品。若成功通過DC為「10+法術環級」的專注檢定，你能用裝備著黃銅指虎的手來完成施法所需的姿勢成分。武僧擅長黃銅指虎。黃銅指虎無法被卸武。	
Cestus.MOD	OUTPUTNAME:拳套（Cestus）	DESC:.CLEAR	DESC:拳套是包裹著持用者前臂直至中指的皮製或粗布手套。這件近身格鬥武器用指部附近的金屬片加以強化，並常在手背和腕側加裝兇惡的棘刺。裝備拳套時你視為有武裝【譯註：即不會因攻擊而引發藉機攻擊】，徒手打擊造成致命傷害。若你擅長拳套，還能讓徒手打擊造成鈍擊或穿刺傷害。武僧擅長拳套。裝備拳套時你的手指大部分裸露，因此能持用其他武器或拿取物品，但拳套對你手指靈活性的限制使你用這隻手完成各項依賴於準確性的工作時檢定-2（譬如開鎖）。拳套無法被卸武。	
Club.MOD	OUTPUTNAME:木棒（Club）	DESC:.CLEAR	DESC:這件武器通常只是削尖了的木頭，有時會在上面鑲嵌釘子。	
Dagger.MOD	OUTPUTNAME:匕首（Dagger）	DESC:.CLEAR	DESC:匕首是一把戰鬥用小刀。它的鋒刃長不及1尺，可曲可直，可單刃可雙刃。匕首的設計種類極廣，並可能有多種名稱（譬如用來戳刺的「刺刃」）。隱藏一把匕首在身上的巧手檢定+2。	
Dart.MOD	OUTPUTNAME:飛鏢（Dart）	DESC:.CLEAR	DESC:這件具有配重的投擲武器比箭矢大，尺寸和射程則較標槍為短。多數飛鏢為木柄鐵尖。	
Gauntlet.MOD	OUTPUTNAME:鐵手套（Gauntlet）	DESC:.CLEAR	DESC:這件鐵手套讓你在徒手打擊時造成致命傷害，其他方面則視為正常的徒手打擊。這裡的價格和重量是單件的鐵手套，中甲和重甲（胸甲除外）自帶鐵手套。鐵手套無法被卸武。	
Crossbow (Heavy).MOD	OUTPUTNAME:重弩（Crossbow (Heavy)）	DESC:.CLEAR	DESC:你需要通過一個小搖桿拉開重弩。為重弩裝填是一個會引發藉機攻擊的整輪動作。重弩發射弩矢。操作一把重弩通常需要兩隻手。不過你能僅用一隻手來擊發重弩（裝填不可），這次攻擊將受到-4減值。你還能兩隻手各持用一把重弩射擊，但這樣將會受到如同使用兩把單手武器的雙武器戰鬥減值。該減值會與單手擊發重弩的減值相互疊加。【譯註：沒有專長的話就是主手-10，副手-14喲。】	
Mace (Heavy).MOD	OUTPUTNAME:重型硬頭錘（Mace (Heavy)）	DESC:.CLEAR	DESC:比起輕型硬頭錘，重型硬頭錘的頭部更加碩大，握柄也更長。	
Javelin.MOD	OUTPUTNAME:標槍（Javelin）	DESC:.CLEAR	DESC:標槍是細長的投矛。由於並非為近戰而設計，你若把標槍當作近戰武器使用，會被視為不擅長該武器並承受攻擊-4減值。	
Crossbow (Light).MOD	OUTPUTNAME:輕弩（Crossbow (Light)）	DESC:.CLEAR	DESC:你需要通過一個小拉桿拉開輕弩。為輕弩裝填是一個會引發藉機攻擊的移動動作。輕弩發射弩矢。操作一把輕弩通常需要兩隻手。不過你能僅用一隻手來擊發輕弩（裝填不可），這次攻擊將受到-2減值。你還能兩隻手各持用一把輕弩射擊，但這樣將會受到如同使用兩把輕型武器的雙武器戰鬥減值。該減值會與單手擊發輕弩的減值相互疊加。	
Mace (Light).MOD	OUTPUTNAME:輕型硬頭錘（Mace (Light)）	DESC:.CLEAR	DESC:輕型硬頭錘的頭部是一塊雕琢精美的金屬，被安裝在金屬或木製的握柄上。硬頭錘的頭部通常凹凸不平，以造成更大的痛苦和傷害。某些更原始的硬頭錘是用皮帶將石頭固定在木柄上製成的。	
Longspear.MOD	OUTPUTNAME:長矛（Longspear）	DESC:.CLEAR	DESC:長矛長約8尺。	
Mere club.MOD	OUTPUTNAME:石磨棒（Mere club）	DESC:.CLEAR	DESC:這件石器時代的傳統武器是石塊雕刻而成，邊緣平齊、尖端鋒銳。	
Morningstar.MOD	OUTPUTNAME:釘頭錘（Morningstar）	DESC:.CLEAR	DESC:釘頭錘是將鑄滿尖刺的鐵球固定在握柄上製成的。	
Dagger (Punching).MOD	OUTPUTNAME:拳刃（Dagger (Punching)）	DESC:.CLEAR	DESC:拳刃被安裝在和握把呈水平方向的柄上，鋒刃指向出拳的方向。	
Quarterstaff.MOD	OUTPUTNAME:木棍（Quarterstaff）	DESC:.CLEAR	DESC:木棍是一根簡單的木頭棍子，長約5尺。戰鬥時一手握住末端、另一手握在棍身1/4處，能夠封擋來襲、迅捷反擊。	
Shortspear.MOD	OUTPUTNAME:短矛（Shortspear）	DESC:.CLEAR	DESC:短矛長約3尺，這使得它作為投擲武器頗為順手。	
Sickle.MOD	OUTPUTNAME:鐮刀（Sickle）	DESC:.CLEAR	DESC:原型是收割莊稼用的農具，這件單手武器的鋒刃是一條大弧線，能夠輕易地捕捉對手的肢體或甲冑。鋒刃可以平順、也可以呈鋸齒狀，某些戰陣用的鐮刀會在尖端附近兩側開刃，以便輕鬆鉤進對手的血肉。	
Sling.MOD	OUTPUTNAME:投石索（Sling）	DESC:.CLEAR	DESC:投石索僅僅是與一對皮帶相連的皮囊。你在使用投石索時能將力量修正添加到傷害檢定，如同它是投擲武器。你能單手用它拋石，但不能單手裝填彈丸。為投石索裝填是一個需要用到兩隻手、並且會引發藉機攻擊的移動動作。投石索發射彈丸。你能用投石索拋擲普通的石塊，但石塊不如專門的彈丸一樣密度均勻、形狀圓潤。因此這種攻擊要受到-1減值，而判斷傷害時要將其視為武器型號小於實際一級。	
Spear.MOD	OUTPUTNAME:矛（Spear）	DESC:.CLEAR	DESC:矛長約5尺，可以用於投擲。	
Gauntlet (Spiked).MOD	OUTPUTNAME:帶刺鐵手套（Gauntlet (Spiked)）	DESC:.CLEAR	DESC:這是一隻在拳頭部分裝有鋒刃、尖刺的金屬或硬革手套，使得持用者能夠用拳擊來捅穿敵人。上表給出的價格和重量是單件帶刺鐵手套的數據。以帶刺鐵手套發動的攻擊視為武裝攻擊【譯註：即不會因攻擊而引發藉機攻擊】。帶刺鐵手套無法被卸武。	
Unarmed strike.MOD	OUTPUTNAME:徒手打擊（Unarmed strike）	DESC:.CLEAR	DESC:徒手打擊是諸如拳擊或腳踢等攻擊者未使用武器而做出的攻擊。中型體型的角色的徒手打擊造成1d3點非致命傷害，小型體型則為1d2點。一名武僧或任何擁有「精通徒手打擊」專長的角色可以根據自己的選擇，以徒手打擊造成致命或非致命傷害。徒手打擊的傷害在獲得加值的效果或狀況下，可以視為武器傷害。徒手打擊永遠被視為輕武器。因此你能通過「武器嫻熟」專長在徒手打擊的攻擊檢定中，以敏捷修正取代力量修正。徒手打擊不被視為天生武器。徒手打擊無法被卸武【譯註：否則細思恐極】。	
Underwater Crossbow (Heavy).MOD	OUTPUTNAME:水下重弩（Underwater Crossbow (Heavy)）	DESC:.CLEAR	DESC:這件武器在水上和重弩別無二致。你能在水下使用它，此時射程增量為20尺。它在決定武器擅長和其他特性時被視為重弩。	
Underwater Crossbow (Light).MOD	OUTPUTNAME:水下輕弩（Underwater Crossbow (Light)）	DESC:.CLEAR	DESC:水下輕弩在水上的功能和輕弩相似，並能在水下使用。在水下射擊時，這把弩的射程增量為20尺。任何擅長普通輕弩的人都能操作水下輕弩。	
Stake (Wood).MOD	OUTPUTNAME:木樁（Stake (Wood)）	DESC:.CLEAR	DESC:這件近戰格鬥武器僅是一塊削尖了的木頭。它如同鋼刺般造成武器傷害。	
Amentum.MOD	OUTPUTNAME:投槍索（Amentum）	DESC:.CLEAR	DESC:投槍索是一條與標準標槍相連的皮帶。投擲前將投槍索纏繞在標槍的柄上，再緊握投槍索原地旋轉好幾周，這樣可以大大提升標槍的射程。將標槍與投槍索相連是一個移動動作，而將其纏繞則是一個整輪動作。標槍可以事先被纏好。被投槍索纏好的標槍視為軍用武器。	
Atlatl.MOD	OUTPUTNAME:擲鏢器（Atlatl）	DESC:.CLEAR	DESC:這種石器時代的武器是一片薄木片或鹿角片，當作猛擲特製飛鏢的槓桿。擲鏢器大大提升了飛鏢的射程，但必須如同投射武器一樣裝填妥當。你在使用擲鏢器時能將力量修正加至傷害檢定，如同投擲武器。你能單手用它投擲，但不能單手裝填擲鏢。為擲鏢器裝填是一個需要用到兩隻手、並且會引發藉機攻擊的移動動作。「快速裝填」專長可以應用於擲鏢器，令你能夠以自由動作裝填擲鏢。	
Bardiche.MOD	OUTPUTNAME:新月戰斧（Bardiche）	DESC:.CLEAR	DESC:這件長兵器的新月形斧刃通過兩點連接在握柄上：斧刃正中連接在握柄前端的嵌座裡，斧刃下側則連接在握柄的另一處接點。斧刃通常會格外地長，有時甚至會與柄等長。你持用新月戰斧時，為這件武器抵抗破武戰技的CMD+2。	
Battleaxe.MOD	OUTPUTNAME:戰斧（Battleaxe）	DESC:.CLEAR	DESC:這把斧子的握柄足夠長，你能以單手或雙手持握它。斧刃可能開在一側、也有可能雙刃，而鋒刃的形狀也從半月形到伐木斧一般的方稜形不等。木製握柄可能會以金屬套箍加以保護。	
Bec de corbin.MOD	OUTPUTNAME:鴉啄戰錘（Bec de corbin）	DESC:.CLEAR	DESC:鴉啄戰錘是一件很像苜蓿戰錘的長兵器，不過錘頭略鈍、而矛尖則牢固並彎曲。你主要以矛尖來攻擊。你持用鴉啄戰錘時，擊破中型和重型盔甲的破武戰技檢定+2。	
Bill.MOD	OUTPUTNAME:戈刀（Bill）	DESC:.CLEAR	DESC:這件長兵器的鋒刃呈弧形或鉤狀，並與其背部的長刺緊緊相貼。尖刺主要用來格擋。這件武器在你防禦式戰鬥或完全防禦時給予你AC+1盾牌加值。被戈刀擊中的騎乘對像用以維持騎乘的騎術檢定-1。	
Butterfly sword.MOD	OUTPUTNAME:蝴蝶雙刀（Butterfly sword）	DESC:.CLEAR	DESC:這種成對設計的短劍可以收在一起，看上去就如同一把獨立的武器。你可以將他們同時拔出並以一個自由動作拆解成一對武器，這樣能更好的發揮它們猛惡的削斬威力。蝴蝶刀的劍身寬而短，長度只有1尺左右。它們的硬木握把覆有繩套，裝有可以保護持用手的D字形金屬框。上表中給出的價格為一對蝴蝶刀。一對精製蝴蝶刀價格增加320gp。若要為蝴蝶雙刀添加增強加值或其他附魔，將其中每一把劍獨立處理（舉例而言，為一對精製蝴蝶刀添加+1增強價值會使價格增加4000gp）。	
Chakram.MOD	OUTPUTNAME:飛輪（Chakram）	DESC:.CLEAR	DESC:飛輪是一件簡單、雅致、極為便攜的投擲武器。它是一塊扁平的環形「鐵餅」，周圍開刃。你可以持用飛輪作為近戰武器，但它的設計並非為此服務；因此你的攻擊檢定將受-1減值，還要通過DC15的反射豁免以避免割傷自己（傷害減半，無力量修正）。你在裝備重甲時無需進行此豁免。	
Longbow (Composite).MOD	OUTPUTNAME:復合長弓（Longbow (Composite)）	DESC:.CLEAR	DESC:無論其型號大小，你至少需要兩隻手來使用一把弓。你可以在騎乘中使用復合長弓。所有的復合長弓都以特定的力量級別（即持用者必須達到每把弓的最小力量修正要求才能熟練使用）來製造。如果你的力量修正小於某把復合長弓的力量級別，你將無法自如使用並在攻擊檢定中承受-2減值。熟練使用一把復合長弓一般需要+0及以上的力量修正。一把復合長弓能以很高的力量級別來製造，使得力量高於一般水準的持用者發揮優勢；該特性允許你將力量修正加至傷害檢定，最高不超過這把弓的力量級別。每1點力量加值會使弓的價格增加100gp。若你的力量修正為負值，你持用復合長弓的傷害檢定亦會受其影響。復合長弓發射箭矢。在決定「武器擅長」及類似專長時，復合長弓被視為長弓。	
Shortbow (Composite).MOD	OUTPUTNAME:復合短弓（Shortbow (Composite)）	DESC:.CLEAR	DESC:無論其型號大小，你至少需要兩隻手來使用一把弓。你可以在騎乘中使用復合短弓。所有的復合短弓都以特定的力量級別（即持用者必須達到每把弓的最小力量修正要求才能熟練使用）來製造。如果你的力量修正小於某把復合短弓的力量級別，你將無法自如使用並在攻擊檢定中承受-2減值。熟練使用一把復合短弓一般需要+0及以上的力量修正。一把復合短弓能以很高的力量級別來製造，使得力量高於一般水準的持用者發揮優勢；該特性允許你將力量修正加至傷害檢定，最高不超過這把弓的力量級別。每1點力量加值會使弓的價格增加75gp。若你的力量修正為負值，你持用復合短弓的傷害檢定亦會受其影響。復合短弓發射箭矢。在決定「武器擅長」及類似專長時，復合短弓被視為短弓。	
Dogslicer.MOD	OUTPUTNAME:屠狗刃（Dogslicer）	DESC:.CLEAR	DESC:這把短彎刀是地精首創的，它們在刀身上鑽了無數小洞來減輕武器重量。屠狗刃的武器型號多為小型。	
Double chicken saber.MOD	OUTPUTNAME:雞刀鐮（Double chicken saber）	DESC:.CLEAR	DESC:這把先端長約3尺的直刃劍被扭作令人驚訝的兩枝，其相對的銳刺可以用來從對手的手中拖拽武器。	
Earth breaker.MOD	OUTPUTNAME:裂地錘（Earth breaker）	DESC:.CLEAR	DESC:這把巨錘頭部的致命鋼鐵收攏為數個鈍尖，將揮舞的猛惡力道集中於較小的區域，使其能夠輕易砸穿鎧甲。由於其令人咋舌的尺寸和沉重的錘頭，一把裂地錘的平衡很難掌控，需要雙手才能恰當地舉起和控制。	
Falchion.MOD	OUTPUTNAME:彎刃大刀（Falchion）	DESC:.CLEAR	DESC:這把兵器有著彎刀一般彎曲和銳利的鋒刃，未開鋒的刀背則有直有曲。它的重量集中在前端，因此用來切斬要比戳刺來得順手。	
Gladius.MOD	OUTPUTNAME:闊短劍（Gladius）	DESC:.CLEAR	DESC:較尋常短劍為重的闊短劍是角鬥士們的最愛。影響短劍的專長和能力同樣作用於闊短劍。	
Glaive.MOD	OUTPUTNAME:大砍刀（Glaive）	DESC:.CLEAR	DESC:大砍刀是把單刀加裝在長約7尺的握柄上的武器。	
Glaive-guisarme.MOD	OUTPUTNAME:尖刺大砍刀（Glaive-guisarme）	DESC:.CLEAR	DESC:這件長兵器組合了大砍刀的鋒刃和一隻險惡的彎鉤。被戈刀擊中的騎乘對像用以維持騎乘的騎術檢定-2。	
Greataxe.MOD	OUTPUTNAME:巨斧（Greataxe）	DESC:.CLEAR	DESC:這把雙手戰斧沉到你無法單手持用的地步。斧頭可能單刃或雙刃，為了增加斬擊力和協助破盾還可能打成「鬍子形」（意即帶鉤或斧刃底端向外彎曲）。握柄一般長3到4尺。	
Greatclub.MOD	OUTPUTNAME:巨木棒（Greatclub）	DESC:.CLEAR	DESC:這把普通木棒的巨大笨重版沉到你無法單手持用的地步。它可能經過了裝飾和雕刻、以金屬強化過，也有可能僅是個大樹枝。巨木棒和尋常木棒一樣有很多名字，譬如大棒、巨棒、棒棒等。	
Greatsword.MOD	OUTPUTNAME:巨劍（Greatsword）	DESC:.CLEAR	DESC:這把巨大的雙手劍長約5尺。巨劍可能會在劍身底部有一處未開鋒，用來協助抓握。【譯註：後半句說的就是大名鼎鼎的德國雙手大劍Zweihänder了。】	
Guisarme.MOD	OUTPUTNAME:長勾刀（Guisarme）	DESC:.CLEAR	DESC:長鉤刀柄長8尺，先端裝有刀刃和彎鉤。	
Halberd.MOD	OUTPUTNAME:戟（Halberd）	DESC:.CLEAR	DESC:戟像是5尺長的矛，但通常在先端附近裝有斧頭。	
Handaxe.MOD	OUTPUTNAME:手斧（Handaxe）	DESC:.CLEAR	DESC:這把單手斧較短（長約1尺），被設計為單手使用。與飛斧不同，它的迴旋動量不是非常平衡，其頭部較為沉重。短斧、斧頭之類稱呼指的就是手斧。	
Flail (Heavy).MOD	OUTPUTNAME:重型鏈枷（Flail (Heavy)）	DESC:.CLEAR	DESC:類似輕型鏈枷，重型鏈枷有著較大的鐵球和較長的握柄。	
Pick (Heavy).MOD	OUTPUTNAME:重型鎬（Pick (Heavy)）	DESC:.CLEAR	DESC:這把輕型鎬的加強版把手較長，可以單手或雙手使用。便於在馬背上使用，因此常被騎兵當作廉價武器。	
Shield (Heavy/Wooden).MOD	OUTPUTNAME:重型盾牌（Shield  (Heavy/Wooden)）	DESC:.CLEAR	DESC:除了防禦，你還能用重型盾牌猛砸敵人。	
Shield (Heavy/Steel).MOD	OUTPUTNAME:重型盾牌（Shield  (Heavy/Steel)）	DESC:.CLEAR	DESC:除了防禦，你還能用重型盾牌猛砸敵人。	
Hooked lance.MOD	OUTPUTNAME:鉤鐮槍（Hooked lance）	DESC:.CLEAR	DESC:這種纖細，約有10尺長度的長槍在槍頭上還裝有一個突出的倒鉤，可以用來在戰鬥中鉤掛對手的衣甲。	
Horsechopper.MOD	OUTPUTNAME:斬馬刀（Horsechopper）	DESC:.CLEAR	DESC:地精為了戰馬【譯註：不是騎戰馬，是和馬戰！】而發明了這件裝有鉤刃的長戟。斬馬刀的武器型號多為小型。	
Hunga munga.MOD	OUTPUTNAME:多刃飛刀（Hunga munga）	DESC:.CLEAR	DESC:又被稱為「麻痺了（mambele）」、「打你死狗（danisco）」、「搞了喲（goleyo）」、「嘰嘎（njiga）」甚至更為稀奇的名字，這把投擲用的多刃匕首也能用於近戰。雖然三刃為常見設計，這件武器的實際形式更加多種多樣。	
Iron brush.MOD	OUTPUTNAME:判官筆（Iron brush）	DESC:.CLEAR	DESC:這種看起來像是普通毛筆的武器筆身為鋼製，筆尾裝有尖釘。雖然並不是非常有威力的武器，但判官筆很容易藏匿（使用者在將判官筆藏在身上的巧手檢定+2），也可以將之拋擲出一段距離來打擊對手，或用來擊打對手身上秘孔要穴、造成難以預料的破壞。	
Jutte.MOD	OUTPUTNAME:十手（Jutte）	DESC:.CLEAR	DESC:這種鐵尺似的武器裝有一個反轉的鐵鉤，可以用來格擋或鉗制住對方的兵器。部分十手還有特製的尖頭甚至開刃。	
Kerambit.MOD	OUTPUTNAME:虎牙刺（Kerambit）	DESC:.CLEAR	DESC:這件纖小，彎曲的匕首在握把的底端有一個圓環，讓它可以套在手指上或是藏在頭髮內。雖然並不大，這把造型狠毒的小武器可以造成十分嚴重的傷害。虎牙刺非常易於隱藏（使用者在將虎牙刺藏在身上的巧手檢定+2），所以忍者和刺客愛用這種武器。	
Klar.MOD	OUTPUTNAME:喀拉爾（Klar）	DESC:.CLEAR	DESC:這把樣式傳統的部落武器將金屬短刃固定在有角巨蜥的頭骨之前，而技藝精湛的鐵匠也能夠以純鐵打造其整件。典型的喀拉爾被視為加裝了盾刺的輕型木盾；金屬喀拉爾則被視為加裝了盾刺的輕型鋼盾。	
Kukri.MOD	OUTPUTNAME:反曲刀（Kukri）	DESC:.CLEAR	DESC:反曲刀是一把長約1尺的曲形劍。	
Lance.MOD	OUTPUTNAME:長槍（Lance）	DESC:.CLEAR	DESC:在衝鋒的坐騎背上使用長槍將造成雙倍傷害。你能在騎乘中以單手持用長槍。	
Flail (Heavy).MOD	OUTPUTNAME:輕型鏈枷（Flail (Heavy)）	DESC:.CLEAR	DESC:輕型鏈枷包括沉重的打擊先端，以及通過鎖鏈與之連接的握柄。雖然常被想像為類似釘頭錘一般的鐵球，鏈枷的先端其實可能為多種形狀，譬如短槓狀。軍用鏈枷是農用鏈枷的強化版本，後者則是用來敲打穀物以分離谷實和穀殼的工具。	
Hammer (Light).MOD	OUTPUTNAME:輕錘（Hammer (Light)）	DESC:.CLEAR	DESC:作為戰錘的輕量化版本，這件武器的光滑錘頭通常有一個打擊面。	
Pick (Heavy).MOD	OUTPUTNAME:輕型鎬（Pick (Heavy)）	DESC:.CLEAR	DESC:這件武器從作為工具的鶴嘴鋤演化而來，有著微曲的頭部、用來穿甲的尖端和錘狀的配重。	
Shield (Light/Wooden).MOD	OUTPUTNAME:輕型盾牌（Shield (Light/Wooden)）	DESC:.CLEAR	DESC:除了防禦，你還能用輕型盾牌猛砸敵人。	
Shield (Light/Steel).MOD	OUTPUTNAME:輕型盾牌（Shield (Light/Steel)）	DESC:.CLEAR	DESC:除了防禦，你還能用輕型盾牌猛砸敵人。	
Longbow.MOD	OUTPUTNAME:長弓（Longbow）	DESC:.CLEAR	DESC:長約5尺的長弓是由一整塊木料精心雕刻而成的。無論其型號大小，你至少需要兩隻手來使用一把弓。長弓無法在騎乘時使用。若你的力量修正為負值，你持用長弓的傷害檢定亦會受其影響。若你有力量加值，你能在使用復合長弓時把力量修正加至傷害檢定，但標準長弓則不可。長弓發射箭矢。	
Longsword.MOD	OUTPUTNAME:長劍（Longsword）	DESC:.CLEAR	DESC:長劍長約3英尺半。	
Lucerne hammer.MOD	OUTPUTNAME:苜蓿戰錘（Lucerne hammer）	DESC:.CLEAR	DESC:這件長兵器同時有著用來發動粉碎敲擊的錘頭，以及用來穿刺甲冑的矛尖。長長的握柄允許持用者蓄積令人驚異的力道。你持用苜蓿戰錘時，擊破中型和重型盔甲的破武戰技檢定+2。	
Lungchuan tamo.MOD	OUTPUTNAME:杖隱刃（Lungchuan tamo）	DESC:.CLEAR	DESC:這支短棍形的劍鞘裡裝有一對纖細的短刀，它們的設計非常適合投擲。	
Mattock.MOD	OUTPUTNAME:鶴嘴鋤（Mattock）	DESC:.CLEAR	DESC:鶴嘴鋤是一把雙手長鎬，不過尖端為鑿狀而非尖刺。	
Monk's spade.MOD	OUTPUTNAME:禪杖（Monk's spade）	DESC:.CLEAR	DESC:禪杖是一件雙頭長兵器，一頭是斧狀的鏟刃、另一頭則是類似公牛雙角的月牙刃。根據使用者用禪杖的不同頭進行攻擊，這件武器可以造成多種不同類型的傷害：鏟刃可以造成鈍擊或揮砍傷害，月牙刃可以造成揮砍或穿刺傷害。	
Naginata.MOD	OUTPUTNAME:薙刀（Naginata）	DESC:.CLEAR	DESC:薙刀由一段6尺長的刀柄和長約2尺、類似劍刃但略彎的刀身組成，薙刀的長度可以讓使用者在不受到對方的刀劍、以及類似短兵器威脅的情況下從容地展開攻擊。	
Broadsword (Nine Ring).MOD	OUTPUTNAME:九環大刀（Broadsword (Nine Ring)）	DESC:.CLEAR	DESC:這種沉厚單刃砍刀在刀背上掛有數個金屬環，以額外的重量增強其劈砍的力道。	
Nodachi.MOD	OUTPUTNAME:野太刀（Nodachi）	DESC:.CLEAR	DESC:這把長刀有著長達4尺、銳利無比的刀身。步兵常利用它來對抗騎馬的敵人，既可以用來將騎手挑下馬背，也可以支在地面上對抗騎兵衝鋒。	
Ogre hook.MOD	OUTPUTNAME:食人魔巨鉤（Ogre hook）	DESC:.CLEAR	DESC:這把鋒利金屬製成的大鉤子能輕易地摔翻和捕獲逃竄的敵人。由食人魔發明，食人魔巨鉤的武器型號多為大型，並且樣式粗糙——常為從受害者身上剝下來的武器或盔甲扭成的。儘管做工差勁，獲得一把食人魔巨鉤的稀有度和高風險，使其價格不菲。	
Pilum.MOD	OUTPUTNAME:重標槍（Pilum）	DESC:.CLEAR	DESC:這把重型標槍的尖端被設計用來擊穿並嵌入盾牌。類似彈藥，一支重標槍在擊中目標後損毀。若你以重標槍擊中持盾的對象，他在用一個標準動作從盾牌上拔出此物之前失去AC的盾牌加值。	
Poisoned sand tube.MOD	OUTPUTNAME:毒砂管（Poisoned sand tube）	DESC:.CLEAR	DESC:這支用金屬或竹節製造的，外形類似卷軸匣的吹管填滿了浸泡過吸入或接觸毒藥的細膩毒砂。當裝填滿三劑毒藥後，毒砂管的使用者可以通過大力吹動吹管，將毒砂揚到15尺錐形範圍內敵人的臉上。每一個處於影響範圍內的敵人都會受到一劑毒藥的影響。即使沙塵並未浸毒，被吹到的生物也必須通過一個DC12的強韌檢定否則將目眩1輪。每次使用之後毒砂管都必須重新裝入毒砂。裝填毒砂管是一個整輪動作，如果你擁有「快速裝填」專長，那麼裝填毒砂管是一個標準動作。	
Ranseur.MOD	OUTPUTNAME:刺叉（Ranseur）	DESC:.CLEAR	DESC:和三叉戟外觀相似，刺叉的一根長刺被兩根短刺所夾。	
Rapier.MOD	OUTPUTNAME:細劍（Rapier）	DESC:.CLEAR	DESC:你能通過「武器嫻熟」專長在持用一把型號與你體型相符的細劍時，在攻擊檢定中以敏捷修正取代力量修正，即便它並不是輕型武器。你無法通過雙手持用細劍的方式來將力量修正的1.5倍加至傷害檢定。	
Rhomphaia.MOD	OUTPUTNAME:長柄逆刃刀（Rhomphaia）	DESC:.CLEAR	DESC:這件青銅時代的早期長兵器是將一把長長的單面刃加裝在堅固木杖上製成的，有時刀身會微微彎曲。這件兵器能斬能搠。	
Sansetsukon.MOD	OUTPUTNAME:三節棍（Sansetsukon）	DESC:.CLEAR	DESC:這支武器由三節2尺長、以鏈條互相連接的短杖組成，使用起來極具靈活性，在高速揮舞時能很好地防護持用者。	
Sap.MOD	OUTPUTNAME:悶棍（Sap）	DESC:.CLEAR	DESC:這件武器在堅硬、沉重的核心外面包裹軟材料，通常是皮套鉛棍。先端比把手更粗，它有著發散敲擊力的設計，使其較不容易見血或斷骨。	
Scimitar.MOD	OUTPUTNAME:彎刀（Scimitar）	DESC:.CLEAR	DESC:這把彎曲的刀劍較長劍為短，而較短劍為長。僅外側開刃、刀背平鈍，使得刀身斷面呈三角形。	
Scizore.MOD	OUTPUTNAME:角鬥剪（Scizore）	DESC:.CLEAR	DESC:角鬥剪是一件恰好包裹前臂、末端加裝半月刃的硬管，用來發動兇惡的拳擊。角鬥剪帶來AC盾牌加值+1，但若你用其攻擊，你會在這一輪失去其AC加值並在攻擊檢定中承受-1減值。在裝備角鬥剪時，你無法用這隻手做任何其他事情。角鬥剪在抵抗針對其本身的卸武戰技時令你的CMD+10。裝備上一件角鬥剪是一個整輪動作。	
Scythe.MOD	OUTPUTNAME:巨鐮（Scythe）	DESC:.CLEAR	DESC:這件武器包括一隻裝有突起握柄的木製長柄，以及與木柄成直角的一把銳利曲刃。演化自用來收割莊稼的農具，一把巨鐮需要雙手使用，笨拙卻能夠一擊必殺。與「收割」之間的關聯使它常被作為死亡的象徵符號，這令巨鐮也往往被用作威懾武器。	
Shang gou.MOD	OUTPUTNAME:雙鉤（Shang gou）	DESC:.CLEAR	DESC:這對精鋼打造的長劍有一個回鉤的彎頭，而它的護手也被製造成可以防護整個持用手的月牙刃狀，鉤尖和月牙刃都被打磨的足夠銳利可以用來戰鬥。雙鉤可以合成一具武器或是分解開來進行雙武器戰鬥。當拆開的時候，雙鉤獲得卸武特性；而在組合使用時，雙鉤具有絆摔特性。	
Shortbow.MOD	OUTPUTNAME:短弓（Shortbow）	DESC:.CLEAR	DESC:長約3尺的短弓是由一整塊木料製成的。無論其型號大小，你至少需要兩隻手來使用一把弓。短弓可以在騎乘時使用。若你的力量修正為負值，你持用短弓的傷害檢定亦會受其影響。若你有力量加值，你能在使用復合短弓時把力量修正加至傷害檢定，但標準短弓則不可。短弓發射箭矢。	
Sword (Short).MOD	OUTPUTNAME:短劍（Sword (Short)）	DESC:.CLEAR	DESC:短劍恐怕是任何尚武社會中最為常見的武器，也因此設計花樣繁多、因地域和匠人而變。多數長約2尺。它的劍身可直可曲，劍刃可單可雙，劍幅可寬可窄。劍柄可能裝點精美、也可能樸實無華，或有十字型護手，或有籠狀護手，或乾脆沒有護手。這些武器通常被獨立使用，但也有成對持用、或搭配匕首長劍等武器戰鬥的場合。	
Sibat.MOD	OUTPUTNAME:倒鉤矛（Sibat）	DESC:.CLEAR	DESC:這件武器類似於一把用有彈性的竹篙為手柄，裝有倒鉤矛頭的短矛。在成功造成重擊時，矛頭可以鉤入對手的肉體或護甲。這時，倒鉤矛的使用者可以以一個自由動作擒抱目標，在你以此法發動擒抱時不會受到擒抱目標的藉機攻擊。當使用倒鉤矛擒抱目標時，使用者只能對目標造成移動或傷害效果，而且使用者也被視為受到擒抱——雖然它不需要一直保持鄰接目標來維持擒抱。不過，如果你移出了倒鉤矛的觸及範圍，你會因為同一個動作結束擒抱。	
Spiked armor.MOD	OUTPUTNAME:甲刺（Spiked armor）	DESC:.CLEAR	DESC:你能為你的盔甲加裝尖刺，在擒抱或單獨攻擊中造成傷害。詳述請查看盔甲部分。甲刺無法被卸武。	
Starknife.MOD	OUTPUTNAME:星刃（Starknife）	DESC:.CLEAR	DESC:在中央的圓環外，四支向尖端逐漸收攏的鋒刃構成了這件形似指南針或玫瑰的武器。【譯者吐槽：玫瑰花是五出的我讀書少你不要騙我。】通過抓握中央圓環處的十字把手，持用者能將它變成一件致命兵刃。此外，若是抓握住外環本身，星刃的輕巧與符合空氣動力學的設計又使它能夠作為投擲武器，類似飛輪般地進行短距擲擊。【譯者吐槽：這是不是說也要過反射不然插自己腦門啊！】	
Sword cane.MOD	OUTPUTNAME:杖劍（Sword cane）	DESC:.CLEAR	DESC:這把細身劍被放置在作為劍鞘和偽裝的木柄裡。你能以迅捷動作拔劍（若擁有「即時備戰」專長則為自由動作）。觀察者必須通過DC20的察覺檢定才能發現杖劍是一件武器，而非尋常的手杖；若觀察者能夠把弄杖劍，那麼DC降至10。你能通過「武器嫻熟」專長在持用一把型號與你體型相符的杖劍時，在攻擊檢定中以敏捷修正取代力量修正，即便它並不是輕型武器。你無法通過雙手持用杖劍的方式來將力量修正的1.5倍加至傷害檢定。	
Tepoztopilli.MOD	OUTPUTNAME:石刃戰棍（Tepoztopilli）	DESC:.CLEAR	DESC:這件石器時代的木製長兵器邊緣鑲嵌有黑曜石、琉璃、獸牙或類似材料。寬闊的前端使它能夠發動穿刺或揮砍攻擊。	
Terbutje.MOD	OUTPUTNAME:石刃劍（Terbutje）	DESC:.CLEAR	DESC:這件石器時代的武器又被稱為鯊齒劍，是用一段烘烤退火後的木料製成的。它的全身都鑲嵌有黑曜石、琉璃、獸牙或類似材料。	
Axe (Throwing).MOD	OUTPUTNAME:飛斧（Axe (Throwing)）	DESC:.CLEAR	DESC:這把單手斧較小，完美的配重平衡使它適於投擲，同時也能作為近戰武器。飛斧有很多名字，包括拋斧、投斧等等。使用飛斧時常緊握把手、高舉過肩，在空中迴旋一圈後咬進目標的身體。	
Tiger fork.MOD	OUTPUTNAME:三股叉（Tiger fork）	DESC:.CLEAR	DESC:這支頎長，造型類似三叉戟的鋼叉在8尺長的手柄前端裝有三股尖頭。三股叉可以像棍棒一樣揮舞攻擊，持用者也可以雙手握緊叉柄衝刺戳擊目標。三股叉也可以用作反衝鋒武器。	
Tonfa.MOD	OUTPUTNAME:旋棍（Tonfa）	DESC:.CLEAR	DESC:這支L形的格鬥棍棒非常適合在戳打的同時擋格對方的攻擊。當使用者握住旋棍的手柄時，他可以選擇旋轉棍身敲擊或是直接利用與手臂平行的部分擊打。	
Trident.MOD	OUTPUTNAME:三叉戟（Trident）	DESC:.CLEAR	DESC:三叉戟在長約4尺的握柄前段裝有三支金屬尖刺。三叉戟可以用於投擲。	
Sword (Tri-Point Double-Edged).MOD	OUTPUTNAME:三尖兩刃刀（Sword (Tri-Point Double-Edged)）	DESC:.CLEAR	DESC:如其名所示，這支長兵器在長5尺的手柄前端裝有一支雙刃反曲、刀尖開裂成三瓣蓮花般的鋼刃。三尖兩刃刀異常大型的刀刃設計可以讓它對目標造成可怕的多重傷口。	
Tube arrow shooter.MOD	OUTPUTNAME:袖箭（Tube arrow shooter）	DESC:.CLEAR	DESC:這件武器的主體部分（一支小金屬管）可以藏進衣袖裡，袖箭內的彈簧機關可以用來彈射一發短小的竹矢。使用者將袖箭藏在身上的巧手檢定+2，扣動袖箭上的機關就可以讓竹矢射出。在發射以後，袖箭需要重新裝填才能使用。裝填袖箭需要一個整輪動作，如果你擁有「快速裝填」專長，那麼裝填袖箭是一個標準動作。	
Warhammer.MOD	OUTPUTNAME:戰錘（Warhammer）	DESC:.CLEAR	DESC:這件武器包括木製的握柄和一個沉重的金屬錘頭。錘頭可能為單側（像是木工錘）或雙側（像是長柄大錘）。握柄的長度足夠你單手或是雙手持用。儘管沉重且難以揮舞，戰錘是造成效果拔群一擊、粉碎鎧甲和血肉的理想武器。	
Wushu dart.MOD	OUTPUTNAME:武師鏢（Wushu dart）	DESC:.CLEAR	DESC:這支一端削尖的木釘可以作為近戰武器使用，同時也是完美的投擲武器。	
Aklys.MOD	OUTPUTNAME:飛鉤杖（Aklys）	DESC:.CLEAR	DESC:飛鉤杖是一把鉤形的投擲用木棒，帶有20尺長的編織皮索；你能以移動動作回收投出的飛鉤杖。它的彎鉤允許你發動遠程絆摔。有些飛鉤杖上還鑿出了孔洞，使得投擲時發出破空迴響。	
Sword (Bastard).MOD	OUTPUTNAME:重劍（Sword (Bastard)）	DESC:.CLEAR	DESC:重劍長約4尺，使得它難以在經受特殊訓練之前單手使用；因此這是一件異種武器。你能在雙手持用重劍的情況下將其視為軍用武器。	
Bo staff.MOD	OUTPUTNAME:長棒（Bo staff）	DESC:.CLEAR	DESC:這支棍棒與木棍造型類似，不過整體要更為細長，且其中一頭略收窄成錐形。長棒是一種攻守兼備的武器。	
Bolas.MOD	OUTPUTNAME:套牛繩（Bolas）	DESC:.CLEAR	DESC:套牛繩是用細索連結的一對木、石或鐵質重物。你能迴旋並投擲此武器，向一名對手發動遠程絆摔攻擊。你不會在使用套牛繩絆摔時遭到反摔。	
Boomerang.MOD	OUTPUTNAME:回力鏢（Boomerang）	DESC:.CLEAR	DESC:回力鏢原本是一件狩獵工具，但是它非凡的投擲武器特性被用在戰場上也並不奇怪。一把回力鏢由扁平的木材製成，具有長長的握柄和彎曲的弧線，弧線收緊處則削得相當鋒利。狩獵用的回力鏢並不會飛回來。【譯註：這種武器應該是命中後停留、未命中則飛回來，但此處描述語焉不詳，加上具體狀況複雜多變，請GM自行定奪。】	
Chain spear.MOD	OUTPUTNAME:鏈槍（Chain spear）	DESC:.CLEAR	DESC:這件凶殘的武器常因其功能多樣而被用於角鬥表演。武器本身是一支標準的短矛，主要用來戳刺。矛的末端連結著一段鎖鏈，鎖鏈往往帶刺、尾部還有鐵鉤。鐵鉤和鎖鏈可被用來發動絆摔攻擊。若你在絆摔戰技檢定中失敗10點以上，你能夠扔掉鏈槍以避免被反摔。	
Dan bong.MOD	OUTPUTNAME:短棒（Dan bong）	DESC:.CLEAR	DESC:這種粗短的棍棒常為武術家使用以增強他們的招式。短棒可以有效的用來鉗制對手的行動或是戳刺對方的要害，為使用者在擒抱戰技檢定上提供+2加值。	
Flail (Dire).MOD	OUTPUTNAME:雙頭鏈枷（Flail (Dire)）	DESC:.CLEAR	DESC:雙頭鏈枷在長握柄的兩端各有一隻佈滿尖刺的鐵球、與握柄以鎖鏈相接。這件武器觸及雖短、但威力拔群，並通常結合迴旋動量來揮舞使用。雙頭鏈枷的持用者必須足夠強壯，才能有效使用並避免脫手。	
Crossbow (Double).MOD	OUTPUTNAME:雙發弩（Crossbow (Double)）	DESC:.CLEAR	DESC:這件重型武器一次扣下扳機可以擊發兩隻鐵簇弩矢。由於其型號和重量驚人，你在擅長它的情況下攻擊檢定也要受到-4減值，若不擅長則為-8。若攻擊命中，目標將會受到兩隻弩矢的傷害。重擊、偷襲和其他基於精準的傷害僅會應用於第一隻弩矢。裝填一支弩矢是一個標準動作；「快速裝填」專長能將其減至一個移動動作。「十字弓熟稔（Crossbow Mastery, APG）」專長允許你通過一個移動動作為其裝填兩隻弩矢。雙發弩發射弩矢。	
Katana (Double Walking Stick).MOD	OUTPUTNAME:手杖刀（Katana (Double Walking Stick)）	DESC:.CLEAR	DESC:這對輕便平衡，足以雙手各持一把的劍可以藏在一支單鞘裡。雖然名字看起來像是普通的武士刀，不過它們的制式不過比脅差略長而已。在手杖刀藏在鞘內的時候，這件武器可以作為木棍使用。	
Kama (Double-chained).MOD	OUTPUTNAME:雙鐮（Kama (Double-chained)）	DESC:.CLEAR	DESC:這種武器就像一對用8尺長的鎖鏈連接起來的單鐮，雙鐮的使用者可以如同每隻手各持一把單鐮一樣進行攻擊，或是伸長鏈子進行一個單次的長武觸及攻擊。另外，使用者也可以拋出其中一端來嘗試對對方發動卸武或摔絆戰技。最後，如果雙鐮從使用者的手中掉落，使用者可以以一個自由動作拉回其鎖鏈來重新掌握武器。	
Urgrosh (Dwarven).MOD	OUTPUTNAME:矮人矛斧（Urgrosh (Dwarven)）	DESC:.CLEAR	DESC:矮人矛斧是一件雙頭武器——斧頭和矛尖分別位於長柄的兩端。矛斧的斧頭是造成1d8傷害的揮砍武器，矛尖是造成1d6傷害的穿刺武器。你能將任一端視為主手武器；另一端則為副手武器。若你用矛斧迎擊衝鋒角色，這件武器的矛尖能夠造成雙倍傷害。矮人能將矮人矛斧視為軍用武器。	
Waraxe (Dwarven).MOD	OUTPUTNAME:矮人重斧（Waraxe (Dwarven)）	DESC:.CLEAR	DESC:矮人重斧巨大、裝飾華美的斧頭安裝在粗大的握柄上，使得它難以在經受特殊訓練之前單手使用；因此這是一件異種武器。中型體型的角色能在雙手持用矮人重斧的情況下將其視為軍用武器，大型體型的生物則能類似地單手持用。矮人能將矮人重斧視為軍用武器，甚至在單手持用時。	
Curve Blade (Elven).MOD	OUTPUTNAME:精靈曲劍（Curve Blade (Elven)）	DESC:.CLEAR	DESC:本質上是加長版的彎刀，但刀身更窄的精靈曲劍相當稀罕。由於打造它的金屬柔韌性超群，精靈曲劍在抵抗針對其本身的破武戰技時令你的CMD+10。你能通過「武器嫻熟」專長在持用一把型號與你體型相符的精靈曲劍時，在攻擊檢定中以敏捷修正取代力量修正，即便它並不是輕型武器。	
Emei piercer.MOD	OUTPUTNAME:峨眉刺（Emei piercer）	DESC:.CLEAR	DESC:這也是一件用來增強徒手戰鬥所用的特殊武器。峨眉刺通常是一支長8到10寸，雙頭鋒利的鋼釬，安裝在一具帶有指環的旋座上。在戰鬥時，峨眉刺的使用者可以將其套在手指上並快速旋轉鋼釬以造成額外傷害。峨眉刺無法被卸武，持用者在使用峨眉刺時，他的徒手擊打可以造成穿刺傷害。	
Falcata.MOD	OUTPUTNAME:反曲劍（Falcata）	DESC:.CLEAR	DESC:這把沉重的刀劍單側開刃，鋒利的刃側從底部凹向頂部，並具有鉤形的握柄。如同放大版的反曲刀，它的形狀使重心靠前，其鋒刃的打擊動量如同斧頭。它的劍柄有時會被刻成馬頭或鷹頭，並可能有連結柄端與護手之間的細鏈用來保護手部和手指。	
Fighting fan.MOD	OUTPUTNAME:鐵骨扇（Fighting fan）	DESC:.CLEAR	DESC:雖然從外表上看起來與普通的綢面或紙折扇無異，鐵骨扇的扇骨乃是用精鋼所鑄。鐵骨扇通常成對使用以更好的在戰鬥中擾亂對手，它的扇骨通常會修出尖頭並可能喂毒。	
Flying blade.MOD	OUTPUTNAME:旋刃（Flying blade）	DESC:.CLEAR	DESC:旋刃是一件大型的圓月彎刀與10尺鎖鏈鉚定而成。你在持用旋刃戰鬥時，將其在自己頭頂旋轉數圈後擲向對手【譯者吐槽：簡直Flag立到飛起】。由於旋刃是件太過笨拙的武器，你用它做出的攻擊檢定-2；但若你用它發動針對移動而引起的藉機攻擊時，攻擊檢定不但不受減值反而還會+2。	
Hammer (Gnome Hooked).MOD	OUTPUTNAME:侏儒鉤錘（Hammer (Gnome Hooked)）	DESC:.CLEAR	DESC:侏儒鉤錘是一件雙頭武器——這件天才工具的長柄一端是錘頭，另一端則是弧形的鎬。錘頭的鈍面是造成1d6傷害的鈍擊武器（重擊倍率×3），鉤側是造成1d4傷害的穿刺武器（重擊倍率×4）。你能將任一端視為主手武器。侏儒能將鉤錘視為軍用武器。	
Terbutje (Great).MOD	OUTPUTNAME:石刃大劍（Terbutje (Great)）	DESC:.CLEAR	DESC:這件石器時代的武器是石刃劍的放大版。過於巨大使得它難以在經受特殊訓練之前單手使用；因此這是一件異種武器。你能在雙手持用石刃大劍的情況下將其視為軍用武器。	
Sling Staff (Halfling).MOD	OUTPUTNAME:半身人投石杖（Sling Staff (Halfling)）	DESC:.CLEAR	DESC:特殊設計為連結短棒的投石索，一把半身人投石杖能在熟練持用者的手中發揮巨大威力。你能在使用投石杖時將力量修正加至傷害，如同它是投擲武器一般。你能單手使用投石杖拋石，但無法裝填。為投石杖裝填是一個需要用到兩隻手、並且會引發藉機攻擊的移動動作。半身人投石杖拋射彈丸。你能用投石杖拋擲普通的石塊，但石塊不如專門的彈丸一樣密度均勻、形狀圓潤。因此這種攻擊要受到-1減值，而判斷傷害時要將其視為武器型號小於實際一級。半身人投石杖還能被當作造成鈍擊傷害的簡易近戰武器，視為同等型號的木棒。半身人能將半身人投石杖視為軍用武器。	
Crossbow (Hand).MOD	OUTPUTNAME:手弩（Crossbow (Hand)）	DESC:.CLEAR	DESC:你能用手拉開手弩。為手弩裝填是一個會引發藉機攻擊的移動動作。如同使用輕弩和重弩一樣，手弩發射標準弩矢。你能單手使用手弩射擊且不受攻擊減值，但無法單手裝填。你還能兩隻手各持用一把輕弩射擊，但這樣將會受到如同使用兩把輕型武器的雙武器戰鬥減值。	
Harpoon.MOD	OUTPUTNAME:魚叉（Harpoon）	DESC:.CLEAR	DESC:魚叉是一把有倒鉤的矛，其尾部還連結著50尺長的繩索。多數魚叉都有著金屬尖端，少數為獸牙或木製的。若你擅長魚叉，它可以當作絆摔武器使用。一把魚叉的10磅重量包括了其本身外加50尺長的麻繩，該重量可以通過換用較短或較輕的繩索來減輕。若你不擅長魚叉，可將其視為矛。	
Hooked axe.MOD	OUTPUTNAME:鉤斧（Hooked axe）	DESC:.CLEAR	DESC:這把斧頭的鉤狀末端可以用來卸除武器或讓對手失去平衡。鉤斧可以被當作軍用武器來使用（此時功能如同戰斧）。	
Kama.MOD	OUTPUTNAME:單鐮（Kama）	DESC:.CLEAR	DESC:類似鐮刀——在某些地區甚至還在用來收割莊稼——的單鐮是一把短小曲刃連接在簡單把手上的武器，把手多為木製。它有時也被稱為拐，常常成對地被武道家們選用。	
Katana.MOD	OUTPUTNAME:武士刀（Katana）	DESC:.CLEAR	DESC:這種刀劍通常是為武士設計的，由數種不同材質的鋼材以複雜的工藝折疊鍛打而成。武士刀的刀身細長而鋒銳，微微彎曲的單面開刃可以讓劍士通過劈砍斬斷對手的脖頸和肢體。雖然武士刀有著完美的平衡，但是它並不容易熟練掌握。一個角色可以雙手使用武士刀作為軍用武器，但必須擁有「擅長異種武器（武士刀）」專長才能單手使用它。	
Kestros.MOD	OUTPUTNAME:投鏢索（Kestros）	DESC:.CLEAR	DESC:投鏢索是一種青銅時代的奇異投具，它用來發射專門的投鏢。你能在使用投鏢索時將力量修正加至傷害，如同它是投擲武器一般。你能單手使用投鏢索發射，但無法裝填。為投鏢索裝填是一個需要用到兩隻手、並且會引發藉機攻擊的移動動作。半身人能將投鏢索視為軍用武器。	
Khopesh.MOD	OUTPUTNAME:鐮劍（Khopesh）	DESC:.CLEAR	DESC:這把沉重的刀劍末端有著鴉喙般的弧線，使其整體造型與戰斧相似。典型的鐮劍長約20到24寸。弧線設計使持用者能夠繞過防禦鉤擊、或絆摔敵人。鐮劍的典雅造型驅使很多工匠為其添加精美的裝飾。	
Knuckle axe.MOD	OUTPUTNAME:指斧（Knuckle axe）	DESC:.CLEAR	DESC:將形似斧頭的鋒刃加裝在黃銅指虎上，指斧經常被成對使用。你能用裝備著指斧的手抓握但非持用一件武器或其他物品。與黃銅指虎不同的是，你無法用裝備著指斧的手完成施法的姿勢成分。	
Kusarigama (Sickle and Chain).MOD	OUTPUTNAME:鎖鐮（Kusarigama (Sickle and Chain)）	DESC:.CLEAR	DESC:這把單鐮的手柄末端連接著一條10尺長度的細密鎖鏈，鎖鏈的另一頭還裝有一枚重錘。單鐮可以用來鉤掛、劈砍或擋格對手的攻擊，而鐵錘則可以依靠旋轉鎖鏈提供的離心力猛擊目標。	
Kyoketsu shoge.MOD	OUTPUTNAME:距拔（Kyoketsu shoge）	DESC:.CLEAR	DESC:這件武器的主體是一把長約一尺的雙刃刀，其一側還延伸出一支形似鳥嘴的彎鉤旁枝。刀刃底部連著一條10尺長的繩索，繩索的另一端則是一枚大型的鋼環。在戰鬥中，這把刀可以如同匕首一樣作為副手近戰武器或是投擲武器。繩索和鋼環則可以用來揮舞攻擊，如同一件鈍擊長兵器。	
Lasso.MOD	OUTPUTNAME:套索（Lasso）	DESC:.CLEAR	DESC:這件投擲武器是一段打有活結的繩索，使你能夠如同使用捕網一般纏繞住對手。纏繞對像施法的專注DC為「10+法術環級」。纏繞對像能以整輪動作通過DC15的脫逃檢定擺脫繩索。套索生命值2點，AC為10，破壞它的力量檢定DC為23。成功命中後套索會拉緊；想要再次使用，你需要通過一個標準動作來使繩結復位。	
Madu (Leather).MOD	OUTPUTNAME:馬杜（Madu (Leather)）	DESC:.CLEAR	DESC:馬杜是裝有兩隻獸角的圓形輕皮盾——通常為羚羊角——兩角指向相反的方向。若你擅長馬杜，你能在持用它進行防禦式戰鬥時攻擊檢定承受-2減值而非通常的-4，你使用「寓守於攻」專長時的攻擊減值也會降低1點（減值至少-1）。你無法用持有馬杜的手抓握任何其他東西。若你不擅長它，可以將其視為帶刺輕盾。馬杜無法被卸武。馬杜也能以金屬整塊打造，但兩種版本對攻防的效果相同，僅在考慮某些法術和效果時有所差異。德魯伊可以使用皮質馬杜，鋼鐵馬杜則不行。	
Madu (Steel).MOD	OUTPUTNAME:馬杜（Madu (Steel)）	DESC:.CLEAR	DESC:馬杜是裝有兩隻獸角的圓形輕皮盾——通常為羚羊角——兩角指向相反的方向。若你擅長馬杜，你能在持用它進行防禦式戰鬥時攻擊檢定承受-2減值而非通常的-4，你使用「寓守於攻」專長時的攻擊減值也會降低1點（減值至少-1）。你無法用持有馬杜的手抓握任何其他東西。若你不擅長它，可以將其視為帶刺輕盾。馬杜無法被卸武。馬杜也能以金屬整塊打造，但兩種版本對攻防的效果相同，僅在考慮某些法術和效果時有所差異。德魯伊可以使用皮質馬杜，鋼鐵馬杜則不行。	
Mancatcher.MOD	OUTPUTNAME:捕人叉（Mancatcher）	DESC:.CLEAR	DESC:這件長兵器包括了兩支攻擊時環繞住對象的弧形金屬槓，允許你將一名對手定身。捕人叉是用來捕捉特定體型（譬如小型或中型）的生物而打造的，無法作用於體型不對的生物。向對像進行一次接觸攻擊，命中後再通過戰技檢定來擒抱他（雖然未空出雙手也無需承受-4減值）；成功則意味著你與對手展開擒抱。一旦對手被擒抱，你能以擒抱動作來移動或傷害他。捕人叉硬度為10，生命值5點；破壞它的力量檢定DC為26。若你放開捕人叉，對方能以一個標準動作解放自己。	
Meteor hammer.MOD	OUTPUTNAME:流星錘（Meteor hammer）	DESC:.CLEAR	DESC:這件武器由一對通過10尺長的鎖鏈連接的鐵錘組成。你可以旋舞鐵錘以利於鎖鏈捆綁對手。當你用流星錘進行一次摔絆戰技攻擊且命中時，你可以選擇將目標向你拉近5尺而非將其擊倒。除此之外，流星錘有兩種用法：攻擊模式和防禦模式。在攻擊模式下，你可以將其作為一件雙頭武器使用；而在防禦模式下，你只能使用它的一頭，但是在防禦等級上獲得+1盾牌加值。你可以在自己的行動輪開始時決定使用何種戰鬥模式。	
Net.MOD	OUTPUTNAME:捕網（Net）	DESC:.CLEAR	DESC:捕網用來纏繞對手。當你擲出捕網時，你向對像進行一次遠程接觸攻擊。捕網的最大射程為10尺。若你命中，目標陷入纏繞狀態。被纏繞的生物攻擊檢定-2、敏捷-4、僅能半速移動，並且無法衝鋒或奔跑。若你在力量對抗檢定中勝出以控制捕網的拉索，纏繞對像將僅能在捕網繩長的限制範圍內移動。若纏繞對像想要施法，他必須通過DC為「10+法術環級」的專注檢定，失敗則無法施法。纏繞對像能以整輪動作通過DC20的脫逃檢定擺脫捕網。捕網擁有生命值5點，破壞它的力量檢定DC為25。捕網僅能作用於體型和你相差一級以內的生物。捕網必須被折疊好才能有效投擲。你在戰鬥中首次使用捕網時，進行正常的遠程接觸攻擊；在折疊好之前再次使用則會使攻擊檢定承受-4減值。擅長捕網的角色需要2輪折疊好捕網，不熟練者耗時加倍。	
Nine-section whip.MOD	OUTPUTNAME:九節鞭（Nine-section whip）	DESC:.CLEAR	DESC:這件武器的主體部分是九節互相連接的鐵條，而它的末端則是一支6吋長的銳利鋼刺。九節鞭可以單手或雙手，甚至雙持使用。	
Nunchaku.MOD	OUTPUTNAME:雙節棍（Nunchaku）	DESC:.CLEAR	DESC:雙截棍是由較短的繩索或鎖鏈連結的兩隻木棒或鐵棒。	
Axe (Orc Double).MOD	OUTPUTNAME:獸人雙頭斧（Axe (Orc Double)）	DESC:.CLEAR	DESC:獸人雙頭斧是長柄兩端各有一隻斧刃的凶殘武器，也是一件雙頭武器。雖然由獸人發明、也與獸人傳統相聯繫，還常因過重和笨拙而被詬病，這把雙頭斧實際能被其他任何種族打造和持用。由於兩端都有鋒刃，持用者必須抓握住獸人雙頭斧的握柄中央，然後加以揮舞——這種迴旋斬劈的戰鬥風格相較巨斧或戰斧更像是在用木棍。	
Pata.MOD	OUTPUTNAME:拳劍（Pata）	DESC:.CLEAR	DESC:作為拳刃的進化版本，拳劍是固定在不分指鐵手套前面的短劍。你以此武器發動的攻擊相較戳刺更像是拳擊，這是你能夠在每一擊中蓄積更強的力道。你無法用持有拳劍的手抓握任何其他東西。拳劍在抵抗針對其本身的卸武戰技時令你的CMD+10。	
Quadrens.MOD	OUTPUTNAME:多刃匕首（Quadrens）	DESC:.CLEAR	DESC:多刃匕首看上去像是一把加粗的匕首，但有著方形格局的四支尖刺。每當你用多刃匕首造成重擊時，它會撕裂創口並造成1點出血傷害。除了用於撕開甲冑的縫隙，它的尖刺還能用來咬住對手的劍刃並將其扭斷。	
Crossbow (Repeating Hand).MOD	OUTPUTNAME:連發手弩（Crossbow (Repeating Hand)）	DESC:.CLEAR	DESC:這件武器的功能與連發重弩相似，不過傷害、重擊和射程數據與手弩相同。	
Crossbow (Repeating Heavy).MOD	OUTPUTNAME:連發重弩（Crossbow (Repeating Heavy)）	DESC:.CLEAR	DESC:這把連發重弩裝有5支弩矢。只要其中還有弩矢，你就能通過拉動槓桿進行裝填（一個自由動作）。安裝一個含有5支弩矢的新彈匣是一個會引起藉機攻擊的整輪動作。只要武器型號與你的體型相符，你能單手擊發連發重弩、或兩隻手分別持一把連發重弩進行射擊。但是想要使用裝填槓桿，你必須用雙手操作這件武器，並且必須用兩隻手來安裝新彈匣。	
Crossbow (Repeating Light).MOD	OUTPUTNAME:連發輕弩（Crossbow (Repeating Light)）	DESC:.CLEAR	DESC:這件武器的功能與連發重弩相似，不過傷害、重擊和射程數據與輕弩相同而非重弩。它的輕量型和精細構造，使得在依賴隱秘性與射速的行動中更為便攜和有效。	
Rhoka sword.MOD	OUTPUTNAME:雙叉劍（Rhoka sword）	DESC:.CLEAR	DESC:使用這把劍的幾乎都是憎惡生命的透肌魔人（Urdefhan, B2）。這把劍的尺寸與長劍相近，但有兩片並列的劍刃。	
Rope dart.MOD	OUTPUTNAME:繩鏢（Rope dart）	DESC:.CLEAR	DESC:這件不起眼的武器看起來不過是一條12尺長的繩子和一支6寸長的鐵鏢。和流星錘的使用方法類似，繩鏢可以在高速旋舞以後擲出，刺擊遠距離的敵人。每次攻擊以後，繩鏢的使用者只需要簡單的拉動繩子就可以收回武器。	
Sai.MOD	OUTPUTNAME:筆架叉（Sai）	DESC:.CLEAR	DESC:筆架叉是一支被兩根短刺包圍的長鐵刺，用來鎖拿敵人的武器。持用筆架叉時，你對敵人武器的破武戰技檢定+2。雖然有尖刺，筆架叉並不長用來戳刺。它主要用來以柄部敲打敵人，或用尖刺的縫隙捕捉並卸除敵人的武器。筆架叉常被成對持用。	
Sawtooth sabre.MOD	OUTPUTNAME:鋸齒劍（Sawtooth sabre）	DESC:.CLEAR	DESC:作為刺客的招牌武器，鋸齒劍是殘酷而有效的兵刃。你能將鋸齒劍作為軍用武器來使用（此時功能如同長劍）。若你擁有「擅長異種武器（鋸齒劍）」專長，在雙武器戰鬥中可以將其視為輕型武器；其他所有情況下則都視為單手近戰武器。	
Scorpion whip.MOD	OUTPUTNAME:蠍尾鞭（Scorpion whip）	DESC:.CLEAR	DESC:這只鞭子上鑲嵌著一系列犬牙交錯的鋒刃。它能造成致命傷害，哪怕是面對AC具有護甲加值的生物。如果你同時擅長蠍尾鞭和鞭子，你可以將蠍尾鞭正常使用（輕型演武武器）或當鞭子使用。當你將蠍尾鞭做鞭子使用時，等同於使用鞭子，但造成致命傷害而無論目標生物是否有護甲AC加值。	
Sword (Seven-branched).MOD	OUTPUTNAME:七支刀（Sword (Seven-branched)）	DESC:.CLEAR	DESC:這支造型奇特的兵刃劍身長2尺，劍刃上鑄有6支短小的L型鐵枝。這些鐵枝在兩側劍刃上交錯排列，在戰鬥中，它們可以用來鉤掛敵人的衣甲或是從敵人手中鉤下武器。如果使用者用七支刀鉤掛對手，他需要進行一個絆摔戰技檢定。如果絆摔成功，目標不會被擊倒而是因拖拉失去平衡，在本輪接下來的時間陷入措手不及狀態。	
Shotel.MOD	OUTPUTNAME:鉤劍（Shotel）	DESC:.CLEAR	DESC:鉤劍是一把向內側開刃的曲形劍，被設計用來越過盾牌攻擊對手。你在持用鉤劍時，對裝備有小圓盾、輕盾和重盾的對手的攻擊檢定+1。每把鉤劍的弧度都有所不同，有些雙面開刃，有些單側開刃、另一側可以用來加大破盾的力度。鉤劍在把騎乘對像從坐騎上扯下來時效果拔群。	
Shuriken.MOD	OUTPUTNAME:手裡劍（Shuriken）	DESC:.CLEAR	DESC:手裡劍是一小片邊緣鋒利、被設計用來投擲的金屬片。手裡劍無法被當作近戰武器使用。雖然是投擲武器，手裡劍在決定精製品等特殊版本的製造與價格、以及投出後的效果時視為彈藥。	
Siangham.MOD	OUTPUTNAME:破魔錐（Siangham）	DESC:.CLEAR	DESC:這件武器的握柄前端是戳刺敵人用的尖刺，它像是一支柄部加粗、用來近戰的箭矢。	
Sica.MOD	OUTPUTNAME:鉤刀（Sica）	DESC:.CLEAR	DESC:這把刀是鉤劍的輕量化版本。你在持用鉤刀時，對裝備有小圓盾、輕盾和重盾的對手的攻擊檢定+1。	
Snag net.MOD	OUTPUTNAME:鉤網（Snag net）	DESC:.CLEAR	DESC:這個短而寬的捕網上覆蓋著刺環以及活結。它的功能如同典型的捕網，不過它擁有絆摔特性。如果你已經用其纏住敵人並且同時握住拖繩，就能夠在自己的回合使用絆摔戰技檢定對抗敵人以替代一次近戰攻擊；如果你成功了，就能絆摔敵人或對其造成1點穿刺傷害。若要在被鉤網糾纏時施法，專注檢定DC為「17+法術環級」。使用逃脫檢定掙脫鉤網的DC為22。	
Chain (Spiked).MOD	OUTPUTNAME:刺鏈（Chain (Spiked)）	DESC:.CLEAR	DESC:刺鏈長約4尺，佈滿了凶殘的鉤刺。有些會有鐵箍作為把手。你能通過「武器嫻熟」專長在持用一把型號與你體型相符的刺鏈時，在攻擊檢定中以敏捷修正取代力量修正，即便它並不是輕型武器。	
Dagger (Swordbreaker).MOD	OUTPUTNAME:折劍匕首（Dagger (Swordbreaker)）	DESC:.CLEAR	DESC:你能用這把匕首背側的豁口咬住敵人的劍刃，並將折劍匕首當作扳手來卸除或破壞對方的武器。若你擅長此武器，持用它時對刃型武器的卸武和破武戰技檢定+4。【譯註：刃型武器即bladed weapons，應該指戰士武器組中歸為輕刃和重刃類的武器。】	
Taiaha.MOD	OUTPUTNAME:棍矛（Taiaha）	DESC:.CLEAR	DESC:這件石器時代武器有著又長又重的柄，一端是平頭木棒，另一端則固定著木製或金屬的矛尖。你持用它時，木棒打擊和揮矛守禦的動作相互結合。棍矛可以被當作造成1d8鈍擊傷害（小體型1d6，重擊×2）的軍用武器來使用。	
Tekko-Kagi (Iron Claw).MOD	OUTPUTNAME:手甲鉤（Tekko-Kagi (Iron Claw)）	DESC:.CLEAR	DESC:這件武器通稱為鐵爪，5支10尺長短的鐵製爪刃平行裝置在一副包住整個前臂與手背的護手前端。手甲鉤可以用來進行攻擊，或是像使用小圓盾一樣翻譯或是進行卸武戰技而不受到藉機攻擊。最後，手甲鉤在嘗試對劍類或類似的細長刃類武器進行的卸武和破武的戰技檢定上獲得+2加值。	
Temple sword.MOD	OUTPUTNAME:儀劍（Temple sword）	DESC:.CLEAR	DESC:這把沉重的刀劍通常被宗教場所的守衛使用。儀劍有著新月形的刀刃，令它看上去介於鐮刀和彎刀之間。很多儀劍上打有孔洞，再以鈴鐺、缽片之類神聖墜飾加以鑲嵌，用來體現其所有者的精神崇拜或冥思法器。武僧擅長儀劍。	
Tetsubo.MOD	OUTPUTNAME:金碎棒（Tetsubo）	DESC:.CLEAR	DESC:這是一種和巨木棒類似，但相對細長的鈍擊棍棒。金碎棒的前半截棒身嵌有數十枚金屬嵌釘，給予金碎棒額外的重量和破壞力以增強打擊效果。	
Throwing shield.MOD	OUTPUTNAME:飛盾（Throwing shield）	DESC:.CLEAR	DESC:這面盾牌被設計用來投擲，因此其握把的設計允許你通過一個自由動作卸下並投擲出去。塔盾無法被作為飛盾。盾牌的AC增強加值和盾刺都無法作用於你的攻擊和傷害檢定。飛盾無法被卸武。	
Sword (Two-bladed).MOD	OUTPUTNAME:雙刃劍（Sword (Two-bladed)）	DESC:.CLEAR	DESC:雙刃劍是一件雙頭武器——從短柄中央向兩端伸出孿生的劍刃，允許持用者發動優雅而致命的連續技。	
Urumi.MOD	OUTPUTNAME:軟劍（Urumi）	DESC:.CLEAR	DESC:也被稱為「鞭劍」，這把武器具有長達5尺，邊緣鋒銳而極具彈性的鋼鍛劍刃。軟劍可以通過類似抽打的動作削切對手，它柔軟而有彈性的劍身甚至可以捲起收入腰帶中。	
Wahaika.MOD	OUTPUTNAME:魚嘴棒（Wahaika）	DESC:.CLEAR	DESC:這只石器時代的粗短棒由硬木或骨製成。它的一側鑿出豁口，用來捕捉對方的武器。若你擅長此武器，你能用魚嘴棒的豁槽對敵人發動卸武戰技；否則你只能將它視為木棒。影響木棒的專長和能力同樣作用於魚嘴棒。	
Wakizashi.MOD	OUTPUTNAME:脅差（Wakizashi）	DESC:.CLEAR	DESC:這把更為短小窄細版本的武士刀通常只有1-2尺長。脅差一般用來作為備用武器或處決對手，武者也在受辱時使用脅差切腹自殺來挽回榮譽。武士常常將武士刀與脅差成對攜帶，稱之為「大小雙刀」。	
Whip.MOD	OUTPUTNAME:長鞭（Whip）	DESC:.CLEAR	DESC:長鞭無法對任何AC護甲加值+1以上、或天生護甲+3以上的生物造成傷害。長鞭被視為觸及範圍15尺的近戰長兵器，不過你無法威脅能攻擊到的區域。此外與多數長兵器不同的是，你能用它對抗觸及範圍內任何位置的敵人（包括鄰接的敵人）。如同使用遠程武器，使用長鞭將會引發藉機攻擊。你能通過「武器嫻熟」專長在持用一把型號與你體型相符的長鞭時，在攻擊檢定中以敏捷修正取代力量修正，即便它並不是輕型武器。你無法通過雙手持用長鞭的方式來將力量修正的1.5倍加至傷害檢定。	
Arrow.MOD	OUTPUTNAME:箭矢（Arrow）	DESC:.CLEAR	DESC:一支箭矢在作為近戰武器時屬於輕型臨時武器（攻擊檢定-4），它可以造成與同樣型號的匕首相同的傷害（重擊倍率×2）。買到的箭放在一個可以容納20支箭的皮革箭袋裡。	
Atlatl dart.MOD	OUTPUTNAME:擲鏢（Atlatl dart）	DESC:.CLEAR	DESC:除了連接槽以外，擲鏢和標槍並無區別。若無擲鏢器用來發射，可將其視為標槍。	
Bamboo Shaft (10).MOD	OUTPUTNAME:竹矢（Bamboo Shaft (10)）	DESC:.CLEAR	DESC:這種長度約一尺的箭矢是袖箭的彈藥，竹矢可以作為臨時近戰武器使用，傷害相當於一副同體型大小的帶刺鐵手套。袖箭可以一次裝填10發竹矢。	
Dart (Blowgun).MOD	OUTPUTNAME:吹箭（Dart (Blowgun)）	DESC:.CLEAR	DESC:這只輕薄的飛鏢由硬木製成、底端有協助飛行穩定性的羽毛等物，被吹箭筒作為彈藥使用。吹鏢發射前從反面裝填進吹箭筒。	
Arrow (Blunt).MOD	OUTPUTNAME:鈍箭（Arrow (Blunt)）	DESC:.CLEAR	DESC:這只箭矢的先端是造成鈍擊傷害而非穿刺的圓木。射手能夠使用鈍箭造成非致命傷害（依然由於以致命武器造成非致命傷害而使攻擊檢定承受-4減值）。	
Bolt (Crossbow).MOD	OUTPUTNAME:弩矢（Bolt (Crossbow)）	DESC:.CLEAR	DESC:一支弩矢在作為近戰武器時屬於輕型臨時武器，它可以造成與同樣型號的匕首相同的傷害（重擊倍率×2）。買到的弩矢放在一個可以容納10支弩矢（連射弩是5支）的木製小匣裡。	
Arrow (Flight).MOD	OUTPUTNAME:飛箭（Arrow (Flight)）	DESC:.CLEAR	DESC:這種箭矢的輕桿提供了極遠的射程。長弓使用飛箭時的射程增量提高20尺，短弓則提高10尺。它們判斷傷害時視為武器型號小於實際一級。	
Kestros Dart (10).MOD	OUTPUTNAME:投鏢（Kestros Dart (10)）	DESC:.CLEAR	DESC:投鏢用投鏢索來投擲，它將9寸長的金屬尖端安裝在12寸長的木桿上、再加裝羽毛等物來協助飛行穩定性。一隻投鏢在作為近戰武器時屬於輕型臨時武器，它可以造成與同樣型號的匕首相同的傷害（重擊倍率×2）。10只投鏢一組放在一個皮袋裡。	
Bolt (Crossbow/Repeating).MOD	OUTPUTNAME:連發弩矢（Bolt (Crossbow/Repeating)）	DESC:.CLEAR	DESC:連發弩矢被設計用於以連發弩發射。它們的售價略高於普通弩矢，並以5支一組出售而非10支（以和彈匣容量相匹配）。	
Bullet (Sling).MOD	OUTPUTNAME:投石索彈丸（Bullet (Sling)）	DESC:.CLEAR	DESC:買到的彈丸放在一個可以容納10顆彈丸的皮質小袋裡。	
Arrow (Smoke).MOD	OUTPUTNAME:霧箭（Arrow (Smoke)）	DESC:.CLEAR	DESC:這只箭矢實際上是能夠被弓發射的、削尖的煙霧棒。它在飛行時拖曳著煙塵，並在命中之處產生5英尺立方的煙霧。在傷害、射程等其他方面，霧箭的功能和普通箭矢別無二致。	
Arrow (Whistling).MOD	OUTPUTNAME:響箭（Arrow (Whistling)）	DESC:.CLEAR	DESC:響箭具有特殊的箭身穿孔和羽翎，它們可以在被射出後發出極其尖銳而響亮的呼嘯聲（足以影響半徑500尺的範圍）。響箭以20支裝一壺出售。	
