ABILITYCATEGORY:Arcanist Class Feature	DISPLAYNAME:奧能師職業特性	DISPLAYLOCATION:職業特性
ABILITYCATEGORY:Bloodrager Class Feature	DISPLAYNAME:血脈狂怒者職業特性	DISPLAYLOCATION:職業特性
ABILITYCATEGORY:Brawler Class Feature	DISPLAYNAME:拳師職業特性	DISPLAYLOCATION:職業特性
ABILITYCATEGORY:Hunter Class Feature	DISPLAYNAME:獵人職業特性	DISPLAYLOCATION:職業特性
ABILITYCATEGORY:Investigator Class Feature	DISPLAYNAME:調查員職業特性	DISPLAYLOCATION:職業特性
ABILITYCATEGORY:Shaman Class Feature	DISPLAYNAME:薩滿職業特性	DISPLAYLOCATION:職業特性
ABILITYCATEGORY:Skald Class Feature	DISPLAYNAME:歌者職業特性	DISPLAYLOCATION:職業特性
ABILITYCATEGORY:Slayer Class Feature	DISPLAYNAME:殺手職業特性	DISPLAYLOCATION:職業特性
ABILITYCATEGORY:Swashbuckler Class Feature	DISPLAYNAME:遊蕩刺客職業特性	DISPLAYLOCATION:職業特性
ABILITYCATEGORY:Warpriest Class Feature	DISPLAYNAME:戰鬥祭司職業特性	DISPLAYLOCATION:職業特性
ABILITYCATEGORY:Arcanist Archetype	DISPLAYNAME:奧能師職業變體	DISPLAYLOCATION:職業變體
ABILITYCATEGORY:Bloodrager Archetype	DISPLAYNAME:血脈狂怒者職業變體	DISPLAYLOCATION:職業變體
ABILITYCATEGORY:Brawler Archetype	DISPLAYNAME:拳師職業變體	DISPLAYLOCATION:職業變體
ABILITYCATEGORY:Hunter Archetype	DISPLAYNAME:獵人職業變體	DISPLAYLOCATION:職業變體
ABILITYCATEGORY:Investigator Archetype	DISPLAYNAME:調查員職業變體	DISPLAYLOCATION:職業變體
ABILITYCATEGORY:Shaman Archetype	DISPLAYNAME:薩滿職業變體	DISPLAYLOCATION:職業變體
ABILITYCATEGORY:Skald Archetype	DISPLAYNAME:歌者職業變體	DISPLAYLOCATION:職業變體
ABILITYCATEGORY:Slayer Archetype	DISPLAYNAME:殺手職業變體	DISPLAYLOCATION:職業變體
ABILITYCATEGORY:Swashbuckler Archetype	DISPLAYNAME:遊蕩刺客職業變體	DISPLAYLOCATION:職業變體
ABILITYCATEGORY:Warpriest Archetype	DISPLAYNAME:戰鬥祭司職業變體	DISPLAYLOCATION:職業變體
ABILITYCATEGORY:Arcanist Exploit	DISPLAYNAME:奧能技藝	DISPLAYLOCATION:職業特性
ABILITYCATEGORY:Arcanist Bloodline	DISPLAYNAME:奧能師血統	DISPLAYLOCATION:職業特性
ABILITYCATEGORY:Arcanist School	DISPLAYNAME:奧能師學派	DISPLAYLOCATION:職業特性
ABILITYCATEGORY:Arcanist School Power	DISPLAYNAME:奧能師學派力量	DISPLAYLOCATION:職業特性
ABILITYCATEGORY:Bloodrager Bloodline	DISPLAYNAME:血脈狂怒者血統	DISPLAYLOCATION:職業特性
ABILITYCATEGORY:Hunter Animal Focus	DISPLAYNAME:獵人動物之力	DISPLAYLOCATION:職業特性
ABILITYCATEGORY:Hunter Animal Companion Status	DISPLAYNAME:獵人動物夥伴狀態	DISPLAYLOCATION:職業特性
ABILITYCATEGORY:Investigator Talent	DISPLAYNAME:調查員天賦	DISPLAYLOCATION:職業特性
ABILITYCATEGORY:Skald Versatile Performance	DISPLAYNAME:歌者多才多藝	DISPLAYLOCATION:職業特性
ABILITYCATEGORY:Arcanist Item Creation Feat	DISPLAYNAME:奧能師造物專長	DISPLAYLOCATION:專長
ABILITYCATEGORY:Arcanist Metamagic Feat	DISPLAYNAME:奧能師超魔專長	DISPLAYLOCATION:專長
ABILITYCATEGORY:Aberrant Bloodrager Bloodline Feat	DISPLAYNAME:血脈狂怒者異怪血脈專長	DISPLAYLOCATION:專長
ABILITYCATEGORY:Abyssal Bloodrager Bloodline Feat	DISPLAYNAME:血脈狂怒者深淵血脈專長	DISPLAYLOCATION:專長
ABILITYCATEGORY:Arcane Bloodrager Bloodline Feat	DISPLAYNAME:血脈狂怒者奧秘血脈專長	DISPLAYLOCATION:專長
ABILITYCATEGORY:Celestial Bloodrager Bloodline Feat	DISPLAYNAME:血脈狂怒者天界血脈專長	DISPLAYLOCATION:專長
ABILITYCATEGORY:Destined Bloodrager Bloodline Feat	DISPLAYNAME:血脈狂怒者命運血脈專長	DISPLAYLOCATION:專長
ABILITYCATEGORY:Draconic Bloodrager Bloodline Feat	DISPLAYNAME:血脈狂怒者龍裔血脈專長	DISPLAYLOCATION:專長
ABILITYCATEGORY:Elemental Bloodrager Bloodline Feat	DISPLAYNAME:血脈狂怒者元素血脈專長	DISPLAYLOCATION:專長
ABILITYCATEGORY:Fey Bloodrager Bloodline Feat	DISPLAYNAME:血脈狂怒者精類血脈專長	DISPLAYLOCATION:專長
ABILITYCATEGORY:Infernal Bloodrager Bloodline Feat	DISPLAYNAME:血脈狂怒者地獄血脈專長	DISPLAYLOCATION:專長
ABILITYCATEGORY:Undead Bloodrager Bloodline Feat	DISPLAYNAME:血脈狂怒者亡靈血脈專長	DISPLAYLOCATION:專長
ABILITYCATEGORY:Crossblooded Rager Bloodline	DISPLAYNAME:混血狂怒者血脈	DISPLAYLOCATION:職業特性
ABILITYCATEGORY:Crossblooded Rager Bloodline Feat	DISPLAYNAME:混血狂怒者血脈專長	DISPLAYLOCATION:職業特性
ABILITYCATEGORY:Crossblooded Rager Spell	DISPLAYNAME:混血狂怒者法術	DISPLAYLOCATION:職業特性
ABILITYCATEGORY:Crossblooded Rager Bloodline Powers	DISPLAYNAME:混血狂怒者狂血之力	DISPLAYLOCATION:職業特性
ABILITYCATEGORY:Bloodrager Draconic Bloodline	DISPLAYNAME:血脈狂怒者龍裔血脈專長	
ABILITYCATEGORY:Brawler Bonus Feat	DISPLAYNAME:拳師獎勵專長	DISPLAYLOCATION:專長
ABILITYCATEGORY:Brawler's Strike Alignment Selection	DISPLAYNAME:拳法陣營選擇	DISPLAYLOCATION:職業特性
ABILITYCATEGORY:Maneuver Training I Selection	DISPLAYNAME:招式訓練I選擇	DISPLAYLOCATION:職業特性
ABILITYCATEGORY:Maneuver Training II Selection	DISPLAYNAME:招式訓練II選擇	DISPLAYLOCATION:職業特性
ABILITYCATEGORY:Maneuver Training III Selection	DISPLAYNAME:招式訓練III選擇	DISPLAYLOCATION:職業特性
ABILITYCATEGORY:Maneuver Training IV Selection	DISPLAYNAME:招式訓練IV選擇	DISPLAYLOCATION:職業特性
ABILITYCATEGORY:Maneuver Training V Selection	DISPLAYNAME:招式訓練V選擇	DISPLAYLOCATION:職業特性
ABILITYCATEGORY:Mutagenic Mauler Brawler Discovery	DISPLAYNAME:變異狂徒煉金術士發現	DISPLAYLOCATION:職業特性
ABILITYCATEGORY:Wild Trick Selection	DISPLAYNAME:野性奇術選擇	DISPLAYLOCATION:職業特性
ABILITYCATEGORY:Brawler Martial Flexibility Feat	DISPLAYNAME:拳師千招百式專長	DISPLAYLOCATION:專長
ABILITYCATEGORY:Hunter Precise Companion Feat	DISPLAYNAME:獵人精準協調專長	DISPLAYLOCATION:專長
ABILITYCATEGORY:Divine Hunter Domain	DISPLAYNAME:神聖獵者領域	DISPLAYLOCATION:職業特性
ABILITYCATEGORY:Hunter Teamwork Feats	DISPLAYNAME:獵人團隊專長	DISPLAYLOCATION:專長
ABILITYCATEGORY:Hunter Packmaster Teamwork Ability	DISPLAYNAME:獵人獸群之主團隊能力	DISPLAYLOCATION:職業特性
ABILITYCATEGORY:Investigator Alchemist Discovery	DISPLAYNAME:調查員煉金術科研發現	DISPLAYLOCATION:職業特性
ABILITYCATEGORY:Investigator Rogue Talent	DISPLAYNAME:調查員盜賊天賦	DISPLAYLOCATION:職業特性
ABILITYCATEGORY:Shaman Spirit	DISPLAYNAME:薩滿魂域	DISPLAYLOCATION:職業特性
ABILITYCATEGORY:Shaman Hex	DISPLAYNAME:薩滿巫術	DISPLAYLOCATION:職業特性
ABILITYCATEGORY:Shaman Wandering Spirit	DISPLAYNAME:薩滿飄渺魂域	DISPLAYLOCATION:職業特性
ABILITYCATEGORY:Secondary Shaman Wandering Spirit	DISPLAYNAME:薩滿第二飄渺魂域	DISPLAYLOCATION:職業特性
ABILITYCATEGORY:Unsworn Shaman Spirit Animal Bonus	DISPLAYNAME:遊魂薩滿魂獸獎勵	DISPLAYLOCATION:職業特性
ABILITYCATEGORY:Shaman Secret	DISPLAYNAME:薩滿奧秘	DISPLAYLOCATION:專長
ABILITYCATEGORY:Shaman Battle Wandering Hex	DISPLAYNAME:薩滿戰鬥魂域飄渺巫術	DISPLAYLOCATION:職業特性
ABILITYCATEGORY:Shaman Bones Wandering Hex	DISPLAYNAME:薩滿骸骨魂域飄渺巫術	DISPLAYLOCATION:職業特性
ABILITYCATEGORY:Shaman Flame Wandering Hex	DISPLAYNAME:薩滿烈焰魂域飄渺巫術	DISPLAYLOCATION:職業特性
ABILITYCATEGORY:Shaman Heavens Wandering Hex	DISPLAYNAME:薩滿蒼天魂域飄渺巫術	DISPLAYLOCATION:職業特性
ABILITYCATEGORY:Shaman Life Wandering Hex	DISPLAYNAME:薩滿生命魂域飄渺巫術	DISPLAYLOCATION:職業特性
ABILITYCATEGORY:Shaman Lore Wandering Hex	DISPLAYNAME:薩滿知識魂域飄渺巫術	DISPLAYLOCATION:職業特性
ABILITYCATEGORY:Shaman Nature Wandering Hex	DISPLAYNAME:薩滿自然魂域飄渺巫術	DISPLAYLOCATION:職業特性
ABILITYCATEGORY:Shaman Stone Wandering Hex	DISPLAYNAME:薩滿岩石魂域飄渺巫術	DISPLAYLOCATION:職業特性
ABILITYCATEGORY:Shaman Waves Wandering Hex	DISPLAYNAME:薩滿波濤魂域飄渺巫術	DISPLAYLOCATION:職業特性
ABILITYCATEGORY:Shaman Wind Wandering Hex	DISPLAYNAME:薩滿流風魂域飄渺巫術	DISPLAYLOCATION:職業特性
ABILITYCATEGORY:Shaman Witch Hex	DISPLAYNAME:薩滿巫法	DISPLAYLOCATION:職業特性
ABILITYCATEGORY:Slayer Talent	DISPLAYNAME:殺手天賦	DISPLAYLOCATION:職業特性
ABILITYCATEGORY:Swashbuckler Bonus Feat	DISPLAYNAME:遊蕩劍客額外專長	DISPLAYLOCATION:專長
ABILITYCATEGORY:Warpriest Blessing	DISPLAYNAME:戰鬥祭司祝福	DISPLAYLOCATION:職業特性
ABILITYCATEGORY:Warpriest Bonus Feat	DISPLAYNAME:戰鬥祭司獎勵專長	DISPLAYLOCATION:專長
ABILITYCATEGORY:Warpriest Focus Weapon Choice	DISPLAYNAME:戰鬥祭司專注武器選擇	DISPLAYLOCATION:職業特性
ABILITYCATEGORY:Warpriest Unarmed Strike	DISPLAYNAME:戰鬥祭司徒手攻擊	DISPLAYLOCATION:職業特性
ABILITYCATEGORY:Warpriest Channel Energy	DISPLAYNAME:戰鬥祭司引導能量	DISPLAYLOCATION:職業特性
ABILITYCATEGORY:Elf Hunter Critial Confirmation Choice	DISPLAYNAME:精靈獵人暴擊確認武器選擇	DISPLAYLOCATION:職業特性
ABILITYCATEGORY:Elf Shaman Hex Range Choice	DISPLAYNAME:精靈薩滿巫術範圍選擇	DISPLAYLOCATION:職業特性
ABILITYCATEGORY:Halfling Skald Critial Confirmation Choice	DISPLAYNAME:半身人暴擊確認武器選擇	DISPLAYLOCATION:職業特性
ABILITYCATEGORY:Skald Bonus Spell Known Choice	DISPLAYNAME:歌者額外已知法術選擇	DISPLAYLOCATION:職業特性
ABILITYCATEGORY:Dare	DISPLAYNAME:炫技	DISPLAYLOCATION:職業特性
ABILITYCATEGORY:Swashbuckler Bonus Feat Selection	DISPLAYNAME:遊蕩劍客獎勵專長選擇	DISPLAYLOCATION:專長
ABILITYCATEGORY:Raging Blood Bloodline	DISPLAYNAME:狂怒血統	DISPLAYLOCATION:專長
ABILITYCATEGORY:Firearm Proficiency Choice	DISPLAYNAME:擅長火器選擇	DISPLAYLOCATION:職業特性
ABILITYCATEGORY:Rapid Reload	DISPLAYNAME:快速裝填	DISPLAYLOCATION:專長
ABILITYCATEGORY:Temp Eldritch Scrapper Feat	DISPLAYNAME:臨時魔能武師專長	DISPLAYLOCATION:專長
ABILITYCATEGORY:Packmaster Companion Choice	DISPLAYNAME:獸群大師夥伴選擇	DISPLAYLOCATION:職業特性
ABILITYCATEGORY:Boon Companion Select Packmaster Companion	DISPLAYNAME:獸群大師額外夥伴選擇	DISPLAYLOCATION:專長
ABILITYCATEGORY:Level 4 Primal Choice	DISPLAYNAME:4級原始抉擇	DISPLAYLOCATION:職業特性
ABILITYCATEGORY:Level 8 Primal Choice	DISPLAYNAME:8級原始抉擇	DISPLAYLOCATION:職業特性
ABILITYCATEGORY:Level 12 Primal Choice	DISPLAYNAME:12級原始抉擇	DISPLAYLOCATION:職業特性
ABILITYCATEGORY:Level 16 Primal Choice	DISPLAYNAME:16級原始抉擇	DISPLAYLOCATION:職業特性
ABILITYCATEGORY:Level 20 Primal Choice	DISPLAYNAME:20級原始抉擇	DISPLAYLOCATION:職業特性
ABILITYCATEGORY:Contact Specialist Feat	DISPLAYNAME:貼身戰專家專長	DISPLAYLOCATION:職業特性
ABILITYCATEGORY:Style Feat	DISPLAYNAME:流派專長	DISPLAYLOCATION:專長
ABILITYCATEGORY:Hex Selection	DISPLAYNAME:巫術選擇	DISPLAYLOCATION:專長
ABILITYCATEGORY:Speaker for the Past Revelation	DISPLAYNAME:述古者啟示	DISPLAYLOCATION:職業特性
ABILITYCATEGORY:Witch Channel Energy	DISPLAYNAME:女巫引導能量	DISPLAYLOCATION:職業特性
ABILITYCATEGORY:Inspired Investigator Talent	DISPLAYNAME:啟蒙化學家天賦	DISPLAYLOCATION:職業能力
ABILITYCATEGORY:Blade Adept Blade Selection	DISPLAYNAME:魔刃使刃器選擇	DISPLAYLOCATION:職業特性
ABILITYCATEGORY:Blade Adept Arcana	DISPLAYNAME:魔刃使奧能	DISPLAYLOCATION:職業特性
ABILITYCATEGORY:Elemental Master Type	DISPLAYNAME:元素師類型	DISPLAYLOCATION:職業特性
ABILITYCATEGORY:Arcanist Savant School	DISPLAYNAME:奧能師學派家學派	DISPLAYLOCATION:職業特性
ABILITYCATEGORY:Arcanist Savant Opposition School	DISPLAYNAME:奧能師學派家對立學派	DISPLAYLOCATION:職業特性
ABILITYCATEGORY:Savant Necromancer Channeling	DISPLAYNAME:學派家死靈導能	DISPLAYLOCATION:職業特性
ABILITYCATEGORY:Nature Fang Talent	DISPLAYNAME:自然之牙天賦	DISPLAYLOCATION:職業特性
ABILITYCATEGORY:Advanced Nature Fang Talent	DISPLAYNAME:自然之牙高等天賦	DISPLAYLOCATION:職業特性
ABILITYCATEGORY:Mutation Warrior Discovery	DISPLAYNAME:突變鬥士科研發現	DISPLAYLOCATION:職業特性
ABILITYCATEGORY:Divine Hunter Companion Template	DISPLAYNAME:神聖獵者夥伴範本	DISPLAYLOCATION:職業特性
ABILITYCATEGORY:Verminous Hunter Vermin Focus	DISPLAYNAME:毒蟲獵人毒蟲之力	DISPLAYLOCATION:職業特性
ABILITYCATEGORY:Verminous Hunter Vermin Companion Status	DISPLAYNAME:毒蟲獵人毒蟲夥伴狀態	DISPLAYLOCATION:職業特性
ABILITYCATEGORY:Sanctified Slayer Talent	DISPLAYNAME:聖堂代行者天賦	DISPLAYLOCATION:職業特性
ABILITYCATEGORY:Wildcat Maneuver Training 2	DISPLAYNAME:野球拳師招式訓練2	DISPLAYLOCATION:職業特性
ABILITYCATEGORY:Wildcat Maneuver Training 3	DISPLAYNAME:野球拳師招式訓練3	DISPLAYLOCATION:職業特性
ABILITYCATEGORY:Wildcat Maneuver Training 4	DISPLAYNAME:野球拳師招式訓練4	DISPLAYLOCATION:職業特性
ABILITYCATEGORY:Champion of the Faith Alignment Choice	DISPLAYNAME:信仰先鋒陣營選擇	DISPLAYLOCATION:職業特性
ABILITYCATEGORY:Disenchanter Bonus Feat	DISPLAYNAME:退魔者獎勵專長	DISPLAYLOCATION:專長
ABILITYCATEGORY:Divine Commander Teamwork Feat	DISPLAYNAME:聖戰指揮官團隊專長	DISPLAYLOCATION:專長
ABILITYCATEGORY:Divine Commander Blessed Mount Template	DISPLAYNAME:聖戰指揮官祝福坐騎範本	DISPLAYLOCATION:職業特性
ABILITYCATEGORY:Forgepriest Bonus Feat Type	DISPLAYNAME:神鑄師獎勵專長類型	DISPLAYLOCATION:職業特性
ABILITYCATEGORY:Forgepriest Bonus Item Creation Feat	DISPLAYNAME:神鑄師獎勵造物專長	DISPLAYLOCATION:專長
ABILITYCATEGORY:Crossbow Training Selection	DISPLAYNAME:王牌弩手十字弓訓練選擇	DISPLAYLOCATION:職業特性
ABILITYCATEGORY:Savant Flexible Enhancement Bonus	DISPLAYNAME:學派家靈活強化獎勵	DISPLAYLOCATION:職業特性
