ABILITYCATEGORY:Half Elf Elven Magic Trait	DISPLAYNAME:半精靈精靈魔法	DISPLAYLOCATION:種族能力
ABILITYCATEGORY:Focused Study Bonus Feat	DISPLAYNAME:精研獎勵專長	DISPLAYLOCATION:專長
ABILITYCATEGORY:Hag Racial Trait	DISPLAYNAME:鬼婆種族特性	DISPLAYLOCATION:種族能力
ABILITYCATEGORY:Shards of the Past Knowledge Skill	DISPLAYNAME:前世的殘片知識技能	DISPLAYLOCATION:種族能力
ABILITYCATEGORY:Suli Language Choice	DISPLAYNAME:巨靈裔語言選擇	DISPLAYLOCATION:種族能力
ABILITYCATEGORY:Vishkanya Perform Skill Bonus	DISPLAYNAME:蝮血裔表演技能加值	DISPLAYLOCATION:種族能力
ABILITYCATEGORY:Umbral Scion Spell	DISPLAYNAME:黑耀傳人法術	DISPLAYLOCATION:專長
ABILITYCATEGORY:Imperious Bloodline Feat	DISPLAYNAME:帝王血統專長	DISPLAYLOCATION:專長
ABILITYCATEGORY:Bond of the Land Terrain	DISPLAYNAME:地形羈絆	DISPLAYLOCATION:種族能力
ABILITYCATEGORY:Adoptive Parentage Race	DISPLAYNAME:養子種族	DISPLAYLOCATION:種族能力
ABILITYCATEGORY:Heart Ability	DISPLAYNAME:心之技能	DISPLAYLOCATION:種族能力
ABILITYCATEGORY:Focused Study Feat	DISPLAYNAME:精研專長	DISPLAYLOCATION:種族能力
ABILITYCATEGORY:Multitalented Mastery Bonus	DISPLAYNAME:多才多藝獎勵	DISPLAYLOCATION:種族能力
ABILITYCATEGORY:Elemental Resistance Choice	DISPLAYNAME:元素抗性選擇	DISPLAYLOCATION:種族能力
ABILITYCATEGORY:Angelic Flesh Option	DISPLAYNAME:天使之軀選擇	DISPLAYLOCATION:種族能力
ABILITYCATEGORY:Heavenly Radiance Option	DISPLAYNAME:天國之光選擇	DISPLAYLOCATION:種族能力
ABILITYCATEGORY:Catfolk Racial Trait	DISPLAYNAME:貓族種族特性	DISPLAYLOCATION:種族能力
ABILITYCATEGORY:Catfolk Exemplar Option	DISPLAYNAME:貓族典範選擇	DISPLAYLOCATION:種族能力
ABILITYCATEGORY:Catfolk Curiosity	DISPLAYNAME:貓族好奇心	DISPLAYLOCATION:種族能力
ABILITYCATEGORY:Blood Drinker Type	DISPLAYNAME:飲血者類型	DISPLAYLOCATION:種族能力
ABILITYCATEGORY:Ratfolk Racial Trait	DISPLAYNAME:貓族種族特性	DISPLAYLOCATION:種族能力
ABILITYCATEGORY:Kobold Dragon Scale Color	DISPLAYNAME:狗頭人龍鱗顏色	DISPLAYLOCATION:種族能力
ABILITYCATEGORY:Orc Weapon Expertise	DISPLAYNAME:獸人武器嫻熟	DISPLAYLOCATION:種族能力
ABILITYCATEGORY:Mother's Gift Option	DISPLAYNAME:母親贈禮選擇	DISPLAYLOCATION:種族能力
ABILITYCATEGORY:Shaitan Binder Eidolon Stat Bonus	DISPLAYNAME:沙旦召縛者幻靈額外屬性點	DISPLAYLOCATION:種族能力
ABILITYCATEGORY:Experimental Gunsmith Innovation	DISPLAYNAME:實驗派槍匠技術創新	DISPLAYLOCATION:職業能力
ABILITYCATEGORY:Bonded Witch Bonded Item	DISPLAYNAME:聯結女巫聯結物品	DISPLAYLOCATION:職業能力
ABILITYCATEGORY:Runeforger Option	DISPLAYNAME:鍛造大師選擇	DISPLAYLOCATION:職業能力
ABILITYCATEGORY:Wave Warden Bonus Feat	DISPLAYNAME:波濤守衛額外專長	DISPLAYLOCATION:職業能力
ABILITYCATEGORY:Augmented Form Selection	DISPLAYNAME:增強形態選擇	DISPLAYLOCATION:職業能力
ABILITYCATEGORY:Experimental Gunsmith Innovation	DISPLAYNAME:實驗派槍匠技術創新	DISPLAYLOCATION:職業能力
ABILITYCATEGORY:Kobold Bloodline Feat	DISPLAYNAME:狗頭人血統專長	DISPLAYLOCATION:職業能力
ABILITYCATEGORY:Spell Binder Bonded Spell	DISPLAYNAME:縛法師法術聯結	DISPLAYLOCATION:職業能力
ABILITYCATEGORY:Swordmaster Trance	DISPLAYNAME:劍術宗師默想	DISPLAYLOCATION:職業能力
ABILITYCATEGORY:Plant Bond Option	DISPLAYNAME:植物紐帶選擇	DISPLAYLOCATION:職業能力
ABILITYCATEGORY:Augmented Form Selection	DISPLAYNAME:增強形態選擇	DISPLAYLOCATION:職業能力
ABILITYCATEGORY:Native Cunning Option	DISPLAYNAME:原生狡詐選擇	DISPLAYLOCATION:職業能力
ABILITYCATEGORY:Greater Brand	DISPLAYNAME:高等烙印	DISPLAYLOCATION:職業能力
ABILITYCATEGORY:Sniper Training Choice	DISPLAYNAME:狙擊訓練選擇	DISPLAYLOCATION:職業能力
ABILITYCATEGORY:Bonded Spell Choice	DISPLAYNAME:聯結法術選擇	DISPLAYLOCATION:職業能力
ABILITYCATEGORY:Canine Ferocity Bonus Feat	DISPLAYNAME:悍犬額外專長	DISPLAYLOCATION:職業能力
ABILITYCATEGORY:Elven Arcana Spell Choice	DISPLAYNAME:精靈秘術法術選擇	DISPLAYLOCATION:職業能力
ABILITYCATEGORY:Reincarnated Oracle Revelation	DISPLAYNAME:轉生先知啟示	DISPLAYLOCATION:職業能力
ABILITYCATEGORY:Changeling Racial Trait	DISPLAYNAME:替換兒種族特性	DISPLAYLOCATION:種族能力
ABILITYCATEGORY:Gillman Racial Trait	DISPLAYNAME:半魚人種族特性	DISPLAYLOCATION:種族能力
ABILITYCATEGORY:Kitsune Racial Trait	DISPLAYNAME:狐妖種族特性	DISPLAYLOCATION:種族能力
ABILITYCATEGORY:Nagaji Racial Trait	DISPLAYNAME:娜迦裔種族特性	DISPLAYLOCATION:種族能力
ABILITYCATEGORY:Samsaran Racial Trait	DISPLAYNAME:輪回者種族特性	DISPLAYLOCATION:種族能力
ABILITYCATEGORY:Strix Racial Trait	DISPLAYNAME:鴞形人種族特性	DISPLAYLOCATION:種族能力
ABILITYCATEGORY:Wayang Racial Trait	DISPLAYNAME:剪影人種族特性	DISPLAYLOCATION:種族能力
ABILITYCATEGORY:Paladin Energy Resistance	DISPLAYNAME:聖騎士元素抗力	DISPLAYLOCATION:職業特性
ABILITYCATEGORY:Druid Energy Resistance	DISPLAYNAME:德魯伊元素抗力	DISPLAYLOCATION:職業特性
ABILITYCATEGORY:Sorcerer Energy Resistance	DISPLAYNAME:術士元素抗力	DISPLAYLOCATION:職業特性
ABILITYCATEGORY:Far Traveler Selection	DISPLAYNAME:遠行者選擇	DISPLAYLOCATION:職業特性
ABILITYCATEGORY:Mystic Past Life Class	DISPLAYNAME:前世秘術職業	DISPLAYLOCATION:種族能力
ABILITYCATEGORY:Mystic Past Life Add Spells	DISPLAYNAME:前世秘術新增法術	DISPLAYLOCATION:種族能力
ABILITYCATEGORY:Tengu Exotic Weapon Training Choice	DISPLAYNAME:天狗異種武器訓練	DISPLAYLOCATION:種族能力
ABILITYCATEGORY:Oracle Non-Proficient Weapon Choice	DISPLAYNAME:先知不嫺熟武器選擇	DISPLAYLOCATION:職業特性
ABILITYCATEGORY:Race Builder Design	DISPLAYNAME:種族構建設計	
ABILITYCATEGORY:Race Name	DISPLAYNAME:種族名稱	DISPLAYLOCATION:種族構建設計
ABILITYCATEGORY:Race Languages	DISPLAYNAME:種族語言	DISPLAYLOCATION:種族構建設計
ABILITYCATEGORY:Racial Traits	DISPLAYNAME:種族特性	
ABILITYCATEGORY:Race Starting Points	DISPLAYNAME:種族起始點數	DISPLAYLOCATION:種族構建設計
ABILITYCATEGORY:Race Type	DISPLAYNAME:種族類型	DISPLAYLOCATION:種族構建設計
ABILITYCATEGORY:Race Size	DISPLAYNAME:種族體型	DISPLAYLOCATION:種族構建設計
ABILITYCATEGORY:Race Speed	DISPLAYNAME:種族速度	DISPLAYLOCATION:種族構建設計
ABILITYCATEGORY:Race Stat	DISPLAYNAME:種族屬性點	DISPLAYLOCATION:種族構建設計
ABILITYCATEGORY:Builder	DISPLAYNAME:構建	
ABILITYCATEGORY:+2 Ability Selection	DISPLAYNAME:+2屬性選擇	DISPLAYLOCATION:種族構建設計
ABILITYCATEGORY:+4 Ability Selection	DISPLAYNAME:+4屬性選擇	DISPLAYLOCATION:種族構建設計
ABILITYCATEGORY:-2 Ability Selection	DISPLAYNAME:-2屬性選擇	DISPLAYLOCATION:種族構建設計
ABILITYCATEGORY:-4 Ability Selection	DISPLAYNAME:-4屬性選擇	DISPLAYLOCATION:種族構建設計
ABILITYCATEGORY:+2 Physical Ability Selection	DISPLAYNAME:+2體能屬性選擇	DISPLAYLOCATION:種族構建設計
ABILITYCATEGORY:+2 Mental Ability Selection	DISPLAYNAME:+2心智屬性選擇	DISPLAYLOCATION:種族構建設計
ABILITYCATEGORY:+4 Physical Ability Selection	DISPLAYNAME:+4體能屬性選擇	DISPLAYLOCATION:種族構建設計
ABILITYCATEGORY:+4 Mental Ability Selection	DISPLAYNAME:+4心智屬性選擇	DISPLAYLOCATION:種族構建設計
ABILITYCATEGORY:-2 Physical Ability Selection	DISPLAYNAME:-2體能屬性選擇	DISPLAYLOCATION:種族構建設計
ABILITYCATEGORY:-2 Mental Ability Selection	DISPLAYNAME:-2心智屬性選擇	DISPLAYLOCATION:種族構建設計
ABILITYCATEGORY:-4 Physical Ability Selection	DISPLAYNAME:-4體能屬性選擇	DISPLAYLOCATION:種族構建設計
ABILITYCATEGORY:-4 Mental Ability Selection	DISPLAYNAME:-4心智屬性選擇	DISPLAYLOCATION:種族構建設計
ABILITYCATEGORY:Advanced Ability Score Selection	DISPLAYNAME:強化屬性選擇	DISPLAYLOCATION:種族構建設計
ABILITYCATEGORY:Greater Weakness Ability Score Selection	DISPLAYNAME:非常弱勢屬性選擇	DISPLAYLOCATION:種族構建設計
ABILITYCATEGORY:Mixed Weakness Ability Score Selection	DISPLAYNAME:混合弱勢屬性選擇	DISPLAYLOCATION:種族構建設計
ABILITYCATEGORY:Paragon Ability Score Selection	DISPLAYNAME:典範屬性選擇	DISPLAYLOCATION:種族構建設計
ABILITYCATEGORY:Specialized Ability Score Selection	DISPLAYNAME:特化屬性選擇	DISPLAYLOCATION:種族構建設計
ABILITYCATEGORY:Race Builder Bonus Race Languages	DISPLAYNAME:種族構建額外種族語言	DISPLAYLOCATION:種族構建設計
ABILITYCATEGORY:Language	DISPLAYNAME:語言	DISPLAYLOCATION:種族構建設計
ABILITYCATEGORY:Race Trait Ability Score	DISPLAYNAME:種族特性屬性值	DISPLAYLOCATION:種族構建設計
ABILITYCATEGORY:Race Trait Defense	DISPLAYNAME:種族特性防禦	DISPLAYLOCATION:種族構建設計
ABILITYCATEGORY:Race Trait Feat and Skill	DISPLAYNAME:種族特性專長和技能	DISPLAYLOCATION:種族構建設計
ABILITYCATEGORY:Race Trait Magical	DISPLAYNAME:種族特性魔法	DISPLAYLOCATION:種族構建設計
ABILITYCATEGORY:Race Trait Senses	DISPLAYNAME:種族特性感官	DISPLAYLOCATION:種族構建設計
ABILITYCATEGORY:Race Trait Movement	DISPLAYNAME:種族特性移動	DISPLAYLOCATION:種族構建設計
ABILITYCATEGORY:Race Trait Offense	DISPLAYNAME:種族特性進攻	DISPLAYLOCATION:種族構建設計
ABILITYCATEGORY:Race Trait Weakness	DISPLAYNAME:種族特性缺陷	DISPLAYLOCATION:種族構建設計
ABILITYCATEGORY:Race Trait Other	DISPLAYNAME:種族特性其他	DISPLAYLOCATION:種族構建設計
ABILITYCATEGORY:Race Language Qualities	DISPLAYNAME:種族語言量值	DISPLAYLOCATION:種族構建設計
ABILITYCATEGORY:Weapon Familiarity	DISPLAYNAME:武器熟悉	DISPLAYLOCATION:種族構建設計
ABILITYCATEGORY:Hatred	DISPLAYNAME:仇恨	DISPLAYLOCATION:種族構建設計
ABILITYCATEGORY:Race Builder Skill Bonus	DISPLAYNAME:種族構建額外技能點	DISPLAYLOCATION:種族構建設計
ABILITYCATEGORY:Race Builder Energy Resistance	DISPLAYNAME:種族構建元素抗力	DISPLAYLOCATION:種族構建設計
ABILITYCATEGORY:Canine Ferocity Feat	DISPLAYNAME:悍犬專長	DISPLAYLOCATION:專長
ABILITYCATEGORY:Humanoid Subrace	DISPLAYNAME:類人生物亞種族	DISPLAYLOCATION:種族構建設計
ABILITYCATEGORY:Shards Bonus	DISPLAYNAME:殘片加值	DISPLAYLOCATION:種族能力
ABILITYCATEGORY:Dwarf Racial Subtype	DISPLAYNAME:矮人種族亞種	DISPLAYLOCATION:種族能力
ABILITYCATEGORY:Elf Racial Subtype	DISPLAYNAME:精靈種族亞種	DISPLAYLOCATION:種族能力
ABILITYCATEGORY:Gnome Racial Subtype	DISPLAYNAME:侏儒種族亞種	DISPLAYLOCATION:種族能力
ABILITYCATEGORY:Half-Elf Racial Subtype	DISPLAYNAME:半精靈種族亞種	DISPLAYLOCATION:種族能力
ABILITYCATEGORY:Half-Orc Racial Subtype	DISPLAYNAME:半獸人種族亞種	DISPLAYLOCATION:種族能力
ABILITYCATEGORY:Halfling Racial Subtype	DISPLAYNAME:半身人種族亞種	DISPLAYLOCATION:種族能力
ABILITYCATEGORY:Human Racial Subtype	DISPLAYNAME:人類種族亞種	DISPLAYLOCATION:種族能力
ABILITYCATEGORY:Builder Racial Trait ~ Natural Attack	DISPLAYNAME:構建種族特性天生武器	DISPLAYLOCATION:種族構建設計
ABILITYCATEGORY:Elder Dwarf Choice	DISPLAYNAME:矮人長老選擇	DISPLAYLOCATION:種族能力
