ABILITYCATEGORY:Special Ability	DISPLAYNAME:特殊能力	
ABILITYCATEGORY:Ability Bonus	DISPLAYNAME:屬性加值	DISPLAYLOCATION:種族能力
ABILITYCATEGORY:Obsessive Bonus	DISPLAYNAME:工作狂加值	DISPLAYLOCATION:種族能力
ABILITYCATEGORY:Adaptability Bonus Feat	DISPLAYNAME:適應力獎勵專長	DISPLAYLOCATION:專長
ABILITYCATEGORY:Favored Class	DISPLAYNAME:天賦職業	DISPLAYLOCATION:職業特性
ABILITYCATEGORY:Favored Class Bonus	DISPLAYNAME:天賦職業獎勵	DISPLAYLOCATION:職業特性
ABILITYCATEGORY:Favored Class Bonus ~ Skill Rank	DISPLAYNAME:天賦職業獎勵（技能點）	DISPLAYLOCATION:職業特性
ABILITYCATEGORY:Barbarian Class Feature	DISPLAYNAME:野蠻人職業特性	DISPLAYLOCATION:職業特性
ABILITYCATEGORY:Bard Class Feature	DISPLAYNAME:吟遊詩人職業特性	DISPLAYLOCATION:職業特性
ABILITYCATEGORY:Cleric Class Feature	DISPLAYNAME:牧師職業特性	DISPLAYLOCATION:職業特性
ABILITYCATEGORY:Druid Class Feature	DISPLAYNAME:德魯伊職業特性	DISPLAYLOCATION:職業特性
ABILITYCATEGORY:Fighter Class Feature	DISPLAYNAME:戰士職業特性	DISPLAYLOCATION:職業特性
ABILITYCATEGORY:Monk Class Feature	DISPLAYNAME:武僧職業特性	DISPLAYLOCATION:職業特性
ABILITYCATEGORY:Paladin Class Feature	DISPLAYNAME:聖騎士職業特性	DISPLAYLOCATION:職業特性
ABILITYCATEGORY:Ranger Class Feature	DISPLAYNAME:遊俠職業特性	DISPLAYLOCATION:職業特性
ABILITYCATEGORY:Rogue Class Feature	DISPLAYNAME:盜賊職業特性	DISPLAYLOCATION:職業特性
ABILITYCATEGORY:Sorcerer Class Feature	DISPLAYNAME:術士職業特性	DISPLAYLOCATION:職業特性
ABILITYCATEGORY:Wizard Class Feature	DISPLAYNAME:法師職業特性	DISPLAYLOCATION:職業特性
ABILITYCATEGORY:Assassin Class Feature	DISPLAYNAME:刺客職業特性	DISPLAYLOCATION:職業特性
ABILITYCATEGORY:Dragon Disciple Class Feature	DISPLAYNAME:龍脈術士職業特性	DISPLAYLOCATION:職業特性
ABILITYCATEGORY:Duelist Class Feature	DISPLAYNAME:決鬥家職業特性	DISPLAYLOCATION:職業特性
ABILITYCATEGORY:Eldritch Knight Class Feature	DISPLAYNAME:奧法騎士職業特性	DISPLAYLOCATION:職業特性
ABILITYCATEGORY:Loremaster Class Feature	DISPLAYNAME:博學士職業特性	DISPLAYLOCATION:職業特性
ABILITYCATEGORY:Mystic Theurge Class Feature	DISPLAYNAME:秘術士職業特性	DISPLAYLOCATION:職業特性
ABILITYCATEGORY:Pathfinder Chronicler Class Feature	DISPLAYNAME:歷史探索者職業特性	DISPLAYLOCATION:職業特性
ABILITYCATEGORY:Shadowdancer Class Feature	DISPLAYNAME:影舞者職業特性	DISPLAYLOCATION:職業特性
ABILITYCATEGORY:Companion Class Feature	DISPLAYNAME:夥伴職業特性	DISPLAYLOCATION:職業特性
ABILITYCATEGORY:Familiar Class Feature	DISPLAYNAME:魔寵職業特性	DISPLAYLOCATION:職業特性
ABILITYCATEGORY:Familiar Alertness Choice	DISPLAYNAME:魔寵警覺選擇	DISPLAYLOCATION:職業特性
ABILITYCATEGORY:Traits	DISPLAYNAME:背景	DISPLAYLOCATION:背景特性
ABILITYCATEGORY:Archetype	DISPLAYNAME:職業變體	
ABILITYCATEGORY:ACF	DISPLAYNAME:可選職業特性	DISPLAYLOCATION:職業變體
ABILITYCATEGORY:Barbarian Archetype	DISPLAYNAME:野蠻人職業變體	DISPLAYLOCATION:職業變體
ABILITYCATEGORY:Bard Archetype	DISPLAYNAME:吟遊詩人職業變體	DISPLAYLOCATION:職業變體
ABILITYCATEGORY:Cleric Archetype	DISPLAYNAME:牧師職業變體	DISPLAYLOCATION:職業變體
ABILITYCATEGORY:Druid Archetype	DISPLAYNAME:德魯伊職業變體	DISPLAYLOCATION:職業變體
ABILITYCATEGORY:Fighter Archetype	DISPLAYNAME:戰士職業變體	DISPLAYLOCATION:職業變體
ABILITYCATEGORY:Monk Archetype	DISPLAYNAME:武僧職業變體	DISPLAYLOCATION:職業變體
ABILITYCATEGORY:Paladin Archetype	DISPLAYNAME:聖騎士職業變體	DISPLAYLOCATION:職業變體
ABILITYCATEGORY:Ranger Archetype	DISPLAYNAME:遊俠職業變體	DISPLAYLOCATION:職業變體
ABILITYCATEGORY:Rogue Archetype	DISPLAYNAME:盜賊職業變體	DISPLAYLOCATION:職業變體
ABILITYCATEGORY:Sorcerer Archetype	DISPLAYNAME:術士職業變體	DISPLAYLOCATION:職業變體
ABILITYCATEGORY:Wizard Archetype	DISPLAYNAME:法師職業變體	DISPLAYLOCATION:職業變體
ABILITYCATEGORY:Dwarf Racial Trait	DISPLAYNAME:矮人種族特性	DISPLAYLOCATION:種族能力
ABILITYCATEGORY:Elf Racial Trait	DISPLAYNAME:精靈種族特性	DISPLAYLOCATION:種族能力
ABILITYCATEGORY:Gnome Racial Trait	DISPLAYNAME:侏儒種族特性	DISPLAYLOCATION:種族能力
ABILITYCATEGORY:Half-Elf Racial Trait	DISPLAYNAME:半精靈種族特性	DISPLAYLOCATION:種族能力
ABILITYCATEGORY:Half-Orc Racial Trait	DISPLAYNAME:半獸人種族特性	DISPLAYLOCATION:種族能力
ABILITYCATEGORY:Halfling Racial Trait	DISPLAYNAME:半身人種族特性	DISPLAYLOCATION:種族能力
ABILITYCATEGORY:Human Racial Trait	DISPLAYNAME:人類種族特性	DISPLAYLOCATION:種族能力
ABILITYCATEGORY:Racial Trait	DISPLAYNAME:種族特性	DISPLAYLOCATION:種族能力
ABILITYCATEGORY:Giant Spider Type	DISPLAYNAME:巨蜘蛛類型	DISPLAYLOCATION:種族能力
ABILITYCATEGORY:Fighter Bonus Feat	DISPLAYNAME:戰士獎勵專長	DISPLAYLOCATION:專長
ABILITYCATEGORY:Monk Bonus Feat	DISPLAYNAME:武僧獎勵專長	DISPLAYLOCATION:專長
ABILITYCATEGORY:Combat Trick Feat	DISPLAYNAME:戰鬥竅門	DISPLAYLOCATION:專長
ABILITYCATEGORY:Weapon Training	DISPLAYNAME:武器訓練	DISPLAYLOCATION:專長
ABILITYCATEGORY:Aberrant Bloodline Feat	DISPLAYNAME:異怪血統專長	DISPLAYLOCATION:專長
ABILITYCATEGORY:Abyssal Bloodline Feat	DISPLAYNAME:深淵血統專長	DISPLAYLOCATION:專長
ABILITYCATEGORY:Arcane Bloodline Feat	DISPLAYNAME:奧秘血統專長	DISPLAYLOCATION:專長
ABILITYCATEGORY:Celestial Bloodline Feat	DISPLAYNAME:天界血統專長	DISPLAYLOCATION:專長
ABILITYCATEGORY:Destined Bloodline Feat	DISPLAYNAME:命運血統專長	DISPLAYLOCATION:專長
ABILITYCATEGORY:Draconic Bloodline Feat	DISPLAYNAME:龍脈血統專長	DISPLAYLOCATION:專長
ABILITYCATEGORY:Elemental Bloodline Feat	DISPLAYNAME:元素血統專長	DISPLAYLOCATION:專長
ABILITYCATEGORY:Fey Bloodline Feat	DISPLAYNAME:精類血統專長	DISPLAYLOCATION:專長
ABILITYCATEGORY:Infernal Bloodline Feat	DISPLAYNAME:地獄血統專長	DISPLAYLOCATION:專長
ABILITYCATEGORY:Undead Bloodline Feat	DISPLAYNAME:亡靈血統專長	DISPLAYLOCATION:專長
ABILITYCATEGORY:Ranger Bonus Feat	DISPLAYNAME:遊俠獎勵專長	DISPLAYLOCATION:專長
ABILITYCATEGORY:Wizard Bonus Feat	DISPLAYNAME:法師獎勵專長	DISPLAYLOCATION:專長
ABILITYCATEGORY:Rage Power	DISPLAYNAME:狂暴之力	DISPLAYLOCATION:職業特性
ABILITYCATEGORY:Versatile Performance	DISPLAYNAME:多才多藝	DISPLAYLOCATION:職業特性
ABILITYCATEGORY:Channel Energy	DISPLAYNAME:引導能量	DISPLAYLOCATION:職業特性
ABILITYCATEGORY:Weapon Training I	DISPLAYNAME:武器訓練I	DISPLAYLOCATION:職業特性
ABILITYCATEGORY:Weapon Training II	DISPLAYNAME:武器訓練II	DISPLAYLOCATION:職業特性
ABILITYCATEGORY:Weapon Training III	DISPLAYNAME:武器訓練III	DISPLAYLOCATION:職業特性
ABILITYCATEGORY:Weapon Training IV	DISPLAYNAME:武器訓練IV	DISPLAYLOCATION:職業特性
ABILITYCATEGORY:Mercy	DISPLAYNAME:恩惠	DISPLAYLOCATION:職業特性
ABILITYCATEGORY:Divine Bond	DISPLAYNAME:神契	DISPLAYLOCATION:職業特性
ABILITYCATEGORY:Favored Enemy	DISPLAYNAME:宿敵	DISPLAYLOCATION:職業特性
ABILITYCATEGORY:Favored Enemy Bonus	DISPLAYNAME:宿敵加值	DISPLAYLOCATION:職業特性
ABILITYCATEGORY:Favored Terrain	DISPLAYNAME:偏好地形	DISPLAYLOCATION:職業特性
ABILITYCATEGORY:Favored Terrain Bonus	DISPLAYNAME:偏好地形加值	DISPLAYLOCATION:職業特性
ABILITYCATEGORY:Ranger Combat Style Feat	DISPLAYNAME:遊俠戰鬥流派專長	DISPLAYLOCATION:職業特性
ABILITYCATEGORY:Combat Style	DISPLAYNAME:戰鬥流派	DISPLAYLOCATION:職業特性
ABILITYCATEGORY:Hunter's Bond	DISPLAYNAME:獵手羈絆	DISPLAYLOCATION:職業特性
ABILITYCATEGORY:Rogue Talent	DISPLAYNAME:盜賊天賦	DISPLAYLOCATION:職業特性
ABILITYCATEGORY:Advanced Talent	DISPLAYNAME:高級天賦	DISPLAYLOCATION:職業特性
ABILITYCATEGORY:Sorcerer Bloodline	DISPLAYNAME:術士血統	DISPLAYLOCATION:職業特性
ABILITYCATEGORY:Arcane Bond	DISPLAYNAME:奧術聯結	DISPLAYLOCATION:職業特性
ABILITYCATEGORY:New Arcana	DISPLAYNAME:新奧術	DISPLAYLOCATION:職業特性
ABILITYCATEGORY:Arcane Opposition School	DISPLAYNAME:對立學派	DISPLAYLOCATION:職業特性
ABILITYCATEGORY:Expert Class Skills	DISPLAYNAME:專家職業技能	DISPLAYLOCATION:職業特性
ABILITYCATEGORY:Nature Bond	DISPLAYNAME:自然紐帶	DISPLAYLOCATION:職業特性
ABILITYCATEGORY:Druid Domain	DISPLAYNAME:德魯伊領域	DISPLAYLOCATION:職業特性
ABILITYCATEGORY:Weapon Mastery	DISPLAYNAME:武器宗師	DISPLAYLOCATION:職業特性
ABILITYCATEGORY:Simple Weapon Proficiency Choice	DISPLAYNAME:簡易武器嫺熟	DISPLAYLOCATION:職業特性
ABILITYCATEGORY:Ki Pool Stat Choice	DISPLAYNAME:氣運丹田	DISPLAYLOCATION:職業特性
ABILITYCATEGORY:Arcane School Specialization	DISPLAYNAME:奧術學派專精	DISPLAYLOCATION:職業特性
ABILITYCATEGORY:Necromancer Channeling	DISPLAYNAME:死靈引導	DISPLAYLOCATION:職業特性
ABILITYCATEGORY:Knowledge Class Skill	DISPLAYNAME:職業技能（知識）	DISPLAYLOCATION:職業特性
ABILITYCATEGORY:Arcane Bloodline School Power	DISPLAYNAME:奧秘血統學派力量	DISPLAYLOCATION:職業特性
ABILITYCATEGORY:Animal Companion Feat	DISPLAYNAME:動物夥伴專長	DISPLAYLOCATION:專長
ABILITYCATEGORY:Companion Level Increase Choice	DISPLAYNAME:夥伴升級加值選擇	DISPLAYLOCATION:種族能力
ABILITYCATEGORY:Companion Stat Increase	DISPLAYNAME:夥伴屬性值提升	DISPLAYLOCATION:種族能力
ABILITYCATEGORY:Companion Skill	DISPLAYNAME:夥伴技能	DISPLAYLOCATION:種族能力
ABILITYCATEGORY:Animal Trick	DISPLAYNAME:動物技巧	DISPLAYLOCATION:種族能力
ABILITYCATEGORY:Loremaster Secret	DISPLAYNAME:博學士秘聞	DISPLAYLOCATION:職業特性
ABILITYCATEGORY:Add Spoken Language	DISPLAYNAME:額外語言	DISPLAYLOCATION:職業特性
ABILITYCATEGORY:Cosmopolitan Spoken Language	DISPLAYNAME:四海為家	DISPLAYLOCATION:專長
ABILITYCATEGORY:Intelligent Item	DISPLAYNAME:智能物品	
ABILITYCATEGORY:Intelligent Item Alignment	DISPLAYNAME:智能物品陣營	DISPLAYLOCATION:智能物品
ABILITYCATEGORY:Intelligent Item Languages	DISPLAYNAME:智慧物品語言	DISPLAYLOCATION:智能物品
ABILITYCATEGORY:Intelligent Item Power	DISPLAYNAME:智能物品威能	DISPLAYLOCATION:智能物品
ABILITYCATEGORY:Intelligent Item Purpose	DISPLAYNAME:智慧物品目的	DISPLAYLOCATION:智能物品
ABILITYCATEGORY:Intelligent Item Purpose Power	DISPLAYNAME:智慧物品專用威能	DISPLAYLOCATION:智能物品
ABILITYCATEGORY:Afflictions	DISPLAYNAME:苦難	DISPLAYLOCATION:雜項
ABILITYCATEGORY:GM Awards	DISPLAYNAME:GM獎勵	DISPLAYLOCATION:雜項
ABILITYCATEGORY:Extra Channel	DISPLAYNAME:額外導能	DISPLAYLOCATION:專長
ABILITYCATEGORY:Weapon Focus	DISPLAYNAME:武器專攻	DISPLAYLOCATION:專長
ABILITYCATEGORY:Greater Weapon Focus	DISPLAYNAME:高等武器專攻	DISPLAYLOCATION:專長
ABILITYCATEGORY:Improved Critical	DISPLAYNAME:精通重擊	DISPLAYLOCATION:專長
ABILITYCATEGORY:Greater Weapon Specialization	DISPLAYNAME:高等武器專精	DISPLAYLOCATION:專長
ABILITYCATEGORY:Weapon Specialization	DISPLAYNAME:武器專精	DISPLAYLOCATION:專長
ABILITYCATEGORY:Exotic Weapon Proficiency	DISPLAYNAME:擅長異種武器	DISPLAYLOCATION:專長
ABILITYCATEGORY:Martial Weapon Proficiency	DISPLAYNAME:擅長軍用武器	DISPLAYLOCATION:專長
ABILITYCATEGORY:Skill Focus	DISPLAYNAME:技能專攻	DISPLAYLOCATION:專長
ABILITYCATEGORY:Spell Focus	DISPLAYNAME:法術專攻	DISPLAYLOCATION:專長
ABILITYCATEGORY:Teamwork Feat	DISPLAYNAME:團隊專長	DISPLAYLOCATION:專長
ABILITYCATEGORY:Racial Trait	DISPLAYNAME:種族特性	DISPLAYLOCATION:種族能力
ABILITYCATEGORY:Class Feature	DISPLAYNAME:職業特性	DISPLAYLOCATION:職業特性
ABILITYCATEGORY:Class Ability	DISPLAYNAME:職業能力	DISPLAYLOCATION:職業特性
ABILITYCATEGORY:Special Mount Choice	DISPLAYNAME:特殊數量選擇	DISPLAYLOCATION:職業特性
ABILITYCATEGORY:Permanency Applied Effects	DISPLAYNAME:永久效果	DISPLAYLOCATION:雜項
ABILITYCATEGORY:Optional Rules Systems	DISPLAYNAME:可選規則系統	DISPLAYLOCATION:雜項
ABILITYCATEGORY:Pact	DISPLAYNAME:條約	DISPLAYLOCATION:雜項
ABILITYCATEGORY:Background	DISPLAYNAME:背景	
ABILITYCATEGORY:Human Ethnicity	DISPLAYNAME:人類種族	DISPLAYLOCATION:背景
ABILITYCATEGORY:Region of Origin	DISPLAYNAME:原始地區	DISPLAYLOCATION:背景
ABILITYCATEGORY:Headband of Intellect Skill Choice	DISPLAYNAME:頭飾智力技能選擇	DISPLAYLOCATION:雜項
ABILITYCATEGORY:Intelligence-Based Skill	DISPLAYNAME:基於智力的技能	DISPLAYLOCATION:職業特性
ABILITYCATEGORY:Raging Selection	DISPLAYNAME:狂暴選擇	DISPLAYLOCATION:職業特性
ABILITYCATEGORY:Sorcerer Draconic Bloodline	DISPLAYNAME:術士龍脈血統	
ABILITYCATEGORY:Dragon Disciple Draconic Bloodline	DISPLAYNAME:龍脈術士龍脈血統	DISPLAYLOCATION:職業特性
ABILITYCATEGORY:Temp Feat	DISPLAYNAME:臨時專長	DISPLAYLOCATION:專長
ABILITYCATEGORY:Temp Combat Feat	DISPLAYNAME:臨時戰鬥專長	DISPLAYLOCATION:專長
ABILITYCATEGORY:Barbarian Class Selection	DISPLAYNAME:野蠻人職業選擇	DISPLAYLOCATION:職業特性
ABILITYCATEGORY:Monk Class Selection	DISPLAYNAME:武僧職業選擇	DISPLAYLOCATION:職業特性
ABILITYCATEGORY:Rogue Class Selection	DISPLAYNAME:盜賊職業選擇	DISPLAYLOCATION:職業特性
ABILITYCATEGORY:GM Bonus Spell Known	DISPLAYNAME:GM獎勵已知法術	DISPLAYLOCATION:雜項
ABILITYCATEGORY:GM Bonus Spell Cast	DISPLAYNAME:GM獎勵釋放法術	DISPLAYLOCATION:雜項
ABILITYCATEGORY:Human Subrace	DISPLAYNAME:人類亞種	DISPLAYLOCATION:種族能力
