Ring of Ancestral Blood Magic.MOD	OUTPUTNAME:先祖血咒戒指（Ring of Ancestral Blood Magic）
Ring of Eloquence.MOD	OUTPUTNAME:口才戒指（Ring of Eloquence）
Ring of Lingering Blood Magic.MOD	OUTPUTNAME:遲滯血咒戒指（Ring of Lingering Blood Magic）
Ring of Natural Attunement (Drake).MOD	OUTPUTNAME:自然協律戒指：龍獸（Ring of Natural Attunement: Drake）
Ring of Natural Attunement (Kami).MOD	OUTPUTNAME:自然協律戒指：社神（Ring of Natural Attunement: Kami）
Ring of Natural Attunement (Leshy).MOD	OUTPUTNAME:自然協律戒指：萊西（Ring of Natural Attunement: Leshy）
Ring of Powerful Blood Magic.MOD	OUTPUTNAME:增效血咒戒指（Ring of Powerful Blood Magic）
Ring of Resilience.MOD	OUTPUTNAME:達觀戒指（Ring of Resilience）
Ring of Summoning Affinity (Aeon).MOD	OUTPUTNAME:召喚共鳴戒指：御衡者（Ring of Summoning Affinity: Aeon）
Ring of Summoning Affinity (Agathion).MOD	OUTPUTNAME:召喚共鳴戒指：蓋丁（Ring of Summoning Affinity: Agathion）
Ring of Summoning Affinity (Angel).MOD	OUTPUTNAME:召喚共鳴戒指：天使（Ring of Summoning Affinity: Angel）
Ring of Summoning Affinity (Archon).MOD	OUTPUTNAME:召喚共鳴戒指：神使（Ring of Summoning Affinity: Archon）
Ring of Summoning Affinity (Asura).MOD	OUTPUTNAME:召喚共鳴戒指：阿修羅（Ring of Summoning Affinity: Asura）
Ring of Summoning Affinity (Daemon).MOD	OUTPUTNAME:召喚共鳴戒指：邪魔（Ring of Summoning Affinity: Daemon）
Ring of Summoning Affinity (Div).MOD	OUTPUTNAME:召喚共鳴戒指：妖靈（Ring of Summoning Affinity: Div）
Ring of Summoning Affinity (Inevitable).MOD	OUTPUTNAME:召喚共鳴戒指：制裁者（Ring of Summoning Affinity: Inevitable）
Ring of Summoning Affinity (Kyton).MOD	OUTPUTNAME:召喚共鳴戒指：鏈魔（Ring of Summoning Affinity: Kyton）
Ring of Summoning Affinity (Protean).MOD	OUTPUTNAME:召喚共鳴戒指：幻蛇（Ring of Summoning Affinity: Protean）
Ring of Summoning Affinity (Psychopomp).MOD	OUTPUTNAME:召喚共鳴戒指：招魂者（Ring of Summoning Affinity: Psychopomp）               
Ring of Summoning Affinity (Qlippoth).MOD	OUTPUTNAME:召喚共鳴戒指：古魔（Ring of Summoning Affinity: Qlippoth）
Ring of Vengeful Blood Magic.MOD	OUTPUTNAME:仇念血咒戒指（Ring of Vengeful Blood Magic）
