# Melee Weapon
ALLYING.MOD	OUTPUTNAME:同盟 （Allying）
CNNING.MOD	OUTPUTNAME:狡詐 （Cunning）
CONDUCTVE.MOD	OUTPUTNAME:傳導 （Conductive）
CRRSVE.MOD	OUTPUTNAME:酸蝕 （Corrosive）
CRRSVE_BRST_M.MOD	OUTPUTNAME:酸爆 （Corrosive Burst）
DUELING.MOD	OUTPUTNAME:決鬥 （Dueling）
FURIOUS.MOD	OUTPUTNAME:暴怒 （Furious）
GRAYFLM.MOD	OUTPUTNAME:灰焰 （Grayflame）
HUNTSMAN.MOD	OUTPUTNAME:追獵 （Huntsman）
JURIST.MOD	OUTPUTNAME:法理 （Jurist）
MENACING.MOD	OUTPUTNAME:威脅 （Menacing）
TRANSFORM.MOD	OUTPUTNAME:變形 （Transformative）

# Ranged Weapon
ALLYING.MOD	OUTPUTNAME:同盟 (Allying)
CNNING.MOD	OUTPUTNAME:狡詐 (Cunning)
CONDUCTVE.MOD	OUTPUTNAME:傳導 (Conductive)
CRRSVE.MOD	OUTPUTNAME:酸蝕 (Corrosive)
CRRSVE_BRST_R.MOD	OUTPUTNAME:酸爆 (Corrosive Burst)
HUNTSMAN.MOD	OUTPUTNAME:追獵 (Huntsman)
JURIST.MOD	OUTPUTNAME:法理 (Jurist)


