Arrow (Slaying).MOD	OUTPUTNAME:殺戮箭 （Slaying Arrow）		
Arrow (Slaying/Greater).MOD	OUTPUTNAME:高等殺戮箭 （Slaying Arrow, greater）		
Arrow (Sleep).MOD	OUTPUTNAME:睡眠箭 （Sleep Arrow）		
Battleaxe (Adamantine).MOD	OUTPUTNAME:精金戰斧 （Adamantine Battleaxe）	DESC:.CLEAR	DESC:這把普通的戰斧是由精金打造的。精金戰斧必須是一把精製品武器，攻擊檢定具有+1增強加值。
Bolt (Screaming).MOD	OUTPUTNAME:尖嘯矢 （Screaming Bolt）		
Dagger (Adamantine).MOD	OUTPUTNAME:精金匕首 （Adamantine Dagger）		
Dagger (Assassin's).MOD	OUTPUTNAME:刺客之匕 （Assassin's Dagger）		
Dagger (Silver/Masterwork).MOD	OUTPUTNAME:精製品銀匕首 （Masterwork Silver Dagger）		
Dagger of Venom.MOD	OUTPUTNAME:劇毒匕首 （Dagger of Venom）		
Dwarven Thrower.MOD	OUTPUTNAME:矮人飛錘 （Dwarven Thrower）		
Flame Tongue.MOD	OUTPUTNAME:烈焰之舌 （Flame Tongue）		
Frost Brand.MOD	OUTPUTNAME:寒冰之烙 （Frost Brand）		
Holy Avenger.MOD	OUTPUTNAME:神聖復仇者 （Holy Avenger）		
Javelin of Lightning.MOD	OUTPUTNAME:閃電標槍 （Javelin of Lighting）		
Life-Drinker.MOD	OUTPUTNAME:飲命者 （Life Drinker）		
Longsword (Cold Iron/Masterwork).MOD	OUTPUTNAME:精製品寒鐵長劍 （Cold iron masterwork Longsword）		
Luck Blade (0 Wishes).MOD	OUTPUTNAME:吉兆刃 （Luck Blade, 0願望）		
Luck Blade (1 Wish).MOD	OUTPUTNAME:吉兆刃 （Luck Blade, 1願望）		
Luck Blade (2 Wishes).MOD	OUTPUTNAME:吉兆刃 （Luck Blade, 2願望）		
Luck Blade (3 Wishes).MOD	OUTPUTNAME:吉兆刃 （Luck Blade, 3願望）		
Mace of Smiting.MOD	OUTPUTNAME:懲擊之錘 （Mace of Smiting）		
Mace of Terror.MOD	OUTPUTNAME:懼怖重錘 （Mace of Terror）		
Nine Lives Stealer.MOD	OUTPUTNAME:九命竊奪者 （Nine Lives Stealer）		
Oathbow.MOD	OUTPUTNAME:誓仇弓 （Oathbow）		
Rapier of Puncturing.MOD	OUTPUTNAME:穿刺細劍 （Rapier of Puncturing）		
Shatterspike.MOD	OUTPUTNAME:破碎荊棘 （Shatterspike）		
Shifter's Sorrow.MOD	OUTPUTNAME:變形者之傷 （Shifter's Sorrow）		
Sun Blade (Bastard).MOD	OUTPUTNAME:陽炎劍 （Sun Blade）		
Sun Blade (Short).MOD	OUTPUTNAME:陽炎劍 （Sun Blade）		
Sword of Life Stealing.MOD	OUTPUTNAME:竊命長劍 （Sword of Life Stealing）		
Sword of Subtlety.MOD	OUTPUTNAME:機敏劍 （Sword of Subtlety）		
Sword of the Planes.MOD	OUTPUTNAME:位面之劍 （Sword of the Planes）		
Sylvan Scimitar.MOD	OUTPUTNAME:木生彎刀 （Sylvan Scimitar）		
Trident of Fish Command.MOD	OUTPUTNAME:馭魚三叉戟 （Trident of Fish Command）		
Trident of Warning.MOD	OUTPUTNAME:警戒三叉戟 （Trident of Warning）		
