CATEGORY=FEAT|Aberrant Tumor.MOD	OUTPUTNAME:異變癤體 Aberrant Tumor	DESC:.CLEAR	DESC:令人畏懼的是，你軀體上的畸怪組織事實上是你用來引導魔法能量的節點。	BENEFIT:.CLEAR	BENEFIT:你獲得一個囊腫魔寵（Tumor Familiar）UM，如同同名的煉金術士發現，將你獲得此血統的等級視為你的煉金術士等級以決定該魔寵的能力。如果有多個職業均給予你異怪血統能力，那麼這些職業等級可以疊加起來視為你對煉金術士等級。	
CATEGORY=FEAT|Amateur Investigator.MOD	OUTPUTNAME:業餘調查員 Amateur Investigator	DESC:.CLEAR	DESC:你擁有的知識和靈感已經足夠用來解決神秘事件。	BENEFIT:.CLEAR	BENEFIT:你獲得一個大小等同於你智力調整值的靈感池，如同調查員的靈感一樣，你可以以一個自由動作使用一點靈感點數，再已受訓的知識，語言學或辨識法術技能檢定上增加1d6點結果（即使你在這項檢定上取10或取20也可以），但你必須在進行檢定但得出結果以前使用此能力。你在每次技能檢定上只能使用最多1點靈感點數。你的靈感池會在每天的完整休息以後得到恢復。	
CATEGORY=FEAT|Amateur Swashbuckler.MOD	OUTPUTNAME:業餘劍客 Amateur Swashbuckler（戰鬥專長）	DESC:.CLEAR	DESC:雖然不經常搏命，但你的派頭已經超越了普通的決鬥者。	BENEFIT:.CLEAR	BENEFIT:你獲得少量的時髦值，並且可以選擇學會一項1級遊蕩劍客炫技（不能選擇適時格擋反擊），一旦選擇即不能更改。在一天的開始，你獲得1點時髦值，不過在這一天裡你仍然可以通過額外獎勵獲得最大為魅力調整值的時髦值（最低為1）。你像其他遊蕩劍客一樣適用時髦值恢復的規則。你可以花費這些時髦值來使用你在獲得該專長時選擇的1級炫技，或通過專長或魔法物品獲得的其他炫技。	
CATEGORY=FEAT|Animal Soul.MOD	OUTPUTNAME:動物之魂 Animal Soul	DESC:.CLEAR	DESC:你與自然的緊密聯繫讓無法影響你自然面的有害魔法被你忽略掉。	BENEFIT:.CLEAR	BENEFIT:如果一個法術或效果無法同時影響你原本的生物類型和動物類型，你就可以讓那個法術或效果對你無效。	
CATEGORY=FEAT|Anticipate Dodge.MOD	OUTPUTNAME:閃避捕捉 Anticipate Dodge（戰鬥專長）	DESC:.CLEAR	DESC:你對於閃身騰挪技術的理解可以讓你輕鬆分辨對方躲閃的軌跡。	BENEFIT:.CLEAR	BENEFIT:你可以立刻瞭解一個你可以看到的目標在防禦等級上是否具有閃避加值，並且對於一個在防禦等級上擁有閃避加值的生物，你對它的攻擊檢定獲得+2加值，但是這個加值不能超過該生物擁有的閃避加值。	
CATEGORY=FEAT|Barroom Brawler.MOD	OUTPUTNAME:見招拆招 Barroom Brawler（戰鬥專長）	DESC:.CLEAR	DESC:你擅於模仿其他格鬥者的戰術風格。	BENEFIT:.CLEAR	BENEFIT:每天一次以一個移動動作，你可以在一分鐘內獲得一個你不擁有的戰鬥專長的效果。你必須滿足獲得此專長的前提條件。	
CATEGORY=FEAT|Battle Cry.MOD	OUTPUTNAME:戰嚎 Battle Cry（戰鬥專長）	DESC:.CLEAR	DESC:你在戰鬥中的怒吼可以增強盟友的信心與勇氣。	BENEFIT:.CLEAR	BENEFIT:每天相當於你的魅力調整值次，你可以以一個迅捷動作發出戰嚎。所有在你周圍30尺範圍內並且可以聽到你的生物將在攻擊檢定上獲得+1加值，在對抗恐懼的豁免檢定上獲得+4加值。在效果持續1分鐘。如果一個處於本專長影響下的盟友在一次對抗恐懼的豁免檢定上失敗，那麼他可以選擇終止戰嚎的效果並重投失敗的豁免檢定。他必須接受重投的結果，即使比原結果更糟。每次你使用這個專長，每個盟友只能發動一次重投效果。	
CATEGORY=FEAT|Befuddling Strike.MOD	OUTPUTNAME:混亂拳 Befuddling Strike（戰鬥專長）	DESC:.CLEAR	DESC:你知道如何一拳將目標的腦袋打糊的方法。	BENEFIT:.CLEAR	BENEFIT:你必須在投擲攻擊骰之前宣告使用此專長（因此，未命中會導致嘗試失敗）。混亂拳在正常造成傷害的同時，還會強制受到你徒手擊打傷害的敵人進行一次DC=10+1/2你的角色等級+感知調整值的強韌豁免檢定。豁免檢定失敗的防禦者將困惑1d4輪。每4級你每天可以多嘗試一次混亂攻擊（見特殊），每輪不能超過1次。構裝、泥怪、植物、不死、虛體生物，無心智和免疫重擊的生物不會受到本能力的影響。	
CATEGORY=FEAT|Believer's Boon.MOD	OUTPUTNAME:信徒之賜 Believer's Boon	DESC:.CLEAR	DESC:你堅定的信仰獲得了你信奉之神祇的恩賞。	BENEFIT:.CLEAR	BENEFIT:選擇一個你信仰神祇的牧師領域，你可以使用具有每日次數或輪數限制的1級神授力量，但你只能每日使用1次或者1輪（看哪種更適合）。你只能獲得該領域能力，而且不能獲得更高級的領域能力、領域獎勵法術或領域神授能力帶來的本職技能與獎勵專長。在使用此能力時你的有效牧師等級視為1級。如果該領域1級神授力量沒有次數或輪數限制，你就無法使用。	
CATEGORY=FEAT|Believer's Hands.MOD	OUTPUTNAME:信徒之觸 Believer's Hands	DESC:.CLEAR	DESC:你可以憑借自己輕輕一觸即治癒他人的創傷。	BENEFIT:.CLEAR	BENEFIT:每天一次，你可以使用聖武士的聖療能力。你的有效聖武士等級等同於你認為等級的一半（至少為1）。如果你在此之後獲得了聖療職業能力，那麼你每日的聖療次數增加1次。	
CATEGORY=FEAT|Blasting Charge.MOD	OUTPUTNAME:血爆衝鋒 Blasting Charge	DESC:.CLEAR	DESC:你的血怒彙集為奧術能量的爆發，在你衝擊目標時造成可怕的傷害。	BENEFIT:.CLEAR	BENEFIT:在處於血怒狀態下，你可以以迅捷動作消耗一個血脈狂怒者法術的法術位，為你衝鋒後的攻擊充入額外的動能。你所消耗的法術環數將轉為衝鋒攻擊命中時每環1d6點額外的力場傷害，但不會因為重擊而翻倍。如果你選擇的血脈擁有特定的能量傾向（如元素血脈或巨龍血脈），你可以將這次額外傷害轉換為你所選擇的能量類型，並造成每消耗環數1d8點傷害。	
CATEGORY=FEAT|Blessed Striker.MOD	OUTPUTNAME:祝福之擊 Blessed Striker	DESC:.CLEAR	DESC:你對神祇的信仰化為陣營力量，增強了你手中的武器。	BENEFIT:.CLEAR	BENEFIT:你使用的武器攻擊在克服傷害減免效果時均視為擁有你信仰神祇的陣營特性。	
CATEGORY=FEAT|Blooded Arcane Strike.MOD	OUTPUTNAME:血術之擊 Blooded Arcane Strike（戰鬥專長）	DESC:.CLEAR	DESC:蘊藏在你鮮血之中的奧術能量伴隨著你的每一次攻擊而湧動	BENEFIT:.CLEAR	BENEFIT:當你處於血怒狀態下，你無需使用迅捷動作啟動奧術打擊——它將永久性生效。當你使用暴擊（Vital Strike），精通暴擊（Improved Vital Strike）或高等暴擊（Greater Vital Strike）專長進行攻擊時，你的奧術打擊傷害也會隨著暴擊造成的額外傷害骰數而翻倍。	
CATEGORY=FEAT|Bookish Rogue.MOD	OUTPUTNAME:秘術盜賊 Bookish Rogue	DESC:.CLEAR	DESC:你在模仿法術之前經過精心準備，以獲得更多魔法的資訊。	BENEFIT:.CLEAR	BENEFIT:花費10分鐘研究一本法術書，你可以將自己通過次級魔法或高等魔法（Major Magic）遊蕩者天賦獲得的一個術士/法師法術更換為一個法術書中記載的同環法術。這個改變持續到你下次以本專長更換法術為止。	
CATEGORY=FEAT|Canny Tumble.MOD	OUTPUTNAME:巧技尋機 Canny Tumble（戰鬥專長）	DESC:.CLEAR	DESC:你利用自己靈活的移動，探尋敵手防禦中間的空隙	BENEFIT:.CLEAR	BENEFIT:每當你通過特技動作檢定移出敵人的威脅範圍或佔據空間而不引發藉機攻擊時，你對這個目標的下一次近戰攻擊檢定獲得+2表現加值，且目標失去AC上的敏捷加值，效果持續到你的下一回合開始。	
CATEGORY=FEAT|Channeled Blessing.MOD	OUTPUTNAME:引導祝福 Channeled Blessing 	DESC:.CLEAR	DESC:你引導的能力將傳遞來自戰鬥祭司的祝福	BENEFIT:.CLEAR	BENEFIT:每當你引導能力以治療活物時，你可以將一個你的戰鬥祭司祝福傳遞給被你引導的能力影響的生物（包括你自己）。這個祝福能力必須需要標準動作啟動並且可以影響一個生物，但同時可以影響多個生物的祝福只會影響這一個生物，並且獲得祝福的生物將不受到引導能力的治療。本能力不會消耗你本日的祝福能力使用次數。	
CATEGORY=FEAT|Channeling Force.MOD	OUTPUTNAME:引導力刃 Channeling Force（戰鬥專長）	DESC:.CLEAR	DESC:你引導的能量化為鋒銳的力場結附在武器之上	BENEFIT:.CLEAR	BENEFIT:以一個迅捷動作，你可以消耗一次本日的引導能量，使你的武器攻擊獲得相當於你引導能量骰數的額外傷害。本傷害是力場傷害。這個效果持續3次攻擊或是戰鬥結束，取其先者。	
CATEGORY=FEAT|Confounding Tumble Deed.MOD	OUTPUTNAME:旋舞花招 Confounding Tumble Deed（派頭專長）	DESC:.CLEAR	DESC:你藉著對方被你回轉的動作弄得眼花繚亂，起手刺出防不勝防的一擊	BENEFIT:.CLEAR	BENEFIT:如果你通過特技動作檢定移出敵人的威脅範圍或佔據空間而不引發藉機攻擊，且在此之後你在同一輪中成功地對這個目標發動了一個近戰攻擊，那麼你可以花費1點時髦值，在你的下一輪結束前忽視目標防禦等級上的敏捷加值。	
CATEGORY=FEAT|Coordinated Shot.MOD	OUTPUTNAME:準線規避 Coordinated Shot（戰鬥，團隊專長）	DESC:.CLEAR	DESC:夥伴的位置不會阻擋你射擊目標的瞄準	BENEFIT:.CLEAR	BENEFIT:若擁有該專長的盟友威脅一個目標，且不會在你遠程攻擊該目標時提供軟掩蔽，你該對目標的遠程攻擊檢定就獲得+1加值。如果該盟友與其他盟友（不必擁有此專長）正在夾擊此目標，那麼你以此獲得的攻擊加值上升到+2。	
CATEGORY=FEAT|Counter Reflexes.MOD	OUTPUTNAME:進無可進 Counter Reflexes（戰鬥專長）	DESC:.CLEAR	DESC:通過判讀敵人的步伐，你深知對方會如何在你的威脅範圍內移動	BENEFIT:.CLEAR	BENEFIT:擁有靈活移動專長的敵人無法在因為移出你的威脅範圍而觸發你的藉機攻擊時，在防禦等級上獲得任何閃避加值。	
CATEGORY=FEAT|Counterpunch.MOD	OUTPUTNAME:反手一拳 Counterpunch（戰鬥專長）	DESC:.CLEAR	DESC:敵人在攻擊失手時一個恍神，你就獲得了一次立刻反擊的機會。	BENEFIT:.CLEAR	BENEFIT:每輪一次，每當你雙手全空並使用徒手擊打戰鬥時，只要你的敵人對你近戰攻擊失手，你就可以對他發動一次徒手擊打藉機攻擊。這次藉機必須使用徒手攻擊。	
CATEGORY=FEAT|Dazing Fist.MOD	OUTPUTNAME:眩暈拳 Dazing Fist	DESC:.CLEAR	DESC:你知道如何一拳將目標打懵的方法。	BENEFIT:.CLEAR	BENEFIT:你必須在投擲攻擊骰之前宣告使用此專長（因此，未命中會導致嘗試失敗）。眩暈拳在正常造成傷害的同時，還會強制受到你徒手擊打傷害的敵人進行一次DC=10+1/2你的角色等級+感知調整值的強韌豁免檢定。豁免檢定失敗的防禦者將眩暈1輪。每4級你每天可以多嘗試一次眩暈攻擊，每輪不能超過1次。構裝、泥怪、植物、不死、虛體生物，無心智和免疫重擊的生物不會被本能力影響。	
CATEGORY=FEAT|Disable Dweomer.MOD	OUTPUTNAME:拆解咒法 Disable Dweomer	DESC:.CLEAR	DESC:你可以分解一件魔法裝置的魔力，使它在短時間內啞火。	BENEFIT:.CLEAR	BENEFIT:你可以通過解除裝置技能檢定使非神器的魔法物品在1d4輪內失效。如果你成功將其分解，這件物品將在持續時間內喪失所有的魔法屬性。你需要2d4輪進行解除裝置以分解一件魔法物品，分解的DC=15+物品的施法者等級。	
CATEGORY=FEAT|Disarming Threat Deed.MOD	OUTPUTNAME:講道理 Disarming Threat Deed（派頭專長）	DESC:.CLEAR	DESC:你是個講道理的人，大家都知道這一點	BENEFIT:.CLEAR	BENEFIT:每當你成功的對一個目標使用了威嚇檢定以使他變得友善，你可以消耗一點時髦值，使目標在此之後只會對你不關心（Indifferent）而非敵對，目標也不會嘗試向當局報告你的威脅。	
CATEGORY=FEAT|Disheartening Display.MOD	OUTPUTNAME:狂傲技巧 Disheartening Display（戰鬥專長）	DESC:.CLEAR	DESC:你驕狂地展示自己的武技，使本來就心虛的對手更加畏縮不前	BENEFIT:.CLEAR	BENEFIT:當你成功的使用炫目技巧專長挫敗一個已經戰慄，驚懼（Frightened）或恐慌（Panicked）敵人的士氣時，對方的恐懼效果會上升一檔，而已經恐慌的對手將變得畏縮（Cower）。一個受到本專長影響的生物在24小時內免疫本專長的再次影響。	
CATEGORY=FEAT|Distracting Charge.MOD	OUTPUTNAME:衝鋒干擾 Distracting Charge（戰鬥，團隊專長）	DESC:.CLEAR	DESC:你的夥伴猛撲向敵人展開攻擊，使你可以瞅準機會攻擊破綻大露的對手	BENEFIT:.CLEAR	BENEFIT:如果你的盟友擁有此專長，則他在衝鋒攻擊目標命中時，你對同一個目標的下一次攻擊檢定將獲得+2加值。你必須在盟友的下一回合前發動這次攻擊，否則加值將失效。	
CATEGORY=FEAT|Divine Protection.MOD	OUTPUTNAME:聖潔防護 Divine Protection	DESC:.CLEAR	DESC:你的神祇降靈防護你免受侵害	BENEFIT:.CLEAR	BENEFIT:每天1次以一個直覺動作，在進行一次豁免檢定前，你可以把你的魅力調整值添加到豁免加值上。如果你已經可以把魅力調整值添加到豁免加值上，則該專長給予的加值不疊加。如果你有快樂人生職業能力，則你在使用聖潔防護專長時可以在骰出豁免檢定後，檢定結果公佈前使用該專長。	
CATEGORY=FEAT|Draining Strike.MOD	OUTPUTNAME:取力拳 Draining Strike（戰鬥專長）	DESC:.CLEAR	DESC:你巧妙的一擊命中對手的秘孔，使他全身疲軟	BENEFIT:.CLEAR	BENEFIT:你必須在投擲攻擊骰之前宣告使用此專長（因此，未命中會導致嘗試失敗）。取力拳在正常造成傷害的同時，還會強制受到你徒手擊打傷害的敵人進行一次DC=10+1/2你的角色等級+感知調整值的強韌豁免檢定。豁免檢定失敗的防禦者將疲乏1分鐘或直到受到任何治療生命值傷害的法術、效果為止；如果你擁有+14或更高的基礎攻擊加值，那麼目標會在同樣的時間中陷入力竭而非疲乏。每4級你每天可以多嘗試一次取力攻擊，每輪不能超過1次。構裝、泥怪、植物、不死、虛體生物和免疫重擊的生物不會被本治療影響。	
CATEGORY=FEAT|Dual Enhancement.MOD	OUTPUTNAME:雙武祝聖 Dual Enhancement	DESC:.CLEAR	DESC:你可以將神聖之力同時施加在兩件你中意的武器或是它的兩頭上	BENEFIT:.CLEAR	BENEFIT:當你使用神契或神聖武器加強自己的武器時，你可以同時加強兩件武器或雙頭武器的兩頭。你必須同時手持這些武器。通過這些能力獲得的武器增強加值將同時作用於兩把武器，但你必須把它們分配到不同的武器上。舉例來說，你的神聖武器如果能提供+3增強加值，那麼你可以將主手的武器分配+2，而副手分配+1。	
CATEGORY=FEAT|Dueling Cape Deed.MOD	OUTPUTNAME:斗篷與匕首 Dueling Cape Deed（戰鬥，派頭專長）	DESC:.CLEAR	DESC:將一副斗篷披掛在副手，你依靠它在戰鬥中的上下翻飛來迷惑你的敵人，甚至纏裹住他們。	BENEFIT:.CLEAR	BENEFIT:以一個移動動作，你可以將一副斗篷持握在手上（或是移除它），如同你使用小圓盾。如果你使用斗篷來防衛，每當敵人在近戰攻擊你時失手，你都可以消耗1點時髦值，把手上的斗篷罩到對方身上使其陷入糾纏狀態。對方必須使用一個整輪動作來解開斗篷或是將其撕碎才能脫身。一副典型的斗篷具有3點生命值，1點硬度。任何制式和長度的斗篷，比如劍客的短斗篷或披風都可以被用來防禦。	
CATEGORY=FEAT|Energy Channel.MOD	OUTPUTNAME:引導元素 Energy Channel	DESC:.CLEAR	DESC:你可以將神祇代表的元素能量通過引導注入武器	BENEFIT:.CLEAR	BENEFIT:以一個迅捷動作，你可以消耗一次本日的引導能量，使你的武器攻擊獲得相當於你引導能量骰數x2的額外能量傷害。這個能力傷害的類型取決於你的領域或祝福：強酸（土），電擊（氣），寒冷（水）或火焰（火）。如果你同時擁有多個元素領域或祝福，你必須在使用這個能力時選擇其一來發動。這個效果持續3次攻擊或是戰鬥結束，取其先者。	
CATEGORY=FEAT|Esoteric Linguistics.MOD	OUTPUTNAME:解碼神秘 Esoteric Linguistics	DESC:.CLEAR	DESC:你經手過如此之多的古怪語言，法師抄寫法術的那點小文字遊戲對你來說不值一提。	BENEFIT:.CLEAR	BENEFIT:你可以使用一次語言學檢定來代替使用魔法裝置技能以使用卷軸，或是代替辨識法術技能以辨識一張卷軸，但是你必須擁有（或通過技能模仿）可以施放該環法術的屬性值，並且你不能通過語言學技能來模仿此施法屬性。	
CATEGORY=FEAT|Evolved Companion.MOD	OUTPUTNAME:夥伴進化 Evolved Companion 	DESC:.CLEAR	DESC:你的動物夥伴發生了突變，使它擁有自己同類所尚未具備的能力。	BENEFIT:.CLEAR	BENEFIT:選擇一個召喚師幻靈可以使用的除猛撲和觸及之外的I型進化形態（Evolution），你的動物夥伴獲得此進化。獲得此進化的動物夥伴必須滿足獲得此進化的必要條件和限制，比如，只有四足或蛇形，且體型合適的動物夥伴才能獲得騎乘（Mount）進化。如果你獲得了新的動物夥伴，那麼舊動物夥伴的進化將失去，而你可以為新的動物夥伴選擇一個新的I型進化形態。	
CATEGORY=FEAT|Evolved Summoned Monster.MOD	OUTPUTNAME:召喚生物進化 Evolved Summoned Monster	DESC:.CLEAR	DESC:你召來的生物進化出了更強的能力。	BENEFIT:.CLEAR	BENEFIT:選擇一個召喚師幻靈可以使用的除猛撲和觸及之外的I型進化形態（Evolution），你通過召喚怪物法術召來的生物獲得此進化。獲得此進化的動物夥伴必須滿足獲得此進化的必要條件和限制，比如，只有10尺或更遠觸及的生物才能獲得拖拽（Pull）進化。只有中體型或更大體型的生物才能獲得增加額外攻擊能力或者增強已有攻擊能力的進化。	
CATEGORY=FEAT|Expanded Preparation.MOD	OUTPUTNAME:額外預備 Expanded Preparation	DESC:.CLEAR	DESC:你可以準備比普通奧術師更多的法術	BENEFIT:.CLEAR	BENEFIT:當前最高可施放的奧能師法術環位可以額外準備一個法術。這個額外的法術位獨立於你正常可準備的法術位之外。你也可以選擇在當前奧能師法術次高環位上額外準備兩個法術。你必須在選擇該專長時就決定是額外準備最高環還是次高環。該你必須在選擇本專長時決定使用哪一個類型的好處，並且當你獲得更高環的法術位時，由此專長獲得的額外準備法術的環數不會隨之變化。	
CATEGORY=FEAT|Extended Animal Focus.MOD	OUTPUTNAME:長效動物之力 Extended Animal Focus	DESC:.CLEAR	DESC:你可以長時間地模仿一種動物的特徵。	BENEFIT:.CLEAR	BENEFIT:你可以將你的感知調整值（最少為1）分鐘的額外使用時間加到你每日使用動物之力的時間上。	
CATEGORY=FEAT|Extra Arcanist Exploit.MOD	OUTPUTNAME:額外奧能技藝 Extra Arcanist Exploit 	DESC:.CLEAR	DESC:你比其他的奧能師瞭解了更多關於魔法的秘密。	BENEFIT:.CLEAR	BENEFIT:你獲得一個額外的奧能技藝，你必須滿足獲得此奧能技藝的前提條件。	
CATEGORY=FEAT|Extra Channel.MOD	OUTPUTNAME:額外引導 Extra Channel	DESC:.CLEAR	DESC:你可以更引導更多神聖的能量。	BENEFIT:.CLEAR	BENEFIT:你每日的引導能量次數增加兩次。	
CATEGORY=FEAT|Extra Hex.MOD	OUTPUTNAME:額外巫術 Extra Hex	DESC:.CLEAR	DESC:你學習了一個新巫術的秘密。	BENEFIT:.CLEAR	BENEFIT:你可以獲得一個新的巫術，你必須滿足選取此巫術的前提條件。如果你是一個薩滿，那麼這個巫術必須是你的魂域（Spirit）所屬的巫術，而不可從飄渺魂域（Wandering Spirit）中獲得。	
CATEGORY=FEAT|Extra Inspiration.MOD	OUTPUTNAME:額外靈感 Extra Inspiration	DESC:.CLEAR	DESC:你的靈感力源源不絕。	BENEFIT:.CLEAR	BENEFIT:你的靈感池獲得每日3點額外的靈感點數	
CATEGORY=FEAT|Extra Investigator Talent.MOD	OUTPUTNAME:額外調查員天賦 Extra Investigator Talent 	DESC:.CLEAR	DESC:在靈感的驅動下，你的口袋裡總有一堆花招可用。	BENEFIT:.CLEAR	BENEFIT:你獲得一個額外的調查員天賦，你必須滿足獲得此調查員天賦的前提條件。	
CATEGORY=FEAT|Extra Martial Flexibility.MOD	OUTPUTNAME:額外招式 Extra Martial Flexibility 	DESC:.CLEAR	DESC:你的武技可謂千變萬化。	BENEFIT:.CLEAR	BENEFIT:你每天使用千招百式能力的次數增加3次。	
CATEGORY=FEAT|Extra Panache.MOD	OUTPUTNAME:額外派頭 Extra Panache（派頭專長）	DESC:.CLEAR	DESC:你比普通的遊蕩劍客更加時髦。	BENEFIT:.CLEAR	BENEFIT:你獲得每日額外兩點時髦值，以及兩點時髦最大值。	
CATEGORY=FEAT|Extra Reservoir.MOD	OUTPUTNAME:額外魔源 Extra Reservoir 	DESC:.CLEAR	DESC:奧發能量在你體內暢快地湧動。	BENEFIT:.CLEAR	BENEFIT:你的奧能源泉獲得每日3點額外的魔法能量，並且最大值上升3點。	
CATEGORY=FEAT|Extra Slayer Talent.MOD	OUTPUTNAME:額外殺手天賦 Extra Slayer Talent 	DESC:.CLEAR	DESC:經年累月的摘取目標讓你練就了更多殺人技巧。	BENEFIT:.CLEAR	BENEFIT:你獲得一個額外的殺手天賦，你必須滿足獲得此殺手天賦的前提條件。	
CATEGORY=FEAT|Extreme Prejudice.MOD	OUTPUTNAME:極度仇視 Extreme Prejudice（戰鬥專長） 	DESC:.CLEAR	DESC:有一種生物你至為痛恨，他們的出現就足以挑動你的殺戮神經。	BENEFIT:.CLEAR	BENEFIT:每當你對一個你在 專長選擇的生物發動偷襲攻擊時，你的偷襲傷害骰上升到d8而非普通的d6。	
CATEGORY=FEAT|Favored Enemy Spellcasting.MOD	OUTPUTNAME:法術宿敵 Favored Enemy Spellcasting	DESC:.CLEAR	DESC:你的法術對某一類或幾類生物特別有效。	BENEFIT:.CLEAR	BENEFIT:當你選擇這個專長時，同時從遊俠的宿敵列表中選擇一個生物種類或是具有類人生物（Humanoid）種類的生物亞種。當這些生物需要因為你的法術效果而通過豁免檢定時，你的法術DC視為提高1。如果你已經從別的途徑獲得了宿敵職業能力，並且這個專長的目標同時屬於你的宿敵，那麼這種生物在對抗你的法術時視為你的法術DC提高2。	
CATEGORY=FEAT|Faerie's Strike.MOD	OUTPUTNAME:妖精之擊 Faerie's Strike（戰鬥專長）	DESC:.CLEAR	DESC:第一世界的能量在你的武器間流動，飛舞的火花糾纏在它們擊中的目標身周。	BENEFIT:.CLEAR	BENEFIT:每當你發動一次暴擊（或是精通暴擊和高等暴擊）攻擊時，被你擊中的生物必須通過一個意志檢定（DC=10+你人物等級的一半+你的感知調整值）否則受到相當於法術妖火術（Faerie Fire）的影響，持續1分鐘。你每日可以使用本能力的次數等同於你的感知調整值。	
CATEGORY=FEAT|Flexible Hex.MOD	OUTPUTNAME:靈活巫術 Flexible Hex	DESC:.CLEAR	DESC:飄渺之精魂聽你命而動。	BENEFIT:.CLEAR	BENEFIT:每天一次以一個迅捷動作，你可以改變你選擇的當日遊蕩巫術，當這個巫術也必須來自你當日的飄渺魂域。在12級時，你可以改變你當日所有的兩個飄渺巫術。	
CATEGORY=FEAT|Flexible Wizardry.MOD	OUTPUTNAME:靈活魔術 Flexible Wizardry	DESC:.CLEAR	DESC:你知道如何讓自己手中的魔法運用更加靈活有效。	BENEFIT:.CLEAR	BENEFIT:在你每日準備法術時，你可以選擇保留最多相當於你的智力調整值（最小為1）的法術位作為臨時調整的備選，在每個備選法術位上，你可以準備兩個而非一個法術。在你準備好法術後的任何時刻，你可以以一個整輪動作決定你在其中一個備選法術位上的法術，並把它放在這個法術位上。	
CATEGORY=FEAT|Focused Inspiration.MOD	OUTPUTNAME:靈感專注 Focused Inspiration	DESC:.CLEAR	DESC:在使用一些技能時，你的靈感更為充沛。	BENEFIT:.CLEAR	BENEFIT:選擇兩個你已受訓，或者可以在未受訓情況下仍可以使用的技能，你在使用靈感能力增強這些技能檢定時，你的靈感骰從d6上升到d8；如果你的靈感骰為d8，那麼則上升到d10。如果你擁有靈感滿溢職業能力，那麼你同樣可以骰一副這樣的靈感骰（2d8上升到2d10）。	
CATEGORY=FEAT|Force Dash.MOD	OUTPUTNAME:力能加速 Force Dash	DESC:.CLEAR	DESC:你吸收力場法術的能量，將自己的移動導入更強的推進力。	BENEFIT:.CLEAR	BENEFIT:以一個迅捷動作，你可以消耗一個已經準備的力場法術（或者如果你是一個自發施法者，你消耗一個你所知的該環奧術力場法術法術位），為你在移動速度上獲得加值，加值為10尺x你所消耗的法術環術。這個加值可以影響所有類型的移動速度，並持續1輪。如果你在獲得此速度加值時衝鋒，那麼你不會再衝鋒後承受防禦等級上的-2減值。	
CATEGORY=FEAT|Formula Recollection.MOD	OUTPUTNAME:回想公式 Formula Recollection	DESC:.CLEAR	DESC:你可以回憶起整個法術在你眼前施放的過程，將它抄錄在你的筆記中。	BENEFIT:.CLEAR	BENEFIT:每天一次，你可以將一條你在前24小時內通過辨識法術辨別出的法術記錄到你的公式薄上，整個法術必須處於煉金術士化合煉成表中。	
CATEGORY=FEAT|Grabbing Style.MOD	OUTPUTNAME:擒拿手 Grabbing Style（戰鬥，流派專長）	DESC:.CLEAR	DESC:你磨練自己挾制敵人的技巧，單手即可將對方抓牢。	BENEFIT:.CLEAR	BENEFIT:當你使用擒拿手流派時，你在僅用單手擒抱目標的戰技攻擊檢定上不再承受-4減值。除此之外，你在壓制（Pinning）一個敵人時不再會失去防禦等級上的敏捷加值。	
CATEGORY=FEAT|Grabbing Drag.MOD	OUTPUTNAME:拖曳手 Grabbing Drag（戰鬥專長）	DESC:.CLEAR	DESC:你可以輕鬆拖著被你擒抱住的敵人踏起妖精般的亂舞。	BENEFIT:.CLEAR	BENEFIT:當你使用擒拿手流派時，你可以在擒抱一個對手時，通過移動（Move）擒抱攻擊動作拖著他和你一起以全速而非半速移動。在此之後，你還可以以一個移動動作，拖著被你擒抱的對手以半速移動而無需進行擒抱檢定對抗。你無法再同時擒抱兩個目標時使用這個能力。	
CATEGORY=FEAT|Grabbing Master.MOD	OUTPUTNAME:大擒拿手 Grabbing Master（戰鬥專長）	DESC:.CLEAR	DESC:抓著兩個敵人對你來說就像壓住一個傢伙一樣輕鬆。	BENEFIT:.CLEAR	BENEFIT:當你使用擒拿手流派時，你可以同時擒抱兩個對手，並且只需要一個移動或傷害（Damage）擒抱攻擊動作就可以同時影響兩個被你擒抱的目標。	
CATEGORY=FEAT|Grasping Strike.MOD	OUTPUTNAME:糾纏之擊 Grasping Strike（戰鬥專長）	DESC:.CLEAR	DESC:在你的武器之下，枝枝蔓蔓突然開始發瘋般的生長，將目標纏住。	BENEFIT:.CLEAR	BENEFIT:每當你發動一次暴擊（或是精通暴擊和高等暴擊）攻擊時，被你擊中的生物必須通過一個反射檢定（DC=10+你人物等級的一半+你的感知調整值）否則受到周圍突然開始生長植物的糾纏，持續1分鐘或是目標成功通過一個力量檢定或逃脫術檢定逃離（DC同效果的檢定DC）。你每日可以使用本能力的次數等同於你的感知調整值，你可以在攻擊命中目標時以一個自由動作發動這個專長的效果，這是一個超自然能力。	
CATEGORY=FEAT|Greater Dirge of Doom.MOD	OUTPUTNAME:高等末日喪歌 Greater Dirge of Doom 	DESC:.CLEAR	DESC:你唱響諸神之黃昏的樂章，即使最為凶蠻狂躁的對手也會在這令人喪膽的旋律下驚慌的逃避。	BENEFIT:.CLEAR	BENEFIT:被你的末日喪歌影響的生物即使離開你的表演影響範圍也會再繼續受到影響兩輪時間。如果你的末日喪歌影響的生物已經處於戰慄狀態，他們會陷入恐慌；如果生物已經處於恐慌狀態，他們會陷入驚懼。一旦被該專長影響，該生物24小時內就不再會被該專長影響。	
CATEGORY=FEAT|Greater Skald's Vigor.MOD	OUTPUTNAME:高等健碩之歌 Greater Skald's Vigor	DESC:.CLEAR	DESC:你的戰歌同樣可以將生生不息的活力帶給聽到它的盟友。	BENEFIT:.CLEAR	BENEFIT:在你啟動表演的同一輪開始，你的盟友同樣也能收到你的健碩之歌提供的快速醫療。盟友必須要聽到你的表演才能獲得此專長的好處。但是如果你停止表演，這個快速醫療效果將立刻結束，即使你的表演效果在你停止後依然能夠持續（譯註：比如專長餘音繞樑的效果）。	
CATEGORY=FEAT|Greater Weapon of the Chosen.MOD	OUTPUTNAME:高等神選武器 Greater Weapon of the Chosen	DESC:.CLEAR	DESC:神祇之手親自指引你用祂的武器進行戰鬥。	BENEFIT:.CLEAR	BENEFIT:每當你使用神祇的偏好武器以一個攻擊動作發動一次單次攻擊時，你可以進行兩次攻擊檢定以選擇較好的那個結果。你無需激活神選武器專長來獲得這個效果。通常而言，這種多骰無法應用於重擊確認骰。	
CATEGORY=FEAT|Gruesome Slaughter.MOD	OUTPUTNAME:懼怖宰殺 Gruesome Slaughter（戰鬥專長）	DESC:.CLEAR	DESC:你反手一刀就將刺殺目標斬成鮮血淋漓，在場的所有人都被嚇得半死。	BENEFIT:.CLEAR	BENEFIT:每當你使用 專長進行一次挫敗士氣的威嚇嘗試，受到影響的生物就必須一個一個DC=10+你角色等級一半+你的力量或敏捷調整值（取其高者）的強韌檢定，否則將陷入噁心一分鐘。	
CATEGORY=FEAT|Improved Awesome Blow.MOD	OUTPUTNAME:至尊打 Improved Awesome Blow	DESC:.CLEAR	DESC:你擅長將對手一擊打到空中，趁其無力防禦時你的盟友便可接以連段。	BENEFIT:.CLEAR	BENEFIT:你卻在發動王霸拳戰技攻擊檢定時獲得+2加值，在對抗其他生物對你發動的王霸拳或可怖毆擊戰技攻擊時在CMD上獲得+2加值。每當你成功的使用了一次王霸拳將對手擊飛，你的所有盟友（除了你）便可以因為目標的移動而對其發動藉機攻擊。	
CATEGORY=FEAT|Improved Dirge of Doom.MOD	OUTPUTNAME:精通末日喪歌 Improved Dirge of Doom 	DESC:.CLEAR	DESC:你演奏諸王逝去時的哀歌，讓在場的敵人畏懼不能自已。	BENEFIT:.CLEAR	BENEFIT:你的末日喪歌表演影響範圍增加到60尺；已經處於戰慄狀態的生物在受到你的末日喪歌影響時將恐慌。但是，這個效果無法將生物的恐懼等級提升到驚懼，即使這個生物在受到影響時已經恐慌。一旦被該專長影響，該生物24小時內就不再會被該專長影響。	
CATEGORY=FEAT|Improved Duck and Cover.MOD	OUTPUTNAME:精通庇護 Improved Duck and Cover	DESC:.CLEAR	DESC:你和夥伴之間可以互相對方為擋下範圍傷害	BENEFIT:.CLEAR	BENEFIT:每當你使用庇護專長時，如果你的盟友擁有反射閃避或精通反射閃避，且它成功通過了反射豁免檢定，那麼你因為該受到的傷害將減半，但減半的部分轉而由你的盟友承擔（並且不能被反射閃避和精通反射閃避再減免）。	
CATEGORY=FEAT|Improved Flexible Wizardry.MOD	OUTPUTNAME:精通靈活魔術 Improved Flexible Wizardry	DESC:.CLEAR	DESC:少有魔術師擁有比你更萬變的的魔法。	BENEFIT:.CLEAR	BENEFIT:你可以準備法術的備選法術位數量增加到4+智力調整值個。除此之外，你可以以一個標準動作而非整輪動作決定你在備選法術位上的法術。	
CATEGORY=FEAT|Improved Spell Sharing.MOD	OUTPUTNAME:精通法術共享 Improved Spell Sharing （團隊專長）	DESC:.CLEAR	DESC:你與同伴間緊密的聯結讓魔法在你們之間暢行無阻。	BENEFIT:.CLEAR	BENEFIT:當你鄰接或是和擁有此團隊專長的盟友共享佔據空間時，你可以將一個施放到自己身上的法術平分給你和盟友，法術的持續時間也同樣平分，但它的持續時間至少需要為2輪。舉例來說，你可以向自己施放一個持續時間每施法者等級一分鐘的法術牛之力量，那麼你可以將這個法術的效果分享給你的一個盟友，這樣做法術將均在你們身上生效每施法者等級5輪時間。一旦法術施放完成，你和你的盟友就可以自由分開。	
CATEGORY=FEAT|Studied Combatant.MOD	OUTPUTNAME:精通決鬥智慧Improved Studied Combatant 	DESC:.CLEAR	DESC:你深入分析對手的戰術，以此在和他的對決上佔得先手。	BENEFIT:.CLEAR	BENEFIT:你通過決鬥智慧專長獲得的攻擊檢定洞察加值和傷害加值提升到+4。除此之外，本能力的效果和決鬥智慧專長相同。	
CATEGORY=FEAT|Improved Swap Places.MOD	OUTPUTNAME:精通換位 Improved Swap Places（戰鬥，團隊專長） 	DESC:.CLEAR	DESC:無論你們之間的身材差異多大，你和夥伴已經完全掌握了互相移身的技巧。	BENEFIT:.CLEAR	BENEFIT:當你和你的盟友使用換位專長時，它可以比你大或者小一個體型等級，並且你在移入盟友佔據的方格時不會引發藉機攻擊，如果你為盟友讓出的方格不足以它的體型完全佔據，你們它必須擠入（Squeeze，在攻擊檢定和速度上承受減值）。除此之外，你還可以在此移動中發動一次衝撞戰技攻擊，對抗佔據你的盟友即將交換位置的一個生物，但這次衝撞攻擊無法將這個生物撞離多於5尺距離。	
CATEGORY=FEAT|Improved Weapon of the Chosen.MOD	OUTPUTNAME:精通神選武器 Improved Weapon of the Chosen	DESC:.CLEAR	DESC:當你揮舞神祇偏好的武器時，你獲得的祝福將更加強大。	BENEFIT:.CLEAR	BENEFIT:除了神選武器專長的效果外，你在啟動神選武器後專長的效果將持續到你的下輪開始為止。除此之外，在克服傷害減免時，你的武器獲得一個基於你神祇陣營的陣營品質——混亂，邪惡，善良或守序。如果你的神祇的陣營為絕對中立，則你的武器在克服傷害減免時同時視為寒鐵和鍍銀武器。	
CATEGORY=FEAT|Insightful Delivery.MOD	OUTPUTNAME:精明毒殺 Insightful Delivery	DESC:.CLEAR	DESC:你精心調整你準備的毒劑，將它們以最致命的方式送入對手體內。	BENEFIT:.CLEAR	BENEFIT:當你展開戰鬥策略並使用喂毒的武器發動策士之擊時，毒藥的DC將獲得相當於策士之擊骰數的一半加值。	
CATEGORY=FEAT|Inspired Alchemy.MOD	OUTPUTNAME:煉金術靈感 Inspired Alchemy	DESC:.CLEAR	DESC:只要投入一點靈感和功夫，你就可以再調出一份用過的化合煉成。	BENEFIT:.CLEAR	BENEFIT:你可以重新煉製一份在過去的一小時內使用過的化合煉成，這將花費你10分鐘時間重新配合材料，並花費相當於這個化合煉成環數的靈感點數。當你以此專長重新調製一份化合煉成，這個化合煉成將不計入你每日可以準備的化合煉成數量。	
CATEGORY=FEAT|Inspired by Fear.MOD	OUTPUTNAME:擁抱恐懼 Inspired by Fear	DESC:.CLEAR	DESC:你的喪歌讓敵人戰慄，但你的盟友反而更為堅強。	BENEFIT:.CLEAR	BENEFIT:處於你的末日喪歌表演影響範圍內的盟友將在對抗恐懼效果的豁免檢定上獲得+4士氣加值，必須有至少一個因為末日喪歌而陷入戰慄狀態的生物處於你的末日喪歌影響範圍內你的盟友才能獲得這個加值。	
CATEGORY=FEAT|Inspired Strike.MOD	OUTPUTNAME:靈感打擊 Inspired Strike	DESC:.CLEAR	DESC:你神奇的靈感並不只能用來紙上談兵——它也能重創你的對手。	BENEFIT:.CLEAR	BENEFIT:每當你在對目標展開戰鬥策略時對一個生物造成了傷害，你都可以消耗1點靈感點數，造成相當於你的靈感骰結果的額外傷害。	
CATEGORY=FEAT|Intercept Charge.MOD	OUTPUTNAME:迎身上前 Intercept Charge（戰鬥，團隊專長）	DESC:.CLEAR	DESC:你可以在敵人衝向盟友時挺身將他擋下。	BENEFIT:.CLEAR	BENEFIT:每當有敵人向同樣擁有此專長的盟友發動衝鋒時，以一個即時動作，你可以立刻以你的速度移動到對方衝鋒的路徑上任一格將其擋住，當你到達衝鋒路徑上後，該敵人必須在鄰接你格子停下並且對你發動攻擊。以此專長進行的移動計入你下一輪的移動之中。	
CATEGORY=FEAT|Intimidating Performance.MOD	OUTPUTNAME:威懾表演 Intimidating Performance	DESC:.CLEAR	DESC:你的表演獎恐懼打入敵人心中。	BENEFIT:.CLEAR	BENEFIT:每當你以移動或者迅捷動作啟動吟遊詩人表演或戰怒之歌，你都可以以一個標準動作嘗試挫敗一個對手的士氣，在這次檢定上，你可以以表演技能檢定的結果作為威嚇檢定結果，並且此表演必須具有視覺成分。如果你可以以一個迅捷動作啟動表演並且擁有炫目技巧專長，你可以發動炫目技巧，並且使用你的表演技能檢定取代威嚇技能檢定。	
CATEGORY=FEAT|Jabbing Style.MOD	OUTPUTNAME:百裂拳 Jabbing Style（戰鬥，流派專長）	DESC:.CLEAR	DESC:你加快自己出擊的速度，以雨點般的拳腳對敵人造成傷害	BENEFIT:.CLEAR	BENEFIT:當你徒手攻擊命中一名單位時，若本輪你之前也用徒手攻擊命中過該單位，則你本次徒手攻擊額外造成1d6點傷害。	
CATEGORY=FEAT|Jabbing Dancer.MOD	OUTPUTNAME:百裂步 Jabbing Dancer（戰鬥專長） 	DESC:.CLEAR	DESC:你可以在發動連續拳擊的間隙擺出各種姿勢，從不同角度毆打對手。	BENEFIT:.CLEAR	BENEFIT:在使用百裂拳流派時，你的徒手攻擊每命中目標一次，你就可以移動5尺一次且不引發藉機攻擊，但你的移動落點必須鄰接你徒手擊打命中的目標。但是，你的下一輪無法進行五尺快步。	
CATEGORY=FEAT|Jabbing Master.MOD	OUTPUTNAME:千手百裂 Jabbing Master（戰鬥專長）	DESC:.CLEAR	DESC:沒有人能在你暴風驟雨般的歐拉歐拉下全身而退。	BENEFIT:.CLEAR	BENEFIT:在使用百裂拳流派時，你同一輪兩次徒手擊打命中造成的額外傷害提升到2d6。三次或以上徒手擊打命中造成的額外傷害提升到4d6。	
CATEGORY=FEAT|Kick Up.MOD	OUTPUTNAME:掛金勾 Kick Up（戰鬥專長）	DESC:.CLEAR	DESC:只用腳尖一挑，掉在地上的武器就飛回到你的手裡。	BENEFIT:.CLEAR	BENEFIT:只要你有一隻手空著，你就可以以一個迅捷動作將一件在你或者鄰接你且不在敵人威脅範圍中的無人看管的，重量輕於10磅的物品或武器收回手中。除此之外，如果你在踢起一件武器的同一輪中進行一次虛招嘗試，那麼你可以在這次虛招檢定上獲得+2環境加值。	
CATEGORY=FEAT|Killing Flourish.MOD	OUTPUTNAME:處刑秀 Killing Flourish（戰鬥專長）	DESC:.CLEAR	DESC:當你刺殺一個目標，周圍所有的人都在恐懼中戰慄。	BENEFIT:.CLEAR	BENEFIT:當你通過近戰攻擊將一個生物的生命值降到0以下時，你可以以迅捷動作進行威嚇檢定以挫敗30尺範圍內所有敵人的士氣。	
CATEGORY=FEAT|Lay of the Land.MOD	OUTPUTNAME:親和大地 Lay of the Land	DESC:.CLEAR	DESC:你與自然的同調性使你熟識自己行走的土地。	BENEFIT:.CLEAR	BENEFIT:你獲得偏好地形，如同遊俠的同名職業能力。但是，你的偏好地形不會隨著等級增長。除此之外，它可以作為偏好地形以決定獲得其他專長和其他效果的前提條件。	
CATEGORY=FEAT|Lunging Spell Touch.MOD	OUTPUTNAME:法術突刺 Lunging Spell Touch	DESC:.CLEAR	DESC:你可以探手向遠處的敵人投出一記法術。	BENEFIT:.CLEAR	BENEFIT:你可以增加你進行近戰接觸傳遞法術的觸及範圍5尺，直到你的回合結束。這樣做會使你在防禦等級上承受-2減值。你必須在你的回合發動任何攻擊之前決定使用本能力。	
CATEGORY=FEAT|Manifested Blood.MOD	OUTPUTNAME:血脈顯現 Manifested Blood	DESC:.CLEAR	DESC:你血脈中的能量奔湧時，元素力量隨之在你身邊咆哮。	BENEFIT:.CLEAR	BENEFIT:每天一次，與你血脈相吻合的元素將籠罩在你的四周，在相當於你的魅力調整值的輪數中，你獲得該元素種類的能力抗力5，並且以徒手擊打或天生武器攻擊你的敵人將受到2點此類能量傷害。如果你已經擁有此類能量抗力，它的抗力再增加5點。	
CATEGORY=FEAT|Merciless Butchery.MOD	OUTPUTNAME:無情殺戮 Merciless Butchery（戰鬥專長）	DESC:.CLEAR	DESC:在他們還沒緩過氣來之前，你就擊殺了對你門戶大開的敵人。	BENEFIT:.CLEAR	BENEFIT:以一個不會引發藉機攻擊的標準動作，你可以對一個作為你殺戮目標且處於畏縮，無助或震懾狀態的敵人發動致命一擊（Coup de Grace）。	
CATEGORY=FEAT|Nature Magic.MOD	OUTPUTNAME:自然魔法 Nature Magic	DESC:.CLEAR	DESC:通過汲取大自然的力量，你可以施放一些簡單的法術。	BENEFIT:.CLEAR	BENEFIT:。你獲得法術指北術（Know Direction）作為永久性生效的類法術能力，並且你可以選擇另一個德魯伊禱念作為每日一次使用的類法術能力。你使用此類法術能力的施法者等級等同於你的人物等級。	
CATEGORY=FEAT|Orator.MOD	OUTPUTNAME:雄辯家 Orator	DESC:.CLEAR	DESC:你擅長於講演和話術，利用精巧堆砌的辭藻和語調導向你的目標。	BENEFIT:.CLEAR	BENEFIT:你可以使用語言學檢定以替代唬騙檢定來說謊或掩飾信息；替代交涉檢定來改變生物的態度，或是替代威嚇檢定以強迫生物合作。你必須使用可以和目標交流的語言。	
CATEGORY=FEAT|Pack Flanking.MOD	OUTPUTNAME:獸群圍獵 Pack Flanking（團隊專長）	DESC:.CLEAR	DESC:你和你的動物夥伴練習過如何圍殺獵物。	BENEFIT:.CLEAR	BENEFIT:當你和擁有此專長的動物夥伴共享方格或處於鄰接狀態，且同時威脅一個目標時，你們即都視為夾擊目標，無論你們的位置如何。	
CATEGORY=FEAT|Paralyzing Strike.MOD	OUTPUTNAME:定身拳 Paralyzing Strike（戰鬥專長）	DESC:.CLEAR	DESC:你巧妙的一擊命中對手的秘孔，使他全身僵直。	BENEFIT:.CLEAR	BENEFIT:你必須在投擲攻擊骰之前宣告使用此專長（因此，未命中會導致嘗試失敗）。定身拳在正常造成傷害的同時，還會強制受到你徒手擊打傷害的敵人進行一次DC=10+1/2你的角色等級+感知調整值的強韌豁免檢定。豁免檢定失敗的防禦者將麻痺1輪或直到受到任何造成生命值傷害的法術為止。每4級你每天可以多嘗試一次取力攻擊，每輪不能超過1次。構裝、泥怪、植物、不死、虛體生物和免疫重擊的生物不會被本能力影響。	
CATEGORY=FEAT|Pommel Strike Deed.MOD	OUTPUTNAME:刀柄打 Pommel Strike Deed（派頭專長）	DESC:.CLEAR	DESC:在拔刀的一合，你的刀柄已經捅進對手的身體，將他擊倒在地。	BENEFIT:.CLEAR	BENEFIT:你可以消耗1點時髦值，以一個標準動作使用一件輕型或單手穿刺武器的手柄打擊敵人。你的這次攻擊視為你使用武器正常發動攻擊（使用受到遊蕩劍客的所有職業能力，專長和其他效果的加成），不過這次攻擊的傷害為1d6（小體型劍客1d4）點鈍擊傷害，重擊範圍20/x2，並且不會因為精通重擊，銳鋒武器附魔等效果而增加重擊範圍。如果攻擊命中，你可以一自由動作進行一次戰技攻擊檢定，如果成功，對方將被擊倒至俯臥狀態。	
CATEGORY=FEAT|Pummeling Style.MOD	OUTPUTNAME:剛烈掌 Pummeling Style（戰鬥，流派專長）	DESC:.CLEAR	DESC:你匯聚全身的力道，打出剛猛的一擊。	BENEFIT:.CLEAR	BENEFIT:當你用徒手攻擊對單個目標進行全回合攻擊或疾風連擊時，在應用敵方的DR之前先合計自己的傷害。無論你有什麼其它的特殊能力，該專長都只對徒手攻擊生效。	
CATEGORY=FEAT|Pummeling Bully.MOD	OUTPUTNAME:剛掌波 Pummeling Bully（戰鬥專長）	DESC:.CLEAR	DESC:你的力道剛猛無比，足以將弱者吹走或掀翻。	BENEFIT:.CLEAR	BENEFIT:在使用剛烈掌流派時，若全回合疾風連擊只針對單個目標，則你伴隨攻擊可以發動一次復位或摔絆戰技攻擊嘗試。	
CATEGORY=FEAT|Pummeling Charge.MOD	OUTPUTNAME:天將奔烈 Pummeling Charge（戰鬥專長）	DESC:.CLEAR	DESC:挾裹著呼嘯之勢，你聚起至強至剛的鬥氣衝擊敵人	BENEFIT:.CLEAR	BENEFIT:在使用剛烈掌流派攻擊時，你可以在衝鋒後進行全回合疾風連擊，作為衝鋒動作的一部分。你必須在預定對目標發動剛烈掌的情況下，才能發動天將奔烈。	
CATEGORY=FEAT|Quicken Blessing.MOD	OUTPUTNAME:快速祝福 Quicken Blessing（戰鬥專長）	DESC:.CLEAR	DESC:你可以以極快的速度施放神祇的祝福。	BENEFIT:.CLEAR	BENEFIT:選擇一個你可以以標準動作使用的祝福，你可以使用兩次每日的祝福能力使用能力（無論是高等還是次級祝福），以迅捷動作使用此祝福。	
CATEGORY=FEAT|Rage Casting.MOD	OUTPUTNAME:血暴魔法 Rage Casting	DESC:.CLEAR	DESC:你的血液蘊含著極為豐富的能量，甚至可以催化你的法術的效力。	BENEFIT:.CLEAR	BENEFIT:以一個迅捷動作，你可以在施放一個血脈狂怒者法術時，通過燃燒一些自己的血液來增強其效果。你需要承受施放的法術每環術1d6點傷害，並且你無法以任何方式減免此傷害，也不能通過臨時生命值減免之。你每因此而承受一個d6骰的傷害，你的法術DC就會增加1點。	
CATEGORY=FEAT|Raging Absorption.MOD	OUTPUTNAME:血怒吸能 Raging Absorption	DESC:.CLEAR	DESC:有害法術的能量被你吞食殆盡，反而使你的血怒燃燒的更為旺盛。	BENEFIT:.CLEAR	BENEFIT:當處於血怒狀態下時，如果你在對抗一個目標為你或者範圍包括你的傷害性奧術法術，並且你不受傷害時，你可以吸收奧法的能量以持久你的狂怒。被你成功豁免的法術每有2個環數，你就獲得每日額外的一輪血怒。你每日通過此專長獲得的血怒輪數不能超過你的每日血怒上限，也無法超過每日血怒上限。	
CATEGORY=FEAT|Raging Blood.MOD	OUTPUTNAME:狂怒血統 Raging Blood	DESC:.CLEAR	DESC:比普通的魔法能量更奇異的是，你體內流淌的血脈會激發你的狂暴。	BENEFIT:.CLEAR	BENEFIT:你獲得一個對應你所擁有血統的1級血脈狂怒者的血脈能力。除此之外，你可以進入一種類似於血脈狂怒者血怒，但較為衰弱的狂暴狀態。你每天可以進入此次級血怒狀態兩次，每次最多4輪。在次級血怒狀態下，你在力量和體質上獲得+2士氣加值，但在意志檢定上沒有加值。除此之外，其他狀況均和血脈狂怒者血怒相同。如果你擁有多個血統，你需要選擇一個此專長生效的血統。	
CATEGORY=FEAT|Raging Concentration.MOD	OUTPUTNAME:血魔專注 Raging Concentration	DESC:.CLEAR	DESC:即使處於失控的邊緣，你仍然能維持自己法術的集中，忽視創傷與混亂的影響。	BENEFIT:.CLEAR	BENEFIT:在處於血怒狀態下，你在專注檢定上獲得相當於你的血怒提供的體質加值數的加值。	
CATEGORY=FEAT|Ranged Study.MOD	OUTPUTNAME:遠程策略 Ranged Study 	DESC:.CLEAR	DESC:你研究了如何在使用各種武器時尋找最有效的戰鬥策略，而非僅僅局限於近身格鬥的方法。	BENEFIT:.CLEAR	BENEFIT:選擇一種你擁有武器專攻的遠程武器，只要你的目標距離你不超過30尺，你在使用這種武器展開戰鬥策略時就可以獲得加值，並可以發動策士之擊。	
CATEGORY=FEAT|Reactive Healing.MOD	OUTPUTNAME:救急醫療 Reactive Healing	DESC:.CLEAR	DESC:你將神能存儲在體內，在最緊急的關頭依靠它們撐過死劫。	BENEFIT:.CLEAR	BENEFIT:如果一次攻擊或效果將會把你的生命值降低到0或以下，你可以使用一次每日引導能力次數（如果它可以治療你）或聖療次數，以一個即時動作用它治療你。這個治療效果僅對你生效。	
CATEGORY=FEAT|Reckless Rage.MOD	OUTPUTNAME:魯莽狂暴 Reckless Rage	DESC:.CLEAR	DESC:在狂暴之中你的蠻力突破天際，但對於打擊精度的控制力也隨之降低。	BENEFIT:.CLEAR	BENEFIT:當你啟動戰怒之歌或狂暴，並進行猛力攻擊時，你在攻擊檢定和戰技攻擊檢定上再多承受-1減值，在傷害上再增加2點加值，你在持用不同武器時的傷害調整仍然適用，如同正常的猛力攻擊。	
CATEGORY=FEAT|Recovered Rage.MOD	OUTPUTNAME:狂暴復甦 Recovered Rage	DESC:.CLEAR	DESC:每有一個敵人倒在你的戰斧下，你的怒火就會再次燒旺。	BENEFIT:.CLEAR	BENEFIT:當你啟動戰怒之歌或狂暴，並使一個HD不少於你的人物等級的一半的敵人的生命值降低到0或以下時，你獲得額外一輪每日的狂暴或戰怒之歌使用時間（如果你同時擁有這兩個能力，那麼選擇其一恢復）。你每日通過此專長獲得的狂暴或戰怒之歌輪數不能超過你的每日血怒上限數，也無法使得最大輪數突破每日上限。	
CATEGORY=FEAT|Resilient Armor.MOD	OUTPUTNAME:鐵甲護體 Resilient Armor	DESC:.CLEAR	DESC:神力強化的裝甲與盾牌在混戰中為你吸收傷害。	BENEFIT:.CLEAR	BENEFIT:當你激活神契或神聖護甲能力時，你獲得相當於你的護甲或盾牌增強加值（包括神契與神聖護甲能力賦予的增強加值）的傷害減免，但只對你每輪受到的第一次攻擊生效。這個傷害減免可以被精金武器擊破，但是擊破你的傷害減免並不影響你使用神契或神聖護甲的時間。	
CATEGORY=FEAT|Riving Strike.MOD	OUTPUTNAME:奧能收割 Riving Strike（戰鬥專長）	DESC:.CLEAR	DESC:奧術力量順著你的武器撕開對手的魔法防護，使他更易受到你的法術影響。	BENEFIT:.CLEAR	BENEFIT:如果你以奧術打擊這次增強的武器對一個敵人造成了傷害，那麼這個敵人在一輪內對抗你的法術和類法術能力時，在所有的豁免檢定上承受-2減值。	
CATEGORY=FEAT|Seething Hatred.MOD	OUTPUTNAME:憎惡集中 Seething Hatred（戰鬥專長）	DESC:.CLEAR	DESC:你極度仇視某種生物，這恨意引導你的刀鋒發起致命一擊。	BENEFIT:.CLEAR	BENEFIT:選擇一個遊俠宿敵列表中的生物類型，你在以近戰或遠程攻擊命中該種類的生物，且他是你的殺戮目標時，你對目標的宿敵傷害加值翻倍。【編註：第一次修正補丁後效果不明，存疑等後續】	
CATEGORY=FEAT|Share Healing.MOD	OUTPUTNAME:共享治療 Share Healing（團隊專長）	DESC:.CLEAR	DESC:任何對你施放的魔法治療將同樣通過你與夥伴的羈絆而治療它的傷口。	BENEFIT:.CLEAR	BENEFIT:每當你手到治療法術的效果（無論施放者是否為你自己）時，擁有此專長的夥伴生物將同時受到治療，但你需要將你獲得的治療量進行分配以決定將多少治療過渡給你的動物夥伴。	
CATEGORY=FEAT|Silent Kill.MOD	OUTPUTNAME:寂滅殺 Silent Kill（戰鬥專長）	DESC:.CLEAR	DESC:你的鋒刃安靜地沒入目標的咽喉，無人知曉周圍正在發生的殺戮。	BENEFIT:.CLEAR	BENEFIT:如果你在突襲輪中殺死了一個生物，那麼你可以進行一個潛行檢定來抵抗可能的觀察者的察覺檢定。如果你成功，則沒有人會發現你剛剛刺殺了目標。	
CATEGORY=FEAT|Skald's Vigor.MOD	OUTPUTNAME:健碩之歌 Skald's Vigor	DESC:.CLEAR	DESC:唱起雄健的戰歌，你在戰鬥中更加耐打。	BENEFIT:.CLEAR	BENEFIT:當維持表演戰怒之歌時，你獲得快速醫療，數量相當於你的戰怒之歌（註：個人認為應該是狂暴歌，因為還有一個提供力量檢定和力量技能加值的歌）的力量加值的一半。但是如果你停止表演，這個快速醫療效果將立刻結束，即使你的表演效果在你停止後依然能夠持續	
CATEGORY=FEAT|Skilled Rager.MOD	OUTPUTNAME:粗中有細 Skilled Rager	DESC:.CLEAR	DESC:你鍛煉自己的頭腦，在一往無前的狂暴中仍然能分心做別的工作。	BENEFIT:.CLEAR	BENEFIT:選擇一個基於魅力，敏捷或智力的技能，當處於狂暴狀態時，你可以正常使用該技能。	
CATEGORY=FEAT|Slashing Grace.MOD	OUTPUTNAME:優雅揮砍 Slashing Grace（戰鬥專長）	DESC:.CLEAR	DESC:除了靈活的刺削，你還學會了掌握異國劍士擅長的圓滑的劈砍之道。	BENEFIT:.CLEAR	BENEFIT:選擇一種輕型或單手的揮砍武器（比如長劍），在單手使用這種武器時，它視為符合所有要求使用單手穿刺武器的職業能力和專長的前提（比如遊蕩劍客的精確刺擊炫技），並且你可以以敏捷調整值代替力量調整值加到武器傷害上。你無法在進行雙武器戰鬥、使用疾風連擊或另一隻手被佔用時獲得該專長的好處。你必須使用符合你體型的武器。	
CATEGORY=FEAT|Slayer's Feint.MOD	OUTPUTNAME:殺手機鋒 Slayer's Feint（戰鬥專長）	DESC:.CLEAR	DESC:你不依靠精巧的誘騙，而是通過超人的速度和反應探尋敵人防禦中的破綻。	BENEFIT:.CLEAR	BENEFIT:在進行虛招檢定時，你可以使用特技動作檢定而不是唬騙檢定。	
CATEGORY=FEAT|Slow Faller.MOD	OUTPUTNAME:攀雲手 Slow Faller	DESC:.CLEAR	DESC:只要身邊有牆體或峭壁，你就能靠著它們進一步降低自己在空中下墜的速度。	BENEFIT:.CLEAR	BENEFIT:在墜落時，只要在你觸手可及的範圍內有牆壁，你就可以減低自己墜落的速度。如果你沒有穿著重甲，那麼你承受的墜落傷害就會視為減少10尺。這個專長的效果可以和輕身落職業能力疊加。	
CATEGORY=FEAT|Spirit Talker.MOD	OUTPUTNAME:靈語者 Spirit Talker	DESC:.CLEAR	DESC:和精魂花些時間交涉，你可以從它們那裡弄到新的巫術。	BENEFIT:.CLEAR	BENEFIT:每天一次，你可以花費10分鐘連接到一個薩滿的魂域。如果你這樣做，你選擇一個屬於該魂域的巫術，在接下來的1小時中可以暫時使用它，之後立刻失去該巫術所給予的好處。	
CATEGORY=FEAT|Spirit's Gift.MOD	OUTPUTNAME:精魂靈賦 Spirit's Gift	DESC:.CLEAR	DESC:你呼喚精魂的力量，讓它附身與你的動物夥伴或魔寵。	BENEFIT:.CLEAR	BENEFIT:在每天開始時，你可以選擇與一個薩滿的魂域交涉（和薩滿需要花費一小時準備魂域不同，你不需要任何時間）。接下來24小時內，你可以用標準動作給予你的動物夥伴或魔寵你所溝通魂域的魂獸能力，持續時間為你擁有動物夥伴或魔寵職業等級每分鐘。	
CATEGORY=FEAT|Spiritual Guardian.MOD	OUTPUTNAME:戒衛之魂 Spiritual Guardian	DESC:.CLEAR	DESC:負責防衛你的精魂要比其他的靈體更加強大。	BENEFIT:.CLEAR	BENEFIT:每當你施放靈能武器或靈能盟友，或類似的召喚靈魂存在的法術時，它的基礎攻擊加值將使用你的薩滿等級而非你的基本攻擊加值，並且可以因此而獲得額外的攻擊次數除此之外，這些法術在克服目標的法術抗力的施法者等級檢定與傷害上獲得+2加值。	
CATEGORY=FEAT|Spontaneous Nature's Ally.MOD	OUTPUTNAME:自發召喚自然盟友 Spontaneous Nature's Ally 	DESC:.CLEAR	DESC:你的神術並不能自動轉化為治療能量，而是可以召來自然的生物。	BENEFIT:.CLEAR	BENEFIT:你可以通過花費法術位，施放同環或更低環的召喚自然盟友法術，如同你自發使用治療傷害或造成傷害法術一樣。為了方便起見，只在計算召喚自然盟友法術的環級時，將你視為一名德魯伊，且這些法術位於你的法術列表內。	
CATEGORY=FEAT|Staggering Fist.MOD	OUTPUTNAME:恍惚拳 Staggering Fist（戰鬥專長）	DESC:.CLEAR	DESC:你巧妙的一擊命中對手的秘孔，使他神智不清	BENEFIT:.CLEAR	BENEFIT:你必須在投擲攻擊骰之前宣告使用此專長（因此，未命中會導致嘗試失敗）。恍惚拳在正常造成傷害的同時，還會強制受到你徒手擊打傷害的敵人進行一次DC=10+1/2你的角色等級+感知調整值的強韌豁免檢定。豁免檢定失敗的防禦者將恍惚1輪。每4級你每天可以多嘗試一次取力攻擊，每輪不能超過1次。構裝、泥怪、植物、不死、虛體生物和免疫重擊的生物不會被本能力影響。	
CATEGORY=FEAT|Stalker's Focus.MOD	OUTPUTNAME:追獵之力 Stalker's Focus	DESC:.CLEAR	DESC:你對自然界的瞭解使你可以輕鬆模仿某一種動物的形態。	BENEFIT:.CLEAR	BENEFIT:選擇一種獵人的動物之力能力代表的動物，你或者你的動物夥伴（如果有）每天一次可以使用此動物之力一分鐘。在使用動物之力時，將你的人物等級視為獵人等級來決定動物之力的效果。	
CATEGORY=FEAT|Steadfast Personality.MOD	OUTPUTNAME:堅定常識 Steadfast Personality	DESC:.CLEAR	DESC:作為一個理智牢固的常識人，沒有什麼稀奇古怪的東西能夠影響你的判斷。	BENEFIT:.CLEAR	BENEFIT:在對抗影響心靈的意志豁免時，用你的魅力調整值代替感知調整值計算意志豁免的加值。如果你的感知調整值為負，則計算意志豁免加值時必須同時計算魅力調整值和感知調整值。	
CATEGORY=FEAT|Studied Combatant.MOD	OUTPUTNAME:決鬥智慧 Studied Combatant 	DESC:.CLEAR	DESC:運用靈感分析，你在和對方交手之前就掂量出他的強弱何在。	BENEFIT:.CLEAR	BENEFIT:你可以通過一個移動動作，消耗1點靈感點數來分析一個你視野範圍內的敵人，這樣做可以讓你在相當於你的智力調整值的輪數內對整個敵人在攻擊檢定上獲得+2洞察加值，在傷害上獲得+2加值。這個加值屬於精準傷害且不會因為重擊而翻倍。一旦一個生物被你分析，那麼他在接下來的24小時內將免疫你的決鬥智慧能力。	
CATEGORY=FEAT|Surprise Maneuver.MOD	OUTPUTNAME:戰技突擊 Surprise Maneuver	DESC:.CLEAR	DESC:你放棄了對一個失去防衛的敵人狠下一手的機會，轉而嘗試將他困住或放倒。	BENEFIT:.CLEAR	BENEFIT:如果你擁有偷襲攻擊，當你對一個你夾擊或是對你失去防禦等級上的敏捷加值的敵人發動戰技攻擊時，若目標不免疫或取消你的偷襲，你的戰技檢定就會獲得等同於偷襲傷害骰個數的加值。如果你擁有策士之擊職業能力，那麼你可以以策士之擊來發動戰技攻擊。如果你這麼做，你在戰技攻擊檢定上獲得相當於你策士之擊傷害骰的加值。	
CATEGORY=FEAT|Talented Magician.MOD	OUTPUTNAME:魔術天才 Talented Magician	DESC:.CLEAR	DESC:你擁有天生的魔術回路。	BENEFIT:.CLEAR	BENEFIT:你獲得每天一次額外的高等魔法和次級魔法盜賊天賦的使用次數。	
CATEGORY=FEAT|Twinned Feint.MOD	OUTPUTNAME:雙發誘敵 Twinned Feint（戰鬥專長）	DESC:.CLEAR	DESC:你買個破綻，兩個對手就一起上鉤。	BENEFIT:.CLEAR	BENEFIT:以一個標準動作，你可以對一個處於你的觸及範圍內的敵人進行一次虛招檢定。如果你的虛招成功，你可以立刻對另一個鄰接目標，且處於你觸及內的敵人發動虛招嘗試，你最多只能額外發動一次虛招。每當你使用這個專長時，你會在防禦等級上承受-2減值。	
CATEGORY=FEAT|Twist Away.MOD	OUTPUTNAME:神奇姿勢 Twist Away	DESC:.CLEAR	DESC:你擁有讓他人希望暫停學習的神姿勢，足以規避最猛最惡的打擊。	BENEFIT:.CLEAR	BENEFIT:當你著輕甲或不著甲時，每當你需要進行一個強韌豁免檢定，你都可以以一個即時動作，進行一次反射豁免檢定（使用相同的DC）作為檢定結果。如果你的豁免檢定成功且正常情況下可以減免一部分該能力的效果，那麼你可以完全避免整個效果。無論你是否成功通過豁免檢定，你都會在下一輪陷入恍惚狀態。如果你不會陷入恍惚，你就無法使用該專長。你也不能忽視該專長的恍惚效果，也無法提前解除它。	
CATEGORY=FEAT|Undersized Mount.MOD	OUTPUTNAME:小型坐騎 Undersized Mount（戰鬥專長）	DESC:.CLEAR	DESC:騎一隻小馬對你來說並沒有什麼困難。	BENEFIT:.CLEAR	BENEFIT:你可以騎乘體型等同於你的坐騎生物，但它可能會因此而獲得額外的負重或類似限制。	
CATEGORY=FEAT|Unfettered Familiar.MOD	OUTPUTNAME:遠行魔寵 Unfettered Familiar	DESC:.CLEAR	DESC:你並不需要靠近你的魔寵就可以靠它來傳遞接觸法術。	BENEFIT:.CLEAR	BENEFIT:每天一次，你可以施放一個接觸法術，但以你的魔寵為接觸者來傳遞它，且你不需要接觸你的魔寵。你不需要看到你的魔寵，但是它必須距離你30尺以內。如果你不能看到或者聽到你的魔寵那麼你必須可以以語言指揮它行動。	
CATEGORY=FEAT|War Blessing.MOD	OUTPUTNAME:戰爭祝福 War Blessing	DESC:.CLEAR	DESC:你的神祇降下祝福之力作為你虔誠和狂熱的回報。	BENEFIT:.CLEAR	BENEFIT:選擇兩個戰鬥祭司的祝福，這些祝福必須和你從神祇處獲得的領域主題與能力相近。每天兩次，你可以使用這兩個祝福之一的次級祝福能力，除此之外，這個能力視為戰鬥祭司的祝福能力。將你擁有領域或秘示域職業的等級視為你的戰鬥祭司等級。	
CATEGORY=FEAT|Weapon of the Chosen.MOD	OUTPUTNAME:神選武器 Weapon of the Chosen	DESC:.CLEAR	DESC:神祇偏愛的武器執於你手，它的力量超越了普通的鋼鐵和木材。	BENEFIT:.CLEAR	BENEFIT:以一個迅捷動作，你可以呼喚你的神祇引導你的武器攻擊。在本輪你的下一次攻擊時，你的武器在攻擊虛體生物和克服傷害減免時視為魔法武器。除此之外，如果你的攻擊會因為掩蔽效果而承受失手率，你可以重投此失手率檢定以決定你是否確實擊中。	
CATEGORY=FEAT|Winter's Strike.MOD	OUTPUTNAME:嚴冬之擊 Winter's Strike（戰鬥專長）	DESC:.CLEAR	DESC:無情的寒風從你的武器上流出，吸走了敵人身體中的能量。	BENEFIT:.CLEAR	BENEFIT:每天最多相當於你的感知調整值（最小為1）次，每當你發動一次暴擊（或是精通暴擊和高等暴擊）攻擊時，被你擊中的生物必須通過一個強韌檢定（DC=10+你人物等級的一半+你的感知調整值）否則否則將會疲乏相當於你的感知調整值輪（最小1輪）時間，你可以在攻擊命中目標時以一個自由動作發動這個專長的效果，這是一個超自然能力。	
CATEGORY=FEAT|Wounded Paw Gambit.MOD	OUTPUTNAME:折箭傷爪 Wounded Paw Gambit（戰鬥，團隊專長）	DESC:.CLEAR	DESC:你的敵人以為你是一個更易對付的目標，卻忽視了遠處你的盟友正拉弓向他瞄準。	BENEFIT:.CLEAR	BENEFIT:當你發動棄兵斷翼專長的效果並且敵人對你發動攻擊時，你同樣擁有此專長且距離目標30尺內的盟友將可以以一個即時動作對其發動一次遠程攻擊，前提是他持有一件裝填好或者可以投擲的遠程武器。同時擁有本專長和棄兵斷翼專長的盟友也可以轉而使用後者的效果對目標發動藉機攻擊，但無法既發動藉機攻擊也進行本專長提供的遠程攻擊。	
