CATEGORY=FEAT|Additional Traits.MOD	OUTPUTNAME:額外背景（Additional Traits）	DESC:.CLEAR	DESC:你有更多的背景特性。	BENEFIT:.CLEAR	BENEFIT:你獲得兩個自選的角色背景特性。這些背景特性必須從不同的列表中選擇，並且無法使用之前已經選取背景特性的列表。你必須滿足自行選擇的背景特性中，任何額外的先決條件。	
CATEGORY=FEAT|Allied Spellcaster.MOD	OUTPUTNAME:團隊法師（Allied Spellcaster）〔團隊〕	DESC:.CLEAR	DESC:你十分擅長在盟友的幫助下，使用自身的法術突破其他生物的防護。	BENEFIT:.CLEAR	BENEFIT:若你鄰近一名同樣擁有該專長的盟友，那麼你在克服法術抗力的施法者等級檢定中獲得+2表現加值。如果你的盟友準備了相同的法術（或者在盟友為自發施法者的情況下，他的已知法術有這個法術並且還有可用法術位），這個加值會提升至+4，並且在確定所有與CL相關的變量（如持續時間，範圍和效果）時，你的CL獲得+1加值。	
CATEGORY=FEAT|Arcane Blast.MOD	OUTPUTNAME:奧能爆發（Arcane Blast）	DESC:.CLEAR	DESC:你能夠將任何法術轉化成射線攻擊。	BENEFIT:.CLEAR	BENEFIT:以標準動作，你能夠犧牲一個1環或更高環級的已準備法術或者未使用法術位，並將其轉化為射線，以遠程接觸攻擊將30尺內的任意敵人作為目標。這個攻擊造成2d6點傷害，外加每個被犧牲的已準備法術或者未使用法術位環級1d6點傷害。0環法術無法以此方式犧牲。	
CATEGORY=FEAT|Arcane Shield.MOD	OUTPUTNAME:奧能之盾（Arcane Shield）	DESC:.CLEAR	DESC:你能夠將任何法術轉化為護盾。	BENEFIT:.CLEAR	BENEFIT:以直覺動作，你能夠犧牲一個1環或更高環級的已準備法術或者未使用法術位，並將其轉化為AC上的偏斜加值，數值等同於被犧牲的已準備法術或者未使用法術位環級，持續1輪。0環法術無法以此方式犧牲。	
CATEGORY=FEAT|Arcane Talent.MOD	OUTPUTNAME:奧法天賦（Arcane Talent）	DESC:.CLEAR	DESC:魔法流淌在你的血液中，環繞在你的指尖上。	BENEFIT:.CLEAR	BENEFIT:從術士/法師列表中選擇一個0環法術。每日你能夠以類法術能力施放3次該法術。CL等同於你的角色等級。該豁免DC為「10+魅力修正」。	
CATEGORY=FEAT|Aspect of the Beast.MOD	OUTPUTNAME:化獸態（Aspect of the Beast）	DESC:.CLEAR	DESC:無論是由於血液中流淌的魔法還是詛咒，你身上的某些部分更像野獸而非人類。	BENEFIT:.CLEAR	BENEFIT:你的獸性以後述中的一種形式展露出來。當你選擇該專長時從這些形式中進行選擇，一旦選取則無法改變。	
CATEGORY=FEAT|Bashing Finish.MOD	OUTPUTNAME:一擊扑殺（Bashing Finish）〔戰鬥〕	DESC:.CLEAR	DESC:你能夠在用武器進行強有力的攻擊後順勢使用盾牌進行打擊。	BENEFIT:.CLEAR	BENEFIT:每當你成功使用近戰武器進行重擊時，就能夠以自由動作對相同的目標，使用相同的加值對其進行盾擊攻擊。	
CATEGORY=FEAT|Blood of Heroes.MOD	OUTPUTNAME:碧血丹心（Blood of Heroes）	DESC:.CLEAR	DESC:即便天意弄人，你卻一次又一次看清命運向成功前進。	BENEFIT:.CLEAR	BENEFIT:當你升級時獲得2英雄點。	
CATEGORY=FEAT|Bloody Assault.MOD	OUTPUTNAME:血腥強襲（Bloody Assault）〔戰鬥〕	DESC:.CLEAR	DESC:通過犧牲精度，你能夠製造出難於癒合的流血傷口。	BENEFIT:.CLEAR	BENEFIT:你可以選擇讓所有近戰攻擊檢定與戰技檢定承受-5減值，使你的武器近戰攻擊在正常能夠造成的傷害之外，額外造成1d4點流血傷害。受到流血傷害的生物會在其每行動輪開始時持續遭受這一傷害。通過DC15的醫療檢定或者任何魔法治療均可制止流血傷害。由此專長造成的流血傷害不會相互疊加。你必須在進行攻擊檢定之前選擇使用該專長，並且該效果會持續至你的下一輪為止（不過流血會如常持續，直至被治癒為止）。	
CATEGORY=FEAT|Bodyguard.MOD	OUTPUTNAME:保鏢（Bodyguard）〔戰鬥〕	DESC:.CLEAR	DESC:你的快速攻擊能夠格擋開敵人對附近盟友的攻擊。	BENEFIT:.CLEAR	BENEFIT:當鄰近的盟友被攻擊時，你能夠使用藉機攻擊來嘗試進行協助他人動作來增加盟友的AC。你無法以藉機攻擊來使用協助他人動作增加盟友的攻擊檢定。	
CATEGORY=FEAT|Bouncing Spell.MOD	OUTPUTNAME:彈性法術（Bouncing Spell）〔超魔〕	DESC:.CLEAR	DESC:你可以使用本已失敗的法術對抗不同的目標。	BENEFIT:.CLEAR	BENEFIT:當一個彈性法術選定一個目標生物，卻沒有對預期目標產生效果的話（無論是由於法術抗力還是成功的豁免），那麼你能以迅捷動作將法術重定向到法術範圍內的另一個合適生物身上。重定向的法術在所有方面都會將新目標視為最初的目標。能夠以任何方式影響目標的法術（包括成功的豁免後會造成較弱效果的），均無法以此方式重新定向。彈性法術佔用比法術的實際環級高1環的法術位。	
CATEGORY=FEAT|Breadth of Experience.MOD	OUTPUTNAME:生命歷練（Breadth of Experience）	DESC:.CLEAR	DESC:儘管你在同族中還很年輕，卻已經具備了相當程度的訓練與知識。	BENEFIT:.CLEAR	BENEFIT:你的所有知識檢定與專業檢定獲得+2加值，並且可以在未受訓的情況下進行這些檢定。	
CATEGORY=FEAT|Bull Rush Strike.MOD	OUTPUTNAME:衝撞重擊（Bull Rush Strike）〔戰鬥〕	DESC:.CLEAR	DESC:你的重擊能夠推開敵人。	BENEFIT:.CLEAR	BENEFIT:當你的近戰攻擊成功重擊時，除了攻擊正常造成的傷害之外還能夠將敵人推開。如果你的重擊確認檢定超過了敵人的CMD，那麼你能夠將敵人推開，就如同進行了衝撞戰技檢定一般。如果成功，你不需要與目標一同移動。這不會引起藉機攻擊。	
CATEGORY=FEAT|Charge Through.MOD	OUTPUTNAME:闖越衝鋒（Charge Through）〔戰鬥〕	DESC:.CLEAR	DESC:你能夠在衝鋒時進行闖越。	BENEFIT:.CLEAR	BENEFIT:當你進行衝鋒時，可以嘗試以自由動作闖越路徑上的一個生物。如果你成功闖越該名生物，就能夠完成此次衝鋒。如果闖越失敗，則衝鋒會在該名生物面前的空間結束。	
CATEGORY=FEAT|Childlike.MOD	OUTPUTNAME:童顏（Childlike）	DESC:.CLEAR	DESC:你那形似人類孩童的外表讓大家更易於相信你——如果他們沒有識破你的身份的話。	BENEFIT:.CLEAR	BENEFIT:只要你的故事能夠顯得自己是無辜的，就能夠在唬騙檢定中取10，用以讓別人認為你說的是真話。你還在冒充為人類孩童的易容檢定中獲得+2加值，並且忽略在這麼做時，易容為不同種族和不同年齡層的減值。	
CATEGORY=FEAT|Cloud Step.MOD	OUTPUTNAME:梯雲縱（Cloud Step）	DESC:.CLEAR	DESC:你的腳步異常地輕盈。	BENEFIT:.CLEAR	BENEFIT:以移動動作，你能夠如法術『凌空而行（air walk）』一般行走，距離為【輕身墜】的一半，最高為50尺。你必須在你的行動輪結束時到達固體的水平面上，否則將會墜落。	
CATEGORY=FEAT|Cockatrice Strike.MOD	OUTPUTNAME:金蛇封穴（Cockatrice Strike）〔戰鬥〕	DESC:.CLEAR	DESC:你能夠通過一次打擊將血肉化為磐石。	BENEFIT:.CLEAR	BENEFIT:以整輪動作，你能夠進行單次徒手打擊對抗一名暈眩，措手不及，麻痺，恍惚，震懾或者昏迷的敵人。如果此次攻擊造成重擊，而目標也沒有通過DC為「10+1/2你的角色等級+感知修正」的強韌豁免，則會被石化。這是一個超自然的〔變形〕效果。	
CATEGORY=FEAT|Combat Patrol.MOD	OUTPUTNAME:戰鬥戒備（Combat Patrol）〔戰鬥〕	DESC:.CLEAR	DESC:你的觸及範圍貫穿全場，威脅著可能在任何位置出現的敵人。	BENEFIT:.CLEAR	BENEFIT:以整輪動作，你能夠進行戰鬥戒備，每擁有5點BAB，你的威脅範圍就能夠增加5尺。直至你的下一輪開始為止，你能夠對處於威脅範圍內並且引起藉機攻擊的敵人進行藉機攻擊。作為這些攻擊的一部分，你能夠進行移動，只要到你的下一輪開始之前移動的總距離不超過你的速度即可。任何由你進行的移動會如常引起藉機攻擊。	
CATEGORY=FEAT|Cooperative Crafting.MOD	OUTPUTNAME:工藝協作（Cooperative Crafting）	DESC:.CLEAR	DESC:你的協助使得製作物品更為高效。	BENEFIT:.CLEAR	BENEFIT:你能夠協助其他角色製作普通或者魔法物品。你們必須具備相應的工藝技能或者造物專長，不過你們中的一個滿足任何製作物品的其他先決條件即可。你能夠在與製作物品相關的任何工藝檢定或者法術辨識檢定中提供+2環境加值，並且你的協助能夠使每日能夠製作的物品價值加倍。	
CATEGORY=FEAT|Coordinated Defense.MOD	OUTPUTNAME:協調防禦（Coordinated Defense）〔戰鬥，團隊〕	DESC:.CLEAR	DESC:你擅長與盟友協同抵禦絆摔、擒抱以及其他戰技的威脅。	BENEFIT:.CLEAR	BENEFIT:當與你相鄰的盟友也具有該專長時，你的CMD獲得+2表現加值。當嘗試進行戰技的生物比你和你的盟友體型都大時，這個加值提升至+4。	
CATEGORY=FEAT|Coordinated Maneuvers.MOD	OUTPUTNAME:協調戰技（Coordinated Maneuvers）〔戰鬥，團隊〕	DESC:.CLEAR	DESC:你擅長與盟友聯手進行危險的戰技。	BENEFIT:.CLEAR	BENEFIT:當與你相鄰的盟友也具有該專長時，所有戰技檢定獲得+2表現加值。這個加值在擺脫擒抱時提升至+4。	
CATEGORY=FEAT|Cosmopolitan.MOD	OUTPUTNAME:四海為家（Cosmopolitan）	DESC:.CLEAR	DESC:在大型異國城市生活的經歷使得你與許多不同的文明、文化和種族產生了聯繫。	BENEFIT:.CLEAR	BENEFIT:你可以讀寫兩種額外語言，種類自行選擇。此外，選擇兩種基於智力、感知或者魅力的技能。這兩個技能對於你來說視為本職技能。	
CATEGORY=FEAT|Covering Defense.MOD	OUTPUTNAME:掩護（Covering Defense）〔戰鬥〕	DESC:.CLEAR	DESC:你擅長使用盾牌同時保護自己和盟友。	BENEFIT:.CLEAR	BENEFIT:當你在持用輕型盾牌、重型盾牌或者塔盾進行全防禦動作時，能夠為盟友的AC提供掩蔽加值用於對抗所有攻擊，不過這名盟友必須與你相鄰並且體型小於等於你的體型。這個掩蔽加值等同於你的盾牌的盾牌加值，並且持續至你的下一輪開始。你的盾牌不會為反射豁免提供掩蔽加值。	
CATEGORY=FEAT|Crippling Critical.MOD	OUTPUTNAME:致跛重擊（Crippling Critical）〔戰鬥〕	DESC:.CLEAR	DESC:你能夠讓目標殘廢，使其運動受到阻礙。	BENEFIT:.CLEAR	BENEFIT:當你成功對一名敵人造成重擊時，他的速度會減半，持續1分鐘。成功的強韌豁免能夠使持續時間降低至1d4輪。該次豁免的DC等同於「10+你的BAB」。對於擁有多種移動類型的生物，你必須選擇想要影響的移動類型。正在飛行的生物若被此攻擊命中，則必須進行DC為10的飛行檢定以保持滯留在空中，並且它的機動性會下降一級。	
CATEGORY=FEAT|Crossbow Mastery.MOD	OUTPUTNAME:十字弓熟稔（Crossbow Mastery）〔戰鬥〕	DESC:.CLEAR	DESC:你能夠以令人目眩的速度裝填弩弓，甚至可以在近戰中用他們射擊而不必擔心遭到報復。	BENEFIT:.CLEAR	BENEFIT:不論你使用的弩的類型為何種，裝填弩所需要的時間降低為自由動作。你能夠在全力攻擊中使用弩射擊多次，就如同使用弓的時候一般。當你選取「快速裝填」專長時所選擇的那種類型的弩在進行裝填時不會引起藉機攻擊。	
CATEGORY=FEAT|Dastardly Finish.MOD	OUTPUTNAME:慈憫終結（Dastardly Finish）〔戰鬥〕	DESC:.CLEAR	DESC:你能夠趁著敵人虛弱的時候進行致命一擊。	BENEFIT:.CLEAR	BENEFIT:你能夠對畏縮或者震懾的目標進行致命一擊（coup de grace）。	
CATEGORY=FEAT|Dazing Assault.MOD	OUTPUTNAME:暈眩強襲（Dazing Assault）〔戰鬥〕	DESC:.CLEAR	DESC:你那狂野的攻擊能夠使敵人暈眩。	BENEFIT:.CLEAR	BENEFIT:你可以選擇讓所有近戰攻擊檢定與戰技檢定承受-5減值，來使你在近戰攻擊在正常造成傷害之外，使命中的敵人暈眩1輪。成功的強韌豁免可以免受該效果，豁免DC為「10+你的BAB」。你必須在進行攻擊檢定之前選擇是否使用該專長，它的效果會持續至你的下一輪為止。	
CATEGORY=FEAT|Dazing Spell.MOD	OUTPUTNAME:暈眩法術（Dazing Spell）〔超魔〕	DESC:.CLEAR	DESC:你能夠利用法術的力量來使生物暈眩。	BENEFIT:.CLEAR	BENEFIT:你能夠調整法術，使法術傷害的生物處於暈眩狀態。當生物受到該法術的傷害後，會變得暈眩，持續的輪數等同於法術的原始環級。如果法術允許豁免，那麼成功的豁免可以免受暈眩效果。如果法術無需豁免，目標則可以進行一次意志豁免來避免暈眩效果。如果法術效果本身可以使目標暈眩，那麼這個超魔效果的持續時間與法術效果的持續時間疊加。暈眩法術佔用比法術的實際環級高3環的法術位。無法造成傷害的法術無法從該專長獲益。	
CATEGORY=FEAT|Deep Drinker.MOD	OUTPUTNAME:豪飲（Deep Drinker）	DESC:.CLEAR	DESC:你能夠通過飲酒引出更多的真氣。	BENEFIT:.CLEAR	BENEFIT:當你通過【醉酒】職業特性獲得臨時氣池儲量時，你獲得2點氣來取代原本的1點。	
CATEGORY=FEAT|Deepsight.MOD	OUTPUTNAME:增強視覺（Deepsight）	DESC:.CLEAR	DESC:你的感官在完全的黑暗中格外敏銳。	BENEFIT:.CLEAR	BENEFIT:你的黑暗視覺提升至120尺。	
CATEGORY=FEAT|Disarming Strike.MOD	OUTPUTNAME:卸武重擊（Disarming Strike）〔戰鬥〕	DESC:.CLEAR	DESC:你的重擊能夠繳械敵人。	BENEFIT:.CLEAR	BENEFIT:當你的近戰攻擊成功重擊時，除了攻擊正常造成的傷害之外還能夠卸除敵人的武器。如果你的重擊確認檢定超過了敵人的CMD，那麼就能夠將卸除敵人的武器，就如同進行了卸武戰技檢定一般。這不會引起藉機攻擊。	
CATEGORY=FEAT|Disrupting Shot.MOD	OUTPUTNAME:擾亂射擊（Disrupting Shot）〔戰鬥〕	DESC:.CLEAR	DESC:通過準確的射擊，你能夠使近處的敵人更加難以施放法術。	BENEFIT:.CLEAR	BENEFIT:如果你進行準備動作射擊30尺內施法的敵人，並且成功以遠程攻擊命中該名敵人，那麼該名敵人成功施放法術的專注DC提高4點。	
CATEGORY=FEAT|Disruptive Spell.MOD	OUTPUTNAME:擾咒法術（Disruptive Spell）〔超魔〕	DESC:.CLEAR	DESC:你的魔法能量會附著在敵人身上，以此干擾他們施法。	BENEFIT:.CLEAR	BENEFIT:被擾咒法術影響的目標在施法或者使用類法術能力時，必須進行專注檢定（DC等同於「擾咒法術DC+將施放法術環級」），這個效果持續1輪。避免法術效果的目標也會避免該專長的效果。擾咒法術佔用比法術的實際環級高1環的法術位。	
CATEGORY=FEAT|Diviner's Delving.MOD	OUTPUTNAME:揭示預言（Diviner's Delving）	DESC:.CLEAR	DESC:你那敏銳的魔法直覺使你在閱讀跡象、線索和徵兆時更加容易並且更加快捷。	BENEFIT:.CLEAR	BENEFIT:當你施放預言系法術突破法術抗力，或者阻礙預言系法術的效果（比如『迴避偵測（nondetection）』）時，施法者等級檢定獲得+2加值。當你使用需要專注的預言系法術時，你獲得信息的速度比正常快1輪（因此你在專注的第一輪得到原本第二輪獲得的信息，在專注的第二輪獲得第三輪的信息）。	
CATEGORY=FEAT|Dreadful Carnage.MOD	OUTPUTNAME:懼慄屠殺（Dreadful Carnage）〔戰鬥〕	DESC:.CLEAR	DESC:殺死敵人能夠挫敗附近其他敵人的士氣。	BENEFIT:.CLEAR	BENEFIT:當你將一名敵人的HP降至0或更低時，你能夠以自由動作對30尺內的所有敵人進行一次威嚇檢定以挫敗士氣。若敵人無法同時看到你和HP被你降至0或更低的敵人，則不受影響。	
CATEGORY=FEAT|Duck and Cover.MOD	OUTPUTNAME:庇護（Duck and Cover）〔團隊〕	DESC:.CLEAR	DESC:你的盟友能夠幫助你免受一些攻擊。	BENEFIT:.CLEAR	BENEFIT:當與你相鄰的盟友也具有該專長，並且你們兩人都需要進行反射豁免對抗一個法術或效果時，你可以選擇使用你的或者盟友的擲骰結果（無論你選擇哪個結果，你的修正仍舊應用於這個檢定）。如果你使用你的盟友的結果，那麼你會被擊倒（若你已經倒地或者無法被倒地，則會在你的下一輪之前處於恍惚狀態）。此外，只要你的盟友持用盾牌，你的AC在對抗遠程攻擊時就會獲得+2掩蔽加值。	
CATEGORY=FEAT|Eagle Eyes.MOD	OUTPUTNAME:鷹眼（Eagle Eyes）	DESC:.CLEAR	DESC:你的視覺格外敏銳。	BENEFIT:.CLEAR	BENEFIT:在通過視覺進行察覺檢定時，你忽略至多5點距離造成的減值，這使得你比大多數人看得更遠更準確。	
CATEGORY=FEAT|Eclectic.MOD	OUTPUTNAME:兼容並蓄（Eclectic）	DESC:.CLEAR	DESC:天資聰慧的你能夠勝任不同的職業。	BENEFIT:.CLEAR	BENEFIT:選擇一個額外的天賦職業，只要你獲得該職業的等級，就可以獲得+1HP或者+1技能點的天賦職業獎勵。如果你選擇已經擁有等級的職業，那麼這一好處可以向前追溯。	
CATEGORY=FEAT|Ectoplasmic Spell.MOD	OUTPUTNAME:跨界法術（Ectoplasmic Spell）〔超魔〕	DESC:.CLEAR	DESC:你的法術能夠衝破維度的障壁，將鬼魅般的力量投射入虛空。	BENEFIT:.CLEAR	BENEFIT:跨界法術能夠對虛體或者靈界生物造成完整的效果。跨界法術佔用比法術的實際環級高1環的法術位。	
CATEGORY=FEAT|Eldritch Claws.MOD	OUTPUTNAME:奧秘之爪（Eldritch Claws）〔戰鬥〕	DESC:.CLEAR	DESC:誰需要魔法武器？鬼魅的把戲無法阻擋你的獸性之力。	BENEFIT:.CLEAR	BENEFIT:你的天生武器在克服傷害減免時同時被視為魔法和銀。	
CATEGORY=FEAT|Elemental Fist.MOD	OUTPUTNAME:元素之拳（Elemental Fist）〔戰鬥〕	DESC:.CLEAR	DESC:你將元素能量賦到打擊之上。	BENEFIT:.CLEAR	BENEFIT:當你使用元素之拳時需要從後述能量類型中選擇一種：強酸，寒冷，閃電或火焰。若成功命中，此次攻擊造成正常傷害外加1d6點所選元素類型的傷害。你必須在進行攻擊檢定前聲明使用這個專長（因此失敗的攻擊檢定會浪費這次機會）。你每擁有4個等級，每日可以嘗試元素之拳的次數就增加1次（見特殊），每輪嘗試的次數不能超過1次。	
CATEGORY=FEAT|Elemental Focus.MOD	OUTPUTNAME:元素專攻（Elemental Focus）	DESC:.CLEAR	DESC:你所施放的某種元素法術會更加難以抵禦。	BENEFIT:.CLEAR	BENEFIT:選擇一種能量類型（強酸，寒冷，閃電或者火焰）。所有造成此類能量傷害的法術，其豁免DC提高1點。	
CATEGORY=FEAT|Elemental Spell.MOD	OUTPUTNAME:元素法術（Elemental Spell）〔超魔〕	DESC:.CLEAR	DESC:你能夠操縱自身法術的元素性質。	BENEFIT:.CLEAR	BENEFIT:選擇一種能量類型：強酸，寒冷，閃電或火焰。你可以使用這種能量類型替代法術原本正常的傷害；或者分裂法術的傷害，使法術所造成傷害的一半為正常傷害，另一半為你所選擇的傷害類型。元素法術佔用比法術的實際環級高1環的法術位。	
CATEGORY=FEAT|Elven Accuracy.MOD	OUTPUTNAME:精靈之眼（Elven Accuracy）〔戰鬥〕	DESC:.CLEAR	DESC:你那敏銳的視覺使得困難的射擊變得從容。	BENEFIT:.CLEAR	BENEFIT:如果你使用長弓或短弓（包括復合弓）進行遠程攻擊，卻由於隱蔽而失手，那麼你能夠重新投擲一次失手率檢定來看看你是否真的命中。	
CATEGORY=FEAT|Enforcer.MOD	OUTPUTNAME:脅迫者（Enforcer）〔戰鬥〕	DESC:.CLEAR	DESC:你善於在被你傷害的人心中製造恐懼。	BENEFIT:.CLEAR	BENEFIT:每當你使用近戰武器造成非致命傷害，就能夠以自由動作進行一次威嚇檢定，用以挫敗攻擊目標的士氣。若成功，目標會戰慄，持續等同於傷害的輪數。如果你的攻擊是重擊，你的目標會在成功的威嚇檢定後驚懼1輪，除此之外還會在等同於傷害的輪數中戰慄。	
CATEGORY=FEAT|Expanded Arcana.MOD	OUTPUTNAME:奧術拓展（Expanded Arcana）	DESC:.CLEAR	DESC:你的研究使自身展現出新的法術能力。	BENEFIT:.CLEAR	BENEFIT:將一個法術從你的法術列表加到你的已知法術列表中。這個法術不屬於你的職業等級提升時正常獲得的法術。你也可以選擇將兩個法術從你的法術列表加到你的已知法術列表中，但是這兩個法術的等級必須都比你在該職業中最高能夠施放的法術等級低一環。一旦做出這些選擇，就無法變更。	
CATEGORY=FEAT|Extra Bombs.MOD	OUTPUTNAME:額外煉金炸彈（Extra Bombs）	DESC:.CLEAR	DESC:你每天可以多投擲幾個炸彈。	BENEFIT:.CLEAR	BENEFIT:你每天能夠額外投擲2次【煉金炸彈】。	
CATEGORY=FEAT|Extra Discovery.MOD	OUTPUTNAME:額外科研發現（Extra Discovery）	DESC:.CLEAR	DESC:你完成了一種新的煉金科研發現。	BENEFIT:.CLEAR	BENEFIT:你獲得一個【科研發現】。你必須滿足這個科研發現的全部先決條件才能選取。	
CATEGORY=FEAT|Extra Hex.MOD	OUTPUTNAME:額外巫術（Extra Hex）	DESC:.CLEAR	DESC:你學會了一種新的巫術之秘。	BENEFIT:.CLEAR	BENEFIT:你獲得一個【巫術】。你必須滿足這個巫術的全部先決條件才能選取。	
CATEGORY=FEAT|Extra Rage Power.MOD	OUTPUTNAME:額外狂暴之力（Extra Rage Power）	DESC:.CLEAR	DESC:你解鎖了一種狂暴中可以使用的新能力。	BENEFIT:.CLEAR	BENEFIT:你獲得一個【狂暴之力】。你必須滿足這個狂暴之力的全部先決條件才能選取。	
CATEGORY=FEAT|Extra Revelation.MOD	OUTPUTNAME:額外啟示（Extra Revelation）	DESC:.CLEAR	DESC:你領悟了領域中的一種新的表現方式。	BENEFIT:.CLEAR	BENEFIT:你獲得一個【啟示】。你必須滿足這個啟示的全部先決條件才能選取。	
CATEGORY=FEAT|Extra Rogue Talent.MOD	OUTPUTNAME:額外盜賊天賦（Extra Rogue Talent）	DESC:.CLEAR	DESC:通過不斷練習，你習得了一種新的技法。	BENEFIT:.CLEAR	BENEFIT:你獲得一個【盜賊天賦】。你必須滿足這個盜賊天賦的全部先決條件才能選取。	
CATEGORY=FEAT|Fast Drinker.MOD	OUTPUTNAME:快飲（Fast Drinker）	DESC:.CLEAR	DESC:你能夠通過迅速飲用烈酒引出真氣。	BENEFIT:.CLEAR	BENEFIT:飲用烈酒獲得臨時氣池現在消耗迅捷動作，而非原本的標準動作。	
CATEGORY=FEAT|Fast Healer.MOD	OUTPUTNAME:快速自療（Fast Healer）	DESC:.CLEAR	DESC:你能夠從治療中獲得更大的收益，無論它是來自魔法還是自然地傷口癒合。	BENEFIT:.CLEAR	BENEFIT:當你通過休息或者魔法治療恢復HP時，你能夠額外恢復HP，數值等同於你的體質修正的一半（最低+1）。	
CATEGORY=FEAT|Favored Defense.MOD	OUTPUTNAME:防範宿敵（Favored Defense）	DESC:.CLEAR	DESC:在對抗獵物的攻擊時，你的詭計便成為了自身的盾牌。	BENEFIT:.CLEAR	BENEFIT:從你的宿敵中選擇一種。在被此類宿敵攻擊時，你能夠將宿敵加值的一半加到你的CMD上，並且能夠將其作為閃避加值加到AC上。	
CATEGORY=FEAT|Fight On.MOD	OUTPUTNAME:挺住再上（Fight On）	DESC:.CLEAR	DESC:即使在死後，你也能戰鬥。	BENEFIT:.CLEAR	BENEFIT:每日1次，你能夠獲得等同於你的體質修正的臨時HP。你能在HP小於等於0時以直覺動作激活該專長。你能夠使用該專長預防自身陷入瀕死狀態。這些暫時HP持續1分鐘。如果你的HP由於失去這些暫時HP而低於0，那麼你會如常陷入瀕死並失去意識。如果你擁有【兇猛】種族特性，則可以在失去來自該專長的暫時HP時使用它。	
CATEGORY=FEAT|Focused Shot.MOD	OUTPUTNAME:集中射擊（Focused Shot）〔戰鬥〕	DESC:.CLEAR	DESC:對結構的洞悉能夠使你的射擊更加致命。	BENEFIT:.CLEAR	BENEFIT:以標準動作，你能夠使用弓或弩進行一次攻擊，並且將智力修正加到傷害檢定上。你必須距離目標30尺範圍內，才能造成這個額外傷害。免疫重擊與偷襲的生物同樣免疫這個額外傷害。	
CATEGORY=FEAT|Focused Spell.MOD	OUTPUTNAME:集中法術（Focused Spell）〔超魔〕	DESC:.CLEAR	DESC:當你施放影響多名生物的法術時，其中一名敵人會發現自身難以抵禦它的影響。	BENEFIT:.CLEAR	BENEFIT:當你施放一個會影響多個生物的法術時，可以選擇一個目標或者法術效果內的生物。該名生物對抗法術的豁免DC提高2點。你必須在施法之前選擇將法術集中至哪個目標身上。集中法術佔用比法術的實際環級高1環的法術位。無需豁免的法術無法由此專長獲益。	
CATEGORY=FEAT|Following Step.MOD	OUTPUTNAME:咄咄逼人（Following Step）〔戰鬥〕	DESC:.CLEAR	DESC:當敵人試圖從你身邊逃開時，你能夠反覆嘗試跟上他而不會妨礙自身的正常移動。	BENEFIT:.CLEAR	BENEFIT:當你使用「快步跟進」專長跟上鄰近的敵人時，你能夠移動至多10尺。你可以在下一輪內使用五尺快步，並且任何使用此專長進行的移動，均不會扣除你下一輪的移動距離。	
CATEGORY=FEAT|Furious Focus.MOD	OUTPUTNAME:沉著暴怒（Furious Focus）〔戰鬥〕	DESC:.CLEAR	DESC:即使是在激烈的狂怒攻擊中，你仍舊可以專注於眼前的屠殺，使用你那野蠻的攻擊切中要害。	BENEFIT:.CLEAR	BENEFIT:當你持用雙手武器、或者使用雙手持握單手武器並且使用「猛力攻擊」專長時，每輪的第一次攻擊所進行近戰攻擊檢定不會承受猛力攻擊的減值。你仍舊會在其他的攻擊中承受減值，包括藉機攻擊。	
CATEGORY=FEAT|Gang Up.MOD	OUTPUTNAME:一擁而上（Gang Up）〔戰鬥〕	DESC:.CLEAR	DESC:你擅長使用人海戰術。	BENEFIT:.CLEAR	BENEFIT:只要敵人處於至少兩名盟友的威脅範圍內，就視為你在夾擊目標，無論你的具體位置如何。	
CATEGORY=FEAT|Gnome Trickster.MOD	OUTPUTNAME:侏儒戲法（Gnome Trickster）	DESC:.CLEAR	DESC:你的奧術天賦不光體現在幻術方面上。	BENEFIT:.CLEAR	BENEFIT:除了你的正常侏儒類法術能力之外，你還獲得下列類法術能力：每天1次－『法師之手（mage hand）』以及『魔法伎倆（prestidigitation）』。	
CATEGORY=FEAT|Go Unnoticed.MOD	OUTPUTNAME:瞞天過海（Go Unnoticed）	DESC:.CLEAR	DESC:你的較小身形使你能夠快速而巧妙地避開別人的視線。	BENEFIT:.CLEAR	BENEFIT:在戰鬥的第一回合中，在判斷隱匿檢定的使用時，措手不及的敵人被視為還沒有注意到你，這使得你可以在該輪使用隱匿檢定進行躲藏。	
CATEGORY=FEAT|Greater Blind-Fight.MOD	OUTPUTNAME:高等盲斗（Greater Blind-Fight）〔戰鬥〕	DESC:.CLEAR	DESC:你的敵人無法躲藏在你身邊。	BENEFIT:.CLEAR	BENEFIT:你的近戰攻擊忽略低於全隱蔽的失手率，並且對你來說，全隱蔽的敵人被視為只有普通的隱蔽（即20%%%%的失手率而非50%%%%）。你仍舊可以如常重投失手率的百分骰。如果你成功定位隱身或躲藏起來的攻擊者，該名敵人會失去與使用遠程攻擊對你進行攻擊相關的優勢，無論彼此的距離為何。即你的AC不會失去你的敏捷加值，並且攻擊者不會由於隱蔽而獲得通常的+2加值。	
CATEGORY=FEAT|Greater Dirty Trick.MOD	OUTPUTNAME:高等陰招（Greater Dirty Trick）〔戰鬥〕	DESC:.CLEAR	DESC:你的敵人會被你的陰招搞得暈頭轉向。	BENEFIT:.CLEAR	BENEFIT:你所實行的陰招戰技檢定獲得+2加值。這個加值與「精通陰招」提供的加值疊加。每當你成功進行陰招戰技之後，產生的懲罰持續1d4輪，你的攻擊每比目標的CMD高5點，則再多持續1輪。此外，目標移除狀態需要耗費一個標準動作。	
CATEGORY=FEAT|Greater Drag.MOD	OUTPUTNAME:高等拖拽（Greater Drag）〔戰鬥〕	DESC:.CLEAR	DESC:被你拖拽的敵人會失去平衡。	BENEFIT:.CLEAR	BENEFIT:你所實行的拖拽戰技檢定獲得+2加值。這個加值與「精通拖拽」提供的加值疊加。每當你拖拽敵人，他的移動會引起你的盟友的藉機攻擊（但是不包括你）。	
CATEGORY=FEAT|Greater Elemental Focus.MOD	OUTPUTNAME:高等元素專攻（Greater Elemental Focus）	DESC:.CLEAR	DESC:選擇一種已經擁有「元素專攻」專長的能量類型。你所施放的屬於該種能量類型的法術更加難以被抵禦。	BENEFIT:.CLEAR	BENEFIT:造成你所選擇類型的能量傷害的法術，其豁免DC提高1點。這個加值與「元素專攻」專長的加值疊加。	
CATEGORY=FEAT|Greater Reposition.MOD	OUTPUTNAME:高等移位（Greater Reposition）〔戰鬥〕	DESC:.CLEAR	DESC:當你改變敵人的位置時，他們會變得容易遭受你盟友的攻擊。	BENEFIT:.CLEAR	BENEFIT:你所實行的移位戰技檢定獲得+2加值。這個加值與「精通移位」提供的加值疊加。每當你通過移位使敵人移動時，他的移動會引起你的盟友的藉機攻擊（但是不包括你）。	
CATEGORY=FEAT|Greater Shield Specialization.MOD	OUTPUTNAME:高等盾牌專精（Greater Shield Specialization）〔戰鬥〕	DESC:.CLEAR	DESC:你那嫻熟的盾牌技巧，能夠給自己的要害提供絕佳的保護。	BENEFIT:.CLEAR	BENEFIT:選擇一種盾牌類型（小圓盾，輕型盾牌，重型盾牌或塔盾），你需要已經擁有該類盾牌的「盾牌專精」專長。使用被選擇的盾牌時，你的AC在對抗重擊確認檢定時獲得+2加值（這個加值與「盾牌專精」的加值疊加）。此外，每日1次，你能夠使一次重擊失效，傷害替換為正常的傷害檢定。	
CATEGORY=FEAT|Greater Steal.MOD	OUTPUTNAME:高等盜取（Greater Steal）〔戰鬥〕	DESC:.CLEAR	DESC:你懂得在戰鬥中從敵人那裡扒竊道具的敲門。	BENEFIT:.CLEAR	BENEFIT:你所實行的盜取戰技檢定獲得+2加值。這個加值與「精通盜取」提供的加值疊加。如果你成功在戰鬥中從敵人身上盜取一件物品，那麼他直至戰鬥結束或者嘗試使用這件丟失的物品前不會察覺這件事情。	
CATEGORY=FEAT|Groundling.MOD	OUTPUTNAME:地底親和（Groundling）	DESC:.CLEAR	DESC:你能夠與穴居動物交流。	BENEFIT:.CLEAR	BENEFIT:你能夠隨意以類法術能力使用『動物交談』，但是只能用於與穴居動物交流，如囊地鼠（gophers），鼴鼠（moles）等等。每日1次，你能夠正常使用動物交談與任意種類的動物溝通。	
CATEGORY=FEAT|Heroic Defiance.MOD	OUTPUTNAME:英勇氣魄（Heroic Defiance）	DESC:.CLEAR	DESC:在其他人無法承受的時候，只有你頑勇不屈。	BENEFIT:.CLEAR	BENEFIT:每日1次以直覺動作，你能夠推遲一個有害狀態或者苦難（affliction），比如恐慌，麻痺，震懾等等，包括永久和瞬時的狀態。激活這一狀態會將狀態的發作延遲至你的下一輪結束的時刻，在這之後此狀態如常生效。該專長對HP受損或者屬性傷害沒有影響。	
CATEGORY=FEAT|Heroic Recovery.MOD	OUTPUTNAME:英勇自愈（Heroic Recovery）	DESC:.CLEAR	DESC:你能夠擺脫削弱自己的狀態。	BENEFIT:.CLEAR	BENEFIT:每日1次以標準動作，你能夠嘗試針對一個正在影響你，並且需要強韌豁免的有害狀態或者苦難（affliction），進行一次新的豁免。如果對抗苦難的豁免失敗，那麼這不會產生任何效果，但是成功的豁免能夠用於治癒諸如毒素或者疾病的苦難。你無法使用該專長恢復瞬時效果、不允許豁免的效果以及不需要強韌豁免的效果。	
CATEGORY=FEAT|Hero's Fortune.MOD	OUTPUTNAME:洪福齊天（Hero's Fortune）	DESC:.CLEAR	DESC:從開始到現在，你的傳說一直延續著。	BENEFIT:.CLEAR	BENEFIT:你獲得一個英雄點，且最大值為5。	
CATEGORY=FEAT|Improved Blind-Fight.MOD	OUTPUTNAME:精通盲斗（Improved Blind-Fight）〔戰鬥〕	DESC:.CLEAR	DESC:敏銳的感官引導你的手臂指向藏匿的敵人。	BENEFIT:.CLEAR	BENEFIT:你的近戰攻擊忽略低於全隱蔽的失手率。你仍舊可以如常重投全隱蔽帶來的失手率百分骰。如果你成功定位30尺內的隱身或躲藏起來的攻擊者，該名敵人會失去與使用遠程攻擊對你進行攻擊相關的優勢。即你的AC不會失去你的敏捷加值，並且攻擊者不會由於隱蔽而獲得通常的+2加值。	
CATEGORY=FEAT|Improved Dirty Trick.MOD	OUTPUTNAME:精通陰招（Improved Dirty Trick）〔戰鬥〕	DESC:.CLEAR	DESC:你很擅長對敵人耍一些小伎倆。	BENEFIT:.CLEAR	BENEFIT:當你使用陰招戰技時不會引起藉機攻擊。此外，你所實行的陰招戰技檢定獲得+2加值。你還在對抗針對自身的陰招戰技時，CMD獲得+2加值。	
CATEGORY=FEAT|Improved Drag.MOD	OUTPUTNAME:精通拖拽（Improved Drag）〔戰鬥〕	DESC:.CLEAR	DESC:你擅長在戰場中拖拽敵人。	BENEFIT:.CLEAR	BENEFIT:當你使用拖拽戰技時不會引起藉機攻擊。此外，你所實行的拖拽戰技檢定獲得+2加值。你還在對抗針對自身的拖拽戰技時，CMD獲得+2加值。	
CATEGORY=FEAT|Improved Ki Throw.MOD	OUTPUTNAME:精通太極推手（Improved Ki Throw）〔戰鬥〕	DESC:.CLEAR	DESC:敵人在你手中就是活生生的武器。	BENEFIT:.CLEAR	BENEFIT:當你使用「太極推手」專長時，你能夠將你的目標丟至任何處於你威脅範圍的方格內，並且該方格被任何其他生物所佔據。你需要對次要目標進行受到-4減值的衝撞戰技檢定。如果檢定成功，被投擲的生物會倒在次要目標所在的方格，而次要目標會被推開，並且倒在相鄰的方格內。如果檢定失敗，被投擲的生物會倒地，他的位置會與次要目標相鄰並且在你威脅範圍內的最近的方格。如果你投擲的是大型或更大的生物，並擲向含有多個次要目標的區域，那麼對於首個次要目標之外，每個目標都會額外使你的戰技檢定受到-4減值。	
CATEGORY=FEAT|Improved Reposition.MOD	OUTPUTNAME:精通移位（Improved Reposition）〔戰鬥〕	DESC:.CLEAR	DESC:你習得了如何迫使敵人在戰場中移動的技巧。	BENEFIT:.CLEAR	BENEFIT:當你使用移位戰技時不會引起藉機攻擊。此外，你所實行的移位戰技檢定獲得+2加值。你還在對抗針對自身的移位戰技時，CMD獲得+2加值。	
CATEGORY=FEAT|Improved Second Chance.MOD	OUTPUTNAME:精通燕歸來（Improved Second Chance）〔戰鬥〕	DESC:.CLEAR	DESC:你能夠將失手的攻擊變為第二次進攻的機會，而不用放棄剩餘的後招。	BENEFIT:.CLEAR	BENEFIT:當你使用「燕歸來」專長重擲失手攻擊時，你仍舊能夠在該回合進行剩下的攻擊，不過每個攻擊都會受到-5減值。	
CATEGORY=FEAT|Improved Share Spells.MOD	OUTPUTNAME:精通法術共享（Improved Share Spells）	DESC:.CLEAR	DESC:你可以對那些與你有魔法聯繫的生物共享法術。	BENEFIT:.CLEAR	BENEFIT:你對自身施放的任何非立即（non-instantaneous）的法術（並非類法術能力）同樣能夠影響一個與你聯結的生物（比如動物夥伴、幻靈、魔寵或者特殊坐騎）。這些生物必須在施法時與你相距5尺之內才能享受到該效果。法術的持續時間對你和與你聯結生物來說都會減半（比如持續1小時的法術如此施放的話，在你和與你聯結的生物身上都只會存續30分鐘）。該生物離開距你5尺的範圍之外的時候，法術會停止對該生物的影響。即使該生物重新在持續時間內回到範圍之內，也不會重新獲得效果的影響。你能以此方式分享正常情況下無法影響該類生物的法術。該專長只適用於通過職業特性獲得的動物夥伴、幻靈、魔寵或者特殊坐騎。	
CATEGORY=FEAT|Improved Sidestep.MOD	OUTPUTNAME:精通滑步（Improved Sidestep）〔戰鬥〕	DESC:.CLEAR	DESC:你善於避開敵人的近戰攻擊，而這也不會影響你那靈活的動作。	BENEFIT:.CLEAR	BENEFIT:在通過迴避敵人的失手攻擊而使用「滑步」專長後，你仍舊能夠在你的下一輪內使用五尺快步，若你在你的下一輪內進行移動的話也可以全速移動。	
CATEGORY=FEAT|Improved Steal.MOD	OUTPUTNAME:精通盜取（Improved Steal）〔戰鬥〕	DESC:.CLEAR	DESC:你懂得從敵人那裡搶奪物品的訣竅。	BENEFIT:.CLEAR	BENEFIT:當你使用盜取戰技時不會引起藉機攻擊。此外，你所實行的盜取戰技檢定獲得+2加值。你還在對抗針對自身的盜取戰技時，CMD獲得+2加值。	
CATEGORY=FEAT|Improved Stonecunning.MOD	OUTPUTNAME:精通岩石敏銳（Improved Stonecunning）	DESC:.CLEAR	DESC:你對石造物的感知異常敏銳。	BENEFIT:.CLEAR	BENEFIT:當你使用察覺檢定注意到不尋常的石造物時獲得+4加值。這個加值會取代【岩石敏銳】種族特性對察覺檢定的正常加值。	
CATEGORY=FEAT|Intensified Spell.MOD	OUTPUTNAME:強化法術（Intensified Spell）〔超魔〕	DESC:.CLEAR	DESC:你的法術能夠超越通常的制限。	BENEFIT:.CLEAR	BENEFIT:強化法術會使法術的最高傷害骰數增加5個。為了從該專長獲益，你必須擁有足夠的CL來超過最大值。沒有變量的法術不會被影響，不會受CL調整的、造成傷害的法術也不會被該專長影響。強化法術佔用比法術的實際環級高1環的法術位。	
CATEGORY=FEAT|In Harm's Way.MOD	OUTPUTNAME:肉盾（In Harm's Way）〔戰鬥〕	DESC:.CLEAR	DESC:為了保護盟友，你將自身置於危險之中。	BENEFIT:.CLEAR	BENEFIT:當你使用援助他人動作提高相鄰盟友的AC時，你能夠以直覺動作攔截對抗該名盟友的成功攻擊，受到該次攻擊的全部傷害以及任何可能的效果（流血，毒素等等）。一名生物從該專長獲得的好處不能超過每次攻擊一回。【編註：就是說不能由多人同時來為同一人擋刀。】	
CATEGORY=FEAT|Ironguts.MOD	OUTPUTNAME:鐵胃（Ironguts）	DESC:.CLEAR	DESC:你的胃強健如鋼鐵。	BENEFIT:.CLEAR	BENEFIT:在對抗任何會引起反胃或噁心狀態的效果，以及對抗所有攝入類毒素（不包括其他毒素）時，豁免檢定獲得+2種族加值。此外，在使用生存檢定為自身尋找食物時，你獲得+2加值。	
CATEGORY=FEAT|Ironhide.MOD	OUTPUTNAME:鐵皮（Ironhide）	DESC:.CLEAR	DESC:你的皮膚比大部分同類都更加堅韌厚實。	BENEFIT:.CLEAR	BENEFIT:由於你那異常粗糙的皮膚，你獲得+1天生防禦加值。	
CATEGORY=FEAT|Keen Scent.MOD	OUTPUTNAME:靈敏嗅覺（Keen Scent）	DESC:.CLEAR	DESC:你的鼻子就好像野獸一樣靈敏。	BENEFIT:.CLEAR	BENEFIT:你獲得＜靈敏嗅覺＞特殊能力。	
CATEGORY=FEAT|Ki Throw.MOD	OUTPUTNAME:太極推手（Ki Throw）〔戰鬥〕	DESC:.CLEAR	DESC:你的身體控制能力以及對動量的掌握能夠將敵人摔飛出去。	BENEFIT:.CLEAR	BENEFIT:當你成功對目標進行徒手絆摔攻擊，並且目標的體型小於等於你的時候，你能夠讓目標摔倒在任何你正在威脅的方格內，而非他原本佔據的方格。這個移動不會引發藉機攻擊，你也無法將該名生物摔進有其他生物佔據的空間內。	
CATEGORY=FEAT|Leaf Singer.MOD	OUTPUTNAME:綠之歌者（Leaf Singer）	DESC:.CLEAR	DESC:你的歌聲敘述著同族的玄秘。	BENEFIT:.CLEAR	BENEFIT:當你在森林中使用帶有聽覺成分的【吟遊表演】時，那麼你所選擇的吟遊表演的範圍或區域加倍。此外，無論你的吟遊表演在哪裡進行，精類生物在對抗你的吟遊表演時，豁免DC提高2點。	
CATEGORY=FEAT|Light Step.MOD	OUTPUTNAME:一葦渡江（Light Step）	DESC:.CLEAR	DESC:你有獨創的辦法，用於快速通過最危險最不平坦的地形。	BENEFIT:.CLEAR	BENEFIT:你能夠忽略自然環境中，困難地形的效果，就如同它是普通地形一般。	
CATEGORY=FEAT|Lingering Performance.MOD	OUTPUTNAME:餘音繞樑（Lingering Performance）	DESC:.CLEAR	DESC:即使你停止演奏，你的吟遊表演的效果仍舊環繞在周邊。	BENEFIT:.CLEAR	BENEFIT:在你停止表演之後，你的【吟遊表演】帶來的加值與減值仍舊能持續2輪。任何其他先決條件，諸如範圍或者特殊條件，必須仍舊滿足才能讓效果持續下去。如果你在這期間內開始一次新的吟遊表演，前一次表演的效果會立刻終止。	
CATEGORY=FEAT|Lingering Spell.MOD	OUTPUTNAME:延續法術（Lingering Spell）〔超魔〕	DESC:.CLEAR	DESC:你的法術依附於現實，緩慢地在這個世界中腐朽。	BENEFIT:.CLEAR	BENEFIT:你能夠使一個影響一片區域的立即（instantaneous）法術持續至你的下一回合開始為止。那些已經在範圍內的生物不會受到額外傷害，但是其他生物或者物體進入區域後，會遭受法術的效果。帶有視覺表現的延續法術會遮擋視野，在5尺外提供隱蔽（20%%%%失手率），在20尺外提供全隱蔽（50%%%%失手率）。延續法術佔用比法術的實際環級高1環的法術位。	
CATEGORY=FEAT|Lookout.MOD	OUTPUTNAME:警備（Lookout）〔戰鬥，團隊〕	DESC:.CLEAR	DESC:你的盟友能夠幫助你避免被突襲。	BENEFIT:.CLEAR	BENEFIT:若你鄰近一名擁有該專長的盟友，只要他能在突襲輪中行動，你就能在突襲輪中行動。如果你在正常情況下不能在突襲輪中行動，且你的先攻高於該盟友，那麼你的先攻調整為該盟友的先攻-1。如果你與該盟友不需要本專長的幫助都能在突襲輪中行動，那麼你們能各自進行一個標準動作與一個移動動作，或一個整輪動作。	
CATEGORY=FEAT|Low Profile.MOD	OUTPUTNAME:矮身迎敵（Low Profile）〔戰鬥〕	DESC:.CLEAR	DESC:你的較小身軀能夠幫助自身免受遠程攻擊。	BENEFIT:.CLEAR	BENEFIT:在對抗遠程攻擊時，你的AC獲得+1閃避加值。此外，當遠程攻擊通過你的方格時，你不會給其他生物提供軟掩蔽。	
CATEGORY=FEAT|Luck of Heroes.MOD	OUTPUTNAME:好運連連（Luck of Heroes）	DESC:.CLEAR	DESC:與常人不同，你總是好運陪伴。	BENEFIT:.CLEAR	BENEFIT:當你用英雄點【重整旗鼓（Reroll）】或是在檢定前使用【化險為夷（Bonus）】，投一次d20，大於15就能不消耗英雄點。	
CATEGORY=FEAT|Lucky Halfling.MOD	OUTPUTNAME:幸運半身人（Lucky Halfling）	DESC:.CLEAR	DESC:你能夠將好運帶給與你一同旅行的人。	BENEFIT:.CLEAR	BENEFIT:每日1次，當30尺內的一名盟友進行豁免檢定時，你可以進行相同的豁免檢定，就如同你也是一名效果的受術者一般。你可以在盟友進行檢定之後使用該能力，但是需要在GM宣佈檢定結果成功或者失敗之前使用。你的盟友可以選擇使用你的豁免檢定取代自身的。	
CATEGORY=FEAT|Major Spell Expertise.MOD	OUTPUTNAME:高等法術專修（Major Spell Expertise）	DESC:.CLEAR	DESC:你能夠將一個低等級法術作為類法術能力施放。	BENEFIT:.CLEAR	BENEFIT:選擇一個你已知的5環或更低環級的法術。你能夠每日以類法術能力施放該法術2次。而這個法術取自哪個職業的列表，它的CL就等同於你在該職業上的CL。類法術能力的豁免DC基於魅力。如果該法術需要昂貴的材料或法器成分，它就不能被該專長所選取。你不能將超魔專長應用到該法術上。	
CATEGORY=FEAT|Master Alchemist.MOD	OUTPUTNAME:煉金大師（Master Alchemist）	DESC:.CLEAR	DESC:你對煉金術掌握的程度近乎神技。	BENEFIT:.CLEAR	BENEFIT:你的工藝（煉金）檢定獲得+2加值，你能夠以更快的速度製造普通煉金物品。當你製造毒藥時，你能夠同時製作等同於你的智力修正（最低為1）劑毒藥。這些額外的毒藥並不會增加製作所需的時間，但是它們仍舊如常增加材料成本。此外，當你使用工藝（煉金）製作煉金物品或者毒藥時，使用物品的金幣（gp）價值當做銀幣（sp）價值來判斷工作的進程（你不需要將金幣價格乘10來得出銀幣價值，而是直接使用金幣的價值替代）	
CATEGORY=FEAT|Merciful Spell.MOD	OUTPUTNAME:慈憫法術（Merciful Spell）〔超魔〕	DESC:.CLEAR	DESC:你的傷害性法術只會制服敵人，而不會將其殺死。	BENEFIT:.CLEAR	BENEFIT:你能夠調整法術，使其造成非致命傷害。造成特定類型傷害的法術（如火焰）所造成的非致命傷害也屬於相同的類型。慈憫法術不會佔用比法術的實際環級高的法術位。	
CATEGORY=FEAT|Minor Spell Expertise.MOD	OUTPUTNAME:次等法術專修（Minor Spell Expertise）	DESC:.CLEAR	DESC:你能夠以類法術能力施放1級法術。	BENEFIT:.CLEAR	BENEFIT:選擇一個你已知的1環法術。你能夠每日以類法術能力施放該法術2次。而這個法術取自哪個職業的列表，它的CL就等同於你在該職業上的CL。類法術能力的豁免DC基於魅力。如果該法術需要昂貴的材料或法器成分，它就不能被該專長所選取。你不能將超魔專長應用到該法術上。	
CATEGORY=FEAT|Missile Shield.MOD	OUTPUTNAME:盾牌辟矢（Missile Shield）〔戰鬥〕	DESC:.CLEAR	DESC:你擅長使用盾牌偏斜遠程攻擊。	BENEFIT:.CLEAR	BENEFIT:你必須使用輕型盾牌，重型盾牌或者塔盾才能使用該專長。每輪1次，當你將要被遠程武器做出的一次攻擊命中時（不包括法術效果，天生武器或者巨大的遠程武器），可以使其偏斜，讓自身避免該次傷害，就如同你擁有「撥擋飛箭」專長一般。你必須察覺到攻擊，並且不處於措手不及狀態。	
CATEGORY=FEAT|Mounted Shield.MOD	OUTPUTNAME:騎乘盾牌防禦（Mounted Shield）〔戰鬥〕	DESC:.CLEAR	DESC:你的防禦技巧可以同時應用到自身和坐騎上。	BENEFIT:.CLEAR	BENEFIT:你可以將你的基本盾牌加值（包括由盾牌專攻獲得的加值，但是不包括增強加值）加到你的坐騎的AC上。此外，當你使用「騎乘戰鬥」專長，能夠將這個加值加到用於避免你的坐騎受到攻擊的騎術檢定上。	
CATEGORY=FEAT|Mounted Skirmisher.MOD	OUTPUTNAME:騎乘散兵（Mounted Skirmisher）〔戰鬥〕	DESC:.CLEAR	DESC:你擅長在快速移動的馬背上進行攻擊。	BENEFIT:.CLEAR	BENEFIT:如果你的坐騎移動的距離等同於自身速度或更少時，你仍舊可以進行全力攻擊動作。	
CATEGORY=FEAT|Outflank.MOD	OUTPUTNAME:包抄（Outflank）〔戰鬥，團隊〕	DESC:.CLEAR	DESC:在夾擊敵人時你能夠積極尋找任何獲得優勢的契機。	BENEFIT:.CLEAR	BENEFIT:每當你和同樣擁有該專長的一名盟友夾擊相同的生物時，你的攻擊檢定獲得的夾擊加值提升至+4。此外，每當你對夾擊的生物成功進行重擊時，它會引起你的盟友的藉機攻擊。	
CATEGORY=FEAT|Paired Opportunists.MOD	OUTPUTNAME:雙重藉機（Paired Opportunists）〔戰鬥，團隊〕	DESC:.CLEAR	DESC:你明白如何讓敵人為了懈怠的防守而付出代價。	BENEFIT:.CLEAR	BENEFIT:每當你鄰近一名擁有該專長的盟友，那麼在對抗同時處於你們威脅範圍內的生物時，你們的藉機攻擊都會獲得+4環境加值。若敵人處於你的威脅範圍，那麼只要他引起你的盟友的藉機攻擊，就也會引起你的藉機攻擊（即使由於某些能力或者環境，導致正常情況下不會引起你的藉機攻擊）。在對抗一名生物的一次特定動作時，該專長不會允許你獲得超過一次的藉機攻擊機會。	
CATEGORY=FEAT|Parry Spell.MOD	OUTPUTNAME:回擊法術（Parry Spell）	DESC:.CLEAR	DESC:你能夠將敵人的法術反射回它的施法者。	BENEFIT:.CLEAR	BENEFIT:當你成功反製法術時，它會被反轉至其施法者處。該專長與『法術反轉（spell turning）』法術完全一致。	
CATEGORY=FEAT|Parting Shot.MOD	OUTPUTNAME:牽制射擊（Parting Shot）〔戰鬥〕	DESC:.CLEAR	DESC:你是散兵中的能手，無論是在前進還是撤退中都可以將箭雨灑向敵人。	BENEFIT:.CLEAR	BENEFIT:每次遭遇1次，當你使用撤退動作時，你能夠在移動中的任意一點進行單次遠程攻擊。	
CATEGORY=FEAT|Pass For Human.MOD	OUTPUTNAME:人類之證（Pass For Human）	DESC:.CLEAR	DESC:你很容易被誤認為是人類，而非你的同族。	BENEFIT:.CLEAR	BENEFIT:當你把自己偽裝成人類時，你的易容檢定獲得+10加值，並且當你這麼做的時候，易容檢定不會由於將自己易容成其他種族成員而受到減值。在人類所佔比率很高或者人類的社區內，你可以在這個易容檢定中取10，這意味著除非給他們一個理由去進行懷疑，大多數人都傾向於認為你是人類。	
CATEGORY=FEAT|Perfect Strike.MOD	OUTPUTNAME:完美打擊（Perfect Strike）〔戰鬥〕	DESC:.CLEAR	DESC:當你使用武僧武器時，攻擊會變得異常精準。	BENEFIT:.CLEAR	BENEFIT:你必須在進行攻擊檢定之前聲明使用該專長（因此失敗的攻擊檢定會浪費這次機會）。你必須使用後述武器中的一種進行攻擊：單鐮，雙節棍，木棍，十手以及破魔錐。你可以進行兩次攻擊檢定並取較高的結果。如果這些檢定中的一個造成重擊威脅，那麼另一個檢定會被用於重擊確認檢定（如果兩個檢定均造成重擊威脅，則由你進行選擇）。每日你可以嘗試進行「完美打擊」的次數為每4級等級1次（見特殊說明），並且每輪只能進行1次。	
CATEGORY=FEAT|Persistent Spell.MOD	OUTPUTNAME:頑強法術（Persistent Spell）〔超魔〕	DESC:.CLEAR	DESC:你可以調整一個法術，使其更加難以被抵禦。	BENEFIT:.CLEAR	BENEFIT:每當一名生物成為頑強法術的目標或者處於法術範圍內，並且成功豁免該法術，那麼他必須進行另一次豁免檢定對抗法術效果。如果該名生物在第二次豁免中失敗，那麼他會受到法術的全部效果影響，就如同他在第一次豁免中失敗一樣。頑強法術佔用比法術的實際環級高2環的法術位。不需要進行豁免來抵抗或減免效果的法術不會由該專長受益。	
CATEGORY=FEAT|Point Blank Master.MOD	OUTPUTNAME:貼身射擊（Point Blank Master）〔戰鬥〕	DESC:.CLEAR	DESC:你擅長使用遠程武器在極近的距離攻擊。	BENEFIT:.CLEAR	BENEFIT:選擇一類遠程武器。當你使用這類武器在敵人的威脅範圍內進行射擊時不會引起藉機攻擊。	
CATEGORY=FEAT|Practiced Tactician.MOD	OUTPUTNAME:戰術熟練（Practiced Tactician）	DESC:.CLEAR	DESC:通過簡單的手勢與指令，你能夠在戰鬥中指揮他人。	BENEFIT:.CLEAR	BENEFIT:每日你可以額外獲得1次機會使用【戰術】職業特性賦予同伴團隊專長。	
CATEGORY=FEAT|Precise Strike.MOD	OUTPUTNAME:精準打擊（Precise Strike）〔戰鬥，團隊〕	DESC:.CLEAR	DESC:你很擅長進行精確的攻擊，不過前提是敵人的注意力被盟友所分散。	BENEFIT:.CLEAR	BENEFIT:每當你和同樣擁有該專長的一名盟友夾擊相同的生物時，你們的每次成功近戰攻擊能夠額外造成1d6點精準傷害。這個加值與其他來源的精準傷害疊加，比如偷襲。該傷害不會由於重擊而增加。	
CATEGORY=FEAT|Preferred Spell.MOD	OUTPUTNAME:偏好法術（Preferred Spell）	DESC:.CLEAR	DESC:你發現自己很容易施放某個特定的法術。	BENEFIT:.CLEAR	BENEFIT:選擇一個你能夠施放的法術。你能夠通過犧牲一個與其環級相同或者更高環級的準備好的法術或法術位來自發施展它。你能夠在施放它的時候應用你所擁有的任何超魔專長，為了這麼做你需要提高需要犧牲的法術的最低等級，不過這不會增加法術的施放時間。	
CATEGORY=FEAT|Punishing Kick.MOD	OUTPUTNAME:掃堂腿（Punishing Kick）〔戰鬥〕	DESC:.CLEAR	DESC:你的踢腿是如此有力，以至於可以用來踢開或者踢倒敵人。	BENEFIT:.CLEAR	BENEFIT:你必須在進行攻擊檢定之前聲明使用該專長（因此失敗的攻擊檢定會浪費這次機會）。成功命中會正常造成攻擊傷害，並且你能夠選擇將目標推開5尺或者嘗試將他擊倒。如果你選擇推開目標，他會立即遠離你5尺。這個移動不會引發藉機攻擊，並且目標必須在移動結束時處於能夠站立的安全空間。如果你嘗試將目標擊倒，目標需要進行DC為「10+1/2你的角色等級+感知修正」的強韌豁免來避免該效果。每日你可以嘗試進行掃堂腿的次數為每4個等級1次（見特殊說明），並且每輪只能進行1次。	
CATEGORY=FEAT|Pushing Assault.MOD	OUTPUTNAME:推進強襲（Pushing Assault）〔戰鬥〕	DESC:.CLEAR	DESC:你使用雙手武器攻擊能夠將小體型的敵人打退。	BENEFIT:.CLEAR	BENEFIT:當你使用雙手武器進行攻擊不大於你的體型的生物，並且應用了猛力攻擊專長時，你可以選擇將目標推開5尺來替代猛力攻擊帶來的額外傷害。如果你成功造成重擊，則能夠將目標推開10尺。這個移動不會引發藉機攻擊，並且目標必須在移動結束時處於能夠站立的安全空間。你可以在進行攻擊檢定之後選擇產生何種效果，但是必須在進行傷害檢定之前選擇。	
CATEGORY=FEAT|Racial Heritage.MOD	OUTPUTNAME:遠古血脈（Racial Heritage）	DESC:.CLEAR	DESC:除了人類之外，還有其他先祖的血脈在你體內流淌。	BENEFIT:.CLEAR	BENEFIT:選擇一種其他的類人種族。在判斷任何與種族相關的效果時，你被同時時為該種族和人類。例如，如果你選擇矮人，那麼在選擇背景特性，專長，法術與魔法物品對你的作用等等內容時，同時被認為是人類和矮人。	
CATEGORY=FEAT|Raging Vitality.MOD	OUTPUTNAME:狂暴活性（Raging Vitality）	DESC:.CLEAR	DESC:你在狂暴的時候更加有活力。	BENEFIT:.CLEAR	BENEFIT:每當你狂暴的時候，你的體質獲得士氣加值提高2點。你的狂暴並不會在你失去意識時結束。不過當你失去意識時，仍然必須花費每日狂暴輪數。	
CATEGORY=FEAT|Ray Shield.MOD	OUTPUTNAME:盾牌反射（Ray Shield）〔戰鬥〕	DESC:.CLEAR	DESC:你甚至可以使用盾牌偏轉射線。	BENEFIT:.CLEAR	BENEFIT:你必須使用輕型盾牌，重型盾牌或者塔盾才能使用該專長。每輪1次，當你將要被遠程接觸攻擊命中時（包括射線以及類似的魔法效果），你可以使其偏斜，並且不會因其而受到傷害。如果該效果適用的話，你的盾牌會遭受完整的法術或效果的影響。	
CATEGORY=FEAT|Razortusk.MOD	OUTPUTNAME:利牙突變（Razortusk）	DESC:.CLEAR	DESC:你那強有力的下顎和鋼鐵般的牙齒已經足夠致命，可以用來進行嚙咬攻擊。	BENEFIT:.CLEAR	BENEFIT:你可以進行嚙咬攻擊，造成1d4點傷害外加你的力量修正。你被視為擅長這種攻擊，並且能夠將適用於天生武器的效果與專長應用於你的嚙咬攻擊。如果你將其應用於全力攻擊動作的一部分，嚙咬攻擊被視為次要攻擊，並且使用你的完整BAB-5進行攻擊，傷害只增加你的力量修正的一半。	
CATEGORY=FEAT|Reach Spell.MOD	OUTPUTNAME:及遠法術（Reach Spell）〔超魔〕	DESC:.CLEAR	DESC:你的法術射程比正常情況更遠。	BENEFIT:.CLEAR	BENEFIT:你能夠調整範圍為接觸，近距或者中距的法術，使其範圍按照後述次序提升為更遠的類別：接觸，近距，中距和遠距。每提高1級範圍類別，及遠法術就會佔用比法術的實際環級高1環的法術位。比如，將原本範圍為接觸的法術提升至遠距，會佔用比法術的實際環級高3環的法術位。需要近戰接觸攻擊的法術若被本專長所調整，那麼會改為需要遠程接觸攻擊。法術範圍不屬於接觸、近距和中距的法術無法由此專長受益。	
CATEGORY=FEAT|Rending Claws.MOD	OUTPUTNAME:撕扯之爪（Rending Claws）〔戰鬥〕	DESC:.CLEAR	DESC:你的利爪攻擊能夠對敵人造成更高的傷害。	BENEFIT:.CLEAR	BENEFIT:如果你在同一輪內成功使用2爪抓命中一名生物，第二次爪抓攻擊會額外造成1d6點傷害。這個傷害是精準傷害，不會受到重擊的影響。每輪你只能使用該專長1次。	
CATEGORY=FEAT|Repositioning Strike.MOD	OUTPUTNAME:移位重擊（Repositioning Strike）〔戰鬥〕	DESC:.CLEAR	DESC:你的重擊能夠讓你任意挪動敵人。	BENEFIT:.CLEAR	BENEFIT:當你的近戰攻擊成功重擊時，除了攻擊正常造成的傷害之外還能夠移動敵人。如果你的重擊確認檢定超過了敵人的CMD，那麼你能夠將移動敵人，就如同進行了移位戰技檢定一般。這不會引起藉機攻擊。	
CATEGORY=FEAT|Saving Shield.MOD	OUTPUTNAME:盾牌掩護（Saving Shield）〔戰鬥〕	DESC:.CLEAR	DESC:你能夠偏轉可能意味著盟友死亡的攻擊。	BENEFIT:.CLEAR	BENEFIT:當你鄰近的一名盟友成為一次攻擊的目標，你能夠以直覺動作使這位相鄰盟友的AC獲得+2盾牌加值。你必須持用輕型盾牌、重型盾牌或者塔盾才能使用該專長。	
CATEGORY=FEAT|Second Chance.MOD	OUTPUTNAME:燕歸來（Second Chance）〔戰鬥〕	DESC:.CLEAR	DESC:快速的反應能力能夠使失手的攻擊獲得第二次機會。	BENEFIT:.CLEAR	BENEFIT:當你進行全力攻擊時，如果你的第一次攻擊失手，你能夠放棄進行本輪剩下的其他攻擊，來使用你最高的BAB重擲該次攻擊。	
CATEGORY=FEAT|Selective Spell.MOD	OUTPUTNAME:甄選法術（Selective Spell）〔超魔〕	DESC:.CLEAR	DESC:你的盟友不用擔心被誤傷。	BENEFIT:.CLEAR	BENEFIT:當你施放持續時間為立即（instantaneous）並且影響一片區域的甄選法術時，你可以選擇在這片區域中一定數量的目標。目標的數量等同於施法關鍵屬性修正（對於吟遊詩人、先知、聖騎士、術士以及召喚師來說是魅力；對於女巫以及法師來說是智力；對於牧師、德魯伊、審判者和遊俠來說是感知）。這些目標會從你的法術效果中排除出來。甄選法術會佔用比法術的實際環級高1環的法術位。不會影響一片區域的法術不會由此專長獲益。	
CATEGORY=FEAT|Shadow Strike.MOD	OUTPUTNAME:陰影奇襲（Shadow Strike）〔戰鬥〕	DESC:.CLEAR	DESC:你能在看不清的情況下進行精確打擊。	BENEFIT:.CLEAR	BENEFIT:你可以對具有隱蔽的目標造成精準傷害（但是不能是全隱蔽），比如偷襲傷害。	
CATEGORY=FEAT|Shared Insight.MOD	OUTPUTNAME:感官共享（Shared Insight）	DESC:.CLEAR	DESC:你能夠熟練地讓他人注意到你希望他們注意的地方。	BENEFIT:.CLEAR	BENEFIT:以移動動作，你能夠使30尺內並且能夠看到或聽到你的盟友在察覺檢定上獲得+2加值，持續輪數等同於你的感知修正（最低1輪）。	
CATEGORY=FEAT|Sharp Senses.MOD	OUTPUTNAME:精確感官（Sharp Senses）	DESC:.CLEAR	DESC:即使與你的同族相比，你的感官都更為敏銳。	BENEFIT:.CLEAR	BENEFIT:你的察覺檢定獲得+4種族加值。這取代了【敏銳感官】特性的正常加值。	
CATEGORY=FEAT|Shield of Swings.MOD	OUTPUTNAME:劍刃屏障（Shield of Swings）〔戰鬥〕	DESC:.CLEAR	DESC:瘋狂而又狂野的攻擊能夠加強你的防禦。	BENEFIT:.CLEAR	BENEFIT:當你持用雙手武器進行全力攻擊動作時，能夠選擇減少1/2的傷害，來使AC和CMD獲得+4盾牌加值，直至你的下一輪開始為止。傷害減少也會持續至你的下一輪開始。	
CATEGORY=FEAT|Shield Specialization.MOD	OUTPUTNAME:盾牌專精（Shield Specialization）〔戰鬥〕	DESC:.CLEAR	DESC:你已經精通一類盾牌的使用方法。	BENEFIT:.CLEAR	BENEFIT:選擇一種盾牌類型（小圓盾，輕型盾牌，重型盾牌或塔盾）。當使用你所選擇的盾牌時，你的AC在對抗重擊確認檢定時獲得+2加值。此外，你能夠將你的基本盾牌加值（包括由盾牌專攻獲得的加值，但是不包括增強加值）加到你的CMD上。	
CATEGORY=FEAT|Shield Wall.MOD	OUTPUTNAME:盾牆（Shield Wall）〔戰鬥，團隊〕	DESC:.CLEAR	DESC:你與身邊的人形成聯合的防禦。	BENEFIT:.CLEAR	BENEFIT:每當你持用盾牌，鄰近一名擁有該專長且持用盾牌盟友時，你通過盾牌獲得的AC加值會提高，具體取決於你的盟友所持有的盾牌。如果你的盟友持用小圓盾或者輕型盾牌，你的盾牌加值增加1點；如果你的盟友持用重型盾牌或者塔盾，你的盾牌加值增加2點。即使你的盟友由於進行盾擊而失去他的盾牌加值，你也能保有這些加值。如果一名相鄰的盟友擁有該專長，並且使用塔盾來獲得全掩蔽，那麼對於穿過塔盾邊緣並且以你為目標的攻擊，你也獲得全掩蔽的好處。	
CATEGORY=FEAT|Shielded Caster.MOD	OUTPUTNAME:持盾施法（Shielded Caster）〔團隊〕	DESC:.CLEAR	DESC:你的盟友能夠掩護你完成法術。	BENEFIT:.CLEAR	BENEFIT:每當你鄰近一名擁有該專長的盟友，你的專注檢定就會獲得+4表現加值。如果該盟友持用小圓盾或者輕型盾牌，這個加值增加1點；如果你的盟友持用重盾或者塔盾，這個加值增加2點。最後，如果你和你的盟友處在一名敵人的威脅範圍內，並且這名敵人擁有「擾法者」專長或者其他增加專注檢定的DC的能力，那麼這個DC增加量減半。	
CATEGORY=FEAT|Sickening Spell.MOD	OUTPUTNAME:感染法術（Sickening Spell）〔超魔〕	DESC:.CLEAR	DESC:你能夠使用法術讓生物感到噁心。	BENEFIT:.CLEAR	BENEFIT:你能夠調整一個法術，使其能夠讓被法術傷害的生物噁心。當一名生物被這個法術傷害時，他會在等同於法術原始等級的輪數內噁心。如果法術允許豁免，成功的豁免也可以使噁心效果無效。如果法術不允許豁免，那麼目標能夠進行一次強韌豁免來使噁心效果無效。如果法術效果會使生物噁心，那麼超魔效果的持續時間會加到法術的持續時間之上。感染法術佔用比法術的實際環級高2環的法術位。不造成傷害的法術無法由該專長獲益。	
CATEGORY=FEAT|Sidestep.MOD	OUTPUTNAME:滑步（Sidestep）〔戰鬥〕	DESC:.CLEAR	DESC:你能夠在敵人揮空之後重新改變自己的位置。	BENEFIT:.CLEAR	BENEFIT:每當一名敵人對你進行的近戰攻擊失手時，你能夠以直覺動作移動五尺，但是你只能在該名敵人的威脅範圍內移動。這次移動不會引起藉機攻擊。如果你採取這一行動，那麼你無法在下一回合內進行五尺快步。如果你在下一回合進行移動，那麼你的總移動距離減少5尺。	
CATEGORY=FEAT|Smash.MOD	OUTPUTNAME:粉碎擊（Smash）〔戰鬥〕	DESC:.CLEAR	DESC:你能夠通過破壞來掃清障礙物。	BENEFIT:.CLEAR	BENEFIT:當你攻擊一個無生命的無主物體時，你能夠忽略它的前5點硬度。你還在撞門或者破門的時候，力量檢定獲得+5加值。	
CATEGORY=FEAT|Smell Fear.MOD	OUTPUTNAME:恐懼氣味（Smell Fear）	DESC:.CLEAR	DESC:你能夠捕捉到風中飄散的恐懼氣味。	BENEFIT:.CLEAR	BENEFIT:你使用【靈敏嗅覺】來偵測處於戰慄，驚懼以及恐慌狀態的生物時，察覺檢定獲得+4加值。若目標正處於上述狀態中的一種，或者嘗試以某種方式掩蓋他們的恐懼的話，那麼你就能夠使用察覺技能來替代察言觀色技能檢定。	
CATEGORY=FEAT|Sociable.MOD	OUTPUTNAME:社交性（Sociable）	DESC:.CLEAR	DESC:你懂得幫助別人相處的方法。	BENEFIT:.CLEAR	BENEFIT:以移動動作，你能夠使所有30尺範圍內能夠看到或者聽到你（包括你自己）的友善生物，在交涉檢定中獲得+2加值，持續的輪數等同於你的魅力修正（最低1輪）。	
CATEGORY=FEAT|Spell Perfection.MOD	OUTPUTNAME:完全法術（Spell Perfection）	DESC:.CLEAR	DESC:當你施放某個特定法術時，效果拔群。	BENEFIT:.CLEAR	BENEFIT:選擇一個你能夠施放的法術。每當你施放這個法術時，只要法術總的調整等級不會使用超過9環的法術位，你就能夠將一個你擁有的超魔專長應用到這個法術上，而不會改變它的環級和施放時間。此外，如果你擁有其他專長，這些專長的效果允許你將一些數據加值應用到法術的任意方面（比如「法術專攻」，「法術穿透」，「武器專攻（射線）」等等），那麼當應用於這個法術時，這些專長帶來的加值加倍。	
CATEGORY=FEAT|Spider Step.MOD	OUTPUTNAME:壁虎游牆（Spider Step）	DESC:.CLEAR	DESC:你對身體的掌控力使得你獲得了難以置信的身法。	BENEFIT:.CLEAR	BENEFIT:以移動動作，你能夠在牆壁、天花板、繩子、樹枝、甚至是水面或者其他無法支撐你重量的表面上移動，距離至多為【輕身墜】距離的一半。在你的行動輪結束時，你必須到達堅實的水平表面上，否則將會跌落。	
CATEGORY=FEAT|Stabbing Shot.MOD	OUTPUTNAME:迫退射擊（Stabbing Shot）〔戰鬥〕	DESC:.CLEAR	DESC:你能夠清除阻礙之後繼續使用弓箭射擊。	BENEFIT:.CLEAR	BENEFIT:當你與一名敵人相鄰，並且使用長弓或短弓（包括復合弓）進行全力攻擊動作時，你可以選擇拔出一根箭矢來對其進行近戰攻擊，而不是向他射擊。如果攻擊命中——無論是否造成傷害——你的目標都會被向著遠離你的方向推開5尺。你能夠在之後如常使用你的弓進行射擊，對抗原本的目標，或者其他在射程內的目標。這次近戰攻擊會取代「快速射擊」專長帶來的額外攻擊，並且該輪的所有攻擊檢定（近戰攻擊與遠程攻擊）都會受到-2減值。如果你的最初攻擊能夠使你不再處於任何敵人的威脅範圍內，你就能夠進行後續的遠程攻擊而不會引起藉機攻擊。	
CATEGORY=FEAT|Steel Soul.MOD	OUTPUTNAME:鋼鐵之魂（Steel Soul）	DESC:.CLEAR	DESC:你抵禦魔法的能力很強。	BENEFIT:.CLEAR	BENEFIT:在對抗法術以及類法術能力時，你的豁免獲得+4種族加值。這取代了矮人的【堅韌】種族特性的正常加值。	
CATEGORY=FEAT|Step Up and Strike.MOD	OUTPUTNAME:飛步進擊（Step Up and Strike）〔戰鬥〕	DESC:.CLEAR	DESC:當地人試圖移開的時候，你能夠追上他並且進行一次攻擊。	BENEFIT:.CLEAR	BENEFIT:當你使用「咄咄逼人」或者「快步跟進」專長跟隨鄰近的敵人時，你還能以最高的BAB進行單次近戰攻擊對抗該名敵人。這個攻擊被計為你在該輪的一次藉機攻擊。使用本專長不計入正常每輪能夠進行的動作數量。	
CATEGORY=FEAT|Stone-Faced.MOD	OUTPUTNAME:岩石面容（Stone-Faced）	DESC:.CLEAR	DESC:岩石的裂紋都比你的表情豐富。	BENEFIT:.CLEAR	BENEFIT:當你說謊或者隱藏你的情感或真正的動機時，唬騙檢定獲得+4加值，但是這個加值無法用於在戰鬥中進行虛招或者傳遞密語。此外，使用察言觀色檢定獲取關於你的直覺的DC為25，而非20。	
CATEGORY=FEAT|Stone Sense.MOD	OUTPUTNAME:岩石感官（Stone Sense）	DESC:.CLEAR	DESC:你可以感覺到周圍的泥土與岩石的運動。	BENEFIT:.CLEAR	BENEFIT:你獲得10尺範圍的＜顫動感知＞。	
CATEGORY=FEAT|Stone Singer.MOD	OUTPUTNAME:巖之歌者（Stone Singer）	DESC:.CLEAR	DESC:你的歌聲與自己的人民的行為方式和諧一致。	BENEFIT:.CLEAR	BENEFIT:當你在地下使用帶有聽覺成分的吟遊表演時，那麼你所選擇的吟遊表演的範圍或區域加倍，並且你可以影響處於新範圍內，耳聾但是擁有顫動感知的生物。此外，無論你的吟遊表演在哪裡進行，土系亞種的生物在對抗你的吟遊表演時，豁免DC提高2點。	
CATEGORY=FEAT|Stunning Assault.MOD	OUTPUTNAME:震懾強襲（Stunning Assault）〔戰鬥〕	DESC:.CLEAR	DESC:你那強大卻又不太精準的攻擊能夠震懾你的敵人。	BENEFIT:.CLEAR	BENEFIT:你可以選擇所有攻擊檢定與戰技檢定受到-5減值，來使得你的近戰攻擊命中的目標震懾1輪。成功的強韌豁免能夠避免該效果，豁免DC為「10+你的BAB」。你必須在進行攻擊檢定之前選擇使用這個專長，並且它的效果會持續至你的下一輪為止。	
CATEGORY=FEAT|Summoner's Call.MOD	OUTPUTNAME:召喚師呼喚（Summoner's Call）	DESC:.CLEAR	DESC:每當你召喚自己的幻靈，它會在短時間內變得更為強大。	BENEFIT:.CLEAR	BENEFIT:每當你召喚你的幻靈，你能夠使其的力量，敏捷或者體質獲得+2增強加值。這個加值會在召喚儀式完成後持續10分鐘。	
CATEGORY=FEAT|Sundering Strike.MOD	OUTPUTNAME:破武重擊（Sundering Strike）〔戰鬥〕	DESC:.CLEAR	DESC:你的重擊能夠擊破敵人的武器。	BENEFIT:.CLEAR	BENEFIT:當你的近戰攻擊成功重擊時，除了攻擊正常造成的傷害之外還能夠擊破敵人的武器。如果你的重擊確認檢定超過了敵人的CMD，那麼你能夠擊破敵人的武器，就如同進行了破武戰技檢定一般（單獨對武器進行正常的傷害檢定）。這不會引起藉機攻擊。	
CATEGORY=FEAT|Swap Places.MOD	OUTPUTNAME:換位（Swap Places）〔戰鬥，團隊〕	DESC:.CLEAR	DESC:你很擅長與盟友在混亂的近戰格鬥中交換位置。	BENEFIT:.CLEAR	BENEFIT:每當你鄰近一名擁有該專長的盟友，你就能夠將移入盟友所在的方格作為正常移動的一部分進行。與此同時，你的盟友會以直覺動作移入你原本的空間。你們兩人必須都是自願這麼做，並且能夠利用該專長進行移動。你的盟友必須與你體型相同才能利用該專長。你的盟友不會因這次移動而引起藉機攻擊，但是你會如常引發。這個移動不會計算入盟友的下一輪總移動距離內。	
CATEGORY=FEAT|Swift Aid.MOD	OUTPUTNAME:迅捷協助（Swift Aid）〔戰鬥〕	DESC:.CLEAR	DESC:通過迅捷卻又無害的一擊，你能夠對盟友的攻擊進行協助。	BENEFIT:.CLEAR	BENEFIT:以迅捷動作，你能夠嘗試進行協助他人動作，使你的盟友的下一次攻擊檢定獲得+1加值，或者是他的AC獲得+1加值。	
CATEGORY=FEAT|Taunt.MOD	OUTPUTNAME:毒舌諷刺（Taunt）	DESC:.CLEAR	DESC:你可能塊頭小，但是你的話語會讓敵人威嚴掃地。	BENEFIT:.CLEAR	BENEFIT:你能夠使用唬騙檢定取代威嚇檢定來挫敗敵人的士氣（見威嚇技能的詳述），並且不會因為體型小於你的目標而受到技能減值。	
CATEGORY=FEAT|Team Up.MOD	OUTPUTNAME:團隊進擊（Team Up）〔戰鬥〕	DESC:.CLEAR	DESC:當你們聯合起來對抗一名敵人時，你能夠以快速的假動作幫助盟友。	BENEFIT:.CLEAR	BENEFIT:當你與至少兩名盟友同時接臨同一名敵人時，你能以移動動作嘗試使用協助他人動作。	
CATEGORY=FEAT|Teleport Tactician.MOD	OUTPUTNAME:傳送抗擊（Teleport Tactician）〔戰鬥〕	DESC:.CLEAR	DESC:你高度警惕那些使用傳送來靠近或逃離你的敵人。	BENEFIT:.CLEAR	BENEFIT:任何使用傳送效果進入或離開你所威脅的方格時，會引起你的藉機攻擊，即使他進行防禦式施法或者使用超自然能力也一樣。	
CATEGORY=FEAT|Tenacious Transmutation.MOD	OUTPUTNAME:強固變化（Tenacious Transmutation）	DESC:.CLEAR	DESC:你對變化類魔法的精研是的你的變化系法術更為持久。	BENEFIT:.CLEAR	BENEFIT:解除或移除你的變化系效果的施法者等級檢定DC提高2點；即使法術被取消，它的效果也會在消散之前額外存留1輪。	
CATEGORY=FEAT|Thundering Spell.MOD	OUTPUTNAME:暴雷法術（Thundering Spell）〔超魔〕	DESC:.CLEAR	DESC:你可以將轟鳴的雷聲與可怕的尖叫聲混入法術之中，使那些被法術傷害的生物耳聾。	BENEFIT:.CLEAR	BENEFIT:你能夠調整一個法術，使其能夠讓被法術傷害的生物耳聾。當一名生物被這個法術傷害時，他會在等同於法術原始等級的輪數內耳聾。如果法術允許豁免，成功的豁免也可以使耳聾效果無效。如果法術不允許豁免，那麼目標能夠進行一次強韌豁免來使耳聾效果無效。如果法術效果會使生物耳聾，那麼超魔效果的持續時間會加到法術的持續時間之上。暴雷法術佔用比法術的實際環級高2環的法術位。不造成傷害的法術無法由該專長獲益。	
CATEGORY=FEAT|Touch of Serenity.MOD	OUTPUTNAME:點血截脈（Touch of Serenity）〔戰鬥〕	DESC:.CLEAR	DESC:通過簡單的觸摸，你甚至能夠讓最野蠻的敵人放棄攻擊。	BENEFIT:.CLEAR	BENEFIT:你必須在進行攻擊檢定之前聲明使用該專長（因此失敗的攻擊檢定會浪費這次機會）。成功命中的攻擊不會造成傷害，也不會賦予其他效果或狀態，但是目標若在意志豁免中失敗，就會在1輪內無法施法與攻擊（包括藉機攻擊與直覺動作的攻擊），豁免DC為「10+1/2你的角色等級+感知修正」。每日你可以嘗試進行「點血截脈」的次數為每4個等級1次（見特殊），並且每輪只能進行1次。	
CATEGORY=FEAT|Trick Riding.MOD	OUTPUTNAME:騎乘技巧（Trick Riding）〔戰鬥〕	DESC:.CLEAR	DESC:你不僅僅善於在戰鬥中控制馬匹；甚至將其看起來就像一種藝術。	BENEFIT:.CLEAR	BENEFIT:當你身著輕甲或不穿甲時，就不需要為了進行騎術技能中列出的任何DC為15或更低的項目而進行技能檢定。當你騎乘無馬鞍的坐騎時，騎術檢定不會受到-5減值。你可以每輪使用「騎乘戰鬥」專長進行檢定、忽略2次對你的坐騎的攻擊而非原本的1次。	
CATEGORY=FEAT|Tripping Strike.MOD	OUTPUTNAME:絆摔重擊（Tripping Strike）〔戰鬥〕	DESC:.CLEAR	DESC:你的重擊中所蘊含的力量能夠將敵人擊倒在地。	BENEFIT:.CLEAR	BENEFIT:當你的近戰攻擊成功重擊時，除了攻擊正常造成的傷害之外還能夠絆摔敵人。如果你的重擊確認檢定超過了敵人的CMD，那麼你能夠將敵人摔倒，就如同進行了絆摔戰技檢定一般。這不會引起藉機攻擊。如果你在自身的絆摔嘗試中被絆摔，你能夠放開武器來避免被絆摔。	
CATEGORY=FEAT|Under and Over.MOD	OUTPUTNAME:過猶不及（Under and Over）〔戰鬥〕	DESC:.CLEAR	DESC:你可以從嘗試抓你的敵人身旁滑過，讓他摔個趔趄。	BENEFIT:.CLEAR	BENEFIT:如果一個比你大的敵人嘗試擒抱你卻失敗了，你能以直覺動作對該名目標進行絆摔攻擊，並且在這次攻擊中獲得+2加值。這不會引發藉機攻擊。	
CATEGORY=FEAT|Underfoot.MOD	OUTPUTNAME:鑽胯而過（Underfoot）〔戰鬥〕	DESC:.CLEAR	DESC:你可以在敵人的身體下方和周圍騰挪翻轉。	BENEFIT:.CLEAR	BENEFIT:只要敵人的體型比你大，那麼當你進行嘗試穿過這些敵人而不受藉機攻擊的特技檢定時，檢定獲得+4閃避加值。此外，當你在比你體型更大的敵人的威脅範圍內移動，你的AC在對抗由此動作引起的藉機攻擊時獲得+2閃避加值（這個加值與靈活移動提供的+4加值疊加，總計為+6）。	
CATEGORY=FEAT|VerminHeart.MOD	OUTPUTNAME:毒蟲之心（VerminHeart）	DESC:.CLEAR	DESC:你與那些蠕動、爬行、飛掠和蜇人的東西有著特殊的聯繫。	BENEFIT:.CLEAR	BENEFIT:你能以蟲類生物為目標，施放那些只影響動物的法術和特殊能力（它們仍舊受到以蟲類為目標的法術影響）。你可以使用【野性認同】改善蟲類的態度，就如同你影響動物一般。	
CATEGORY=FEAT|War Singer.MOD	OUTPUTNAME:戰之歌者（War Singer）	DESC:.CLEAR	DESC:你的歌聲使用野蠻和殘暴的方式呼喚你的人民，激勵著周圍的人，使他們的暴力程度達到新的高度。	BENEFIT:.CLEAR	BENEFIT:當你在戰場（任何超過10個人進行戰鬥的場所）中使用帶有聽覺成分的【吟遊表演】時，那麼你所選擇的吟遊表演的範圍或區域加倍。此外，無論你的吟遊表演在哪裡進行，獸人亞種的生物在對抗你的吟遊表演時，豁免DC提高2點。	
CATEGORY=FEAT|Well-Prepared.MOD	OUTPUTNAME:百寶袋（Well-Prepared）	DESC:.CLEAR	DESC:不知為何，你似乎總是有趁手的工具或者糧食儲備在手邊。	BENEFIT:.CLEAR	BENEFIT:每日1次，當你面對的情況需要某種普通的裝備物品時，你可以進行一次DC為「10+物品的金幣價值」的巧手檢定，來「碰巧」從你的個人物品中取得這件道具。比如，拿出撬棍的DC為12，而拿出一瓶強酸的DC為20。這件物品必須是某種易於你攜帶的道具——比如，如果你徒步行走並且只有一個背包，那麼你不能掏出一口大鐵鍋。你不能使用該專長獲得魔法物品，也不能獲得某種特殊物品，比如某一扇門的鑰匙。如果你脫光裝備或者個人物品，那麼你會失去該專長的好處，直至你再次擁有這些物品至少1天為止，來使你獲得補給，用於「獲取」新的道具。你必須如常支付這些物品的價值。	
