CATEGORY=FEAT|Brewmaster.MOD	OUTPUTNAME:釀造大師（Brewmaster）	DESC:.CLEAR	DESC:你能夠釀造烈酒。	BENEFIT:.CLEAR	BENEFIT:你在工藝（煉金）檢定以及專業（釀造）檢定上獲得+2加值，同時所有你製作的毒素的豁免DC均會增加1點。	
CATEGORY=FEAT|Cleave Through.MOD	OUTPUTNAME:快步順勢斬（Cleave Through）〔戰鬥〕	DESC:.CLEAR	DESC:你那猛烈的揮砍能夠傷到更多敵人。	BENEFIT:.CLEAR	BENEFIT:當你使用「順勢斬」或者「大順勢斬」時，如果初次攻擊命中，你能夠在進行額外攻擊之前以自由動作進行1次五尺快步。如果在如此移動之後有生物在你的威脅範圍之內，只要符合所有其他先決條件，該生物就成為你的順勢斬額外攻擊的適用目標。	
CATEGORY=FEAT|Cloven Helm.MOD	OUTPUTNAME:爆盔護體（Cloven Helm）〔戰鬥〕	DESC:.CLEAR	DESC:你的頭盔能卸除致命的打擊。	BENEFIT:.CLEAR	BENEFIT:當你佩戴頭盔時，你的AC在對抗重擊確認檢定時獲得+1加值；該加值與「裂盔護體」專長疊加。當你使用「裂盔護體」偏轉重擊時，你能夠在自身受到傷害前，將重擊造成的所有傷害轉移至頭盔上。如果你沒有受到傷害，那麼任何額外效果——比如重擊專長或毒素——均不會生效。	
CATEGORY=FEAT|Dented Helm.MOD	OUTPUTNAME:裂盔護體（Dented Helm）〔戰鬥〕	DESC:.CLEAR	DESC:你的頭盔保護你免受重擊。	BENEFIT:.CLEAR	BENEFIT:當你佩戴頭盔時，你的AC在對抗重擊確認檢定時獲得+1加值。當你受到重擊並已確認時，以一個直覺動作，你能夠將該次傷害的一半轉由頭盔承擔，而非你本人，頭盔的硬度如常作用。如果傷害足以毀壞你的頭盔，任何超出的傷害將由你承擔。在使用該專長之後，在你的下回合結束之前都將處於恍惚狀態。你無法在頭盔處於破損狀態或者承受忽略AC上的護甲加值的攻擊時使用該專長。	
CATEGORY=FEAT|Giant Killer.MOD	OUTPUTNAME:巨人殺手（Giant Killer）〔戰鬥〕	DESC:.CLEAR	DESC:你如風般的劈砍威脅著巨人以及其他體型巨大的敵人。	BENEFIT:.CLEAR	BENEFIT:該專長如同「地精切裂者」一般作用，但是你的額外攻擊能夠用於攻擊比你體型大一級或更小的生物。此外，當你用這些攻擊對抗類人生物（巨人）時，攻擊檢定獲得+2環境加值。	
CATEGORY=FEAT|Goblin Cleaver.MOD	OUTPUTNAME:地精切裂者（Goblin Cleaver）〔戰鬥〕	DESC:.CLEAR	DESC:你能夠兇猛地劈開較小的敵人。	BENEFIT:.CLEAR	BENEFIT:當你使用「順勢斬」或者「大順勢斬」時，如果初次攻擊命中，那麼你能夠對處於你威脅範圍內所有體型小於你的生物進行額外攻擊；你的目標不需要彼此相鄰。你對類人生物（地精）進行的額外攻擊會在攻擊檢定上獲得+2環境加值。	
CATEGORY=FEAT|Hard-Headed.MOD	OUTPUTNAME:鐵頭（Hard-Headed）〔戰鬥〕	DESC:.CLEAR	DESC:你堅固的頭部基本就是一件武器。	BENEFIT:.CLEAR	BENEFIT:你使用頭盔進行攻擊或使用戰技時，攻擊檢定以及戰技檢定獲得+1加值。當你對抗那些使你震懾或恍惚的法術或類法術能力時，豁免檢定獲得+2加值。	
CATEGORY=FEAT|Ledge Walker.MOD	OUTPUTNAME:巖架行者（Ledge Walker）	DESC:.CLEAR	DESC:你跨越巖架的動作如同山羊一般靈活。	BENEFIT:.CLEAR	BENEFIT:你能夠在使用特技檢定在狹窄表面的保持平衡時全速移動，同時你能夠在使用攀爬檢定在墜落中抓住同伴、或者自己抓住支撐物時獲得+4加值。此外你在對抗那些使你易於跌掉的效果時（比如『地震術』），豁免檢定獲得+4加值。這些加值不適用於對抗衝撞以及絆摔攻擊時的CMD。	
CATEGORY=FEAT|Orc Hewer.MOD	OUTPUTNAME:獸人屠戮者（Orc Hewer）〔戰鬥〕	DESC:.CLEAR	DESC:你兇猛地砍殺敵人，尤其愛砍獸人。	BENEFIT:.CLEAR	BENEFIT:該專長如同「地精切裂者」一般作用，但是你的額外攻擊能夠用於攻擊與你體型相同或更小的生物。此外，當你用這些攻擊對抗類人生物（獸人）時，攻擊檢定獲得+2環境加值。	
CATEGORY=FEAT|Shatterspell.MOD	OUTPUTNAME:碎法（Shatterspell）〔戰鬥〕	DESC:.CLEAR	DESC:你那強有力的打擊能夠粉碎敵人的魔法。	BENEFIT:.CLEAR	BENEFIT:以一個標準動作，你能夠如同擁有【破甲祛法】狂暴之力一般嘗試移除持續性法術效果。你每天能夠使用該專長1次，在你達到BAB+10之後，BAB每提高5點就能獲得1次額外的每日使用次數。	
CATEGORY=FEAT|Toxic Recovery.MOD	OUTPUTNAME:強韌自愈（Toxic Recovery）	DESC:.CLEAR	DESC:你身體中的恢復系統能夠以驚人的速度消除毒素帶來的效果。	BENEFIT:.CLEAR	BENEFIT:每當你成功豁免毒素，你恢復1點由毒素造成的屬性傷害。無論你通過魔法還是自然治癒1點屬性傷害，你能夠額外恢復1點屬性傷害。該專長對屬性減值以及屬性吸取沒有效果。	
CATEGORY=FEAT|Attuned to the Wild.MOD	OUTPUTNAME:荒野適應力（Attuned to the Wild）	DESC:.CLEAR	DESC:你與某種荒野地形有著強烈的神秘紐帶。	BENEFIT:.CLEAR	BENEFIT:從遊俠的偏好地形職業能力中選擇一類地形（都市除外）。每當你處於所選的地形中時，你的自然恢復速度（通過整晚的休息所恢復的HP以及屬性傷害）翻倍。	
CATEGORY=FEAT|Elven Battle Training.MOD	OUTPUTNAME:精靈戰鬥訓練（Elven Battle Training）〔戰鬥〕	DESC:.CLEAR	DESC:你受過運用各種傳統精靈武器的訓練。	BENEFIT:.CLEAR	BENEFIT:你受過使用精靈傳統武器（長弓，復合長弓，長劍，細劍，短弓，復合短弓以及任何冠以「精靈」之名的武器）的特殊訓練。當你對抗針對這些武器的卸武以及破武戰技時，你的CMD獲得+2加值。此外如果你持用上述近戰武器，每輪能夠額外進行1次藉機攻擊（與「戰鬥反射」專長疊加）。	
CATEGORY=FEAT|Guardian of the Wild.MOD	OUTPUTNAME:荒野守衛（Guardian of the Wild）	DESC:.CLEAR	DESC:你與荒野的神秘聯繫提高了你對威脅的反應力。	BENEFIT:.CLEAR	BENEFIT:當你處於荒野適應力專長中選擇的地形時，你的AC獲得+2閃避加值。如果你所在的區域可以視作多種地形，這些加值不會疊加；你只能從一種地形中獲得該加值。	
CATEGORY=FEAT|Mage of the Wild.MOD	OUTPUTNAME:荒野術者（Mage of the Wild）	DESC:.CLEAR	DESC:你與荒野的神秘聯繫增強了你的施法能力。	BENEFIT:.CLEAR	BENEFIT:當你處於荒野適應力專長中選擇的地形時，你的施法者等級檢定，專注檢定，知識（奧秘）以及法術辨識檢定獲得+2加值。如果你所在的區域可以視作多種地形，這些加值不會疊加；你只能從一種地形中獲得該加值。	
CATEGORY=FEAT|Spirit of the Wild.MOD	OUTPUTNAME:荒野精魂（Spirit of the Wild）	DESC:.CLEAR	DESC:你與某種荒野地形的神秘聯繫變得更加強烈。	BENEFIT:.CLEAR	BENEFIT:當你處於荒野適應力專長中選擇的地形時，你在避免被突襲的察覺檢定上獲得+4加值。如果你能夠在突襲輪行動，那麼你在突襲輪中獲得30尺盲感。如果你所在的區域可以視作多種地形，這些加值不會疊加；你只能從一種地形中獲得該加值。	
CATEGORY=FEAT|Casual Illusionist.MOD	OUTPUTNAME:隨手幻術師（Casual Illusionist）	DESC:.CLEAR	DESC:你能夠使用內在的魔力創造出簡單的幻術，輔助你進行詐欺或詭計。	BENEFIT:.CLEAR	BENEFIT:只要你至少還有一個從侏儒魔法種族特性中獲得的類法術能力沒有使用，那麼你的唬騙、交涉以及巧手檢定獲得+2種族加值。10級起，這些加值提升至+4。	
CATEGORY=FEAT|Expanded Resistance.MOD	OUTPUTNAME:擴展抗性（Expanded Resistance）	DESC:.CLEAR	DESC:你將自身對魔法的天然抗性擴展至其他不同種類的法術上。	BENEFIT:.CLEAR	BENEFIT:選擇除幻術學派之外的任意一種學派。你在豁免該類學派的法術或效果時獲得+2種族加值。	
CATEGORY=FEAT|Gnome Weapon Focus.MOD	OUTPUTNAME:侏儒武器專攻（Gnome Weapon Focus）〔戰鬥〕	DESC:.CLEAR	DESC:你對傳統侏儒武器進行的延伸訓練給予你優勢。	BENEFIT:.CLEAR	BENEFIT:在使用侏儒武器（任何冠以「侏儒」之名的武器）時，你的攻擊檢定獲得+1加值。	
CATEGORY=FEAT|Great Hatred.MOD	OUTPUTNAME:強烈仇恨（Great Hatred）〔戰鬥〕	DESC:.CLEAR	DESC:你的怒火劇烈燃燒著。	BENEFIT:.CLEAR	BENEFIT:在對抗你的仇恨種族特性中的種族時，你的近戰與投擲攻擊檢定獲得額外+1加值。	
CATEGORY=FEAT|Vast Hatred.MOD	OUTPUTNAME:劇烈仇恨（Vast Hatred）〔戰鬥〕	DESC:.CLEAR	DESC:你的怒火已經超越了正常的界限。	BENEFIT:.CLEAR	BENEFIT:從遊俠的宿敵職業能力列表中選擇兩種生物類型（或者適當的子類）。你的仇恨種族特性獲得的加值同樣適用於你所選類型（或子類）的生物。	
CATEGORY=FEAT|Discerning Eye.MOD	OUTPUTNAME:洞察之眼（Discerning Eye）	DESC:.CLEAR	DESC:你可不會輕易被幻術與贗品所蒙騙。	BENEFIT:.CLEAR	BENEFIT:在對抗幻術系法術以及效果時，你的豁免檢定獲得+2種族加值。同時在使用語言學檢定揭穿偽造文件時獲得+2加值。你能夠在未受訓的情況下使用語言學技能揭穿偽造的文件。	
CATEGORY=FEAT|Elven Spirit.MOD	OUTPUTNAME:精靈之魂（Elven Spirit）	DESC:.CLEAR	DESC:雖然你是混血兒，但是你更接近你的精靈親屬，他們那充滿魔力的血液流淌在你的血管中。	BENEFIT:.CLEAR	BENEFIT:你擁有精靈的【精靈魔法】種族特性，這使你在克服法術抗力時的施法者等級檢定獲得+2種族加值。此外在使用法術辨識技能檢定辨認魔法物品的特性時，獲得+2種族加值。另外，你能夠選取任何精靈能夠選擇的、用於替換【精靈魔法】的種族特性。	
CATEGORY=FEAT|Exile's Path.MOD	OUTPUTNAME:流放之路（Exile's Path）	DESC:.CLEAR	DESC:一直以來被躲避他人，並努力逃避自身血脈的經歷，使你對窺視你內心的效果產生了抗力。	BENEFIT:.CLEAR	BENEFIT:每天1次，如果你在一次對抗惑控系法術或效果的意志豁免中失敗，那麼你能夠重骰豁免檢定，但是你必須接受第二次結果，即使結果更差。	
CATEGORY=FEAT|Half-Drow Paragon.MOD	OUTPUTNAME:半卓爾典範（Half-Drow Paragon）	DESC:.CLEAR	DESC:你的卓爾血脈十分強烈。	BENEFIT:.CLEAR	BENEFIT:在判斷與種族相關的效果時，你被視為卓爾精靈。此外，由【卓爾魔法】種族特性獲得的類法術能力，能夠作為需要卓爾類法術能力才能選取的專長的先決條件。	
CATEGORY=FEAT|Human Spirit.MOD	OUTPUTNAME:人類之魂（Human Spirit）	DESC:.CLEAR	DESC:你的血液中燃燒著激情，同時還擁有追求自我完善的不屈不撓的精神，這一切都突顯著你的人類親緣。	BENEFIT:.CLEAR	BENEFIT:你獲得1點獎勵技能點。每當你獲得新的生命骰時，你獲得額外1點技能點。你無法由此方式獲得超過4點技能點。	
CATEGORY=FEAT|Multitalented Mastery.MOD	OUTPUTNAME:文武全能（Multitalented Mastery）	DESC:.CLEAR	DESC:你精熟於眾多學科。	BENEFIT:.CLEAR	BENEFIT:你所擁有的所有職業均被視為天賦職業。每當你在任何職業上獲得等級時，均可以獲得HP+1或者技能點+1的獎勵。所有未曾獲得這些加值之一的職業等級也能夠追授這些加值。	
CATEGORY=FEAT|Neither Elf nor Human.MOD	OUTPUTNAME:既非精靈也非人類（Neither Elf nor Human）	DESC:.CLEAR	DESC:你將自身從你的血脈中抹除得如此徹底，就連魔法也無法識別出你。	BENEFIT:.CLEAR	BENEFIT:在判斷與你的類別相關的有害法術以及效果時，你既不被視為精靈也不被視為人類，比如〈破敵〉武器或者遊俠的【宿敵】職業能力。	
CATEGORY=FEAT|Seen and Unseen.MOD	OUTPUTNAME:飄忽不定（Seen and Unseen）	DESC:.CLEAR	DESC:隱匿自身的你難以被魔法或者常規方式所探尋，同時你學會了與自身先祖戰鬥的技巧。	BENEFIT:.CLEAR	BENEFIT:你在對抗所有〔探知〕以及〔預言〕效果時，豁免檢定獲得+2加值。此外你的所有隱匿檢定獲得+2加值，並且精靈、半精靈以及人類在使用生存檢定追蹤你時受到-4減值。	
CATEGORY=FEAT|Shared Manipulation.MOD	OUTPUTNAME:眾口鑠金（Shared Manipulation）	DESC:.CLEAR	DESC:你能夠巧妙地支持盟友的能力以誤導並激怒他們的敵人。	BENEFIT:.CLEAR	BENEFIT:以一個移動動作，你能夠使30尺內的所有能夠看到或聽到你的友好生物唬騙或威嚇檢定+2（每當你使用該能力時選擇提升哪種技能），持續的輪數等同於你的魅力修正（最低1輪）。	
CATEGORY=FEAT|Adaptive Fortune.MOD	OUTPUTNAME:萬用強運（Adaptive Fortune）	DESC:.CLEAR	DESC:你擁有近乎傳奇一般的運氣。	BENEFIT:.CLEAR	BENEFIT:你的【萬用幸運】種族特性的每日使用次數增加1次。此外，當你使用萬用幸運時，你獲得的加值額外+2。	
CATEGORY=FEAT|Blundering Defense.MOD	OUTPUTNAME:牽制防守（Blundering Defense）〔戰鬥〕	DESC:.CLEAR	DESC:你出離常識的防守技術有的時候會對敵人造成足夠的牽制，從而保護隊友。	BENEFIT:.CLEAR	BENEFIT:當你使用防禦式戰鬥或者完全防禦時，你的隊友獲得你從該動作上得到的AC閃避加值一半的幸運加值，該幸運加值作用到AC和CMD上。你的隊友只能在鄰近你時獲得該加值。	
CATEGORY=FEAT|Cautious Fighter.MOD	OUTPUTNAME:謹慎戰鬥（Cautious Fighter）〔戰鬥〕	DESC:.CLEAR	DESC:比起勝利你更注重生存。	BENEFIT:.CLEAR	BENEFIT:當你使用防禦式戰鬥或者完全防禦時，你獲得的AC閃避加值額外+2。	
CATEGORY=FEAT|Courageous Resolve.MOD	OUTPUTNAME:勇敢的心（Courageous Resolve）	DESC:.CLEAR	DESC:即使別人退縮了，你依然堅持。	BENEFIT:.CLEAR	BENEFIT:如果你有【無畏】種族特性，你在對抗恐懼的種族豁免獎勵增加到+4。如果你有【膽小鬼】種族特性，你在對抗恐懼時豁免檢定依然承受-2減值，但你可以正常獲得士氣加值。	
CATEGORY=FEAT|Desperate Swing.MOD	OUTPUTNAME:絕望打擊（Desperate Swing）〔戰鬥〕	DESC:.CLEAR	DESC:你在絕望下進行了最有效的攻擊。	BENEFIT:.CLEAR	BENEFIT:每天1次，你能在一次單獨的近戰攻擊時進行完全防禦動作。你在做這次攻擊時攻擊檢定受到額外-4懲罰。你可以在進行防禦式戰鬥或藉機攻擊時使用此專長，且該次攻擊的重擊確定骰+4。	
CATEGORY=FEAT|Fortunate One.MOD	OUTPUTNAME:幸運兒（Fortunate One）	DESC:.CLEAR	DESC:你比大多數半身人更會操控運氣。	BENEFIT:.CLEAR	BENEFIT:你的【萬用幸運】種族特性的每日使用次數增加1次。	
CATEGORY=FEAT|Improved Low Blow.MOD	OUTPUTNAME:精通下盤打擊（Improved Low Blow）〔戰鬥〕	DESC:.CLEAR	DESC:你更加精通和比你大的敵人戰鬥。	BENEFIT:.CLEAR	BENEFIT:你由「下盤打擊」種族特性獲得的重擊確認加值為+2。此外，每天1次，當你重擊確認失敗時，你可以重骰，並接受即使更壞的新結果。	
CATEGORY=FEAT|Lucky Healer.MOD	OUTPUTNAME:幸運治療（Lucky Healer）	DESC:.CLEAR	DESC:你的運氣使你比其他人得到的治療更有效。	BENEFIT:.CLEAR	BENEFIT:當你接受一次魔法治療（名字帶有「治療（cure）」的法術或超自然能力）時，使用一次【萬用幸運】特性，你骰兩次自己恢復的HP並取較好者。其他的同時被治療者無法獲得這個好處。	
CATEGORY=FEAT|Lucky Strike.MOD	OUTPUTNAME:幸運打擊（Lucky Strike）〔戰鬥〕	DESC:.CLEAR	DESC:你的運氣使你的武器造成更大的傷害。	BENEFIT:.CLEAR	BENEFIT:使用一次【萬用幸運】特性，你在一次傷害檢定時骰兩次並取較好者。	
CATEGORY=FEAT|Risky Striker.MOD	OUTPUTNAME:危機戰鬥（Risky Striker）〔戰鬥〕	DESC:.CLEAR	DESC:你為了對大型敵人造成巨創而把自己放在了危險的境地。	BENEFIT:.CLEAR	BENEFIT:在與比你大至少2個體型的敵人戰鬥時，你在近戰攻擊時可以選擇承受AC-1而令傷害檢定+2。當你的BAB達到+4以及以後的每4點，這個傷害加值額外+2。該傷害加只能夠因重擊而翻倍。你只有在以近戰武器發動攻擊或全力攻擊之前宣佈使用這個專長。專長效果持續到你的下一輪開始。	
CATEGORY=FEAT|Sure and Fleet.MOD	OUTPUTNAME:飛毛腿（Sure and Fleet）	DESC:.CLEAR	DESC:你又快又穩。	BENEFIT:.CLEAR	BENEFIT:你的特技和攀爬技能檢定得到+2種族加值。	
CATEGORY=FEAT|Surprise Strike.MOD	OUTPUTNAME:意外傷害（Surprise Strike）〔戰鬥〕	DESC:.CLEAR	DESC:你瘋狂地試圖避免被打中時對敵人造成了更大的傷害。	BENEFIT:.CLEAR	BENEFIT:每天1次，當你在進行防禦式戰鬥或藉機攻擊中使用「絕望打擊」專長，你的攻擊檢定不受到「絕望打擊」的額外-4懲罰。	
CATEGORY=FEAT|Uncanny Defense.MOD	OUTPUTNAME:本能防守（Uncanny Defense）〔戰鬥〕	DESC:.CLEAR	DESC:你的自我保護本能給予你很多強項。	BENEFIT:.CLEAR	BENEFIT:當你防禦式戰鬥或完全防禦時，你的反射豁免和CMD得到獎勵，該獎勵數值等同於你從完全防禦中得到的AC閃避加值的一半。	
CATEGORY=FEAT|Beast Rider.MOD	OUTPUTNAME:獸騎兵（Beast Rider）	DESC:.CLEAR	DESC:你獲得了巨型動物或坐騎的幫助。	BENEFIT:.CLEAR	BENEFIT:從下列生物類型中選擇一種：大象（elephant），犀牛（pteranodon），翼龍（rhinoceros），劍龍（stegosaurus）或三角龍（triceratops）。將這種生物類型加入到你能夠使用的動物夥伴或坐騎列表中。當你召喚所選中類型的生物作為坐騎或動物夥伴為你服務時，視你的有效德魯伊等級提高2級（最高等同於你的角色等級）。如果該生物足夠大到可供你騎乘，它會獲得「戰鬥訓練*（combat training，見馴養動物技能）」技巧而無需任何訓練。【譯註：舊CHM翻譯為戰鬥騎乘（Combat Riding），此處以paizo官網為準。】	
CATEGORY=FEAT|Blood Vengeance.MOD	OUTPUTNAME:血腥復仇（Blood Vengeance）	DESC:.CLEAR	DESC:盟友的倒下激起了你的狂暴並使你變得殘忍憤怒。	BENEFIT:.CLEAR	BENEFIT:每當你的盟友HP降低至負值或被殺害時，你能夠在下一輪以自由動作進入類似於野蠻人【狂暴】職業特性的狀態，但是這狀態並沒有那麼強力。如果你擁有【狂暴】職業特性並且已經處於狂暴狀態，那麼在狂暴中你的力量以及體質額外獲得+2士氣加值。如果你沒有【狂暴】職業特性、或者你當日已經用光狂暴輪數，這種弱效狂暴會給予你所有野蠻人狂暴帶來的優勢以及劣勢，不過你的力量以及體質只會獲得+2士氣加值。無論何種情況，該狀態只持續4輪。	
CATEGORY=FEAT|Destroyer's Blessing.MOD	OUTPUTNAME:破壞者之祝福（Destroyer's Blessing）〔戰鬥〕	DESC:.CLEAR	DESC:破壞給予你力量。	BENEFIT:.CLEAR	BENEFIT:當你處於狂暴中並且成功進行破武戰技之後，你的狂暴輪數恢復1輪。如果擊破武器戰技使物件處於破損狀態，你會恢復1點HP。這些效果每輪只能獲得1次。	
CATEGORY=FEAT|Ferocious Resolve.MOD	OUTPUTNAME:凶暴決意（Ferocious Resolve）	DESC:.CLEAR	DESC:你的獸人血脈允許你持續作戰。	BENEFIT:.CLEAR	BENEFIT:你獲得「兇猛」通用怪物特性，這使你能夠在HP降至負值之後繼續戰鬥。當使用該能力時，你的威嚇檢定獲得+2加值。	
CATEGORY=FEAT|Ferocious Summons.MOD	OUTPUTNAME:凶暴召喚（Ferocious Summons）	DESC:.CLEAR	DESC:你召喚的生物如你一般兇猛。	BENEFIT:.CLEAR	BENEFIT:你召喚的生物獲得「兇猛」通用怪物特性。	
CATEGORY=FEAT|Ferocious Tenacity.MOD	OUTPUTNAME:不屈凶暴（Ferocious Tenacity）〔戰鬥〕	DESC:.CLEAR	DESC:你對死亡不屑一顧。	BENEFIT:.CLEAR	BENEFIT:當你處於狂暴狀態時，每天1次，如果你受到一次攻擊所造成的傷害足以殺死你（負HP等同於你的體質屬性），你能夠以一個直覺動作並花費1或更多的狂暴輪數降低該傷害並使你存活下來。你所花費的每個狂暴輪數能夠降低1點該次攻擊的傷害，但是無法將該次傷害降低至1點以下。比如，當你處於狂暴狀態，擁有18點體質，當前HP為2點，並且受到一次造成20點傷害的攻擊（這足以使你的HP降至-18點並殺死你），你能夠花費1輪狂暴輪數使傷害降低1點（這使你的HP降至-17點並免於被直接殺死）；如果你花費17輪狂暴輪數，你能夠將傷害降至1點（最低值），使你還剩1點HP。【編者吐槽：2-20+17=1，原文如此，可作為數死早的範例。】	
CATEGORY=FEAT|Gore Fiend.MOD	OUTPUTNAME:嗜血惡魔（Gore Fiend）	DESC:.CLEAR	DESC:無論是自身還是敵人身上那令人恐懼的創口，都會使你熱血沸騰。	BENEFIT:.CLEAR	BENEFIT:當你處於狂暴狀態時，無論是你使用近戰武器確認重擊還是被確認重擊（無論由近戰武器、法術還是遠程武器造成的），你的狂暴輪數恢復1輪（最高等同於你每日狂暴輪數）。該效果每輪只能獲得1次。	
CATEGORY=FEAT|Horde Charge.MOD	OUTPUTNAME:部落衝鋒（Horde Charge）〔團隊〕	DESC:.CLEAR	DESC:與盟友一同衝鋒使你更加致命。	BENEFIT:.CLEAR	BENEFIT:當你與同樣擁有該專長的盟友在同一輪衝鋒時，在衝鋒獲得的正常加值之外，你的攻擊檢定以及傷害檢定均會獲得額外+2加值。如果你能夠在衝鋒時進行多次攻擊，那麼該加值只應用於初次攻擊。	
CATEGORY=FEAT|Improved Surprise Follow-Through.MOD	OUTPUTNAME:精通順勢突襲（Improved Surprise Follow-Through）〔戰鬥〕	DESC:.CLEAR	DESC:你在一次攻擊後突然展開一系列雨點般的打擊。	BENEFIT:.CLEAR	BENEFIT:當使用「大順勢斬」時，每個你在你的行動輪中攻擊的敵人（除了第一個）都失去對你的敏捷加值。	
CATEGORY=FEAT|Resilient Brute.MOD	OUTPUTNAME:獸性強韌（Resilient Brute）	DESC:.CLEAR	DESC:你能承受他人認為致命的攻擊。	BENEFIT:.CLEAR	BENEFIT:每天1次，當一名生物對你確認重擊時，你能夠將其中的一半傷害轉化為非致命傷害。如果你免疫非致命傷害，那麼你無法使用該能力。當你的BAB提升至+10時，你每天能夠額外使用該能力1次。	
CATEGORY=FEAT|Surprise Follow-Through.MOD	OUTPUTNAME:順勢突襲（Surprise Follow-Through）〔戰鬥〕	DESC:.CLEAR	DESC:當擊中一個敵人時，你能抓住其盟友在防守上的空當。	BENEFIT:.CLEAR	BENEFIT:當使用「順勢斬」或「大順勢斬」時，你在你的行動輪攻擊的第二個敵人失去對你的敏捷加值。	
CATEGORY=FEAT|Sympathetic Rage.MOD	OUTPUTNAME:共鳴狂暴（Sympathetic Rage）〔戰鬥〕	DESC:.CLEAR	DESC:看到狂暴的盟友使你自身充滿憤怒。	BENEFIT:.CLEAR	BENEFIT:每當你與處於狂暴狀態的盟友接鄰時，你能夠選擇在自己的回合以一個自由動作進入弱效狂暴狀態。這種弱效狂暴會給予你所有野蠻人狂暴帶來的優勢以及劣勢，不過你的力量以及體質只會獲得+2士氣加值。只要你能夠保持與一名狂暴的盟友接鄰，那麼處於該類狂暴的時間沒有限制（比如你能夠使用五尺快步遠離狂暴中的盟友，並與另一名狂暴的盟友接鄰以維持你的狂暴）。如同野蠻人的狂暴一樣，當這種弱效狂暴結束時，你會疲乏。你無法在疲乏狀態下進入狂暴。	
CATEGORY=FEAT|Tenacious Survivor.MOD	OUTPUTNAME:頑強倖存者（Tenacious Survivor）	DESC:.CLEAR	DESC:同樣處於死亡邊緣，其他人都挺不過你靈魂徘徊的時間。	BENEFIT:.CLEAR	BENEFIT:當你死於HP傷害，你的靈魂會在你的體內徘徊的輪數等同於你的體質加值。你依舊死亡，但是其他生物能夠以一個標準動作進行DC為10的醫療檢定發現你能夠被救活。你能夠如同活著的狀態一般被法術治療。如果你受到足夠的治療使你脫離死亡，那麼你會活過來，但是你因此獲得1個永久的負等級。	
CATEGORY=FEAT|Thrill of the Kill.MOD	OUTPUTNAME:殺戮之愉悅（Thrill of the Kill）	DESC:.CLEAR	DESC:殺戮使你的狂暴更加持久。	BENEFIT:.CLEAR	BENEFIT:當你處於狂暴狀態並且你的攻擊將一名敵人的HP降至負值或殺死敵人時，你的狂暴輪數恢復1輪。只有當你擊敗的敵人的生命骰至少與你相同時，你才能使用該專長。該效果每輪只能獲得1次。	
CATEGORY=FEAT|Bestow Luck.MOD	OUTPUTNAME:幸運贈禮（Bestow Luck）	DESC:.CLEAR	DESC:你非常幸運，有時候你的盟友也受到你好運的影響。	BENEFIT:.CLEAR	BENEFIT:你每天可以額外使用1次「挑戰機運」。另外你能以一個直覺動作使一個你能看到並聽到的盟友獲得「莫名好運」的好處。	
CATEGORY=FEAT|Critical Versatility.MOD	OUTPUTNAME:靈活重擊（Critical Versatility）〔戰鬥〕	DESC:.CLEAR	DESC:靈活的思維和戰鬥訓練使你的重擊變得靈活多變。	BENEFIT:.CLEAR	BENEFIT:每天一次，你可以花費1個小時演練戰鬥技巧以獲得一個重擊專長，你必須滿足專長的先決條件才可以選擇。你獲得所選擇重擊專長的好處，直到你選擇另外一個重擊專長替代它。	
CATEGORY=FEAT|Dauntless Destiny.MOD	OUTPUTNAME:無懼者皆天祐（Dauntless Destiny）	DESC:.CLEAR	DESC:你躲避災難的能力讓人印象深刻。	BENEFIT:.CLEAR	BENEFIT:你對抗帶有〔情緒〕描述符的能力的豁免檢定+1。這個加值與「求知者皆無懼」以及「無懼者皆自信」的獎勵疊加。此外每天1次，當你攻擊檢定或者豁免自然骰出1時重骰。如果你重骰的結果使你的攻擊命中或者豁免成功，你能以自由動作對你攻擊的目標、或者使你進行豁免的生物進行一次威嚇檢定以挫敗敵人士氣，前提需要目標生物能夠看到並聽到你。	
CATEGORY=FEAT|Defiant Luck.MOD	OUTPUTNAME:挑戰機運（Defiant Luck）	DESC:.CLEAR	DESC:你有時能夠通過人品甩脫那些足以擊殺弱小生物的攻擊或法術。	BENEFIT:.CLEAR	BENEFIT:每天1次，當你在一次豁免檢定中自然骰出1或被確認重擊時，你可以重骰該次豁免檢定或迫使對你確認重擊的生物重新進行重擊確認檢定。此專長的效果無法與其他允許你重骰豁免或攻擊檢定的能力同時使用。你僅可以進行一次重骰。	
CATEGORY=FEAT|Fast Learner.MOD	OUTPUTNAME:速學者（Fast Learner）	DESC:.CLEAR	DESC:你可以獲得額外的天賦職業獎勵。	BENEFIT:.CLEAR	BENEFIT:當你的天賦職業獲得新的級別時，你同時獲得+1HP和+1技能點而不是二者選一，或是用一個種族天賦職業獎勵來替換上述獎勵。	
CATEGORY=FEAT|Fearless Curiosity.MOD	OUTPUTNAME:求知者皆無懼（Fearless Curiosity）	DESC:.CLEAR	DESC:你對探尋世界的渴望超越了你的本能對危機的畏懼。	BENEFIT:.CLEAR	BENEFIT:你對抗帶有〔情緒〕描述符的能力的豁免檢定+1。此外當你受到恐懼狀態影響，每個回合開始時都可以做一次新的豁免降低恐懼的效果。恐慌降至驚懼，驚懼降至戰慄，戰慄恢復為不受影響。	
CATEGORY=FEAT|Heroic Will.MOD	OUTPUTNAME:英雄意志（Heroic Will）	DESC:.CLEAR	DESC:你不屈的意志甚至可以衝破鋼鐵鐐銬的禁錮。	BENEFIT:.CLEAR	BENEFIT:每天1次，你能以標準動作對一個正在影響你的、需要意志豁免的有害效果嘗試進行一次新的豁免。如果你被支配（dominated）、操縱（controlled）或者無法行動（cannot take an action）而影響你無法嘗試重新豁免，你可以無需動作在該輪開始時進行豁免，成功則你的回合結束。你無法以此專長移除立即生效的、不需要進行意志豁免或無法豁免的效果。	
CATEGORY=FEAT|Huntmaster.MOD	OUTPUTNAME:領獵人（Huntmaster）	DESC:.CLEAR	DESC:你是訓練馬匹，獵犬，獵鷹或者獵貓的專家。	BENEFIT:.CLEAR	BENEFIT:如果你有【動物夥伴】職業特性，選擇下列一種動物夥伴獲得該專長效果：鳥，犬，小貓或馬匹。如果你有【神契】或者【坐騎】職業特性，則此專長影響馬匹。你針對所選擇類型的動物的馴養動物和知識（自然）檢定+2。此外只要動物夥伴或坐騎為你所選擇的動物類型，則在決定它們的能力時視為比實際高1級。	
CATEGORY=FEAT|Improved Improvisation.MOD	OUTPUTNAME:靈機又動（Improved Improvisation）	DESC:.CLEAR	DESC:你已經習慣突然想出好點子了。	BENEFIT:.CLEAR	BENEFIT:你使用不擅長的武器、盔甲以及盾牌時罰值減半。此外你在任何沒有投入技能點的技能檢定中獲得的加值提升至+4。	
CATEGORY=FEAT|Improvisation.MOD	OUTPUTNAME:靈機一動（Improvisation）	DESC:.CLEAR	DESC:幾乎任何事情你都能搞清楚怎麼做。	BENEFIT:.CLEAR	BENEFIT:你在任何沒有投入技能點的技能檢定中均獲得+2加值。此外，你可以在未經受訓的情況下使用任何技能。	
CATEGORY=FEAT|Inexplicable Luck.MOD	OUTPUTNAME:莫名好運（Inexplicable Luck）	DESC:.CLEAR	DESC:你的好運經常讓人瞠目結舌。	BENEFIT:.CLEAR	BENEFIT:每天一次，你可以以一個自由動作在d20檢定擲骰之前獲得+8加值。同樣你也可以在擲骰之後使用此能力，不過只能獲得+4加值。	
CATEGORY=FEAT|Intimidating Confidence.MOD	OUTPUTNAME:無懼者皆自信（Intimidating Confidence）	DESC:.CLEAR	DESC:你對成功有無限的信心。	BENEFIT:.CLEAR	BENEFIT:你對抗帶有〔情緒〕描述符的能力的豁免檢定上+1。這個加值與「求知者皆無懼」的獎勵疊加。當你確認重擊時，可以用一個自由動作對你威脅的目標進行一次威嚇檢定以挫敗士氣。如果你有「炫目技巧」專長，你可以做威嚇檢定挫敗所有生物的士氣。此次檢定你獲得+2加值，如果你的武器的重擊倍率為×3則為+3，重擊倍率×4則為+4。	
CATEGORY=FEAT|Martial Mastery.MOD	OUTPUTNAME:武器熟稔（Martial Mastery）〔戰鬥〕	DESC:.CLEAR	DESC:你將你全部的武器技巧拓展到其他相似的武器上。	BENEFIT:.CLEAR	BENEFIT:你可以將你已知的所有適用於特定武器的戰鬥專長（如「武器專攻」）應用到與其相同武器組的所有有武器上。	
CATEGORY=FEAT|Martial Versatility.MOD	OUTPUTNAME:武器變通（Martial Versatility）〔戰鬥〕	DESC:.CLEAR	DESC:你將你的武器技巧拓展到其他相似的武器上。	BENEFIT:.CLEAR	BENEFIT:選擇一個你已知的適用於特定武器的戰鬥專長（如「武器專攻」）。在與其相同的武器組中的武器均可應用該專長。	
CATEGORY=FEAT|Surge of Success.MOD	OUTPUTNAME:勝利湧動（Surge of Success）	DESC:.CLEAR	DESC:你的成功促進你下一步的行動。	BENEFIT:.CLEAR	BENEFIT:若你在重擊確認或者豁免檢定中骰出自然20，在你的下一輪結束前的一次攻擊檢定、豁免檢定、技能檢定或者屬性檢定中獲得+2環境加值。你必須在進行攻擊檢定、豁免檢定、技能檢定或者屬性檢定之前選擇是否使用這些加值。	
CATEGORY=FEAT|Angel Wings.MOD	OUTPUTNAME:天使之翼（Angel Wings）	DESC:.CLEAR	DESC:你背後生出一雙羽翼。	BENEFIT:.CLEAR	BENEFIT:你獲得一雙羽翼，這將給予你身著輕甲或無甲時的30尺飛行（機動性普通），中、重載或身著中、重甲時的20尺飛行（機動性較差）。飛行將成為你的本職技能。	
CATEGORY=FEAT|Angelic Blood.MOD	OUTPUTNAME:天使之血（Angelic Blood）	DESC:.CLEAR	DESC:你的血液中蘊含著神聖的力量。	BENEFIT:.CLEAR	BENEFIT:你在面對〔邪惡〕描述符的法術或效果時的豁免檢定，以及HP小於0（但還沒死）時用於穩定傷勢的體質檢定+2。此外，每當你受到出血或吸血傷害，任何鄰接你的不死生物、或擁有邪惡子類別的生物都會受到1點傷害。	
CATEGORY=FEAT|Angelic Flesh.MOD	OUTPUTNAME:天使之軀（Angelic Flesh）	DESC:.CLEAR	DESC:你的皮膚如同金屬一樣閃閃發亮。	BENEFIT:.CLEAR	BENEFIT:你的易容和隱匿檢定受到-2罰值，但是獲得下列好處之一，這取決於你的血肉對金屬的親和力（選擇一項）。金：你對抗目盲、目眩、心靈幻覺和〔光亮〕描述符效果時豁免+2。當你施放幻術（心靈幻覺）子類別或擁有〔光亮〕描述符的法術或類法術時，你視為CL比實際高1級。銀：你對抗麻痺、石化以及毒素時豁免+2。你的徒手攻擊或天生武器在對抗傷害減免時被視為煉銀武器。鋼：你獲得AC天生護甲加值+1。你的徒手打擊或天生武器在對抗傷害減免時被視為寒鐵武器。	
CATEGORY=FEAT|Celestial Servant.MOD	OUTPUTNAME:天界僕從（Celestial Servant）	DESC:.CLEAR	DESC:你的動物夥伴或魔寵來自天界，而非普通飛禽走獸。	BENEFIT:.CLEAR	BENEFIT:你的動物夥伴、魔寵或坐騎獲得天界模板，並且類型變更為魔法獸。不過你仍可對它使用馴養動物、野性認同或其他只影響動物的法術或職業能力。	
CATEGORY=FEAT|Channel Force.MOD	OUTPUTNAME:原力導能（Channel Force）	DESC:.CLEAR	DESC:你引導的能量來源於你的信仰，讓你可以移動並傷害你的敵人。	BENEFIT:.CLEAR	BENEFIT:當你引導能量以造成傷害，你可以選擇30尺內一個單獨目標。除了造成傷害，如果該單獨目標豁免失敗，你可以對其進行推動或拖拽，距離為你每能造成2d6引導能量傷害則增加5尺。	
CATEGORY=FEAT|Greater Channel Force.MOD	OUTPUTNAME:高等原力導能（Greater Channel Force）	DESC:.CLEAR	DESC:你用爆發出的神聖力量衝擊你的敵人。	BENEFIT:.CLEAR	BENEFIT:當你使用「精通原力導能」，你可以影響30尺爆發半徑內的所有生物。	
CATEGORY=FEAT|Heavenly Radiance.MOD	OUTPUTNAME:天國之光（Heavenly Radiance）	DESC:.CLEAR	DESC:你的聖光可以用於各種不同用途。	BENEFIT:.CLEAR	BENEFIT:你獲得1次額外的每日『晝明術』使用機會。從下表中選擇一項法術，通過消耗1次『晝明術』使用次數，你可以以類法術能力使用它。要選擇一個法術，你的人物等級必須達到列表中的要求。法術豁免DC基於你的魅力。	
CATEGORY=FEAT|Improved Channel Force.MOD	OUTPUTNAME:精通原力導能（Improved Channel Force）	DESC:.CLEAR	DESC:你用閃光的能量射線移動你的敵人。	BENEFIT:.CLEAR	BENEFIT:當你使用「原力導能」，你可以影響60尺直線路徑或30尺半徑錐形爆發範圍內的所有生物。你必須統一決定拖拽還是推動所有豁免檢定失敗的生物。	
CATEGORY=FEAT|Metallic Wings.MOD	OUTPUTNAME:金屬之翼（Metallic Wings）	DESC:.CLEAR	DESC:你翅膀上的羽毛是閃閃發亮的金屬構成。	BENEFIT:.CLEAR	BENEFIT:你獲得2翼擊。這是一種次要天生武器，造成1d4點揮砍傷害（如果你是小體型則1d3）。	
CATEGORY=FEAT|Black Cat.MOD	OUTPUTNAME:黑貓（Black Cat）	DESC:.CLEAR	DESC:厄運降臨在那些膽敢攻擊你的人身上。	BENEFIT:.CLEAR	BENEFIT:每日1次，當你被近戰攻擊命中時，你可以用一個直覺動作讓攻擊者以-4罰值重投攻擊骰。攻擊者必須接受重投的結果。這是一個超自然能力。	
CATEGORY=FEAT|Catfolk Exemplar.MOD	OUTPUTNAME:貓族典範（Catfolk Exemplar）	DESC:.CLEAR	DESC:你貓科動物的特徵比起你的同族更加鮮明突出。	BENEFIT:.CLEAR	BENEFIT:你可以選擇「化獸態」專長，即使你沒有達到先決條件。此外，你以下列方式之一表現你貓科動物的形態。你在選擇此專長的時候決定表現形態，並且無法在以後改變。增強感官（Enhanced Senses, Ex）：如果你有昏暗視覺，你獲得貓族的【靈敏嗅覺】種族特性。如果你有【靈敏嗅覺】種族特性，你獲得昏暗視覺。急速衝刺（Fast Sprinter, Ex）：你在進行衝鋒、奔跑、撤退動作時獲得10尺種族加值。如果你有【短跑健將】種族特性，則你在進行衝鋒、奔跑、撤退動作時獲得的加值提高到20尺。銳爪（Sharp Claws, Ex）：如果你沒有【貓爪】種族特性或者「化獸態（獸爪）」專長，你獲得【貓爪】種族特性。如果你有【貓爪】種族特性或者「化獸態（獸爪）」專長，則你的爪的傷害增加到1d6。	
CATEGORY=FEAT|Claw Pounce.MOD	OUTPUTNAME:爪襲（Claw Pounce）〔戰鬥〕	DESC:.CLEAR	DESC:你可以一邊衝鋒一邊用你的爪子攻擊。	BENEFIT:.CLEAR	BENEFIT:當你衝鋒時，你可以用爪子全力攻擊。	
CATEGORY=FEAT|Feline Grace.MOD	OUTPUTNAME:貓科優雅（Feline Grace）	DESC:.CLEAR	DESC:你與生俱來的優雅使你得以應付最棘手的情況。	BENEFIT:.CLEAR	BENEFIT:你在對抗衝撞，擒抱，闖越，移位和絆摔戰技的CMD+2。	
CATEGORY=FEAT|Nimble Striker.MOD	OUTPUTNAME:機敏前鋒（Nimble Striker）〔戰鬥〕	DESC:.CLEAR	DESC:你與生俱來就是衝鋒的料，沒人能比你做得更好。	BENEFIT:.CLEAR	BENEFIT:當你在使用「順勢斬」專長、「突刺」專長或者衝鋒時，不必承受AC-2的罰值。	
CATEGORY=FEAT|Blood Drinker.MOD	OUTPUTNAME:飲血者（Blood Drinker）	DESC:.CLEAR	DESC:吸取鮮血使你重新振作起來。	BENEFIT:.CLEAR	BENEFIT:選擇一種類人生物子類，比如地精（你無法選取吸血裔子類）。你偏好吸食這個子類生物的鮮血。每當你從這類生物身上吸食新鮮的血液之後，你獲得5點臨時生命，並且在所有基於體質的檢定與豁免+1。該效果持續1小時。臨時生命可以通過多次吸食疊加，你每擁有3個HD，可以獲得的臨時生命上限增加就會5點，但是基於體質的檢定與豁免上的+1加值不會疊加。通常你只能從無助、被擒抱、麻痺、被壓制、昏迷或者類似的無法行動的敵人身上吸血。如果你擁有嚙咬攻擊，則可以將吸食血液作為你嚙咬攻擊動作的一部分，否則你必須用揮砍或穿刺武器對目標造成至少1點傷害以割傷他（儘管你可能能夠對目標造成劇烈的傷害或出血效果而無須真正割傷他）。一旦你割傷目標，你能以一個標準動作從它的傷口吸血。吸血對被你吸食的生物造成2點體質傷害。	
CATEGORY=FEAT|Blood Feaster.MOD	OUTPUTNAME:宴血者（Blood Feaster）	DESC:.CLEAR	DESC:吸食血液給予你超人般的力量。	BENEFIT:.CLEAR	BENEFIT:如果你使用「飲血者」專長使一個活物流失至少4點體質，你就在傷害檢定上獲得+2加值，並且所有基於力量的檢定+1。這個加值持續的輪數等同於你HD的一半。	
CATEGORY=FEAT|Blood Salvage.MOD	OUTPUTNAME:殘羹剩血（Blood Salvage）	DESC:.CLEAR	DESC:你不需要通過吸食活物以獲得治療的好處。	BENEFIT:.CLEAR	BENEFIT:你可以對已死的生物使用「飲血者」專長，只要他的生物類型為你所選擇的類人生物子類。你只可以對死亡未滿6小時的生物吸血。	
CATEGORY=FEAT|Diverse Palate.MOD	OUTPUTNAME:新口味（Diverse Palate）	DESC:.CLEAR	DESC:你對血液口味的涉獵範圍比其他吸血裔更廣。	BENEFIT:.CLEAR	BENEFIT:選擇一種類人生物子類或人形怪物類。你可以對該子類的生物使用「飲血者」專長。	
CATEGORY=FEAT|Natural Charmer.MOD	OUTPUTNAME:天生麗質（Natural Charmer）	DESC:.CLEAR	DESC:你掌握了一些吸血鬼先祖的控制之力。	BENEFIT:.CLEAR	BENEFIT:當你使用任何基於魅力的技能吸引、勸說、說服或引誘人形生物時可以取20，這些生物對你的起始態度至少需要友善。取20依舊需要20倍於正常的時間執行技能。	
CATEGORY=FEAT|Drow Nobility.MOD	OUTPUTNAME:卓爾貴族（Drow Nobility）	DESC:.CLEAR	DESC:你的血液中流淌著力量，而你從中獲益的更多。	BENEFIT:.CLEAR	BENEFIT:你可以隨意以類法術能力使用『偵測魔法』，並且每日能以類法術能力使用『羽落術』與『浮空術』各1次。你的CL等同於你的角色等級。	
CATEGORY=FEAT|Greater Drow Nobility.MOD	OUTPUTNAME:高等卓爾貴族（Greater Drow Nobility）	DESC:.CLEAR	DESC:你已經精通了低階的卓爾類法術能力，以此彰顯你真正的貴族身份。	BENEFIT:.CLEAR	BENEFIT:你的『偵測魔法』類法術能力現在恆定存在。你可以隨意以類法術能力使用『舞光術』，『深幽黑暗術』，『妖火』，『羽落術』與『浮空術』。	
CATEGORY=FEAT|Improved Drow Nobility.MOD	OUTPUTNAME:進階卓爾貴族（Improved Drow Nobility）	DESC:.CLEAR	DESC:你的魔法天賦比同齡人更加強大，你較強的類法術能力證明了這點。	BENEFIT:.CLEAR	BENEFIT:你每日能以類法術能力使用『舞光術』，『妖火』，『羽落術』與『浮空術』各兩次。你的『黑暗術』類法術能力替換為『深幽黑暗術』，你每天可以使用2次。	
CATEGORY=FEAT|Improved Umbral Scion.MOD	OUTPUTNAME:進階黑耀傳人（Improved Umbral Scion）	DESC:.CLEAR	DESC:你精通了卓爾貴族魔法。	BENEFIT:.CLEAR	BENEFIT:你可以每天以類法術能力使用『解除魔法』，『神恩』，『暗示術』各1次。CL等同於你的人物等級。	
CATEGORY=FEAT|Noble Spell Resistance.MOD	OUTPUTNAME:卓越法術抗力（Noble Spell Resistance）	DESC:.CLEAR	DESC:你的昇華已經完成；你的法術抗力已經接近惡魔。	BENEFIT:.CLEAR	BENEFIT:你的法術抗力等同於「11+角色等級」。	
CATEGORY=FEAT|Shadow Caster.MOD	OUTPUTNAME:陰影術者（Shadow Caster）	DESC:.CLEAR	DESC:你的命令使你創造的陰影與黑暗法術效果更加持久。	BENEFIT:.CLEAR	BENEFIT:當你釋放的法術為陰影子學派或帶有〔黑暗〕描述符，在決定這些法術的持續時間時視為你的CL比實際高2級。	
CATEGORY=FEAT|Spider Step.MOD	OUTPUTNAME:蛛行步（Spider Step）	DESC:.CLEAR	DESC:你行走在只有蛛類敢於攀爬的地帶。	BENEFIT:.CLEAR	BENEFIT:你能以類法術能力每天使用1次『蛛行術』，使用你的角色等級作為CL。此外，你在抵抗蜘蛛的「蛛網」特殊攻擊與『蛛網術』及類似法術（例如『蛛網之雲（Web Cloud, ARG）』）時豁免+4。	
CATEGORY=FEAT|Spider Summoner.MOD	OUTPUTNAME:蜘蛛召喚者（Spider Summoner）	DESC:.CLEAR	DESC:你能夠召喚強大的蜘蛛。	BENEFIT:.CLEAR	BENEFIT:當你施放『召喚怪物』或『召喚自然盟友』法術，你的可選範圍增加。根據你所使用的法術等級，你可以召喚下列蜘蛛。召喚怪物：1級－巨型蟹蛛*（giant crab spider, B2）；4級－巨型黑寡婦*（giant black widow, B2）；5級－食人蛛*（ogre spider, B3）；7級－巨型狼蛛*（giant tarantula, B2）。召喚自然盟友：1級－巨型蟹蛛（giant crab spider, B2）；4級－巨型黑寡婦（giant black widow, B2）；5級－食人蛛（ogre spider, B3）；7級－巨型狼蛛（giant tarantula, B2）。標有星號*的生物根據召喚者的陣營不同會獲得不同模板，若你的陣營為善良則賦予它們天界模板，若你的陣營為邪惡則賦予它們煉獄模板。此外，當你使用『召喚怪物』或『召喚自然盟友』法術召喚蜘蛛，被召喚出的生物的毒素以及蛛網的豁免DC增加2。【譯註：天界與煉獄模板見http://www.goddessfantasy.net/bbs/index.php?topic=63055.msg585513#msg585513】	
CATEGORY=FEAT|Umbral Scion.MOD	OUTPUTNAME:黑耀傳人（Umbral Scion）	DESC:.CLEAR	DESC:當你在卓爾族群中越發具有權勢的時候，你會得到新的類法術能力。	BENEFIT:.CLEAR	BENEFIT:在下列法術選擇其一：『解除魔法』，『神恩』，『暗示術』。你獲得每天以類法術能力使用該法術1次的能力。CL等同於你的角色等級。	
CATEGORY=FEAT|Dark Sight.MOD	OUTPUTNAME:黑暗視域（Dark Sight）	DESC:.CLEAR	DESC:通過進一步的增強，你的雙眼甚至能夠看透一定距離的魔法黑暗。	BENEFIT:.CLEAR	BENEFIT:你獲得能夠看透15尺範圍內魔法黑暗的能力，比如『深幽黑暗術』造成的黑暗。	
CATEGORY=FEAT|Gloom Sight.MOD	OUTPUTNAME:陰暗視域（Gloom Sight）	DESC:.CLEAR	DESC:通過奇特的暗影魔法與外科手術的聯合作用，你的雙眼在黑暗中的視力被永久強化了。	BENEFIT:.CLEAR	BENEFIT:你獲得90尺黑暗視覺，但是也獲得「強光敏感」弱點。	
CATEGORY=FEAT|Gloom Strike.MOD	OUTPUTNAME:陰暗打擊（Gloom Strike）〔戰鬥〕	DESC:.CLEAR	DESC:只有少數生物能夠像你一樣習慣於在陰影中戰鬥。	BENEFIT:.CLEAR	BENEFIT:當你在黑暗或者昏暗的區域內，你對同樣在黑暗或者昏暗區域內的敵人的攻擊檢定獲得+1加值。	
CATEGORY=FEAT|Improved Dark Sight.MOD	OUTPUTNAME:精通黑暗視域（Improved Dark Sight）	DESC:.CLEAR	DESC:通過再一步的增強，你的雙眼不但能夠在自然黑暗中視物，就連魔法黑暗也難不倒你。	BENEFIT:.CLEAR	BENEFIT:你獲得「看透黑暗」通用怪物能力並且失去了「強光敏感」弱點，但是你獲得了「強光致盲」弱點。	
CATEGORY=FEAT|Shadow Ghost.MOD	OUTPUTNAME:暗影幽靈（Shadow Ghost）	DESC:.CLEAR	DESC:你可以更加頻繁地來往於陰影位面與主物質位面之間。	BENEFIT:.CLEAR	BENEFIT:你獲得每天可以額外使用一次『行影術』的能力。	
CATEGORY=FEAT|Shadow Walker.MOD	OUTPUTNAME:暗影行者（Shadow Walker）	DESC:.CLEAR	DESC:你可以更頻繁並以更高的效果穿透陰影位面與主物質位面之間的障壁。	BENEFIT:.CLEAR	BENEFIT:你可以花費1次以類法術能力使用『行影術』的機會，並以此來通過類法術能力使用『任意門』。不過使用該能力時你的起始與結束的位置必須在昏暗光線或者黑暗中。	
CATEGORY=FEAT|Burn! Burn! Burn!.MOD	OUTPUTNAME:燒！燒！燒！（Burn! Burn! Burn!）	DESC:.CLEAR	DESC:你對縱火及玩火的熱愛上升到了一個新的高度。	BENEFIT:.CLEAR	BENEFIT:當你使用來源於煉金或非魔法的火焰攻擊（比如熾火膠或火把）時額外獲得1d4火焰傷害，在避免被火灼燒或者撲滅身上火焰時的反射豁免檢定獲得+4表現加值。該專長造成的額外傷害不適用於魔法性質的攻擊（比如煉金術師的煉金炸彈）以及濺射傷害。	
CATEGORY=FEAT|Fire Hand.MOD	OUTPUTNAME:火掌（Fire Hand）〔戰鬥〕	DESC:.CLEAR	DESC:你生來掌中帶有火炬胎記，在任何與焚燒有關的事情上都能顯現非同一般的天賦。	BENEFIT:.CLEAR	BENEFIT:你可以用火炬作為武器，並且不會由於不擅長而受到罰值，同時在使用近戰武器造成火焰傷害時的攻擊檢定獲得+1加值。	
CATEGORY=FEAT|Fire Tamer.MOD	OUTPUTNAME:馴火者（Fire Tamer）	DESC:.CLEAR	DESC:你熟知火焰的習性，即使是魔法的火焰也一樣。	BENEFIT:.CLEAR	BENEFIT:你在對抗帶有〔火〕描述符的法術的豁免檢定時獲得+2加值。此外，你身上的疤痕說明你是一名有才華的馴火者，這使你在與其他地精打交道時的交涉以及威嚇檢定獲得+2環境加值。	
CATEGORY=FEAT|Flame Heart.MOD	OUTPUTNAME:燃燒之心（Flame Heart）	DESC:.CLEAR	DESC:你精通了與火焰有關的魔法與煉金術。	BENEFIT:.CLEAR	BENEFIT:你獲得火焰抗力5。當你施放帶有〔火〕描述符的法術或投擲造成火焰傷害的煉金炸彈時，你的CL或煉金術師等級視為比實際高1級。	
CATEGORY=FEAT|Goblin Gunslinger.MOD	OUTPUTNAME:地精銃士（Goblin Gunslinger）〔戰鬥〕	DESC:.CLEAR	DESC:你學會了如何使用大槍射擊。	BENEFIT:.CLEAR	BENEFIT:你可以使用中型火器而不會由於使用越型武器而受到罰值。	
CATEGORY=FEAT|Tangle Feet.MOD	OUTPUTNAME:左腳絆右腳（Tangle Feet）〔戰鬥〕	DESC:.CLEAR	DESC:經過你身邊的生物會被他們自己的腳絆倒。	BENEFIT:.CLEAR	BENEFIT:當你通過比你體型大的敵人的威脅範圍並且以特技檢定成功避免他的藉機攻擊時，你能以一個自由動作使其在下個回合結束之前失去平衡。若該生物試圖在失去平衡時移動，他必須成功進行一次DC為15的特技檢定，否則將會摔倒並且失去這次移動動作。你每回合只能以此效果影響一個生物。	
CATEGORY=FEAT|Deafening Explosion.MOD	OUTPUTNAME:炸彈轟鳴（Deafening Explosion）	DESC:.CLEAR	DESC:你的炸彈爆炸時發出震耳欲聾的聲響。	BENEFIT:.CLEAR	BENEFIT:你可以讓煉金炸彈的傷害降低1骰，使它獲得將生物震聾的能力。使用此專長的煉金炸彈必須造成火焰、力場或音波傷害。被你的炸彈直接命中的生物必須進行一次等同於煉金炸彈DC的豁免檢定，失敗則會耳聾1分鐘。這種致聾效果與煉金炸彈的所有其他效果相疊加。【譯註：原文並沒註明是何種豁免，不過耳聾一般都是強韌吧。】	
CATEGORY=FEAT|Demoralizing Lash.MOD	OUTPUTNAME:挫志鞭笞（Demoralizing Lash）〔戰鬥〕	DESC:.CLEAR	DESC:你使用鞭子的抽擊你恐嚇的敵人。	BENEFIT:.CLEAR	BENEFIT:若想使用該專長，你必須使用鞭子（或者其他鏈枷類戰士武器組中的武器）攻擊已經由於威嚇檢定而被挫敗士氣的敵人。如果攻擊命中，你可以將目標獲得的戰慄效果延長1輪。此專長的效果對威嚇檢定以外的方式造成的戰慄效果無效。	
CATEGORY=FEAT|Focusing Blow.MOD	OUTPUTNAME:清神打擊（Focusing Blow）〔團隊〕	DESC:.CLEAR	DESC:你和你盟友的團隊協作打破了敵人精神攻擊的影響。	BENEFIT:.CLEAR	BENEFIT:同樣擁有該專長的盟友可以通過對你造成傷害，給予你再一次豁免持續性影響心靈效果的機會。盟友必須以攻擊、法術或其他能力對你造成至少5點傷害。你每受到5點傷害，就會在接下來的重新豁免中獲得+1加值。如果你豁免成功，則影響心靈的效果立刻結束。該專長的影響只計算實際造成的傷害；非致命傷害以及被減免的傷害等不算在內。	
CATEGORY=FEAT|Hobgoblin Discipline.MOD	OUTPUTNAME:大地精軍規（Hobgoblin Discipline）	DESC:.CLEAR	DESC:其他大地精的存在增強你的意志。	BENEFIT:.CLEAR	BENEFIT:當你周圍30尺範圍內至少有其他兩名大地精，你會在所有豁免檢定上獲得+1士氣加值。	
CATEGORY=FEAT|Taskmaster.MOD	OUTPUTNAME:監工（Taskmaster）〔戰鬥〕	DESC:.CLEAR	DESC:你的威嚇將軟弱的盟友變為暴徒。	BENEFIT:.CLEAR	BENEFIT:你能以一個標準動作鞭策一名HD低於你自身的盟友，使他不顧一切地戰鬥。在1分鐘內，該盟友攻擊檢定、傷害檢定以及對抗影響心靈效果的意志豁免上獲得+1士氣加值。然而這名盟友也會在AC以及技能檢定上受到-2減值。如果你要影響一名非自願的盟友，你必須對其成功進行一次DC等同於挫敗士氣的威嚇檢定。	
CATEGORY=FEAT|Blazing Aura.MOD	OUTPUTNAME:熾烈光環（Blazing Aura）〔戰鬥〕	DESC:.CLEAR	DESC:地獄般的怒火寄宿在你心中，使你的身體散發出強烈的熱能。	BENEFIT:.CLEAR	BENEFIT:當你使用「炙熱武器」時，你可以在你的回合中以一個自由動作，創造出持續1輪的熱能光環。光環會對每個在其自身回合開始時接鄰你的生物造成1d6點火焰傷害。	
CATEGORY=FEAT|Blistering Feint.MOD	OUTPUTNAME:迅烈虛招（Blistering Feint）〔戰鬥〕	DESC:.CLEAR	DESC:你的敵人因為你高熱的武器而退縮，這使得你獲得了繞過他們防禦的機會。	BENEFIT:.CLEAR	BENEFIT:你使用能夠造成火焰傷害的武器進行的虛招檢定+2。每當你成功使用該武器對一名敵人進行虛招之後，就可以對其造成武器上的火焰傷害。	
CATEGORY=FEAT|Elemental Jaunt.MOD	OUTPUTNAME:元素旅行（Elemental Jaunt）	DESC:.CLEAR	DESC:先祖的精魂呼喚著你，召喚你回到家鄉。	BENEFIT:.CLEAR	BENEFIT:每天1次，你能以類法術能力施放『異界傳送』，但是只能將自己以及自願的目標傳送至符合自身種族的位面（火元素裔傳送至火元素位面，土元素裔傳送至土元素位面，風元素裔傳送至氣元素位面，水元素裔傳送至水元素位面），CL等同於你的角色等級。在元素位面時，你被視為在『位面適應』法術效果的影響下（但是其他與你一同傳送的生物則否）。	
CATEGORY=FEAT|Firesight.MOD	OUTPUTNAME:火焰視域（Firesight）	DESC:.CLEAR	DESC:火焰與煙雲再也無法從你的眼前掩蓋任何事物。	BENEFIT:.CLEAR	BENEFIT:你可以看透火焰與煙霧而不會因此受到任何懲罰，你忽視任何火焰與煙霧產生的掩蔽或隱蔽加值。但是這不會讓你能夠看到通常無法看到的東西（例如隱形生物依舊不可見）。你免疫目眩狀態。	
CATEGORY=FEAT|Inner Flame.MOD	OUTPUTNAME:熾焰核心（Inner Flame）〔戰鬥〕	DESC:.CLEAR	DESC:你的身體產生了如此之多的熱能，使得你僅靠觸摸就能燒焦敵人。	BENEFIT:.CLEAR	BENEFIT:你在對抗火焰攻擊以及帶有〔火〕或者〔光亮〕描述符的法術時的豁免加值提升至+4。當你使用「炙熱武器」時，被影響的武器造成額外1d6火焰傷害而非原本的1點，此外當你處於擒抱狀態時，你可以在你的行動輪對擒抱對手造成該傷害。	
CATEGORY=FEAT|Scorching Weapons.MOD	OUTPUTNAME:炙熱武器（Scorching Weapons）〔戰鬥〕	DESC:.CLEAR	DESC:元素火焰在你的體內躁動著，使你的血液沸騰，並讓你能夠抵抗火焰。	BENEFIT:.CLEAR	BENEFIT:你在對抗火焰攻擊以及帶有〔火〕或者〔光亮〕描述符的法術時豁免檢定+2。以一個迅捷動作，你可以將兩隻手中持握的人造金屬武器燒得火紅，成功用這樣的武器命中會造成1點額外火焰傷害，這個效果持續1輪。該效果不與其他給武器增加火焰傷害的同類效果疊加，比如〈熾焰〉武器附魔。	
CATEGORY=FEAT|Draconic Aspect.MOD	OUTPUTNAME:龍之相（Draconic Aspect）	DESC:.CLEAR	DESC:你擁有一些龍類祖先的特質。	BENEFIT:.CLEAR	BENEFIT:你從某種彩色龍那裡繼承了鱗片顏色與部分抗力。在以下彩色龍類型中選擇一種：黑龍（強酸），藍龍（閃電），綠龍（強酸），紅龍（火焰）或白龍（寒冷）。你的鱗片顏色與所選類型相同，並且獲得5點相應類型的能量抗力。	
CATEGORY=FEAT|Draconic Breath.MOD	OUTPUTNAME:龍之息（Draconic Breath）	DESC:.CLEAR	DESC:你擁有龍的抵抗力以及噴吐武器。	BENEFIT:.CLEAR	BENEFIT:你在對抗睡眠以及麻痺效果時獲得+2加值。此外你還獲得了噴吐武器，它的類型由你在「龍之相」專長或者【龍鱗】種族特性中選擇的鱗片顏色所決定。你能以一個不會引發藉機攻擊標準動作使用噴吐武器。每天你可以使用1次噴吐武器。在你噴吐武器攻擊範圍內的生物能以一次成功的DC為「10+角色等級+體質修正」的反射豁免檢定免受一半傷害。黑（Su）：你的噴吐武器形狀為30尺直線，造成2d6強酸傷害。藍（Su）：你的噴吐武器形狀為30尺直線，造成2d6閃電傷害。綠（Su）：你的噴吐武器形狀為15尺錐形，造成2d6強酸傷害。紅（Su）：你的噴吐武器形狀為15尺錐形，造成2d6火焰傷害。白（Su）：你的噴吐武器形狀為15尺錐形，造成2d6寒冷傷害。	
CATEGORY=FEAT|Draconic Glide.MOD	OUTPUTNAME:龍之滑翔（Draconic Glide）	DESC:.CLEAR	DESC:你擁有龍的抵抗力以及能夠讓你滑翔的翅膀。	BENEFIT:.CLEAR	BENEFIT:你在對抗睡眠以及麻痺效果時豁免+2。你獲得一對翅膀並可以靠著它以非常緩慢且安全的速度下落。你能夠進行DC為15的飛行技能檢定以使自身從任何高處墜落而不會受到傷害，就如同使用『羽落術』一般。當你安全墜落時，則可以進行另外一次DC為15的飛行技能檢定進行滑翔，每墜落20尺可以橫向移動5尺。	
CATEGORY=FEAT|Draconic Paragon.MOD	OUTPUTNAME:龍之典範（Draconic Paragon）	DESC:.CLEAR	DESC:你可以如同真正的龍一般擺脫睡眠以及麻痺的影響，並且增強了其他龍之力。	BENEFIT:.CLEAR	BENEFIT:你在對抗睡眠以及麻痺效果時豁免再+2。你可以每天使用噴吐武器2次，並且噴吐武器的傷害提升至4d6能量傷害。你由於「龍之滑翔」專長獲得的翅膀更加強壯，它賦予你20尺飛行速度（機動性一般）。	
CATEGORY=FEAT|Kobold Ambusher.MOD	OUTPUTNAME:狗頭人伏擊者（Kobold Ambusher）〔戰鬥〕	DESC:.CLEAR	DESC:你善於快速移動以及保持隱蔽。	BENEFIT:.CLEAR	BENEFIT:你可以在隱匿時進行全速移動而不會使隱匿檢定受到任何罰值。你可以在衝鋒或者奔跑時保持隱藏，但是這麼做會使隱匿檢定-10。	
CATEGORY=FEAT|Kobold Sniper.MOD	OUTPUTNAME:狗頭人狙擊手（Kobold Sniper）〔戰鬥〕	DESC:.CLEAR	DESC:你狙擊時出手乾淨利落，這使得其他人很難找到你攻擊的位置。	BENEFIT:.CLEAR	BENEFIT:當你狙擊時（參見隱匿技能說明），你只會在隱匿檢定上受到-10減值以保持隱藏。	
CATEGORY=FEAT|Tail Terror.MOD	OUTPUTNAME:驚駭之尾（Tail Terror）〔戰鬥〕	DESC:.CLEAR	DESC:你的尾巴有足夠的力量進行攻擊。	BENEFIT:.CLEAR	BENEFIT:你可以使用尾巴進行拍擊。這是可以造成1d4鈍器傷害的次要天生武器攻擊。此外，你可以給你的尾巴添加上狗頭人尾部附屬武器。並且在選擇武器專長時，視為你擅長所有狗頭人尾部附屬武器。	
CATEGORY=FEAT|Born Alone.MOD	OUTPUTNAME:獨生子（Born Alone）	DESC:.CLEAR	DESC:你是如此地堅強和殘忍，在子宮中就殺死並吃掉了你的弟妹。	BENEFIT:.CLEAR	BENEFIT:每當你以近戰攻擊殺死或擊倒一名敵人，你獲得相當於你體質加值的臨時生命（最少1）直到你的下一回合。這些臨時生命不會疊加。若敵人處於無助或生命骰不足你的一半，你不會獲得該獎勵。	
CATEGORY=FEAT|Bullying Blow.MOD	OUTPUTNAME:威嚇猛擊（Bullying Blow）〔戰鬥〕	DESC:.CLEAR	DESC:借助簡單的一擊，你可以更容易地嚇住敵人。	BENEFIT:.CLEAR	BENEFIT:以一個標準動作，你可以在攻擊檢定上承受-2罰值進行一次近戰攻擊。若該攻擊對你的敵人造成傷害，你能以一個自由動作對該敵人進行一次挫敗士氣的威嚇檢定。	
CATEGORY=FEAT|Ferocious Action.MOD	OUTPUTNAME:兇猛行動（Ferocious Action）	DESC:.CLEAR	DESC:兇猛的你迅捷而薄命。	BENEFIT:.CLEAR	BENEFIT:當你HP降為0或更低時，你每輪失去2點HP，但是你不會陷入恍惚。若你處在狂暴中（比如來自野蠻人職業能力的），你每輪只失去1點HP。	
CATEGORY=FEAT|Foment the Blood.MOD	OUTPUTNAME:嗜血煽動（Foment the Blood）	DESC:.CLEAR	DESC:你可以釋放出一股能量，驅使獸人們陷入狂怒。	BENEFIT:.CLEAR	BENEFIT:當你引導能量時，你不造成正常效果，而是在直到你的下一輪前給獸人提供武器傷害和重擊確認檢定的加值。這一加值等同於你引導能量治療或傷害的骰數。你的引導能量對其他處於該區域內的生物正常生效。	
CATEGORY=FEAT|Grudge Fighter.MOD	OUTPUTNAME:懷恨在心（Grudge Fighter）〔戰鬥〕	DESC:.CLEAR	DESC:你對任何膽敢攻擊你的人都抱有極大的憤怒，這股怒火讓你的攻擊更加強大。	BENEFIT:.CLEAR	BENEFIT:在攻擊任何在當前戰鬥中攻擊過你的生物時，你在攻擊和傷害檢定上獲得+1士氣加值。	
CATEGORY=FEAT|Orc Weapon Expertise.MOD	OUTPUTNAME:獸人武器嫻熟（Orc Weapon Expertise）〔戰鬥〕	DESC:.CLEAR	DESC:你能用獸人最愛的武器做出更多的事情。	BENEFIT:.CLEAR	BENEFIT:每當你獲得該專長，選擇以下效果之一。當你使用一件你所擅長的名字中帶有「獸人」的武器時，你獲得你所選擇的效果。這一專長對你不擅長的武器不產生效果。欺弱（Bully）：在攻擊體型比你小至少一級的生物時傷害檢定+1。防禦（Defender）：在你的AC上獲得+1盾牌加值（若持用雙手武器則+2）。擾亂（Disrupter）：當敵人在你的威脅範圍內施展法術時，其專注DC+3。這僅當你知曉敵人的位置且可以對其進行藉機攻擊時才生效。若你已經使用了本輪的所有藉機攻擊次數，則該能力不會生效。致命（Killer）：在確認重擊的攻擊檢定上獲得+2表現加值。暴戾（Thug）：使用武器造成1點非致命傷害。詭詐（Trickster）：當你使用該武器進行戰技檢定時，單一類型的戰技檢定+2。	
CATEGORY=FEAT|Resolute Rager.MOD	OUTPUTNAME:剛毅狂暴（Resolute Rager）	DESC:.CLEAR	DESC:恐懼在你狂暴時快速消退。	BENEFIT:.CLEAR	BENEFIT:當狂暴時，若處於一項允許豁免的恐懼效果下，你可以在你的每個回合開始前進行一個新的豁免檢定來對抗恐懼。若你成功豁免，恐懼效果結束。	
CATEGORY=FEAT|Reverse-Feint.MOD	OUTPUTNAME:倒打一耙（Reverse-Feint）〔戰鬥〕	DESC:.CLEAR	DESC:你可以誘使一名敵人攻擊你，從而進行一次更為強力的反擊。	BENEFIT:.CLEAR	BENEFIT:以一個移動動作，你可以使自己的防禦對一名鄰接的敵人露出破綻。若該敵人在它的下一輪中攻擊你，他在攻擊檢定上獲得+4加值。不論該敵人是否成功命中，你都能以一個直覺動作對其進行一個單次近戰攻擊，在你的攻擊檢定上獲得+2加值。	
CATEGORY=FEAT|Trap Wrecker.MOD	OUTPUTNAME:陷阱破壞者（Trap Wrecker）	DESC:.CLEAR	DESC:別人解除陷阱，你砸爛陷阱。	BENEFIT:.CLEAR	BENEFIT:你可以通過一次近戰武器攻擊而不是解除裝置檢定來拆除陷阱。以一個整輪動作，進行一次對抗AC為陷阱的解除裝置DC的近戰攻擊。若你命中，進行傷害檢定。若傷害至少為陷阱解除裝置DC的一半，你成功解除該陷阱。若傷害低於陷阱解除裝置DC的一半，陷阱被觸發。你只能對非魔法陷阱進行如是嘗試。你的攻擊必須能夠觸及陷阱的一部分才能使用該專長。根據GM的描述，某些陷阱不適用於該專長。	
CATEGORY=FEAT|Dwarf Blooded.MOD	OUTPUTNAME:矮人血脈（Dwarf Blooded）	DESC:.CLEAR	DESC:你的血管中流淌著矮人的血脈。	BENEFIT:.CLEAR	BENEFIT:矮人血統在你身上以兩種方式體現。首先，你的速度不會受到盔甲和負重影響，就如同矮人的【慢而穩】種族特性一般。其次，你獲得矮人的【岩石敏銳】種族特性。	
CATEGORY=FEAT|Echoes of Stone.MOD	OUTPUTNAME:石之共鳴（Echoes of Stone）	DESC:.CLEAR	DESC:你的感官在山巖與石頭之中變得很敏銳。	BENEFIT:.CLEAR	BENEFIT:你在地下進行的察覺檢定，以及使用生存檢定避免在洞穴和岩石地區迷路時獲得+4種族加值。	
CATEGORY=FEAT|Murmurs of Earth.MOD	OUTPUTNAME:大地的低語（Murmurs of Earth）	DESC:.CLEAR	DESC:在你的感知之下，大地將她的所知傾囊相授。	BENEFIT:.CLEAR	BENEFIT:你獲得了有限的顫動感知。以一個移動動作，你可以感知到15尺範圍內所有接觸地面的生物。	
CATEGORY=FEAT|Oread Burrower.MOD	OUTPUTNAME:土裔掘地者（Oread Burrower）	DESC:.CLEAR	DESC:你的輕觸就可以分開地面，這使你能夠快速地挖掘。	BENEFIT:.CLEAR	BENEFIT:你獲得等同於你基本速度一半的掘地速度。你可以鑽到沙子、泥土、粘土、沙礫或者其他類似的材質中，但是不能通過堅固的石頭。你身後不會留下隧道，地表之上也不會出現痕跡。	
CATEGORY=FEAT|Oread Earth Glider.MOD	OUTPUTNAME:土裔潛地者（Oread Earth Glider）	DESC:.CLEAR	DESC:大地歡迎你，向你展示泥沙與土壤中的隱藏通路。	BENEFIT:.CLEAR	BENEFIT:你獲得「潛地」通用怪物能力，你能夠在沙子、泥土、粘土、沙礫或者其他類似的材質中以基本速度行動。如果能夠不受火焰傷害影響，你甚至可以通過熔岩。你能夠以基本速度的一半在固體岩石中穿行。	
CATEGORY=FEAT|Stony Step.MOD	OUTPUTNAME:穿石步（Stony Step）	DESC:.CLEAR	DESC:大地承認你的親緣關係並且不再妨礙你的行動。	BENEFIT:.CLEAR	BENEFIT:每當你移動時，每輪你可以忽略5尺土地以及岩石造成的困難地形（碎石，石階等等）。該專長的效果同類專長疊加，比如「神行步」或者「靈狐步」專長。該專長允許你在此類困難地形中使用五尺快步。	
CATEGORY=FEAT|Burrowing Teeth.MOD	OUTPUTNAME:掘地利齒（Burrowing Teeth）	DESC:.CLEAR	DESC:你擁有的利齒與銳爪很適合用來挖坑。	BENEFIT:.CLEAR	BENEFIT:你獲得等同於你1/2基本速度的掘地速度。你可以鑽到沙子、泥土、粘土、沙礫或者其他類似的材質中，但是不能通過堅固的石頭。你身後不會留下隧道，地表之上也不會出現痕跡。	
CATEGORY=FEAT|Sharpclaw.MOD	OUTPUTNAME:銳爪（Sharpclaw）〔戰鬥〕	DESC:.CLEAR	DESC:你的指甲長又硬。	BENEFIT:.CLEAR	BENEFIT:你獲得兩次爪抓攻擊。這是主要天武攻擊，它們可以造成1d4點傷害。	
CATEGORY=FEAT|Tunnel Rat.MOD	OUTPUTNAME:坑道鼠（Tunnel Rat）	DESC:.CLEAR	DESC:你是在狹窄空間戰鬥的大師。	BENEFIT:.CLEAR	BENEFIT:當你擠入狹小空間時體型視為比正常小一級。	
CATEGORY=FEAT|Airy Step.MOD	OUTPUTNAME:輕靈步（Airy Step）	DESC:.CLEAR	DESC:空氣回應著你內在的元素本質，在你墜落時幫助緩衝，保護你免受傷害。	BENEFIT:.CLEAR	BENEFIT:你在對抗帶有〔氣〕與〔電〕描述符的效果，以及造成閃電傷害的效果時豁免檢定+2。在計算墜落對你造成的傷害時視為比原高度低30尺。	
CATEGORY=FEAT|Cloud Gazer.MOD	OUTPUTNAME:窺雲者（Cloud Gazer）	DESC:.CLEAR	DESC:通過洞悉自身體內的元素本質，你獲得了只有少數人擁有的清晰洞察力。	BENEFIT:.CLEAR	BENEFIT:你可以看透霧、水汽以及雲而不會因此受到任何懲罰，並且忽略這些效果造成的掩蔽或隱蔽加值。如果這些效果是由魔法創造的，該專長使你不受罰值而能夠看到的距離提升至三倍。	
CATEGORY=FEAT|Inner Breath.MOD	OUTPUTNAME:內在之息（Inner Breath）	DESC:.CLEAR	DESC:你體內充滿了氣之元素，它提供你呼吸所需。	BENEFIT:.CLEAR	BENEFIT:你不再需要呼吸。你免疫那些需要呼吸產生的效果（比如吸入毒素）。但是這不會使你免疫不需要呼吸進行的雲霧或氣體攻擊，比如『死雲術』。	
CATEGORY=FEAT|Wings of Air.MOD	OUTPUTNAME:空氣之翼（Wings of Air）	DESC:.CLEAR	DESC:風將你托起，把你帶到你想去的地方。	BENEFIT:.CLEAR	BENEFIT:你在對抗帶有〔氣〕與〔電〕描述符的效果，以及造成閃電傷害的效果時豁免檢定再+2（達到+4）。此外，你獲得等同於基本速度的超自然飛行速度（機動性良好）。你只能在穿著輕甲或無甲時才能使用此能力。	
CATEGORY=FEAT|Blood Beak.MOD	OUTPUTNAME:血喙（Blood Beak）〔戰鬥〕	DESC:.CLEAR	DESC:你的流血攻擊血腥而又危險。	BENEFIT:.CLEAR	BENEFIT:你的嚙咬攻擊傷害提升至1d6。此外，當你的嚙咬攻擊造成重擊時，你可以額外造成1點出血傷害。	
CATEGORY=FEAT|Carrion Feeder.MOD	OUTPUTNAME:食腐鳥（Carrion Feeder）	DESC:.CLEAR	DESC:與其他食腐動物一樣，你能夠若無其事地吃下可能讓虛弱生物染病的食物。	BENEFIT:.CLEAR	BENEFIT:你在對抗疾病以及通過攝入生效的毒素（對抗其他傳遞方式的毒素不獲得加值）時豁免檢定獲得+2種族加值。你在以生存檢定給自己尋找食物時獲得+2加值。	
CATEGORY=FEAT|Long-Nose Form.MOD	OUTPUTNAME:長鼻人（Long-Nose Form）	DESC:.CLEAR	DESC:你可以變身為有著超長鼻子的人類。	BENEFIT:.CLEAR	BENEFIT:每天1次，你可以變為人類的樣貌，不過鼻子會和你的喙一樣長。該類法術能力就如同『變身術（alter self）』一般生效，CL等同於角色等級。在這種形態下你獲得＜靈敏嗅覺＞能力，並且力量屬性獲得+2加值。但是由於你的長鼻子清楚地顯示你不是一名普通人類，所以你無法獲得由『變形術（polymorph』）帶來的易容檢定加值（不過你能以一個不幸的詛咒或者畸形解釋這異常的長鼻子，或者用瘟疫醫生面具將其掩藏起來）。【譯註：瘟疫醫生面具（plague doctor』s mask）為中世紀歐洲醫生戴的面具，玩過刺客信條的人應該都會瞭解吧。有興趣可以google圖片一下。】	
CATEGORY=FEAT|Scavenger's Eye.MOD	OUTPUTNAME:拾荒者銳眼（Scavenger's Eye）	DESC:.CLEAR	DESC:你總是能自然而然地注意到那些有價值的閃亮物體。	BENEFIT:.CLEAR	BENEFIT:你在估價檢定上獲得+2加值。你還能以一個標準動作使用估價檢定辨明一堆寶藏中最貴重的物品，在這麼做時你在估價檢定上額外獲得+2加值。此外，當你在估價檢定中失敗5或更多時得到的結果也如同失敗5點之內一般。	
CATEGORY=FEAT|Tengu Raven Form.MOD	OUTPUTNAME:鴉天狗（Tengu Raven Form）	DESC:.CLEAR	DESC:你可以變身為巨大的黑烏鴉。	BENEFIT:.CLEAR	BENEFIT:每天1次，你可以變成類似烏鴉的大型黑色鳥類形態，這個形態賦予你60尺飛行速度（機動性良好），力量+4體型加值，敏捷-2，並且天生防禦+4。該類法術能力其他功能如同『野獸形態II』，CL等同於角色等級。	
CATEGORY=FEAT|Tengu Wings.MOD	OUTPUTNAME:天狗雙翼（Tengu Wings）	DESC:.CLEAR	DESC:你可以長出能夠飛行的雙翼。	BENEFIT:.CLEAR	BENEFIT:每天1次，你可以長出一對巨大的黑鴉翅膀，這賦予你30尺飛行速度（機動性普通）。該類法術能力其他功能如同『野獸形態I（你無法獲得該法術的其他優勢）』，CL等同於角色等級。	
CATEGORY=FEAT|Armor of the Pit.MOD	OUTPUTNAME:深淵鎧甲（Armor of the Pit）	DESC:.CLEAR	DESC:你污穢的特徵體現在如同鎧甲的鱗片皮膚上。	BENEFIT:.CLEAR	BENEFIT:你獲得+2天生防禦加值。	
CATEGORY=FEAT|Fiend Sight.MOD	OUTPUTNAME:邪魔視覺（Fiend Sight）	DESC:.CLEAR	DESC:你的雙眼在低光以及黑暗環境下變得更加銳利。	BENEFIT:.CLEAR	BENEFIT:你獲得昏暗視覺，同時黑暗視覺提升到120尺。	
CATEGORY=FEAT|Grasping Tail.MOD	OUTPUTNAME:貪婪之尾（Grasping Tail）	DESC:.CLEAR	DESC:你的尾巴變得更加有用。	BENEFIT:.CLEAR	BENEFIT:你可以用尾巴抓取物品。雖然你無法使用尾巴持握武器，但是你能以一個移動動作用其拾取輕小物品。	
CATEGORY=FEAT|Aquatic Ancestry.MOD	OUTPUTNAME:水棲世系（Aquatic Ancestry）	DESC:.CLEAR	DESC:你喜愛你的異界先祖，並且能夠更好地適應水中生活。	BENEFIT:.CLEAR	BENEFIT:你獲得「兩棲」特殊能力。並且游泳速度提高10尺。	
CATEGORY=FEAT|Hydraulic Maneuver.MOD	OUTPUTNAME:水流技法（Hydraulic Maneuver）	DESC:.CLEAR	DESC:你可以使用水流衝擊卸除武器或者摔絆敵人。	BENEFIT:.CLEAR	BENEFIT:你可以使用『水流衝擊』嘗試進行衝撞、卸武、陰招（目盲或目眩）或絆摔戰技檢定。每次使用水流衝擊時，你必須在決定使用何種戰技之前判斷其是否可用。你可以在以類法術能力、職業特性或普通施放法術使用水流衝擊時應用該專長的效果，但是無法應用在奇物或者其他外部來源啟動的法術上。	
CATEGORY=FEAT|Steam Caster.MOD	OUTPUTNAME:蒸汽術者（Steam Caster）	DESC:.CLEAR	DESC:你將元素之水灌入火焰法術之中，使之成為危險的蒸汽團。	BENEFIT:.CLEAR	BENEFIT:你能夠將元素之力注入法術中，使你施放的火焰法術的施法時間增加至一個整輪動作（法術的正常施法時間等同於整輪動作或更長則無須增加）。該法術會被視為帶有〔水〕描述符。改變後的法術，其所有的火焰效果都替換為滾熱的蒸汽。改變後的法術如同正常在水下施法一般運作，但是無須進行施法者等級檢定。與火焰不同，蒸汽無法點燃生物或物體。該法術仍舊造成火焰傷害，因此火焰抗力與免疫依舊適用於法術的效果。	
CATEGORY=FEAT|Triton Portal.MOD	OUTPUTNAME:海神之門（Triton Portal）	DESC:.CLEAR	DESC:你能夠引導體內的魔力以召喚盟友。	BENEFIT:.CLEAR	BENEFIT:每天1次，你可以消費你的『水流衝擊』種族能力，以此來以類法術能力施放『召喚自然盟友III』，CL等同於你的角色等級。以此能力只能召喚出小型水元素（Small water elemental）或1d3只海豚（dolphins）。使用該能力是一個整輪動作。	
CATEGORY=FEAT|Water Skinned.MOD	OUTPUTNAME:水之肌膚（Water Skinned）	DESC:.CLEAR	DESC:你的碰觸會熄滅小型的火焰。	BENEFIT:.CLEAR	BENEFIT:以一個標準動作，你可以通過接觸熄滅小型的非魔法火焰，該效果至多影響至大型篝火的程度。該能力無法影響總面積大於5尺方格的火焰。以此方式接觸火焰不會傷害你。	
CATEGORY=FEAT|Giant Steps.MOD	OUTPUTNAME:巨人步伐（Giant Steps）	DESC:.CLEAR	DESC:當你變巨時，速度會增加。	BENEFIT:.CLEAR	BENEFIT:當你的體型變為大型或更大時，你的基本速度提高20尺。該加值只會應用在你受到改變你體型而不影響速度的效果上。	
CATEGORY=FEAT|Lingering Invisibility.MOD	OUTPUTNAME:殘續隱形（Lingering Invisibility）	DESC:.CLEAR	DESC:在你失去隱形後仍會受到殘餘的半透明狀態影響。	BENEFIT:.CLEAR	BENEFIT:當你的『隱形術』結束，法術每剩餘1分鐘的持續時間，你就可以獲得1輪（最少1輪）隱蔽狀態。只有當『隱形術』為你的種族類法術能力或你施放的法術時，才會發生該效果。能夠反制『隱形術』的效果能夠反制該專長帶來的隱蔽。	
CATEGORY=FEAT|Agile Tongue.MOD	OUTPUTNAME:巧舌（Agile Tongue）	DESC:.CLEAR	DESC:你能夠用粉紅色的長舌操控小物品，甚至可以用來偷竊。	BENEFIT:.CLEAR	BENEFIT:你有一條能夠伸長10尺並且適於抓取的舌頭。你能夠用其抓取不高於5磅的物品，進行盜取或卸武戰技，也可以使用舌頭進行近戰接觸攻擊。	
CATEGORY=FEAT|Magical Tail.MOD	OUTPUTNAME:魔性之尾（Magical Tail）	DESC:.CLEAR	DESC:你長出了額外的尾巴，它代表著你不斷成長的魔力。	BENEFIT:.CLEAR	BENEFIT:你獲得了新的類法術能力，每個每天都能用2次，按照後述內容依序選取：『易容術』，『魅惑人類』，『誤導術』，『隱形術』，『暗示術』，『移位術』，『困惑術』，『支配人類』。例如，你第一次選擇該專長，你獲得每天2次的『易容術』，第二次選擇該專長獲得每天2次的『魅惑人類』。你的CL等同於你的HD。這些能力的DC基於魅力。	
CATEGORY=FEAT|Realistic Likeness.MOD	OUTPUTNAME:亂真外表（Realistic Likeness）	DESC:.CLEAR	DESC:當你在人類形態時，你能夠模仿特定個體的外貌。	BENEFIT:.CLEAR	BENEFIT:你能夠精確模擬任何你遇到的個體的體貌特徵。當你使用你的變身種族特性時，你能夠嘗試變為某個個體的形態，這使你在以易容檢定通過你的模仿愚弄他人時獲得+10環境加值。	
CATEGORY=FEAT|Sea Hunter.MOD	OUTPUTNAME:海之獵手（Sea Hunter）〔戰鬥〕	DESC:.CLEAR	DESC:你的攻擊讓游泳中的對手失去平衡。	BENEFIT:.CLEAR	BENEFIT:當你對一名正在游泳的目標進行了一次成功的近戰攻擊時，你可以以一個自由動作嘗試讓目標失去平衡。將這個動作視作一個絆摔戰技。若你成功，目標會被視為失去平衡（參見水下戰鬥規則）直到它重新恢復平衡（通常是在它的行動輪進行一次游泳檢定）。這一專長對具有游泳速度的、處於『行動自如』或類似魔法效果、以及無法被絆摔的生物無效。	
CATEGORY=FEAT|Spit Venom.MOD	OUTPUTNAME:噴毒（Spit Venom）〔戰鬥〕	DESC:.CLEAR	DESC:你已經掌握了娜迦裔戰士的技巧——將毒素噴入敵人的眼睛。	BENEFIT:.CLEAR	BENEFIT:以一個整輪動作，你能夠用遠程接觸攻擊將毒液噴出10尺遠。如果你命中目標，他必須進行一次成功的強韌豁免，否則將會目盲1d6輪。豁免DC等同於「10+1/2總生命骰+體質修正」。每天你能夠使用該能力1次，每擁有3個HD時額外再增加1次。	
CATEGORY=FEAT|Life's Blood.MOD	OUTPUTNAME:生命之血（Life's Blood）	DESC:.CLEAR	DESC:永恆的生命充盈在你的血液中，你的血液所包含的治療之力能夠用來醫治他人。	BENEFIT:.CLEAR	BENEFIT:按照自身的意願，你能夠以一個整輪動作進行特殊的放血儀式，犧牲自身的活力去治療其他生物。使用該專長時，你受到1d4點傷害，並將你的血塗在活物的創口上，並治癒其等同於你在儀式中失去的HP。這是一個超自然能力。只有你能夠如此放血。同一名生物每天不能被該能力治療超過1次。	
CATEGORY=FEAT|Stretched Wings.MOD	OUTPUTNAME:展翅（Stretched Wings）	DESC:.CLEAR	DESC:你的短翼變得更有力量。	BENEFIT:.CLEAR	BENEFIT:你的鴞形人種族飛行速度增加至60尺（機動性普通）。同時忽略【短翼】種族特性在向上飛行時的飛行檢定要求。	
CATEGORY=FEAT|Extra Elemental Assault.MOD	OUTPUTNAME:額外元素攻襲（Extra Elemental Assault）	DESC:.CLEAR	DESC:你開啟了更強的元素力量。	BENEFIT:.CLEAR	BENEFIT:你的【元素攻襲】能力每天能夠持續的輪數額外增加2輪。	
CATEGORY=FEAT|Incremental Elemental Assault.MOD	OUTPUTNAME:蓄能元素攻襲（Incremental Elemental Assault）	DESC:.CLEAR	DESC:你每天可以多次啟動元素攻襲能力。	BENEFIT:.CLEAR	BENEFIT:你能以1輪為單位使用你的【元素攻襲】能力，每日使用的輪數最高等同於你的角色等級。這些輪數不必連續。啟動該能力是一個迅捷動作；解消效果是自由動作。	
CATEGORY=FEAT|Stoic Pose.MOD	OUTPUTNAME:雕像姿態（Stoic Pose）	DESC:.CLEAR	DESC:你能夠如同雕像一般使自己保持一個姿勢，以迴避他人的偵查。	BENEFIT:.CLEAR	BENEFIT:通過花費5輪時間找到一個合適的位置，你能保持同一姿態，讓你看起來像一個小型物體或者一堆岩石。只要你不進行移動或者其他動作，這就能使你能夠在沒有掩體或隱蔽時進行隱匿檢定。	
CATEGORY=FEAT|Tree Hanger.MOD	OUTPUTNAME:掛樹功（Tree Hanger）〔戰鬥〕	DESC:.CLEAR	DESC:你可以使用尾巴掛在附近的突出物上來避免摔絆攻擊。	BENEFIT:.CLEAR	BENEFIT:你在對抗所有絆摔攻擊時的CMD獲得+2加值。如果你所在的方格有樹枝或者其他能夠讓你掛在其上的堅固粗大的物體的話，你能夠以一個迅捷動作進行DC為15的特技動作檢定，以此向上跳起並用你的尾巴掛在該物體上。在懸掛期間，你不會被絆摔，同時你忽略你所在方格的困難地形效果；此外在對抗衝撞、拖拽以及移位戰技時的CMD獲得+2加值。如果你離開該方格（包括受迫移動），你的尾巴會鬆開懸掛的物體並且不再處於懸掛狀態。當你懸掛的時候無法使用尾巴做別的事情。	
CATEGORY=FEAT|Sleep Venom.MOD	OUTPUTNAME:昏睡毒素（Sleep Venom）	DESC:.CLEAR	DESC:你能夠改變天生毒素的性質，並用其讓你的敵人呼呼大睡。	BENEFIT:.CLEAR	BENEFIT:以一個迅捷動作，你能夠改變自身毒素的效果，使其能夠讓目標失去意識。以下為你的毒素的初始以及後續效果的改變：初始效果－恍惚1d4輪；後續效果－失去意識1分鐘。你必須在將毒素塗抹在武器上之前決定它的效果。	
CATEGORY=FEAT|Shadowy Dash.MOD	OUTPUTNAME:虛影衝刺（Shadowy Dash）	DESC:.CLEAR	DESC:在昏暗的光線中，你看起來比影子更加難以辨認。	BENEFIT:.CLEAR	BENEFIT:當你處於昏暗或黑暗的區域中，你能夠以全速潛行，而不會在這麼做時隱匿檢定受到正常的-5減值。	
