CATEGORY=FEAT|Adder Strike.MOD	OUTPUTNAME:蝰蛇打擊（Adder Strike）〔戰鬥〕	DESC:.CLEAR	DESC:你可以快速的將毒藥塗抹在手套、腿甲或其他護具上，讓你的徒手打擊可以傳遞這些毒藥。	BENEFIT:.CLEAR	BENEFIT:以一個迅捷動作，你可以將身體的兩個用於進行徒手打擊的部位塗上毒藥。在通過這種方式塗毒時你也必須保護自己免於直接暴露在毒藥下。	
CATEGORY=FEAT|Adept Champion.MOD	OUTPUTNAME:巧技勇士（Adept Champion）	DESC:.CLEAR	DESC:你可以改變你制裁邪惡的能力，引導神力以賦予你神聖的靈感，讓你在戰鬥技巧方面表現出更高的才能。	BENEFIT:.CLEAR	BENEFIT:當你使用【制裁邪惡】職業能力，在你行動開始時，你能以一個迅捷動作放棄傷害加值，轉而在針對制裁目標的戰技檢定中獲得相當於傷害加值一半的加值獎勵。你的【制裁邪惡】效果將在你下次行動時自動恢復正常。	
CATEGORY=FEAT|Amateur Gunslinger.MOD	OUTPUTNAME:業餘銃士（Amateur Gunslinger）〔戰鬥〕	DESC:.CLEAR	DESC:雖然你並不是一個銃士，但你仍擁有並可以使用勇毅能力。	BENEFIT:.CLEAR	BENEFIT:你獲得少量的勇毅點，並且可以使用一項1級銃士銃技。在一天的開始，你獲得1點勇毅點，不過在這一天裡你仍然可以通過額外獎勵獲得最大為感知修正的勇毅點數（最低為1）。你像其他銃士一樣適用勇毅點恢復的規則。你可以花費這些勇毅點來使用你在獲得該專長時選擇的1級銃士銃技，或通過專長或魔法物品獲得的其他銃技。	
CATEGORY=FEAT|Arc Slinger.MOD	OUTPUTNAME:弧線投石（Arc Slinger）〔戰鬥〕	DESC:.CLEAR	DESC:你用最能發揮其性能的方式旋轉你的投石索。	BENEFIT:.CLEAR	BENEFIT:當你使用投石索或投石杖，你能減少2點由距離造成的遠程攻擊投骰減值。在投石武器的第一個射程增量裡（投石索50尺，投石杖80尺），可以適用你的「近距射擊」傷害加值。	
CATEGORY=FEAT|Back to Back.MOD	OUTPUTNAME:背靠背（Back to Back）〔團隊〕	DESC:.CLEAR	DESC:你的盟友如同你的雙眼，你的雙眼也能替盟友提供警戒。	BENEFIT:.CLEAR	BENEFIT:當你和有此專長的隊友鄰接且被夾擊，你面對來自夾擊者的攻擊時AC得到+2環境加值。	
CATEGORY=FEAT|Betrayer.MOD	OUTPUTNAME:背叛者（Betrayer）	DESC:.CLEAR	DESC:你可以用花言巧語降低目標的警惕心，讓你能夠更有效的突襲他們。	BENEFIT:.CLEAR	BENEFIT:當你成功地用一次交涉檢定改變了目標的態度，你可以用直覺動作立刻抽出一把武器並且對目標進行一次近戰攻擊。如果你的交涉檢定將目標的態度變成友善或更好，你的目標在這次攻擊中被視為措手不及。如果目標從攻擊中倖存，他在本次戰鬥中的先攻檢定將有-2罰值。一旦你這麼攻擊一個生物，它的態度將立刻變成敵對。	
CATEGORY=FEAT|Binding Throw.MOD	OUTPUTNAME:阻絆投擲（Binding Throw）〔戰鬥〕	DESC:.CLEAR	DESC:你攻擊你的敵人，並順勢捕獲和擒住他。	BENEFIT:.CLEAR	BENEFIT:當你成功的對一個敵人使用了「太極推手」，你可以用一次迅捷動作對其進行一次戰技檢定以嘗試擒抱他。	
CATEGORY=FEAT|Bludgeoner.MOD	OUTPUTNAME:鈍擊士（Bludgeoner）〔戰鬥〕	DESC:.CLEAR	DESC:你可以用任何鈍器敲暈對手。	BENEFIT:.CLEAR	BENEFIT:你可以在使用一種致命鈍器的情況下造成非致命傷害，並且沒有攻擊檢定罰值。	
CATEGORY=FEAT|Boar Ferocity.MOD	OUTPUTNAME:豭突刺（Boar Ferocity）〔戰鬥〕	DESC:.CLEAR	DESC:你撕裂肉體的徒手攻擊讓敵人膽寒。	BENEFIT:.CLEAR	BENEFIT:你可以用你的徒手擊打造成穿刺傷害。而且你在打擊對手士氣的威嚇檢定上獲得+2加值。你採用豭突流派架勢時，如果你成功撕裂對手，以一個自由動作，你可以進行一次打擊敵人士氣的威嚇檢定。	
CATEGORY=FEAT|Boar Shred.MOD	OUTPUTNAME:豭突千裂（Boar Shred）〔戰鬥〕	DESC:.CLEAR	DESC:你徒手撕開的傷口血流不止，讓敵人聞風喪膽。	BENEFIT:.CLEAR	BENEFIT:你可以用一個移動動作進行一次威嚇檢定打擊對手的士氣。你採用豭突流派架勢時，如果你成功撕裂對手，對手會在之後每輪行動開始時受到1d6出血傷害。即使你之後切換成其他架勢，造成的持續出血傷害仍會繼續。	
CATEGORY=FEAT|Boar Style.MOD	OUTPUTNAME:豭突勢（Boar Style）〔戰鬥，流派〕	DESC:.CLEAR	DESC:你的尖牙和利爪撕裂你的敵人。	BENEFIT:.CLEAR	BENEFIT:你可以讓徒手打擊造成揮砍傷害——變更傷害類型是一個自由動作。當你採用豭突流派架勢時，一輪內，如果你的徒手攻擊命中同一敵人兩次或以上，你可以撕裂敵人的血肉，對敵人造成2d6額外傷害，該傷害類似於【撕扯】能力，你每輪只能造成一次額外傷害。【編註：根據FAQ，此條已修正】	
CATEGORY=FEAT|Body Shield.MOD	OUTPUTNAME:化敵為盾（Body Shield）〔戰鬥〕	DESC:.CLEAR	DESC:通過巧妙的施力，你將被擒抱的敵人轉向攻擊襲來的方位。	BENEFIT:.CLEAR	BENEFIT:當你擒抱一個相鄰生物時，以直覺動作，你可以對其進行一次擒抱戰技檢定使其為你抵擋一次攻擊。如果你成功，這次攻擊不會命中你，而是會以正被你擒抱的生物為目標，使用相同的攻擊檢定。你不能對正擒抱你的生物使用該專長，並且掩蔽效果將在你抵消該次攻擊後消失。	
CATEGORY=FEAT|Bolstered Resilience.MOD	OUTPUTNAME:鼓勵恢復（Bolstered Resilience）	DESC:.CLEAR	DESC:你可以以暫時的消耗為代價在短時間內大大提高傷害減免能力。	BENEFIT:.CLEAR	BENEFIT:以直覺動作，你可以在針對一次單獨攻擊時將傷害減免翻倍，最高為20。傷害減免的傷害類型不會發生改變。如果你試圖抵擋的攻擊未命中你，增加後的傷害減免會繼續存在，直到你被命中或下一次輪到你行動，取其先者。下一輪你的行動開始時，你陷入疲乏狀態。你不能在疲乏狀態時使用該專長。	
CATEGORY=FEAT|Bonebreaker.MOD	OUTPUTNAME:碎骨者（Bonebreaker）〔戰鬥〕	DESC:.CLEAR	DESC:當你的對手無法進行防禦時，你的徒手打擊將會摧筋斷骨。	BENEFIT:.CLEAR	BENEFIT:當你對一個被擒抱、無助或震懾中的敵人成功施展了一次「震懾拳」，你可以放棄震懾拳的正常效果，轉而對敵人造成1d6點敏捷傷害。	
CATEGORY=FEAT|Branded for Retribution.MOD	OUTPUTNAME:懲戒烙印（Branded for Retribution）	DESC:.CLEAR	DESC:你用你的破敵武器為目標鑄下烙印，使其更容易被你的盟友所傷害。	BENEFIT:.CLEAR	BENEFIT:以一個標準動作，通過消耗3輪的【破敵】職業能力，使用你附加了〔破敵〕能力的武器進行一次近戰攻擊。如果你命中，你的目標不會受到傷害，但會被打下一個持續到你下次行動的烙印。只要烙印存在，你的盟友在攻擊被烙印的生物時，武器都被視為附加了與你的武器相同的〔破敵〕效果。	
CATEGORY=FEAT|Break Guard.MOD	OUTPUTNAME:破除防禦（Break Guard）〔戰鬥〕	DESC:.CLEAR	DESC:你用你兩把武器的其中之一打亂了對方的防禦，隨之用另一把武器進行攻擊。	BENEFIT:.CLEAR	BENEFIT:當你裝備兩把武器，只要你成功的用其中一把卸除了敵人的武器，你可以消耗一次迅捷動作來用另一把武器立刻對其進行一次攻擊。	
CATEGORY=FEAT|Broken Wing Gambit.MOD	OUTPUTNAME:棄兵斷翼（Broken Wing Gambit）〔戰鬥，團隊〕	DESC:.CLEAR	DESC:你假裝虛弱，讓自己成為誘人且讓人分心的目標。	BENEFIT:.CLEAR	BENEFIT:當你以近戰攻擊命中敵人時，你可以通過一個自由動作使該敵人對你的命中和傷害得到+2的加值，此加值持續到你的下一輪開始、或是敵人以此加值進行攻擊。一旦敵人以此加值發起攻擊，擁有此專長的盟友就可以對該敵人發起機會攻擊。	
CATEGORY=FEAT|Cartwheel Dodge.MOD	OUTPUTNAME:側翻迴避（Cartwheel Dodge）	DESC:.CLEAR	DESC:你利用迴避傷害的技巧來調整戰鬥身位。	BENEFIT:.CLEAR	BENEFIT:當你成功地運用【精通反射閃避】迴避傷害後，你可以通過直覺動作移動相當於速度一半的距離。這次移動會如常引發藉機攻擊。	
CATEGORY=FEAT|Cavalry Formation.MOD	OUTPUTNAME:騎兵陣列（Cavalry Formation）〔戰鬥，團隊〕	DESC:.CLEAR	DESC:你擅長在戰場上與騎乘的盟友並肩而行，且不會妨礙雙方的作戰效率。	BENEFIT:.CLEAR	BENEFIT:你和你坐騎的方格可以與擁有此專長騎手的坐騎重疊，但同一個方格不能被兩個以上的生物共享。此外，你在衝鋒時可以越過擁有此專長騎手和其坐騎的方格。	
CATEGORY=FEAT|Channeled Revival.MOD	OUTPUTNAME:重生導能（Channeled Revival）	DESC:.CLEAR	DESC:你消耗大量引導能量從而拒絕死神的降臨。	BENEFIT:.CLEAR	BENEFIT:以一個會觸發藉機攻擊的整輪動作，你可以消耗3次【引導能量】來復活一個死亡的生物，如同你使用了『生命之息（breath of life）』法術。	
CATEGORY=FEAT|Channeling Scourge.MOD	OUTPUTNAME:懲責導能（Channeling Scourge）	DESC:.CLEAR	DESC:你在追獵你的信仰之敵時懷著如此之高的熱情，以至於你的引導能量能力在造成傷害時變得更加強大。	BENEFIT:.CLEAR	BENEFIT:當你使用【引導能量】職業特性造成傷害時，你的審判者職業等級與你的牧師職業等級在決定傷害和豁免DC時將會加算。	
CATEGORY=FEAT|Charging Hurler.MOD	OUTPUTNAME:衝鋒投擲（Charging Hurler）〔戰鬥〕	DESC:.CLEAR	DESC:你知道如何利用慣性來提高投擲武器的殺傷力。	BENEFIT:.CLEAR	BENEFIT:你可以在使用投擲武器時適用衝鋒規則。這次攻擊的所有規則都與衝鋒相同，不過你移動的方向必須朝向你的敵人，而移動的終點必須位於該敵人半徑30尺範圍以內。如果你這樣做了，你可以對這個敵人進行一次單獨的投擲武器攻擊，攻擊骰獲得+2加值，並且在你下一次行動前AC獲得-2罰值。	
CATEGORY=FEAT|Chokehold.MOD	OUTPUTNAME:鎖喉（Chokehold）〔戰鬥〕	DESC:.CLEAR	DESC:當你擒抱時，你可以切斷目標的呼吸和血液循環。	BENEFIT:.CLEAR	BENEFIT:當你擒抱一個比你體型最多大一級的生物，你可以用-5罰值來進行一次戰技檢定來嘗試發動鎖喉能力。如果你成功，你將你擒抱的敵人壓制住，並使其陷入被鎖喉狀態。只要你保持擒抱狀態，你同時也能保持鎖喉狀態。一個被鎖喉的生物無法呼吸或說話，因此不能施放帶有語言成分的法術。被鎖喉的生物必須屏住呼吸，否則陷入窒息狀態。任何不需呼吸、免疫出血傷害或免疫重擊的生物，也免疫於你的「鎖喉」效果。一旦擒抱結束，鎖喉也隨之結束。	
CATEGORY=FEAT|Cleaving Finish.MOD	OUTPUTNAME:終勢斬（Cleaving Finish）〔戰鬥〕	DESC:.CLEAR	DESC:當你擊倒一名敵人，你繼續揮舞你的武器並攻擊下一名敵人。	BENEFIT:.CLEAR	BENEFIT:當你進行一次近戰攻擊，並且將目標的HP降低至0或更低，你可以使用你的最高攻擊加值對另一名觸及範圍內的敵人進行一次近戰攻擊。你每輪只能利用該專長進行一次額外攻擊。	
CATEGORY=FEAT|Close-Quarters Thrower.MOD	OUTPUTNAME:近身投擲（Close-Quarters Thrower）〔戰鬥〕	DESC:.CLEAR	DESC:你身形靈巧，足以讓你在投擲武器和炸彈時避免遭到近戰攻擊。	BENEFIT:.CLEAR	BENEFIT:選擇一種投擲武器類型。你使用這種類型的投擲武器進行遠程攻擊時不會觸發藉機攻擊。如果你是一個煉金術士，當你學習該專長並選擇煉金炸彈時，你在取出材料、創造和投擲炸彈時都不會觸發藉機攻擊。	
CATEGORY=FEAT|Clustered Shots.MOD	OUTPUTNAME:集束射擊（Clustered Shots）〔戰鬥〕	DESC:.CLEAR	DESC:你花費少許時間進行瞄準，然後你的攻擊幾乎全部命中了同一個點。	BENEFIT:.CLEAR	BENEFIT:當你使用多次遠程武器對同一個目標進行全力攻擊，在計算目標的傷害時只用總傷害減去一次傷害減免。	
CATEGORY=FEAT|Combat Medic.MOD	OUTPUTNAME:戰場醫護兵（Combat Medic）〔團隊〕	DESC:.CLEAR	DESC:你知道在熱烈激戰中緊急治療的必要性，快速地急救同伴可以讓他們免於死亡。	BENEFIT:.CLEAR	BENEFIT:當你對同樣擁有此專長的盟友使用醫療技能急救、治療出血傷口或治療毒性時，你不會引起藉機攻擊，而且可以在醫療檢定中取10。	
CATEGORY=FEAT|Combat Style Master.MOD	OUTPUTNAME:流派大師（Combat Style Master）〔戰鬥〕	DESC:.CLEAR	DESC:你能自如切換使用的流派，將它們銜接起來增加其效果。	BENEFIT:.CLEAR	BENEFIT:你可以以一個自由動作切換你使用的流派。在戰鬥開始時，選擇一種你擁有的流派。即使是在突襲輪，你也從戰鬥開始便啟用該流派效果。	
CATEGORY=FEAT|Contingent Channeling.MOD	OUTPUTNAME:觸發導能（Contingent Channeling）	DESC:.CLEAR	DESC:你可以對目標灌輸你的治癒能量，使目標能在最需要的時候使用它。	BENEFIT:.CLEAR	BENEFIT:你可以用一個標準動作觸摸你的盟友、並耗費1次你的每日引導能量次數，在目標體內創建一個正能量池。這個能量池擁有你的正常引導能量類型和相關數據骰，並可以持續1分鐘。一個擁有該能量池的盟友可以用直覺動作使用其能量並擲一次引導能量骰，恢復相當於骰子結果的HP。如果能量池持續期間，該盟友的HP被降低至負數，能量池自動觸發，正常治療盟友並且不需要消耗動作去啟動。	
CATEGORY=FEAT|Coordinated Charge.MOD	OUTPUTNAME:協同衝鋒（Coordinated Charge）〔戰鬥，團隊〕	DESC:.CLEAR	DESC:你是指引盟友突入戰局的專家。	BENEFIT:.CLEAR	BENEFIT:擁有此專長的盟友對著你單次移動範圍內的敵人發起衝鋒時，你也可以通過直覺動作衝鋒該敵人，但仍須遵守衝鋒規則。	
CATEGORY=FEAT|Crane Riposte.MOD	OUTPUTNAME:白鶴彈腿（Crane Riposte）〔戰鬥〕	DESC:.CLEAR	DESC:你以防守的力量來發動強有力的反擊。	BENEFIT:.CLEAR	BENEFIT:你因防禦式戰鬥而受到的攻擊罰值只有-1。每當你成功的使用白鶴亮翅偏斜了一次敵人的攻擊，或是因為一次對你發動的近戰攻擊失手並檢定結果比你的AC低不超過4點而失去白鶴亮翅的閃避AC加值時，你可以對對你攻擊失手的對手發動一次藉機攻擊。	
CATEGORY=FEAT|Crane Style.MOD	OUTPUTNAME:白鶴拳（Crane Style）〔戰鬥，流派〕	DESC:.CLEAR	DESC:你的徒手攻擊技巧以柔克剛，攻守圓轉。	BENEFIT:.CLEAR	BENEFIT:你在進行防禦式戰鬥時攻擊骰只受-2減值。你使用白鶴拳流派架勢時，從防禦式戰鬥與全回合防禦獲得的AC閃避加值+1。	
CATEGORY=FEAT|Crane Wing.MOD	OUTPUTNAME:白鶴亮翅（Crane Wing）〔戰鬥〕	DESC:.CLEAR	DESC:你以禽鳥般的速度和巧勁移動，並用揮灑自如的優雅動作擋開敵人的攻擊。	BENEFIT:.CLEAR	BENEFIT:當你至少空一隻手進行防禦式戰鬥時，你會在對抗近戰攻擊的AC上獲得+4閃避加值。如果一次對你發動的近戰攻擊失手並檢定結果比你的AC低不超過4點，則你將失去上述的好處。當你進行全防禦動作時，你可以偏斜一次命中你的近戰武器攻擊。以此法偏斜的近戰攻擊不造成傷害和其它效果（而非直接丟失）。使用此專長無需動作，但你必須察覺到該次攻擊且不處於措手不及中。	
CATEGORY=FEAT|Crusader's Fist.MOD	OUTPUTNAME:聖戰之拳（Crusader's Fist）〔戰鬥〕	DESC:.CLEAR	DESC:你給被擊中的敵人注入神聖的能量。	BENEFIT:.CLEAR	BENEFIT:當你用徒手打擊命中一個生物，並且該生物可以被你的【聖療】或【墮落之觸】所傷害，你可以選擇以迅捷動作消耗1次每日次數來對其造成正常傷害，如同你以標準動作使用了能力。該額外傷害不會被你的重擊所加成。	
CATEGORY=FEAT|Crusader's Flurry.MOD	OUTPUTNAME:聖戰連擊（Crusader's Flurry）	DESC:.CLEAR	DESC:你學會了如何將你信仰的神祇的偏好武器融入你所使用的武術架勢。	BENEFIT:.CLEAR	BENEFIT:你可以像使用武僧武器一樣使用神祇的偏好武器。	
CATEGORY=FEAT|Crushing Blow.MOD	OUTPUTNAME:怒濤碎擊（Crushing Blow）〔戰鬥〕	DESC:.CLEAR	DESC:你專注於如何粉碎敵人的防禦。	BENEFIT:.CLEAR	BENEFIT:你可以用一個整輪動作來施放一次震懾拳。如果成功，你將不會震懾目標，而是降低其AC，數值為你的感知修正，持續1分鐘。該罰值不會與另一次本專長造成的罰值疊加。	
CATEGORY=FEAT|Deadly Finish.MOD	OUTPUTNAME:致命終結（Deadly Finish）〔戰鬥〕	DESC:.CLEAR	DESC:你的攻擊從不擊倒對手——因為他們都直接死了。	BENEFIT:.CLEAR	BENEFIT:當你用近戰攻擊將你的敵人的HP減少至-1或更低時，他必須進行一次DC為「15+最後一擊傷害」的強韌檢定，否則立刻死亡。	
CATEGORY=FEAT|Death from Above.MOD	OUTPUTNAME:殃雲天降（Death from Above）〔戰鬥〕	DESC:.CLEAR	DESC:你利用重力來額外增加你衝鋒的力道。	BENEFIT:.CLEAR	BENEFIT:每當你從更高的地形或飛行狀態從更高處衝鋒你的敵人時，你的攻擊檢定的居高臨下加值變為+5。	
CATEGORY=FEAT|Death or Glory.MOD	OUTPUTNAME:死而後生（Death or Glory）〔戰鬥〕	DESC:.CLEAR	DESC:即使面對巨大的敵人，你也會為了贏得最後勝利而無懼任何危險。	BENEFIT:.CLEAR	BENEFIT:在面對一個大型或更大的生物時，你可以用整輪動作進行一次單次近戰攻擊，這次攻擊的攻擊檢定、傷害和重擊確認骰獲得+4加值。這個加值在你的BAB達到+11、+16和+20時分別會增加1（最高在BAB+20時達到+7）。當你決定進行這次攻擊，你攻擊的目標可以用直覺動作用與你同樣的加值對你進行一次單次攻擊。	
CATEGORY=FEAT|Deathless Initiate.MOD	OUTPUTNAME:亡命尖兵（Deathless Initiate）〔戰鬥〕	DESC:.CLEAR	DESC:對你來說，迫近的死亡只會喚起你的狂怒。	BENEFIT:.CLEAR	BENEFIT:你在使用「頑強」專長時不會陷入恍惚狀態，不過每當你在一輪內同時進行一個移動和一個標準動作、或進行一次整輪動作，你都會受到1點傷害。同時，當「頑強」專長激活時，你的近戰攻擊檢定和傷害骰都會獲得+2加值。	
CATEGORY=FEAT|Deathless Master.MOD	OUTPUTNAME:亡命勇士（Deathless Master）〔戰鬥〕	DESC:.CLEAR	DESC:即使受到嚴重的創傷，你也可以視若無睹的繼續進行無情的突擊。	BENEFIT:.CLEAR	BENEFIT:當你的HP為0或更低時，你在行動時不會失去1點HP。	
CATEGORY=FEAT|Deathless Zealot.MOD	OUTPUTNAME:亡命狂徒（Deathless Zealot）〔戰鬥〕	DESC:.CLEAR	DESC:只有最恐怖的傷勢才能停下你的殺戮。	BENEFIT:.CLEAR	BENEFIT:每當一個生物對你進行重擊確認，它必須投兩次骰並取低。	
CATEGORY=FEAT|Deceptive Exchange.MOD	OUTPUTNAME:欺詐交換（Deceptive Exchange）	DESC:.CLEAR	DESC:即使是在激烈的戰鬥中，你也可以成功的欺騙對手並將東西塞到他手裡。	BENEFIT:.CLEAR	BENEFIT:如果你成功的對敵人使用了虛招，你可以選擇不讓他對你下一次攻擊失去AC的敏捷加值，而是將你手裡的一件東西塞給他。該敵人必須有肢體用於接取物品，而且必須有肢體是空閒狀態才能接住物品。	
CATEGORY=FEAT|Defensive Weapon Training.MOD	OUTPUTNAME:防禦式武器訓練（Defensive Weapon Training）〔戰鬥〕	DESC:.CLEAR	DESC:你知道在面對一種武器時如何保護自己。	BENEFIT:.CLEAR	BENEFIT:從戰士【武器訓練】列表的武器組（除了天生武器）中選擇一種。在面對使用你選擇的列表中的武器攻擊你的敵人時，你的AC獲得+2閃避加值。如果你同時擁有相同種類的【武器訓練】能力，你的閃避加值增加至+3。	
CATEGORY=FEAT|Deft Shootist Deed.MOD	OUTPUTNAME:熟練射手（Deft Shootist Deed）〔勇毅〕	DESC:.CLEAR	DESC:當你專注於你的武器時仍保持警惕，使得你在射擊或裝填火器時能避免受到攻擊。	BENEFIT:.CLEAR	BENEFIT:當你還有至少1點勇毅點時，你不會在射擊或裝填火器時引發藉機攻擊。	
CATEGORY=FEAT|Destructive Dispel.MOD	OUTPUTNAME:暴力解法（Destructive Dispel）	DESC:.CLEAR	DESC:當你解除了一個敵人的魔法防禦，崩潰的魔法能量將對他造成衝擊。	BENEFIT:.CLEAR	BENEFIT:當你成功的對一個敵人進行了一次目標性的解除魔法檢定，該敵人必須進行一次強韌檢定（DC為該次解除魔法的DC），否則將陷入震懾狀態直到下一輪你行動開始。如果豁免成功，敵人只會陷入噁心狀態，持續到下一輪你行動開始。	
CATEGORY=FEAT|Devastating Strike.MOD	OUTPUTNAME:毀滅打擊（Devastating Strike）〔戰鬥〕	DESC:.CLEAR	DESC:你對敵人發出催谷全部力量的一擊。	BENEFIT:.CLEAR	BENEFIT:每當你使用「要害打擊」、「精通要害打擊」或「高等要害打擊」，你在要害打擊附加的每次額外武器傷害上獲得+2加值（最高總共+6）。這些附加傷害可以被重擊倍數乘算。	
CATEGORY=FEAT|Dimensional Agility.MOD	OUTPUTNAME:次元靈巧（Dimensional Agility）	DESC:.CLEAR	DESC:傳送將不會干擾你的行動。	BENEFIT:.CLEAR	BENEFIT:在你使用【遁術】或『任意門』之後，你可以繼續使用你回合中剩餘的動作。同時你在施放傳送法術時的專注檢定中獲得+4加值。	
CATEGORY=FEAT|Dimensional Assault.MOD	OUTPUTNAME:次元突擊（Dimensional Assault）	DESC:.CLEAR	DESC:你受過訓練，這讓你能將魔法移動作為你武術的一部分。	BENEFIT:.CLEAR	BENEFIT:以一個整輪動作，你可以使用【遁術】或『任意門』做一次特殊的衝鋒。這麼做可以允許你傳送你的雙倍當前移動速度（最大為傳送最大距離），並允許你隨後像正常衝鋒一樣進行攻擊。	
CATEGORY=FEAT|Dimensional Dervish.MOD	OUTPUTNAME:次元狂舞（Dimensional Dervish）	DESC:.CLEAR	DESC:你隨心所欲的進行傳送，讓你的對手陷入殘影和幻象的地獄之中。	BENEFIT:.CLEAR	BENEFIT:你可以在用迅捷動作激活【遁術】或『任意門』後進行一次全力攻擊。如果你這麼做了，你可以傳送你的兩倍移動速度（最大為傳送最大距離），該移動距離不需要一次使用，可以分開使用在第一次攻擊前、各次攻擊之間或攻擊結束之後。你每次傳送的距離不能少於5尺。	
CATEGORY=FEAT|Dimensional Maneuvers.MOD	OUTPUTNAME:次元戰技（Dimensional Maneuvers）	DESC:.CLEAR	DESC:你迅速的傳送讓你的戰技更加難以抵擋。	BENEFIT:.CLEAR	BENEFIT:當你使用「次元狂舞」專長時，你對敵人進行衝撞、卸武、移位或絆摔的戰技檢定獲得+4加值。	
CATEGORY=FEAT|Dimensional Savant.MOD	OUTPUTNAME:次元亂舞（Dimensional Savant）	DESC:.CLEAR	DESC:你是如此的神出鬼沒，沒有人能確定你到底身在何處。	BENEFIT:.CLEAR	BENEFIT:當你使用「次元狂舞」專長時，你可以從你攻擊過的所有位置提供夾擊。夾擊判定從你攻擊時開始，持續到下一輪你行動開始時結束。使用該專長時，你可以與複數的盟友，甚至是與你自己進行夾擊。	
CATEGORY=FEAT|Discordant Voice.MOD	OUTPUTNAME:不諧之音（Discordant Voice）	DESC:.CLEAR	DESC:你的高聲詠唱中帶著精密的計算，讓你的盟友揮動武器時產生不和諧的震波。	BENEFIT:.CLEAR	BENEFIT:當你使用【吟遊表演】能力時，你可以創建一個類法術或超自然效果，讓你附近30尺內的盟友在成功的武器攻擊中附加1d6點額外的音波傷害。這個傷害會與武器可能會造成的其他能量傷害疊加。遠程武器雖然也可以附加該額外傷害，不過被命中的目標必須位於你附近30尺以內才會生效。	
CATEGORY=FEAT|Disengaging Feint.MOD	OUTPUTNAME:虛招脫離（Disengaging Feint）〔戰鬥〕	DESC:.CLEAR	DESC:你虛晃一招，掉頭就走。	BENEFIT:.CLEAR	BENEFIT:以一個標準動作，對一個敵人進行唬騙檢定以使用虛招。成功的虛招不會使他失去AC敏捷加值，而是讓你能以你的正常移動速度離開他的威脅範圍，並且不會受到他的藉機攻擊。	
CATEGORY=FEAT|Disengaging Flourish.MOD	OUTPUTNAME:逃之夭夭（Disengaging Flourish）〔戰鬥〕	DESC:.CLEAR	DESC:你擾亂周圍的敵人，然後迅速轉進。	BENEFIT:.CLEAR	BENEFIT:以一個標準動作，你對每個威脅你的對手都進行一次唬騙檢定。如果你成功了至少1次，你可以移動你的正常速度距離。這次移動不會觸發所有對其虛招成功的敵人的藉機攻擊。	
CATEGORY=FEAT|Disengaging Shot.MOD	OUTPUTNAME:回馬槍（Disengaging Shot）〔戰鬥〕	DESC:.CLEAR	DESC:你在戰略轉進之前進行最後一次攻擊。	BENEFIT:.CLEAR	BENEFIT:每當你使用「虛招脫離」或「逃之夭夭」，你可以對一個虛招成功的敵人進行一次單次的近戰攻擊。敵人在這次攻擊中失去AC中的敏捷加值。	
CATEGORY=FEAT|Disorienting Maneuver.MOD	OUTPUTNAME:迷惑技巧（Disorienting Maneuver）	DESC:.CLEAR	DESC:你用飄忽不定的動作迷惑你的敵人。	BENEFIT:.CLEAR	BENEFIT:當你成功使用一次特技檢定穿越了一個敵人所在的方格，你對其進行的攻擊檢定將獲得+2環境加值，持續到你的下次行動開始為止。如果你選擇對該敵人進行一次絆摔，你的該次戰技檢定獲得+4環境加值。絆摔的加值同樣也持續到你下次行動開始為止。	
CATEGORY=FEAT|Dispel Synergy.MOD	OUTPUTNAME:協同解法（Dispel Synergy）	DESC:.CLEAR	DESC:你撕裂了對手的魔法防禦，同時讓他陷入虛弱，更加難以抵抗你的法術。	BENEFIT:.CLEAR	BENEFIT:如果你成功的解除了一個敵人身上的魔法效果，該敵人在你下一輪行動結束前，對你的法術的豁免檢定都會有-2罰值。	
CATEGORY=FEAT|Dispelling Critical.MOD	OUTPUTNAME:驅魔重擊（Dispelling Critical）〔重擊〕	DESC:.CLEAR	DESC:你同時對你的敵人造成沉重的物理和奧術的雙重打擊。	BENEFIT:.CLEAR	BENEFIT:如果準備了『解除魔法』法術或能夠自發施放它，當你對敵人造成一次重擊時，你可以用迅捷動作施放一次以他為目標的『解除魔法』。	
CATEGORY=FEAT|Dispelling Fist.MOD	OUTPUTNAME:解法拳（Dispelling Fist）	DESC:.CLEAR	DESC:通過專注於研究如何利用和破解魔法能量，你能夠徒手擊破敵人的魔法防禦。	BENEFIT:.CLEAR	BENEFIT:如果準備了『解除魔法』法術或能夠自發施放它，當你用徒手打擊命中一個敵人後，你可以用迅捷動作施放一次以他為目標的『解除魔法』。	
CATEGORY=FEAT|Disposable Weapon.MOD	OUTPUTNAME:一次性武器（Disposable Weapon）	DESC:.CLEAR	DESC:你無視你武器的極限，讓它對敵人和它自己都造成強大的傷害。	BENEFIT:.CLEAR	BENEFIT:當你使用一把帶有〔易碎〕性質的近戰或投擲武器命中敵人並確認重擊時，你可以選擇以武器徹底損毀為代價自動確認這次重擊。	
CATEGORY=FEAT|Disruptive Recall.MOD	OUTPUTNAME:擾法喚回（Disruptive Recall）	DESC:.CLEAR	DESC:你打斷敵方施法者的法術，將四散的魔法能量收歸己用。	BENEFIT:.CLEAR	BENEFIT:當你使用一次近戰攻擊成功的打斷了一名奧術施法者的法術，你可以立刻使用你的【法術喚回】能力重置一個你已經施放過的魔戰士法術。這次【法術喚回】能力如同你使用了相當於被打斷的法術等級的奧能點數，最大為你能施放的最高級法術。	
CATEGORY=FEAT|Distance Thrower.MOD	OUTPUTNAME:長距投擲（Distance Thrower）〔戰鬥〕	DESC:.CLEAR	DESC:你能將投擲武器扔得更遠。	BENEFIT:.CLEAR	BENEFIT:當你使用投擲武器時，你超過射程的攻擊檢定罰值降為-2。	
CATEGORY=FEAT|Djinni Spin.MOD	OUTPUTNAME:暴雷擊（Djinni Spin）〔戰鬥〕	DESC:.CLEAR	DESC:你能用強大風暴之力環繞自己，令其如颶風般迴旋並釋放出巨大電能。	BENEFIT:.CLEAR	BENEFIT:當你處於雷靈流派架勢時，以一個標準動作，消耗2次「元素之拳」使用次數，你召喚出雷電風暴包圍自己，對和你相鄰的所有生物造成你的徒手打擊傷害，外加元素之拳電擊傷害，並在1d4輪內陷入耳聾狀態。通過DC為「10+1/2角色等級+感知修正」的強韌豁免則傷害減半，且不會耳聾。【編註：雷靈流派專長大概不是一個作者寫的吧。】	
CATEGORY=FEAT|Djinni Spirit.MOD	OUTPUTNAME:雷魂（Djinni Spirit）〔戰鬥〕	DESC:.CLEAR	DESC:通過呼喚風暴之靈，你能夠令雷電保護自己、侵襲敵人。	BENEFIT:.CLEAR	BENEFIT:你獲得1次額外「元素之拳」使用次數。當你處於雷靈流派架勢時獲得以下好處：你獲得閃電抗力，數值等同於你的BAB，或你的武僧等級加上你其他職業得到的BAB（取高者）。當你失去AC的敏捷加值時，你也會失去此抗力。受到你元素之拳雷電傷害的對手須進行一次DC為「10+1/2角色等級+感知修正」的強韌豁免，失敗將在1d4輪內陷入耳聾狀態。那些受到你「暴雷擊」傷害的生物即使豁免成功，也會陷入耳聾。	
CATEGORY=FEAT|Djinni Style.MOD	OUTPUTNAME:雷靈（Djinni Style）〔戰鬥，流派〕	DESC:.CLEAR	DESC:你步法若風，掌上帶電。	BENEFIT:.CLEAR	BENEFIT:你獲得1次額外「元素之拳」每日使用次數。當你使用此流派架勢時獲得以下好處：使用元素之拳，你在造成閃電傷害時獲得等於你感知加值的額外傷害；只要你還剩餘元素之拳的使用次數，你對藉機攻擊的AC有+2閃避加值，但如果你失去AC的敏捷加值，你也會失去此加值。	
CATEGORY=FEAT|Domain Strike.MOD	OUTPUTNAME:領域打擊（Domain Strike）〔戰鬥〕	DESC:.CLEAR	DESC:你在徒手打擊中能對敵人使用你的領域神授力量。	BENEFIT:.CLEAR	BENEFIT:當你獲得這個專長，選擇一項你能使用的，針對單一目標的領域神授力量。當你對一個敵人進行了一次成功的徒手打擊，除了造成你的徒手打擊傷害，你還可以用一個迅捷動作將你選擇的神授力量的效果傳遞給敵人。這麼做不會觸發藉機攻擊。	
CATEGORY=FEAT|Double Bane.MOD	OUTPUTNAME:雙武破敵（Double Bane）	DESC:.CLEAR	DESC:你讓你的破敵能力同時作用於兩把武器。	BENEFIT:.CLEAR	BENEFIT:你可以將破敵能力作用於你持用的第二把武器。當你的【破敵】能力激活時，你可以在你自己行動時，以自由動作決定破敵能力作用於一把武器，另一把武器或同時兩把武器。當你的破敵能力同時作用於兩把武器時，每一輪你都會消耗2輪的每日破敵能力使用時間。	
CATEGORY=FEAT|Drag Down.MOD	OUTPUTNAME:拽倒（Drag Down）〔戰鬥〕	DESC:.CLEAR	DESC:當你摔倒時，你反射性地拖著你的對手一起倒下。	BENEFIT:.CLEAR	BENEFIT:每當一個敵人成功的絆摔了你，你可以立刻用直覺動作對其進行一次絆摔嘗試。	
CATEGORY=FEAT|Dragon Ferocity.MOD	OUTPUTNAME:龍威（Dragon Ferocity）〔戰鬥〕	DESC:.CLEAR	DESC:你以巨龍之力發動攻擊，你的沉重打擊令敵人恐懼不已。	BENEFIT:.CLEAR	BENEFIT:你使用龍形拳流派架勢時獲得以下好處：你在徒手攻擊上獲得等於你力量修正一半的額外傷害；如果你造成重擊或「震懾拳」成功，你可以令對手在「1d4+力量修正」輪內陷入戰慄狀態。	
CATEGORY=FEAT|Dragon Roar.MOD	OUTPUTNAME:龍吼（Dragon Roar）〔戰鬥〕	DESC:.CLEAR	DESC:你體內潛藏的龍魂以響徹天際的咆哮轟散開去。	BENEFIT:.CLEAR	BENEFIT:你獲得1次「震懾拳」額外每日使用次數。當你使用龍拳流派架勢時，消耗2發「震懾拳」，你可以用標準動作進行龍吼，15尺錐狀範圍內的敵人受到你徒手擊打的傷害，並在1d4輪內戰慄。通過DC為「10+1/2角色等級+感知修正」的意志豁免則所受傷害減半，且不會戰慄。	
CATEGORY=FEAT|Dragon Style.MOD	OUTPUTNAME:龍形拳（Dragon Style）〔戰鬥，流派〕	DESC:.CLEAR	DESC:你呼喚龍族之靈，從這些偉大存在中獲得了巨大的韌性、機敏和狂烈。	BENEFIT:.CLEAR	BENEFIT:你啟用龍拳流派架勢時，你對抗睡眠，麻痺與震懾效果的豁免有+2加值。你在衝鋒，奔跑或撤退時無視困難地形。你可以越過同伴佔據的方格進行衝鋒。而且你在1輪中第一次徒手打擊的傷害加值使用1.5倍力量修正。	
CATEGORY=FEAT|Dramatic Display.MOD	OUTPUTNAME:精彩武技（Dramatic Display）〔戰鬥，演武〕	DESC:.CLEAR	DESC:你對武器的掌握技巧同時展現給對手和在場觀眾。	BENEFIT:.CLEAR	BENEFIT:當你以迅捷動作進行演武檢定時，技巧令人歎為觀止。你的演武檢定+2，並在下輪結束前的所有攻擊和戰技檢定都獲得+2加值。	
CATEGORY=FEAT|Earth Child Binder.MOD	OUTPUTNAME:狡兔搏鷹（Earth Child Binder）〔戰鬥〕	DESC:.CLEAR	DESC:即便最高大的巨人也畏懼你的技巧。	BENEFIT:.CLEAR	BENEFIT:你可以絆摔任何體型的巨人亞種生物。你處於地堂流派架勢時，巨人亞種生物因在俯臥狀態中站起而引發你藉機攻擊時，你可以進行徒手打擊，你可以在這次攻擊命中後宣告使用震懾拳，這次震懾拳DC+4。	
CATEGORY=FEAT|Earth Child Style.MOD	OUTPUTNAME:以小搏大（Earth Child Style）〔戰鬥，流派〕	DESC:.CLEAR	DESC:你所受的武技訓練使你成為巨人剋星。	BENEFIT:.CLEAR	BENEFIT:你啟用地堂流派架勢時，「防禦訓練」的獎勵閃避AC變成+6；同時你在對抗巨人亞種生物時，徒手傷害加上感知修正。	
CATEGORY=FEAT|Earth Child Topple.MOD	OUTPUTNAME:四兩撥千斤（Earth Child Topple）〔戰鬥〕	DESC:.CLEAR	DESC:你對平衡與動量的掌握允許你空手摞倒巨人。	BENEFIT:.CLEAR	BENEFIT:你可以對巨人亞種生物進行絆摔（體型不超過超大型）。當你使用地堂流派架勢時，你在對抗巨人亞種生物的重擊確認骰與絆摔CMB上加上你的感知修正。	
CATEGORY=FEAT|Efreeti Stance.MOD	OUTPUTNAME:炎宿（Efreeti Stance）〔戰鬥〕	DESC:.CLEAR	DESC:你呼喚出實體化的炎之靈魂保護自己，並將敵人燒為灰燼。	BENEFIT:.CLEAR	BENEFIT:你獲得額外1次額外「元素之拳」每日使用次數。當你使用炎靈流派架勢時獲得以下好處：你獲得火焰抗力，數值等同於你的BAB、或你的武僧等級加上你從其他職業得到的BAB（取高者）。當你失去AC的敏捷加值時，你也會失去此抗力。受到你元素之拳火焰傷害的對手須進行一次DC為「10+1/2角色等級+感知修正」的反射豁免，失敗將著火。	
CATEGORY=FEAT|Efreeti Style.MOD	OUTPUTNAME:炎靈（Efreeti Style）〔戰鬥〕	DESC:.CLEAR	DESC:你掌握了火焰變幻莫測的力量，即使你接觸不到敵人，你拳腳間爆發的烈風仍然能燒焦你的敵人。	BENEFIT:.CLEAR	BENEFIT:你獲得1次額外「元素之拳」每日使用次數。你在炎靈流派架勢中使用元素之拳時，你在造成火系傷害時獲得等於你感知加值的額外傷害。如果你在此架勢中使用火系元素之拳沒有命中，你仍然能給予對手1d6火焰傷害。	
CATEGORY=FEAT|Efreeti Touch.MOD	OUTPUTNAME:炎觸（Efreeti Touch）〔戰鬥〕	DESC:.CLEAR	DESC:你掌握了烈風與炎日的秘密，可以讓手中凝聚的火之精靈解放，化成毀滅之焰。	BENEFIT:.CLEAR	BENEFIT:你使用炎靈流派架勢時，以一個標準動作，消耗兩次「元素之拳」使用次數，你可以放出半徑15尺的錐狀爆炎，對範圍內所有生物造成等於「你的徒手打擊傷害+元素之拳火傷」的傷害並著火。通過DC為「10+1/2角色等級+感知修正」的反射豁免則傷害減半，且不會著火。	
CATEGORY=FEAT|Elusive Redirection.MOD	OUTPUTNAME:斗轉星移（Elusive Redirection）	DESC:.CLEAR	DESC:你能讓敵人的攻擊悉數返回，或轉移到鄰近的其他敵人身上。	BENEFIT:.CLEAR	BENEFIT:當你成功的使用了一次【轉身采手】以減免一次攻擊傷害，你可以花費直覺動作和1點氣池將這次攻擊返還給原攻擊者、或另一個同時鄰接你和攻擊者的敵人。這次攻擊使用於原攻擊相同的攻擊檢定骰，但是攻擊對象是你選擇的敵人。	
CATEGORY=FEAT|Enfilading Fire.MOD	OUTPUTNAME:交叉火力（Enfilading Fire）〔戰鬥，團隊〕	DESC:.CLEAR	DESC:透過盟友的夾擊，你在射擊時得到額外的優勢。	BENEFIT:.CLEAR	BENEFIT:當至少一個擁有此專長的盟友夾擊敵人時，你對該目標的遠程攻擊得到+2加值。	
CATEGORY=FEAT|Escape Route.MOD	OUTPUTNAME:確保退路（Escape Route）〔團隊〕	DESC:.CLEAR	DESC:你受過專業的戰術訓練，在盟友撤退時可以保護他們的背後。	BENEFIT:.CLEAR	BENEFIT:當盟友移動經過你的方格和與你鄰接的方格時不會引起機會攻擊。	
CATEGORY=FEAT|Expert Driver.MOD	OUTPUTNAME:專業御者（Expert Driver）	DESC:.CLEAR	DESC:你在駕駛特定類型載具時展現出了令人驚歎的技術，操控得當、停位精準。	BENEFIT:.CLEAR	BENEFIT:你能以移動動作而非標準動作進行加速、減速或轉向。此外，當你剎車時，在完全停止前滑行的距離減少10尺。	
CATEGORY=FEAT|Extra Bane.MOD	OUTPUTNAME:額外破敵（Extra Bane）	DESC:.CLEAR	DESC:你能使用更多次的破敵能力。	BENEFIT:.CLEAR	BENEFIT:你每天的破敵能力使用時間增加3輪。	
CATEGORY=FEAT|Extra Grit.MOD	OUTPUTNAME:額外勇毅（Extra Grit）〔勇毅〕	DESC:.CLEAR	DESC:你比一般的銃士更為勇毅。	BENEFIT:.CLEAR	BENEFIT:你每天獲得2點額外勇毅點，你的勇毅點上限增加2點。	
CATEGORY=FEAT|False Opening.MOD	OUTPUTNAME:假意迎敵（False Opening）〔戰鬥〕	DESC:.CLEAR	DESC:當你在敵人威脅範圍內進行遠程攻擊，你可以誘使他攻擊你從而讓他空門大開。	BENEFIT:.CLEAR	BENEFIT:選擇一種遠程武器或投擲武器。當你使用這種武器進行一次遠程攻擊時，你可以選擇觸發一個或多個正威脅你的敵人的藉機攻擊。針對這些攻擊，你獲得+4閃避加值。如果敵人的這次藉機攻擊未能命中你，他對你失去敏捷加值，持續到你這次行動輪結束。	
CATEGORY=FEAT|Feint Partner.MOD	OUTPUTNAME:聯合虛招（Feint Partner）〔戰鬥，團隊〕	DESC:.CLEAR	DESC:一個小小的分神就可以讓你穿透敵人的防禦。	BENEFIT:.CLEAR	BENEFIT:當擁有此專長的盟友成功對敵人使用虛招時，該目標在盟友的下一輪開始前對你的第一次攻擊失去敏捷加值。	
CATEGORY=FEAT|Felling Escape.MOD	OUTPUTNAME:擊倒脫逃（Felling Escape）〔戰鬥〕	DESC:.CLEAR	DESC:通過流暢而精妙的巧勁，你在脫離擒抱時反將你的對手摔倒在地。	BENEFIT:.CLEAR	BENEFIT:當你使用戰技檢定或脫逃技能檢定打破擒抱時，你可以用迅捷動作對之前擒抱你的敵人進行一次絆摔嘗試。	
CATEGORY=FEAT|Felling Smash.MOD	OUTPUTNAME:擊倒猛攻（Felling Smash）〔戰鬥〕	DESC:.CLEAR	DESC:你集中你所有的力量進行一次毀滅性的猛擊，試圖將你的敵人擊垮在地。	BENEFIT:.CLEAR	BENEFIT:當你使用猛力攻擊進行一次最高攻擊加值的單次近戰攻擊時，如果你命中，你可以花費迅捷動作來對目標進行一次絆摔嘗試。	
CATEGORY=FEAT|Feral Combat Training.MOD	OUTPUTNAME:野性戰鬥訓練（Feral Combat Training）〔戰鬥〕	DESC:.CLEAR	DESC:你曾蒙異人傳授，習得了如何使用你的種族或職業特性賦予你的天生武器施展招式的藝術。	BENEFIT:.CLEAR	BENEFIT:選擇一種你的天生武器。當使用選擇的天生武器時，你可以應用那些以「精通徒手打擊」為前提的專長。	
CATEGORY=FEAT|Field Repair.MOD	OUTPUTNAME:戰地維修（Field Repair）	DESC:.CLEAR	DESC:即使手邊沒有趁手工具，你也可以對破損的武器和盔甲進行應急處理。	BENEFIT:.CLEAR	BENEFIT:如果你在破損的道具的對應工藝技能上已受訓，你可以在沒有材料成本和只有簡易工具的情況下進行修復，並且沒有手藝技能檢定懲罰。如果你花費一整天，該物品將會恢復1點加上原最大HP1/4的HP。此外，如果一把火器由於啞火而破損、一台攻城兵器由於掉鏈而破損或是一件〔易碎〕武器破損（或其他類似情況），你可以進行一次對應物品類型的DC的工藝檢定。如果檢定成功，物品的破損狀態被移除。	
CATEGORY=FEAT|Final Embrace.MOD	OUTPUTNAME:最終擁抱（Final Embrace）〔戰鬥〕	DESC:.CLEAR	DESC:你的緊勒變得致命，讓你能夠捆綁和你同體型或更小的生物。	BENEFIT:.CLEAR	BENEFIT:你獲得「緊勒」和「攫抓」特殊攻擊。你的緊勒將會造成等於你徒手打擊或者天生武器的近戰傷害。此外，你可以攫抓和緊勒最多和你同等體型的生物。	
CATEGORY=FEAT|Final Embrace Horror.MOD	OUTPUTNAME:恐怖最終擁抱（Final Embrace Horror）〔戰鬥〕	DESC:.CLEAR	DESC:很少有生物能活著離開你粉碎性的最終擁抱。	BENEFIT:.CLEAR	BENEFIT:當你的「緊勒」攻擊對一個生物造成傷害，它同時也會陷入戰慄狀態，持續到你下次行動開始為止。	
CATEGORY=FEAT|Final Embrace Master.MOD	OUTPUTNAME:最終擁抱極意（Final Embrace Master）〔戰鬥〕	DESC:.CLEAR	DESC:很少有生物能活著離開你粉碎性的最終擁抱。	BENEFIT:.CLEAR	BENEFIT:你的「緊勒」特殊攻擊的傷害骰翻倍。	
CATEGORY=FEAT|Flanking Foil.MOD	OUTPUTNAME:挫敗夾擊（Flanking Foil）〔戰鬥〕	DESC:.CLEAR	DESC:你能輕易的打破多個敵人合擊你的意圖。	BENEFIT:.CLEAR	BENEFIT:每當你用近戰攻擊命中一個敵人，直到你下一次行動開始，即使該敵人夾擊你，他也不會獲得任何夾擊加值，亦不能利用夾擊對你進行偷襲。他仍然可以對他的其他盟友提供夾擊機會。	
CATEGORY=FEAT|Fortified Armor Training.MOD	OUTPUTNAME:丟卒保帥（Fortified Armor Training）〔戰鬥〕	DESC:.CLEAR	DESC:你學會了如何讓你的防具替你承受最重的攻擊。	BENEFIT:.CLEAR	BENEFIT:如果一個敵人你對造成了重擊，你可以選擇將其變為普通攻擊，不過你的盔甲或盾牌（由你選擇）會陷入破損狀態。	
CATEGORY=FEAT|Furious Finish.MOD	OUTPUTNAME:狂怒終結（Furious Finish）	DESC:.CLEAR	DESC:你引導你所有的怒氣聚於一擊並徹底將敵人轟殺至渣。	BENEFIT:.CLEAR	BENEFIT:處於狂暴狀態時，當你使用要害打擊系列專長，你可以選擇不擲傷害骰而是將傷害骰取最大值。如果你這麼做，你的狂暴狀態立刻結束，並且你陷入疲乏狀態（即使正常情況下不會疲乏）。	
CATEGORY=FEAT|Gory Finish.MOD	OUTPUTNAME:血腥擊殺（Gory Finish）〔戰鬥〕	DESC:.CLEAR	DESC:藉由野性，你用最為駭人的技巧將敵人擊殺，以此恐嚇附近的其他敵人。	BENEFIT:.CLEAR	BENEFIT:當你進行攻擊，你可以用你的最高攻擊加值、通過擁有「武器專攻」專長的武器進行一次單次攻擊。如果這次攻擊將你的敵人HP降低到負數，你可以花費迅捷動作對附近30尺內所有看到你進行攻擊的敵人進行一次威嚇檢定以挫敗其士氣。	
CATEGORY=FEAT|Greater Channel Smite.MOD	OUTPUTNAME:高等導能打擊（Greater Channel Smite）	DESC:.CLEAR	DESC:你在你的武器中貯藏神的力，讓它們在擊中敵人時爆發出來。	BENEFIT:.CLEAR	BENEFIT:當你行動時，在進行任何近戰攻擊之前，你可以花費迅捷動作來消耗一次每日引導能量次數。你的引導投骰結果將創建一個等額的能量池，你可以用它來對可以傷害的生物造成額外傷害——正能量→不死生物，或負能量→活物。在進行近戰攻擊之前，你可以決定要從能量池中分配多少能量來在這次攻擊命中後造成額外傷害。目標在受到額外傷害時，可以像面對引導能量一樣用意志豁免檢定將其減半。當你造成重擊，額外傷害不會乘算。如果攻擊失敗，能量池將不會消耗，但是如果你在本輪行動結束時仍未用盡能量池，能量池將會消失。	
CATEGORY=FEAT|Greater Rending Fury.MOD	OUTPUTNAME:高等狂怒撕扯（Greater Rending Fury）〔戰鬥〕	DESC:.CLEAR	DESC:你撕開對手時的場面血腥而又恐怖。	BENEFIT:.CLEAR	BENEFIT:當你撕扯一名對手，你對其造成1d6出血傷害。這是在撕扯傷害額外的效果。	
CATEGORY=FEAT|Greater Snap Shot.MOD	OUTPUTNAME:高等快槍（Greater Snap Shot）〔戰鬥〕	DESC:.CLEAR	DESC:你不會放過對手最短暫的鬆懈時刻，哪怕距離遙遠。	BENEFIT:.CLEAR	BENEFIT:當你使用遠程武器發動藉機攻擊且命中時，你的傷害檢定和重擊確認檢定+2。這些加值在你的BAB達到+16和+20時分別升至+4和+6。	
CATEGORY=FEAT|Greater Whip Mastery.MOD	OUTPUTNAME:高等長鞭熟稔（Greater Whip Mastery）〔戰鬥〕	DESC:.CLEAR	DESC:你能用長鞭輕易發動戰技。	BENEFIT:.CLEAR	BENEFIT:你揮舞長鞭如此迅捷，以至於絕不會因卸武或絆摔戰技失敗而令長鞭脫手。此外你還能以長鞭發動擒抱，這將採用正常的擒抱規則、以及下列調整。攻擊：你不能在以長鞭擒抱一個對手時用它攻擊。傷害：對擒抱對像造成傷害時，採用長鞭的武器傷害、而非你的徒手傷害。空手：你未能同時空出雙手時，不會在以長鞭發動的擒抱檢定中承受減值。觸及：當你成功擒抱時，並非要拖著擒抱對象與你鄰接，而是和他保持「長鞭觸及-對方觸及」的距離。若兩者差值小於0（譬如當中型長鞭持用者擒抱巨型生物時），你根本無法用長鞭擒抱此對象。若你不得不用長鞭將他拉至身邊才能發動擒抱，你的擒抱戰技仍將觸發對方的藉機攻擊；除非你擁有「精通擒抱」專長。捆綁：在與對手鄰接時，你能嘗試用長鞭將他捆起來。若你對擒抱中（而非壓制中）的對手如此做時，只需承受戰技檢定的-5減值（而非通常的-10）。	
CATEGORY=FEAT|Guided Hand.MOD	OUTPUTNAME:引導之手（Guided Hand）	DESC:.CLEAR	DESC:在你使用你的神祇的偏好武器時，你會獲得神的祝福。	BENEFIT:.CLEAR	BENEFIT:當你使用偏好武器時，你在擲攻擊骰時可以用你的感知修正代替力量或敏捷修正。	
CATEGORY=FEAT|Gunsmithing.MOD	OUTPUTNAME:槍匠（Gunsmithing）	DESC:.CLEAR	DESC:你知道如何修復和保養槍支的技術秘密。	BENEFIT:.CLEAR	BENEFIT:如果你有一套槍械修理工具，你可以製造或維修火器、手工製作彈藥或調配所有槍支使用的黑火藥。你在製造火器和彈藥或修復火器時，不需要進行相關工藝檢定。手工製造火器：你可以只消耗一半的正常原材料成本來製造任何早期火器。按照你的GM的判斷，你可以只消耗一半的正常原材料成本來製作一些高級火器。製造一件火器需要消費每1000金幣成本1天的時間（最少1天）。手工製造彈藥：你可以只消耗10%%%%的正常原材料成本來製造子彈、霰彈或黑火藥。如果你在工藝（煉金）上有至少1個等級，你可以只消耗一半的正常原材料成本來製作煉金彈匣。按照你的GM的判斷，你可以只消耗一半的正常原材料成本來製作金屬彈匣。製造子彈、黑火藥或彈匣時需要消費每1000金幣成本1天的時間（最少1天）。修復破損火器：每天通過1個小時的工作，你可以用該專長來修復一把破損的火器。你可以在休息時間通過該專長來修理火器。	
CATEGORY=FEAT|Hammer the Gap.MOD	OUTPUTNAME:窮錘猛打（Hammer the Gap）〔戰鬥〕	DESC:.CLEAR	DESC:你多次命中相同的位置，造成越來越大的傷害。	BENEFIT:.CLEAR	BENEFIT:當你進行全力攻擊，每當你的攻擊命中一個相同的敵人，你就能對其造成相當於本輪之前命中它的次數的額外傷害。該傷害可以被重擊乘算。	
CATEGORY=FEAT|Harmonic Sage.MOD	OUTPUTNAME:和聲大師（Harmonic Sage）	DESC:.CLEAR	DESC:你對人工建築中的聲波反射瞭若指掌，能利用這種現象來增強你的表演效果。	BENEFIT:.CLEAR	BENEFIT:當身處一座人工建築內，你在開始1次【吟遊表演】前可以花費自由動作進行一次DC為15的知識（工程）檢定。如果檢定成功，你可以獲得下列效果之一：自我和聲：你與你自己的回音達成完美協調，你的【吟遊表演】的豁免DC增加1。餘音繞樑：你可以讓你的【吟遊表演】效果在你停止維持它之後仍然持續1輪的時間，不論你因為什麼原因而停止維持它。你仍然不能在同一時間製造一種以上的表演效果。	
CATEGORY=FEAT|Haunted Gnome.MOD	OUTPUTNAME:精怪侏儒（Haunted Gnome）〔戰鬥〕	DESC:.CLEAR	DESC:你能用你的侏儒幻術製造令人毛骨悚然的幻象。	BENEFIT:.CLEAR	BENEFIT:將『精怪之相（Haunted Fey Aspect, UC）』法術加入你的類法術能力列表中，你能每天使用這項類法術能力2次。	
CATEGORY=FEAT|Haunted Gnome Assault.MOD	OUTPUTNAME:精怪侏儒突擊（Haunted Gnome Assault）〔戰鬥〕	DESC:.CLEAR	DESC:你帶著嚇人的幻象去攻擊敵人，敵人因此陷入恐慌。	BENEFIT:.CLEAR	BENEFIT:除了每天能使用的類法術能力次數，你獲得另一次單獨的法術使用機會。當你每天的侏儒魔法已經消耗完畢時，你能用這次使用機會來發動法術。此外，當你受到『精怪之相』法術作用時，當你衝鋒命中敵人或對敵人造成重擊，你能選擇立刻解消法術。如果你這樣做了，敵人會陷入持續一輪的戰慄狀態。	
CATEGORY=FEAT|Haunted Gnome Shroud.MOD	OUTPUTNAME:精怪侏儒防護（Haunted Gnome Shroud）〔戰鬥〕	DESC:.CLEAR	DESC:你那令人不安的幻象讓你的位置難以確認。	BENEFIT:.CLEAR	BENEFIT:你再獲得另一次使用你的侏儒魔法的機會，如同「精怪侏儒突擊」專長。此外，當你處於『精怪之相』法術效果下，你在對手對你造成傷害前，獲得隱蔽效果（20%%%%失手）。	
CATEGORY=FEAT|Hero's Display.MOD	OUTPUTNAME:英豪演武（Hero's Display）〔戰鬥，演武〕	DESC:.CLEAR	DESC:當你向大眾展示了自己對武器的精深嫻熟之後，觀眾為之沸騰，對手則為之氣沮。	BENEFIT:.CLEAR	BENEFIT:當你以迅捷動作進行演武檢定時，你揮舞著擁有「武器專攻」專長的武器做出勝利宣告。你的演武檢定+2，並能對30尺內能看到你表演的所有對手進行一次挫敗士氣的威嚇檢定。	
CATEGORY=FEAT|Hex Strike.MOD	OUTPUTNAME:巫術打擊（Hex Strike）〔戰鬥〕	DESC:.CLEAR	DESC:誦唱著詛咒，你用徒手打擊將巫術能量送進敵人體內。	BENEFIT:.CLEAR	BENEFIT:當你選擇該專長，選擇一種你能施放而目標不超過一個敵人的巫術。如果你對一個敵人進行了一次成功的徒手打擊，除了正常的徒手打擊傷害，你還能用迅捷動作讓你選擇的巫術作用於該目標。這麼做不會引發藉機攻擊。	
CATEGORY=FEAT|Horse Master.MOD	OUTPUTNAME:坐騎大師（Horse Master）〔戰鬥〕	DESC:.CLEAR	DESC:你混合了不同流派的馴馬技巧，整合成完美的騎乘作戰藝術。	BENEFIT:.CLEAR	BENEFIT:在決定你的坐騎的強度和屬性時，你的有效德魯伊等級視同你的角色等級。	
CATEGORY=FEAT|Impact Critical Shot.MOD	OUTPUTNAME:衝撞射擊（Impact Critical Shot）〔戰鬥，重擊〕	DESC:.CLEAR	DESC:隨著一系列遠程攻擊，你命中敵人的膝蓋，或者將他們擊退。	BENEFIT:.CLEAR	BENEFIT:每當你用遠程武器造成了一次重擊，除了造成正常傷害，你還可以擲一次戰技檢定對抗目標的CMD。如果成功，你可以像使用衝撞戰技一樣將他擊退，或是像使用絆摔一樣將他們擊倒。如果你選擇衝撞，你不會和目標一起移動。你這次戰技動作不會觸發藉機攻擊。	
CATEGORY=FEAT|Impaling Critical.MOD	OUTPUTNAME:穿刺重擊（Impaling Critical）〔戰鬥，重擊〕	DESC:.CLEAR	DESC:你的重擊能刺穿你的敵人。	BENEFIT:.CLEAR	BENEFIT:每當你造成了一次重擊，你可以將對手穿刺在你的武器上。如果你的對手以這種方式被刺穿，每當輪到他行動時，你對其造成正常武器傷害加上武器本身的額外傷害。作為一個直覺動作，你可以從對手身上把武器抽出來。如果你的對手試圖離開你的觸及範圍，你需要用一個自由動作放開武器，或是將武器抽出來。你的對手可以用一個移動動作將你的武器抽出來。一旦武器被抽離，你的對手將會受到一次相當於輪到他行動時的穿刺傷害。當你的武器刺穿了一個對手，在此期間你不能用它進行攻擊，並且你必須一直持握著它。	
CATEGORY=FEAT|Improved Back to Back.MOD	OUTPUTNAME:精通背靠背（Improved Back to Back）〔團隊〕	DESC:.CLEAR	DESC:經過長時間的戰鬥訓練，你們知道如何掩護彼此。	BENEFIT:.CLEAR	BENEFIT:當你和有此專長且被夾擊的隊友鄰接時，你可以花費一個迅捷動作令自己對抗那些夾擊者的AC+2，持續到你下一輪開始。	
CATEGORY=FEAT|Improved Charging Hurler.MOD	OUTPUTNAME:精通衝鋒投擲（Improved Charging Hurler）〔戰鬥〕	DESC:.CLEAR	DESC:你利用身上每一塊肌肉來增強你的投擲威力。	BENEFIT:.CLEAR	BENEFIT:當你使用「衝鋒投擲」時，你可以在與目標距離為武器最大射程以內的任何地方停止移動。如果你的目標在30尺範圍內，你的傷害骰獲得+2加值。	
CATEGORY=FEAT|Improved Cleaving Finish.MOD	OUTPUTNAME:精通終勢斬（Improved Cleaving Finish）〔戰鬥〕	DESC:.CLEAR	DESC:你僅用一次攻擊就能收割掉一大堆敵人。	BENEFIT:.CLEAR	BENEFIT:當你使用「終勢斬」時沒有每輪次數限制。	
CATEGORY=FEAT|Improved Devastating Strike.MOD	OUTPUTNAME:精通毀滅打擊（Improved Devastating Strike）〔戰鬥〕	DESC:.CLEAR	DESC:你的怒火與力量都讓你的攻擊能夠更加徹底的將敵人轟殺。	BENEFIT:.CLEAR	BENEFIT:每當你使用「要害打擊」、「精通要害打擊」或「高等要害打擊」，你的重擊確認檢定都將獲得加值，加值等於你從「毀滅打擊」專長中獲得的傷害加值。	
CATEGORY=FEAT|Improved Feint Partner.MOD	OUTPUTNAME:高等聯合虛招（Improved Feint Partner）〔戰鬥，團隊〕	DESC:.CLEAR	DESC:對於盟友詭計和戰技的知識讓你可以透過他的虛招得到更多的好處。	BENEFIT:.CLEAR	BENEFIT:當擁有此專長的盟友成功使用虛招時，中招的敵人引發你的一次藉機攻擊。	
CATEGORY=FEAT|Improved Impaling Critical.MOD	OUTPUTNAME:精通穿刺重擊（Improved Impaling Critical）〔戰鬥，重擊〕	DESC:.CLEAR	DESC:當你穿刺一個目標，你還能阻礙其移動，並導致嚴重的大出血。	BENEFIT:.CLEAR	BENEFIT:每當你使用「穿刺重擊」來穿刺一個目標，並且仍持有武器，對手必須與你進行一次擒抱檢定對抗才能拔出你的武器。如果你放開了你的武器，對手必須花費標準動作才能抽出武器。在對手抽出武器之前，他的所有移動速度減半，並且飛行機動性（如果有）下降一個等級。當武器被抽離，將不會造成另一次穿刺傷害，而是會導致每一輪對手開始行動時受到相當於你武器傷害骰的出血傷害。	
CATEGORY=FEAT|Improved Rending Fury.MOD	OUTPUTNAME:精通狂怒撕扯（Improved Rending Fury）〔戰鬥〕	DESC:.CLEAR	DESC:雙爪極其致命，你就是狂怒撕扯的活體颶風。	BENEFIT:.CLEAR	BENEFIT:當你成功發動撕扯，你能造成額外的1d6傷害。此傷害不會因重擊而加倍。	
CATEGORY=FEAT|Improved Snap Shot.MOD	OUTPUTNAME:精通快槍（Improved Snap Shot）〔戰鬥〕	DESC:.CLEAR	DESC:你能從遠處抓住對方的弱點射擊，且不會因此暴露破綻。	BENEFIT:.CLEAR	BENEFIT:你的「快槍」專長的威脅範圍擴大10尺。	
CATEGORY=FEAT|Improved Stalwart.MOD	OUTPUTNAME:精通堅毅（Improved Stalwart）	DESC:.CLEAR	DESC:你圓轉地接下攻擊，並立刻反擊。	BENEFIT:.CLEAR	BENEFIT:你從「堅毅」專長獲得的傷害減免加倍，最大達到「10/-」。	
CATEGORY=FEAT|Improved Two-Weapon Feint.MOD	OUTPUTNAME:精通雙武器虛招（Improved Two-Weapon Feint）〔戰鬥〕	DESC:.CLEAR	DESC:你的主手武器讓對手失去平衡，而副手武器則乘隙攻入他的防禦。	BENEFIT:.CLEAR	BENEFIT:當你使用雙武器進行近戰攻擊，你可以放棄你的第一次主手武器攻擊、進行一次唬騙檢定來對一個敵人使用虛招。如果你虛招成功，目標將會在你本輪結束之前失去敏捷上的AC加值。	
CATEGORY=FEAT|Improved Whip Mastery.MOD	OUTPUTNAME:精通長鞭熟稔（Improved Whip Mastery）〔戰鬥〕	DESC:.CLEAR	DESC:你可以用長鞭環繞並糾纏敵人。【譯者吐槽：扯淡吧那裡說到能糾纏敵人了？！】	BENEFIT:.CLEAR	BENEFIT:當持用長鞭時，你的威脅範圍為天生觸及外加5尺。你能用長鞭抓起觸及範圍內的一件小型或超小型無主物品，將其拖到你所在的方格。如此施為你需要進行AC為10的近戰接觸攻擊。此外，你能用長鞭鉤住它觸及範圍內的一件物體，將它5尺長的一段當作抓鉤來使用，令你能夠把長鞭的剩餘部分當作繩索般搖蕩。你能以自由動作放開鉤住的物體，但你不能在長鞭正鉤在物體上的時候用它攻擊。	
CATEGORY=FEAT|Instant Judgment.MOD	OUTPUTNAME:瞬刻審判（Instant Judgment）	DESC:.CLEAR	DESC:你最快速的宣言也蘊含著力量。	BENEFIT:.CLEAR	BENEFIT:你可以用直覺動作來發動審判，或是改變一個激活的審判類型。	
CATEGORY=FEAT|Intimidating Bane.MOD	OUTPUTNAME:威嚇破敵（Intimidating Bane）	DESC:.CLEAR	DESC:你用破敵武器做出的攻擊讓敵人聞風喪膽。	BENEFIT:.CLEAR	BENEFIT:當你在【破敵】能力激活時使用「炫目技巧」，你對對應破敵類型的生物的威嚇檢定獲得+2加值。只要你的【破敵】能力持續且生物類型匹配，被影響的生物將會一直處於戰慄狀態。	
CATEGORY=FEAT|Janni Rush.MOD	OUTPUTNAME:罡風驚天（Janni Rush）〔戰鬥〕	DESC:.CLEAR	DESC:當躍起攻擊時，你的打擊沉重猶如萬鈞。	BENEFIT:.CLEAR	BENEFIT:你使用風靈流派架勢時獲得以下好處：你跳躍總是視為已助跑。如果你使用跳躍作為你衝鋒動作的一部分，並用徒手攻擊命中對手，丟兩次徒手傷害骰合計，但力量，武器屬性（例如「熾焰」附魔）及基於精準攻擊（例如偷襲）帶來的傷害增加值不翻倍。本專長帶來的額外傷害在重擊時不翻倍（儘管其他傷害增加值正常翻倍計算）。	
CATEGORY=FEAT|Janni Style.MOD	OUTPUTNAME:御風（Janni Style）〔戰鬥，流派〕	DESC:.CLEAR	DESC:你旋風般的格鬥技巧令自己難以被擊中。	BENEFIT:.CLEAR	BENEFIT:你處於風靈流派架勢中時，衝鋒帶來的AC罰值降為-1；夾擊你的對手獲得的攻擊加值降為+1。	
CATEGORY=FEAT|Janni Tempest.MOD	OUTPUTNAME:亂披風（Janni Tempest）〔戰鬥〕	DESC:.CLEAR	DESC:你的烈風攻勢可輕易令對手失去平衡。	BENEFIT:.CLEAR	BENEFIT:你處於風靈流派架勢時，只要你徒手擊打命中對手，你對此對手的衝撞和摔絆的戰技檢定有+4加值，但戰技必須在你該輪結束前發動。你的這次戰技不會引發藉機攻擊。	
CATEGORY=FEAT|Jawbreaker.MOD	OUTPUTNAME:碎顎者（Jawbreaker）〔戰鬥〕	DESC:.CLEAR	DESC:你強大的攻擊打爆了對手的牙齒和嘴上的骨頭。	BENEFIT:.CLEAR	BENEFIT:當你對一個被擒抱、無助或震懾中的敵人成功的施展了一次震懾拳，你可以選擇不造成震懾拳的正常效果，而是打爆對手的嘴巴。這會造成普通徒手打擊傷害以及1d4的流血傷害。在流血結束前，目標不能使用嘴進行攻擊、清晰講話或施放有語言成分的法術。免疫致命一擊或沒有明顯的嘴的生物不會受到該專長的影響。	
CATEGORY=FEAT|Kirin Path.MOD	OUTPUTNAME:麒麟步（Kirin Path）〔戰鬥〕	DESC:.CLEAR	DESC:你將對敵人的瞭解轉化為無懈可擊的防禦步法。	BENEFIT:.CLEAR	BENEFIT:你的所有用於鑒定生物的知識檢定可以取10。當你採用麒麟流派架勢時，被鑒定成功的生物如果在你的威脅範圍內結束回合的話，你可以消耗該輪一次藉機攻擊次數移動等於你每點智力修正（最少為1）5尺的距離，但你的移動終點必須處於該生物的威脅範圍內，這種移動不會引起藉機攻擊。	
CATEGORY=FEAT|Kirin Strike.MOD	OUTPUTNAME:麒麟破（Kirin Strike）〔戰鬥〕	DESC:.CLEAR	DESC:你已精研過相關典籍，並知曉如何攻擊敵人防禦最薄弱之處。	BENEFIT:.CLEAR	BENEFIT:你鑒定生物的知識檢定得到+2洞察加值。當你處於麒麟流派架勢時，在你的近戰攻擊或遠程攻擊擊中對手後，用一個迅捷動作，你對知識檢定成功的生物造成等於你兩倍智力修正的額外傷害（最少為2）。	
CATEGORY=FEAT|Kirin Style.MOD	OUTPUTNAME:麒麟勢（Kirin Style）〔戰鬥，流派〕	DESC:.CLEAR	DESC:你的研習和從容允許你洞悉敵人的弱點。	BENEFIT:.CLEAR	BENEFIT:當你使用此流派架勢時，你能以一個迅捷動作，以知識檢定鑒定一個敵人（DC為「15+目標生物CR」），如果成功，你在對抗該生物的攻擊時豁免獲得+2加值，並在對抗該生物的機會攻擊時AC獲得+2閃避加值。這些加值在你保持麒麟勢時一直生效。如果你這次和該生物停戰、並在之後再戰，你可以重新嘗試這個檢定。	
CATEGORY=FEAT|Knockout Artist.MOD	OUTPUTNAME:鬥毆藝術（Knockout Artist）	DESC:.CLEAR	DESC:你的拳頭充滿破壞力。	BENEFIT:.CLEAR	BENEFIT:當你使用徒手打擊對一個失去AC上的敏捷加值的敵人進行非致命性傷害的偷襲時，你的每個偷襲傷害骰獲得+1額外傷害。	
CATEGORY=FEAT|Landing Roll.MOD	OUTPUTNAME:地滾翻（Landing Roll）〔戰鬥〕	DESC:.CLEAR	DESC:你知道如何安全地離開一個對你進行絆摔的敵人。	BENEFIT:.CLEAR	BENEFIT:當你被絆摔，你可以花費直覺動作遠離對你進行絆摔的敵人5尺。這個移動不計入5尺快步。你在移動完畢後才會倒地。	
CATEGORY=FEAT|Leaping Shot Deed.MOD	OUTPUTNAME:跳躍射擊（Leaping Shot Deed）〔勇毅〕	DESC:.CLEAR	DESC:你躍入半空，槍火閃耀。	BENEFIT:.CLEAR	BENEFIT:你在跳躍的特技檢定上獲得+2加值。作為一個整輪動作，你能以你的基本速度移動、並用你最高的BAB令你手上的每一把已裝填火器開火。你可以在你移動軌跡的任意一點進行攻擊，而如果你持有兩把火器，你可以在移動軌跡上的不同地方開火。在移動結束時，你將臥倒。這個銃技消耗1點勇毅點。	
CATEGORY=FEAT|Mantis Style.MOD	OUTPUTNAME:螳螂拳（Mantis Style）〔戰鬥，流派〕	DESC:.CLEAR	DESC:你學會以破竹之勢攻擊對手要穴。	BENEFIT:.CLEAR	BENEFIT:你獲得1次「震懾拳」每日使用次數。當你使用螳螂拳流派架勢時，你的震懾拳DC+2。	
CATEGORY=FEAT|Mantis Torment.MOD	OUTPUTNAME:螳螂鐵刺（Mantis Torment）〔戰鬥〕	DESC:.CLEAR	DESC:你對解剖知識的瞭然於心，使你的輕輕一觸即可帶來巨大痛苦。	BENEFIT:.CLEAR	BENEFIT:你獲得1次「震懾拳」每日使用次數。當你使用螳螂拳流派架勢時，你可以消耗2發「震懾拳」進行一次徒手攻擊，若然命中且對手豁免失敗（使用你的震懾拳豁免），在你下一輪開始前對手會因劇痛而陷入目眩和恍惚狀態，你下輪開始後，對手變成疲乏狀態。	
CATEGORY=FEAT|Mantis Wisdom.MOD	OUTPUTNAME:六合拳勁（Mantis Wisdom）〔戰鬥〕	DESC:.CLEAR	DESC:你對要穴的瞭解令自己在對其瞄準時更為精確。	BENEFIT:.CLEAR	BENEFIT:你可以將你的非武僧等級折半加上你的武僧等級來決定你的「震懾拳」效果。你可以用標準動作進行一次近戰接觸攻擊來消去你的「震懾拳」造成的效果。你使用螳螂拳流派架勢時，你的震懾拳攻擊骰有+2加值。	
CATEGORY=FEAT|Marid Coldsnap.MOD	OUTPUTNAME:雪暴（Marid Coldsnap）〔戰鬥〕	DESC:.CLEAR	DESC:你能夠召喚冰泉沖刷敵人，令其領受徹骨之寒。	BENEFIT:.CLEAR	BENEFIT:當你處於雪靈流派架勢時，以一個標準動作，消耗2次「元素之拳」使用次數，你可以召喚出一道30尺線狀的極寒雪柱，對範圍內所有生物造成你的徒手打擊傷害，外加元素之拳的寒冷傷害，並陷入寒冰糾纏（纏繞規則同「冰魂」）。通過DC為「10+1/2角色等級+感知修正」的反射豁免則傷害減半，且不會被凍住。	
CATEGORY=FEAT|Marid Spirit.MOD	OUTPUTNAME:冰魂（Marid Spirit）〔戰鬥〕	DESC:.CLEAR	DESC:你能以寒冰之力保護自己，凍結敵人。	BENEFIT:.CLEAR	BENEFIT:你獲得1次額外「元素之拳」使用次數。當你處於雪靈流派架勢時獲得以下好處：你獲得寒系抗力，數值等同於你的BAB，或你的武僧等級加上你其他職業得到的BAB（取高者）。當你失去AC的敏捷加值時，你也會失去此抗力。受到你元素之拳寒冷傷害的對手須進行一次DC為「10+1/2角色等級+感知修正」的強韌豁免，失敗將在1d4輪內被冰凍住陷入糾纏狀態，寒冰的力量檢定破壞DC為「15+BAB或武僧等級（視何者為高）」，HP是你的BAB或武僧等級的3倍，二者取高。冰被破壞則糾纏狀態結束。	
CATEGORY=FEAT|Marid Style.MOD	OUTPUTNAME:雪靈（Marid Style）〔戰鬥，流派〕	DESC:.CLEAR	DESC:你掌中寒冰蔓延，隔空擊向敵人。	BENEFIT:.CLEAR	BENEFIT:你獲得1次額外「元素之拳」每日使用次數。當你處於此流派架勢中時使用元素之拳，你在造成冰系傷害時獲得等於你感知加值的額外傷害，且該次徒手打擊的攻擊範圍增加5尺。	
CATEGORY=FEAT|Master Combat Performer.MOD	OUTPUTNAME:演武大師（Master Combat Performer）〔戰鬥〕	DESC:.CLEAR	DESC:你是一個在角鬥場和舞台上表演武藝的大師。	BENEFIT:.CLEAR	BENEFIT:你可以用自由動作進行演武檢定。你可以像演武武器一樣使用所有武器進行演武。	
CATEGORY=FEAT|Master Siege Engineer.MOD	OUTPUTNAME:攻城宗匠（Master Siege Engineer）〔戰鬥〕	DESC:.CLEAR	DESC:你裝填攻城兵器更加迅速，射擊也更精確。	BENEFIT:.CLEAR	BENEFIT:當你身為攻城兵器的機師長時，你的技師組能以移動動作進行裝填；當你需要消耗動作來下令瞄準時，你和你的技師組以移動動作而非整輪動作來操作攻城兵器進行瞄準。	
CATEGORY=FEAT|Masterful Display.MOD	OUTPUTNAME:宗師極意（Masterful Display）〔戰鬥，演武〕	DESC:.CLEAR	DESC:你做出了招牌式的勝利姿態，觀眾為之狂野。	BENEFIT:.CLEAR	BENEFIT:任選兩項你所擁有的演武專長。當你進行演武檢定時，可以同時獲得這兩項專長的效果，不過演武檢定本身獲得的加值還是只有+2。	
CATEGORY=FEAT|Maximized Spellstrike.MOD	OUTPUTNAME:極傚法術打擊（Maximized Spellstrike）	DESC:.CLEAR	DESC:你可以針對一個措手不及的對手進行殘暴的痛擊。	BENEFIT:.CLEAR	BENEFIT:當你對一個失去了AC上的敏捷加值的敵人進行了一次近戰攻擊、並且成功的對敵人使用了【法術打擊】能力，你可以從你的奧能力池中花費3點奧能來讓你傳遞的接觸法術極效，如同你使用了「法術極效」超魔專長。	
CATEGORY=FEAT|Menacing Bane.MOD	OUTPUTNAME:威脅破敵（Menacing Bane）	DESC:.CLEAR	DESC:當與你的隊友群毆一個落單敵人時，你更加致命。	BENEFIT:.CLEAR	BENEFIT:你可以選擇給一把近戰武器灌注〔威脅〕屬性而非〔破敵〕屬性。你可以用一個迅捷動作讓武器在兩種特殊屬性之間切換。這可以算作是你的破敵能力的另一個使用方法。	
CATEGORY=FEAT|Merciful Bane.MOD	OUTPUTNAME:悲憫破敵（Merciful Bane）	DESC:.CLEAR	DESC:你可以用你的破敵能力造成非致命傷害。	BENEFIT:.CLEAR	BENEFIT:當你持有一把附加了〔破敵〕能力的近戰武器時，你可以用迅捷動作讓武器在造成致命傷害和非致命傷害之間切換。當你的【破敵】能力允許你通過這種方式造成非致命傷害時，你在進行非致命傷害攻擊時不會受到任何罰值。	
CATEGORY=FEAT|Mocking Dance.MOD	OUTPUTNAME:嘲弄舞步（Mocking Dance）〔戰鬥，演武〕	DESC:.CLEAR	DESC:你跳了一小段滑稽舞來挑釁對手並娛樂大眾。	BENEFIT:.CLEAR	BENEFIT:當你以迅捷動作進行演武檢定時，你可以在檢定前不受藉機攻擊移動5尺，或以正常速度移動並引發藉機攻擊。你不能停在可以威脅到對手的地方。若你至少移動了5尺，你的演武檢定+2。	
CATEGORY=FEAT|Monastic Legacy.MOD	OUTPUTNAME:修道傳承（Monastic Legacy）〔戰鬥〕	DESC:.CLEAR	DESC:即使投身旁門，你也不曾荒廢武學的修煉。	BENEFIT:.CLEAR	BENEFIT:在計算你的基礎徒手打擊傷害時，將你所有其他職業等級總和的一半計入你的武僧等級。這個專長加算的等級不會讓你在獲得其他武僧職業能力時獲得好處。	
CATEGORY=FEAT|Monkey Moves.MOD	OUTPUTNAME:猿步（Monkey Moves）〔戰鬥〕	DESC:.CLEAR	DESC:你從詭異的角度攻擊，令敵人防不勝防。	BENEFIT:.CLEAR	BENEFIT:當你處於猴拳流派架勢時，你獲得以下好處：你可以將你的感知修正加到攀爬檢定上。你可以用半速攀爬或匍匐前進。你可以用跳躍，匍匐前進或攀爬來進行五尺快步。當你進行攀爬時，你保留AC上的敏捷加值。如果在你的回合你成功用徒手擊打命中一個敵人兩次以上，就算你之前進行過移動，也能以一個迅捷動作做一次五尺快步。	
CATEGORY=FEAT|Monkey Shine.MOD	OUTPUTNAME:猿搏（Monkey Shine）〔戰鬥〕	DESC:.CLEAR	DESC:結合特技與取巧，你向敵人發動攻勢。	BENEFIT:.CLEAR	BENEFIT:當你使用猴拳流派架勢時，你成功施展「震懾拳」後，作為震懾拳的額外效果，你可以不引發藉機攻擊地用一個自由動作進入你鄰接的一個被敵人佔據的格子。當你處於目標的方格中時，你對抗這個敵人的近戰攻擊時AC能獲得+4閃避加值，並在近戰攻擊檢定獲得+4加值。除非被阻礙，否則對手依舊能離開你的方格，但會引發你的藉機攻擊，即使他採取不會引發藉機攻擊的移動方法。	
CATEGORY=FEAT|Monkey Style.MOD	OUTPUTNAME:猴拳（Monkey Style）〔戰鬥，流派〕	DESC:.CLEAR	DESC:你的徒手攻擊靈巧難測，滾地和躍步動作接連不斷。	BENEFIT:.CLEAR	BENEFIT:你可以將你的感知修正加到特技檢定上。當你使用猴拳流派架勢並處於俯臥狀態時，你不會在俯臥時受到近戰攻擊檢定和近戰AC的罰值，而且你匍匐前進與俯臥狀態中站立都不會引發藉機攻擊。如果你成功通過一個DC為20的特技檢定，你可以用一個迅捷動作站起來。	
CATEGORY=FEAT|Moonlight Stalker.MOD	OUTPUTNAME:月夜伏擊者（Moonlight Stalker）〔戰鬥〕	DESC:.CLEAR	DESC:你善於利用陰影來隱藏自己的攻擊。	BENEFIT:.CLEAR	BENEFIT:當你對一個對手獲得隱蔽，你對其的攻擊檢定和傷害骰有+2加值。	
CATEGORY=FEAT|Moonlight Stalker Feint.MOD	OUTPUTNAME:月夜虛招（Moonlight Stalker Feint）〔戰鬥〕	DESC:.CLEAR	DESC:你的攻擊自陰影中而來，對手全然無法反應。	BENEFIT:.CLEAR	BENEFIT:每輪一次，當你對一個對手獲得隱蔽，你可以用迅捷動作對其進行一次虛招。	
CATEGORY=FEAT|Moonlight Stalker Master.MOD	OUTPUTNAME:月夜伏擊大師（Moonlight Stalker Master）〔戰鬥〕	DESC:.CLEAR	DESC:你揮一揮衣袖，自黑暗中飄然而去，任由對手在原地胡亂揮打。	BENEFIT:.CLEAR	BENEFIT:當你對一個對手獲得隱蔽，他對你的失手率增加10%%%%。如果一個對手因為你的隱蔽而對你攻擊失手，你可以用直覺動作移動5尺。這次移動不會觸發藉機攻擊，也不會計入五尺快步。	
CATEGORY=FEAT|Murderer's Circle.MOD	OUTPUTNAME:殺戮迴旋（Murderer's Circle）〔戰鬥，演武〕	DESC:.CLEAR	DESC:兇猛地攻擊敵人之後，你如同隨時準備殺死獵物的獵手般在旁環繞。	BENEFIT:.CLEAR	BENEFIT:在發動了一次重擊或戰技後以迅捷動作進行演武檢定、並與重擊或戰技的目標相鄰時，你能夠不引發藉機攻擊地移動到與其相鄰的任意位置。你必須有著明確的路線，並能通過一個移動動作到達目的地。如果你在不同於起點的任何位置停下，你的演武檢定+2。	
CATEGORY=FEAT|Neckbreaker.MOD	OUTPUTNAME:碎頸者（Neckbreaker）〔戰鬥〕	DESC:.CLEAR	DESC:你猛然扭住了敵人的脖子。	BENEFIT:.CLEAR	BENEFIT:如果有一個體型與你相同或更小的對手陷入無助或被壓制狀態，在你成功的發起或維持一次擒抱後，你可以用-5罰值使用一次「震懾拳」。如果成功，你扭住了敵人的脖子，造成2d6點力量或敏捷傷害。如果目標的屬性點因此被降到0，所有溢出的屬性傷害都會變成目標的體質傷害。免疫重擊或沒有明顯頭部和頸部的生物對該專長效果免疫。	
CATEGORY=FEAT|Net Adept.MOD	OUTPUTNAME:捕網熟練（Net Adept）〔戰鬥〕	DESC:.CLEAR	DESC:你受過訓練，能將網作為近戰武器使用。	BENEFIT:.CLEAR	BENEFIT:你可以把網作為一個觸及範圍10尺的單手近戰長武器使用。此外，你在使用一張沒有折疊的網時不會有攻擊檢定罰值。另外，你可以用整輪動作或兩次移動動作將網折疊起來。	
CATEGORY=FEAT|Net and Trident.MOD	OUTPUTNAME:網叉並用（Net and Trident）〔戰鬥〕	DESC:.CLEAR	DESC:你能在揮舞你的網時熟練地使用輕型武器。	BENEFIT:.CLEAR	BENEFIT:你可以將網作為一件單手遠程武器使用，這允許你再裝備一件輕型或單手近戰武器，同時仍可以使用網進行遠程攻擊。當你使用你的輕型或單手近戰武器攻擊一個陷入糾纏的敵人時，你的傷害骰和重擊確認骰獲得+2加值。	
CATEGORY=FEAT|Net Maneuvering.MOD	OUTPUTNAME:捕網戰技（Net Maneuvering）〔戰鬥〕	DESC:.CLEAR	DESC:靠著技巧和蠻力，你可以將敵人玩弄在你的網中。	BENEFIT:.CLEAR	BENEFIT:在戰鬥中，你可以使用網進行絆摔或卸武、而非糾纏你的敵人。當你這麼使用網進行卸武時，你的戰技檢定有+2加值。此外，如果敵人正被你的網糾纏，你可以嘗試對其進行拖拽或移位戰技檢定，距離最多為你的網的觸及範圍或你用纖繩能控制網的距離。	
CATEGORY=FEAT|Net Trickery.MOD	OUTPUTNAME:捕網詭計（Net Trickery）〔戰鬥〕	DESC:.CLEAR	DESC:你能夠非常熟練的用網來阻礙你的敵人。	BENEFIT:.CLEAR	BENEFIT:當你用網進行近戰攻擊時，你可以用一次致盲陰招戰技來取代近戰攻擊。如果有一個對手正被你的網糾纏，只要他還處於你的網的觸及範圍或纖繩控制範圍，你可以嘗試對其進行絆摔。此外，在你用網進行拖拽或移位戰技時，你還會有+2戰技加值獎勵。	
CATEGORY=FEAT|Nightmare Fist.MOD	OUTPUTNAME:夜魘之拳（Nightmare Fist）〔戰鬥〕	DESC:.CLEAR	DESC:你在黑暗中總是顯得更為致命。	BENEFIT:.CLEAR	BENEFIT:當處於一片魔法黑暗中時，你的徒手打擊傷害獲得+2加值；若對手處於戰慄、驚懼或者恐慌狀態，該加值變為+4。此外，你在黑暗中時，特技和威嚇技能檢定也會有+2士氣加值。	
CATEGORY=FEAT|Nightmare Striker.MOD	OUTPUTNAME:夜魘強襲（Nightmare Striker）〔戰鬥〕	DESC:.CLEAR	DESC:你的妖火不但能夠照出你的敵人，還能顯示他們的弱點。	BENEFIT:.CLEAR	BENEFIT:當你對一個敵人施放了『妖火』（不能由法術完成型或觸發型魔法物品施放），你對他的震懾拳豁免DC將會提高2。如果你的震懾拳命中這個敵人，而該敵人豁免失敗，你可以讓該敵人戰慄1d2輪，加上豁免失敗每5點1輪。	
CATEGORY=FEAT|Nightmare Weaver.MOD	OUTPUTNAME:夜魘織者（Nightmare Weaver）〔戰鬥〕	DESC:.CLEAR	DESC:你可以使用你創造魔法黑暗的能力來讓敵人陷入恐懼。	BENEFIT:.CLEAR	BENEFIT:通過花費整輪動作來施放『黑暗術』，你可以同時對影響範圍內的所有敵人進行一次威嚇檢定。	
CATEGORY=FEAT|No Name.MOD	OUTPUTNAME:無名槍手（No Name）〔勇毅〕	DESC:.CLEAR	DESC:你無需花費心思來隱藏自己的身份。	BENEFIT:.CLEAR	BENEFIT:你在人際交往上經常依靠出人意料和誤導。你在唬騙檢定上獲得+2加值，而且可以消耗1點勇毅點，在每個銃士等級10分鐘（最少10分鐘）裡在易容檢定上獲得+10加值。這個銃技並不能真的改變你的外貌，但卻能讓你以其他方式隱藏你的身份。	
CATEGORY=FEAT|Opening Volley.MOD	OUTPUTNAME:遠近夾攻（Opening Volley）〔戰鬥〕	DESC:.CLEAR	DESC:你用遠程武器封鎖敵人的活動空間，使他無從閃避你的近戰攻擊。	BENEFIT:.CLEAR	BENEFIT:每當你對一個敵人造成遠程傷害，你對該敵人進行的下一次近戰攻擊檢定將會有+4環境加值。這次近戰攻擊必須在你下一輪結束前進行。	
CATEGORY=FEAT|Pack Attack.MOD	OUTPUTNAME:機動攻擊（Pack Attack）〔戰鬥，團隊〕	DESC:.CLEAR	DESC:你擅長繞著敵人轉。	BENEFIT:.CLEAR	BENEFIT:當你發動近戰攻擊首次命中對手、且和擁有此專長的盟友鄰接時，你可以通過直覺動作進行五尺快步，即便你這輪已經移動過位置。	
CATEGORY=FEAT|Panther Claw.MOD	OUTPUTNAME:豹爪（Panther Claw）〔戰鬥〕	DESC:.CLEAR	DESC:你在移動中以眼花繚亂之勢反擊攻向你的敵人。	BENEFIT:.CLEAR	BENEFIT:你處於豹拳流派架勢時，你可以用自由動作進行對藉機攻擊的反擊。你在你的行動輪中可以做出等同你感知修正次數的反擊。	
CATEGORY=FEAT|Panther Parry.MOD	OUTPUTNAME:迅豹閃（Panther Parry）〔戰鬥〕	DESC:.CLEAR	DESC:你的猛惡攻擊削弱了敵人趁你移動時襲擊的能力。	BENEFIT:.CLEAR	BENEFIT:你處於豹拳流派架勢時，你的反擊可以在對方進行藉機攻擊前作出，如果你的這次反擊對對手造成傷害，對手對你的藉機攻擊在攻擊骰和傷害骰都有-2罰值。	
CATEGORY=FEAT|Panther Style.MOD	OUTPUTNAME:豹形拳（Panther Style）〔戰鬥，流派〕	DESC:.CLEAR	DESC:你可以反擊那些趁你移步而進犯的敵人。	BENEFIT:.CLEAR	BENEFIT:當你處於豹拳流派架勢時，當你在穿過威脅區域而引發藉機攻擊時，你能以迅捷動作用徒手反擊你的對手。這次攻擊在誘發對方藉機攻擊後才能發動。	
CATEGORY=FEAT|Passing Trick.MOD	OUTPUTNAME:越位虛招（Passing Trick）〔戰鬥〕	DESC:.CLEAR	DESC:穿越一個敵人所在位置能給予你晃點他的機會。	BENEFIT:.CLEAR	BENEFIT:每當你成功的進行了一次特技檢定以穿過對手所在空間，你可以用迅捷動作對其進行一次唬騙檢定以施放虛招。	
CATEGORY=FEAT|Performance Weapon Mastery.MOD	OUTPUTNAME:演武武器熟稔（Performance Weapon Mastery）〔戰鬥〕	DESC:.CLEAR	DESC:你能手持任何武器進行華麗的表演。	BENEFIT:.CLEAR	BENEFIT:你能將你擅長的任何類型的武器用於演武。	
CATEGORY=FEAT|Performing Combatant.MOD	OUTPUTNAME:演武戰士（Performing Combatant）〔戰鬥〕	DESC:.CLEAR	DESC:通過展現炫目而華麗的技巧，你能將任何戰鬥都打成一場表演。	BENEFIT:.CLEAR	BENEFIT:你可以在任何戰鬥中進行演武檢定。如果在一場非演武戰鬥中進行演武檢定，你可以選擇一項演武專長以供使用。你自動獲得這項演武專長的所有加值；然後你需要進行一次DC20的演武檢定，如果你成功，你可以獲得該專長的所有效果。	
CATEGORY=FEAT|Pin Down.MOD	OUTPUTNAME:壓迫錨定（Pin Down）〔戰鬥〕	DESC:.CLEAR	DESC:你可以輕鬆的阻止敵人逃跑。	BENEFIT:.CLEAR	BENEFIT:每當你威脅之下的對手進行五尺快步或使用撤退動作，他都將觸發你的藉機攻擊。如果攻擊命中，你不造成傷害，不過目標這次5尺快步或撤退動作將不能移動任何距離。	
CATEGORY=FEAT|Pinning Knockout.MOD	OUTPUTNAME:壓制擊昏（Pinning Knockout）〔戰鬥〕	DESC:.CLEAR	DESC:你能輕鬆擊倒一個被你壓制的敵人。	BENEFIT:.CLEAR	BENEFIT:當你壓制一個對手，如果你成功的進行了一次擒抱戰技檢定、並且對其用徒手打擊或輕型/單手武器造成非致命傷害，你的傷害翻倍。任何免疫重擊的生物也免疫該專長的影響。	
CATEGORY=FEAT|Pinning Rend.MOD	OUTPUTNAME:壓制撕裂（Pinning Rend）〔戰鬥〕	DESC:.CLEAR	DESC:當你攻擊你壓制中的對手時你可以撕裂他的肌肉。	BENEFIT:.CLEAR	BENEFIT:當你壓制一個對手，如果你成功的進行了一次擒抱戰技檢定、並且對其用徒手打擊或輕型/單手武器造成傷害，該對手將會受到等同你的徒手或輕型/單手武器的流血傷害。任何免疫重擊的生物也免疫該專長的影響。	
CATEGORY=FEAT|Pinpoint Poisoner.MOD	OUTPUTNAME:毒針刺擊（Pinpoint Poisoner）〔戰鬥〕	DESC:.CLEAR	DESC:你熟練地使用特製的針管進行淬毒，使其能發揮最大的殺傷力。	BENEFIT:.CLEAR	BENEFIT:當你使用「蝰蛇打擊」專長時，你可以選擇在兩支吹箭（blowgun dart）上進行淬毒，並且用其對你的敵人進行近戰攻擊（取出吹箭是一個自由動作）。當你持有吹箭時，你可以使用一個標準動作用其中一支進行攻擊，或用整輪動作使用兩支同時攻擊。這些攻擊被視為近戰接觸攻擊，造成1d2加上你的正常徒手打擊傷害加值的傷害，並且將會傳遞毒藥。你也可以選擇像投擲手裡劍一樣投擲吹箭，這需要進行一次正常的遠程攻擊檢定以對抗目標的AC。	
CATEGORY=FEAT|Planar Wild Shape.MOD	OUTPUTNAME:位面自然變身（Planar Wild Shape）	DESC:.CLEAR	DESC:你可以向你的變身形態中注入異位面的力量。	BENEFIT:.CLEAR	BENEFIT:當你使用【自然變身】變成一種動物形態時，你可以額外花費1次自然變身的每日使用次數來給你的變身形態添加天界或煉獄模板（善良德魯伊必須使用天界模板，而邪惡德魯伊則只能使用煉獄模板）。如果你的形態使用了天界模板、而你用天生武器對一個邪惡生物造成了重擊，你在重擊確認骰上獲得+2加值。反之亦然。	
CATEGORY=FEAT|Prone Shooter.MOD	OUTPUTNAME:匍匐射手（Prone Shooter）〔戰鬥〕	DESC:.CLEAR	DESC:當你俯臥時，你可以將弩或火器撐在地上穩定的射擊。	BENEFIT:.CLEAR	BENEFIT:如果你在你上一次行動結束時處於俯臥狀態，你針對近戰攻擊的AC減值降至-2。此外，你針對遠程攻擊的AC加值升至+6。	
CATEGORY=FEAT|Prone Slinger.MOD	OUTPUTNAME:匍匐投手（Prone Slinger）〔戰鬥〕	DESC:.CLEAR	DESC:你即使在俯臥狀態也能熟練的側身發射彈藥和石頭。	BENEFIT:.CLEAR	BENEFIT:在俯臥時，你可以使用投石索進行遠程攻擊。	
CATEGORY=FEAT|Quick Bull Rush.MOD	OUTPUTNAME:快速衝撞（Quick Bull Rush）〔戰鬥〕	DESC:.CLEAR	DESC:你可以在攻擊中迅速地撞擊對手。	BENEFIT:.CLEAR	BENEFIT:當你行動時，你可以用一次單獨的衝撞戰技檢定來代替你的一次近戰攻擊。你只能用使用最高攻擊加值的那次攻擊來衝撞。	
CATEGORY=FEAT|Quick Dirty Trick.MOD	OUTPUTNAME:快速陰招（Quick Dirty Trick）〔戰鬥〕	DESC:.CLEAR	DESC:你在攻擊中夾雜一些陰險下流的伎倆，讓你的對手來不及反應。	BENEFIT:.CLEAR	BENEFIT:當你行動時，你可以用一次單獨的陰招戰技檢定來代替你的一次近戰攻擊。你只能用使用最高攻擊加值的那次攻擊來陰招。	
CATEGORY=FEAT|Quick Drag.MOD	OUTPUTNAME:快速拖拽（Quick Drag）〔戰鬥〕	DESC:.CLEAR	DESC:你拖拽你的敵人，並順手補上一擊。	BENEFIT:.CLEAR	BENEFIT:當你行動時，你可以用一次單獨的拖拽戰技檢定來代替你的一次近戰攻擊。你只能用使用最高攻擊加值的那次攻擊來拖拽。	
CATEGORY=FEAT|Quick Reposition.MOD	OUTPUTNAME:快速移位（Quick Reposition）〔戰鬥〕	DESC:.CLEAR	DESC:你在戰鬥中仍然能夠輕鬆的將敵人的位置玩弄於指掌之中。	BENEFIT:.CLEAR	BENEFIT:當你行動時，你可以用一次單獨的移位戰技檢定來代替你的一次近戰攻擊。你只能用使用最高攻擊加值的那次攻擊來移位。	
CATEGORY=FEAT|Quick Steal.MOD	OUTPUTNAME:快速盜取（Quick Steal）〔戰鬥〕	DESC:.CLEAR	DESC:你善於在搏鬥中順手牽羊。	BENEFIT:.CLEAR	BENEFIT:當你行動時，你可以用一次單獨的盜取戰技檢定來代替你的一次近戰攻擊。你只能用使用最高攻擊加值的那次攻擊來盜取。	
CATEGORY=FEAT|Raging Brutality.MOD	OUTPUTNAME:狂暴猛擊（Raging Brutality）	DESC:.CLEAR	DESC:你將怒氣灌注於一擊之中，使武器造成更大的傷害。	BENEFIT:.CLEAR	BENEFIT:當處於狂暴並使用「猛力攻擊」時，你可以用迅捷動作額外消耗3輪狂暴時間，將你的體質修正添加在本輪你造成的近戰或投擲傷害中。如果你使用的是雙手武器，加值為1.5倍體質修正。這些額外傷害不會被重擊所加成。	
CATEGORY=FEAT|Raging Deathblow.MOD	OUTPUTNAME:狂暴殺戮（Raging Deathblow）	DESC:.CLEAR	DESC:你每一次的擊殺都會賦予你活力，進一步增強你的狂怒。	BENEFIT:.CLEAR	BENEFIT:狂暴時，每當你將一個敵人的HP減少到-1或更低，你獲得1輪額外每日狂暴時間。如果這次攻擊是重擊，你會再多獲得1輪額外每日狂暴時間。當你進行休息以恢復每日狂暴使用時間時，本專長給予的額外狂暴輪數將會丟失。	
CATEGORY=FEAT|Raging Hurler.MOD	OUTPUTNAME:狂暴投擲（Raging Hurler）	DESC:.CLEAR	DESC:對手很難閃避你憤怒地投出的物體。	BENEFIT:.CLEAR	BENEFIT:狂暴時你能以標準動作投擲雙手武器，並且投擲武器的射程增量加倍。若你同時擁有「即時備戰」專長，你能以正常全力攻擊的頻率投擲雙手武器。此外，你能在如此攻擊時舉起一件可當作臨時武器的無主物體用於投擲。	
CATEGORY=FEAT|Raging Throw.MOD	OUTPUTNAME:狂暴撞飛（Raging Throw）	DESC:.CLEAR	DESC:你將部分狂怒用於把對手狠狠摔向其他敵人。	BENEFIT:.CLEAR	BENEFIT:當你在狂暴中嘗試使用衝撞戰技時，你能以迅捷動作消耗1輪每日狂暴輪數，來將體質修正添加到衝撞戰技檢定上。此外，當你將對方衝撞至另一個生物所在方格、或堅硬物體時，對手和該生物或物體受到等同於你的「力量修正+體質修正」鈍擊傷害。	
CATEGORY=FEAT|Rapid Grappler.MOD	OUTPUTNAME:快速擒抱（Rapid Grappler）〔戰鬥〕	DESC:.CLEAR	DESC:你是快速擒抱的專家。	BENEFIT:.CLEAR	BENEFIT:當你成功地使用「高等擒抱」以移動動作維持了一次擒抱之後，接下來你只用迅捷動作就可進行維持擒抱的戰技檢定。	
CATEGORY=FEAT|Rapid Reload.MOD	OUTPUTNAME:快速裝填（Rapid Reload）〔戰鬥〕	DESC:.CLEAR	DESC:選擇一種你擅長的弩（手弩、輕弩、重弩）或一種單一類型的單手或雙手火器，你可以更快的進行裝填。	BENEFIT:.CLEAR	BENEFIT:你可以用一個自由動作（手弩或輕弩）、移動動作（重弩或單手火器）或標準動作（雙手火器）對你選擇類型的武器進行裝填。裝填動作仍舊會引發藉機攻擊。如果你為這個專長選擇了手弩或輕弩，你將可以像使用弓一樣用其進行全回合攻擊。	
CATEGORY=FEAT|Rebounding Leap.MOD	OUTPUTNAME:返身上馬（Rebounding Leap）〔戰鬥〕	DESC:.CLEAR	DESC:你的騎術和長矛使用經驗讓你能夠極快的上下坐騎。	BENEFIT:.CLEAR	BENEFIT:如果你成功的進行了一次跳躍的特技檢定，你在使用【槍矛躍擊】能力後可以用一個迅捷動作回到坐騎上。	
CATEGORY=FEAT|Rebuffing Reduction.MOD	OUTPUTNAME:爆肉剛體（Rebuffing Reduction）〔戰鬥〕	DESC:.CLEAR	DESC:你堅固的身軀可以將敵人的攻擊力道悉數彈回。	BENEFIT:.CLEAR	BENEFIT:當一個敵人的一次近戰攻擊沒能穿透你的傷害減免，你可以花費直覺動作對其進行一次衝撞戰技檢定。如果成功，你不會也不能隨著該敵人一起移動。	
CATEGORY=FEAT|Rending Fury.MOD	OUTPUTNAME:狂怒撕扯（Rending Fury）〔戰鬥〕	DESC:.CLEAR	DESC:你輕易地用天生武器撕裂對方的肢體。	BENEFIT:.CLEAR	BENEFIT:你能在一半天生武器擊中對手時造成撕扯傷害。舉例而言，一隻有此專長的巨魔可以在1次爪抓擊中時發動撕扯，而一隻有此專長的四臂猩猩則要2次成功爪抓擊中後才能發動撕扯。你每輪只能造成一次撕扯傷害。	
CATEGORY=FEAT|Revelation Strike.MOD	OUTPUTNAME:啟示打擊（Revelation Strike）〔戰鬥〕	DESC:.CLEAR	DESC:你的徒手打擊將一項啟示降諸對手。	BENEFIT:.CLEAR	BENEFIT:獲得此專長時，選擇一項你擁有的、影響目標不超過一人的先知啟示。當你成功用徒手打擊命中對手時，你能以迅捷動作在正常傷害外附加所選定的啟示效果於他。這不會引發藉機攻擊。	
CATEGORY=FEAT|Rhetorical Flourish.MOD	OUTPUTNAME:舌綻蓮花（Rhetorical Flourish）	DESC:.CLEAR	DESC:你快速地轉移話題，以華麗繁複的修辭掩蓋自己的真意。	BENEFIT:.CLEAR	BENEFIT:當時用交涉技能提出要求或改變生物態度時，你能夠用誤導性的說辭。如此做需要對該生物進行一次唬騙，若你成功則可在1分鐘內對他的下次交涉檢定獲得+4加值。若你失敗5點以上，你的下次交涉檢定反而將遭受-2減值。此外，你還能利用此專長對一次失敗的交涉檢定展開重試。以這種方式使用「舌綻蓮花」專長將在唬騙檢定中承受-4減值。若你唬騙成功，你並不會如常獲得交涉加值，而是能夠重試1分鐘內最後一次對該生物的交涉檢定。	
CATEGORY=FEAT|Ricochet Shot Deed.MOD	OUTPUTNAME:反彈射擊（Ricochet Shot Deed）〔勇毅〕	DESC:.CLEAR	DESC:你能利用牆壁反彈子彈，命中目標。	BENEFIT:.CLEAR	BENEFIT:你可以對一面牆壁或一塊固體地面射擊，使其反彈。當你這麼做時，使用正在那面牆前面的方格，或那塊地面的方格來決定對目標的視線，而這個方格將被視為發起攻擊的起點方格。以那個方格決定掩蔽效果，而以你所在的方格決定隱蔽效果。你可以在有至少1點勇毅點時進行這樣的射擊。當這麼射擊時，你可以消耗1點勇毅點忽略所有掩蔽和遮蔽的效果。你必須在檢定前選擇是否消耗勇毅點。	
CATEGORY=FEAT|Righteous Healing.MOD	OUTPUTNAME:公正醫療（Righteous Healing）	DESC:.CLEAR	DESC:你基於審判動機的治療法術更加有效。	BENEFIT:.CLEAR	BENEFIT:當你在審判能力發動時施展治療法術，每個目標受到額外的「1+1/3審判者等級」點治療。	
CATEGORY=FEAT|Sap Adept.MOD	OUTPUTNAME:悶棍手（Sap Adept）〔戰鬥〕	DESC:.CLEAR	DESC:你瞭解如何打到敵人的痛處。	BENEFIT:.CLEAR	BENEFIT:當你使用鈍擊武器造成非致命傷害的偷襲時，傷害檢定獲得兩倍於偷襲d6骰數的加值（譬如，偷襲+5d6則在專長髮動後追加10點傷害）。	
CATEGORY=FEAT|Sap Master.MOD	OUTPUTNAME:悶棍師（Sap Master）〔戰鬥〕	DESC:.CLEAR	DESC:你在最恰當的時點敲中對手的七寸。	BENEFIT:.CLEAR	BENEFIT:當你使用鈍擊武器、對一個措手不及的對象造成非致命傷害的偷襲時，將所有偷襲d6雙骰合計作為非致命偷襲傷害。	
CATEGORY=FEAT|Savage Display.MOD	OUTPUTNAME:凶蠻技倆（Savage Display）〔戰鬥，演武〕	DESC:.CLEAR	DESC:通過勝出和一聲怒吼，你激發了自己的猛惡天性。	BENEFIT:.CLEAR	BENEFIT:當你以迅捷動作進行演武檢定時，你的演武檢定+2、並在下輪結束前傷害檢定+1d6。此額外傷害不屬於精準傷害。	
CATEGORY=FEAT|School Strike.MOD	OUTPUTNAME:學派打擊（School Strike）〔戰鬥〕	DESC:.CLEAR	DESC:你將對法師學派的神秘領悟灌注於徒手打擊之中。	BENEFIT:.CLEAR	BENEFIT:獲得此專長時，選擇一項你擁有的、影響目標不超過一人的學派能力。當你成功用徒手打擊命中對手時，你能以迅捷動作在正常傷害外附加所選定的學派能力效果於他。這不會引發藉機攻擊。	
CATEGORY=FEAT|Sea Legs.MOD	OUTPUTNAME:海腿子（Sea Legs）	DESC:.CLEAR	DESC:你在桅桿纜繩間躍動時充滿了老水手的靈感。	BENEFIT:.CLEAR	BENEFIT:你的特技、攀爬和游泳檢定+2。	
CATEGORY=FEAT|Secret Stash Deed.MOD	OUTPUTNAME:未雨綢繆（Secret Stash Deed）〔勇毅〕	DESC:.CLEAR	DESC:你如此擅長於把小包的彈藥和黑火藥藏在身上，有時候你甚至會在你找到它們時感到吃驚。	BENEFIT:.CLEAR	BENEFIT:在戰鬥中，消耗1點勇毅點，在你身上某個隱蔽的地方，恢復一份子彈和一份黑火藥、或是一發煉金子彈，即使你直到現在都忘記了其存在。如果那份子彈、黑火藥、或是煉金子彈是普通貨，你不需要掏錢。如果你要恢復其他種類的彈藥，你必須從你的角色的財產中支付其價格。這個銃技的勇毅點數消耗不能被「招牌動作」專長，「純正勇毅」職業特性，或任何能減少你勇毅點數消耗的類似效果所減少。你在賭博時的任何巧手檢定都獲得+4加值。	
CATEGORY=FEAT|Seize the Moment.MOD	OUTPUTNAME:抓準時機（Seize the Moment）〔戰鬥，團隊〕	DESC:.CLEAR	DESC:你和你的盟友擅長抓住發起兇猛攻擊的時機。	BENEFIT:.CLEAR	BENEFIT:當擁有此專長的盟友對在你威脅範圍內的敵人造成重擊時，你可以對該敵人發起一次藉機攻擊。	
CATEGORY=FEAT|Shaitan Earthblast.MOD	OUTPUTNAME:地裂（Shaitan Earthblast）〔戰鬥〕	DESC:.CLEAR	DESC:你以強勁的一記跺腳，使地底噴薄而出的強酸燒灼敵人。	BENEFIT:.CLEAR	BENEFIT:當你處於土靈流派架勢時，以一個標準動作，消耗2次「元素之拳」使用次數，你可以在30尺內召喚一道高20尺半徑5尺的酸柱，對範圍內所有生物造成你的徒手打擊傷害，外加元素之拳酸性傷害，並恍惚1輪。通過DC為「10+1/2角色等級+感知修正」的反射豁免則傷害減半，且不會恍惚。	
CATEGORY=FEAT|Shaitan Skin.MOD	OUTPUTNAME:土隱（Shaitan Skin）〔戰鬥〕	DESC:.CLEAR	DESC:你能用強酸保護自己、傷害敵人。	BENEFIT:.CLEAR	BENEFIT:你獲得1次額外「元素之拳」使用次數。當你處於土靈流派架勢時獲得以下好處：你獲得酸抗力，數值等同於你的BAB，或你的武僧等級加上你其他職業得到的BAB（取高者）。當你失去AC的敏捷加值時，你也會失去此抗力。受到你元素之拳酸性傷害的對手須進行一次DC為「10+1/2角色等級+感知修正」的反射豁免，失敗將恍惚1輪。	
CATEGORY=FEAT|Shaitan Style.MOD	OUTPUTNAME:土靈（Shaitan Style）〔戰鬥，流派〕	DESC:.CLEAR	DESC:你以大地之力謹慎進擊。	BENEFIT:.CLEAR	BENEFIT:你獲得1次額外「元素之拳」每日使用次數。當你在此流派架勢中使用元素之拳，你在造成酸系傷害時獲得等於你感知加值的額外傷害。如果你在此架勢中使用酸系元素之拳沒有命中，你仍然能給予對手1d6強酸傷害。	
CATEGORY=FEAT|Shake It Off.MOD	OUTPUTNAME:擺脫困境（Shake It Off）〔團隊〕	DESC:.CLEAR	DESC:你知道如何協助你的盟友，幫助他們從負面狀況中復原。	BENEFIT:.CLEAR	BENEFIT:當你和擁有此專長的盟友鄰接時，每個盟友將提供你+1的豁免加值（最多+4）。	
CATEGORY=FEAT|Shapeshifter Foil.MOD	OUTPUTNAME:阻遏變身（Shapeshifter Foil）	DESC:.CLEAR	DESC:你對變身魔法的掌握，可以干擾其他人的類似效果。	BENEFIT:.CLEAR	BENEFIT:被你傷害過的生物在你下輪結束前都難以進行或維持變身。對方必須通過DC為「15+變身效果等級×2」的專注檢定才能夠進行變身；若你對已處於變身效果下的對象造成傷害，對方必須通過DC為「10+1/2角色等級+感知修正」的意志豁免，否則將會被強制打回原形。若你對上述敵人造成重擊，那麼他甚至將無法進行豁免。	
CATEGORY=FEAT|Shapeshifting Hunter.MOD	OUTPUTNAME:變身獵手（Shapeshifting Hunter）	DESC:.CLEAR	DESC:你將對於死敵的瞭解和變身能力相互融合。	BENEFIT:.CLEAR	BENEFIT:你的德魯伊等級將與遊俠等級疊加來決定你能夠何時選擇下一類宿敵。同樣，你的遊俠等級將與德魯伊等級疊加來決定你的每日自然變身次數。你的自然變身能力次數上限為每天8次。	
CATEGORY=FEAT|Shared Judgment.MOD	OUTPUTNAME:共享審判（Shared Judgment）	DESC:.CLEAR	DESC:你將審判的優勢延伸到一位同伴身上。	BENEFIT:.CLEAR	BENEFIT:你能夠聲明一項審判、並讓1名鄰接同伴共享其效果，而非聲明第二項審判。類似地，當你獲得【三重審判】職業特性後，你能夠聲明一項審判、並讓2名鄰接同伴共享其效果。你也能在獲得【三重審判】職業特性後，聲明兩項審判、並讓1名鄰接同伴共享其中一項審判的效果，而非聲明第三項審判。當你的同伴獲得共享效果後，無需保持與你鄰接也能持續受益。你能以自由動作結束與1名或2名同伴的共享。若你的審判加值因故被壓制，你的所有同伴獲得的共享效果也將被壓制；但在效果恢復時他們的共享也能恢復。	
CATEGORY=FEAT|Siege Commander.MOD	OUTPUTNAME:攻城將領（Siege Commander）〔戰鬥〕	DESC:.CLEAR	DESC:在你的指揮下，搬運攻城兵器的耗時被大大縮短了。	BENEFIT:.CLEAR	BENEFIT:當你率領機師組操控攻城兵器時，你為每個成員帶來組裝或移動兵器的檢定+4加值。你還能將組裝攻城兵器的耗時減半。	
CATEGORY=FEAT|Siege Engineer.MOD	OUTPUTNAME:攻城技師（Siege Engineer）〔戰鬥〕	DESC:.CLEAR	DESC:你對所有攻城兵器瞭如指掌。	BENEFIT:.CLEAR	BENEFIT:你被視為擅長所有攻城兵器。同時，當你身為攻城兵器的機師長時，該兵器不會因攻擊投骰為1而掉鏈。	
CATEGORY=FEAT|Siege Gunner.MOD	OUTPUTNAME:攻城炮手（Siege Gunner）〔戰鬥〕	DESC:.CLEAR	DESC:用過大的攻城兵器進行瞄準對你而言似乎並非難事。	BENEFIT:.CLEAR	BENEFIT:你在操縱體型大於自身的直射型攻城兵器標準時不會遭受減值。若你操作拋射型攻城兵器攻擊失手，彈藥落點誤差為每個射程增量1格。	
CATEGORY=FEAT|Signature Deed.MOD	OUTPUTNAME:招牌動作（Signature Deed）〔勇毅〕	DESC:.CLEAR	DESC:你因一個特定的銃技而聞名，而且你這個動作時特別輕鬆。	BENEFIT:.CLEAR	BENEFIT:選擇一個必須消耗勇毅點的、你可用的銃技。你可以少消耗1點勇毅點（最少為0）來使用這個銃技。如果使用這個銃技所需勇毅點消耗減少到0，你可以在你擁有至少1點勇毅點時任意使用。	
CATEGORY=FEAT|Skilled Driver.MOD	OUTPUTNAME:熟練御者（Skilled Driver）	DESC:.CLEAR	DESC:選擇一種類型的載具（空中、陸地或水上）。你在駕駛該載具時更加得心應手。	BENEFIT:.CLEAR	BENEFIT:你操縱選定載具的駕駛檢定獲得+4加值。	
CATEGORY=FEAT|Slayer's Knack.MOD	OUTPUTNAME:殺戮訣竅（Slayer's Knack）	DESC:.CLEAR	DESC:你完全瞭解如何與宿敵戰鬥，手中的每一件武器都對它們更為致命。	BENEFIT:.CLEAR	BENEFIT:選擇這個專長時，選定一種類型的宿敵。你的任意武器在面對該類型宿敵時，重擊威脅範圍加倍。此效果不與其它任何拓展武器重擊範圍的效果疊加。	
CATEGORY=FEAT|Sling Flail.MOD	OUTPUTNAME:流星鏈索（Sling Flail）〔戰鬥〕	DESC:.CLEAR	DESC:你能夠將上好石塊的投石索當作近戰武器來揮舞。	BENEFIT:.CLEAR	BENEFIT:你可以用裝填好的投石索發動近戰攻擊，使用其基本數據、但攻擊方式視同鏈枷。以這種方式使用投石索並不會消耗彈藥，但魔法或精製品彈丸會在一次命中後失去原本的強化特性。	
CATEGORY=FEAT|Snake Fang.MOD	OUTPUTNAME:白蛇吐信（Snake Fang）〔戰鬥〕	DESC:.CLEAR	DESC:你能在敵人防禦鬆懈時發動迅擊。	BENEFIT:.CLEAR	BENEFIT:你使用蛇拳流派架勢時，如果一個敵人對你的一次攻擊失手了，你可以對他做一次藉機攻擊。如果該次藉機攻擊命中，你可以用直覺動作對此對手再進行一次徒手打擊。	
CATEGORY=FEAT|Snake Sidewind.MOD	OUTPUTNAME:蛇行（Snake Sidewind）〔戰鬥〕	DESC:.CLEAR	DESC:你神妙詭譎的步伐令你難以被放倒。	BENEFIT:.CLEAR	BENEFIT:你在特技檢定，對抗摔絆的CMD以及避免摔倒的豁免骰上有+4加值。你處於蛇拳流派架勢時，你的徒手擊打如果造成重擊威脅，可以做一次察言觀色檢定，並用其檢定結果作為重擊確認骰結果；而且只要你的徒手擊打造成重擊，你能以迅捷動作進行五尺快步，即使你之前已經移動過。	
CATEGORY=FEAT|Snake Style.MOD	OUTPUTNAME:蛇拳（Snake Style）〔戰鬥，流派〕	DESC:.CLEAR	DESC:你仔細觀察著敵人的一舉一動，適時地格擋攻擊。	BENEFIT:.CLEAR	BENEFIT:你在察言觀色檢定上有+2加值，你可以用徒手擊打造成穿刺傷害。你在使用蛇拳流派架勢時，如果有敵人以你為目標進行近戰或遠程攻擊，你可以用直覺動作進行一次察言觀色檢定，並用檢定結果作為你的AC或接觸AC對抗該次攻擊。要使用此能力，你必須察覺到該次攻擊並不能處於措手不及狀態。	
CATEGORY=FEAT|Snap Shot.MOD	OUTPUTNAME:快槍（Snap Shot）〔戰鬥〕	DESC:.CLEAR	DESC:持用遠程武器時，你不會放過對手防禦中的任何破綻。	BENEFIT:.CLEAR	BENEFIT:當持用你所擁有「武器專攻」專長的遠程武器時，你可以威脅5尺鄰近範圍。你能以遠程武器發動藉機攻擊，並且不會因此而引發藉機攻擊。	
CATEGORY=FEAT|Snapping Turtle Clutch.MOD	OUTPUTNAME:龜爪（Snapping Turtle Clutch）〔戰鬥〕	DESC:.CLEAR	DESC:你的徒手戰鬥技巧可以讓你將敵人的攻擊化作你反擊的契機。	BENEFIT:.CLEAR	BENEFIT:你從鱷龜流派架勢獲得的盾牌加值能加到CMD和接觸AC上；當你採用鱷龜流派架勢時，如果對手對你近戰攻擊失手，你能以直覺動作對該對手發起一次受-2減值的擒抱。	
CATEGORY=FEAT|Snapping Turtle Shell.MOD	OUTPUTNAME:龜甲（Snapping Turtle Shell）〔戰鬥〕	DESC:.CLEAR	DESC:你防禦用的那隻手在撥擋攻擊方面已臻化境。	BENEFIT:.CLEAR	BENEFIT:當你處於鱷龜流派架勢時，你在此架勢獲得的盾牌加值變成+2，而且對手對你的重擊確認骰受到-4減值。	
CATEGORY=FEAT|Snapping Turtle Style.MOD	OUTPUTNAME:鱷龜勢（Snapping Turtle Style）〔戰鬥〕	DESC:.CLEAR	DESC:你高超的徒手戰鬥技巧給予你保護。	BENEFIT:.CLEAR	BENEFIT:當你處於鱷龜流派架勢時，如果至少有一隻手空閒，你在AC上得到+1盾牌加值。	
CATEGORY=FEAT|Sneaking Precision.MOD	OUTPUTNAME:精準偷襲（Sneaking Precision）	DESC:.CLEAR	DESC:你對敵人弱點的洞悉使攻擊效果拔群。	BENEFIT:.CLEAR	BENEFIT:當你在自己的行動輪中第二次成功偷襲同一目標時，你能以迅捷動作將所知的一項重擊專長效果施加於對方。	
CATEGORY=FEAT|Sorcerous Strike.MOD	OUTPUTNAME:術士打擊（Sorcerous Strike）〔戰鬥〕	DESC:.CLEAR	DESC:你血脈中流動的力量也顯現在你的徒手攻擊中。	BENEFIT:.CLEAR	BENEFIT:獲得此專長時，選擇一項你擁有的、影響目標不超過一人的血統能力。當你成功用徒手打擊命中對手時，你能以迅捷動作在正常傷害外附加所選定的血統能力效果於他。這不會引發藉機攻擊。	
CATEGORY=FEAT|Spell Bane.MOD	OUTPUTNAME:法術破敵（Spell Bane）	DESC:.CLEAR	DESC:當你的破敵武器啟動時，破敵對像生物更難抵抗你的法術。	BENEFIT:.CLEAR	BENEFIT:當你的【破敵】職業特性正在對某一類型的生物生效時，該類型生物抵抗你的法術的豁免DC上升2點。	
CATEGORY=FEAT|Spinning Throw.MOD	OUTPUTNAME:迴旋推手（Spinning Throw）〔戰鬥〕	DESC:.CLEAR	DESC:你將對手捲入旋風，再將之拋出。	BENEFIT:.CLEAR	BENEFIT:在成功對一個體型和你相等、或更小的生物使用了徒手絆摔戰技後，你能以迅捷動作對其嘗試一次衝撞戰技。若衝撞成功，則你能夠將該對手移至你威脅範圍內的任一空格，再根據衝撞戰技的結果將其以5尺增量撞開，並讓其倒地。若衝撞檢定失敗，你可以如常使用「太極推手」專長。若你同時擁有「精通太極推手（Improved Ki Throw, APG）」專長，成功的衝撞還能將對手衝往已被其他生物佔據的方格。具體效果判定如同「精通太極推手」專長詳述。	
CATEGORY=FEAT|Splintering Weapon.MOD	OUTPUTNAME:爆碎武器（Splintering Weapon）	DESC:.CLEAR	DESC:你手中脆弱武器的碎片插進了對方的傷口中，使你取得優勢。	BENEFIT:.CLEAR	BENEFIT:當你使用帶有〔易碎〕特性或類似效果的近戰或投擲武器命中對手時，你能讓武器破損、同時給對手造成1d4出血傷害。	
CATEGORY=FEAT|Stage Combatant.MOD	OUTPUTNAME:演武鬥士（Stage Combatant）〔戰鬥〕	DESC:.CLEAR	DESC:你是舞台上非致命戰鬥的大師。	BENEFIT:.CLEAR	BENEFIT:當你持用你所擁有「武器專攻」專長的武器時，你用該武器給對方造成非致命傷害或無傷害時不承受減值。	
CATEGORY=FEAT|Stalwart.MOD	OUTPUTNAME:堅毅（Stalwart）	DESC:.CLEAR	DESC:你調整好架勢，能夠吸收和偏移更多打擊。	BENEFIT:.CLEAR	BENEFIT:當你進行全防禦動作、或使用「寓守於攻」專長時，你能放棄本應獲得的AC閃避加值，而是代之以等量的傷害減免，最大達到「5/-」，直到下輪開始。此傷害減免和你從職業特性中獲得的減免疊加，譬如野蠻人；但不與其他任何類型的傷害減免疊加。若你失去AC的敏捷加值，你也失去上述傷害減免。	
CATEGORY=FEAT|Stealth Synergy.MOD	OUTPUTNAME:協同隱藏（Stealth Synergy）〔團隊〕	DESC:.CLEAR	DESC:貼近一個盟友，你們可以像孿生的陰影一般行動。	BENEFIT:.CLEAR	BENEFIT:當你可以看到一個或多個擁有此專長的盟友時，當你們進行隱匿檢定，你們都可以取眾人中最高的投骰並加上各自的加值作為檢定結果。	
CATEGORY=FEAT|Strangler.MOD	OUTPUTNAME:扼殺（Strangler）〔戰鬥〕	DESC:.CLEAR	DESC:扼殺敵人的生命是你的第二天性。	BENEFIT:.CLEAR	BENEFIT:每當你成功維持擒抱、並給對手造成傷害時，你能以迅捷動作將偷襲傷害加到傷害檢定中。	
CATEGORY=FEAT|Strong Comeback.MOD	OUTPUTNAME:知錯能改（Strong Comeback）	DESC:.CLEAR	DESC:你從過去犯下的錯誤中學到很多東西。	BENEFIT:.CLEAR	BENEFIT:每當你能夠對1次屬性檢定、技能檢定或豁免檢定進行重骰時，重骰獲得+2環境加值。	
CATEGORY=FEAT|Stunning Pin.MOD	OUTPUTNAME:震懾壓制（Stunning Pin）〔戰鬥〕	DESC:.CLEAR	DESC:你能讓被壓制的對手暫時無力化。	BENEFIT:.CLEAR	BENEFIT:當你在擒抱中壓制住一個對手時，你能以迅捷動作將震懾拳效果施加在對方身上。	
CATEGORY=FEAT|Sure Grasp.MOD	OUTPUTNAME:可靠抓握（Sure Grasp）	DESC:.CLEAR	DESC:你的快速反應和攀爬技巧保證你不致墜亡。	BENEFIT:.CLEAR	BENEFIT:攀爬檢定和避免墜落的反射檢定可以雙骰取高。	
CATEGORY=FEAT|Sword and Pistol.MOD	OUTPUTNAME:槍劍擊鳴（Sword and Pistol）〔戰鬥〕	DESC:.CLEAR	DESC:你有效地搭配近戰和遠程攻擊。	BENEFIT:.CLEAR	BENEFIT:當你一手持用近戰武器、另一首持用弩或火器並使用「雙武器格鬥」專長時，你通過弩或火器做出的攻擊不會觸發近戰武器威脅範圍內敵人的藉機攻擊。	
CATEGORY=FEAT|Tandem Trip.MOD	OUTPUTNAME:接力絆摔（Tandem Trip）〔戰鬥，團隊〕	DESC:.CLEAR	DESC:你們知道如何連手絆摔敵人。	BENEFIT:.CLEAR	BENEFIT:當你絆摔擁有此專長盟友威脅範圍內的敵人時，你可以骰兩次戰技檢定取其高值。	
CATEGORY=FEAT|Target of Opportunity.MOD	OUTPUTNAME:見縫插針（Target of Opportunity）〔戰鬥，團隊〕	DESC:.CLEAR	DESC:你和你的盟友對敵人發起致命的彈幕攻勢。	BENEFIT:.CLEAR	BENEFIT:當你的盟友以遠程攻擊命中你30尺內目標時，你可以通過直覺動作對該目標發起單次遠程攻擊。你的遠程武器必須在手、上膛且已經可以開火或投擲。	
CATEGORY=FEAT|Team Pickpocketing.MOD	OUTPUTNAME:聯手扒竊（Team Pickpocketing）〔團隊〕	DESC:.CLEAR	DESC:你的友好分散了目標的注意力，而你的盟友則趁機扒走了對方的錢包。	BENEFIT:.CLEAR	BENEFIT:當擁有此專長的盟友成功地通過唬騙檢定施展虛招時，只要你和該目標鄰接，你就可以通過直覺動作施展巧手技能扒竊對手，且在檢定中得到+4加值。	
CATEGORY=FEAT|Tiger Claws.MOD	OUTPUTNAME:虎爪功（Tiger Claws）〔戰鬥〕	DESC:.CLEAR	DESC:你能夠放棄連續技，來換取乾坤一擊。	BENEFIT:.CLEAR	BENEFIT:當你處於虎拳流派架勢且雙手空著時，你能用雙手猛擊重創敵人。以一個整輪動作，你進行一次徒手打擊檢定，這次攻擊使用你最高的BAB，分別投兩隻手的徒手打擊傷害骰併合計，如果此攻擊造成重擊，則分別投擲兩隻手的重擊傷害併合計。如果你在這次攻擊中使用「猛力攻擊」專長，可以在其中一隻手的傷害骰上加上力量修正的一半。如果該次攻擊命中，你可以立即嘗試一次有+2加值的衝撞檢定，這次衝撞檢定不會引發對手的藉機攻擊，但即使你的衝撞成功也無法撞著對手一起移動。	
CATEGORY=FEAT|Tiger Pounce.MOD	OUTPUTNAME:虎躍（Tiger Pounce）〔戰鬥〕	DESC:.CLEAR	DESC:你的徒手打擊既狠又準，還給予你以迅雷不及掩耳之勢追擊對手的餘裕。	BENEFIT:.CLEAR	BENEFIT:當你處於虎拳流派架勢時獲得以下好處：在使用「猛力攻擊」專長時，你可以通過降低AC而不是降低AB來換取額外傷害。每輪1次，如果你在這一輪或上一輪用徒手擊打命中一個對手或對其使用戰技成功，以一個迅捷動作，你可以用一半移動速度向該對手移動。	
CATEGORY=FEAT|Tiger Style.MOD	OUTPUTNAME:虎形拳（Tiger Style）〔戰鬥，流派〕	DESC:.CLEAR	DESC:你的徒手打擊體現了猛虎的力量和兇猛。	BENEFIT:.CLEAR	BENEFIT:你使用虎形拳流派架勢時，你對衝撞，闖越與摔絆的CMD+2。在此架勢下你還可以用徒手擊打造成揮砍傷害。如果你造成揮砍傷害的徒手擊打造成重擊，對手在每輪開始時會受到1d4點出血傷害，出血持續2輪。	
CATEGORY=FEAT|Trapper's Setup.MOD	OUTPUTNAME:陷阱師設置（Trapper's Setup）	DESC:.CLEAR	DESC:你在等待時機、在恰當時分觸發陷阱這一點上頗有天分。	BENEFIT:.CLEAR	BENEFIT:當你手動觸發一個針對敵人的陷阱時，該陷阱的攻擊檢定或豁免DC獲得+2環境加值。	
CATEGORY=FEAT|Twin Thunders.MOD	OUTPUTNAME:雷霆雙擊（Twin Thunders）〔戰鬥〕	DESC:.CLEAR	DESC:當你與巨人戰鬥時，你混合了先人智慧的有力重擊效果拔群。	BENEFIT:.CLEAR	BENEFIT:每輪1次，當你兩手各用一件鈍擊武器攻擊具有巨人亞種的生物時，若你在主手武器命中後又以副手武器命中，副手武器的傷害可在應用加值前雙骰累加。額外傷害不會因重擊加倍。	
CATEGORY=FEAT|Twin Thunders Flurry.MOD	OUTPUTNAME:雷霆連擊（Twin Thunders Flurry）〔戰鬥〕	DESC:.CLEAR	DESC:你的雙重鈍擊在面對巨人時效果拔群。	BENEFIT:.CLEAR	BENEFIT:你能夠絆摔體型最大為超大型的巨人亞種生物，並對他們的傷害+2。此外，每當你在主手武器命中後又以副手武器命中巨人亞種生物，你都能應用「雷霆雙擊」專長帶來的副手武器傷害加成。	
CATEGORY=FEAT|Twin Thunders Master.MOD	OUTPUTNAME:雷霆大師（Twin Thunders Master）〔戰鬥〕	DESC:.CLEAR	DESC:你能以雷霆之擊壓倒最強大的巨人。	BENEFIT:.CLEAR	BENEFIT:每當你通過「雷霆雙擊」專長造成額外傷害，對手戰慄1輪，且須通過DC為「10+1/2你的等級+力量修正」的強韌豁免，否則恍惚1輪。若你對已經處於恍惚的對手成功使用本專長，他將暈眩1輪。你還能類似地讓已經暈眩的對手震懾。	
CATEGORY=FEAT|Two-Handed Thrower.MOD	OUTPUTNAME:雙手擲者（Two-Handed Thrower）〔戰鬥〕	DESC:.CLEAR	DESC:你雙手猛力地投出武器，有時會採用迴旋身體等技巧來加大投擲物體的速度。	BENEFIT:.CLEAR	BENEFIT:當你用雙手投擲一件單手或雙手武器時，傷害檢定獲得1.5倍力量修正。雙手投擲武器對你而言都是標準動作。若你同時擁有「即時備戰」專長，你能以正常全力攻擊的頻率投擲雙手武器。	
CATEGORY=FEAT|Two-Weapon Feint.MOD	OUTPUTNAME:雙武器虛招（Two-Weapon Feint）〔戰鬥〕	DESC:.CLEAR	DESC:你用一件武器吸引敵人注意，而另一件武器則穿透防禦進襲。	BENEFIT:.CLEAR	BENEFIT:當你通過近戰武器使用「雙武器格鬥」專長時，你能通過放棄主手武器的第一次攻擊來對敵人進行唬騙以使用虛招。	
CATEGORY=FEAT|Vicious Stomp.MOD	OUTPUTNAME:惡毒踩踏（Vicious Stomp）〔戰鬥〕	DESC:.CLEAR	DESC:你在對手倒地的恰當時機猛踹之。	BENEFIT:.CLEAR	BENEFIT:當對手倒在你的鄰接方格，他將會觸發你的藉機攻擊。藉機攻擊必須以徒手攻擊。	
CATEGORY=FEAT|Wave Strike.MOD	OUTPUTNAME:波浪打擊（Wave Strike）〔戰鬥〕	DESC:.CLEAR	DESC:你的姿態平靜祥和，直到你用流暢的一個動作令兵刃出鞘並直指要害。	BENEFIT:.CLEAR	BENEFIT:若你在戰鬥的首輪拔出近戰武器並攻擊一個鄰接對手，你能以迅捷動作對其進行唬騙以使用虛招。	
CATEGORY=FEAT|Whip Mastery.MOD	OUTPUTNAME:長鞭熟稔（Whip Mastery）〔戰鬥〕	DESC:.CLEAR	DESC:你對這件武器的精熟使敵人沒有可乘之機。	BENEFIT:.CLEAR	BENEFIT:你使用長鞭攻擊時不會再觸發藉機攻擊。你能以長鞭造成致命傷害，也能隨意願造成非致命傷害。最後，你能以長鞭傷害AC護甲或天生護甲較高的敵人。	
