Firearms.MOD	OUTPUTNAME:火器（Firearms）
Buckler Gun.MOD	OUTPUTNAME:A盾（Buckler Gun）
Pepperbox.MOD	OUTPUTNAME:胡椒罐手（Pepperbox）
Pistol.MOD	OUTPUTNAME:手（Pistol）
Pistol (Coat).MOD	OUTPUTNAME:袖（Pistol (Coat)）
Pistol (Dagger).MOD	OUTPUTNAME:短刃手（Pistol (Dagger)）
Pistol (Double-Barreled).MOD	OUTPUTNAME:p管手（Pistol (Double-barreled)）
Pistol (Dragon).MOD	OUTPUTNAME:|（Pistol (Dragon)）
Pistol (Sword Cane).MOD	OUTPUTNAME:杖κ（Pistol (Sword Cane)）
Blunderbuss.MOD	OUTPUTNAME:雷筒（Blunderbuss）
Culverin.MOD	OUTPUTNAME:L管炮（Culverin）
Double Hackbut.MOD	OUTPUTNAME:p管架（Double Hackbut）
Fire Lance.MOD	OUTPUTNAME:突火矛（Fire Lance）
Musket.MOD	OUTPUTNAME:滑膛（Musket）
Musket (Axe).MOD	OUTPUTNAME:鸶式滑膛（Musket (Axe)）
Musket (Double-Barreled).MOD	OUTPUTNAME:p管滑膛（Musket (Double-Barreled)）
Musket (Warhammer).MOD	OUTPUTNAME:疱N式滑膛（Musket (Warhammer)）
Revolver.MOD	OUTPUTNAME:左手（Revolver）
Rifle.MOD	OUTPUTNAME:步（Rifle）
Shotgun.MOD	OUTPUTNAME:霰（Shotgun）
Butterfly Sword.MOD	OUTPUTNAME:蝴蝶p刀（Butterfly sword）
Iron Brush.MOD	OUTPUTNAME:判官P（Iron brush）
Jutte.MOD	OUTPUTNAME:十手（Jutte）
Kerambit.MOD	OUTPUTNAME:虎牙刺（Kerambit）
Lungchuan Tamo.MOD	OUTPUTNAME:杖[刃（Lungchuan tamo）
Shang Gou.MOD	OUTPUTNAME:p^（Shang gou）
Tonfa.MOD	OUTPUTNAME:旋棍（Tonfa）
Wushu Dart.MOD	OUTPUTNAME:武S（Wushu dart）
Broadsword (Nine Ring).MOD	OUTPUTNAME:九h大刀（Broadsword (Nine Ring)）
Double Chicken Saber.MOD	OUTPUTNAME:u刀（Double chicken saber）
Sibat.MOD	OUTPUTNAME:倒^矛（Sibat）
Hooked Lance.MOD	OUTPUTNAME:^（Hooked lance）
Monk's Spade.MOD	OUTPUTNAME:U杖（Monk's spade）
Naginata.MOD	OUTPUTNAME:S刀（Naginata）
Nodachi.MOD	OUTPUTNAME:野太刀（Nodachi）
Sansetsukon.MOD	OUTPUTNAME:三棍（Sansetsukon）
Sword (Tri-Point Double-Edged).MOD	OUTPUTNAME:三尖扇械叮Sword (Tri-Point Double-Edged)）
Tiger Fork.MOD	OUTPUTNAME:三股叉（Tiger fork）
Tube Arrow Shooter.MOD	OUTPUTNAME:袖箭（Tube arrow shooter）
Poisoned Sand Tube.MOD	OUTPUTNAME:毒砂管（Poisoned sand tube）
Dan Bong.MOD	OUTPUTNAME:短棒（Dan bong）
Emei Piercer.MOD	OUTPUTNAME:峨眉刺（Emei piercer）
Fighting Fan.MOD	OUTPUTNAME:F骨扇（Fighting fan）
Tekko-Kagi (Iron Claw).MOD	OUTPUTNAME:手甲^（Tekko-Kagi (Iron Claw)）
Wakizashi.MOD	OUTPUTNAME:{差（Wakizashi）
Katana.MOD	OUTPUTNAME:武士刀（Katana）
Nine-Section Whip.MOD	OUTPUTNAME:九鞭（Nine-section whip）
Urumi.MOD	OUTPUTNAME:ΓUrumi）
Bo Staff.MOD	OUTPUTNAME:L棒（Bo staff）
Kama (Double-Chained).MOD	OUTPUTNAME:p（Kama (Double-chained)）
Katana (Double Walking Stick).MOD	OUTPUTNAME:手杖刀（Katana (Double Walking Stick)）
Kusarigama (Sickle and Chain).MOD	OUTPUTNAME:i（Kusarigama (Sickle and Chain)）
Kyoketsu Shoge.MOD	OUTPUTNAME:距拔（Kyoketsu shoge）
Meteor Hammer.MOD	OUTPUTNAME:流星N（Meteor hammer）
Sword (Seven-Branched).MOD	OUTPUTNAME:七支刀（Sword (Seven-branched)）
Tetsubo.MOD	OUTPUTNAME:金碎棒（Tetsubo）
Rope Dart.MOD	OUTPUTNAME:KS（Rope dart）
Scizore.MOD	OUTPUTNAME:角Y剪（Scizore）
Amentum.MOD	OUTPUTNAME:投索（Amentum）
Aklys.MOD	OUTPUTNAME:w^杖（Aklys）
Knuckle Axe.MOD	OUTPUTNAME:指斧（Knuckle axe）
Madu.MOD	OUTPUTNAME:R杜（Madu）
Pata.MOD	OUTPUTNAME:拳ΓPata）
Quadrens.MOD	OUTPUTNAME:多刃匕首（Quadrens）
Scorpion Whip.MOD	OUTPUTNAME:尾鞭（Scorpion whip）
Sica.MOD	OUTPUTNAME:^刀（Sica）
Hooked Axe.MOD	OUTPUTNAME:^斧（Hooked axe）
Shotel.MOD	OUTPUTNAME:^ΓShotel）
Flying Blade.MOD	OUTPUTNAME:旋刃（Flying blade）
Throwing Shield.MOD	OUTPUTNAME:w盾（Throwing shield）
Mattock.MOD	OUTPUTNAME:Q嘴z（Mattock）
Rhomphaia.MOD	OUTPUTNAME:L柄逆刃刀（Rhomphaia）
Harpoon.MOD	OUTPUTNAME:~叉（Harpoon）
Kestros.MOD	OUTPUTNAME:投S索（Kestros）
Mere Club.MOD	OUTPUTNAME:石磨棒（Mere club）
Terbutje.MOD	OUTPUTNAME:石刃ΓTerbutje）
Tepoztopilli.MOD	OUTPUTNAME:石刃鸸鳎Tepoztopilli）
Atlatl.MOD	OUTPUTNAME:SS器（Atlatl）
Taiaha.MOD	OUTPUTNAME:棍矛（Taiaha）
Terbutje (Great).MOD	OUTPUTNAME:石刃大ΓTerbutje (Great)）
Wahaika.MOD	OUTPUTNAME:~嘴棒（Wahaika）
Ballista (Light).MOD	OUTPUTNAME:弩炮(p型)（Ballista (Light)）
Cannon.MOD	OUTPUTNAME:加r火炮（Cannon）
Ballista (Heavy).MOD	OUTPUTNAME:弩炮(重型)（Ballista (Heavy)）
Cannon (Fiend's Mouth).MOD	OUTPUTNAME:鬼^火炮（Cannon (Fiend's Mouth)）
Firedrake.MOD	OUTPUTNAME:炎蛟炮（Firedrake）
Ballista (Gate Breaker).MOD	OUTPUTNAME:弩炮(破城型)（Ballista (Gate Breaker)）
Firewyrm.MOD	OUTPUTNAME:炎炮（Firewyrm）
Bombard (Light).MOD	OUTPUTNAME:臼炮(p型)（Bombard (Light)）
Catapult (Light).MOD	OUTPUTNAME:投石(p型)（Catapult (Light)）
Trebuchet (Light).MOD	OUTPUTNAME:石C(p型)（Trebuchet (Light)）
Bombard (Standard).MOD	OUTPUTNAME:臼炮(中型)（Bombard (Standard)）
Catapult (Standard).MOD	OUTPUTNAME:投石(中型)（Catapult (Standard)）
Springal (Arrow).MOD	OUTPUTNAME:投射器(巨矢型)（Springal (Arrow)）
Springal (Rocket).MOD	OUTPUTNAME:投射器(火箭型)（Springal (Rocket)）
Trebuchet (Standard).MOD	OUTPUTNAME:石C(中型)（Trebuchet (Standard)）
Bombard (Heavy).MOD	OUTPUTNAME:臼炮(重型)（Bombard (Heavy)）
Catapult (Heavy).MOD	OUTPUTNAME:投石(重型)（Catapult (Heavy)）
Trebuchet (Heavy).MOD	OUTPUTNAME:石C(重型)（Trebuchet (Heavy)）
