ANGEL_LT.MOD	OUTPUTNAME:天使緞
ANGEL_MED.MOD	OUTPUTNAME:天使緞
BLOOD_C_AMMO.MOD	OUTPUTNAME:血結晶
BLOOD_C_WEAP.MOD	OUTPUTNAME:血結晶
EEL_H_ARMR_LT.MOD	OUTPUTNAME:電鰻革
EEL_H_ARMR_MED.MOD	OUTPUTNAME:電鰻革
ELYSIAN_B_AMMO.MOD	OUTPUTNAME:淨土青銅
ELYSIAN_B_ARMOR_LT.MOD	OUTPUTNAME:淨土青銅
ELYSIAN_B_ARMOR_MED.MOD	OUTPUTNAME:淨土青銅
ELYSIAN_B_ARMOR_HVY.MOD	OUTPUTNAME:淨土青銅
ELYSIAN_B_WEAP.MOD	OUTPUTNAME:淨土青銅
FIRE_ST_AMMO.MOD	OUTPUTNAME:火紋鋼
FIRE_ST_ARMOR_LT.MOD	OUTPUTNAME:火紋鋼
FIRE_ST_ARMOR_MED.MOD	OUTPUTNAME:火紋鋼
FIRE_ST_ARMOR_HVY.MOD	OUTPUTNAME:火紋鋼
FIRE_ST_WEAP.MOD	OUTPUTNAME:火紋鋼
FROST_ST_AMMO.MOD	OUTPUTNAME:冰紋鋼
FROST_ST_ARMOR_LT.MOD	OUTPUTNAME:冰紋鋼
FROST_ST_ARMOR_MED.MOD	OUTPUTNAME:冰紋鋼
FROST_ST_ARMOR_HVY.MOD	OUTPUTNAME:冰紋鋼
FROST_ST_WEAP.MOD	OUTPUTNAME:冰紋鋼
GRNWD.MOD	OUTPUTNAME:綠木
GRIFFON_M_ARMOR_LT.MOD	OUTPUTNAME:獅鷲鬃
GRIFFON_M_CLOTH.MOD	OUTPUTNAME:獅鷲鬃
LIVING_ST_AMMO.MOD	OUTPUTNAME:活鋼
LIVING_ST_ARMOR_LT.MOD	OUTPUTNAME:活鋼
LIVING_ST_ARMOR_MED.MOD	OUTPUTNAME:活鋼
LIVING_ST_ARMOR_HVY.MOD	OUTPUTNAME:活鋼
LIVING_ST_SHLD.MOD	OUTPUTNAME:活鋼
LIVING_ST_WEAP.MOD	OUTPUTNAME:活鋼
LIVING_ST_ITEM.MOD	OUTPUTNAME:活鋼
VIRI_AMMO.MOD	OUTPUTNAME:毒琉璃
VIRI_WEAP.MOD	OUTPUTNAME:毒琉璃
VIRI_STR_AMMO.MOD	OUTPUTNAME:毒琉璃
VIRI_STR_WEAP.MOD	OUTPUTNAME:毒琉璃
WYROOT.MOD	OUTPUTNAME:汲魂之莖
WYROOT_2LP.MOD	OUTPUTNAME:汲魂之莖
WYROOT_3LP.MOD	OUTPUTNAME:汲魂之莖