Acrobat Slippers.MOD	OUTPUTNAME:雜技拖鞋（Acrobat Slippers）	
Boots of Escape.MOD	OUTPUTNAME:逃生靴（Boots of Escape）	
Boots of the Cat.MOD	OUTPUTNAME:貓之靴（Boots of the Cat）	
Boots of the Enduring March.MOD	OUTPUTNAME:急行軍之靴（Boots of the Enduring March）	
Boots of the Mastodon.MOD	OUTPUTNAME:象皮重靴（Boots of the Mastodon）	
Boots of the Mire.MOD	OUTPUTNAME:泥沼長靴（Boots of the Mire）	
Burglar Boots (Major).MOD	OUTPUTNAME:強效斥候靴（Burglar Boots, Major）	
Burglar Boots (Minor).MOD	OUTPUTNAME:弱效斥候靴（Burglar Boots, Minor）	
Caltrop Boots.MOD	OUTPUTNAME:蒺藜靴（Caltrop Boots）	
Daredevil Boots.MOD	OUTPUTNAME:蠻勇之靴（Daredevil Boots）	
Dryad Sandals.MOD	OUTPUTNAME:森林涼鞋（Dryad Sandals）	
Earth Root Boots.MOD	OUTPUTNAME:地根靴（Earth Root Boots）	
Feather Step Slippers.MOD	OUTPUTNAME:羽步拖鞋（Feather Step Slippers）	
Getaway Boots.MOD	OUTPUTNAME:逃亡靴（Getaway Boots）	
Haunted Shoes.MOD	OUTPUTNAME:鬼僕鞋（Haunted Shoes）	
Horseshoes of Crushing Blows +1.MOD	OUTPUTNAME:+1碎擊馬蹄鐵（Horseshoes of Crushing Blows）	
Horseshoes of Crushing Blows +2.MOD	OUTPUTNAME:+2碎擊馬蹄鐵（Horseshoes of Crushing Blows）	
Horseshoes of Crushing Blows +3.MOD	OUTPUTNAME:+3碎擊馬蹄鐵（Horseshoes of Crushing Blows）	
Horseshoes of Crushing Blows +4.MOD	OUTPUTNAME:+4碎擊馬蹄鐵（Horseshoes of Crushing Blows）	
Horseshoes of Crushing Blows +5.MOD	OUTPUTNAME:+5碎擊馬蹄鐵（Horseshoes of Crushing Blows）	
Horseshoes of Glory.MOD	OUTPUTNAME:榮耀馬蹄鐵（Horseshoes of Glory）	
Horseshoes of Mist.MOD	OUTPUTNAME:迷霧馬蹄鐵（Horseshoes of Mist）	
Jaunt Boots.MOD	OUTPUTNAME:遠足靴（Jaunt Boots）	
Nightmare Boots.MOD	OUTPUTNAME:夢魘靴（Nightmare Boots）	
Nightmare Horseshoes.MOD	OUTPUTNAME:夢魘馬蹄鐵（Nightmare Horseshoes）	
Sandals of Quick Reaction.MOD	OUTPUTNAME:神速反應涼鞋（Sandals of Quick Reaction）	
Sandals of the Lightest Step.MOD	OUTPUTNAME:輕盈涼鞋（Sandals of the Lightest Step）	
Shoes of Lightning Leaping.MOD	OUTPUTNAME:閃電跳躍鞋（Shoes of Lightning Leaping）	
Shoes of the Firewalker.MOD	OUTPUTNAME:焰行之鞋（Shoes of the Firewalker）	
Slippers of Cloudwalking.MOD	OUTPUTNAME:雲行拖鞋（Slippers of Cloudwalking）	
Slippers of the Triton.MOD	OUTPUTNAME:海螺拖鞋（Slippers of the Triton）	
Tremor Boots.MOD	OUTPUTNAME:震顫感知長靴（Tremor Boots）	
Verdant Boots.MOD	OUTPUTNAME:翠綠長靴（Verdant Boots）	
