Armbands of the Brawler.MOD	OUTPUTNAME:打手臂章（Armbands of the Brawler）	
Arrowmaster's Bracers.MOD	OUTPUTNAME:箭師護腕（Arrowmaster's Bracers）	
Bonebreaker Gauntlets.MOD	OUTPUTNAME:碎骨者護腕（Bonebreaker Gauntlets）	
Bracelet of Bargaining.MOD	OUTPUTNAME:交易手鐲（Bracelet of Bargaining）	
Bracelet of Second Chances.MOD	OUTPUTNAME:再起手鐲（Bracelet of Second Chances）	
Bracers of Falcon's Aim.MOD	OUTPUTNAME:隼目護腕（Bracers of Falcon's Aim）	
Bracers of Steadiness.MOD	OUTPUTNAME:穩定護腕（Bracers of Steadiness）	
Bracers of Sworn Vengeance.MOD	OUTPUTNAME:誓仇護腕（Bracers of Sworn Vengeance）	
Bracers of the Avenging Knight.MOD	OUTPUTNAME:復仇騎士護腕（Bracers of the Avenging Knight）	
Bracers of the Glib Entertainer.MOD	OUTPUTNAME:圓滑演員護腕（Bracers of the Glib Entertainer）	
Bracers of the Merciful Knight.MOD	OUTPUTNAME:慈憫騎士護腕（Bracers of the Merciful Knight）	
Burglar's Bracers.MOD	OUTPUTNAME:竊賊護腕（Burglar's Bracers）	
Charm Bracelet.MOD	OUTPUTNAME:小飾品手鐲（Charm Bracelet）	
Duelist's Vambraces.MOD	OUTPUTNAME:決鬥者臂鎧（Duelist's Vambraces）	
High Elven Bracers.MOD	OUTPUTNAME:高精靈護腕（High Elven Bracers）	
Inquisitor's Bastion Vambraces.MOD	OUTPUTNAME:審判者的堡壘臂鎧（Inquisitor's Bastion Vambraces）	
Longarm Bracers.MOD	OUTPUTNAME:長臂護腕（Longarm Bracers）	
Merciful Vambraces.MOD	OUTPUTNAME:慈憫臂鎧（Merciful Vambraces）	
Seducer's Bane.MOD	OUTPUTNAME:魅惑者之敵（Seducer's Bane）	
Shackles of Compliance.MOD	OUTPUTNAME:順從鐐銬（Shackles of Compliance）	
Shackles of Durance Vile.MOD	OUTPUTNAME:禁錮枷鎖（Shackles of Durance Vile）	
Sleeves of Many Garments.MOD	OUTPUTNAME:百衣套袖（Sleeves of Many Garments）	
Spellguard Bracers.MOD	OUTPUTNAME:護法護腕（Spellguard Bracers）	
Vambraces of Defense.MOD	OUTPUTNAME:防禦臂鎧（Vambraces of Defense）	
Vambraces of the Genie (Efreeti).MOD	OUTPUTNAME:火巨靈臂鎧（Vambraces of the Genie (Efreeti)）	
Vambraces of the Genie (Djinni).MOD	OUTPUTNAME:風巨靈臂鎧（Vambraces of the Genie (Djinni)）	
Vambraces of the Genie (Marid).MOD	OUTPUTNAME:水巨靈臂鎧（Vambraces of the Genie (Marid)）	
Vambraces of the Genie (Shaitan).MOD	OUTPUTNAME:土巨靈臂鎧（Vambraces of the Genie (Shaitan)）	
Vambraces of the Tactician.MOD	OUTPUTNAME:戰術臂鎧（Vambraces of the Tactician）	
Verdant Vine.MOD	OUTPUTNAME:翠綠籐蔓（Verdant Vine）	
