CATEGORY=Special Ability|Trait ~ Anatomist.MOD	OUTPUTNAME:解剖師（Anatomist）	DESC:.CLEAR	DESC:作為一介大學醫科生或是死靈師學徒，你接受過解剖學的系統訓練。你知曉如何瞄準對方最致命的器官，並在重擊確認的投骰中獲得+1背景加值。					
CATEGORY=Special Ability|Trait ~ Armor Expert.MOD	OUTPUTNAME:甲冑士（Armor Expert）	DESC:.CLEAR	DESC:無論是作為見習騎士的訓練、或單純地出於對英雄的模仿，從記事起你便身披甲冑。兒時所穿的鎧甲未必真具備防護力，但這種仿真的負重練習畢竟是一種磨練，使長大的你如今披甲行動時姿態更加優雅。你身穿任何種類的盔甲時，該盔甲的防具檢定減值下降1點，最低為0。					
CATEGORY=Special Ability|Trait ~ Bullied.MOD	OUTPUTNAME:受氣包（Bullied）	DESC:.CLEAR	DESC:你幼時常受人欺負，以致今日你也在敵人接近時慣於緊握雙拳以自衛。你在通過徒手進行藉機攻擊時，攻擊檢定獲得+1背景加值。注意此背景特性並不賦予你通過徒手進行藉機攻擊的能力——你必須擁有武僧等級或「精通徒手打擊」專長，或者其他類似能力才能使用本背景。但這並不妨礙你預先選擇本背景；只是在滿足上述條件前暫時無法使用而已。					
CATEGORY=Special Ability|Trait ~ Courageous.MOD	OUTPUTNAME:無畏者（Courageous）	DESC:.CLEAR	DESC:你的童年充斥著暴力，但你通過不屈不撓的意志與信念之力在苦境中成長，只要保持神志清醒便能勇敢面對任何威脅。你在對抗恐懼效果的意志豁免中獲得+2背景加值。					
CATEGORY=Special Ability|Trait ~ Deft Dodger.MOD	OUTPUTNAME:機靈鬼（Deft Dodger）	DESC:.CLEAR	DESC:在危險環境或惡鄰之側長大的你不斷地磨練自己的感官與直覺。你的反射豁免獲得+1背景加值。					
CATEGORY=Special Ability|Trait ~ Dirty Fighter.MOD	OUTPUTNAME:好搭檔（Dirty Fighter）	DESC:.CLEAR	DESC:若是沒有那個可靠的兄弟、朋友或是夥伴幫你牽制敵人、讓你將對方揍得更痛，你根本不可能長大成人活到今天。這名夥伴可以是另一位玩家或一個NPC。當你們夾擊時，你對攻擊命中的敵人造成1點額外傷害（該傷害計入你的基礎傷害並可以在重擊時加倍）。該額外傷害是一項背景加值。					
CATEGORY=Special Ability|Trait ~ Fencer.MOD	OUTPUTNAME:擊劍士（Fencer）	DESC:.CLEAR	DESC:也許是父母出錢讓你修習擊劍禮儀的入門課程，亦或是師從一位因犯罪而隱姓埋名的老劍士，你從兒時起便長期接受劍術訓練。你在通過匕首、刀劍或類似武器進行藉機攻擊時，攻擊檢定獲得+1背景加值。					
CATEGORY=Special Ability|Trait ~ Killer.MOD	OUTPUTNAME:殺人鬼（Killer）	DESC:.CLEAR	DESC:無論是戰場職責還是蓄意謀殺，你早在非常幼小時便初次體驗了殺人的感覺。你傲於用準備周全的一擊結果對手，或慣於從扭轉刀刃造成更大痛苦之類的行為中獲取下流的快感。當你用武器成功造成重擊時，可以造成等同於該武器重擊倍率數值的額外傷害；該額外傷害計入最終總傷害值，因此不會再因重擊本身而翻倍。該額外傷害是一項背景加值。					
CATEGORY=Special Ability|Trait ~ Reactionary.MOD	OUTPUTNAME:反制者（Reactionary）	DESC:.CLEAR	DESC:你幼時常受人欺負，但從來都不會主動發難。取而代之的是你精於預見突然襲擊、並能夠快速應對威脅。你的先攻檢定獲得+2背景加值。					
CATEGORY=Special Ability|Trait ~ Resilient.MOD	OUTPUTNAME:鐵胃人（Resilient）	DESC:.CLEAR	DESC:在窮困環境或貧瘠荒野中長大的你，經常強迫自己攝取來源可疑的食物和水。這磨練了你的勇氣，並讓你的強韌豁免獲得+1背景加值。					
CATEGORY=Special Ability|Trait ~ Birthmark.MOD	OUTPUTNAME:刻印使（Birthmark）	DESC:.CLEAR	DESC:你出生時便攜帶著某種特殊胎記，其形狀恰似你日後所信奉神祇的聖徽。此胎記可以在你施法時作為聖法器使用，同時也是你的信仰的肉體具現、增添了你對神祇的虔敬之心——你在對抗魅惑和脅迫效果的意志豁免中獲得+2背景加值。					
CATEGORY=Special Ability|Trait ~ Caretaker.MOD	OUTPUTNAME:醫護師（Caretaker）	DESC:.CLEAR	DESC:作為藥草師家庭的孩子、或神廟治療室的助手，你經常不得不忙於照料傷病者。你的醫療檢定獲得+1背景加值，並且總能將醫療視為你的本職技能。					
CATEGORY=Special Ability|Trait ~ Child of the Temple.MOD	OUTPUTNAME:廟之子（Child of the Temple）	DESC:.CLEAR	DESC:你長期侍奉於城市的神廟，除了學習到不少貴族禮儀，你用更多時間在神廟的藏書中追尋自己的信仰。你的知識（貴族）和知識（宗教）檢定獲得+1背景加值，並且總能將二者之一（自行選擇）視為你的本職技能。					
CATEGORY=Special Ability|Trait ~ Devotee of the Green.MOD	OUTPUTNAME:綠信眾（Devotee of the Green）	DESC:.CLEAR	DESC:你對自然世界或一位掌管自然的神祇的信仰，使你易於接受相關的知識與理解。你的知識（地理）和知識（自然）檢定獲得+1背景加值，並且總能將二者之一（自行選擇）視為你的本職技能。					
CATEGORY=Special Ability|Trait ~ Ease of Faith.MOD	OUTPUTNAME:變通者（Ease of Faith）	DESC:.CLEAR	DESC:在你兒時便指引你信仰之途的那位導師，循循善誘地致力於讓你理解一個信條：你的信仰之力，與魔法之力和其他宗教力量相較並無二致。這種哲學使你和持有異見者交流時更為從善如流。你的交涉檢定獲得+1背景加值，並且總能將交涉視為你的本職技能。					
CATEGORY=Special Ability|Trait ~ History of Heresy.MOD	OUTPUTNAME:異端客（History of Heresy）	DESC:.CLEAR	DESC:你在抱有異端思想的環境中長大，這使你難以接受大多宗教理念，並時常致使你或你所愛之人淪為被流放者。作為結果，你背棄一切宗教的宣教，只要你沒有獲得神術施法職業的等級，你就能在抵抗神術的全豁免中獲得+1背景加值。					
CATEGORY=Special Ability|Trait ~ Indomitable Faith.MOD	OUTPUTNAME:堅信徒（Indomitable Faith）	DESC:.CLEAR	DESC:你出生在自己的信仰並不受歡迎的地區，但你決不背棄信仰。為保持信仰所付出的持之以恆的努力，鞭策著你一路前行。你的意志豁免獲得+1背景加值。					
CATEGORY=Special Ability|Trait ~ Sacred Conduit.MOD	OUTPUTNAME:聖能渠（Sacred Conduit）	DESC:.CLEAR	DESC:你的降生對母親而言痛苦而又艱辛，以致需要借助聖能來確保你順利存活（你的母親則不一定有如此幸運）。那種魔法能量從兒時便縈繞在你身畔，如今你可以輕鬆自如地引導神聖能量。當你引導能量時，其豁免DC獲得+1背景加值。					
CATEGORY=Special Ability|Trait ~ Sacred Touch.MOD	OUTPUTNAME:救死師（Sacred Touch）	DESC:.CLEAR	DESC:也許是你的出生受到群星呵護、也許由於你的雙親之一是為天賦異稟的治療師，你在孩提時便常置身於正能量富集之所。以一個標準動作，你能夠僅通過觸碰便使一個瀕死生物的傷勢自動穩定。					
CATEGORY=Special Ability|Trait ~ Scholar of the Great Beyond.MOD	OUTPUTNAME:靜思者（Scholar of the Great Beyond）	DESC:.CLEAR	DESC:從幼時起，你的興趣便不在身邊凡俗之事——你時常感到不自在，彷彿自己生錯了時空。你的哲學理念使你更易於理解遙遠星界的彼端、或是歷史長河的波濤。你的知識（歷史）和知識（位面）檢定獲得+1背景加值，並且總能將二者之一（自行選擇）視為你的本職技能。					
CATEGORY=Special Ability|Trait ~ Classically Schooled.MOD	OUTPUTNAME:學院派（Classically Schooled）	DESC:.CLEAR	DESC:你的學徒生活或是早年教育特別專注於魔法的直接運用。你的法術辨識檢定獲得+1背景加值，並且總能將法術辨識視為你的本職技能。					
CATEGORY=Special Ability|Trait ~ Dangerously Curious.MOD	OUTPUTNAME:好奇貓（Dangerously Curious）	DESC:.CLEAR	DESC:你總是被魔法所吸引，這也許由於你是魔導士或神術師家庭的孩子。你經常偷偷摸進父母的實驗室或神廟去搗蛋，把玩法術材料或是魔法裝置，並且頻繁地造成小破壞、令你爹娘頭痛不已。你的使用魔法裝置檢定獲得+1背景加值，並且總能將使用魔法裝置視為你的本職技能。					
CATEGORY=Special Ability|Trait ~ Focused Mind.MOD	OUTPUTNAME:心無塵（Focused Mind）	DESC:.CLEAR	DESC:你的童年可能被某種科班課程（音樂、學術等等）所佔據；又或是糟糕的家庭氛圍迫使你專注於手頭的工作、鍛煉了你不被干擾的本領。你的專注檢定獲得+2背景加值。					
CATEGORY=Special Ability|Trait ~ Gifted Adept.MOD	OUTPUTNAME:天生咒（Gifted Adept）	DESC:.CLEAR	DESC:你對魔法的興趣，可能是在目擊了某次以特別拉風的手段施法後被激發的，這種偏好也許在肉體和精神上都影響著你。這種早期對魔法的接觸，使得你在自己施展類似法術時也更易上手。在你選擇此背景特性時，指定一個法術。從此刻起，你施展該法術的施法者等級+1。					
CATEGORY=Special Ability|Trait ~ Hedge Magician.MOD	OUTPUTNAME:隱修匠（Hedge Magician）	DESC:.CLEAR	DESC:你在一段時期內做過某位魔法物品工匠的學徒，他教會了你許多節約工序和成本的竅門。當你製造魔法物品時，降低5%%的GP成本消耗。					
CATEGORY=Special Ability|Trait ~ Magical Knack.MOD	OUTPUTNAME:法理通（Magical Knack）	DESC:.CLEAR	DESC:你的全部或部分童年，是由某位魔法生物陪伴度過的——也許是它發現了被遺棄在林中的你，又或許是父母常把你丟給魔寵照顧。這種成長環境使你更易於理解魔法的神秘所在，哪怕你早已投身其他行業。在你選擇此背景特性時，指定一個職業。你在該職業的施法者等級獲得+2背景加值，最高不超過你當前的生命骰數。					
CATEGORY=Special Ability|Trait ~ Magical Lineage.MOD	OUTPUTNAME:魔法裔（Magical Lineage）	DESC:.CLEAR	DESC:你的雙親之一是為極具天賦的施法者，他/她不但擅長超魔強化，更能夠自行創造若干新法術或奇物——而你恰好通過遺傳從中獲得了一些恩惠。在你選擇此背景特性時，指定一個法術。當你超魔施展該法術時，其最終佔用的法術環位視為比正常狀況降低1級。					
CATEGORY=Special Ability|Trait ~ Magical Talent.MOD	OUTPUTNAME:鬼把戲（Magical Talent）	DESC:.CLEAR	DESC:也許是諸神一時興起的贈禮、也許是出於研究詭異卷軸的癡迷，你掌握了一種戲法的竅門。選擇一個0環法術。你能夠每日以類法術能力的形式施展該法術1次。該類法術能力採用你所擁有的最高施法者等級；如果你並無施法者等級，則視為1級。該類法術能力的豁免DC基於魅力。					
CATEGORY=Special Ability|Trait ~ Mathematical Prodigy.MOD	OUTPUTNAME:數理通（Mathematical Prodigy）	DESC:.CLEAR	DESC:數學這門學科對你而言很輕鬆，而你也常常能「看見」物質和魔法世界中的數學本質。你的知識（神秘）和知識（工程）檢定獲得+1背景加值，並且總能將二者之一（自行選擇）視為你的本職技能。					
CATEGORY=Special Ability|Trait ~ Skeptic.MOD	OUTPUTNAME:無信者（Skeptic）	DESC:.CLEAR	DESC:你的成長歷程被魔法效果所圍繞，而你逐漸認識到其中大部分僅僅是煙塵和鏡像罷了。你在對抗幻術效果的全豁免中獲得+2背景加值。					
CATEGORY=Special Ability|Trait ~ Adopted.MOD	OUTPUTNAME:異族兒（Adopted）	DESC:.CLEAR	DESC:你是一名養子，並且在與你自身種族和社群不同的環境下長大。你可以從養父母所屬的種族和社群中選擇一項種族背景。					
CATEGORY=Special Ability|Trait ~ Bully.MOD	OUTPUTNAME:小霸王（Bully）	DESC:.CLEAR	DESC:在你所成長的環境中，謙恭只會招致輕視，而你不得不用拳頭來面對和解決問題。你的威嚇檢定獲得+1背景加值，並且總能將威嚇視為你的本職技能。					
CATEGORY=Special Ability|Trait ~ Canter.MOD	OUTPUTNAME:暗語通（Canter）	DESC:.CLEAR	DESC:你混跡在竊賊和歹徒之中長大，如今他們之間的暗號和黑話已難以讓你不知所措。任何人想通過唬騙技能向你秘密傳達信息時，其唬騙檢定+5。而當你試圖通過察言觀色技能識破秘密情報時，你的檢定獲得+5背景加值。					
CATEGORY=Special Ability|Trait ~ Charming.MOD	OUTPUTNAME:顏如玉（Charming）	DESC:.CLEAR	DESC:拜天生美貌所賜，你意識到自己對他人具有非凡的吸引力。當你對某個可能對你產生性趣的角色使用唬騙或交涉技能時，檢定可獲+1背景加值，同時，你對上述角色或生物施展的基於語言的法術DC也獲得+1背景加值。					
CATEGORY=Special Ability|Trait ~ Child of the Streets.MOD	OUTPUTNAME:小扒手（Child of the Streets）	DESC:.CLEAR	DESC:你在大城市的街頭長大，逐漸地精於順手牽羊和藏匿小物件。你的巧手檢定獲得+1背景加值，並且總能將巧手視為你的本職技能。					
CATEGORY=Special Ability|Trait ~ Fast-Talker.MOD	OUTPUTNAME:大話王（Fast-Talker）	DESC:.CLEAR	DESC:你還是個熊孩子時超會惹麻煩，但為了讓屁股不挨板子，你早早地練就了三寸不爛之舌。你的唬騙檢定獲得+1背景加值，並且總能將唬騙視為你的本職技能。					
CATEGORY=Special Ability|Trait ~ Natural-Born Leader.MOD	OUTPUTNAME:領袖派（Natural-Born Leader）	DESC:.CLEAR	DESC:你發覺自己總是被周圍的人視為領導者；而你也記得還在穿開襠褲時，就帶領著其他頑童們共同完成過獨力絕不可及的偉業。你領導下的所有部屬、隨從和召喚生物在對抗心智影響效果的豁免中獲得+1士氣加值。如果你有「領導力」專長，你的領導力點數獲得+1背景加值。					
CATEGORY=Special Ability|Trait ~ Poverty-Stricken.MOD	OUTPUTNAME:寒門子（Poverty-Stricken）	DESC:.CLEAR	DESC:你的童年相當艱苦，雙親必須為每一個銅板精打細算。飢餓常與你做伴，背井離鄉、風餐露宿如同家常便飯。你的生存檢定獲得+1背景加值，並且總能將生存視為你的本職技能。					
CATEGORY=Special Ability|Trait ~ Rich Parents.MOD	OUTPUTNAME:富二代（Rich Parents）	DESC:.CLEAR	DESC:你出生在富貴之家，即便決定踏上冒險旅途，也能獲得不俗的初始資金支援——你的起始資金增加至900gp。					
CATEGORY=Special Ability|Trait ~ Suspicious.MOD	OUTPUTNAME:多疑者（Suspicious）	DESC:.CLEAR	DESC:你在幼時便發現某位你信任的兄長或親屬常常信口開河、令你困惑不已；很快你就開始質疑他人的任何話語。你的察言觀色檢定獲得+1背景加值，並且總能將察言觀色視為你的本職技能。					
CATEGORY=Special Ability|Trait ~ Goldsniffer.MOD	OUTPUTNAME:淘金者（Goldsniffer）	DESC:.CLEAR	DESC:你的敏銳感官將你引向隱藏的財寶。你在與金屬、首飾和寶石相關的察覺檢定上獲得+2背景加值。					
CATEGORY=Special Ability|Trait ~ Tunnel-Fighter.MOD	OUTPUTNAME:坑鬥士（Tunnel-Fighter）	DESC:.CLEAR	DESC:洞窟和坑道是你的第二家園。在地下環境中，你的先攻檢定獲得+2背景加值，武器造成重擊時傷害獲得+1背景加值（該傷害能夠因重擊加倍）。					
CATEGORY=Special Ability|Trait ~ Forlorn.MOD	OUTPUTNAME:絕世者（Forlorn）	DESC:.CLEAR	DESC:你的大半生都生活在遠離精靈傳統社會的荒野。你瞭解世界的殘酷與危險，身為弱者則不可原諒。你的強韌豁免獲得+1背景加值。					
CATEGORY=Special Ability|Trait ~ Warrior of Old.MOD	OUTPUTNAME:百戰兵（Warrior of Old）	DESC:.CLEAR	DESC:你從小就花費大量時間進行格鬥訓練。儘管歲月讓那些訓練成為了模糊的記憶，你依然從中學會如何快速應對麻煩。你的先攻檢定獲得+2背景加值。					
CATEGORY=Special Ability|Trait ~ Animal Friend.MOD	OUTPUTNAME:動物使（Animal Friend）	DESC:.CLEAR	DESC:長期以來你都是動物之友，並在動物身邊才感到安心。當30尺內有動物（體型為超小型以上，對你的態度至少為冷漠）存在時，你的意志豁免獲得+1背景加值。同時馴養動物總是你的本職技能。					
CATEGORY=Special Ability|Trait ~ Rapscallion.MOD	OUTPUTNAME:通緝犯（Rapscallion）	DESC:.CLEAR	DESC:你一輩子都在挑戰法律權威，並以此為傲。然而儘管作惡多端，你卻從未落網。你的脫逃和威嚇檢定獲得+1背景加值。					
CATEGORY=Special Ability|Trait ~ Elven Reflexes.MOD	OUTPUTNAME:機敏客（Elven Reflexes）	DESC:.CLEAR	DESC:你的雙親之一來自野精靈部落，你也從精靈親族中遺傳到了快速的反應力。你的先攻檢定獲得+2背景加值。					
CATEGORY=Special Ability|Trait ~ Failed Apprentice.MOD	OUTPUTNAME:半瓶醋（Failed Apprentice）	DESC:.CLEAR	DESC:小時候父母就送你到遠方的法師塔去做學徒，以便學習奧術技巧。不幸的是你的奧術天賦略尷尬，儘管你還是從中學到了很多法術原理、以及如何加以抵抗。你對抗奧術的豁免獲得+1背景加值。					
CATEGORY=Special Ability|Trait ~ Brute.MOD	OUTPUTNAME:看家狗（Brute）	DESC:.CLEAR	DESC:你作為打手或者門衛為一位罪惡領主賣命，並精於嚇跑人群。你的威嚇檢定獲得+1背景加值，並且總能將威嚇視為你的本職技能。					
CATEGORY=Special Ability|Trait ~ Outcast.MOD	OUTPUTNAME:邊緣人（Outcast）	DESC:.CLEAR	DESC:血統迫使你顛沛流離，而你也習慣了離群索居。你的生存檢定獲得+1背景加值，並且總能將生存視為你的本職技能。					
CATEGORY=Special Ability|Trait ~ Freedom Fighter.MOD	OUTPUTNAME:解放軍（Freedom Fighter）	DESC:.CLEAR	DESC:你的父母將逃脫的奴隸藏匿在家中，而他們所講述的故事讓你對蓄奴制度恨之入骨。在解放奴隸、或是協助奴隸逃跑的行動中，你的任何技能和攻擊檢定獲得+1背景加值，同時脫逃總是你的本職技能。					
CATEGORY=Special Ability|Trait ~ Well Informed.MOD	OUTPUTNAME:消息通（Well Informed）	DESC:.CLEAR	DESC:你致力於結交眾人，並將周圍的人脈從點連為線。你常造訪酒館獲悉時事，並慷慨地向他人伸出援手。正因如此，你在收集信息時的交涉檢定、以及知識（地方）檢定獲得+1背景加值，並且總能將二者之一（自行選擇）視為你的本職技能。					
CATEGORY=Special Ability|Trait ~ Scholar of Ruins.MOD	OUTPUTNAME:考古師（Scholar of Ruins）	DESC:.CLEAR	DESC:從學會走路說話起，遠古文明的遺跡就迷倒了你。正因如此，你在地理學和探索古跡方面有著獨到的洞察力。你的知識（地理）和知識（地城）檢定獲得+1背景加值，並且總能將二者之一（自行選擇）視為你的本職技能。					
CATEGORY=Special Ability|Trait ~ World Traveler.MOD	OUTPUTNAME:旅行家（World Traveler）	DESC:.CLEAR	DESC:你的家庭以漫遊世界為樂。你目睹了種類難以計數的社群和文化，並學會對世界的萬般多樣性表示敬意。選擇以下一項技能：交涉、知識（地方）或察言觀色。你在該技能上獲得+1背景加值，並且總能將其視為你的本職技能。					
CATEGORY=Special Ability|Trait ~ Desert Child.MOD	OUTPUTNAME:沙之子（Desert Child）	DESC:.CLEAR	DESC:你在荒漠中出生長大。你習慣了沙漠的酷熱，並在抵抗因環境高溫造成的狀態時全豁免獲得+4背景加值，同時對抗火焰效果的全豁免獲得+1背景加值。					
CATEGORY=Special Ability|Trait ~ Highlander.MOD	OUTPUTNAME:山脈民（Highlander）	DESC:.CLEAR	DESC:你在荒地或山丘地帶出生長大，並成為了躲避猛獸和怪物的專家。你的隱匿檢定獲得+1背景加值，並且總能將隱匿視為你的本職技能。該背景加值在山區增至+2。					
CATEGORY=Special Ability|Trait ~ Log Roller.MOD	OUTPUTNAME:滾木人（Log Roller）	DESC:.CLEAR	DESC:人們砍伐樹木後讓其滾至河中以便運往市場，而在圓木上蹦蹦跳跳的經歷磨練了你的步法。你的特技檢定獲得+1背景加值，此外你在對抗絆摔攻擊的CMD亦獲得+1背景加值。					
CATEGORY=Special Ability|Trait ~ Militia Veteran.MOD	OUTPUTNAME:護衛兵（Militia Veteran）	DESC:.CLEAR	DESC:你初出茅廬的第一份差事就是作為守護家園的民兵。從日常訓練和護衛任務中學到的技巧使你對軍旅生涯有了更深刻的洞悉。選擇以下一項技能：專業（士兵）、騎術或生存。你在該技能上獲得+1背景加值，並且總能將其視為你的本職技能。					
CATEGORY=Special Ability|Trait ~ River Rat.MOD	OUTPUTNAME:夜泳者（River Rat）	DESC:.CLEAR	DESC:你學會走路沒多久就開始下水了。早在幼時江賊就命令你做些口銜匕首夜渡河川、切斷商船錨繩之類勾當。你持用匕首造成的傷害獲得+1背景加值；此外你的游泳檢定獲得+1背景加值，並且總能將游泳視為你的本職技能。					
CATEGORY=Special Ability|Trait ~ Savanna Child.MOD	OUTPUTNAME:遊牧民（Savanna Child）	DESC:.CLEAR	DESC:你在一望無際的大平原或草原上出生長大。青澀時光的大半都被你用來探索周邊，你也因此學到了不少大草原的奧秘。選擇以下一項技能：馴養動物、知識（自然）或騎術。你在該技能上獲得+1背景加值，並且總能將其視為你的本職技能。					
CATEGORY=Special Ability|Trait ~ Vagabond Child.MOD	OUTPUTNAME:流浪兒（Vagabond Child）	DESC:.CLEAR	DESC:你的童年與社群的流浪漢和不法之徒為伍，學到了在城市環境中的掠食和生存之道。選擇以下一項技能：解除裝置、脫逃或巧手。你在該技能上獲得+1背景加值，並且總能將其視為你的本職技能。					
CATEGORY=Special Ability|Trait ~ Child of Nature.MOD	OUTPUTNAME:郊野客（Child of Nature）	DESC:.CLEAR	DESC:你所受到的哥茲萊的祝福令你置身荒野時如同在家中般舒適愜意。你在尋找飲食的生存檢定中獲得+2背景加值，並在知識（自然）檢定中獲得+1背景加值。以上二者之一（自行選擇）將視為你的本職技能。					
CATEGORY=Special Ability|Trait ~ Asmodean Demon Hunter.MOD	OUTPUTNAME:獵魔師（Asmodean Demon Hunter）	DESC:.CLEAR	DESC:在阿斯摩蒂斯的教會中長大（無論你本身是否為信眾），你被灌輸的主要信條就是剪除惡魔。你對惡魔（demons）的知識（位面）檢定獲得+3背景加值，並在對抗惡魔影響心智的法術和效果的意志豁免中獲得+2背景加值。					
CATEGORY=Special Ability|Trait ~ Calistrian Prostitute.MOD	OUTPUTNAME:聖娼姬（Calistrian Prostitute）	DESC:.CLEAR	DESC:你作為聖妓在卡莉斯翠的神殿裡工作，並知曉如何取悅和聆聽他人（尤其是後者）。你的察言觀色檢定和用於收集信息的交涉檢定獲得+1背景加值，並且總能將二者之一（自行選擇）視為你的本職技能。					
CATEGORY=Special Ability|Trait ~ Divine Warrior.MOD	OUTPUTNAME:聖戰使（Divine Warrior）	DESC:.CLEAR	DESC:你早年曾受訓於一所軍事修會。你全身心地投入到艾奧梅黛的教義，以及用力量傳播教義中去。當你施放一個影響武器的神術時，你的近戰武器傷害獲得+1背景加值。					
CATEGORY=Special Ability|Trait ~ Ear for Music.MOD	OUTPUTNAME:樂理通（Ear for Music）	DESC:.CLEAR	DESC:你的童年幾乎完全在紗琳的神廟中度過，側耳傾聽樂師與歌手的精彩表演。你在一項表演檢定中獲得+1背景加值，並在與當地藝術和音樂相關的知識（地方）技能中獲得+2背景加值。					
CATEGORY=Special Ability|Trait ~ Eyes and Ears of the City.MOD	OUTPUTNAME:城壁使（Eyes and Ears of the City）	DESC:.CLEAR	DESC:你的宗教修行內容包括任職於大城市的守備隊，其首要工作正是站在城牆上擔任哨衛。你的察覺檢定獲得+1背景加值，並且總能將察覺視為你的本職技能。					
CATEGORY=Special Ability|Trait ~ Flame of the Dawnflower.MOD	OUTPUTNAME:晨花焰（Flame of the Dawnflower）	DESC:.CLEAR	DESC:你在「將自己視為侍奉莎倫萊的利刃」的教條中長大，或者你已經身為踐行女神教義的使者。當持用彎刀造成重擊時，你對目標造成2點額外火焰傷害。					
CATEGORY=Special Ability|Trait ~ Fortified Drinker.MOD	OUTPUTNAME:豪飲客（Fortified Drinker）	DESC:.CLEAR	DESC:凱登·凱連在你的心神中亦灌注了佳釀，令你不易為精神攻擊所動。在你飲酒之後的1小時內，你在對抗影響心智的效果的豁免中獲得+2背景加值。					
CATEGORY=Special Ability|Trait ~ Guardian of the Forge.MOD	OUTPUTNAME:熔爐衛（Guardian of the Forge）	DESC:.CLEAR	DESC:托拉格的神職是保護虔信者、從過往的偉大匠人和策士身上學習、以及預備黑暗時刻的到來。你的知識（工程）和知識（歷史）檢定獲得+1背景加值，並且總能將二者之一（自行選擇）視為你的本職技能。					
CATEGORY=Special Ability|Trait ~ Magic is Life.MOD	OUTPUTNAME:法化命（Magic is Life）	DESC:.CLEAR	DESC:你對魔法的信仰允許你反射性地利用任何自身魔法效果來抵禦死亡侵襲。只要處於任何法術的作用效果之下，你在對抗即死攻擊的豁免中獲得+2背景加值。如果你處於任何法術效果時生命值被降至負值，你的傷勢穩定檢定自動成功，並不再出血。					
CATEGORY=Special Ability|Trait ~ Patient Optimist.MOD	OUTPUTNAME:樂天派（Patient Optimist）	DESC:.CLEAR	DESC:你知道一切都會隨時間過去，並習慣了再三嘗試去說服那些最頑固的信徒。你在影響敵對和不友好生物的交涉檢定中獲得+2背景加值，如果該次交涉失敗還能夠重試1次。					
CATEGORY=Special Ability|Trait ~ Starchild.MOD	OUTPUTNAME:星之子（Starchild）	DESC:.CLEAR	DESC:黛絲娜感受到了你對旅行的熱愛，並允諾你將永遠能找到回家的路。你能自動確定北方的方向。你在避免迷路的生存檢定中獲得+4背景加值。					
CATEGORY=Special Ability|Trait ~ Undead Slayer.MOD	OUTPUTNAME:屠亡使（Undead Slayer）	DESC:.CLEAR	DESC:法萊斯瑪的核心教條從幼時起就在影響你，你將不死生物視為必須消滅的可憎穢物，這樣他們的靈魂才能夠前往彼方接受審判。你對抗不死生物的武器傷害獲得+1背景加值。					
CATEGORY=Special Ability|Trait ~ Veteran of Battle.MOD	OUTPUTNAME:精銳軍（Veteran of Battle）	DESC:.CLEAR	DESC:你跨越了無數戰陣，每一次都感受到古拉姆在指引著你揮劍的臂膀，使你在瞬息之間一閃逆轉。你的先攻檢定獲得+1背景加值，此外只要你能在突襲輪行動，你能在該輪以自由動作拔出一件武器（但不能是藥水或魔法物品）。					
