Headband of Alluring Charisma +2.MOD	OUTPUTNAME:+2魅力頭帶（Headband of Alluring Charisma）	
Headband of Alluring Charisma +4.MOD	OUTPUTNAME:+4魅力頭帶（Headband of Alluring Charisma）	
Headband of Alluring Charisma +6.MOD	OUTPUTNAME:+6魅力頭帶（Headband of Alluring Charisma）	
Headband of Inspired Wisdom +2.MOD	OUTPUTNAME:+2感知頭帶（Headband of Inspired Wisdom）	
Headband of Inspired Wisdom +4.MOD	OUTPUTNAME:+4感知頭帶（Headband of Inspired Wisdom）	
Headband of Inspired Wisdom +6.MOD	OUTPUTNAME:+6感知頭帶（Headband of Inspired Wisdom）	
Headband of Mental Prowess (INT/WIS) +2.MOD	OUTPUTNAME:+2心靈力量頭帶（智力/感知）（Headband of Mental Prowess (INT/WIS)）	
Headband of Mental Prowess (INT/WIS) +4.MOD	OUTPUTNAME:+4心靈力量頭帶（智力/感知）（Headband of Mental Prowess (INT/WIS)）	
Headband of Mental Prowess (INT/WIS) +6.MOD	OUTPUTNAME:+6心靈力量頭帶（智力/感知）（Headband of Mental Prowess (INT/WIS)）
Headband of Mental Prowess (INT/CHA) +2.MOD	OUTPUTNAME:+2心靈力量頭帶（智力/魅力）（Headband of Mental Prowess (INT/CHA)）	
Headband of Mental Prowess (INT/CHA) +4.MOD	OUTPUTNAME:+4心靈力量頭帶（智力/魅力）（Headband of Mental Prowess (INT/CHA)）	
Headband of Mental Prowess (INT/CHA) +6.MOD	OUTPUTNAME:+6心靈力量頭帶（智力/魅力）（Headband of Mental Prowess (INT/CHA)）
Headband of Mental Prowess (WIS/CHA) +2.MOD	OUTPUTNAME:+2心靈力量頭帶（感知/魅力）（Headband of Mental Prowess (WIS/CHA)）	
Headband of Mental Prowess (WIS/CHA) +4.MOD	OUTPUTNAME:+4心靈力量頭帶（感知/魅力）（Headband of Mental Prowess (WIS/CHA)）	
Headband of Mental Prowess (WIS/CHA) +6.MOD	OUTPUTNAME:+6心靈力量頭帶（感知/魅力）（Headband of Mental Prowess (WIS/CHA)）
Headband of Mental Superiority +2.MOD	OUTPUTNAME:+2超凡心靈頭帶（Headband of Mental Superiority）	
Headband of Mental Superiority +4.MOD	OUTPUTNAME:+4超凡心靈頭帶（Headband of Mental Superiority）	
Headband of Mental Superiority +6.MOD	OUTPUTNAME:+6超凡心靈頭帶（Headband of Mental Superiority）	
Headband of Vast Intelligence +2.MOD	OUTPUTNAME:+2智力頭帶（Headband of Vast Intelligence）	
Headband of Vast Intelligence +4.MOD	OUTPUTNAME:+4智力頭帶（Headband of Vast Intelligence）	
Headband of Vast Intelligence +6.MOD	OUTPUTNAME:+6智力頭帶（Headband of Vast Intelligence）	
Phylactery of Faithfulness.MOD	OUTPUTNAME:虔信經匣（Phylactery of Faithfulness）	
Phylactery of Negative Channeling.MOD	OUTPUTNAME:負能量引導經匣（Phylactery of Negative Channeling）	
Phylactery of Positive Channeling.MOD	OUTPUTNAME:正能量引導經匣（Phylactery of Positive Channeling）	
