# Masterwork
BROKEW.MOD	OUTPUTNAME:破損
BROKEA.MOD	OUTPUTNAME:破損
BROKES.MOD	OUTPUTNAME:破損
BROKET.MOD	OUTPUTNAME:破損
BROKEM.MOD	OUTPUTNAME:破損
MWORKW.MOD	OUTPUTNAME:精製品
MWORKM.MOD	OUTPUTNAME:精製品
MWORKA.MOD	OUTPUTNAME:精製品
MWORKT.MOD	OUTPUTNAME:精製品
MWORKB.MOD	OUTPUTNAME:精製品

# Armor Accesories
SPIKE_A.MOD	OUTPUTNAME:甲刺
SPIKE_S.MOD	OUTPUTNAME:盾刺
SPIKE_SB.MOD	OUTPUTNAME:盾刺
LOCK_G.MOD	OUTPUTNAME:帶鎖鋼手套

# Weapons
BOWSTR.MOD	OUTPUTNAME:力量加值
PLUS1W.MOD	OUTPUTNAME:+1 (武器傷害檢定加值)
PLUS2W.MOD	OUTPUTNAME:+2 (武器傷害檢定加值)
PLUS3W.MOD	OUTPUTNAME:+3 (武器傷害檢定加值)
PLUS4W.MOD	OUTPUTNAME:+4 (武器傷害檢定加值)
PLUS5W.MOD	OUTPUTNAME:+5 (武器傷害檢定加值)
PLUS1M.MOD	OUTPUTNAME:+1 (弹药傷害檢定加值)
PLUS2M.MOD	OUTPUTNAME:+2 (弹药傷害檢定加值)
PLUS3M.MOD	OUTPUTNAME:+3 (弹药傷害檢定加值)
PLUS4M.MOD	OUTPUTNAME:+4 (弹药傷害檢定加值)
PLUS5M.MOD	OUTPUTNAME:+5 (弹药傷害檢定加值)