Air.MOD	OUTPUTNAME:氣領域（Air）	
Animal.MOD	OUTPUTNAME:動物領域（Animal）	
Artifice.MOD	OUTPUTNAME:手藝領域（Artifice）	
Chaos.MOD	OUTPUTNAME:混亂領域（Chaos）	
Charm.MOD	OUTPUTNAME:魅惑領域（Charm）	
Community.MOD	OUTPUTNAME:團隊領域（Community）	
Darkness.MOD	OUTPUTNAME:黑暗領域（Darkness）	
Death.MOD	OUTPUTNAME:死亡領域（Death）	
Destruction.MOD	OUTPUTNAME:毀滅領域（Destruction）	
Earth.MOD	OUTPUTNAME:土領域（Earth）	
Evil.MOD	OUTPUTNAME:邪惡領域（Evil）	
Fire.MOD	OUTPUTNAME:火領域（Fire）	
Glory.MOD	OUTPUTNAME:榮耀領域（Glory）	
Good.MOD	OUTPUTNAME:善良領域（Good）	
Healing.MOD	OUTPUTNAME:醫療領域（Healing）	
Knowledge.MOD	OUTPUTNAME:知識領域（Knowledge）	
Law.MOD	OUTPUTNAME:秩序領域（Law）	
Liberation.MOD	OUTPUTNAME:解放領域（Liberation）	
Luck.MOD	OUTPUTNAME:機運領域（Luck）	
Madness.MOD	OUTPUTNAME:狂亂領域（Madness）	
Magic.MOD	OUTPUTNAME:魔法領域（Magic）	
Nobility.MOD	OUTPUTNAME:高貴領域（Nobility）	
Plant.MOD	OUTPUTNAME:植物領域（Plant）	
Protection.MOD	OUTPUTNAME:保護領域（Protection）	
Repose.MOD	OUTPUTNAME:安眠領域（Repose）	
Rune.MOD	OUTPUTNAME:符文領域（Rune）	
Strength.MOD	OUTPUTNAME:力量領域（Strength）	
Sun.MOD	OUTPUTNAME:太陽領域（Sun）	
Travel.MOD	OUTPUTNAME:旅行領域（Travel）	
Trickery.MOD	OUTPUTNAME:詭術領域（Trickery）	
War.MOD	OUTPUTNAME:戰爭領域（War）	
Water.MOD	OUTPUTNAME:水領域（Water）	
Weather.MOD	OUTPUTNAME:天氣領域（Weather）	
