Abyssal.MOD	OUTPUTNAME:深淵語（Abyssal）	
Aklo.MOD	OUTPUTNAME:邪靈語（Aklo）	
Aquan.MOD	OUTPUTNAME:水族語（Aquan）	
Auran.MOD	OUTPUTNAME:風族語（Auran）	
Celestial.MOD	OUTPUTNAME:天界語（Celestial）	
Common.MOD	OUTPUTNAME:通用語（Common）	
Draconic.MOD	OUTPUTNAME:龍語（Draconic）	
Druidic.MOD	OUTPUTNAME:德魯伊語（Druidic）	
Dwarven.MOD	OUTPUTNAME:矮人語（Dwarven）	
Elven.MOD	OUTPUTNAME:精靈語（Elven）	
Giant.MOD	OUTPUTNAME:巨人語（Giant）	
Gnome.MOD	OUTPUTNAME:侏儒語（Gnome）	
Goblin.MOD	OUTPUTNAME:地精語（Goblin）	
Gnoll.MOD	OUTPUTNAME:豺狼人語（Gnoll）	
Halfling.MOD	OUTPUTNAME:半身人語（Halfling）	
Ignan.MOD	OUTPUTNAME:火族語（Ignan）	
Infernal.MOD	OUTPUTNAME:煉獄語（Infernal）	
Orc.MOD	OUTPUTNAME:獸人語（Orc）	
Sylvan.MOD	OUTPUTNAME:木族語（Sylvan）	
Terran.MOD	OUTPUTNAME:土族語（Terran）	
Undercommon.MOD	OUTPUTNAME:地底通用語（Undercommon）	
